INFO: [HLS 200-10] Running 'Z:/Vivado/2018.3/bin/unwrapped/win64.o/vivado_hls.exe'
INFO: [HLS 200-10] For user 'UUUU2' on host 'laptop-ud1uj2kv' (Windows NT_amd64 version 6.2) on Tue Jun 09 11:46:07 +0700 2026
INFO: [HLS 200-10] In directory 'Z:/thietkephancunglab/finalprojop'
INFO: [HLS 200-10] Opening project 'Z:/thietkephancunglab/finalprojop/topp'.
INFO: [HLS 200-10] Adding design file '../finalproj/topp.h' to the project
INFO: [HLS 200-10] Adding design file 'topp.c' to the project
INFO: [HLS 200-10] Adding test bench file '../finalproj/tb_topp.c' to the project
INFO: [HLS 200-10] Opening solution 'Z:/thietkephancunglab/finalprojop/topp/solution6'.
INFO: [SYN 201-201] Setting up clock 'default' with a period of 10ns.
INFO: [HLS 200-10] Setting target device to 'xc7z020clg484-1'
INFO: [XFORM 203-1172] Optimizing floating point zeros and discarding its signedness.
INFO: [XFORM 203-1172] Optimizing floating point zeros and discarding its signedness.
INFO: [XFORM 203-1173] Reordering floating point operations aggressively.
INFO: [XFORM 203-1176] Optimizing floating point comparison without checking NaN.
INFO: [XFORM 203-701] Set the default channel type in dataflow to FIFO.
INFO: [XFORM 203-701] Set default FIFO size in dataflow to 16.
INFO: [XFORM 203-701] Set default FIFO size in dataflow to 2 (for scalar propagation only).
INFO: [XFORM 203-701] Set default FIFO size in dataflow to 16 (for start propagation only).
INFO: [XFORM 203-1172] Optimizing floating point zeros and discarding its signedness.
INFO: [XFORM 203-1172] Optimizing floating point zeros and discarding its signedness.
INFO: [XFORM 203-1173] Reordering floating point operations aggressively.
INFO: [XFORM 203-1176] Optimizing floating point comparison without checking NaN.
INFO: [XFORM 203-701] Set default FIFO size in dataflow to 16.
INFO: [XFORM 203-701] Set default FIFO size in dataflow to 2 (for scalar propagation only).
INFO: [XFORM 203-701] Set default FIFO size in dataflow to 16 (for start propagation only).
INFO: [XFORM 203-701] Set the default channel type in dataflow to FIFO.
INFO: [SCHED 204-61] Option 'relax_ii_for_timing' is enabled, will increase II to preserve clock frequency constraints.
INFO: [HLS 200-10] Analyzing design file 'topp.c' ... 
WARNING: [HLS 214-111] Static variables and non-static stream cannot be used inside a dataflow region: topp.c:474:15
WARNING: [HLS 200-471] Dataflow form checks found 1 issue(s) in file topp.c
INFO: [HLS 200-111] Finished Linking Time (s): cpu = 00:00:01 ; elapsed = 00:00:03 . Memory (MB): peak = 104.070 ; gain = 19.176
INFO: [HLS 200-111] Finished Checking Pragmas Time (s): cpu = 00:00:01 ; elapsed = 00:00:03 . Memory (MB): peak = 104.070 ; gain = 19.176
INFO: [HLS 200-10] Starting code transformations ...
INFO: [XFORM 203-603] Inlining function 'sigmoid' into 'detection_head' (topp.c:459).
INFO: [HLS 200-111] Finished Standard Transforms Time (s): cpu = 00:00:01 ; elapsed = 00:00:04 . Memory (MB): peak = 106.855 ; gain = 21.961
INFO: [HLS 200-10] Checking synthesizability ...
INFO: [HLS 200-111] Finished Checking Synthesizability Time (s): cpu = 00:00:01 ; elapsed = 00:00:04 . Memory (MB): peak = 107.527 ; gain = 22.633
INFO: [XFORM 203-502] Unrolling all sub-loops inside loop 'Loop-1.1.2' (topp.c:448) in function 'detection_head' for pipelining.
INFO: [XFORM 203-502] Unrolling all sub-loops inside loop 'Loop-1.1.2' (topp.c:395) in function 'conv5' for pipelining.
INFO: [XFORM 203-502] Unrolling all sub-loops inside loop 'Loop-1.1.2' (topp.c:330) in function 'conv4' for pipelining.
INFO: [XFORM 203-502] Unrolling all sub-loops inside loop 'Loop-1.1.2' (topp.c:265) in function 'conv3' for pipelining.
INFO: [XFORM 203-502] Unrolling all sub-loops inside loop 'Loop-1.1.2' (topp.c:169) in function 'conv2' for pipelining.
INFO: [XFORM 203-502] Unrolling all sub-loops inside loop 'Loop-1.1.2' (topp.c:71) in function 'conv1' for pipelining.
INFO: [HLS 200-489] Unrolling loop 'Loop-1.1.2.1' (topp.c:452) in function 'detection_head' completely with a factor of 16.
INFO: [HLS 200-489] Unrolling loop 'Loop-1.1.1' (topp.c:373) in function 'conv5' completely with a factor of 32.
INFO: [HLS 200-489] Unrolling loop 'Loop-1.1.2.1' (topp.c:398) in function 'conv5' completely with a factor of 3.
INFO: [HLS 200-489] Unrolling loop 'Loop-1.1.2.1.1' (topp.c:400) in function 'conv5' completely with a factor of 3.
INFO: [HLS 200-489] Unrolling loop 'Loop-1.1.2.1.1.1' (topp.c:402) in function 'conv5' completely with a factor of 32.
INFO: [HLS 200-489] Unrolling loop 'Loop-1.1.1' (topp.c:308) in function 'conv4' completely with a factor of 32.
INFO: [HLS 200-489] Unrolling loop 'Loop-1.1.2.1' (topp.c:333) in function 'conv4' completely with a factor of 3.
INFO: [HLS 200-489] Unrolling loop 'Loop-1.1.2.1.1' (topp.c:335) in function 'conv4' completely with a factor of 3.
INFO: [HLS 200-489] Unrolling loop 'Loop-1.1.2.1.1.1' (topp.c:337) in function 'conv4' completely with a factor of 32.
INFO: [HLS 200-489] Unrolling loop 'Loop-1.1.1' (topp.c:243) in function 'conv3' completely with a factor of 16.
INFO: [HLS 200-489] Unrolling loop 'Loop-1.1.2.1' (topp.c:268) in function 'conv3' completely with a factor of 3.
INFO: [HLS 200-489] Unrolling loop 'Loop-1.1.2.1.1' (topp.c:270) in function 'conv3' completely with a factor of 3.
INFO: [HLS 200-489] Unrolling loop 'Loop-1.1.2.1.1.1' (topp.c:272) in function 'conv3' completely with a factor of 16.
INFO: [HLS 200-489] Unrolling loop 'Loop-1.1' (topp.c:200) in function 'maxpool2' completely with a factor of 14.
INFO: [HLS 200-489] Unrolling loop 'Loop-1.1.1' (topp.c:146) in function 'conv2' completely with a factor of 8.
INFO: [HLS 200-489] Unrolling loop 'Loop-1.1.2.1' (topp.c:172) in function 'conv2' completely with a factor of 3.
INFO: [HLS 200-489] Unrolling loop 'Loop-1.1.2.1.1' (topp.c:174) in function 'conv2' completely with a factor of 3.
INFO: [HLS 200-489] Unrolling loop 'Loop-1.1.2.1.1.1' (topp.c:176) in function 'conv2' completely with a factor of 8.
INFO: [HLS 200-489] Unrolling loop 'Loop-1.1' (topp.c:103) in function 'maxpool1' completely with a factor of 31.
INFO: [HLS 200-489] Unrolling loop 'Loop-1.1.1' (topp.c:45) in function 'conv1' completely with a factor of 3.
INFO: [HLS 200-489] Unrolling loop 'Loop-1.1.2.1' (topp.c:75) in function 'conv1' completely with a factor of 3.
INFO: [HLS 200-489] Unrolling loop 'Loop-1.1.2.1.1' (topp.c:77) in function 'conv1' completely with a factor of 3.
INFO: [HLS 200-489] Unrolling loop 'Loop-1.1.2.1.1.1' (topp.c:79) in function 'conv1' completely with a factor of 3.
INFO: [XFORM 203-101] Partitioning array 'f1'  in dimension 3 completely.
INFO: [XFORM 203-101] Partitioning array 'p1'  in dimension 3 completely.
INFO: [XFORM 203-101] Partitioning array 'f2'  in dimension 3 with a cyclic factor 8.
INFO: [XFORM 203-101] Partitioning array 'p2'  in dimension 3 with a cyclic factor 8.
INFO: [XFORM 203-101] Partitioning array 'f3'  in dimension 3 with a cyclic factor 8.
INFO: [XFORM 203-101] Partitioning array 'f4'  in dimension 3 with a cyclic factor 8.
INFO: [XFORM 203-101] Partitioning array 'f5'  in dimension 3 with a cyclic factor 8.
INFO: [XFORM 203-101] Partitioning array 'sum' (topp.c:435) in dimension 1 completely.
INFO: [XFORM 203-101] Partitioning array 'linbu'  in dimension 1 completely.
INFO: [XFORM 203-101] Partitioning array 'win_buf' (topp.c:360) in dimension 1 completely.
INFO: [XFORM 203-101] Partitioning array 'linbu.7'  in dimension 1 completely.
INFO: [XFORM 203-101] Partitioning array 'win_buf' (topp.c:295) in dimension 1 completely.
INFO: [XFORM 203-101] Partitioning array 'linbu.6'  in dimension 1 completely.
INFO: [XFORM 203-101] Partitioning array 'win_buf' (topp.c:230) in dimension 1 completely.
INFO: [XFORM 203-101] Partitioning array 'linbu.5'  in dimension 1 completely.
INFO: [XFORM 203-101] Partitioning array 'win_buf' (topp.c:133) in dimension 1 completely.
INFO: [XFORM 203-101] Partitioning array 'linbu.4'  in dimension 1 completely.
INFO: [XFORM 203-101] Partitioning array 'win_buf' (topp.c:33) in dimension 1 completely.
INFO: [XFORM 203-101] Partitioning array 'linbu'  in dimension 3 with a cyclic factor 8.
INFO: [XFORM 203-101] Partitioning array 'win_buf' (topp.c:360) in dimension 2 completely.
INFO: [XFORM 203-101] Partitioning array 'linbu.7'  in dimension 3 with a cyclic factor 8.
INFO: [XFORM 203-101] Partitioning array 'win_buf' (topp.c:295) in dimension 2 completely.
INFO: [XFORM 203-101] Partitioning array 'linbu.6'  in dimension 3 with a cyclic factor 8.
INFO: [XFORM 203-101] Partitioning array 'win_buf' (topp.c:230) in dimension 2 completely.
INFO: [XFORM 203-101] Partitioning array 'linbu.5'  in dimension 3 completely.
INFO: [XFORM 203-101] Partitioning array 'win_buf' (topp.c:133) in dimension 2 completely.
INFO: [XFORM 203-101] Partitioning array 'linbu.4'  in dimension 3 completely.
INFO: [XFORM 203-101] Partitioning array 'win_buf' (topp.c:33) in dimension 2 completely.
INFO: [XFORM 203-101] Partitioning array 'win_buf' (topp.c:360) in dimension 3 with a cyclic factor 8.
INFO: [XFORM 203-101] Partitioning array 'win_buf' (topp.c:295) in dimension 3 with a cyclic factor 8.
INFO: [XFORM 203-101] Partitioning array 'win_buf' (topp.c:230) in dimension 3 with a cyclic factor 8.
INFO: [XFORM 203-101] Partitioning array 'win_buf' (topp.c:133) in dimension 3 completely.
INFO: [XFORM 203-101] Partitioning array 'win_buf' (topp.c:33) in dimension 3 completely.
INFO: [XFORM 203-102] Partitioning array 'win_buf.0.0.0' (topp.c:295) automatically.
INFO: [XFORM 203-102] Partitioning array 'win_buf.0.0.1' (topp.c:295) automatically.
INFO: [XFORM 203-102] Partitioning array 'win_buf.0.0.2' (topp.c:295) automatically.
INFO: [XFORM 203-102] Partitioning array 'win_buf.0.0.3' (topp.c:295) automatically.
INFO: [XFORM 203-102] Partitioning array 'win_buf.0.0.4' (topp.c:295) automatically.
INFO: [XFORM 203-102] Partitioning array 'win_buf.0.0.5' (topp.c:295) automatically.
INFO: [XFORM 203-102] Partitioning array 'win_buf.0.0.6' (topp.c:295) automatically.
INFO: [XFORM 203-102] Partitioning array 'win_buf.0.0.7' (topp.c:295) automatically.
INFO: [XFORM 203-102] Partitioning array 'win_buf.0.1.0' (topp.c:295) automatically.
INFO: [XFORM 203-102] Partitioning array 'win_buf.0.1.1' (topp.c:295) automatically.
INFO: [XFORM 203-102] Partitioning array 'win_buf.0.1.2' (topp.c:295) automatically.
INFO: [XFORM 203-102] Partitioning array 'win_buf.0.1.3' (topp.c:295) automatically.
INFO: [XFORM 203-102] Partitioning array 'win_buf.0.1.4' (topp.c:295) automatically.
INFO: [XFORM 203-102] Partitioning array 'win_buf.0.1.5' (topp.c:295) automatically.
INFO: [XFORM 203-102] Partitioning array 'win_buf.0.1.6' (topp.c:295) automatically.
INFO: [XFORM 203-102] Partitioning array 'win_buf.0.1.7' (topp.c:295) automatically.
INFO: [XFORM 203-102] Partitioning array 'win_buf.0.2.0' (topp.c:295) automatically.
INFO: [XFORM 203-102] Partitioning array 'win_buf.0.2.1' (topp.c:295) automatically.
INFO: [XFORM 203-102] Partitioning array 'win_buf.0.2.2' (topp.c:295) automatically.
INFO: [XFORM 203-102] Partitioning array 'win_buf.0.2.3' (topp.c:295) automatically.
INFO: [XFORM 203-102] Partitioning array 'win_buf.0.2.4' (topp.c:295) automatically.
INFO: [XFORM 203-102] Partitioning array 'win_buf.0.2.5' (topp.c:295) automatically.
INFO: [XFORM 203-102] Partitioning array 'win_buf.0.2.6' (topp.c:295) automatically.
INFO: [XFORM 203-102] Partitioning array 'win_buf.0.2.7' (topp.c:295) automatically.
INFO: [XFORM 203-102] Partitioning array 'win_buf.1.0.0' (topp.c:295) automatically.
INFO: [XFORM 203-102] Partitioning array 'win_buf.1.0.1' (topp.c:295) automatically.
INFO: [XFORM 203-102] Partitioning array 'win_buf.1.0.2' (topp.c:295) automatically.
INFO: [XFORM 203-102] Partitioning array 'win_buf.1.0.3' (topp.c:295) automatically.
INFO: [XFORM 203-102] Partitioning array 'win_buf.1.0.4' (topp.c:295) automatically.
INFO: [XFORM 203-102] Partitioning array 'win_buf.1.0.5' (topp.c:295) automatically.
INFO: [XFORM 203-102] Partitioning array 'win_buf.1.0.6' (topp.c:295) automatically.
INFO: [XFORM 203-102] Partitioning array 'win_buf.1.0.7' (topp.c:295) automatically.
INFO: [XFORM 203-102] Partitioning array 'win_buf.2.0.3' (topp.c:295) automatically.
INFO: [XFORM 203-102] Partitioning array 'win_buf.2.0.4' (topp.c:295) automatically.
INFO: [XFORM 203-102] Partitioning array 'win_buf.2.0.5' (topp.c:295) automatically.
INFO: [XFORM 203-102] Partitioning array 'win_buf.2.0.6' (topp.c:295) automatically.
INFO: [XFORM 203-102] Partitioning array 'win_buf.2.0.7' (topp.c:295) automatically.
INFO: [XFORM 203-102] Partitioning array 'win_buf.2.1.0' (topp.c:295) automatically.
INFO: [XFORM 203-102] Partitioning array 'win_buf.2.1.1' (topp.c:295) automatically.
INFO: [XFORM 203-102] Partitioning array 'win_buf.2.1.2' (topp.c:295) automatically.
INFO: [XFORM 203-102] Partitioning array 'win_buf.2.1.3' (topp.c:295) automatically.
INFO: [XFORM 203-102] Partitioning array 'win_buf.2.1.4' (topp.c:295) automatically.
INFO: [XFORM 203-102] Partitioning array 'win_buf.2.1.5' (topp.c:295) automatically.
INFO: [XFORM 203-102] Partitioning array 'win_buf.2.1.6' (topp.c:295) automatically.
INFO: [XFORM 203-102] Partitioning array 'win_buf.2.1.7' (topp.c:295) automatically.
INFO: [XFORM 203-102] Partitioning array 'win_buf.2.2.0' (topp.c:295) automatically.
INFO: [XFORM 203-102] Partitioning array 'win_buf.2.2.1' (topp.c:295) automatically.
INFO: [XFORM 203-102] Partitioning array 'win_buf.2.2.2' (topp.c:295) automatically.
INFO: [XFORM 203-102] Partitioning array 'win_buf.2.2.3' (topp.c:295) automatically.
INFO: [XFORM 203-102] Partitioning array 'win_buf.2.2.4' (topp.c:295) automatically.
INFO: [XFORM 203-102] Partitioning array 'win_buf.2.2.5' (topp.c:295) automatically.
INFO: [XFORM 203-102] Partitioning array 'win_buf.2.2.6' (topp.c:295) automatically.
INFO: [XFORM 203-102] Partitioning array 'win_buf.2.2.7' (topp.c:295) automatically.
INFO: [XFORM 203-102] Partitioning array 'win_buf.0.0.0' (topp.c:360) automatically.
INFO: [XFORM 203-102] Partitioning array 'win_buf.0.0.1' (topp.c:360) automatically.
INFO: [XFORM 203-102] Partitioning array 'win_buf.0.0.2' (topp.c:360) automatically.
INFO: [XFORM 203-102] Partitioning array 'win_buf.0.0.3' (topp.c:360) automatically.
INFO: [XFORM 203-102] Partitioning array 'win_buf.0.0.4' (topp.c:360) automatically.
INFO: [XFORM 203-102] Partitioning array 'win_buf.0.0.5' (topp.c:360) automatically.
INFO: [XFORM 203-102] Partitioning array 'win_buf.0.0.6' (topp.c:360) automatically.
INFO: [XFORM 203-102] Partitioning array 'win_buf.0.0.7' (topp.c:360) automatically.
INFO: [XFORM 203-102] Partitioning array 'win_buf.0.1.0' (topp.c:360) automatically.
INFO: [XFORM 203-102] Partitioning array 'win_buf.0.1.1' (topp.c:360) automatically.
INFO: [XFORM 203-102] Partitioning array 'win_buf.0.1.2' (topp.c:360) automatically.
INFO: [XFORM 203-102] Partitioning array 'win_buf.0.1.3' (topp.c:360) automatically.
INFO: [XFORM 203-102] Partitioning array 'win_buf.0.1.4' (topp.c:360) automatically.
INFO: [XFORM 203-102] Partitioning array 'win_buf.0.1.5' (topp.c:360) automatically.
INFO: [XFORM 203-102] Partitioning array 'win_buf.0.1.6' (topp.c:360) automatically.
INFO: [XFORM 203-102] Partitioning array 'win_buf.0.1.7' (topp.c:360) automatically.
INFO: [XFORM 203-102] Partitioning array 'win_buf.0.2.0' (topp.c:360) automatically.
INFO: [XFORM 203-102] Partitioning array 'win_buf.0.2.1' (topp.c:360) automatically.
INFO: [XFORM 203-102] Partitioning array 'win_buf.0.2.2' (topp.c:360) automatically.
INFO: [XFORM 203-102] Partitioning array 'win_buf.0.2.3' (topp.c:360) automatically.
INFO: [XFORM 203-102] Partitioning array 'win_buf.0.2.4' (topp.c:360) automatically.
INFO: [XFORM 203-102] Partitioning array 'win_buf.0.2.5' (topp.c:360) automatically.
INFO: [XFORM 203-102] Partitioning array 'win_buf.0.2.6' (topp.c:360) automatically.
INFO: [XFORM 203-102] Partitioning array 'win_buf.0.2.7' (topp.c:360) automatically.
INFO: [XFORM 203-102] Partitioning array 'win_buf.1.0.0' (topp.c:360) automatically.
INFO: [XFORM 203-102] Partitioning array 'win_buf.1.0.1' (topp.c:360) automatically.
INFO: [XFORM 203-102] Partitioning array 'win_buf.1.0.2' (topp.c:360) automatically.
INFO: [XFORM 203-102] Partitioning array 'win_buf.1.0.3' (topp.c:360) automatically.
INFO: [XFORM 203-102] Partitioning array 'win_buf.1.0.4' (topp.c:360) automatically.
INFO: [XFORM 203-102] Partitioning array 'win_buf.1.0.5' (topp.c:360) automatically.
INFO: [XFORM 203-102] Partitioning array 'win_buf.1.0.6' (topp.c:360) automatically.
INFO: [XFORM 203-102] Partitioning array 'win_buf.1.0.7' (topp.c:360) automatically.
INFO: [XFORM 203-102] Partitioning array 'win_buf.2.0.3' (topp.c:360) automatically.
INFO: [XFORM 203-102] Partitioning array 'win_buf.2.0.4' (topp.c:360) automatically.
INFO: [XFORM 203-102] Partitioning array 'win_buf.2.0.5' (topp.c:360) automatically.
INFO: [XFORM 203-102] Partitioning array 'win_buf.2.0.6' (topp.c:360) automatically.
INFO: [XFORM 203-102] Partitioning array 'win_buf.2.0.7' (topp.c:360) automatically.
INFO: [XFORM 203-102] Partitioning array 'win_buf.2.1.0' (topp.c:360) automatically.
INFO: [XFORM 203-102] Partitioning array 'win_buf.2.1.1' (topp.c:360) automatically.
INFO: [XFORM 203-102] Partitioning array 'win_buf.2.1.2' (topp.c:360) automatically.
INFO: [XFORM 203-102] Partitioning array 'win_buf.2.1.3' (topp.c:360) automatically.
INFO: [XFORM 203-102] Partitioning array 'win_buf.2.1.4' (topp.c:360) automatically.
INFO: [XFORM 203-102] Partitioning array 'win_buf.2.1.5' (topp.c:360) automatically.
INFO: [XFORM 203-102] Partitioning array 'win_buf.2.1.6' (topp.c:360) automatically.
INFO: [XFORM 203-102] Partitioning array 'win_buf.2.1.7' (topp.c:360) automatically.
INFO: [XFORM 203-102] Partitioning array 'win_buf.2.2.0' (topp.c:360) automatically.
INFO: [XFORM 203-102] Partitioning array 'win_buf.2.2.1' (topp.c:360) automatically.
INFO: [XFORM 203-102] Partitioning array 'win_buf.2.2.2' (topp.c:360) automatically.
INFO: [XFORM 203-102] Partitioning array 'win_buf.2.2.3' (topp.c:360) automatically.
INFO: [XFORM 203-102] Partitioning array 'win_buf.2.2.4' (topp.c:360) automatically.
INFO: [XFORM 203-102] Partitioning array 'win_buf.2.2.5' (topp.c:360) automatically.
INFO: [XFORM 203-102] Partitioning array 'win_buf.2.2.6' (topp.c:360) automatically.
INFO: [XFORM 203-102] Partitioning array 'win_buf.2.2.7' (topp.c:360) automatically.
INFO: [XFORM 203-102] Partitioning array 'linbu.0.0' in dimension 2 automatically.
INFO: [XFORM 203-102] Partitioning array 'linbu.0.1' in dimension 2 automatically.
INFO: [XFORM 203-102] Partitioning array 'linbu.0.2' in dimension 2 automatically.
INFO: [XFORM 203-102] Partitioning array 'linbu.0.3' in dimension 2 automatically.
INFO: [XFORM 203-102] Partitioning array 'linbu.0.4' in dimension 2 automatically.
INFO: [XFORM 203-102] Partitioning array 'linbu.0.5' in dimension 2 automatically.
INFO: [XFORM 203-102] Partitioning array 'linbu.0.6' in dimension 2 automatically.
INFO: [XFORM 203-102] Partitioning array 'linbu.0.7' in dimension 2 automatically.
INFO: [XFORM 203-102] Partitioning array 'linbu.1.0' in dimension 2 automatically.
INFO: [XFORM 203-102] Partitioning array 'linbu.1.1' in dimension 2 automatically.
INFO: [XFORM 203-102] Partitioning array 'linbu.1.2' in dimension 2 automatically.
INFO: [XFORM 203-102] Partitioning array 'linbu.1.3' in dimension 2 automatically.
INFO: [XFORM 203-102] Partitioning array 'linbu.1.4' in dimension 2 automatically.
INFO: [XFORM 203-102] Partitioning array 'linbu.1.5' in dimension 2 automatically.
INFO: [XFORM 203-102] Partitioning array 'linbu.1.6' in dimension 2 automatically.
INFO: [XFORM 203-102] Partitioning array 'linbu.1.7' in dimension 2 automatically.
INFO: [XFORM 203-102] Partitioning array 'linbu.7.0.0' in dimension 2 automatically.
INFO: [XFORM 203-102] Partitioning array 'linbu.7.0.1' in dimension 2 automatically.
INFO: [XFORM 203-102] Partitioning array 'linbu.7.0.2' in dimension 2 automatically.
INFO: [XFORM 203-102] Partitioning array 'linbu.7.0.3' in dimension 2 automatically.
INFO: [XFORM 203-102] Partitioning array 'linbu.7.0.4' in dimension 2 automatically.
INFO: [XFORM 203-102] Partitioning array 'linbu.7.0.5' in dimension 2 automatically.
INFO: [XFORM 203-102] Partitioning array 'linbu.7.0.6' in dimension 2 automatically.
INFO: [XFORM 203-102] Partitioning array 'linbu.7.0.7' in dimension 2 automatically.
INFO: [XFORM 203-102] Partitioning array 'linbu.7.1.0' in dimension 2 automatically.
INFO: [XFORM 203-102] Partitioning array 'linbu.7.1.1' in dimension 2 automatically.
INFO: [XFORM 203-102] Partitioning array 'linbu.7.1.2' in dimension 2 automatically.
INFO: [XFORM 203-102] Partitioning array 'linbu.7.1.3' in dimension 2 automatically.
INFO: [XFORM 203-102] Partitioning array 'linbu.7.1.4' in dimension 2 automatically.
INFO: [XFORM 203-102] Partitioning array 'linbu.7.1.5' in dimension 2 automatically.
INFO: [XFORM 203-102] Partitioning array 'linbu.7.1.6' in dimension 2 automatically.
INFO: [XFORM 203-102] Partitioning array 'linbu.7.1.7' in dimension 2 automatically.
INFO: [XFORM 203-102] Partitioning array 'linbu.6.0.0' in dimension 2 automatically.
INFO: [XFORM 203-102] Partitioning array 'linbu.6.0.1' in dimension 2 automatically.
INFO: [XFORM 203-102] Partitioning array 'linbu.6.0.2' in dimension 2 automatically.
INFO: [XFORM 203-102] Partitioning array 'linbu.6.0.3' in dimension 2 automatically.
INFO: [XFORM 203-102] Partitioning array 'linbu.6.0.4' in dimension 2 automatically.
INFO: [XFORM 203-102] Partitioning array 'linbu.6.0.5' in dimension 2 automatically.
INFO: [XFORM 203-102] Partitioning array 'linbu.6.0.6' in dimension 2 automatically.
INFO: [XFORM 203-102] Partitioning array 'linbu.6.0.7' in dimension 2 automatically.
INFO: [XFORM 203-102] Partitioning array 'linbu.6.1.0' in dimension 2 automatically.
INFO: [XFORM 203-102] Partitioning array 'linbu.6.1.1' in dimension 2 automatically.
INFO: [XFORM 203-102] Partitioning array 'linbu.6.1.2' in dimension 2 automatically.
INFO: [XFORM 203-102] Partitioning array 'linbu.6.1.3' in dimension 2 automatically.
INFO: [XFORM 203-102] Partitioning array 'linbu.6.1.4' in dimension 2 automatically.
INFO: [XFORM 203-102] Partitioning array 'linbu.6.1.5' in dimension 2 automatically.
INFO: [XFORM 203-102] Partitioning array 'linbu.6.1.6' in dimension 2 automatically.
INFO: [XFORM 203-102] Partitioning array 'linbu.6.1.7' in dimension 2 automatically.
WARNING: [XFORM 203-713] All the elements of global array 'f1.0'  should be updated in process function 'conv1', otherwise it may not be synthesized correctly.
WARNING: [XFORM 203-713] All the elements of global array 'f1.1'  should be updated in process function 'conv1', otherwise it may not be synthesized correctly.
WARNING: [XFORM 203-713] All the elements of global array 'f1.2'  should be updated in process function 'conv1', otherwise it may not be synthesized correctly.
WARNING: [XFORM 203-713] All the elements of global array 'f1.3'  should be updated in process function 'conv1', otherwise it may not be synthesized correctly.
WARNING: [XFORM 203-713] All the elements of global array 'f1.4'  should be updated in process function 'conv1', otherwise it may not be synthesized correctly.
WARNING: [XFORM 203-713] All the elements of global array 'f1.5'  should be updated in process function 'conv1', otherwise it may not be synthesized correctly.
WARNING: [XFORM 203-713] All the elements of global array 'f1.6'  should be updated in process function 'conv1', otherwise it may not be synthesized correctly.
WARNING: [XFORM 203-713] All the elements of global array 'f1.7'  should be updated in process function 'conv1', otherwise it may not be synthesized correctly.
WARNING: [XFORM 203-713] All the elements of global array 'p1.0'  should be updated in process function 'maxpool1', otherwise it may not be synthesized correctly.
WARNING: [XFORM 203-713] All the elements of global array 'p1.1'  should be updated in process function 'maxpool1', otherwise it may not be synthesized correctly.
WARNING: [XFORM 203-713] All the elements of global array 'p1.2'  should be updated in process function 'maxpool1', otherwise it may not be synthesized correctly.
WARNING: [XFORM 203-713] All the elements of global array 'p1.3'  should be updated in process function 'maxpool1', otherwise it may not be synthesized correctly.
WARNING: [XFORM 203-713] All the elements of global array 'p1.4'  should be updated in process function 'maxpool1', otherwise it may not be synthesized correctly.
WARNING: [XFORM 203-713] All the elements of global array 'p1.5'  should be updated in process function 'maxpool1', otherwise it may not be synthesized correctly.
WARNING: [XFORM 203-713] All the elements of global array 'p1.6'  should be updated in process function 'maxpool1', otherwise it may not be synthesized correctly.
WARNING: [XFORM 203-713] All the elements of global array 'p1.7'  should be updated in process function 'maxpool1', otherwise it may not be synthesized correctly.
WARNING: [XFORM 203-713] All the elements of global array 'f2.0'  should be updated in process function 'conv2', otherwise it may not be synthesized correctly.
WARNING: [XFORM 203-713] All the elements of global array 'f2.1'  should be updated in process function 'conv2', otherwise it may not be synthesized correctly.
WARNING: [XFORM 203-713] All the elements of global array 'f2.2'  should be updated in process function 'conv2', otherwise it may not be synthesized correctly.
WARNING: [XFORM 203-713] All the elements of global array 'f2.3'  should be updated in process function 'conv2', otherwise it may not be synthesized correctly.
WARNING: [XFORM 203-713] All the elements of global array 'f2.4'  should be updated in process function 'conv2', otherwise it may not be synthesized correctly.
WARNING: [XFORM 203-713] All the elements of global array 'f2.5'  should be updated in process function 'conv2', otherwise it may not be synthesized correctly.
WARNING: [XFORM 203-713] All the elements of global array 'f2.6'  should be updated in process function 'conv2', otherwise it may not be synthesized correctly.
WARNING: [XFORM 203-713] All the elements of global array 'f2.7'  should be updated in process function 'conv2', otherwise it may not be synthesized correctly.
WARNING: [XFORM 203-713] All the elements of global array 'p2.0'  should be updated in process function 'maxpool2', otherwise it may not be synthesized correctly.
WARNING: [XFORM 203-713] All the elements of global array 'p2.1'  should be updated in process function 'maxpool2', otherwise it may not be synthesized correctly.
WARNING: [XFORM 203-713] All the elements of global array 'p2.2'  should be updated in process function 'maxpool2', otherwise it may not be synthesized correctly.
WARNING: [XFORM 203-713] All the elements of global array 'p2.3'  should be updated in process function 'maxpool2', otherwise it may not be synthesized correctly.
WARNING: [XFORM 203-713] All the elements of global array 'p2.4'  should be updated in process function 'maxpool2', otherwise it may not be synthesized correctly.
WARNING: [XFORM 203-713] All the elements of global array 'p2.5'  should be updated in process function 'maxpool2', otherwise it may not be synthesized correctly.
WARNING: [XFORM 203-713] All the elements of global array 'p2.6'  should be updated in process function 'maxpool2', otherwise it may not be synthesized correctly.
WARNING: [XFORM 203-713] All the elements of global array 'p2.7'  should be updated in process function 'maxpool2', otherwise it may not be synthesized correctly.
WARNING: [XFORM 203-713] All the elements of global array 'f3.0'  should be updated in process function 'conv3', otherwise it may not be synthesized correctly.
WARNING: [XFORM 203-713] All the elements of global array 'f3.1'  should be updated in process function 'conv3', otherwise it may not be synthesized correctly.
WARNING: [XFORM 203-713] All the elements of global array 'f3.2'  should be updated in process function 'conv3', otherwise it may not be synthesized correctly.
WARNING: [XFORM 203-713] All the elements of global array 'f3.3'  should be updated in process function 'conv3', otherwise it may not be synthesized correctly.
WARNING: [XFORM 203-713] All the elements of global array 'f3.4'  should be updated in process function 'conv3', otherwise it may not be synthesized correctly.
WARNING: [XFORM 203-713] All the elements of global array 'f3.5'  should be updated in process function 'conv3', otherwise it may not be synthesized correctly.
WARNING: [XFORM 203-713] All the elements of global array 'f3.6'  should be updated in process function 'conv3', otherwise it may not be synthesized correctly.
WARNING: [XFORM 203-713] All the elements of global array 'f3.7'  should be updated in process function 'conv3', otherwise it may not be synthesized correctly.
WARNING: [XFORM 203-713] All the elements of global array 'f4.0'  should be updated in process function 'conv4', otherwise it may not be synthesized correctly.
WARNING: [XFORM 203-713] All the elements of global array 'f4.1'  should be updated in process function 'conv4', otherwise it may not be synthesized correctly.
WARNING: [XFORM 203-713] All the elements of global array 'f4.2'  should be updated in process function 'conv4', otherwise it may not be synthesized correctly.
WARNING: [XFORM 203-713] All the elements of global array 'f4.3'  should be updated in process function 'conv4', otherwise it may not be synthesized correctly.
WARNING: [XFORM 203-713] All the elements of global array 'f4.4'  should be updated in process function 'conv4', otherwise it may not be synthesized correctly.
WARNING: [XFORM 203-713] All the elements of global array 'f4.5'  should be updated in process function 'conv4', otherwise it may not be synthesized correctly.
WARNING: [XFORM 203-713] All the elements of global array 'f4.6'  should be updated in process function 'conv4', otherwise it may not be synthesized correctly.
WARNING: [XFORM 203-713] All the elements of global array 'f4.7'  should be updated in process function 'conv4', otherwise it may not be synthesized correctly.
WARNING: [XFORM 203-713] All the elements of global array 'f5.0'  should be updated in process function 'conv5', otherwise it may not be synthesized correctly.
WARNING: [XFORM 203-713] All the elements of global array 'f5.1'  should be updated in process function 'conv5', otherwise it may not be synthesized correctly.
WARNING: [XFORM 203-713] All the elements of global array 'f5.2'  should be updated in process function 'conv5', otherwise it may not be synthesized correctly.
WARNING: [XFORM 203-713] All the elements of global array 'f5.3'  should be updated in process function 'conv5', otherwise it may not be synthesized correctly.
WARNING: [XFORM 203-713] All the elements of global array 'f5.4'  should be updated in process function 'conv5', otherwise it may not be synthesized correctly.
WARNING: [XFORM 203-713] All the elements of global array 'f5.5'  should be updated in process function 'conv5', otherwise it may not be synthesized correctly.
WARNING: [XFORM 203-713] All the elements of global array 'f5.6'  should be updated in process function 'conv5', otherwise it may not be synthesized correctly.
WARNING: [XFORM 203-713] All the elements of global array 'f5.7'  should be updated in process function 'conv5', otherwise it may not be synthesized correctly.
WARNING: [XFORM 203-713] All the elements of global array 'output' should be updated in process function 'detection_head', otherwise it may not be synthesized correctly.
INFO: [XFORM 203-712] Applying dataflow to function 'topp', detected/extracted 8 process function(s): 
	 'conv1'
	 'maxpool1'
	 'conv2'
	 'maxpool2'
	 'conv3'
	 'conv4'
	 'conv5'
	 'detection_head'.
WARNING: [XFORM 203-124] Array  'f5.7.local' : may have improper streaming access(es), possible reasons: (1) some entries are accessed more than once; (2) some entries are not used; (3) the entries are not accessed in sequential order.
WARNING: [XFORM 203-124] Array  'f5.6.local' : may have improper streaming access(es), possible reasons: (1) some entries are accessed more than once; (2) some entries are not used; (3) the entries are not accessed in sequential order.
WARNING: [XFORM 203-124] Array  'f5.5.local' : may have improper streaming access(es), possible reasons: (1) some entries are accessed more than once; (2) some entries are not used; (3) the entries are not accessed in sequential order.
WARNING: [XFORM 203-124] Array  'f5.4.local' : may have improper streaming access(es), possible reasons: (1) some entries are accessed more than once; (2) some entries are not used; (3) the entries are not accessed in sequential order.
WARNING: [XFORM 203-124] Array  'f5.3.local' : may have improper streaming access(es), possible reasons: (1) some entries are accessed more than once; (2) some entries are not used; (3) the entries are not accessed in sequential order.
WARNING: [XFORM 203-124] Array  'f5.2.local' : may have improper streaming access(es), possible reasons: (1) some entries are accessed more than once; (2) some entries are not used; (3) the entries are not accessed in sequential order.
WARNING: [XFORM 203-124] Array  'f5.1.local' : may have improper streaming access(es), possible reasons: (1) some entries are accessed more than once; (2) some entries are not used; (3) the entries are not accessed in sequential order.
WARNING: [XFORM 203-124] Array  'f5.0.local' : may have improper streaming access(es), possible reasons: (1) some entries are accessed more than once; (2) some entries are not used; (3) the entries are not accessed in sequential order.
WARNING: [XFORM 203-124] Array  'f4.7.local' : may have improper streaming access(es), possible reasons: (1) some entries are accessed more than once; (2) some entries are not used; (3) the entries are not accessed in sequential order.
WARNING: [XFORM 203-124] Array  'f4.6.local' : may have improper streaming access(es), possible reasons: (1) some entries are accessed more than once; (2) some entries are not used; (3) the entries are not accessed in sequential order.
WARNING: [XFORM 203-124] Array  'f4.5.local' : may have improper streaming access(es), possible reasons: (1) some entries are accessed more than once; (2) some entries are not used; (3) the entries are not accessed in sequential order.
WARNING: [XFORM 203-124] Array  'f4.4.local' : may have improper streaming access(es), possible reasons: (1) some entries are accessed more than once; (2) some entries are not used; (3) the entries are not accessed in sequential order.
WARNING: [XFORM 203-124] Array  'f4.3.local' : may have improper streaming access(es), possible reasons: (1) some entries are accessed more than once; (2) some entries are not used; (3) the entries are not accessed in sequential order.
WARNING: [XFORM 203-124] Array  'f4.2.local' : may have improper streaming access(es), possible reasons: (1) some entries are accessed more than once; (2) some entries are not used; (3) the entries are not accessed in sequential order.
WARNING: [XFORM 203-124] Array  'f4.1.local' : may have improper streaming access(es), possible reasons: (1) some entries are accessed more than once; (2) some entries are not used; (3) the entries are not accessed in sequential order.
WARNING: [XFORM 203-124] Array  'f4.0.local' : may have improper streaming access(es), possible reasons: (1) some entries are accessed more than once; (2) some entries are not used; (3) the entries are not accessed in sequential order.
WARNING: [XFORM 203-124] Array  'f3.7.local' : may have improper streaming access(es), possible reasons: (1) some entries are accessed more than once; (2) some entries are not used; (3) the entries are not accessed in sequential order.
WARNING: [XFORM 203-124] Array  'f3.6.local' : may have improper streaming access(es), possible reasons: (1) some entries are accessed more than once; (2) some entries are not used; (3) the entries are not accessed in sequential order.
WARNING: [XFORM 203-124] Array  'f3.5.local' : may have improper streaming access(es), possible reasons: (1) some entries are accessed more than once; (2) some entries are not used; (3) the entries are not accessed in sequential order.
WARNING: [XFORM 203-124] Array  'f3.4.local' : may have improper streaming access(es), possible reasons: (1) some entries are accessed more than once; (2) some entries are not used; (3) the entries are not accessed in sequential order.
WARNING: [XFORM 203-124] Array  'f3.3.local' : may have improper streaming access(es), possible reasons: (1) some entries are accessed more than once; (2) some entries are not used; (3) the entries are not accessed in sequential order.
WARNING: [XFORM 203-124] Array  'f3.2.local' : may have improper streaming access(es), possible reasons: (1) some entries are accessed more than once; (2) some entries are not used; (3) the entries are not accessed in sequential order.
WARNING: [XFORM 203-124] Array  'f3.1.local' : may have improper streaming access(es), possible reasons: (1) some entries are accessed more than once; (2) some entries are not used; (3) the entries are not accessed in sequential order.
WARNING: [XFORM 203-124] Array  'f3.0.local' : may have improper streaming access(es), possible reasons: (1) some entries are accessed more than once; (2) some entries are not used; (3) the entries are not accessed in sequential order.
WARNING: [XFORM 203-124] Array  'p2.7.local' : may have improper streaming access(es), possible reasons: (1) some entries are accessed more than once; (2) some entries are not used; (3) the entries are not accessed in sequential order.
WARNING: [XFORM 203-124] Array  'p2.6.local' : may have improper streaming access(es), possible reasons: (1) some entries are accessed more than once; (2) some entries are not used; (3) the entries are not accessed in sequential order.
WARNING: [XFORM 203-124] Array  'p2.5.local' : may have improper streaming access(es), possible reasons: (1) some entries are accessed more than once; (2) some entries are not used; (3) the entries are not accessed in sequential order.
WARNING: [XFORM 203-124] Array  'p2.4.local' : may have improper streaming access(es), possible reasons: (1) some entries are accessed more than once; (2) some entries are not used; (3) the entries are not accessed in sequential order.
WARNING: [XFORM 203-124] Array  'p2.3.local' : may have improper streaming access(es), possible reasons: (1) some entries are accessed more than once; (2) some entries are not used; (3) the entries are not accessed in sequential order.
WARNING: [XFORM 203-124] Array  'p2.2.local' : may have improper streaming access(es), possible reasons: (1) some entries are accessed more than once; (2) some entries are not used; (3) the entries are not accessed in sequential order.
WARNING: [XFORM 203-124] Array  'p2.1.local' : may have improper streaming access(es), possible reasons: (1) some entries are accessed more than once; (2) some entries are not used; (3) the entries are not accessed in sequential order.
WARNING: [XFORM 203-124] Array  'p2.0.local' : may have improper streaming access(es), possible reasons: (1) some entries are accessed more than once; (2) some entries are not used; (3) the entries are not accessed in sequential order.
WARNING: [XFORM 203-124] Array  'f2.7.local' : may have improper streaming access(es), possible reasons: (1) some entries are accessed more than once; (2) some entries are not used; (3) the entries are not accessed in sequential order.
WARNING: [XFORM 203-124] Array  'f2.6.local' : may have improper streaming access(es), possible reasons: (1) some entries are accessed more than once; (2) some entries are not used; (3) the entries are not accessed in sequential order.
WARNING: [XFORM 203-124] Array  'f2.5.local' : may have improper streaming access(es), possible reasons: (1) some entries are accessed more than once; (2) some entries are not used; (3) the entries are not accessed in sequential order.
WARNING: [XFORM 203-124] Array  'f2.4.local' : may have improper streaming access(es), possible reasons: (1) some entries are accessed more than once; (2) some entries are not used; (3) the entries are not accessed in sequential order.
WARNING: [XFORM 203-124] Array  'f2.3.local' : may have improper streaming access(es), possible reasons: (1) some entries are accessed more than once; (2) some entries are not used; (3) the entries are not accessed in sequential order.
WARNING: [XFORM 203-124] Array  'f2.2.local' : may have improper streaming access(es), possible reasons: (1) some entries are accessed more than once; (2) some entries are not used; (3) the entries are not accessed in sequential order.
WARNING: [XFORM 203-124] Array  'f2.1.local' : may have improper streaming access(es), possible reasons: (1) some entries are accessed more than once; (2) some entries are not used; (3) the entries are not accessed in sequential order.
WARNING: [XFORM 203-124] Array  'f2.0.local' : may have improper streaming access(es), possible reasons: (1) some entries are accessed more than once; (2) some entries are not used; (3) the entries are not accessed in sequential order.
WARNING: [XFORM 203-124] Array  'p1.7.local' : may have improper streaming access(es), possible reasons: (1) some entries are accessed more than once; (2) some entries are not used; (3) the entries are not accessed in sequential order.
WARNING: [XFORM 203-124] Array  'p1.6.local' : may have improper streaming access(es), possible reasons: (1) some entries are accessed more than once; (2) some entries are not used; (3) the entries are not accessed in sequential order.
WARNING: [XFORM 203-124] Array  'p1.5.local' : may have improper streaming access(es), possible reasons: (1) some entries are accessed more than once; (2) some entries are not used; (3) the entries are not accessed in sequential order.
WARNING: [XFORM 203-124] Array  'p1.4.local' : may have improper streaming access(es), possible reasons: (1) some entries are accessed more than once; (2) some entries are not used; (3) the entries are not accessed in sequential order.
WARNING: [XFORM 203-124] Array  'p1.3.local' : may have improper streaming access(es), possible reasons: (1) some entries are accessed more than once; (2) some entries are not used; (3) the entries are not accessed in sequential order.
WARNING: [XFORM 203-124] Array  'p1.2.local' : may have improper streaming access(es), possible reasons: (1) some entries are accessed more than once; (2) some entries are not used; (3) the entries are not accessed in sequential order.
WARNING: [XFORM 203-124] Array  'p1.1.local' : may have improper streaming access(es), possible reasons: (1) some entries are accessed more than once; (2) some entries are not used; (3) the entries are not accessed in sequential order.
WARNING: [XFORM 203-124] Array  'p1.0.local' : may have improper streaming access(es), possible reasons: (1) some entries are accessed more than once; (2) some entries are not used; (3) the entries are not accessed in sequential order.
WARNING: [XFORM 203-124] Array  'f1.7.local' : may have improper streaming access(es), possible reasons: (1) some entries are accessed more than once; (2) some entries are not used; (3) the entries are not accessed in sequential order.
WARNING: [XFORM 203-124] Array  'f1.6.local' : may have improper streaming access(es), possible reasons: (1) some entries are accessed more than once; (2) some entries are not used; (3) the entries are not accessed in sequential order.
WARNING: [XFORM 203-124] Array  'f1.5.local' : may have improper streaming access(es), possible reasons: (1) some entries are accessed more than once; (2) some entries are not used; (3) the entries are not accessed in sequential order.
WARNING: [XFORM 203-124] Array  'f1.4.local' : may have improper streaming access(es), possible reasons: (1) some entries are accessed more than once; (2) some entries are not used; (3) the entries are not accessed in sequential order.
WARNING: [XFORM 203-124] Array  'f1.3.local' : may have improper streaming access(es), possible reasons: (1) some entries are accessed more than once; (2) some entries are not used; (3) the entries are not accessed in sequential order.
WARNING: [XFORM 203-124] Array  'f1.2.local' : may have improper streaming access(es), possible reasons: (1) some entries are accessed more than once; (2) some entries are not used; (3) the entries are not accessed in sequential order.
WARNING: [XFORM 203-124] Array  'f1.1.local' : may have improper streaming access(es), possible reasons: (1) some entries are accessed more than once; (2) some entries are not used; (3) the entries are not accessed in sequential order.
WARNING: [XFORM 203-124] Array  'f1.0.local' : may have improper streaming access(es), possible reasons: (1) some entries are accessed more than once; (2) some entries are not used; (3) the entries are not accessed in sequential order.
INFO: [XFORM 203-603] Inlining function 'aesl_mux_load.8[62 x [62 x float]]P.i3.i64.i64' into 'maxpool1' (topp.c:107).
INFO: [XFORM 203-603] Inlining function 'aesl_mux_load.8[62 x [62 x float]]P.i3.i64.i64' into 'maxpool1' (topp.c:107).
INFO: [XFORM 203-603] Inlining function 'aesl_mux_load.8[62 x [62 x float]]P.i3.i64.i64' into 'maxpool1' (topp.c:107).
INFO: [XFORM 203-603] Inlining function 'aesl_mux_load.8[62 x [62 x float]]P.i3.i64.i64' into 'maxpool1' (topp.c:107).
INFO: [XFORM 203-603] Inlining function 'aesl_mux_load.8[62 x [62 x float]]P.i3.i64.i64' into 'maxpool1' (topp.c:107).
INFO: [XFORM 203-603] Inlining function 'aesl_mux_load.8[62 x [62 x float]]P.i3.i64.i64' into 'maxpool1' (topp.c:107).
INFO: [XFORM 203-603] Inlining function 'aesl_mux_load.8[62 x [62 x float]]P.i3.i64.i64' into 'maxpool1' (topp.c:107).
INFO: [XFORM 203-603] Inlining function 'aesl_mux_load.8[62 x [62 x float]]P.i3.i64.i64' into 'maxpool1' (topp.c:107).
INFO: [XFORM 203-603] Inlining function 'aesl_mux_load.8[62 x [62 x float]]P.i3.i64.i64' into 'maxpool1' (topp.c:107).
INFO: [XFORM 203-603] Inlining function 'aesl_mux_load.8[62 x [62 x float]]P.i3.i64.i64' into 'maxpool1' (topp.c:107).
INFO: [XFORM 203-603] Inlining function 'aesl_mux_load.8[62 x [62 x float]]P.i3.i64.i64' into 'maxpool1' (topp.c:107).
INFO: [XFORM 203-603] Inlining function 'aesl_mux_load.8[62 x [62 x float]]P.i3.i64.i64' into 'maxpool1' (topp.c:107).
INFO: [XFORM 203-603] Inlining function 'aesl_mux_load.8[62 x [62 x float]]P.i3.i64.i64' into 'maxpool1' (topp.c:107).
INFO: [XFORM 203-603] Inlining function 'aesl_mux_load.8[62 x [62 x float]]P.i3.i64.i64' into 'maxpool1' (topp.c:107).
INFO: [XFORM 203-603] Inlining function 'aesl_mux_load.8[62 x [62 x float]]P.i3.i64.i64' into 'maxpool1' (topp.c:107).
INFO: [XFORM 203-603] Inlining function 'aesl_mux_load.8[62 x [62 x float]]P.i3.i64.i64' into 'maxpool1' (topp.c:107).
INFO: [XFORM 203-603] Inlining function 'aesl_mux_load.8[62 x [62 x float]]P.i3.i64.i64' into 'maxpool1' (topp.c:107).
INFO: [XFORM 203-603] Inlining function 'aesl_mux_load.8[62 x [62 x float]]P.i3.i64.i64' into 'maxpool1' (topp.c:107).
INFO: [XFORM 203-603] Inlining function 'aesl_mux_load.8[62 x [62 x float]]P.i3.i64.i64' into 'maxpool1' (topp.c:107).
INFO: [XFORM 203-603] Inlining function 'aesl_mux_load.8[62 x [62 x float]]P.i3.i64.i64' into 'maxpool1' (topp.c:107).
INFO: [XFORM 203-603] Inlining function 'aesl_mux_load.8[62 x [62 x float]]P.i3.i64.i64' into 'maxpool1' (topp.c:107).
INFO: [XFORM 203-603] Inlining function 'aesl_mux_load.8[62 x [62 x float]]P.i3.i64.i64' into 'maxpool1' (topp.c:107).
INFO: [XFORM 203-603] Inlining function 'aesl_mux_load.8[62 x [62 x float]]P.i3.i64.i64' into 'maxpool1' (topp.c:107).
INFO: [XFORM 203-603] Inlining function 'aesl_mux_load.8[62 x [62 x float]]P.i3.i64.i64' into 'maxpool1' (topp.c:107).
INFO: [XFORM 203-603] Inlining function 'aesl_mux_load.8[62 x [62 x float]]P.i3.i64.i64' into 'maxpool1' (topp.c:107).
INFO: [XFORM 203-603] Inlining function 'aesl_mux_load.8[62 x [62 x float]]P.i3.i64.i64' into 'maxpool1' (topp.c:107).
INFO: [XFORM 203-603] Inlining function 'aesl_mux_load.8[62 x [62 x float]]P.i3.i64.i64' into 'maxpool1' (topp.c:107).
INFO: [XFORM 203-603] Inlining function 'aesl_mux_load.8[62 x [62 x float]]P.i3.i64.i64' into 'maxpool1' (topp.c:107).
INFO: [XFORM 203-603] Inlining function 'aesl_mux_load.8[62 x [62 x float]]P.i3.i64.i64' into 'maxpool1' (topp.c:107).
INFO: [XFORM 203-603] Inlining function 'aesl_mux_load.8[62 x [62 x float]]P.i3.i64.i64' into 'maxpool1' (topp.c:107).
INFO: [XFORM 203-603] Inlining function 'aesl_mux_load.8[62 x [62 x float]]P.i3.i64.i64' into 'maxpool1' (topp.c:107).
INFO: [XFORM 203-603] Inlining function 'aesl_mux_load.8[29 x [29 x [2 x float]]]P.i32.i64.i64.i64' into 'maxpool2' (topp.c:204).
INFO: [XFORM 203-603] Inlining function 'aesl_mux_load.8[29 x [29 x [2 x float]]]P.i32.i64.i64.i64' into 'maxpool2' (topp.c:204).
INFO: [XFORM 203-603] Inlining function 'aesl_mux_load.8[29 x [29 x [2 x float]]]P.i32.i64.i64.i64' into 'maxpool2' (topp.c:204).
INFO: [XFORM 203-603] Inlining function 'aesl_mux_load.8[29 x [29 x [2 x float]]]P.i32.i64.i64.i64' into 'maxpool2' (topp.c:204).
INFO: [XFORM 203-603] Inlining function 'aesl_mux_load.8[29 x [29 x [2 x float]]]P.i32.i64.i64.i64' into 'maxpool2' (topp.c:204).
INFO: [XFORM 203-603] Inlining function 'aesl_mux_load.8[29 x [29 x [2 x float]]]P.i32.i64.i64.i64' into 'maxpool2' (topp.c:204).
INFO: [XFORM 203-603] Inlining function 'aesl_mux_load.8[29 x [29 x [2 x float]]]P.i32.i64.i64.i64' into 'maxpool2' (topp.c:204).
INFO: [XFORM 203-603] Inlining function 'aesl_mux_load.8[29 x [29 x [2 x float]]]P.i32.i64.i64.i64' into 'maxpool2' (topp.c:204).
INFO: [XFORM 203-603] Inlining function 'aesl_mux_load.8[29 x [29 x [2 x float]]]P.i32.i64.i64.i64' into 'maxpool2' (topp.c:204).
INFO: [XFORM 203-603] Inlining function 'aesl_mux_load.8[29 x [29 x [2 x float]]]P.i32.i64.i64.i64' into 'maxpool2' (topp.c:204).
INFO: [XFORM 203-603] Inlining function 'aesl_mux_load.8[29 x [29 x [2 x float]]]P.i32.i64.i64.i64' into 'maxpool2' (topp.c:204).
INFO: [XFORM 203-603] Inlining function 'aesl_mux_load.8[29 x [29 x [2 x float]]]P.i32.i64.i64.i64' into 'maxpool2' (topp.c:204).
INFO: [XFORM 203-603] Inlining function 'aesl_mux_load.8[29 x [29 x [2 x float]]]P.i32.i64.i64.i64' into 'maxpool2' (topp.c:204).
INFO: [XFORM 203-603] Inlining function 'aesl_mux_load.8[29 x [29 x [2 x float]]]P.i32.i64.i64.i64' into 'maxpool2' (topp.c:204).
INFO: [XFORM 203-603] Inlining function 'aesl_mux_load.8[8 x [8 x [4 x float]]]P.i32.i64.i64.i64' into 'detection_head' (topp.c:450).
INFO: [HLS 200-111] Finished Pre-synthesis Time (s): cpu = 00:00:09 ; elapsed = 00:00:19 . Memory (MB): peak = 142.637 ; gain = 57.742
WARNING: [XFORM 203-542] Cannot flatten a loop nest 'Loop-1.1' (topp.c:440:13) in function 'detection_head' : 

more than one sub loop.
INFO: [XFORM 203-541] Flattening a loop nest 'Loop-1' (topp.c:439:6) in function 'detection_head'.
WARNING: [XFORM 203-542] Cannot flatten a loop nest 'Loop-1.1' (topp.c:372:13) in function 'conv5' : 

the outer loop is not a perfect loop because there is nontrivial logic before entering the inner loop.
INFO: [XFORM 203-541] Flattening a loop nest 'Loop-1' (topp.c:371:6) in function 'conv5'.
WARNING: [XFORM 203-542] Cannot flatten a loop nest 'Loop-1.1' (topp.c:307:13) in function 'conv4' : 

the outer loop is not a perfect loop because there is nontrivial logic before entering the inner loop.
INFO: [XFORM 203-541] Flattening a loop nest 'Loop-1' (topp.c:306:6) in function 'conv4'.
WARNING: [XFORM 203-542] Cannot flatten a loop nest 'Loop-1.1' (topp.c:242:13) in function 'conv3' : 

the outer loop is not a perfect loop because there is nontrivial logic before entering the inner loop.
INFO: [XFORM 203-541] Flattening a loop nest 'Loop-1' (topp.c:241:6) in function 'conv3'.
WARNING: [XFORM 203-542] Cannot flatten a loop nest 'Loop-1.1' (topp.c:145:13) in function 'conv2' : 

the outer loop is not a perfect loop because there is nontrivial logic before entering the inner loop.
INFO: [XFORM 203-541] Flattening a loop nest 'Loop-1' (topp.c:144:6) in function 'conv2'.
WARNING: [XFORM 203-542] Cannot flatten a loop nest 'Loop-1.1' (topp.c:43:13) in function 'conv1' : 

the outer loop is not a perfect loop because there is nontrivial logic before entering the inner loop.
INFO: [XFORM 203-541] Flattening a loop nest 'Loop-1' (topp.c:42:6) in function 'conv1'.
INFO: [HLS 200-111] Finished Architecture Synthesis Time (s): cpu = 00:00:17 ; elapsed = 00:00:27 . Memory (MB): peak = 238.164 ; gain = 153.270
INFO: [HLS 200-10] Starting hardware synthesis ...
INFO: [HLS 200-10] Synthesizing 'topp' ...
WARNING: [SYN 201-107] Renaming port name 'topp/image' to 'topp/image_r' to avoid the conflict with HDL keywords or other object names.
WARNING: [SYN 201-107] Renaming port name 'topp/output' to 'topp/output_r' to avoid the conflict with HDL keywords or other object names.
INFO: [HLS 200-10] ----------------------------------------------------------------
INFO: [HLS 200-42] -- Implementing module 'conv1' 
INFO: [HLS 200-10] ----------------------------------------------------------------
INFO: [SCHED 204-11] Starting scheduling ...
INFO: [SCHED 204-61] Pipelining loop 'Loop 1.1'.
INFO: [SCHED 204-61] Pipelining result : Target II = 1, Final II = 1, Depth = 2.
INFO: [SCHED 204-11] Finished scheduling.
INFO: [HLS 200-111]  Elapsed time: 27.851 seconds; current allocated memory: 186.117 MB.
INFO: [HLS 200-434] Only 1 loops out of a total 2 loops have been pipelined in this design.
INFO: [BIND 205-100] Starting micro-architecture generation ...
INFO: [BIND 205-101] Performing variable lifetime analysis.
INFO: [BIND 205-101] Exploring resource sharing.
INFO: [BIND 205-101] Binding ...
INFO: [BIND 205-100] Finished micro-architecture generation.
INFO: [HLS 200-111]  Elapsed time: 0.215 seconds; current allocated memory: 186.493 MB.
INFO: [HLS 200-10] ----------------------------------------------------------------
INFO: [HLS 200-42] -- Implementing module 'maxpool1' 
INFO: [HLS 200-10] ----------------------------------------------------------------
INFO: [SCHED 204-11] Starting scheduling ...
INFO: [SCHED 204-11] Finished scheduling.
INFO: [HLS 200-111]  Elapsed time: 8.065 seconds; current allocated memory: 192.034 MB.
INFO: [BIND 205-100] Starting micro-architecture generation ...
INFO: [BIND 205-101] Performing variable lifetime analysis.
INFO: [BIND 205-101] Exploring resource sharing.
INFO: [BIND 205-101] Binding ...
INFO: [BIND 205-100] Finished micro-architecture generation.
INFO: [HLS 200-111]  Elapsed time: 1.405 seconds; current allocated memory: 226.573 MB.
INFO: [HLS 200-10] ----------------------------------------------------------------
INFO: [HLS 200-42] -- Implementing module 'conv2' 
INFO: [HLS 200-10] ----------------------------------------------------------------
INFO: [SCHED 204-11] Starting scheduling ...
INFO: [SCHED 204-61] Pipelining loop 'Loop 1.1'.
INFO: [SCHED 204-61] Pipelining result : Target II = 1, Final II = 1, Depth = 2.
INFO: [SCHED 204-11] Finished scheduling.
INFO: [HLS 200-111]  Elapsed time: 1.643 seconds; current allocated memory: 226.845 MB.
INFO: [BIND 205-100] Starting micro-architecture generation ...
INFO: [BIND 205-101] Performing variable lifetime analysis.
INFO: [BIND 205-101] Exploring resource sharing.
INFO: [BIND 205-101] Binding ...
INFO: [BIND 205-100] Finished micro-architecture generation.
INFO: [HLS 200-111]  Elapsed time: 0.196 seconds; current allocated memory: 227.218 MB.
INFO: [HLS 200-10] ----------------------------------------------------------------
INFO: [HLS 200-42] -- Implementing module 'maxpool2' 
INFO: [HLS 200-10] ----------------------------------------------------------------
INFO: [SCHED 204-11] Starting scheduling ...
INFO: [SCHED 204-11] Finished scheduling.
INFO: [HLS 200-111]  Elapsed time: 3.156 seconds; current allocated memory: 229.371 MB.
INFO: [BIND 205-100] Starting micro-architecture generation ...
INFO: [BIND 205-101] Performing variable lifetime analysis.
INFO: [BIND 205-101] Exploring resource sharing.
INFO: [BIND 205-101] Binding ...
INFO: [BIND 205-100] Finished micro-architecture generation.
INFO: [HLS 200-111]  Elapsed time: 0.517 seconds; current allocated memory: 236.257 MB.
INFO: [HLS 200-10] ----------------------------------------------------------------
INFO: [HLS 200-42] -- Implementing module 'conv3' 
INFO: [HLS 200-10] ----------------------------------------------------------------
INFO: [SCHED 204-11] Starting scheduling ...
INFO: [SCHED 204-61] Pipelining loop 'Loop 1.1'.
INFO: [SCHED 204-61] Pipelining result : Target II = 1, Final II = 1, Depth = 2.
INFO: [SCHED 204-11] Finished scheduling.
INFO: [HLS 200-111]  Elapsed time: 0.796 seconds; current allocated memory: 236.562 MB.
INFO: [BIND 205-100] Starting micro-architecture generation ...
INFO: [BIND 205-101] Performing variable lifetime analysis.
INFO: [BIND 205-101] Exploring resource sharing.
INFO: [BIND 205-101] Binding ...
INFO: [BIND 205-100] Finished micro-architecture generation.
INFO: [HLS 200-111]  Elapsed time: 0.219 seconds; current allocated memory: 237.002 MB.
INFO: [HLS 200-10] ----------------------------------------------------------------
INFO: [HLS 200-42] -- Implementing module 'conv4' 
INFO: [HLS 200-10] ----------------------------------------------------------------
INFO: [SCHED 204-11] Starting scheduling ...
INFO: [SCHED 204-61] Pipelining loop 'Loop 1.1'.
INFO: [SCHED 204-61] Pipelining result : Target II = 1, Final II = 1, Depth = 2.
INFO: [SCHED 204-11] Finished scheduling.
INFO: [HLS 200-111]  Elapsed time: 0.782 seconds; current allocated memory: 237.404 MB.
INFO: [BIND 205-100] Starting micro-architecture generation ...
INFO: [BIND 205-101] Performing variable lifetime analysis.
INFO: [BIND 205-101] Exploring resource sharing.
INFO: [BIND 205-101] Binding ...
INFO: [BIND 205-100] Finished micro-architecture generation.
INFO: [HLS 200-111]  Elapsed time: 0.243 seconds; current allocated memory: 237.979 MB.
INFO: [HLS 200-10] ----------------------------------------------------------------
INFO: [HLS 200-42] -- Implementing module 'conv5' 
INFO: [HLS 200-10] ----------------------------------------------------------------
INFO: [SCHED 204-11] Starting scheduling ...
INFO: [SCHED 204-61] Pipelining loop 'Loop 1.1'.
INFO: [SCHED 204-61] Pipelining result : Target II = 1, Final II = 1, Depth = 2.
INFO: [SCHED 204-11] Finished scheduling.
INFO: [HLS 200-111]  Elapsed time: 0.826 seconds; current allocated memory: 238.345 MB.
INFO: [BIND 205-100] Starting micro-architecture generation ...
INFO: [BIND 205-101] Performing variable lifetime analysis.
INFO: [BIND 205-101] Exploring resource sharing.
INFO: [BIND 205-101] Binding ...
INFO: [BIND 205-100] Finished micro-architecture generation.
INFO: [HLS 200-111]  Elapsed time: 0.238 seconds; current allocated memory: 238.957 MB.
INFO: [HLS 200-10] ----------------------------------------------------------------
INFO: [HLS 200-42] -- Implementing module 'detection_head' 
INFO: [HLS 200-10] ----------------------------------------------------------------
INFO: [SCHED 204-11] Starting scheduling ...
INFO: [SCHED 204-61] Pipelining loop 'Loop 1.2'.
INFO: [SCHED 204-61] Pipelining result : Target II = 1, Final II = 1, Depth = 2.
INFO: [SCHED 204-11] Finished scheduling.
INFO: [HLS 200-111]  Elapsed time: 0.448 seconds; current allocated memory: 239.581 MB.
INFO: [BIND 205-100] Starting micro-architecture generation ...
INFO: [BIND 205-101] Performing variable lifetime analysis.
INFO: [BIND 205-101] Exploring resource sharing.
INFO: [BIND 205-101] Binding ...
INFO: [BIND 205-100] Finished micro-architecture generation.
INFO: [HLS 200-111]  Elapsed time: 0.28 seconds; current allocated memory: 241.043 MB.
INFO: [HLS 200-10] ----------------------------------------------------------------
INFO: [HLS 200-42] -- Implementing module 'topp' 
INFO: [HLS 200-10] ----------------------------------------------------------------
INFO: [SCHED 204-11] Starting scheduling ...
INFO: [SCHED 204-11] Finished scheduling.
INFO: [HLS 200-111]  Elapsed time: 0.999 seconds; current allocated memory: 241.430 MB.
INFO: [BIND 205-100] Starting micro-architecture generation ...
INFO: [BIND 205-101] Performing variable lifetime analysis.
INFO: [BIND 205-101] Exploring resource sharing.
INFO: [BIND 205-101] Binding ...
INFO: [BIND 205-100] Finished micro-architecture generation.
INFO: [HLS 200-111]  Elapsed time: 0.675 seconds; current allocated memory: 243.494 MB.
INFO: [HLS 200-10] ----------------------------------------------------------------
INFO: [HLS 200-10] -- Generating RTL for module 'conv1' 
INFO: [HLS 200-10] ----------------------------------------------------------------
INFO: [RTGEN 206-100] Finished creating RTL model for 'conv1'.
INFO: [HLS 200-111]  Elapsed time: 0.41 seconds; current allocated memory: 244.278 MB.
INFO: [HLS 200-10] ----------------------------------------------------------------
INFO: [HLS 200-10] -- Generating RTL for module 'maxpool1' 
INFO: [HLS 200-10] ----------------------------------------------------------------
INFO: [RTGEN 206-100] Finished creating RTL model for 'maxpool1'.
INFO: [HLS 200-111]  Elapsed time: 0.989 seconds; current allocated memory: 252.304 MB.
INFO: [HLS 200-10] ----------------------------------------------------------------
INFO: [HLS 200-10] -- Generating RTL for module 'conv2' 
INFO: [HLS 200-10] ----------------------------------------------------------------
INFO: [RTGEN 206-100] Finished creating RTL model for 'conv2'.
INFO: [HLS 200-111]  Elapsed time: 2.473 seconds; current allocated memory: 253.682 MB.
INFO: [HLS 200-10] ----------------------------------------------------------------
INFO: [HLS 200-10] -- Generating RTL for module 'maxpool2' 
INFO: [HLS 200-10] ----------------------------------------------------------------
INFO: [RTGEN 206-100] Finished creating RTL model for 'maxpool2'.
INFO: [HLS 200-111]  Elapsed time: 0.424 seconds; current allocated memory: 257.071 MB.
INFO: [HLS 200-10] ----------------------------------------------------------------
INFO: [HLS 200-10] -- Generating RTL for module 'conv3' 
INFO: [HLS 200-10] ----------------------------------------------------------------
INFO: [RTGEN 206-100] Finished creating RTL model for 'conv3'.
INFO: [HLS 200-111]  Elapsed time: 1.044 seconds; current allocated memory: 258.079 MB.
INFO: [HLS 200-10] ----------------------------------------------------------------
INFO: [HLS 200-10] -- Generating RTL for module 'conv4' 
INFO: [HLS 200-10] ----------------------------------------------------------------
INFO: [RTGEN 206-100] Finished creating RTL model for 'conv4'.
INFO: [HLS 200-111]  Elapsed time: 0.373 seconds; current allocated memory: 259.456 MB.
INFO: [HLS 200-10] ----------------------------------------------------------------
INFO: [HLS 200-10] -- Generating RTL for module 'conv5' 
INFO: [HLS 200-10] ----------------------------------------------------------------
INFO: [RTGEN 206-100] Finished creating RTL model for 'conv5'.
INFO: [HLS 200-111]  Elapsed time: 0.487 seconds; current allocated memory: 260.853 MB.
INFO: [HLS 200-10] ----------------------------------------------------------------
INFO: [HLS 200-10] -- Generating RTL for module 'detection_head' 
INFO: [HLS 200-10] ----------------------------------------------------------------
INFO: [SYN 201-210] Renamed object name 'topp_fadd_32ns_32ns_32_5_full_dsp_1' to 'topp_fadd_32ns_32bkb' due to the length limit 20
INFO: [SYN 201-210] Renamed object name 'topp_frecip_32ns_32ns_32_10_full_dsp_1' to 'topp_frecip_32ns_cud' due to the length limit 20
INFO: [SYN 201-210] Renamed object name 'topp_fexp_32ns_32ns_32_9_full_dsp_1' to 'topp_fexp_32ns_32dEe' due to the length limit 20
INFO: [RTGEN 206-100] Generating core module 'topp_fadd_32ns_32bkb': 1 instance(s).
INFO: [RTGEN 206-100] Generating core module 'topp_fexp_32ns_32dEe': 1 instance(s).
INFO: [RTGEN 206-100] Generating core module 'topp_frecip_32ns_cud': 1 instance(s).
INFO: [RTGEN 206-100] Generating core module 'topp_mux_164_32_1_1': 1 instance(s).
INFO: [RTGEN 206-100] Finished creating RTL model for 'detection_head'.
INFO: [HLS 200-111]  Elapsed time: 0.638 seconds; current allocated memory: 262.474 MB.
INFO: [HLS 200-10] ----------------------------------------------------------------
INFO: [HLS 200-10] -- Generating RTL for module 'topp' 
INFO: [HLS 200-10] ----------------------------------------------------------------
INFO: [RTGEN 206-500] Setting interface mode on port 'topp/image_r' to 'ap_memory'.
INFO: [RTGEN 206-500] Setting interface mode on port 'topp/output_r' to 'ap_memory'.
INFO: [RTGEN 206-500] Setting interface mode on function 'topp' to 'ap_ctrl_hs'.
INFO: [SYN 201-210] Renamed object name 'start_for_maxpool1_U0' to 'start_for_maxpooleOg' due to the length limit 20
INFO: [SYN 201-210] Renamed object name 'start_for_maxpool2_U0' to 'start_for_maxpoolfYi' due to the length limit 20
INFO: [SYN 201-210] Renamed object name 'start_for_detection_head_U0' to 'start_for_detectig8j' due to the length limit 20
INFO: [RTGEN 206-100] Finished creating RTL model for 'topp'.
INFO: [HLS 200-111]  Elapsed time: 0.691 seconds; current allocated memory: 264.724 MB.
INFO: [RTMG 210-278] Implementing memory 'conv1_linbu_4_1_0_ram (RAM)' using block RAMs with power-on initialization.
INFO: [RTMG 210-278] Implementing memory 'conv2_linbu_5_1_0_ram (RAM)' using distributed RAMs with power-on initialization.
INFO: [RTMG 210-278] Implementing memory 'conv3_linbu_6_1_0_0_ram (RAM)' using distributed RAMs with power-on initialization.
INFO: [RTMG 210-278] Implementing memory 'conv4_linbu_7_1_0_0_ram (RAM)' using distributed RAMs with power-on initialization.
INFO: [RTMG 210-278] Implementing memory 'conv5_linbu_1_0_0_ram (RAM)' using distributed RAMs with power-on initialization.
INFO: [RTMG 210-285] Implementing FIFO 'f1_0_local_channel_U(fifo_w32_d16_A)' using Shift Registers.
INFO: [RTMG 210-285] Implementing FIFO 'f1_1_local_channel_U(fifo_w32_d16_A)' using Shift Registers.
INFO: [RTMG 210-285] Implementing FIFO 'f1_2_local_channel_U(fifo_w32_d16_A)' using Shift Registers.
INFO: [RTMG 210-285] Implementing FIFO 'f1_3_local_channel_U(fifo_w32_d16_A)' using Shift Registers.
INFO: [RTMG 210-285] Implementing FIFO 'f1_4_local_channel_U(fifo_w32_d16_A)' using Shift Registers.
INFO: [RTMG 210-285] Implementing FIFO 'f1_5_local_channel_U(fifo_w32_d16_A)' using Shift Registers.
INFO: [RTMG 210-285] Implementing FIFO 'f1_6_local_channel_U(fifo_w32_d16_A)' using Shift Registers.
INFO: [RTMG 210-285] Implementing FIFO 'f1_7_local_channel_U(fifo_w32_d16_A)' using Shift Registers.
INFO: [RTMG 210-285] Implementing FIFO 'p1_0_local_channel_U(fifo_w32_d16_A)' using Shift Registers.
INFO: [RTMG 210-285] Implementing FIFO 'p1_1_local_channel_U(fifo_w32_d16_A)' using Shift Registers.
INFO: [RTMG 210-285] Implementing FIFO 'p1_2_local_channel_U(fifo_w32_d16_A)' using Shift Registers.
INFO: [RTMG 210-285] Implementing FIFO 'p1_3_local_channel_U(fifo_w32_d16_A)' using Shift Registers.
INFO: [RTMG 210-285] Implementing FIFO 'p1_4_local_channel_U(fifo_w32_d16_A)' using Shift Registers.
INFO: [RTMG 210-285] Implementing FIFO 'p1_5_local_channel_U(fifo_w32_d16_A)' using Shift Registers.
INFO: [RTMG 210-285] Implementing FIFO 'p1_6_local_channel_U(fifo_w32_d16_A)' using Shift Registers.
INFO: [RTMG 210-285] Implementing FIFO 'p1_7_local_channel_U(fifo_w32_d16_A)' using Shift Registers.
INFO: [RTMG 210-285] Implementing FIFO 'f2_0_local_channel_U(fifo_w32_d16_A)' using Shift Registers.
INFO: [RTMG 210-285] Implementing FIFO 'f2_1_local_channel_U(fifo_w32_d16_A)' using Shift Registers.
INFO: [RTMG 210-285] Implementing FIFO 'f2_2_local_channel_U(fifo_w32_d16_A)' using Shift Registers.
INFO: [RTMG 210-285] Implementing FIFO 'f2_3_local_channel_U(fifo_w32_d16_A)' using Shift Registers.
INFO: [RTMG 210-285] Implementing FIFO 'f2_4_local_channel_U(fifo_w32_d16_A)' using Shift Registers.
INFO: [RTMG 210-285] Implementing FIFO 'f2_5_local_channel_U(fifo_w32_d16_A)' using Shift Registers.
INFO: [RTMG 210-285] Implementing FIFO 'f2_6_local_channel_U(fifo_w32_d16_A)' using Shift Registers.
INFO: [RTMG 210-285] Implementing FIFO 'f2_7_local_channel_U(fifo_w32_d16_A)' using Shift Registers.
INFO: [RTMG 210-285] Implementing FIFO 'p2_0_local_channel_U(fifo_w32_d16_A)' using Shift Registers.
INFO: [RTMG 210-285] Implementing FIFO 'p2_1_local_channel_U(fifo_w32_d16_A)' using Shift Registers.
INFO: [RTMG 210-285] Implementing FIFO 'p2_2_local_channel_U(fifo_w32_d16_A)' using Shift Registers.
INFO: [RTMG 210-285] Implementing FIFO 'p2_3_local_channel_U(fifo_w32_d16_A)' using Shift Registers.
INFO: [RTMG 210-285] Implementing FIFO 'p2_4_local_channel_U(fifo_w32_d16_A)' using Shift Registers.
INFO: [RTMG 210-285] Implementing FIFO 'p2_5_local_channel_U(fifo_w32_d16_A)' using Shift Registers.
INFO: [RTMG 210-285] Implementing FIFO 'p2_6_local_channel_U(fifo_w32_d16_A)' using Shift Registers.
INFO: [RTMG 210-285] Implementing FIFO 'p2_7_local_channel_U(fifo_w32_d16_A)' using Shift Registers.
INFO: [RTMG 210-285] Implementing FIFO 'f3_0_local_channel_U(fifo_w32_d16_A)' using Shift Registers.
INFO: [RTMG 210-285] Implementing FIFO 'f3_1_local_channel_U(fifo_w32_d16_A)' using Shift Registers.
INFO: [RTMG 210-285] Implementing FIFO 'f3_2_local_channel_U(fifo_w32_d16_A)' using Shift Registers.
INFO: [RTMG 210-285] Implementing FIFO 'f3_3_local_channel_U(fifo_w32_d16_A)' using Shift Registers.
INFO: [RTMG 210-285] Implementing FIFO 'f3_4_local_channel_U(fifo_w32_d16_A)' using Shift Registers.
INFO: [RTMG 210-285] Implementing FIFO 'f3_5_local_channel_U(fifo_w32_d16_A)' using Shift Registers.
INFO: [RTMG 210-285] Implementing FIFO 'f3_6_local_channel_U(fifo_w32_d16_A)' using Shift Registers.
INFO: [RTMG 210-285] Implementing FIFO 'f3_7_local_channel_U(fifo_w32_d16_A)' using Shift Registers.
INFO: [RTMG 210-285] Implementing FIFO 'f4_0_local_channel_U(fifo_w32_d16_A)' using Shift Registers.
INFO: [RTMG 210-285] Implementing FIFO 'f4_1_local_channel_U(fifo_w32_d16_A)' using Shift Registers.
INFO: [RTMG 210-285] Implementing FIFO 'f4_2_local_channel_U(fifo_w32_d16_A)' using Shift Registers.
INFO: [RTMG 210-285] Implementing FIFO 'f4_3_local_channel_U(fifo_w32_d16_A)' using Shift Registers.
INFO: [RTMG 210-285] Implementing FIFO 'f4_4_local_channel_U(fifo_w32_d16_A)' using Shift Registers.
INFO: [RTMG 210-285] Implementing FIFO 'f4_5_local_channel_U(fifo_w32_d16_A)' using Shift Registers.
INFO: [RTMG 210-285] Implementing FIFO 'f4_6_local_channel_U(fifo_w32_d16_A)' using Shift Registers.
INFO: [RTMG 210-285] Implementing FIFO 'f4_7_local_channel_U(fifo_w32_d16_A)' using Shift Registers.
INFO: [RTMG 210-285] Implementing FIFO 'f5_0_local_channel_U(fifo_w32_d16_A)' using Shift Registers.
INFO: [RTMG 210-285] Implementing FIFO 'f5_1_local_channel_U(fifo_w32_d16_A)' using Shift Registers.
INFO: [RTMG 210-285] Implementing FIFO 'f5_2_local_channel_U(fifo_w32_d16_A)' using Shift Registers.
INFO: [RTMG 210-285] Implementing FIFO 'f5_3_local_channel_U(fifo_w32_d16_A)' using Shift Registers.
INFO: [RTMG 210-285] Implementing FIFO 'f5_4_local_channel_U(fifo_w32_d16_A)' using Shift Registers.
INFO: [RTMG 210-285] Implementing FIFO 'f5_5_local_channel_U(fifo_w32_d16_A)' using Shift Registers.
INFO: [RTMG 210-285] Implementing FIFO 'f5_6_local_channel_U(fifo_w32_d16_A)' using Shift Registers.
INFO: [RTMG 210-285] Implementing FIFO 'f5_7_local_channel_U(fifo_w32_d16_A)' using Shift Registers.
INFO: [RTMG 210-285] Implementing FIFO 'start_for_maxpooleOg_U(start_for_maxpooleOg)' using Shift Registers.
INFO: [RTMG 210-285] Implementing FIFO 'start_for_conv2_U0_U(start_for_conv2_U0)' using Shift Registers.
INFO: [RTMG 210-285] Implementing FIFO 'start_for_maxpoolfYi_U(start_for_maxpoolfYi)' using Shift Registers.
INFO: [RTMG 210-285] Implementing FIFO 'start_for_conv3_U0_U(start_for_conv3_U0)' using Shift Registers.
INFO: [RTMG 210-285] Implementing FIFO 'start_for_conv4_U0_U(start_for_conv4_U0)' using Shift Registers.
INFO: [RTMG 210-285] Implementing FIFO 'start_for_conv5_U0_U(start_for_conv5_U0)' using Shift Registers.
INFO: [RTMG 210-285] Implementing FIFO 'start_for_detectig8j_U(start_for_detectig8j)' using Shift Registers.
INFO: [HLS 200-111] Finished generating all RTL models Time (s): cpu = 00:00:43 ; elapsed = 00:01:04 . Memory (MB): peak = 378.555 ; gain = 293.660
INFO: [SYSC 207-301] Generating SystemC RTL for topp.
INFO: [VHDL 208-304] Generating VHDL RTL for topp.
INFO: [VLOG 209-307] Generating Verilog RTL for topp.
INFO: [HLS 200-112] Total elapsed time: 63.82 seconds; peak allocated memory: 264.724 MB.
