

================================================================
== Vivado HLS Report for 'conv5'
================================================================
* Date:           Sun Jun  7 19:29:33 2026

* Version:        2018.3 (Build 2405991 on Thu Dec 06 23:56:15 MST 2018)
* Project:        finalproj
* Solution:       nodirective
* Product family: zynq
* Target device:  xc7z020clg484-1


================================================================
== Performance Estimates
================================================================
+ Timing (ns): 
    * Summary: 
    +--------+-------+----------+------------+
    |  Clock | Target| Estimated| Uncertainty|
    +--------+-------+----------+------------+
    |ap_clk  |  10.00|     8.584|        1.25|
    +--------+-------+----------+------------+

+ Latency (clock cycles): 
    * Summary: 
    +---------+---------+---------+---------+---------+
    |      Latency      |      Interval     | Pipeline|
    |   min   |   max   |   min   |   max   |   Type  |
    +---------+---------+---------+---------+---------+
    |  7017025|  7017025|  7017025|  7017025|   none  |
    +---------+---------+---------+---------+---------+

    + Detail: 
        * Instance: 
        N/A

        * Loop: 
        +-----------------------------+---------+---------+----------+-----------+-----------+------+----------+
        |                             |      Latency      | Iteration|  Initiation Interval  | Trip |          |
        |          Loop Name          |   min   |   max   |  Latency |  achieved |   target  | Count| Pipelined|
        +-----------------------------+---------+---------+----------+-----------+-----------+------+----------+
        |- Loop 1                     |  7017024|  7017024|    219282|          -|          -|    32|    no    |
        | + Loop 1.1                  |   219280|   219280|     27410|          -|          -|     8|    no    |
        |  ++ Loop 1.1.1              |    27408|    27408|      3426|          -|          -|     8|    no    |
        |   +++ Loop 1.1.1.1          |     3424|     3424|       107|          -|          -|    32|    no    |
        |    ++++ Loop 1.1.1.1.1      |      105|      105|        35|          -|          -|     3|    no    |
        |     +++++ Loop 1.1.1.1.1.1  |       33|       33|        11|          -|          -|     3|    no    |
        +-----------------------------+---------+---------+----------+-----------+-----------+------+----------+

============================================================
+ Verbose Summary: Synthesis Manager
============================================================
InlineROM: 1
ExposeGlobal: 0
============================================================
+ Verbose Summary: CDFG Model
============================================================
IsTopModel: 0
ResetActiveHigh: 1
IsCombinational: 0
IsDatapathOnly: 0
HasWiredReturn: 1
HasMFsm: 0
HasVarLatency: 1
IsPipeline: 0
IsRtlPipelined: 0
IsInstanceOverlapped: 0
IsDontTouch: 0
HasImplIP: 0
IsGatedGlobalClock: 0


============================================================
+ Verbose Summary: Schedule
============================================================
* Number of FSM states : 17
* Pipeline : 0
* Dataflow Pipeline: 0

* FSM state transitions: 
1 --> 
	2  / true
2 --> 
	3  / (!exitcond5)
3 --> 
	4  / (!exitcond4)
	2  / (exitcond4)
4 --> 
	5  / (!exitcond3)
	3  / (exitcond3)
5 --> 
	6  / (!exitcond2)
	4  / (exitcond2)
6 --> 
	7  / (!exitcond1)
	5  / (exitcond1)
7 --> 
	8  / (!exitcond)
	6  / (exitcond)
8 --> 
	9  / true
9 --> 
	10  / true
10 --> 
	11  / true
11 --> 
	12  / true
12 --> 
	13  / true
13 --> 
	14  / true
14 --> 
	15  / true
15 --> 
	16  / true
16 --> 
	17  / true
17 --> 
	7  / true

* FSM state operations: 

State 1 <SV = 0> <Delay = 1.76>
ST_1 : Operation 18 [1/1] (1.76ns)   --->   "br label %.loopexit" [topp.c:274]   --->   Operation 18 'br' <Predicate = true> <Delay = 1.76>

State 2 <SV = 1> <Delay = 1.82>
ST_2 : Operation 19 [1/1] (0.00ns)   --->   "%oc = phi i6 [ 0, %0 ], [ %oc_2, %.loopexit.loopexit ]"   --->   Operation 19 'phi' 'oc' <Predicate = true> <Delay = 0.00>
ST_2 : Operation 20 [1/1] (1.42ns)   --->   "%exitcond5 = icmp eq i6 %oc, -32" [topp.c:274]   --->   Operation 20 'icmp' 'exitcond5' <Predicate = true> <Delay = 1.42> <Core = "Cmp">   --->   Core 25 'Cmp' <Latency = 0> <II = 1> <Delay = 0.95> <FuncUnit> <Opcode : 'icmp'> <InPorts = 2> <OutPorts = 1>
ST_2 : Operation 21 [1/1] (0.00ns)   --->   "%empty = call i32 (...)* @_ssdm_op_SpecLoopTripCount(i64 32, i64 32, i64 32)"   --->   Operation 21 'speclooptripcount' 'empty' <Predicate = true> <Delay = 0.00>
ST_2 : Operation 22 [1/1] (1.82ns)   --->   "%oc_2 = add i6 %oc, 1" [topp.c:274]   --->   Operation 22 'add' 'oc_2' <Predicate = true> <Delay = 1.82> <Core = "AddSub">   --->   Core 14 'AddSub' <Latency = 0> <II = 1> <Delay = 1.67> <FuncUnit> <Opcode : 'add' 'sub'> <InPorts = 2> <OutPorts = 1>
ST_2 : Operation 23 [1/1] (0.00ns)   --->   "br i1 %exitcond5, label %3, label %.preheader8.preheader" [topp.c:274]   --->   Operation 23 'br' <Predicate = true> <Delay = 0.00>
ST_2 : Operation 24 [1/1] (0.00ns)   --->   "%tmp_cast = zext i6 %oc to i13" [topp.c:276]   --->   Operation 24 'zext' 'tmp_cast' <Predicate = (!exitcond5)> <Delay = 0.00>
ST_2 : Operation 25 [1/1] (1.76ns)   --->   "br label %.preheader8" [topp.c:276]   --->   Operation 25 'br' <Predicate = (!exitcond5)> <Delay = 1.76>
ST_2 : Operation 26 [1/1] (0.00ns)   --->   "ret void" [topp.c:299]   --->   Operation 26 'ret' <Predicate = (exitcond5)> <Delay = 0.00>

State 3 <SV = 2> <Delay = 1.76>
ST_3 : Operation 27 [1/1] (0.00ns)   --->   "%r = phi i4 [ 0, %.preheader8.preheader ], [ %r_4, %.preheader8.loopexit ]"   --->   Operation 27 'phi' 'r' <Predicate = true> <Delay = 0.00>
ST_3 : Operation 28 [1/1] (1.30ns)   --->   "%exitcond4 = icmp eq i4 %r, -8" [topp.c:276]   --->   Operation 28 'icmp' 'exitcond4' <Predicate = true> <Delay = 1.30> <Core = "Cmp">   --->   Core 25 'Cmp' <Latency = 0> <II = 1> <Delay = 0.95> <FuncUnit> <Opcode : 'icmp'> <InPorts = 2> <OutPorts = 1>
ST_3 : Operation 29 [1/1] (0.00ns)   --->   "%empty_20 = call i32 (...)* @_ssdm_op_SpecLoopTripCount(i64 8, i64 8, i64 8)"   --->   Operation 29 'speclooptripcount' 'empty_20' <Predicate = true> <Delay = 0.00>
ST_3 : Operation 30 [1/1] (1.73ns)   --->   "%r_4 = add i4 %r, 1" [topp.c:276]   --->   Operation 30 'add' 'r_4' <Predicate = true> <Delay = 1.73> <Core = "AddSub">   --->   Core 14 'AddSub' <Latency = 0> <II = 1> <Delay = 1.67> <FuncUnit> <Opcode : 'add' 'sub'> <InPorts = 2> <OutPorts = 1>
ST_3 : Operation 31 [1/1] (0.00ns)   --->   "br i1 %exitcond4, label %.loopexit.loopexit, label %.preheader7.preheader" [topp.c:276]   --->   Operation 31 'br' <Predicate = true> <Delay = 0.00>
ST_3 : Operation 32 [1/1] (0.00ns)   --->   "%tmp_s = call i7 @_ssdm_op_BitConcatenate.i7.i4.i3(i4 %r, i3 0)" [topp.c:276]   --->   Operation 32 'bitconcatenate' 'tmp_s' <Predicate = (!exitcond4)> <Delay = 0.00>
ST_3 : Operation 33 [1/1] (0.00ns)   --->   "%tmp_69_cast = zext i7 %tmp_s to i8" [topp.c:278]   --->   Operation 33 'zext' 'tmp_69_cast' <Predicate = (!exitcond4)> <Delay = 0.00>
ST_3 : Operation 34 [1/1] (1.76ns)   --->   "br label %.preheader7" [topp.c:278]   --->   Operation 34 'br' <Predicate = (!exitcond4)> <Delay = 1.76>
ST_3 : Operation 35 [1/1] (0.00ns)   --->   "br label %.loopexit"   --->   Operation 35 'br' <Predicate = (exitcond4)> <Delay = 0.00>

State 4 <SV = 3> <Delay = 1.76>
ST_4 : Operation 36 [1/1] (0.00ns)   --->   "%c = phi i4 [ %c_4, %2 ], [ 0, %.preheader7.preheader ]"   --->   Operation 36 'phi' 'c' <Predicate = true> <Delay = 0.00>
ST_4 : Operation 37 [1/1] (1.30ns)   --->   "%exitcond3 = icmp eq i4 %c, -8" [topp.c:278]   --->   Operation 37 'icmp' 'exitcond3' <Predicate = true> <Delay = 1.30> <Core = "Cmp">   --->   Core 25 'Cmp' <Latency = 0> <II = 1> <Delay = 0.95> <FuncUnit> <Opcode : 'icmp'> <InPorts = 2> <OutPorts = 1>
ST_4 : Operation 38 [1/1] (0.00ns)   --->   "%empty_21 = call i32 (...)* @_ssdm_op_SpecLoopTripCount(i64 8, i64 8, i64 8)"   --->   Operation 38 'speclooptripcount' 'empty_21' <Predicate = true> <Delay = 0.00>
ST_4 : Operation 39 [1/1] (1.73ns)   --->   "%c_4 = add i4 %c, 1" [topp.c:278]   --->   Operation 39 'add' 'c_4' <Predicate = true> <Delay = 1.73> <Core = "AddSub">   --->   Core 14 'AddSub' <Latency = 0> <II = 1> <Delay = 1.67> <FuncUnit> <Opcode : 'add' 'sub'> <InPorts = 2> <OutPorts = 1>
ST_4 : Operation 40 [1/1] (0.00ns)   --->   "br i1 %exitcond3, label %.preheader8.loopexit, label %.preheader1.preheader" [topp.c:278]   --->   Operation 40 'br' <Predicate = true> <Delay = 0.00>
ST_4 : Operation 41 [1/1] (1.76ns)   --->   "br label %.preheader1" [topp.c:283]   --->   Operation 41 'br' <Predicate = (!exitcond3)> <Delay = 1.76>
ST_4 : Operation 42 [1/1] (0.00ns)   --->   "br label %.preheader8"   --->   Operation 42 'br' <Predicate = (exitcond3)> <Delay = 0.00>

State 5 <SV = 4> <Delay = 6.80>
ST_5 : Operation 43 [1/1] (0.00ns)   --->   "%sum3 = phi float [ %sum_1, %.preheader1.loopexit ], [ 0.000000e+00, %.preheader1.preheader ]" [topp.c:291]   --->   Operation 43 'phi' 'sum3' <Predicate = true> <Delay = 0.00>
ST_5 : Operation 44 [1/1] (0.00ns)   --->   "%ic = phi i6 [ %ic_2, %.preheader1.loopexit ], [ 0, %.preheader1.preheader ]"   --->   Operation 44 'phi' 'ic' <Predicate = true> <Delay = 0.00>
ST_5 : Operation 45 [1/1] (1.42ns)   --->   "%exitcond2 = icmp eq i6 %ic, -32" [topp.c:283]   --->   Operation 45 'icmp' 'exitcond2' <Predicate = true> <Delay = 1.42> <Core = "Cmp">   --->   Core 25 'Cmp' <Latency = 0> <II = 1> <Delay = 0.95> <FuncUnit> <Opcode : 'icmp'> <InPorts = 2> <OutPorts = 1>
ST_5 : Operation 46 [1/1] (0.00ns)   --->   "%empty_22 = call i32 (...)* @_ssdm_op_SpecLoopTripCount(i64 32, i64 32, i64 32)"   --->   Operation 46 'speclooptripcount' 'empty_22' <Predicate = true> <Delay = 0.00>
ST_5 : Operation 47 [1/1] (1.82ns)   --->   "%ic_2 = add i6 %ic, 1" [topp.c:283]   --->   Operation 47 'add' 'ic_2' <Predicate = true> <Delay = 1.82> <Core = "AddSub">   --->   Core 14 'AddSub' <Latency = 0> <II = 1> <Delay = 1.67> <FuncUnit> <Opcode : 'add' 'sub'> <InPorts = 2> <OutPorts = 1>
ST_5 : Operation 48 [1/1] (0.00ns)   --->   "br i1 %exitcond2, label %2, label %.preheader6.preheader" [topp.c:283]   --->   Operation 48 'br' <Predicate = true> <Delay = 0.00>
ST_5 : Operation 49 [1/1] (0.00ns)   --->   "%tmp_14_cast = zext i6 %ic to i13" [topp.c:286]   --->   Operation 49 'zext' 'tmp_14_cast' <Predicate = (!exitcond2)> <Delay = 0.00>
ST_5 : Operation 50 [1/1] (1.76ns)   --->   "br label %.preheader6" [topp.c:286]   --->   Operation 50 'br' <Predicate = (!exitcond2)> <Delay = 1.76>
ST_5 : Operation 51 [1/1] (0.00ns)   --->   "%tmp_13_cast = zext i4 %c to i8" [topp.c:295]   --->   Operation 51 'zext' 'tmp_13_cast' <Predicate = (exitcond2)> <Delay = 0.00>
ST_5 : Operation 52 [1/1] (1.87ns)   --->   "%tmp_49 = add i8 %tmp_13_cast, %tmp_69_cast" [topp.c:295]   --->   Operation 52 'add' 'tmp_49' <Predicate = (exitcond2)> <Delay = 1.87> <Core = "AddSub">   --->   Core 14 'AddSub' <Latency = 0> <II = 1> <Delay = 1.67> <FuncUnit> <Opcode : 'add' 'sub'> <InPorts = 2> <OutPorts = 1>
ST_5 : Operation 53 [1/1] (0.00ns)   --->   "%tmp_72_cast = call i13 @_ssdm_op_BitConcatenate.i13.i8.i5(i8 %tmp_49, i5 0)" [topp.c:295]   --->   Operation 53 'bitconcatenate' 'tmp_72_cast' <Predicate = (exitcond2)> <Delay = 0.00>
ST_5 : Operation 54 [1/1] (1.67ns)   --->   "%tmp_50 = add i13 %tmp_cast, %tmp_72_cast" [topp.c:295]   --->   Operation 54 'add' 'tmp_50' <Predicate = (exitcond2)> <Delay = 1.67> <Core = "AddSub">   --->   Core 14 'AddSub' <Latency = 0> <II = 1> <Delay = 1.67> <FuncUnit> <Opcode : 'add' 'sub'> <InPorts = 2> <OutPorts = 1>
ST_5 : Operation 55 [1/1] (0.00ns)   --->   "%tmp_73_cast = zext i13 %tmp_50 to i64" [topp.c:295]   --->   Operation 55 'zext' 'tmp_73_cast' <Predicate = (exitcond2)> <Delay = 0.00>
ST_5 : Operation 56 [1/1] (0.00ns)   --->   "%out_addr = getelementptr [2048 x float]* %out_r, i64 0, i64 %tmp_73_cast" [topp.c:295]   --->   Operation 56 'getelementptr' 'out_addr' <Predicate = (exitcond2)> <Delay = 0.00>
ST_5 : Operation 57 [1/1] (3.25ns)   --->   "store float %sum3, float* %out_addr, align 4" [topp.c:295]   --->   Operation 57 'store' <Predicate = (exitcond2)> <Delay = 3.25> <Core = "RAM">   --->   Core 37 'RAM' <Latency = 1> <II = 1> <Delay = 3.25> <Storage> <Opcode : 'load' 'store'> <Ports = 2> <Width = 32> <Depth = 2048> <RAM>
ST_5 : Operation 58 [1/1] (0.00ns)   --->   "br label %.preheader7" [topp.c:278]   --->   Operation 58 'br' <Predicate = (exitcond2)> <Delay = 0.00>

State 6 <SV = 5> <Delay = 3.60>
ST_6 : Operation 59 [1/1] (0.00ns)   --->   "%sum_1 = phi float [ %sum3, %.preheader6.preheader ], [ %sum_2, %.preheader6.loopexit ]" [topp.c:291]   --->   Operation 59 'phi' 'sum_1' <Predicate = true> <Delay = 0.00>
ST_6 : Operation 60 [1/1] (0.00ns)   --->   "%kr = phi i2 [ 0, %.preheader6.preheader ], [ %kr_1, %.preheader6.loopexit ]"   --->   Operation 60 'phi' 'kr' <Predicate = true> <Delay = 0.00>
ST_6 : Operation 61 [1/1] (0.00ns)   --->   "%kr_cast2 = zext i2 %kr to i4" [topp.c:286]   --->   Operation 61 'zext' 'kr_cast2' <Predicate = true> <Delay = 0.00>
ST_6 : Operation 62 [1/1] (0.95ns)   --->   "%exitcond1 = icmp eq i2 %kr, -1" [topp.c:286]   --->   Operation 62 'icmp' 'exitcond1' <Predicate = true> <Delay = 0.95> <Core = "Cmp">   --->   Core 25 'Cmp' <Latency = 0> <II = 1> <Delay = 0.95> <FuncUnit> <Opcode : 'icmp'> <InPorts = 2> <OutPorts = 1>
ST_6 : Operation 63 [1/1] (0.00ns)   --->   "%empty_23 = call i32 (...)* @_ssdm_op_SpecLoopTripCount(i64 3, i64 3, i64 3)"   --->   Operation 63 'speclooptripcount' 'empty_23' <Predicate = true> <Delay = 0.00>
ST_6 : Operation 64 [1/1] (1.56ns)   --->   "%kr_1 = add i2 %kr, 1" [topp.c:286]   --->   Operation 64 'add' 'kr_1' <Predicate = true> <Delay = 1.56> <Core = "AddSub">   --->   Core 14 'AddSub' <Latency = 0> <II = 1> <Delay = 1.67> <FuncUnit> <Opcode : 'add' 'sub'> <InPorts = 2> <OutPorts = 1>
ST_6 : Operation 65 [1/1] (0.00ns)   --->   "br i1 %exitcond1, label %.preheader1.loopexit, label %.preheader.preheader" [topp.c:286]   --->   Operation 65 'br' <Predicate = true> <Delay = 0.00>
ST_6 : Operation 66 [1/1] (1.73ns)   --->   "%tmp_15 = add i4 %kr_cast2, %r" [topp.c:291]   --->   Operation 66 'add' 'tmp_15' <Predicate = (!exitcond1)> <Delay = 1.73> <Core = "AddSub">   --->   Core 14 'AddSub' <Latency = 0> <II = 1> <Delay = 1.67> <FuncUnit> <Opcode : 'add' 'sub'> <InPorts = 2> <OutPorts = 1>
ST_6 : Operation 67 [1/1] (0.00ns)   --->   "%tmp_51 = call i7 @_ssdm_op_BitConcatenate.i7.i4.i3(i4 %tmp_15, i3 0)" [topp.c:291]   --->   Operation 67 'bitconcatenate' 'tmp_51' <Predicate = (!exitcond1)> <Delay = 0.00>
ST_6 : Operation 68 [1/1] (0.00ns)   --->   "%p_shl_cast = zext i7 %tmp_51 to i8" [topp.c:291]   --->   Operation 68 'zext' 'p_shl_cast' <Predicate = (!exitcond1)> <Delay = 0.00>
ST_6 : Operation 69 [1/1] (0.00ns)   --->   "%tmp_52 = call i5 @_ssdm_op_BitConcatenate.i5.i4.i1(i4 %tmp_15, i1 false)" [topp.c:291]   --->   Operation 69 'bitconcatenate' 'tmp_52' <Predicate = (!exitcond1)> <Delay = 0.00>
ST_6 : Operation 70 [1/1] (0.00ns)   --->   "%p_shl1_cast = zext i5 %tmp_52 to i8" [topp.c:291]   --->   Operation 70 'zext' 'p_shl1_cast' <Predicate = (!exitcond1)> <Delay = 0.00>
ST_6 : Operation 71 [1/1] (1.87ns)   --->   "%tmp_53 = add i8 %p_shl1_cast, %p_shl_cast" [topp.c:291]   --->   Operation 71 'add' 'tmp_53' <Predicate = (!exitcond1)> <Delay = 1.87> <Core = "AddSub">   --->   Core 14 'AddSub' <Latency = 0> <II = 1> <Delay = 1.67> <FuncUnit> <Opcode : 'add' 'sub'> <InPorts = 2> <OutPorts = 1>
ST_6 : Operation 72 [1/1] (1.76ns)   --->   "br label %.preheader" [topp.c:289]   --->   Operation 72 'br' <Predicate = (!exitcond1)> <Delay = 1.76>
ST_6 : Operation 73 [1/1] (0.00ns)   --->   "br label %.preheader1"   --->   Operation 73 'br' <Predicate = (exitcond1)> <Delay = 0.00>

State 7 <SV = 6> <Delay = 8.58>
ST_7 : Operation 74 [1/1] (0.00ns)   --->   "%sum_2 = phi float [ %sum, %1 ], [ %sum_1, %.preheader.preheader ]"   --->   Operation 74 'phi' 'sum_2' <Predicate = true> <Delay = 0.00>
ST_7 : Operation 75 [1/1] (0.00ns)   --->   "%kc = phi i2 [ %kc_1, %1 ], [ 0, %.preheader.preheader ]"   --->   Operation 75 'phi' 'kc' <Predicate = true> <Delay = 0.00>
ST_7 : Operation 76 [1/1] (0.00ns)   --->   "%kc_cast1 = zext i2 %kc to i4" [topp.c:289]   --->   Operation 76 'zext' 'kc_cast1' <Predicate = true> <Delay = 0.00>
ST_7 : Operation 77 [1/1] (0.95ns)   --->   "%exitcond = icmp eq i2 %kc, -1" [topp.c:289]   --->   Operation 77 'icmp' 'exitcond' <Predicate = true> <Delay = 0.95> <Core = "Cmp">   --->   Core 25 'Cmp' <Latency = 0> <II = 1> <Delay = 0.95> <FuncUnit> <Opcode : 'icmp'> <InPorts = 2> <OutPorts = 1>
ST_7 : Operation 78 [1/1] (0.00ns)   --->   "%empty_24 = call i32 (...)* @_ssdm_op_SpecLoopTripCount(i64 3, i64 3, i64 3)"   --->   Operation 78 'speclooptripcount' 'empty_24' <Predicate = true> <Delay = 0.00>
ST_7 : Operation 79 [1/1] (1.56ns)   --->   "%kc_1 = add i2 %kc, 1" [topp.c:289]   --->   Operation 79 'add' 'kc_1' <Predicate = true> <Delay = 1.56> <Core = "AddSub">   --->   Core 14 'AddSub' <Latency = 0> <II = 1> <Delay = 1.67> <FuncUnit> <Opcode : 'add' 'sub'> <InPorts = 2> <OutPorts = 1>
ST_7 : Operation 80 [1/1] (0.00ns)   --->   "br i1 %exitcond, label %.preheader6.loopexit, label %1" [topp.c:289]   --->   Operation 80 'br' <Predicate = true> <Delay = 0.00>
ST_7 : Operation 81 [1/1] (1.73ns)   --->   "%tmp_17 = add i4 %c, %kc_cast1" [topp.c:291]   --->   Operation 81 'add' 'tmp_17' <Predicate = (!exitcond)> <Delay = 1.73> <Core = "AddSub">   --->   Core 14 'AddSub' <Latency = 0> <II = 1> <Delay = 1.67> <FuncUnit> <Opcode : 'add' 'sub'> <InPorts = 2> <OutPorts = 1>
ST_7 : Operation 82 [1/1] (0.00ns)   --->   "%tmp_18_cast = zext i4 %tmp_17 to i8" [topp.c:291]   --->   Operation 82 'zext' 'tmp_18_cast' <Predicate = (!exitcond)> <Delay = 0.00>
ST_7 : Operation 83 [1/1] (1.91ns)   --->   "%tmp_54 = add i8 %tmp_18_cast, %tmp_53" [topp.c:291]   --->   Operation 83 'add' 'tmp_54' <Predicate = (!exitcond)> <Delay = 1.91> <Core = "AddSub">   --->   Core 14 'AddSub' <Latency = 0> <II = 1> <Delay = 1.67> <FuncUnit> <Opcode : 'add' 'sub'> <InPorts = 2> <OutPorts = 1>
ST_7 : Operation 84 [1/1] (0.00ns)   --->   "%tmp_79_cast = call i13 @_ssdm_op_BitConcatenate.i13.i8.i5(i8 %tmp_54, i5 0)" [topp.c:291]   --->   Operation 84 'bitconcatenate' 'tmp_79_cast' <Predicate = (!exitcond)> <Delay = 0.00>
ST_7 : Operation 85 [1/1] (1.67ns)   --->   "%tmp_55 = add i13 %tmp_14_cast, %tmp_79_cast" [topp.c:291]   --->   Operation 85 'add' 'tmp_55' <Predicate = (!exitcond)> <Delay = 1.67> <Core = "AddSub">   --->   Core 14 'AddSub' <Latency = 0> <II = 1> <Delay = 1.67> <FuncUnit> <Opcode : 'add' 'sub'> <InPorts = 2> <OutPorts = 1>
ST_7 : Operation 86 [1/1] (0.00ns)   --->   "%tmp_80_cast = zext i13 %tmp_55 to i64" [topp.c:291]   --->   Operation 86 'zext' 'tmp_80_cast' <Predicate = (!exitcond)> <Delay = 0.00>
ST_7 : Operation 87 [1/1] (0.00ns)   --->   "%f4_addr = getelementptr [3200 x float]* @f4, i64 0, i64 %tmp_80_cast" [topp.c:291]   --->   Operation 87 'getelementptr' 'f4_addr' <Predicate = (!exitcond)> <Delay = 0.00>
ST_7 : Operation 88 [2/2] (3.25ns)   --->   "%f4_load = load float* %f4_addr, align 4" [topp.c:291]   --->   Operation 88 'load' 'f4_load' <Predicate = (!exitcond)> <Delay = 3.25> <Core = "RAM">   --->   Core 37 'RAM' <Latency = 1> <II = 1> <Delay = 3.25> <Storage> <Opcode : 'load' 'store'> <Ports = 2> <Width = 32> <Depth = 2048> <RAM>
ST_7 : Operation 89 [1/1] (0.00ns)   --->   "br label %.preheader6"   --->   Operation 89 'br' <Predicate = (exitcond)> <Delay = 0.00>

State 8 <SV = 7> <Delay = 3.25>
ST_8 : Operation 90 [1/2] (3.25ns)   --->   "%f4_load = load float* %f4_addr, align 4" [topp.c:291]   --->   Operation 90 'load' 'f4_load' <Predicate = true> <Delay = 3.25> <Core = "RAM">   --->   Core 37 'RAM' <Latency = 1> <II = 1> <Delay = 3.25> <Storage> <Opcode : 'load' 'store'> <Ports = 2> <Width = 32> <Depth = 2048> <RAM>

State 9 <SV = 8> <Delay = 5.70>
ST_9 : Operation 91 [4/4] (5.70ns)   --->   "%tmp_19 = fmul float %f4_load, 0.000000e+00" [topp.c:291]   --->   Operation 91 'fmul' 'tmp_19' <Predicate = true> <Delay = 5.70> <Core = "FMul">   --->   Core 105 'FMul' <Latency = 3> <II = 1> <Delay = 5.70> <FuncUnit> <Opcode : 'fmul'> <InPorts = 2> <OutPorts = 1>

State 10 <SV = 9> <Delay = 5.70>
ST_10 : Operation 92 [3/4] (5.70ns)   --->   "%tmp_19 = fmul float %f4_load, 0.000000e+00" [topp.c:291]   --->   Operation 92 'fmul' 'tmp_19' <Predicate = true> <Delay = 5.70> <Core = "FMul">   --->   Core 105 'FMul' <Latency = 3> <II = 1> <Delay = 5.70> <FuncUnit> <Opcode : 'fmul'> <InPorts = 2> <OutPorts = 1>

State 11 <SV = 10> <Delay = 5.70>
ST_11 : Operation 93 [2/4] (5.70ns)   --->   "%tmp_19 = fmul float %f4_load, 0.000000e+00" [topp.c:291]   --->   Operation 93 'fmul' 'tmp_19' <Predicate = true> <Delay = 5.70> <Core = "FMul">   --->   Core 105 'FMul' <Latency = 3> <II = 1> <Delay = 5.70> <FuncUnit> <Opcode : 'fmul'> <InPorts = 2> <OutPorts = 1>

State 12 <SV = 11> <Delay = 5.70>
ST_12 : Operation 94 [1/4] (5.70ns)   --->   "%tmp_19 = fmul float %f4_load, 0.000000e+00" [topp.c:291]   --->   Operation 94 'fmul' 'tmp_19' <Predicate = true> <Delay = 5.70> <Core = "FMul">   --->   Core 105 'FMul' <Latency = 3> <II = 1> <Delay = 5.70> <FuncUnit> <Opcode : 'fmul'> <InPorts = 2> <OutPorts = 1>

State 13 <SV = 12> <Delay = 7.25>
ST_13 : Operation 95 [5/5] (7.25ns)   --->   "%sum = fadd float %sum_2, %tmp_19" [topp.c:291]   --->   Operation 95 'fadd' 'sum' <Predicate = true> <Delay = 7.25> <Core = "FAddSub">   --->   Core 104 'FAddSub' <Latency = 4> <II = 1> <Delay = 7.25> <FuncUnit> <Opcode : 'fadd' 'fsub'> <InPorts = 2> <OutPorts = 1>

State 14 <SV = 13> <Delay = 7.25>
ST_14 : Operation 96 [4/5] (7.25ns)   --->   "%sum = fadd float %sum_2, %tmp_19" [topp.c:291]   --->   Operation 96 'fadd' 'sum' <Predicate = true> <Delay = 7.25> <Core = "FAddSub">   --->   Core 104 'FAddSub' <Latency = 4> <II = 1> <Delay = 7.25> <FuncUnit> <Opcode : 'fadd' 'fsub'> <InPorts = 2> <OutPorts = 1>

State 15 <SV = 14> <Delay = 7.25>
ST_15 : Operation 97 [3/5] (7.25ns)   --->   "%sum = fadd float %sum_2, %tmp_19" [topp.c:291]   --->   Operation 97 'fadd' 'sum' <Predicate = true> <Delay = 7.25> <Core = "FAddSub">   --->   Core 104 'FAddSub' <Latency = 4> <II = 1> <Delay = 7.25> <FuncUnit> <Opcode : 'fadd' 'fsub'> <InPorts = 2> <OutPorts = 1>

State 16 <SV = 15> <Delay = 7.25>
ST_16 : Operation 98 [2/5] (7.25ns)   --->   "%sum = fadd float %sum_2, %tmp_19" [topp.c:291]   --->   Operation 98 'fadd' 'sum' <Predicate = true> <Delay = 7.25> <Core = "FAddSub">   --->   Core 104 'FAddSub' <Latency = 4> <II = 1> <Delay = 7.25> <FuncUnit> <Opcode : 'fadd' 'fsub'> <InPorts = 2> <OutPorts = 1>

State 17 <SV = 16> <Delay = 7.25>
ST_17 : Operation 99 [1/5] (7.25ns)   --->   "%sum = fadd float %sum_2, %tmp_19" [topp.c:291]   --->   Operation 99 'fadd' 'sum' <Predicate = true> <Delay = 7.25> <Core = "FAddSub">   --->   Core 104 'FAddSub' <Latency = 4> <II = 1> <Delay = 7.25> <FuncUnit> <Opcode : 'fadd' 'fsub'> <InPorts = 2> <OutPorts = 1>
ST_17 : Operation 100 [1/1] (0.00ns)   --->   "br label %.preheader" [topp.c:289]   --->   Operation 100 'br' <Predicate = true> <Delay = 0.00>


============================================================
+ Verbose Summary: Binding
============================================================
STG Binding: 
---------------- STG Properties BEGIN ----------------
- Is combinational: 0
- Is one-state seq: 0
- Is datapath-only: 0
- Is pipelined: 0
- Is top level: 0
Port [ Return ] is wired: 1; IO mode=ap_ctrl_hs:ce=0
Port [ out_r]:  wired=1; compound=1; hidden=0; nouse=0; global=0; static=0; extern=0; dir=1; type=1; pingpong=0; private_global=0; MemPort=[03]; IO mode=ap_memory:ce=0
Port [ f4]:  wired=1; compound=1; hidden=0; nouse=0; global=1; static=1; extern=0; dir=0; type=1; pingpong=0; private_global=0; linkage=7; visibility=0; MemPort=[13]; IO mode=ap_memory:ce=0
---------------- STG Properties END ------------------

---------------- Datapath Model BEGIN ----------------

<LifeTime>
<method=bitvector/>
StgValue_18  (br               ) [ 011111111111111111]
oc           (phi              ) [ 001000000000000000]
exitcond5    (icmp             ) [ 001111111111111111]
empty        (speclooptripcount) [ 000000000000000000]
oc_2         (add              ) [ 011111111111111111]
StgValue_23  (br               ) [ 000000000000000000]
tmp_cast     (zext             ) [ 000111111111111111]
StgValue_25  (br               ) [ 001111111111111111]
StgValue_26  (ret              ) [ 000000000000000000]
r            (phi              ) [ 000101111111111111]
exitcond4    (icmp             ) [ 001111111111111111]
empty_20     (speclooptripcount) [ 000000000000000000]
r_4          (add              ) [ 001111111111111111]
StgValue_31  (br               ) [ 000000000000000000]
tmp_s        (bitconcatenate   ) [ 000000000000000000]
tmp_69_cast  (zext             ) [ 000011111111111111]
StgValue_34  (br               ) [ 001111111111111111]
StgValue_35  (br               ) [ 011111111111111111]
c            (phi              ) [ 000011111111111111]
exitcond3    (icmp             ) [ 001111111111111111]
empty_21     (speclooptripcount) [ 000000000000000000]
c_4          (add              ) [ 001111111111111111]
StgValue_40  (br               ) [ 000000000000000000]
StgValue_41  (br               ) [ 001111111111111111]
StgValue_42  (br               ) [ 001111111111111111]
sum3         (phi              ) [ 000001111111111111]
ic           (phi              ) [ 000001000000000000]
exitcond2    (icmp             ) [ 001111111111111111]
empty_22     (speclooptripcount) [ 000000000000000000]
ic_2         (add              ) [ 001111111111111111]
StgValue_48  (br               ) [ 000000000000000000]
tmp_14_cast  (zext             ) [ 000000111111111111]
StgValue_50  (br               ) [ 001111111111111111]
tmp_13_cast  (zext             ) [ 000000000000000000]
tmp_49       (add              ) [ 000000000000000000]
tmp_72_cast  (bitconcatenate   ) [ 000000000000000000]
tmp_50       (add              ) [ 000000000000000000]
tmp_73_cast  (zext             ) [ 000000000000000000]
out_addr     (getelementptr    ) [ 000000000000000000]
StgValue_57  (store            ) [ 000000000000000000]
StgValue_58  (br               ) [ 001111111111111111]
sum_1        (phi              ) [ 001111111111111111]
kr           (phi              ) [ 000000100000000000]
kr_cast2     (zext             ) [ 000000000000000000]
exitcond1    (icmp             ) [ 001111111111111111]
empty_23     (speclooptripcount) [ 000000000000000000]
kr_1         (add              ) [ 001111111111111111]
StgValue_65  (br               ) [ 000000000000000000]
tmp_15       (add              ) [ 000000000000000000]
tmp_51       (bitconcatenate   ) [ 000000000000000000]
p_shl_cast   (zext             ) [ 000000000000000000]
tmp_52       (bitconcatenate   ) [ 000000000000000000]
p_shl1_cast  (zext             ) [ 000000000000000000]
tmp_53       (add              ) [ 000000011111111111]
StgValue_72  (br               ) [ 001111111111111111]
StgValue_73  (br               ) [ 001111111111111111]
sum_2        (phi              ) [ 001111111111111111]
kc           (phi              ) [ 000000010000000000]
kc_cast1     (zext             ) [ 000000000000000000]
exitcond     (icmp             ) [ 001111111111111111]
empty_24     (speclooptripcount) [ 000000000000000000]
kc_1         (add              ) [ 001111111111111111]
StgValue_80  (br               ) [ 000000000000000000]
tmp_17       (add              ) [ 000000000000000000]
tmp_18_cast  (zext             ) [ 000000000000000000]
tmp_54       (add              ) [ 000000000000000000]
tmp_79_cast  (bitconcatenate   ) [ 000000000000000000]
tmp_55       (add              ) [ 000000000000000000]
tmp_80_cast  (zext             ) [ 000000000000000000]
f4_addr      (getelementptr    ) [ 000000001000000000]
StgValue_89  (br               ) [ 001111111111111111]
f4_load      (load             ) [ 000000000111100000]
tmp_19       (fmul             ) [ 000000000000011111]
sum          (fadd             ) [ 001111111111111111]
StgValue_100 (br               ) [ 001111111111111111]
</LifeTime>

<model>

<comp_list>
<comp id="0" class="1000" name="out_r">
<pin_list>
<pin id="1" dir="1" index="0" bw="1" slack="0"/>
</pin_list>
<bind>
<StgValue><ssdm name="out_r"/><MemPortTyVec>0 3 </MemPortTyVec>
</StgValue>
</bind>
</comp>

<comp id="2" class="1000" name="f4">
<pin_list>
<pin id="3" dir="1" index="0" bw="1" slack="0"/>
</pin_list>
<bind>
<StgValue><ssdm name="f4"/><MemPortTyVec>1 3 </MemPortTyVec>
</StgValue>
</bind>
</comp>

<comp id="4" class="1001" name="const_4">
<pin_list>
<pin id="5" dir="1" index="0" bw="1" slack="1"/>
</pin_list>
<bind>
<StgValue><ssdm name=""/></StgValue>
</bind>
</comp>

<comp id="6" class="1001" name="const_6">
<pin_list>
<pin id="7" dir="1" index="0" bw="1" slack="0"/>
</pin_list>
<bind>
<StgValue><ssdm name=""/></StgValue>
</bind>
</comp>

<comp id="8" class="1001" name="const_8">
<pin_list>
<pin id="9" dir="1" index="0" bw="1" slack="2147483647"/>
</pin_list>
<bind>
<StgValue><ssdm name="_ssdm_op_SpecLoopTripCount"/></StgValue>
</bind>
</comp>

<comp id="10" class="1001" name="const_10">
<pin_list>
<pin id="11" dir="1" index="0" bw="1" slack="2147483647"/>
</pin_list>
<bind>
<StgValue><ssdm name=""/></StgValue>
</bind>
</comp>

<comp id="12" class="1001" name="const_12">
<pin_list>
<pin id="13" dir="1" index="0" bw="1" slack="0"/>
</pin_list>
<bind>
<StgValue><ssdm name=""/></StgValue>
</bind>
</comp>

<comp id="14" class="1001" name="const_14">
<pin_list>
<pin id="15" dir="1" index="0" bw="1" slack="1"/>
</pin_list>
<bind>
<StgValue><ssdm name=""/></StgValue>
</bind>
</comp>

<comp id="16" class="1001" name="const_16">
<pin_list>
<pin id="17" dir="1" index="0" bw="1" slack="0"/>
</pin_list>
<bind>
<StgValue><ssdm name=""/></StgValue>
</bind>
</comp>

<comp id="18" class="1001" name="const_18">
<pin_list>
<pin id="19" dir="1" index="0" bw="1" slack="2147483647"/>
</pin_list>
<bind>
<StgValue><ssdm name=""/></StgValue>
</bind>
</comp>

<comp id="20" class="1001" name="const_20">
<pin_list>
<pin id="21" dir="1" index="0" bw="1" slack="0"/>
</pin_list>
<bind>
<StgValue><ssdm name=""/></StgValue>
</bind>
</comp>

<comp id="22" class="1001" name="const_22">
<pin_list>
<pin id="23" dir="1" index="0" bw="1" slack="0"/>
</pin_list>
<bind>
<StgValue><ssdm name="_ssdm_op_BitConcatenate.i7.i4.i3"/></StgValue>
</bind>
</comp>

<comp id="24" class="1001" name="const_24">
<pin_list>
<pin id="25" dir="1" index="0" bw="1" slack="0"/>
</pin_list>
<bind>
<StgValue><ssdm name=""/></StgValue>
</bind>
</comp>

<comp id="26" class="1001" name="const_26">
<pin_list>
<pin id="27" dir="1" index="0" bw="1" slack="0"/>
</pin_list>
<bind>
<StgValue><ssdm name=""/></StgValue>
</bind>
</comp>

<comp id="28" class="1001" name="const_28">
<pin_list>
<pin id="29" dir="1" index="0" bw="1" slack="0"/>
</pin_list>
<bind>
<StgValue><ssdm name="_ssdm_op_BitConcatenate.i13.i8.i5"/></StgValue>
</bind>
</comp>

<comp id="30" class="1001" name="const_30">
<pin_list>
<pin id="31" dir="1" index="0" bw="1" slack="0"/>
</pin_list>
<bind>
<StgValue><ssdm name=""/></StgValue>
</bind>
</comp>

<comp id="32" class="1001" name="const_32">
<pin_list>
<pin id="33" dir="1" index="0" bw="1" slack="0"/>
</pin_list>
<bind>
<StgValue><ssdm name=""/></StgValue>
</bind>
</comp>

<comp id="34" class="1001" name="const_34">
<pin_list>
<pin id="35" dir="1" index="0" bw="1" slack="1"/>
</pin_list>
<bind>
<StgValue><ssdm name=""/></StgValue>
</bind>
</comp>

<comp id="36" class="1001" name="const_36">
<pin_list>
<pin id="37" dir="1" index="0" bw="1" slack="0"/>
</pin_list>
<bind>
<StgValue><ssdm name=""/></StgValue>
</bind>
</comp>

<comp id="38" class="1001" name="const_38">
<pin_list>
<pin id="39" dir="1" index="0" bw="1" slack="2147483647"/>
</pin_list>
<bind>
<StgValue><ssdm name=""/></StgValue>
</bind>
</comp>

<comp id="40" class="1001" name="const_40">
<pin_list>
<pin id="41" dir="1" index="0" bw="1" slack="0"/>
</pin_list>
<bind>
<StgValue><ssdm name=""/></StgValue>
</bind>
</comp>

<comp id="42" class="1001" name="const_42">
<pin_list>
<pin id="43" dir="1" index="0" bw="1" slack="0"/>
</pin_list>
<bind>
<StgValue><ssdm name="_ssdm_op_BitConcatenate.i5.i4.i1"/></StgValue>
</bind>
</comp>

<comp id="44" class="1001" name="const_44">
<pin_list>
<pin id="45" dir="1" index="0" bw="1" slack="0"/>
</pin_list>
<bind>
<StgValue><ssdm name=""/></StgValue>
</bind>
</comp>

<comp id="46" class="1004" name="out_addr_gep_fu_46">
<pin_list>
<pin id="47" dir="0" index="0" bw="32" slack="0"/>
<pin id="48" dir="0" index="1" bw="1" slack="0"/>
<pin id="49" dir="0" index="2" bw="13" slack="0"/>
<pin id="50" dir="1" index="3" bw="11" slack="0"/>
</pin_list>
<bind>
<opcode="getelementptr(29) " fcode="getelementptr"/>
<opset="out_addr/5 "/>
</bind>
</comp>

<comp id="53" class="1004" name="StgValue_57_access_fu_53">
<pin_list>
<pin id="54" dir="0" index="0" bw="11" slack="0"/>
<pin id="55" dir="0" index="1" bw="32" slack="0"/>
<pin id="56" dir="0" index="2" bw="0" slack="2147483647"/>
<pin id="57" dir="1" index="3" bw="32" slack="2147483647"/>
</pin_list>
<bind>
<opcode="store(28) " fcode="store"/>
<opset="StgValue_57/5 "/>
</bind>
</comp>

<comp id="59" class="1004" name="f4_addr_gep_fu_59">
<pin_list>
<pin id="60" dir="0" index="0" bw="32" slack="0"/>
<pin id="61" dir="0" index="1" bw="1" slack="0"/>
<pin id="62" dir="0" index="2" bw="13" slack="0"/>
<pin id="63" dir="1" index="3" bw="12" slack="0"/>
</pin_list>
<bind>
<opcode="getelementptr(29) " fcode="getelementptr"/>
<opset="f4_addr/7 "/>
</bind>
</comp>

<comp id="66" class="1004" name="grp_access_fu_66">
<pin_list>
<pin id="67" dir="0" index="0" bw="12" slack="0"/>
<pin id="68" dir="0" index="1" bw="32" slack="2147483647"/>
<pin id="69" dir="0" index="2" bw="0" slack="2147483647"/>
<pin id="70" dir="1" index="3" bw="32" slack="1"/>
</pin_list>
<bind>
<opcode="load(27) " fcode="load"/>
<opset="f4_load/7 "/>
</bind>
</comp>

<comp id="72" class="1005" name="oc_reg_72">
<pin_list>
<pin id="73" dir="0" index="0" bw="6" slack="1"/>
<pin id="74" dir="1" index="1" bw="6" slack="1"/>
</pin_list>
<bind>
<opset="oc (phireg) "/>
</bind>
</comp>

<comp id="76" class="1004" name="oc_phi_fu_76">
<pin_list>
<pin id="77" dir="0" index="0" bw="1" slack="1"/>
<pin id="78" dir="0" index="1" bw="0" slack="2147483647"/>
<pin id="79" dir="0" index="2" bw="6" slack="0"/>
<pin id="80" dir="0" index="3" bw="0" slack="2147483647"/>
<pin id="81" dir="1" index="4" bw="6" slack="0"/>
</pin_list>
<bind>
<opcode="phi(47) " fcode="phi"/>
<opset="oc/2 "/>
</bind>
</comp>

<comp id="83" class="1005" name="r_reg_83">
<pin_list>
<pin id="84" dir="0" index="0" bw="4" slack="1"/>
<pin id="85" dir="1" index="1" bw="4" slack="1"/>
</pin_list>
<bind>
<opset="r (phireg) "/>
</bind>
</comp>

<comp id="87" class="1004" name="r_phi_fu_87">
<pin_list>
<pin id="88" dir="0" index="0" bw="1" slack="1"/>
<pin id="89" dir="0" index="1" bw="0" slack="2147483647"/>
<pin id="90" dir="0" index="2" bw="4" slack="0"/>
<pin id="91" dir="0" index="3" bw="0" slack="2147483647"/>
<pin id="92" dir="1" index="4" bw="4" slack="0"/>
</pin_list>
<bind>
<opcode="phi(47) " fcode="phi"/>
<opset="r/3 "/>
</bind>
</comp>

<comp id="95" class="1005" name="c_reg_95">
<pin_list>
<pin id="96" dir="0" index="0" bw="4" slack="1"/>
<pin id="97" dir="1" index="1" bw="4" slack="1"/>
</pin_list>
<bind>
<opset="c (phireg) "/>
</bind>
</comp>

<comp id="99" class="1004" name="c_phi_fu_99">
<pin_list>
<pin id="100" dir="0" index="0" bw="4" slack="0"/>
<pin id="101" dir="0" index="1" bw="0" slack="2147483647"/>
<pin id="102" dir="0" index="2" bw="1" slack="1"/>
<pin id="103" dir="0" index="3" bw="0" slack="2147483647"/>
<pin id="104" dir="1" index="4" bw="4" slack="0"/>
</pin_list>
<bind>
<opcode="phi(47) " fcode="phi"/>
<opset="c/4 "/>
</bind>
</comp>

<comp id="107" class="1005" name="sum3_reg_107">
<pin_list>
<pin id="108" dir="0" index="0" bw="32" slack="1"/>
<pin id="109" dir="1" index="1" bw="32" slack="1"/>
</pin_list>
<bind>
<opset="sum3 (phireg) "/>
</bind>
</comp>

<comp id="111" class="1004" name="sum3_phi_fu_111">
<pin_list>
<pin id="112" dir="0" index="0" bw="32" slack="1"/>
<pin id="113" dir="0" index="1" bw="0" slack="2147483647"/>
<pin id="114" dir="0" index="2" bw="32" slack="1"/>
<pin id="115" dir="0" index="3" bw="0" slack="2147483647"/>
<pin id="116" dir="1" index="4" bw="32" slack="0"/>
</pin_list>
<bind>
<opcode="phi(47) " fcode="phi"/>
<opset="sum3/5 "/>
</bind>
</comp>

<comp id="120" class="1005" name="ic_reg_120">
<pin_list>
<pin id="121" dir="0" index="0" bw="6" slack="1"/>
<pin id="122" dir="1" index="1" bw="6" slack="1"/>
</pin_list>
<bind>
<opset="ic (phireg) "/>
</bind>
</comp>

<comp id="124" class="1004" name="ic_phi_fu_124">
<pin_list>
<pin id="125" dir="0" index="0" bw="6" slack="0"/>
<pin id="126" dir="0" index="1" bw="0" slack="2147483647"/>
<pin id="127" dir="0" index="2" bw="1" slack="1"/>
<pin id="128" dir="0" index="3" bw="0" slack="2147483647"/>
<pin id="129" dir="1" index="4" bw="6" slack="0"/>
</pin_list>
<bind>
<opcode="phi(47) " fcode="phi"/>
<opset="ic/5 "/>
</bind>
</comp>

<comp id="131" class="1005" name="sum_1_reg_131">
<pin_list>
<pin id="132" dir="0" index="0" bw="32" slack="1"/>
<pin id="133" dir="1" index="1" bw="32" slack="1"/>
</pin_list>
<bind>
<opset="sum_1 (phireg) "/>
</bind>
</comp>

<comp id="135" class="1004" name="sum_1_phi_fu_135">
<pin_list>
<pin id="136" dir="0" index="0" bw="32" slack="1"/>
<pin id="137" dir="0" index="1" bw="0" slack="2147483647"/>
<pin id="138" dir="0" index="2" bw="32" slack="1"/>
<pin id="139" dir="0" index="3" bw="0" slack="2147483647"/>
<pin id="140" dir="1" index="4" bw="32" slack="1"/>
</pin_list>
<bind>
<opcode="phi(47) " fcode="phi"/>
<opset="sum_1/6 "/>
</bind>
</comp>

<comp id="143" class="1005" name="kr_reg_143">
<pin_list>
<pin id="144" dir="0" index="0" bw="2" slack="1"/>
<pin id="145" dir="1" index="1" bw="2" slack="1"/>
</pin_list>
<bind>
<opset="kr (phireg) "/>
</bind>
</comp>

<comp id="147" class="1004" name="kr_phi_fu_147">
<pin_list>
<pin id="148" dir="0" index="0" bw="1" slack="1"/>
<pin id="149" dir="0" index="1" bw="0" slack="2147483647"/>
<pin id="150" dir="0" index="2" bw="2" slack="0"/>
<pin id="151" dir="0" index="3" bw="0" slack="2147483647"/>
<pin id="152" dir="1" index="4" bw="2" slack="0"/>
</pin_list>
<bind>
<opcode="phi(47) " fcode="phi"/>
<opset="kr/6 "/>
</bind>
</comp>

<comp id="154" class="1005" name="sum_2_reg_154">
<pin_list>
<pin id="155" dir="0" index="0" bw="32" slack="1"/>
<pin id="156" dir="1" index="1" bw="32" slack="1"/>
</pin_list>
<bind>
<opset="sum_2 (phireg) "/>
</bind>
</comp>

<comp id="158" class="1004" name="sum_2_phi_fu_158">
<pin_list>
<pin id="159" dir="0" index="0" bw="32" slack="1"/>
<pin id="160" dir="0" index="1" bw="0" slack="2147483647"/>
<pin id="161" dir="0" index="2" bw="32" slack="1"/>
<pin id="162" dir="0" index="3" bw="0" slack="2147483647"/>
<pin id="163" dir="1" index="4" bw="32" slack="1"/>
</pin_list>
<bind>
<opcode="phi(47) " fcode="phi"/>
<opset="sum_2/7 "/>
</bind>
</comp>

<comp id="166" class="1005" name="kc_reg_166">
<pin_list>
<pin id="167" dir="0" index="0" bw="2" slack="1"/>
<pin id="168" dir="1" index="1" bw="2" slack="1"/>
</pin_list>
<bind>
<opset="kc (phireg) "/>
</bind>
</comp>

<comp id="170" class="1004" name="kc_phi_fu_170">
<pin_list>
<pin id="171" dir="0" index="0" bw="2" slack="0"/>
<pin id="172" dir="0" index="1" bw="0" slack="2147483647"/>
<pin id="173" dir="0" index="2" bw="1" slack="1"/>
<pin id="174" dir="0" index="3" bw="0" slack="2147483647"/>
<pin id="175" dir="1" index="4" bw="2" slack="0"/>
</pin_list>
<bind>
<opcode="phi(47) " fcode="phi"/>
<opset="kc/7 "/>
</bind>
</comp>

<comp id="177" class="1004" name="grp_fu_177">
<pin_list>
<pin id="178" dir="0" index="0" bw="32" slack="6"/>
<pin id="179" dir="0" index="1" bw="32" slack="1"/>
<pin id="180" dir="1" index="2" bw="32" slack="1"/>
</pin_list>
<bind>
<opcode="fadd(9) " fcode="fadd"/>
<opset="sum/13 "/>
</bind>
</comp>

<comp id="182" class="1004" name="grp_fu_182">
<pin_list>
<pin id="183" dir="0" index="0" bw="32" slack="1"/>
<pin id="184" dir="0" index="1" bw="32" slack="0"/>
<pin id="185" dir="1" index="2" bw="32" slack="1"/>
</pin_list>
<bind>
<opcode="fmul(13) " fcode="fmul"/>
<opset="tmp_19/9 "/>
</bind>
</comp>

<comp id="187" class="1004" name="exitcond5_fu_187">
<pin_list>
<pin id="188" dir="0" index="0" bw="6" slack="0"/>
<pin id="189" dir="0" index="1" bw="6" slack="0"/>
<pin id="190" dir="1" index="2" bw="1" slack="2147483647"/>
</pin_list>
<bind>
<opcode="icmp(45) " fcode="icmp"/>
<opset="exitcond5/2 "/>
</bind>
</comp>

<comp id="193" class="1004" name="oc_2_fu_193">
<pin_list>
<pin id="194" dir="0" index="0" bw="6" slack="0"/>
<pin id="195" dir="0" index="1" bw="1" slack="0"/>
<pin id="196" dir="1" index="2" bw="6" slack="0"/>
</pin_list>
<bind>
<opcode="add(8) " fcode="add"/>
<opset="oc_2/2 "/>
</bind>
</comp>

<comp id="199" class="1004" name="tmp_cast_fu_199">
<pin_list>
<pin id="200" dir="0" index="0" bw="6" slack="0"/>
<pin id="201" dir="1" index="1" bw="13" slack="3"/>
</pin_list>
<bind>
<opcode="zext(34) " fcode="zext"/>
<opset="tmp_cast/2 "/>
</bind>
</comp>

<comp id="203" class="1004" name="exitcond4_fu_203">
<pin_list>
<pin id="204" dir="0" index="0" bw="4" slack="0"/>
<pin id="205" dir="0" index="1" bw="4" slack="0"/>
<pin id="206" dir="1" index="2" bw="1" slack="2147483647"/>
</pin_list>
<bind>
<opcode="icmp(45) " fcode="icmp"/>
<opset="exitcond4/3 "/>
</bind>
</comp>

<comp id="209" class="1004" name="r_4_fu_209">
<pin_list>
<pin id="210" dir="0" index="0" bw="4" slack="0"/>
<pin id="211" dir="0" index="1" bw="1" slack="0"/>
<pin id="212" dir="1" index="2" bw="4" slack="0"/>
</pin_list>
<bind>
<opcode="add(8) " fcode="add"/>
<opset="r_4/3 "/>
</bind>
</comp>

<comp id="215" class="1004" name="tmp_s_fu_215">
<pin_list>
<pin id="216" dir="0" index="0" bw="7" slack="0"/>
<pin id="217" dir="0" index="1" bw="4" slack="0"/>
<pin id="218" dir="0" index="2" bw="1" slack="0"/>
<pin id="219" dir="1" index="3" bw="7" slack="0"/>
</pin_list>
<bind>
<opcode="bitconcatenate(1004) " fcode="bitconcatenate"/>
<opset="tmp_s/3 "/>
</bind>
</comp>

<comp id="223" class="1004" name="tmp_69_cast_fu_223">
<pin_list>
<pin id="224" dir="0" index="0" bw="7" slack="0"/>
<pin id="225" dir="1" index="1" bw="8" slack="2"/>
</pin_list>
<bind>
<opcode="zext(34) " fcode="zext"/>
<opset="tmp_69_cast/3 "/>
</bind>
</comp>

<comp id="227" class="1004" name="exitcond3_fu_227">
<pin_list>
<pin id="228" dir="0" index="0" bw="4" slack="0"/>
<pin id="229" dir="0" index="1" bw="4" slack="0"/>
<pin id="230" dir="1" index="2" bw="1" slack="2147483647"/>
</pin_list>
<bind>
<opcode="icmp(45) " fcode="icmp"/>
<opset="exitcond3/4 "/>
</bind>
</comp>

<comp id="233" class="1004" name="c_4_fu_233">
<pin_list>
<pin id="234" dir="0" index="0" bw="4" slack="0"/>
<pin id="235" dir="0" index="1" bw="1" slack="0"/>
<pin id="236" dir="1" index="2" bw="4" slack="0"/>
</pin_list>
<bind>
<opcode="add(8) " fcode="add"/>
<opset="c_4/4 "/>
</bind>
</comp>

<comp id="239" class="1004" name="exitcond2_fu_239">
<pin_list>
<pin id="240" dir="0" index="0" bw="6" slack="0"/>
<pin id="241" dir="0" index="1" bw="6" slack="0"/>
<pin id="242" dir="1" index="2" bw="1" slack="2147483647"/>
</pin_list>
<bind>
<opcode="icmp(45) " fcode="icmp"/>
<opset="exitcond2/5 "/>
</bind>
</comp>

<comp id="245" class="1004" name="ic_2_fu_245">
<pin_list>
<pin id="246" dir="0" index="0" bw="6" slack="0"/>
<pin id="247" dir="0" index="1" bw="1" slack="0"/>
<pin id="248" dir="1" index="2" bw="6" slack="0"/>
</pin_list>
<bind>
<opcode="add(8) " fcode="add"/>
<opset="ic_2/5 "/>
</bind>
</comp>

<comp id="251" class="1004" name="tmp_14_cast_fu_251">
<pin_list>
<pin id="252" dir="0" index="0" bw="6" slack="0"/>
<pin id="253" dir="1" index="1" bw="13" slack="2"/>
</pin_list>
<bind>
<opcode="zext(34) " fcode="zext"/>
<opset="tmp_14_cast/5 "/>
</bind>
</comp>

<comp id="255" class="1004" name="tmp_13_cast_fu_255">
<pin_list>
<pin id="256" dir="0" index="0" bw="4" slack="1"/>
<pin id="257" dir="1" index="1" bw="8" slack="0"/>
</pin_list>
<bind>
<opcode="zext(34) " fcode="zext"/>
<opset="tmp_13_cast/5 "/>
</bind>
</comp>

<comp id="259" class="1004" name="tmp_49_fu_259">
<pin_list>
<pin id="260" dir="0" index="0" bw="4" slack="0"/>
<pin id="261" dir="0" index="1" bw="7" slack="2"/>
<pin id="262" dir="1" index="2" bw="8" slack="0"/>
</pin_list>
<bind>
<opcode="add(8) " fcode="add"/>
<opset="tmp_49/5 "/>
</bind>
</comp>

<comp id="264" class="1004" name="tmp_72_cast_fu_264">
<pin_list>
<pin id="265" dir="0" index="0" bw="13" slack="0"/>
<pin id="266" dir="0" index="1" bw="8" slack="0"/>
<pin id="267" dir="0" index="2" bw="1" slack="0"/>
<pin id="268" dir="1" index="3" bw="13" slack="0"/>
</pin_list>
<bind>
<opcode="bitconcatenate(1004) " fcode="bitconcatenate"/>
<opset="tmp_72_cast/5 "/>
</bind>
</comp>

<comp id="272" class="1004" name="tmp_50_fu_272">
<pin_list>
<pin id="273" dir="0" index="0" bw="6" slack="3"/>
<pin id="274" dir="0" index="1" bw="13" slack="0"/>
<pin id="275" dir="1" index="2" bw="13" slack="0"/>
</pin_list>
<bind>
<opcode="add(8) " fcode="add"/>
<opset="tmp_50/5 "/>
</bind>
</comp>

<comp id="277" class="1004" name="tmp_73_cast_fu_277">
<pin_list>
<pin id="278" dir="0" index="0" bw="13" slack="0"/>
<pin id="279" dir="1" index="1" bw="64" slack="0"/>
</pin_list>
<bind>
<opcode="zext(34) " fcode="zext"/>
<opset="tmp_73_cast/5 "/>
</bind>
</comp>

<comp id="282" class="1004" name="kr_cast2_fu_282">
<pin_list>
<pin id="283" dir="0" index="0" bw="2" slack="0"/>
<pin id="284" dir="1" index="1" bw="4" slack="0"/>
</pin_list>
<bind>
<opcode="zext(34) " fcode="zext"/>
<opset="kr_cast2/6 "/>
</bind>
</comp>

<comp id="286" class="1004" name="exitcond1_fu_286">
<pin_list>
<pin id="287" dir="0" index="0" bw="2" slack="0"/>
<pin id="288" dir="0" index="1" bw="1" slack="0"/>
<pin id="289" dir="1" index="2" bw="1" slack="2147483647"/>
</pin_list>
<bind>
<opcode="icmp(45) " fcode="icmp"/>
<opset="exitcond1/6 "/>
</bind>
</comp>

<comp id="292" class="1004" name="kr_1_fu_292">
<pin_list>
<pin id="293" dir="0" index="0" bw="2" slack="0"/>
<pin id="294" dir="0" index="1" bw="1" slack="0"/>
<pin id="295" dir="1" index="2" bw="2" slack="0"/>
</pin_list>
<bind>
<opcode="add(8) " fcode="add"/>
<opset="kr_1/6 "/>
</bind>
</comp>

<comp id="298" class="1004" name="tmp_15_fu_298">
<pin_list>
<pin id="299" dir="0" index="0" bw="2" slack="0"/>
<pin id="300" dir="0" index="1" bw="4" slack="3"/>
<pin id="301" dir="1" index="2" bw="4" slack="0"/>
</pin_list>
<bind>
<opcode="add(8) " fcode="add"/>
<opset="tmp_15/6 "/>
</bind>
</comp>

<comp id="304" class="1004" name="tmp_51_fu_304">
<pin_list>
<pin id="305" dir="0" index="0" bw="7" slack="0"/>
<pin id="306" dir="0" index="1" bw="4" slack="0"/>
<pin id="307" dir="0" index="2" bw="1" slack="0"/>
<pin id="308" dir="1" index="3" bw="7" slack="0"/>
</pin_list>
<bind>
<opcode="bitconcatenate(1004) " fcode="bitconcatenate"/>
<opset="tmp_51/6 "/>
</bind>
</comp>

<comp id="312" class="1004" name="p_shl_cast_fu_312">
<pin_list>
<pin id="313" dir="0" index="0" bw="7" slack="0"/>
<pin id="314" dir="1" index="1" bw="8" slack="0"/>
</pin_list>
<bind>
<opcode="zext(34) " fcode="zext"/>
<opset="p_shl_cast/6 "/>
</bind>
</comp>

<comp id="316" class="1004" name="tmp_52_fu_316">
<pin_list>
<pin id="317" dir="0" index="0" bw="5" slack="0"/>
<pin id="318" dir="0" index="1" bw="4" slack="0"/>
<pin id="319" dir="0" index="2" bw="1" slack="0"/>
<pin id="320" dir="1" index="3" bw="5" slack="0"/>
</pin_list>
<bind>
<opcode="bitconcatenate(1004) " fcode="bitconcatenate"/>
<opset="tmp_52/6 "/>
</bind>
</comp>

<comp id="324" class="1004" name="p_shl1_cast_fu_324">
<pin_list>
<pin id="325" dir="0" index="0" bw="5" slack="0"/>
<pin id="326" dir="1" index="1" bw="8" slack="0"/>
</pin_list>
<bind>
<opcode="zext(34) " fcode="zext"/>
<opset="p_shl1_cast/6 "/>
</bind>
</comp>

<comp id="328" class="1004" name="tmp_53_fu_328">
<pin_list>
<pin id="329" dir="0" index="0" bw="5" slack="0"/>
<pin id="330" dir="0" index="1" bw="7" slack="0"/>
<pin id="331" dir="1" index="2" bw="8" slack="1"/>
</pin_list>
<bind>
<opcode="add(8) " fcode="add"/>
<opset="tmp_53/6 "/>
</bind>
</comp>

<comp id="334" class="1004" name="kc_cast1_fu_334">
<pin_list>
<pin id="335" dir="0" index="0" bw="2" slack="0"/>
<pin id="336" dir="1" index="1" bw="4" slack="0"/>
</pin_list>
<bind>
<opcode="zext(34) " fcode="zext"/>
<opset="kc_cast1/7 "/>
</bind>
</comp>

<comp id="338" class="1004" name="exitcond_fu_338">
<pin_list>
<pin id="339" dir="0" index="0" bw="2" slack="0"/>
<pin id="340" dir="0" index="1" bw="1" slack="0"/>
<pin id="341" dir="1" index="2" bw="1" slack="2147483647"/>
</pin_list>
<bind>
<opcode="icmp(45) " fcode="icmp"/>
<opset="exitcond/7 "/>
</bind>
</comp>

<comp id="344" class="1004" name="kc_1_fu_344">
<pin_list>
<pin id="345" dir="0" index="0" bw="2" slack="0"/>
<pin id="346" dir="0" index="1" bw="1" slack="0"/>
<pin id="347" dir="1" index="2" bw="2" slack="0"/>
</pin_list>
<bind>
<opcode="add(8) " fcode="add"/>
<opset="kc_1/7 "/>
</bind>
</comp>

<comp id="350" class="1004" name="tmp_17_fu_350">
<pin_list>
<pin id="351" dir="0" index="0" bw="4" slack="3"/>
<pin id="352" dir="0" index="1" bw="2" slack="0"/>
<pin id="353" dir="1" index="2" bw="4" slack="0"/>
</pin_list>
<bind>
<opcode="add(8) " fcode="add"/>
<opset="tmp_17/7 "/>
</bind>
</comp>

<comp id="356" class="1004" name="tmp_18_cast_fu_356">
<pin_list>
<pin id="357" dir="0" index="0" bw="4" slack="0"/>
<pin id="358" dir="1" index="1" bw="8" slack="0"/>
</pin_list>
<bind>
<opcode="zext(34) " fcode="zext"/>
<opset="tmp_18_cast/7 "/>
</bind>
</comp>

<comp id="360" class="1004" name="tmp_54_fu_360">
<pin_list>
<pin id="361" dir="0" index="0" bw="4" slack="0"/>
<pin id="362" dir="0" index="1" bw="8" slack="1"/>
<pin id="363" dir="1" index="2" bw="8" slack="0"/>
</pin_list>
<bind>
<opcode="add(8) " fcode="add"/>
<opset="tmp_54/7 "/>
</bind>
</comp>

<comp id="365" class="1004" name="tmp_79_cast_fu_365">
<pin_list>
<pin id="366" dir="0" index="0" bw="13" slack="0"/>
<pin id="367" dir="0" index="1" bw="8" slack="0"/>
<pin id="368" dir="0" index="2" bw="1" slack="0"/>
<pin id="369" dir="1" index="3" bw="13" slack="0"/>
</pin_list>
<bind>
<opcode="bitconcatenate(1004) " fcode="bitconcatenate"/>
<opset="tmp_79_cast/7 "/>
</bind>
</comp>

<comp id="373" class="1004" name="tmp_55_fu_373">
<pin_list>
<pin id="374" dir="0" index="0" bw="6" slack="2"/>
<pin id="375" dir="0" index="1" bw="13" slack="0"/>
<pin id="376" dir="1" index="2" bw="13" slack="0"/>
</pin_list>
<bind>
<opcode="add(8) " fcode="add"/>
<opset="tmp_55/7 "/>
</bind>
</comp>

<comp id="378" class="1004" name="tmp_80_cast_fu_378">
<pin_list>
<pin id="379" dir="0" index="0" bw="13" slack="0"/>
<pin id="380" dir="1" index="1" bw="64" slack="0"/>
</pin_list>
<bind>
<opcode="zext(34) " fcode="zext"/>
<opset="tmp_80_cast/7 "/>
</bind>
</comp>

<comp id="386" class="1005" name="oc_2_reg_386">
<pin_list>
<pin id="387" dir="0" index="0" bw="6" slack="0"/>
<pin id="388" dir="1" index="1" bw="6" slack="0"/>
</pin_list>
<bind>
<opset="oc_2 "/>
</bind>
</comp>

<comp id="391" class="1005" name="tmp_cast_reg_391">
<pin_list>
<pin id="392" dir="0" index="0" bw="13" slack="3"/>
<pin id="393" dir="1" index="1" bw="13" slack="3"/>
</pin_list>
<bind>
<opset="tmp_cast "/>
</bind>
</comp>

<comp id="399" class="1005" name="r_4_reg_399">
<pin_list>
<pin id="400" dir="0" index="0" bw="4" slack="0"/>
<pin id="401" dir="1" index="1" bw="4" slack="0"/>
</pin_list>
<bind>
<opset="r_4 "/>
</bind>
</comp>

<comp id="404" class="1005" name="tmp_69_cast_reg_404">
<pin_list>
<pin id="405" dir="0" index="0" bw="8" slack="2"/>
<pin id="406" dir="1" index="1" bw="8" slack="2"/>
</pin_list>
<bind>
<opset="tmp_69_cast "/>
</bind>
</comp>

<comp id="412" class="1005" name="c_4_reg_412">
<pin_list>
<pin id="413" dir="0" index="0" bw="4" slack="0"/>
<pin id="414" dir="1" index="1" bw="4" slack="0"/>
</pin_list>
<bind>
<opset="c_4 "/>
</bind>
</comp>

<comp id="420" class="1005" name="ic_2_reg_420">
<pin_list>
<pin id="421" dir="0" index="0" bw="6" slack="0"/>
<pin id="422" dir="1" index="1" bw="6" slack="0"/>
</pin_list>
<bind>
<opset="ic_2 "/>
</bind>
</comp>

<comp id="425" class="1005" name="tmp_14_cast_reg_425">
<pin_list>
<pin id="426" dir="0" index="0" bw="13" slack="2"/>
<pin id="427" dir="1" index="1" bw="13" slack="2"/>
</pin_list>
<bind>
<opset="tmp_14_cast "/>
</bind>
</comp>

<comp id="433" class="1005" name="kr_1_reg_433">
<pin_list>
<pin id="434" dir="0" index="0" bw="2" slack="0"/>
<pin id="435" dir="1" index="1" bw="2" slack="0"/>
</pin_list>
<bind>
<opset="kr_1 "/>
</bind>
</comp>

<comp id="438" class="1005" name="tmp_53_reg_438">
<pin_list>
<pin id="439" dir="0" index="0" bw="8" slack="1"/>
<pin id="440" dir="1" index="1" bw="8" slack="1"/>
</pin_list>
<bind>
<opset="tmp_53 "/>
</bind>
</comp>

<comp id="446" class="1005" name="kc_1_reg_446">
<pin_list>
<pin id="447" dir="0" index="0" bw="2" slack="0"/>
<pin id="448" dir="1" index="1" bw="2" slack="0"/>
</pin_list>
<bind>
<opset="kc_1 "/>
</bind>
</comp>

<comp id="451" class="1005" name="f4_addr_reg_451">
<pin_list>
<pin id="452" dir="0" index="0" bw="12" slack="1"/>
<pin id="453" dir="1" index="1" bw="12" slack="1"/>
</pin_list>
<bind>
<opset="f4_addr "/>
</bind>
</comp>

<comp id="456" class="1005" name="f4_load_reg_456">
<pin_list>
<pin id="457" dir="0" index="0" bw="32" slack="1"/>
<pin id="458" dir="1" index="1" bw="32" slack="1"/>
</pin_list>
<bind>
<opset="f4_load "/>
</bind>
</comp>

<comp id="461" class="1005" name="tmp_19_reg_461">
<pin_list>
<pin id="462" dir="0" index="0" bw="32" slack="1"/>
<pin id="463" dir="1" index="1" bw="32" slack="1"/>
</pin_list>
<bind>
<opset="tmp_19 "/>
</bind>
</comp>

<comp id="466" class="1005" name="sum_reg_466">
<pin_list>
<pin id="467" dir="0" index="0" bw="32" slack="1"/>
<pin id="468" dir="1" index="1" bw="32" slack="1"/>
</pin_list>
<bind>
<opset="sum "/>
</bind>
</comp>

</comp_list>

<net_list>
<net id="51"><net_src comp="0" pin="0"/><net_sink comp="46" pin=0"/></net>

<net id="52"><net_src comp="32" pin="0"/><net_sink comp="46" pin=1"/></net>

<net id="58"><net_src comp="46" pin="3"/><net_sink comp="53" pin=0"/></net>

<net id="64"><net_src comp="2" pin="0"/><net_sink comp="59" pin=0"/></net>

<net id="65"><net_src comp="32" pin="0"/><net_sink comp="59" pin=1"/></net>

<net id="71"><net_src comp="59" pin="3"/><net_sink comp="66" pin=0"/></net>

<net id="75"><net_src comp="4" pin="0"/><net_sink comp="72" pin=0"/></net>

<net id="82"><net_src comp="72" pin="1"/><net_sink comp="76" pin=0"/></net>

<net id="86"><net_src comp="14" pin="0"/><net_sink comp="83" pin=0"/></net>

<net id="93"><net_src comp="83" pin="1"/><net_sink comp="87" pin=0"/></net>

<net id="94"><net_src comp="87" pin="4"/><net_sink comp="83" pin=0"/></net>

<net id="98"><net_src comp="14" pin="0"/><net_sink comp="95" pin=0"/></net>

<net id="105"><net_src comp="95" pin="1"/><net_sink comp="99" pin=2"/></net>

<net id="106"><net_src comp="99" pin="4"/><net_sink comp="95" pin=0"/></net>

<net id="110"><net_src comp="26" pin="0"/><net_sink comp="107" pin=0"/></net>

<net id="117"><net_src comp="107" pin="1"/><net_sink comp="111" pin=2"/></net>

<net id="118"><net_src comp="111" pin="4"/><net_sink comp="53" pin=1"/></net>

<net id="119"><net_src comp="111" pin="4"/><net_sink comp="107" pin=0"/></net>

<net id="123"><net_src comp="4" pin="0"/><net_sink comp="120" pin=0"/></net>

<net id="130"><net_src comp="120" pin="1"/><net_sink comp="124" pin=2"/></net>

<net id="134"><net_src comp="131" pin="1"/><net_sink comp="111" pin=0"/></net>

<net id="141"><net_src comp="107" pin="1"/><net_sink comp="135" pin=0"/></net>

<net id="142"><net_src comp="135" pin="4"/><net_sink comp="131" pin=0"/></net>

<net id="146"><net_src comp="34" pin="0"/><net_sink comp="143" pin=0"/></net>

<net id="153"><net_src comp="143" pin="1"/><net_sink comp="147" pin=0"/></net>

<net id="157"><net_src comp="154" pin="1"/><net_sink comp="135" pin=2"/></net>

<net id="164"><net_src comp="131" pin="1"/><net_sink comp="158" pin=2"/></net>

<net id="165"><net_src comp="158" pin="4"/><net_sink comp="154" pin=0"/></net>

<net id="169"><net_src comp="34" pin="0"/><net_sink comp="166" pin=0"/></net>

<net id="176"><net_src comp="166" pin="1"/><net_sink comp="170" pin=2"/></net>

<net id="181"><net_src comp="154" pin="1"/><net_sink comp="177" pin=0"/></net>

<net id="186"><net_src comp="26" pin="0"/><net_sink comp="182" pin=1"/></net>

<net id="191"><net_src comp="76" pin="4"/><net_sink comp="187" pin=0"/></net>

<net id="192"><net_src comp="6" pin="0"/><net_sink comp="187" pin=1"/></net>

<net id="197"><net_src comp="76" pin="4"/><net_sink comp="193" pin=0"/></net>

<net id="198"><net_src comp="12" pin="0"/><net_sink comp="193" pin=1"/></net>

<net id="202"><net_src comp="76" pin="4"/><net_sink comp="199" pin=0"/></net>

<net id="207"><net_src comp="87" pin="4"/><net_sink comp="203" pin=0"/></net>

<net id="208"><net_src comp="16" pin="0"/><net_sink comp="203" pin=1"/></net>

<net id="213"><net_src comp="87" pin="4"/><net_sink comp="209" pin=0"/></net>

<net id="214"><net_src comp="20" pin="0"/><net_sink comp="209" pin=1"/></net>

<net id="220"><net_src comp="22" pin="0"/><net_sink comp="215" pin=0"/></net>

<net id="221"><net_src comp="87" pin="4"/><net_sink comp="215" pin=1"/></net>

<net id="222"><net_src comp="24" pin="0"/><net_sink comp="215" pin=2"/></net>

<net id="226"><net_src comp="215" pin="3"/><net_sink comp="223" pin=0"/></net>

<net id="231"><net_src comp="99" pin="4"/><net_sink comp="227" pin=0"/></net>

<net id="232"><net_src comp="16" pin="0"/><net_sink comp="227" pin=1"/></net>

<net id="237"><net_src comp="99" pin="4"/><net_sink comp="233" pin=0"/></net>

<net id="238"><net_src comp="20" pin="0"/><net_sink comp="233" pin=1"/></net>

<net id="243"><net_src comp="124" pin="4"/><net_sink comp="239" pin=0"/></net>

<net id="244"><net_src comp="6" pin="0"/><net_sink comp="239" pin=1"/></net>

<net id="249"><net_src comp="124" pin="4"/><net_sink comp="245" pin=0"/></net>

<net id="250"><net_src comp="12" pin="0"/><net_sink comp="245" pin=1"/></net>

<net id="254"><net_src comp="124" pin="4"/><net_sink comp="251" pin=0"/></net>

<net id="258"><net_src comp="95" pin="1"/><net_sink comp="255" pin=0"/></net>

<net id="263"><net_src comp="255" pin="1"/><net_sink comp="259" pin=0"/></net>

<net id="269"><net_src comp="28" pin="0"/><net_sink comp="264" pin=0"/></net>

<net id="270"><net_src comp="259" pin="2"/><net_sink comp="264" pin=1"/></net>

<net id="271"><net_src comp="30" pin="0"/><net_sink comp="264" pin=2"/></net>

<net id="276"><net_src comp="264" pin="3"/><net_sink comp="272" pin=1"/></net>

<net id="280"><net_src comp="272" pin="2"/><net_sink comp="277" pin=0"/></net>

<net id="281"><net_src comp="277" pin="1"/><net_sink comp="46" pin=2"/></net>

<net id="285"><net_src comp="147" pin="4"/><net_sink comp="282" pin=0"/></net>

<net id="290"><net_src comp="147" pin="4"/><net_sink comp="286" pin=0"/></net>

<net id="291"><net_src comp="36" pin="0"/><net_sink comp="286" pin=1"/></net>

<net id="296"><net_src comp="147" pin="4"/><net_sink comp="292" pin=0"/></net>

<net id="297"><net_src comp="40" pin="0"/><net_sink comp="292" pin=1"/></net>

<net id="302"><net_src comp="282" pin="1"/><net_sink comp="298" pin=0"/></net>

<net id="303"><net_src comp="83" pin="1"/><net_sink comp="298" pin=1"/></net>

<net id="309"><net_src comp="22" pin="0"/><net_sink comp="304" pin=0"/></net>

<net id="310"><net_src comp="298" pin="2"/><net_sink comp="304" pin=1"/></net>

<net id="311"><net_src comp="24" pin="0"/><net_sink comp="304" pin=2"/></net>

<net id="315"><net_src comp="304" pin="3"/><net_sink comp="312" pin=0"/></net>

<net id="321"><net_src comp="42" pin="0"/><net_sink comp="316" pin=0"/></net>

<net id="322"><net_src comp="298" pin="2"/><net_sink comp="316" pin=1"/></net>

<net id="323"><net_src comp="44" pin="0"/><net_sink comp="316" pin=2"/></net>

<net id="327"><net_src comp="316" pin="3"/><net_sink comp="324" pin=0"/></net>

<net id="332"><net_src comp="324" pin="1"/><net_sink comp="328" pin=0"/></net>

<net id="333"><net_src comp="312" pin="1"/><net_sink comp="328" pin=1"/></net>

<net id="337"><net_src comp="170" pin="4"/><net_sink comp="334" pin=0"/></net>

<net id="342"><net_src comp="170" pin="4"/><net_sink comp="338" pin=0"/></net>

<net id="343"><net_src comp="36" pin="0"/><net_sink comp="338" pin=1"/></net>

<net id="348"><net_src comp="170" pin="4"/><net_sink comp="344" pin=0"/></net>

<net id="349"><net_src comp="40" pin="0"/><net_sink comp="344" pin=1"/></net>

<net id="354"><net_src comp="95" pin="1"/><net_sink comp="350" pin=0"/></net>

<net id="355"><net_src comp="334" pin="1"/><net_sink comp="350" pin=1"/></net>

<net id="359"><net_src comp="350" pin="2"/><net_sink comp="356" pin=0"/></net>

<net id="364"><net_src comp="356" pin="1"/><net_sink comp="360" pin=0"/></net>

<net id="370"><net_src comp="28" pin="0"/><net_sink comp="365" pin=0"/></net>

<net id="371"><net_src comp="360" pin="2"/><net_sink comp="365" pin=1"/></net>

<net id="372"><net_src comp="30" pin="0"/><net_sink comp="365" pin=2"/></net>

<net id="377"><net_src comp="365" pin="3"/><net_sink comp="373" pin=1"/></net>

<net id="381"><net_src comp="373" pin="2"/><net_sink comp="378" pin=0"/></net>

<net id="382"><net_src comp="378" pin="1"/><net_sink comp="59" pin=2"/></net>

<net id="389"><net_src comp="193" pin="2"/><net_sink comp="386" pin=0"/></net>

<net id="390"><net_src comp="386" pin="1"/><net_sink comp="76" pin=2"/></net>

<net id="394"><net_src comp="199" pin="1"/><net_sink comp="391" pin=0"/></net>

<net id="395"><net_src comp="391" pin="1"/><net_sink comp="272" pin=0"/></net>

<net id="402"><net_src comp="209" pin="2"/><net_sink comp="399" pin=0"/></net>

<net id="403"><net_src comp="399" pin="1"/><net_sink comp="87" pin=2"/></net>

<net id="407"><net_src comp="223" pin="1"/><net_sink comp="404" pin=0"/></net>

<net id="408"><net_src comp="404" pin="1"/><net_sink comp="259" pin=1"/></net>

<net id="415"><net_src comp="233" pin="2"/><net_sink comp="412" pin=0"/></net>

<net id="416"><net_src comp="412" pin="1"/><net_sink comp="99" pin=0"/></net>

<net id="423"><net_src comp="245" pin="2"/><net_sink comp="420" pin=0"/></net>

<net id="424"><net_src comp="420" pin="1"/><net_sink comp="124" pin=0"/></net>

<net id="428"><net_src comp="251" pin="1"/><net_sink comp="425" pin=0"/></net>

<net id="429"><net_src comp="425" pin="1"/><net_sink comp="373" pin=0"/></net>

<net id="436"><net_src comp="292" pin="2"/><net_sink comp="433" pin=0"/></net>

<net id="437"><net_src comp="433" pin="1"/><net_sink comp="147" pin=2"/></net>

<net id="441"><net_src comp="328" pin="2"/><net_sink comp="438" pin=0"/></net>

<net id="442"><net_src comp="438" pin="1"/><net_sink comp="360" pin=1"/></net>

<net id="449"><net_src comp="344" pin="2"/><net_sink comp="446" pin=0"/></net>

<net id="450"><net_src comp="446" pin="1"/><net_sink comp="170" pin=0"/></net>

<net id="454"><net_src comp="59" pin="3"/><net_sink comp="451" pin=0"/></net>

<net id="455"><net_src comp="451" pin="1"/><net_sink comp="66" pin=0"/></net>

<net id="459"><net_src comp="66" pin="3"/><net_sink comp="456" pin=0"/></net>

<net id="460"><net_src comp="456" pin="1"/><net_sink comp="182" pin=0"/></net>

<net id="464"><net_src comp="182" pin="2"/><net_sink comp="461" pin=0"/></net>

<net id="465"><net_src comp="461" pin="1"/><net_sink comp="177" pin=1"/></net>

<net id="469"><net_src comp="177" pin="2"/><net_sink comp="466" pin=0"/></net>

<net id="470"><net_src comp="466" pin="1"/><net_sink comp="158" pin=0"/></net>

</net_list>

</model> 
---------------- Datapath Model END ------------------

* FSMD analyzer results:
  - Output states:
	Port: out_r | {5 }
 - Input state : 
	Port: conv5 : f4 | {7 8 }
  - Chain level:
	State 1
	State 2
		exitcond5 : 1
		oc_2 : 1
		StgValue_23 : 2
		tmp_cast : 1
	State 3
		exitcond4 : 1
		r_4 : 1
		StgValue_31 : 2
		tmp_s : 1
		tmp_69_cast : 2
	State 4
		exitcond3 : 1
		c_4 : 1
		StgValue_40 : 2
	State 5
		exitcond2 : 1
		ic_2 : 1
		StgValue_48 : 2
		tmp_14_cast : 1
		tmp_49 : 1
		tmp_72_cast : 2
		tmp_50 : 3
		tmp_73_cast : 4
		out_addr : 5
		StgValue_57 : 6
	State 6
		kr_cast2 : 1
		exitcond1 : 1
		kr_1 : 1
		StgValue_65 : 2
		tmp_15 : 2
		tmp_51 : 3
		p_shl_cast : 4
		tmp_52 : 3
		p_shl1_cast : 4
		tmp_53 : 5
	State 7
		kc_cast1 : 1
		exitcond : 1
		kc_1 : 1
		StgValue_80 : 2
		tmp_17 : 2
		tmp_18_cast : 3
		tmp_54 : 4
		tmp_79_cast : 5
		tmp_55 : 6
		tmp_80_cast : 7
		f4_addr : 8
		f4_load : 9
	State 8
	State 9
	State 10
	State 11
	State 12
	State 13
	State 14
	State 15
	State 16
	State 17


============================================================
+ Verbose Summary: Datapath Resource usage 
============================================================

* Functional unit list:
|----------|--------------------|---------|---------|---------|
| Operation|   Functional Unit  |  DSP48E |    FF   |   LUT   |
|----------|--------------------|---------|---------|---------|
|   fadd   |     grp_fu_177     |    2    |   205   |   390   |
|----------|--------------------|---------|---------|---------|
|   fmul   |     grp_fu_182     |    3    |   143   |   321   |
|----------|--------------------|---------|---------|---------|
|          |     oc_2_fu_193    |    0    |    0    |    15   |
|          |     r_4_fu_209     |    0    |    0    |    13   |
|          |     c_4_fu_233     |    0    |    0    |    13   |
|          |     ic_2_fu_245    |    0    |    0    |    15   |
|          |    tmp_49_fu_259   |    0    |    0    |    15   |
|          |    tmp_50_fu_272   |    0    |    0    |    17   |
|    add   |     kr_1_fu_292    |    0    |    0    |    10   |
|          |    tmp_15_fu_298   |    0    |    0    |    13   |
|          |    tmp_53_fu_328   |    0    |    0    |    15   |
|          |     kc_1_fu_344    |    0    |    0    |    10   |
|          |    tmp_17_fu_350   |    0    |    0    |    13   |
|          |    tmp_54_fu_360   |    0    |    0    |    15   |
|          |    tmp_55_fu_373   |    0    |    0    |    17   |
|----------|--------------------|---------|---------|---------|
|          |  exitcond5_fu_187  |    0    |    0    |    11   |
|          |  exitcond4_fu_203  |    0    |    0    |    9    |
|   icmp   |  exitcond3_fu_227  |    0    |    0    |    9    |
|          |  exitcond2_fu_239  |    0    |    0    |    11   |
|          |  exitcond1_fu_286  |    0    |    0    |    8    |
|          |   exitcond_fu_338  |    0    |    0    |    8    |
|----------|--------------------|---------|---------|---------|
|          |   tmp_cast_fu_199  |    0    |    0    |    0    |
|          | tmp_69_cast_fu_223 |    0    |    0    |    0    |
|          | tmp_14_cast_fu_251 |    0    |    0    |    0    |
|          | tmp_13_cast_fu_255 |    0    |    0    |    0    |
|          | tmp_73_cast_fu_277 |    0    |    0    |    0    |
|   zext   |   kr_cast2_fu_282  |    0    |    0    |    0    |
|          |  p_shl_cast_fu_312 |    0    |    0    |    0    |
|          | p_shl1_cast_fu_324 |    0    |    0    |    0    |
|          |   kc_cast1_fu_334  |    0    |    0    |    0    |
|          | tmp_18_cast_fu_356 |    0    |    0    |    0    |
|          | tmp_80_cast_fu_378 |    0    |    0    |    0    |
|----------|--------------------|---------|---------|---------|
|          |    tmp_s_fu_215    |    0    |    0    |    0    |
|          | tmp_72_cast_fu_264 |    0    |    0    |    0    |
|bitconcatenate|    tmp_51_fu_304   |    0    |    0    |    0    |
|          |    tmp_52_fu_316   |    0    |    0    |    0    |
|          | tmp_79_cast_fu_365 |    0    |    0    |    0    |
|----------|--------------------|---------|---------|---------|
|   Total  |                    |    5    |   348   |   948   |
|----------|--------------------|---------|---------|---------|

Memories:
N/A

* Register list:
+-------------------+--------+
|                   |   FF   |
+-------------------+--------+
|    c_4_reg_412    |    4   |
|      c_reg_95     |    4   |
|  f4_addr_reg_451  |   12   |
|  f4_load_reg_456  |   32   |
|    ic_2_reg_420   |    6   |
|     ic_reg_120    |    6   |
|    kc_1_reg_446   |    2   |
|     kc_reg_166    |    2   |
|    kr_1_reg_433   |    2   |
|     kr_reg_143    |    2   |
|    oc_2_reg_386   |    6   |
|     oc_reg_72     |    6   |
|    r_4_reg_399    |    4   |
|      r_reg_83     |    4   |
|    sum3_reg_107   |   32   |
|   sum_1_reg_131   |   32   |
|   sum_2_reg_154   |   32   |
|    sum_reg_466    |   32   |
|tmp_14_cast_reg_425|   13   |
|   tmp_19_reg_461  |   32   |
|   tmp_53_reg_438  |    8   |
|tmp_69_cast_reg_404|    8   |
|  tmp_cast_reg_391 |   13   |
+-------------------+--------+
|       Total       |   294  |
+-------------------+--------+

* Multiplexer (MUX) list: 
|------------------|------|------|------|--------||---------||---------|
|       Comp       |  Pin | Size |  BW  | S x BW ||  Delay  ||   LUT   |
|------------------|------|------|------|--------||---------||---------|
| grp_access_fu_66 |  p0  |   2  |  12  |   24   ||    9    |
|     r_reg_83     |  p0  |   2  |   4  |    8   ||    9    |
|     c_reg_95     |  p0  |   2  |   4  |    8   ||    9    |
|   sum3_reg_107   |  p0  |   2  |  32  |   64   ||    9    |
|------------------|------|------|------|--------||---------||---------|
|       Total      |      |      |      |   104  ||  7.076  ||    36   |
|------------------|------|------|------|--------||---------||---------|



* Summary:
+-----------+--------+--------+--------+--------+
|           | DSP48E |  Delay |   FF   |   LUT  |
+-----------+--------+--------+--------+--------+
|  Function |    5   |    -   |   348  |   948  |
|   Memory  |    -   |    -   |    -   |    -   |
|Multiplexer|    -   |    7   |    -   |   36   |
|  Register |    -   |    -   |   294  |    -   |
+-----------+--------+--------+--------+--------+
|   Total   |    5   |    7   |   642  |   984  |
+-----------+--------+--------+--------+--------+
