

================================================================
== Vivado HLS Report for 'conv5'
================================================================
* Date:           Sun Jun  7 19:29:33 2026

* Version:        2018.3 (Build 2405991 on Thu Dec 06 23:56:15 MST 2018)
* Project:        finalproj
* Solution:       nodirective
* Product family: zynq
* Target device:  xc7z020clg484-1


================================================================
== Performance Estimates
================================================================
+ Timing (ns): 
    * Summary: 
    +--------+-------+----------+------------+
    |  Clock | Target| Estimated| Uncertainty|
    +--------+-------+----------+------------+
    |ap_clk  |  10.00|     8.584|        1.25|
    +--------+-------+----------+------------+

+ Latency (clock cycles): 
    * Summary: 
    +---------+---------+---------+---------+---------+
    |      Latency      |      Interval     | Pipeline|
    |   min   |   max   |   min   |   max   |   Type  |
    +---------+---------+---------+---------+---------+
    |  7017025|  7017025|  7017025|  7017025|   none  |
    +---------+---------+---------+---------+---------+

    + Detail: 
        * Instance: 
        N/A

        * Loop: 
        +-----------------------------+---------+---------+----------+-----------+-----------+------+----------+
        |                             |      Latency      | Iteration|  Initiation Interval  | Trip |          |
        |          Loop Name          |   min   |   max   |  Latency |  achieved |   target  | Count| Pipelined|
        +-----------------------------+---------+---------+----------+-----------+-----------+------+----------+
        |- Loop 1                     |  7017024|  7017024|    219282|          -|          -|    32|    no    |
        | + Loop 1.1                  |   219280|   219280|     27410|          -|          -|     8|    no    |
        |  ++ Loop 1.1.1              |    27408|    27408|      3426|          -|          -|     8|    no    |
        |   +++ Loop 1.1.1.1          |     3424|     3424|       107|          -|          -|    32|    no    |
        |    ++++ Loop 1.1.1.1.1      |      105|      105|        35|          -|          -|     3|    no    |
        |     +++++ Loop 1.1.1.1.1.1  |       33|       33|        11|          -|          -|     3|    no    |
        +-----------------------------+---------+---------+----------+-----------+-----------+------+----------+

============================================================
+ Verbose Summary: Synthesis Manager
============================================================
InlineROM: 1
ExposeGlobal: 0
============================================================
+ Verbose Summary: CDFG Model
============================================================
IsTopModel: 0
ResetActiveHigh: 1
IsCombinational: 0
IsDatapathOnly: 0
HasWiredReturn: 1
HasMFsm: 0
HasVarLatency: 1
IsPipeline: 0
IsRtlPipelined: 0
IsInstanceOverlapped: 0
IsDontTouch: 0
HasImplIP: 0
IsGatedGlobalClock: 0


============================================================
+ Verbose Summary: Schedule
============================================================
* Number of FSM states : 17
* Pipeline : 0
* Dataflow Pipeline: 0

* FSM state transitions: 
1 --> 
	2  / true
2 --> 
	3  / (!exitcond5)
3 --> 
	4  / (!exitcond4)
	2  / (exitcond4)
4 --> 
	5  / (!exitcond3)
	3  / (exitcond3)
5 --> 
	6  / (!exitcond2)
	4  / (exitcond2)
6 --> 
	7  / (!exitcond1)
	5  / (exitcond1)
7 --> 
	8  / (!exitcond)
	6  / (exitcond)
8 --> 
	9  / true
9 --> 
	10  / true
10 --> 
	11  / true
11 --> 
	12  / true
12 --> 
	13  / true
13 --> 
	14  / true
14 --> 
	15  / true
15 --> 
	16  / true
16 --> 
	17  / true
17 --> 
	7  / true

* FSM state operations: 

State 1 <SV = 0> <Delay = 1.76>
ST_1 : Operation 18 [1/1] (1.76ns)   --->   "br label %.loopexit" [topp.c:274]   --->   Operation 18 'br' <Predicate = true> <Delay = 1.76>

State 2 <SV = 1> <Delay = 1.82>
ST_2 : Operation 19 [1/1] (0.00ns)   --->   "%oc = phi i6 [ 0, %0 ], [ %oc_2, %.loopexit.loopexit ]"   --->   Operation 19 'phi' 'oc' <Predicate = true> <Delay = 0.00>
ST_2 : Operation 20 [1/1] (1.42ns)   --->   "%exitcond5 = icmp eq i6 %oc, -32" [topp.c:274]   --->   Operation 20 'icmp' 'exitcond5' <Predicate = true> <Delay = 1.42> <Core = "Cmp">   --->   Core 25 'Cmp' <Latency = 0> <II = 1> <Delay = 0.95> <FuncUnit> <Opcode : 'icmp'> <InPorts = 2> <OutPorts = 1>
ST_2 : Operation 21 [1/1] (0.00ns)   --->   "%empty = call i32 (...)* @_ssdm_op_SpecLoopTripCount(i64 32, i64 32, i64 32)"   --->   Operation 21 'speclooptripcount' 'empty' <Predicate = true> <Delay = 0.00>
ST_2 : Operation 22 [1/1] (1.82ns)   --->   "%oc_2 = add i6 %oc, 1" [topp.c:274]   --->   Operation 22 'add' 'oc_2' <Predicate = true> <Delay = 1.82> <Core = "AddSub">   --->   Core 14 'AddSub' <Latency = 0> <II = 1> <Delay = 1.67> <FuncUnit> <Opcode : 'add' 'sub'> <InPorts = 2> <OutPorts = 1>
ST_2 : Operation 23 [1/1] (0.00ns)   --->   "br i1 %exitcond5, label %3, label %.preheader8.preheader" [topp.c:274]   --->   Operation 23 'br' <Predicate = true> <Delay = 0.00>
ST_2 : Operation 24 [1/1] (0.00ns)   --->   "%tmp_cast = zext i6 %oc to i13" [topp.c:276]   --->   Operation 24 'zext' 'tmp_cast' <Predicate = (!exitcond5)> <Delay = 0.00>
ST_2 : Operation 25 [1/1] (1.76ns)   --->   "br label %.preheader8" [topp.c:276]   --->   Operation 25 'br' <Predicate = (!exitcond5)> <Delay = 1.76>
ST_2 : Operation 26 [1/1] (0.00ns)   --->   "ret void" [topp.c:299]   --->   Operation 26 'ret' <Predicate = (exitcond5)> <Delay = 0.00>

State 3 <SV = 2> <Delay = 1.76>
ST_3 : Operation 27 [1/1] (0.00ns)   --->   "%r = phi i4 [ 0, %.preheader8.preheader ], [ %r_4, %.preheader8.loopexit ]"   --->   Operation 27 'phi' 'r' <Predicate = true> <Delay = 0.00>
ST_3 : Operation 28 [1/1] (1.30ns)   --->   "%exitcond4 = icmp eq i4 %r, -8" [topp.c:276]   --->   Operation 28 'icmp' 'exitcond4' <Predicate = true> <Delay = 1.30> <Core = "Cmp">   --->   Core 25 'Cmp' <Latency = 0> <II = 1> <Delay = 0.95> <FuncUnit> <Opcode : 'icmp'> <InPorts = 2> <OutPorts = 1>
ST_3 : Operation 29 [1/1] (0.00ns)   --->   "%empty_20 = call i32 (...)* @_ssdm_op_SpecLoopTripCount(i64 8, i64 8, i64 8)"   --->   Operation 29 'speclooptripcount' 'empty_20' <Predicate = true> <Delay = 0.00>
ST_3 : Operation 30 [1/1] (1.73ns)   --->   "%r_4 = add i4 %r, 1" [topp.c:276]   --->   Operation 30 'add' 'r_4' <Predicate = true> <Delay = 1.73> <Core = "AddSub">   --->   Core 14 'AddSub' <Latency = 0> <II = 1> <Delay = 1.67> <FuncUnit> <Opcode : 'add' 'sub'> <InPorts = 2> <OutPorts = 1>
ST_3 : Operation 31 [1/1] (0.00ns)   --->   "br i1 %exitcond4, label %.loopexit.loopexit, label %.preheader7.preheader" [topp.c:276]   --->   Operation 31 'br' <Predicate = true> <Delay = 0.00>
ST_3 : Operation 32 [1/1] (0.00ns)   --->   "%tmp_s = call i7 @_ssdm_op_BitConcatenate.i7.i4.i3(i4 %r, i3 0)" [topp.c:276]   --->   Operation 32 'bitconcatenate' 'tmp_s' <Predicate = (!exitcond4)> <Delay = 0.00>
ST_3 : Operation 33 [1/1] (0.00ns)   --->   "%tmp_69_cast = zext i7 %tmp_s to i8" [topp.c:278]   --->   Operation 33 'zext' 'tmp_69_cast' <Predicate = (!exitcond4)> <Delay = 0.00>
ST_3 : Operation 34 [1/1] (1.76ns)   --->   "br label %.preheader7" [topp.c:278]   --->   Operation 34 'br' <Predicate = (!exitcond4)> <Delay = 1.76>
ST_3 : Operation 35 [1/1] (0.00ns)   --->   "br label %.loopexit"   --->   Operation 35 'br' <Predicate = (exitcond4)> <Delay = 0.00>

State 4 <SV = 3> <Delay = 1.76>
ST_4 : Operation 36 [1/1] (0.00ns)   --->   "%c = phi i4 [ %c_4, %2 ], [ 0, %.preheader7.preheader ]"   --->   Operation 36 'phi' 'c' <Predicate = true> <Delay = 0.00>
ST_4 : Operation 37 [1/1] (1.30ns)   --->   "%exitcond3 = icmp eq i4 %c, -8" [topp.c:278]   --->   Operation 37 'icmp' 'exitcond3' <Predicate = true> <Delay = 1.30> <Core = "Cmp">   --->   Core 25 'Cmp' <Latency = 0> <II = 1> <Delay = 0.95> <FuncUnit> <Opcode : 'icmp'> <InPorts = 2> <OutPorts = 1>
ST_4 : Operation 38 [1/1] (0.00ns)   --->   "%empty_21 = call i32 (...)* @_ssdm_op_SpecLoopTripCount(i64 8, i64 8, i64 8)"   --->   Operation 38 'speclooptripcount' 'empty_21' <Predicate = true> <Delay = 0.00>
ST_4 : Operation 39 [1/1] (1.73ns)   --->   "%c_4 = add i4 %c, 1" [topp.c:278]   --->   Operation 39 'add' 'c_4' <Predicate = true> <Delay = 1.73> <Core = "AddSub">   --->   Core 14 'AddSub' <Latency = 0> <II = 1> <Delay = 1.67> <FuncUnit> <Opcode : 'add' 'sub'> <InPorts = 2> <OutPorts = 1>
ST_4 : Operation 40 [1/1] (0.00ns)   --->   "br i1 %exitcond3, label %.preheader8.loopexit, label %.preheader1.preheader" [topp.c:278]   --->   Operation 40 'br' <Predicate = true> <Delay = 0.00>
ST_4 : Operation 41 [1/1] (1.76ns)   --->   "br label %.preheader1" [topp.c:283]   --->   Operation 41 'br' <Predicate = (!exitcond3)> <Delay = 1.76>
ST_4 : Operation 42 [1/1] (0.00ns)   --->   "br label %.preheader8"   --->   Operation 42 'br' <Predicate = (exitcond3)> <Delay = 0.00>

State 5 <SV = 4> <Delay = 6.80>
ST_5 : Operation 43 [1/1] (0.00ns)   --->   "%sum3 = phi float [ %sum_1, %.preheader1.loopexit ], [ 0.000000e+00, %.preheader1.preheader ]" [topp.c:291]   --->   Operation 43 'phi' 'sum3' <Predicate = true> <Delay = 0.00>
ST_5 : Operation 44 [1/1] (0.00ns)   --->   "%ic = phi i6 [ %ic_2, %.preheader1.loopexit ], [ 0, %.preheader1.preheader ]"   --->   Operation 44 'phi' 'ic' <Predicate = true> <Delay = 0.00>
ST_5 : Operation 45 [1/1] (1.42ns)   --->   "%exitcond2 = icmp eq i6 %ic, -32" [topp.c:283]   --->   Operation 45 'icmp' 'exitcond2' <Predicate = true> <Delay = 1.42> <Core = "Cmp">   --->   Core 25 'Cmp' <Latency = 0> <II = 1> <Delay = 0.95> <FuncUnit> <Opcode : 'icmp'> <InPorts = 2> <OutPorts = 1>
ST_5 : Operation 46 [1/1] (0.00ns)   --->   "%empty_22 = call i32 (...)* @_ssdm_op_SpecLoopTripCount(i64 32, i64 32, i64 32)"   --->   Operation 46 'speclooptripcount' 'empty_22' <Predicate = true> <Delay = 0.00>
ST_5 : Operation 47 [1/1] (1.82ns)   --->   "%ic_2 = add i6 %ic, 1" [topp.c:283]   --->   Operation 47 'add' 'ic_2' <Predicate = true> <Delay = 1.82> <Core = "AddSub">   --->   Core 14 'AddSub' <Latency = 0> <II = 1> <Delay = 1.67> <FuncUnit> <Opcode : 'add' 'sub'> <InPorts = 2> <OutPorts = 1>
ST_5 : Operation 48 [1/1] (0.00ns)   --->   "br i1 %exitcond2, label %2, label %.preheader6.preheader" [topp.c:283]   --->   Operation 48 'br' <Predicate = true> <Delay = 0.00>
ST_5 : Operation 49 [1/1] (0.00ns)   --->   "%tmp_14_cast = zext i6 %ic to i13" [topp.c:286]   --->   Operation 49 'zext' 'tmp_14_cast' <Predicate = (!exitcond2)> <Delay = 0.00>
ST_5 : Operation 50 [1/1] (1.76ns)   --->   "br label %.preheader6" [topp.c:286]   --->   Operation 50 'br' <Predicate = (!exitcond2)> <Delay = 1.76>
ST_5 : Operation 51 [1/1] (0.00ns)   --->   "%tmp_13_cast = zext i4 %c to i8" [topp.c:295]   --->   Operation 51 'zext' 'tmp_13_cast' <Predicate = (exitcond2)> <Delay = 0.00>
ST_5 : Operation 52 [1/1] (1.87ns)   --->   "%tmp_49 = add i8 %tmp_13_cast, %tmp_69_cast" [topp.c:295]   --->   Operation 52 'add' 'tmp_49' <Predicate = (exitcond2)> <Delay = 1.87> <Core = "AddSub">   --->   Core 14 'AddSub' <Latency = 0> <II = 1> <Delay = 1.67> <FuncUnit> <Opcode : 'add' 'sub'> <InPorts = 2> <OutPorts = 1>
ST_5 : Operation 53 [1/1] (0.00ns)   --->   "%tmp_72_cast = call i13 @_ssdm_op_BitConcatenate.i13.i8.i5(i8 %tmp_49, i5 0)" [topp.c:295]   --->   Operation 53 'bitconcatenate' 'tmp_72_cast' <Predicate = (exitcond2)> <Delay = 0.00>
ST_5 : Operation 54 [1/1] (1.67ns)   --->   "%tmp_50 = add i13 %tmp_cast, %tmp_72_cast" [topp.c:295]   --->   Operation 54 'add' 'tmp_50' <Predicate = (exitcond2)> <Delay = 1.67> <Core = "AddSub">   --->   Core 14 'AddSub' <Latency = 0> <II = 1> <Delay = 1.67> <FuncUnit> <Opcode : 'add' 'sub'> <InPorts = 2> <OutPorts = 1>
ST_5 : Operation 55 [1/1] (0.00ns)   --->   "%tmp_73_cast = zext i13 %tmp_50 to i64" [topp.c:295]   --->   Operation 55 'zext' 'tmp_73_cast' <Predicate = (exitcond2)> <Delay = 0.00>
ST_5 : Operation 56 [1/1] (0.00ns)   --->   "%out_addr = getelementptr [2048 x float]* %out_r, i64 0, i64 %tmp_73_cast" [topp.c:295]   --->   Operation 56 'getelementptr' 'out_addr' <Predicate = (exitcond2)> <Delay = 0.00>
ST_5 : Operation 57 [1/1] (3.25ns)   --->   "store float %sum3, float* %out_addr, align 4" [topp.c:295]   --->   Operation 57 'store' <Predicate = (exitcond2)> <Delay = 3.25> <Core = "RAM">   --->   Core 37 'RAM' <Latency = 1> <II = 1> <Delay = 3.25> <Storage> <Opcode : 'load' 'store'> <Ports = 2> <Width = 32> <Depth = 2048> <RAM>
ST_5 : Operation 58 [1/1] (0.00ns)   --->   "br label %.preheader7" [topp.c:278]   --->   Operation 58 'br' <Predicate = (exitcond2)> <Delay = 0.00>

State 6 <SV = 5> <Delay = 3.60>
ST_6 : Operation 59 [1/1] (0.00ns)   --->   "%sum_1 = phi float [ %sum3, %.preheader6.preheader ], [ %sum_2, %.preheader6.loopexit ]" [topp.c:291]   --->   Operation 59 'phi' 'sum_1' <Predicate = true> <Delay = 0.00>
ST_6 : Operation 60 [1/1] (0.00ns)   --->   "%kr = phi i2 [ 0, %.preheader6.preheader ], [ %kr_1, %.preheader6.loopexit ]"   --->   Operation 60 'phi' 'kr' <Predicate = true> <Delay = 0.00>
ST_6 : Operation 61 [1/1] (0.00ns)   --->   "%kr_cast2 = zext i2 %kr to i4" [topp.c:286]   --->   Operation 61 'zext' 'kr_cast2' <Predicate = true> <Delay = 0.00>
ST_6 : Operation 62 [1/1] (0.95ns)   --->   "%exitcond1 = icmp eq i2 %kr, -1" [topp.c:286]   --->   Operation 62 'icmp' 'exitcond1' <Predicate = true> <Delay = 0.95> <Core = "Cmp">   --->   Core 25 'Cmp' <Latency = 0> <II = 1> <Delay = 0.95> <FuncUnit> <Opcode : 'icmp'> <InPorts = 2> <OutPorts = 1>
ST_6 : Operation 63 [1/1] (0.00ns)   --->   "%empty_23 = call i32 (...)* @_ssdm_op_SpecLoopTripCount(i64 3, i64 3, i64 3)"   --->   Operation 63 'speclooptripcount' 'empty_23' <Predicate = true> <Delay = 0.00>
ST_6 : Operation 64 [1/1] (1.56ns)   --->   "%kr_1 = add i2 %kr, 1" [topp.c:286]   --->   Operation 64 'add' 'kr_1' <Predicate = true> <Delay = 1.56> <Core = "AddSub">   --->   Core 14 'AddSub' <Latency = 0> <II = 1> <Delay = 1.67> <FuncUnit> <Opcode : 'add' 'sub'> <InPorts = 2> <OutPorts = 1>
ST_6 : Operation 65 [1/1] (0.00ns)   --->   "br i1 %exitcond1, label %.preheader1.loopexit, label %.preheader.preheader" [topp.c:286]   --->   Operation 65 'br' <Predicate = true> <Delay = 0.00>
ST_6 : Operation 66 [1/1] (1.73ns)   --->   "%tmp_15 = add i4 %kr_cast2, %r" [topp.c:291]   --->   Operation 66 'add' 'tmp_15' <Predicate = (!exitcond1)> <Delay = 1.73> <Core = "AddSub">   --->   Core 14 'AddSub' <Latency = 0> <II = 1> <Delay = 1.67> <FuncUnit> <Opcode : 'add' 'sub'> <InPorts = 2> <OutPorts = 1>
ST_6 : Operation 67 [1/1] (0.00ns)   --->   "%tmp_51 = call i7 @_ssdm_op_BitConcatenate.i7.i4.i3(i4 %tmp_15, i3 0)" [topp.c:291]   --->   Operation 67 'bitconcatenate' 'tmp_51' <Predicate = (!exitcond1)> <Delay = 0.00>
ST_6 : Operation 68 [1/1] (0.00ns)   --->   "%p_shl_cast = zext i7 %tmp_51 to i8" [topp.c:291]   --->   Operation 68 'zext' 'p_shl_cast' <Predicate = (!exitcond1)> <Delay = 0.00>
ST_6 : Operation 69 [1/1] (0.00ns)   --->   "%tmp_52 = call i5 @_ssdm_op_BitConcatenate.i5.i4.i1(i4 %tmp_15, i1 false)" [topp.c:291]   --->   Operation 69 'bitconcatenate' 'tmp_52' <Predicate = (!exitcond1)> <Delay = 0.00>
ST_6 : Operation 70 [1/1] (0.00ns)   --->   "%p_shl1_cast = zext i5 %tmp_52 to i8" [topp.c:291]   --->   Operation 70 'zext' 'p_shl1_cast' <Predicate = (!exitcond1)> <Delay = 0.00>
ST_6 : Operation 71 [1/1] (1.87ns)   --->   "%tmp_53 = add i8 %p_shl1_cast, %p_shl_cast" [topp.c:291]   --->   Operation 71 'add' 'tmp_53' <Predicate = (!exitcond1)> <Delay = 1.87> <Core = "AddSub">   --->   Core 14 'AddSub' <Latency = 0> <II = 1> <Delay = 1.67> <FuncUnit> <Opcode : 'add' 'sub'> <InPorts = 2> <OutPorts = 1>
ST_6 : Operation 72 [1/1] (1.76ns)   --->   "br label %.preheader" [topp.c:289]   --->   Operation 72 'br' <Predicate = (!exitcond1)> <Delay = 1.76>
ST_6 : Operation 73 [1/1] (0.00ns)   --->   "br label %.preheader1"   --->   Operation 73 'br' <Predicate = (exitcond1)> <Delay = 0.00>

State 7 <SV = 6> <Delay = 8.58>
ST_7 : Operation 74 [1/1] (0.00ns)   --->   "%sum_2 = phi float [ %sum, %1 ], [ %sum_1, %.preheader.preheader ]"   --->   Operation 74 'phi' 'sum_2' <Predicate = true> <Delay = 0.00>
ST_7 : Operation 75 [1/1] (0.00ns)   --->   "%kc = phi i2 [ %kc_1, %1 ], [ 0, %.preheader.preheader ]"   --->   Operation 75 'phi' 'kc' <Predicate = true> <Delay = 0.00>
ST_7 : Operation 76 [1/1] (0.00ns)   --->   "%kc_cast1 = zext i2 %kc to i4" [topp.c:289]   --->   Operation 76 'zext' 'kc_cast1' <Predicate = true> <Delay = 0.00>
ST_7 : Operation 77 [1/1] (0.95ns)   --->   "%exitcond = icmp eq i2 %kc, -1" [topp.c:289]   --->   Operation 77 'icmp' 'exitcond' <Predicate = true> <Delay = 0.95> <Core = "Cmp">   --->   Core 25 'Cmp' <Latency = 0> <II = 1> <Delay = 0.95> <FuncUnit> <Opcode : 'icmp'> <InPorts = 2> <OutPorts = 1>
ST_7 : Operation 78 [1/1] (0.00ns)   --->   "%empty_24 = call i32 (...)* @_ssdm_op_SpecLoopTripCount(i64 3, i64 3, i64 3)"   --->   Operation 78 'speclooptripcount' 'empty_24' <Predicate = true> <Delay = 0.00>
ST_7 : Operation 79 [1/1] (1.56ns)   --->   "%kc_1 = add i2 %kc, 1" [topp.c:289]   --->   Operation 79 'add' 'kc_1' <Predicate = true> <Delay = 1.56> <Core = "AddSub">   --->   Core 14 'AddSub' <Latency = 0> <II = 1> <Delay = 1.67> <FuncUnit> <Opcode : 'add' 'sub'> <InPorts = 2> <OutPorts = 1>
ST_7 : Operation 80 [1/1] (0.00ns)   --->   "br i1 %exitcond, label %.preheader6.loopexit, label %1" [topp.c:289]   --->   Operation 80 'br' <Predicate = true> <Delay = 0.00>
ST_7 : Operation 81 [1/1] (1.73ns)   --->   "%tmp_17 = add i4 %c, %kc_cast1" [topp.c:291]   --->   Operation 81 'add' 'tmp_17' <Predicate = (!exitcond)> <Delay = 1.73> <Core = "AddSub">   --->   Core 14 'AddSub' <Latency = 0> <II = 1> <Delay = 1.67> <FuncUnit> <Opcode : 'add' 'sub'> <InPorts = 2> <OutPorts = 1>
ST_7 : Operation 82 [1/1] (0.00ns)   --->   "%tmp_18_cast = zext i4 %tmp_17 to i8" [topp.c:291]   --->   Operation 82 'zext' 'tmp_18_cast' <Predicate = (!exitcond)> <Delay = 0.00>
ST_7 : Operation 83 [1/1] (1.91ns)   --->   "%tmp_54 = add i8 %tmp_18_cast, %tmp_53" [topp.c:291]   --->   Operation 83 'add' 'tmp_54' <Predicate = (!exitcond)> <Delay = 1.91> <Core = "AddSub">   --->   Core 14 'AddSub' <Latency = 0> <II = 1> <Delay = 1.67> <FuncUnit> <Opcode : 'add' 'sub'> <InPorts = 2> <OutPorts = 1>
ST_7 : Operation 84 [1/1] (0.00ns)   --->   "%tmp_79_cast = call i13 @_ssdm_op_BitConcatenate.i13.i8.i5(i8 %tmp_54, i5 0)" [topp.c:291]   --->   Operation 84 'bitconcatenate' 'tmp_79_cast' <Predicate = (!exitcond)> <Delay = 0.00>
ST_7 : Operation 85 [1/1] (1.67ns)   --->   "%tmp_55 = add i13 %tmp_14_cast, %tmp_79_cast" [topp.c:291]   --->   Operation 85 'add' 'tmp_55' <Predicate = (!exitcond)> <Delay = 1.67> <Core = "AddSub">   --->   Core 14 'AddSub' <Latency = 0> <II = 1> <Delay = 1.67> <FuncUnit> <Opcode : 'add' 'sub'> <InPorts = 2> <OutPorts = 1>
ST_7 : Operation 86 [1/1] (0.00ns)   --->   "%tmp_80_cast = zext i13 %tmp_55 to i64" [topp.c:291]   --->   Operation 86 'zext' 'tmp_80_cast' <Predicate = (!exitcond)> <Delay = 0.00>
ST_7 : Operation 87 [1/1] (0.00ns)   --->   "%f4_addr = getelementptr [3200 x float]* @f4, i64 0, i64 %tmp_80_cast" [topp.c:291]   --->   Operation 87 'getelementptr' 'f4_addr' <Predicate = (!exitcond)> <Delay = 0.00>
ST_7 : Operation 88 [2/2] (3.25ns)   --->   "%f4_load = load float* %f4_addr, align 4" [topp.c:291]   --->   Operation 88 'load' 'f4_load' <Predicate = (!exitcond)> <Delay = 3.25> <Core = "RAM">   --->   Core 37 'RAM' <Latency = 1> <II = 1> <Delay = 3.25> <Storage> <Opcode : 'load' 'store'> <Ports = 2> <Width = 32> <Depth = 2048> <RAM>
ST_7 : Operation 89 [1/1] (0.00ns)   --->   "br label %.preheader6"   --->   Operation 89 'br' <Predicate = (exitcond)> <Delay = 0.00>

State 8 <SV = 7> <Delay = 3.25>
ST_8 : Operation 90 [1/2] (3.25ns)   --->   "%f4_load = load float* %f4_addr, align 4" [topp.c:291]   --->   Operation 90 'load' 'f4_load' <Predicate = true> <Delay = 3.25> <Core = "RAM">   --->   Core 37 'RAM' <Latency = 1> <II = 1> <Delay = 3.25> <Storage> <Opcode : 'load' 'store'> <Ports = 2> <Width = 32> <Depth = 2048> <RAM>

State 9 <SV = 8> <Delay = 5.70>
ST_9 : Operation 91 [4/4] (5.70ns)   --->   "%tmp_19 = fmul float %f4_load, 0.000000e+00" [topp.c:291]   --->   Operation 91 'fmul' 'tmp_19' <Predicate = true> <Delay = 5.70> <Core = "FMul">   --->   Core 105 'FMul' <Latency = 3> <II = 1> <Delay = 5.70> <FuncUnit> <Opcode : 'fmul'> <InPorts = 2> <OutPorts = 1>

State 10 <SV = 9> <Delay = 5.70>
ST_10 : Operation 92 [3/4] (5.70ns)   --->   "%tmp_19 = fmul float %f4_load, 0.000000e+00" [topp.c:291]   --->   Operation 92 'fmul' 'tmp_19' <Predicate = true> <Delay = 5.70> <Core = "FMul">   --->   Core 105 'FMul' <Latency = 3> <II = 1> <Delay = 5.70> <FuncUnit> <Opcode : 'fmul'> <InPorts = 2> <OutPorts = 1>

State 11 <SV = 10> <Delay = 5.70>
ST_11 : Operation 93 [2/4] (5.70ns)   --->   "%tmp_19 = fmul float %f4_load, 0.000000e+00" [topp.c:291]   --->   Operation 93 'fmul' 'tmp_19' <Predicate = true> <Delay = 5.70> <Core = "FMul">   --->   Core 105 'FMul' <Latency = 3> <II = 1> <Delay = 5.70> <FuncUnit> <Opcode : 'fmul'> <InPorts = 2> <OutPorts = 1>

State 12 <SV = 11> <Delay = 5.70>
ST_12 : Operation 94 [1/4] (5.70ns)   --->   "%tmp_19 = fmul float %f4_load, 0.000000e+00" [topp.c:291]   --->   Operation 94 'fmul' 'tmp_19' <Predicate = true> <Delay = 5.70> <Core = "FMul">   --->   Core 105 'FMul' <Latency = 3> <II = 1> <Delay = 5.70> <FuncUnit> <Opcode : 'fmul'> <InPorts = 2> <OutPorts = 1>

State 13 <SV = 12> <Delay = 7.25>
ST_13 : Operation 95 [5/5] (7.25ns)   --->   "%sum = fadd float %sum_2, %tmp_19" [topp.c:291]   --->   Operation 95 'fadd' 'sum' <Predicate = true> <Delay = 7.25> <Core = "FAddSub">   --->   Core 104 'FAddSub' <Latency = 4> <II = 1> <Delay = 7.25> <FuncUnit> <Opcode : 'fadd' 'fsub'> <InPorts = 2> <OutPorts = 1>

State 14 <SV = 13> <Delay = 7.25>
ST_14 : Operation 96 [4/5] (7.25ns)   --->   "%sum = fadd float %sum_2, %tmp_19" [topp.c:291]   --->   Operation 96 'fadd' 'sum' <Predicate = true> <Delay = 7.25> <Core = "FAddSub">   --->   Core 104 'FAddSub' <Latency = 4> <II = 1> <Delay = 7.25> <FuncUnit> <Opcode : 'fadd' 'fsub'> <InPorts = 2> <OutPorts = 1>

State 15 <SV = 14> <Delay = 7.25>
ST_15 : Operation 97 [3/5] (7.25ns)   --->   "%sum = fadd float %sum_2, %tmp_19" [topp.c:291]   --->   Operation 97 'fadd' 'sum' <Predicate = true> <Delay = 7.25> <Core = "FAddSub">   --->   Core 104 'FAddSub' <Latency = 4> <II = 1> <Delay = 7.25> <FuncUnit> <Opcode : 'fadd' 'fsub'> <InPorts = 2> <OutPorts = 1>

State 16 <SV = 15> <Delay = 7.25>
ST_16 : Operation 98 [2/5] (7.25ns)   --->   "%sum = fadd float %sum_2, %tmp_19" [topp.c:291]   --->   Operation 98 'fadd' 'sum' <Predicate = true> <Delay = 7.25> <Core = "FAddSub">   --->   Core 104 'FAddSub' <Latency = 4> <II = 1> <Delay = 7.25> <FuncUnit> <Opcode : 'fadd' 'fsub'> <InPorts = 2> <OutPorts = 1>

State 17 <SV = 16> <Delay = 7.25>
ST_17 : Operation 99 [1/5] (7.25ns)   --->   "%sum = fadd float %sum_2, %tmp_19" [topp.c:291]   --->   Operation 99 'fadd' 'sum' <Predicate = true> <Delay = 7.25> <Core = "FAddSub">   --->   Core 104 'FAddSub' <Latency = 4> <II = 1> <Delay = 7.25> <FuncUnit> <Opcode : 'fadd' 'fsub'> <InPorts = 2> <OutPorts = 1>
ST_17 : Operation 100 [1/1] (0.00ns)   --->   "br label %.preheader" [topp.c:289]   --->   Operation 100 'br' <Predicate = true> <Delay = 0.00>


============================================================
+ Verbose Summary: Timing violations
============================================================
Target clock period: 10ns, clock uncertainty: 1.25ns.

 <State 1>: 1.77ns
The critical path consists of the following:
	multiplexor before 'phi' operation ('oc') with incoming values : ('oc', topp.c:274) [5]  (1.77 ns)

 <State 2>: 1.83ns
The critical path consists of the following:
	'phi' operation ('oc') with incoming values : ('oc', topp.c:274) [5]  (0 ns)
	'add' operation ('oc', topp.c:274) [8]  (1.83 ns)

 <State 3>: 1.77ns
The critical path consists of the following:
	multiplexor before 'phi' operation ('c') with incoming values : ('c', topp.c:278) [24]  (1.77 ns)

 <State 4>: 1.77ns
The critical path consists of the following:
	multiplexor before 'phi' operation ('sum3', topp.c:291) with incoming values : ('sum', topp.c:291) [32]  (1.77 ns)

 <State 5>: 6.8ns
The critical path consists of the following:
	'add' operation ('tmp_49', topp.c:295) [83]  (1.87 ns)
	'add' operation ('tmp_50', topp.c:295) [85]  (1.68 ns)
	'getelementptr' operation ('out_addr', topp.c:295) [87]  (0 ns)
	'store' operation (topp.c:295) of variable 'sum3', topp.c:291 on array 'out_r' [88]  (3.25 ns)

 <State 6>: 3.61ns
The critical path consists of the following:
	'phi' operation ('kr') with incoming values : ('kr', topp.c:286) [43]  (0 ns)
	'add' operation ('tmp_15', topp.c:291) [50]  (1.74 ns)
	'add' operation ('tmp_53', topp.c:291) [55]  (1.87 ns)

 <State 7>: 8.58ns
The critical path consists of the following:
	'phi' operation ('kc') with incoming values : ('kc', topp.c:289) [59]  (0 ns)
	'add' operation ('tmp_17', topp.c:291) [66]  (1.74 ns)
	'add' operation ('tmp_54', topp.c:291) [68]  (1.92 ns)
	'add' operation ('tmp_55', topp.c:291) [70]  (1.68 ns)
	'getelementptr' operation ('f4_addr', topp.c:291) [72]  (0 ns)
	'load' operation ('f4_load', topp.c:291) on array 'f4' [73]  (3.25 ns)

 <State 8>: 3.25ns
The critical path consists of the following:
	'load' operation ('f4_load', topp.c:291) on array 'f4' [73]  (3.25 ns)

 <State 9>: 5.7ns
The critical path consists of the following:
	'fmul' operation ('tmp_19', topp.c:291) [74]  (5.7 ns)

 <State 10>: 5.7ns
The critical path consists of the following:
	'fmul' operation ('tmp_19', topp.c:291) [74]  (5.7 ns)

 <State 11>: 5.7ns
The critical path consists of the following:
	'fmul' operation ('tmp_19', topp.c:291) [74]  (5.7 ns)

 <State 12>: 5.7ns
The critical path consists of the following:
	'fmul' operation ('tmp_19', topp.c:291) [74]  (5.7 ns)

 <State 13>: 7.26ns
The critical path consists of the following:
	'fadd' operation ('sum', topp.c:291) [75]  (7.26 ns)

 <State 14>: 7.26ns
The critical path consists of the following:
	'fadd' operation ('sum', topp.c:291) [75]  (7.26 ns)

 <State 15>: 7.26ns
The critical path consists of the following:
	'fadd' operation ('sum', topp.c:291) [75]  (7.26 ns)

 <State 16>: 7.26ns
The critical path consists of the following:
	'fadd' operation ('sum', topp.c:291) [75]  (7.26 ns)

 <State 17>: 7.26ns
The critical path consists of the following:
	'fadd' operation ('sum', topp.c:291) [75]  (7.26 ns)


============================================================
+ Verbose Summary: Binding
============================================================
N/A
* FSMD analyzer results:
  - Output states:
 - Input state : 
  - Chain level:
	State 1
	State 2
	State 3
	State 4
	State 5
	State 6
	State 7
	State 8
	State 9
	State 10
	State 11
	State 12
	State 13
	State 14
	State 15
	State 16
	State 17


============================================================
+ Verbose Summary: Datapath Resource usage 
============================================================
N/A
