

================================================================
== Vivado HLS Report for 'conv1'
================================================================
* Date:           Sun Jun  7 19:29:34 2026

* Version:        2018.3 (Build 2405991 on Thu Dec 06 23:56:15 MST 2018)
* Project:        finalproj
* Solution:       nodirective
* Product family: zynq
* Target device:  xc7z020clg484-1


================================================================
== Performance Estimates
================================================================
+ Timing (ns): 
    * Summary: 
    +--------+-------+----------+------------+
    |  Clock | Target| Estimated| Uncertainty|
    +--------+-------+----------+------------+
    |ap_clk  |  10.00|     7.256|        1.25|
    +--------+-------+----------+------------+

+ Latency (clock cycles): 
    * Summary: 
    +----------+----------+----------+----------+---------+
    |       Latency       |       Interval      | Pipeline|
    |    min   |    max   |    min   |    max   |   Type  |
    +----------+----------+----------+----------+---------+
    |  10794961|  10794961|  10794961|  10794961|   none  |
    +----------+----------+----------+----------+---------+

    + Detail: 
        * Instance: 
        N/A

        * Loop: 
        +-----------------------------+----------+----------+----------+-----------+-----------+------+----------+
        |                             |       Latency       | Iteration|  Initiation Interval  | Trip |          |
        |          Loop Name          |    min   |    max   |  Latency |  achieved |   target  | Count| Pipelined|
        +-----------------------------+----------+----------+----------+-----------+-----------+------+----------+
        |- Loop 1                     |  10794960|  10794960|   1349370|          -|          -|     8|    no    |
        | + Loop 1.1                  |   1349368|   1349368|     21764|          -|          -|    62|    no    |
        |  ++ Loop 1.1.1              |     21762|     21762|       351|          -|          -|    62|    no    |
        |   +++ Loop 1.1.1.1          |       348|       348|       116|          -|          -|     3|    no    |
        |    ++++ Loop 1.1.1.1.1      |       114|       114|        38|          -|          -|     3|    no    |
        |     +++++ Loop 1.1.1.1.1.1  |        36|        36|        12|          -|          -|     3|    no    |
        +-----------------------------+----------+----------+----------+-----------+-----------+------+----------+



================================================================
== Utilization Estimates
================================================================
* Summary: 
+-----------------+---------+-------+--------+-------+
|       Name      | BRAM_18K| DSP48E|   FF   |  LUT  |
+-----------------+---------+-------+--------+-------+
|DSP              |        -|      -|       -|      -|
|Expression       |        -|      -|       0|    312|
|FIFO             |        -|      -|       -|      -|
|Instance         |        -|      5|     414|    950|
|Memory           |        -|      -|       -|      -|
|Multiplexer      |        -|      -|       -|    178|
|Register         |        -|      -|     279|      -|
+-----------------+---------+-------+--------+-------+
|Total            |        0|      5|     693|   1440|
+-----------------+---------+-------+--------+-------+
|Available        |      280|    220|  106400|  53200|
+-----------------+---------+-------+--------+-------+
|Utilization (%)  |        0|      2|   ~0   |      2|
+-----------------+---------+-------+--------+-------+

+ Detail: 
    * Instance: 
    +-------------------------+----------------------+---------+-------+-----+-----+
    |         Instance        |        Module        | BRAM_18K| DSP48E|  FF | LUT |
    +-------------------------+----------------------+---------+-------+-----+-----+
    |topp_fadd_32ns_32bkb_U1  |topp_fadd_32ns_32bkb  |        0|      2|  205|  390|
    |topp_fcmp_32ns_32dEe_U3  |topp_fcmp_32ns_32dEe  |        0|      0|   66|  239|
    |topp_fmul_32ns_32cud_U2  |topp_fmul_32ns_32cud  |        0|      3|  143|  321|
    +-------------------------+----------------------+---------+-------+-----+-----+
    |Total                    |                      |        0|      5|  414|  950|
    +-------------------------+----------------------+---------+-------+-----+-----+

    * DSP48: 
    N/A

    * Memory: 
    N/A

    * FIFO: 
    N/A

    * Expression: 
    +---------------------+----------+-------+---+----+------------+------------+
    |    Variable Name    | Operation| DSP48E| FF| LUT| Bitwidth P0| Bitwidth P1|
    +---------------------+----------+-------+---+----+------------+------------+
    |c_8_fu_266_p2        |     +    |      0|  0|  15|           6|           1|
    |ic_6_fu_278_p2       |     +    |      0|  0|  10|           2|           1|
    |kc_5_fu_342_p2       |     +    |      0|  0|  10|           2|           1|
    |kr_5_fu_320_p2       |     +    |      0|  0|  10|           2|           1|
    |oc_6_fu_208_p2       |     +    |      0|  0|  13|           4|           1|
    |r_8_fu_224_p2        |     +    |      0|  0|  15|           6|           1|
    |tmp_43_fu_326_p2     |     +    |      0|  0|  15|           6|           6|
    |tmp_45_fu_348_p2     |     +    |      0|  0|  15|           6|           6|
    |tmp_84_fu_292_p2     |     +    |      0|  0|  17|          13|          13|
    |tmp_85_fu_305_p2     |     +    |      0|  0|  23|          16|          16|
    |tmp_89_fu_384_p2     |     +    |      0|  0|  15|          15|          15|
    |tmp_83_fu_254_p2     |     -    |      0|  0|  17|          13|          13|
    |tmp_88_fu_378_p2     |     -    |      0|  0|  15|          15|          15|
    |tmp_50_fu_429_p2     |    and   |      0|  0|   2|           1|           1|
    |exitcond1_fu_314_p2  |   icmp   |      0|  0|   8|           2|           2|
    |exitcond2_fu_272_p2  |   icmp   |      0|  0|   8|           2|           2|
    |exitcond3_fu_260_p2  |   icmp   |      0|  0|  11|           6|           3|
    |exitcond4_fu_218_p2  |   icmp   |      0|  0|  11|           6|           3|
    |exitcond5_fu_202_p2  |   icmp   |      0|  0|  11|           4|           5|
    |exitcond_fu_336_p2   |   icmp   |      0|  0|   8|           2|           2|
    |notlhs_fu_411_p2     |   icmp   |      0|  0|  11|           8|           2|
    |notrhs_fu_417_p2     |   icmp   |      0|  0|  18|          23|           1|
    |tmp_48_fu_423_p2     |    or    |      0|  0|   2|           1|           1|
    |out_r_d0             |  select  |      0|  0|  32|           1|           1|
    +---------------------+----------+-------+---+----+------------+------------+
    |Total                |          |      0|  0| 312|         162|         113|
    +---------------------+----------+-------+---+----+------------+------------+

    * Multiplexer: 
    +---------------+----+-----------+-----+-----------+
    |      Name     | LUT| Input Size| Bits| Total Bits|
    +---------------+----+-----------+-----+-----------+
    |ap_NS_fsm      |  97|         20|    1|         20|
    |c_reg_105      |   9|          2|    6|         12|
    |ic_reg_129     |   9|          2|    2|          4|
    |kc_reg_175     |   9|          2|    2|          4|
    |kr_reg_152     |   9|          2|    2|          4|
    |oc_reg_82      |   9|          2|    4|          8|
    |r_reg_93       |   9|          2|    6|         12|
    |sum7_reg_117   |   9|          2|   32|         64|
    |sum_1_reg_140  |   9|          2|   32|         64|
    |sum_2_reg_163  |   9|          2|   32|         64|
    +---------------+----+-----------+-----+-----------+
    |Total          | 178|         38|  119|        256|
    +---------------+----+-----------+-----+-----------+

    * Register: 
    +---------------------+----+----+-----+-----------+
    |         Name        | FF | LUT| Bits| Const Bits|
    +---------------------+----+----+-----+-----------+
    |ap_CS_fsm            |  19|   0|   19|          0|
    |c_8_reg_476          |   6|   0|    6|          0|
    |c_reg_105            |   6|   0|    6|          0|
    |ic_6_reg_484         |   2|   0|    2|          0|
    |ic_reg_129           |   2|   0|    2|          0|
    |in_load_reg_536      |  32|   0|   32|          0|
    |kc_5_reg_521         |   2|   0|    2|          0|
    |kc_reg_175           |   2|   0|    2|          0|
    |kr_5_reg_507         |   2|   0|    2|          0|
    |kr_reg_152           |   2|   0|    2|          0|
    |oc_6_reg_450         |   4|   0|    4|          0|
    |oc_reg_82            |   4|   0|    4|          0|
    |r_8_reg_463          |   6|   0|    6|          0|
    |r_reg_93             |   6|   0|    6|          0|
    |sum7_reg_117         |  32|   0|   32|          0|
    |sum_1_reg_140        |  32|   0|   32|          0|
    |sum_2_reg_163        |  32|   0|   32|          0|
    |tmp_42_cast_reg_489  |   2|   0|   15|         13|
    |tmp_43_reg_512       |   6|   0|    6|          0|
    |tmp_47_reg_541       |  32|   0|   32|          0|
    |tmp_49_reg_494       |   1|   0|    1|          0|
    |tmp_83_reg_468       |  12|   0|   13|          1|
    |tmp_85_reg_499       |  16|   0|   16|          0|
    |tmp_89_reg_526       |  15|   0|   15|          0|
    |tmp_cast_reg_455     |   4|   0|   16|         12|
    +---------------------+----+----+-----+-----------+
    |Total                | 279|   0|  305|         26|
    +---------------------+----+----+-----+-----------+



================================================================
== Interface
================================================================
* Summary: 
+----------------+-----+-----+------------+--------------+--------------+
|    RTL Ports   | Dir | Bits|  Protocol  | Source Object|    C Type    |
+----------------+-----+-----+------------+--------------+--------------+
|ap_clk          |  in |    1| ap_ctrl_hs |     conv1    | return value |
|ap_rst          |  in |    1| ap_ctrl_hs |     conv1    | return value |
|ap_start        |  in |    1| ap_ctrl_hs |     conv1    | return value |
|ap_done         | out |    1| ap_ctrl_hs |     conv1    | return value |
|ap_idle         | out |    1| ap_ctrl_hs |     conv1    | return value |
|ap_ready        | out |    1| ap_ctrl_hs |     conv1    | return value |
|in_r_address0   | out |   14|  ap_memory |     in_r     |     array    |
|in_r_ce0        | out |    1|  ap_memory |     in_r     |     array    |
|in_r_q0         |  in |   32|  ap_memory |     in_r     |     array    |
|out_r_address0  | out |   15|  ap_memory |     out_r    |     array    |
|out_r_ce0       | out |    1|  ap_memory |     out_r    |     array    |
|out_r_we0       | out |    1|  ap_memory |     out_r    |     array    |
|out_r_d0        | out |   32|  ap_memory |     out_r    |     array    |
+----------------+-----+-----+------------+--------------+--------------+

============================================================
+ Verbose Summary: Synthesis Manager
============================================================
InlineROM: 1
ExposeGlobal: 0
============================================================
+ Verbose Summary: CDFG Model
============================================================
IsTopModel: 0
ResetActiveHigh: 1
IsCombinational: 2
IsDatapathOnly: 2
HasWiredReturn: 1
HasMFsm: 0
HasVarLatency: 1
IsPipeline: 0
IsRtlPipelined: 0
IsInstanceOverlapped: 0
IsDontTouch: 0
HasImplIP: 0
IsGatedGlobalClock: 0


============================================================
+ Verbose Summary: Schedule
============================================================
* Number of FSM states : 19
* Pipeline : 0
* Dataflow Pipeline: 0

* FSM state transitions: 
1 --> 
	2  / true
2 --> 
	3  / (!exitcond5)
3 --> 
	4  / (!exitcond4)
	2  / (exitcond4)
4 --> 
	5  / (!exitcond3)
	3  / (exitcond3)
5 --> 
	19  / (exitcond2)
	6  / (!exitcond2)
6 --> 
	7  / (!exitcond1)
	5  / (exitcond1)
7 --> 
	8  / (!exitcond)
	6  / (exitcond)
8 --> 
	9  / true
9 --> 
	10  / true
10 --> 
	11  / true
11 --> 
	12  / true
12 --> 
	13  / true
13 --> 
	14  / true
14 --> 
	15  / true
15 --> 
	16  / true
16 --> 
	17  / true
17 --> 
	18  / true
18 --> 
	7  / true
19 --> 
	4  / true

* FSM state operations: 

State 1 <SV = 0> <Delay = 1.76>
ST_1 : Operation 20 [1/1] (1.76ns)   --->   "br label %.loopexit" [topp.c:33]   --->   Operation 20 'br' <Predicate = true> <Delay = 1.76>

State 2 <SV = 1> <Delay = 1.76>
ST_2 : Operation 21 [1/1] (0.00ns)   --->   "%oc = phi i4 [ 0, %0 ], [ %oc_6, %.loopexit.loopexit ]"   --->   Operation 21 'phi' 'oc' <Predicate = true> <Delay = 0.00>
ST_2 : Operation 22 [1/1] (1.30ns)   --->   "%exitcond5 = icmp eq i4 %oc, -8" [topp.c:33]   --->   Operation 22 'icmp' 'exitcond5' <Predicate = true> <Delay = 1.30> <Core = "Cmp">   --->   Core 25 'Cmp' <Latency = 0> <II = 1> <Delay = 2.44> <FuncUnit> <Opcode : 'icmp'> <InPorts = 2> <OutPorts = 1>
ST_2 : Operation 23 [1/1] (0.00ns)   --->   "%empty = call i32 (...)* @_ssdm_op_SpecLoopTripCount(i64 8, i64 8, i64 8)"   --->   Operation 23 'speclooptripcount' 'empty' <Predicate = true> <Delay = 0.00>
ST_2 : Operation 24 [1/1] (1.73ns)   --->   "%oc_6 = add i4 %oc, 1" [topp.c:33]   --->   Operation 24 'add' 'oc_6' <Predicate = true> <Delay = 1.73> <Core = "AddSub">   --->   Core 14 'AddSub' <Latency = 0> <II = 1> <Delay = 2.07> <FuncUnit> <Opcode : 'add' 'sub'> <InPorts = 2> <OutPorts = 1>
ST_2 : Operation 25 [1/1] (0.00ns)   --->   "br i1 %exitcond5, label %3, label %.preheader8.preheader" [topp.c:33]   --->   Operation 25 'br' <Predicate = true> <Delay = 0.00>
ST_2 : Operation 26 [1/1] (0.00ns)   --->   "%tmp_cast = zext i4 %oc to i16" [topp.c:35]   --->   Operation 26 'zext' 'tmp_cast' <Predicate = (!exitcond5)> <Delay = 0.00>
ST_2 : Operation 27 [1/1] (1.76ns)   --->   "br label %.preheader8" [topp.c:35]   --->   Operation 27 'br' <Predicate = (!exitcond5)> <Delay = 1.76>
ST_2 : Operation 28 [1/1] (0.00ns)   --->   "ret void" [topp.c:62]   --->   Operation 28 'ret' <Predicate = (exitcond5)> <Delay = 0.00>

State 3 <SV = 2> <Delay = 1.82>
ST_3 : Operation 29 [1/1] (0.00ns)   --->   "%r = phi i6 [ 0, %.preheader8.preheader ], [ %r_8, %.preheader8.loopexit ]"   --->   Operation 29 'phi' 'r' <Predicate = true> <Delay = 0.00>
ST_3 : Operation 30 [1/1] (1.42ns)   --->   "%exitcond4 = icmp eq i6 %r, -2" [topp.c:35]   --->   Operation 30 'icmp' 'exitcond4' <Predicate = true> <Delay = 1.42> <Core = "Cmp">   --->   Core 25 'Cmp' <Latency = 0> <II = 1> <Delay = 2.44> <FuncUnit> <Opcode : 'icmp'> <InPorts = 2> <OutPorts = 1>
ST_3 : Operation 31 [1/1] (0.00ns)   --->   "%empty_40 = call i32 (...)* @_ssdm_op_SpecLoopTripCount(i64 62, i64 62, i64 62)"   --->   Operation 31 'speclooptripcount' 'empty_40' <Predicate = true> <Delay = 0.00>
ST_3 : Operation 32 [1/1] (1.82ns)   --->   "%r_8 = add i6 %r, 1" [topp.c:35]   --->   Operation 32 'add' 'r_8' <Predicate = true> <Delay = 1.82> <Core = "AddSub">   --->   Core 14 'AddSub' <Latency = 0> <II = 1> <Delay = 2.07> <FuncUnit> <Opcode : 'add' 'sub'> <InPorts = 2> <OutPorts = 1>
ST_3 : Operation 33 [1/1] (0.00ns)   --->   "br i1 %exitcond4, label %.loopexit.loopexit, label %.preheader7.preheader" [topp.c:35]   --->   Operation 33 'br' <Predicate = true> <Delay = 0.00>
ST_3 : Operation 34 [1/1] (0.00ns)   --->   "%tmp_81 = call i12 @_ssdm_op_BitConcatenate.i12.i6.i6(i6 %r, i6 0)" [topp.c:35]   --->   Operation 34 'bitconcatenate' 'tmp_81' <Predicate = (!exitcond4)> <Delay = 0.00>
ST_3 : Operation 35 [1/1] (0.00ns)   --->   "%p_shl_cast = zext i12 %tmp_81 to i13" [topp.c:35]   --->   Operation 35 'zext' 'p_shl_cast' <Predicate = (!exitcond4)> <Delay = 0.00>
ST_3 : Operation 36 [1/1] (0.00ns)   --->   "%tmp_82 = call i7 @_ssdm_op_BitConcatenate.i7.i6.i1(i6 %r, i1 false)" [topp.c:35]   --->   Operation 36 'bitconcatenate' 'tmp_82' <Predicate = (!exitcond4)> <Delay = 0.00>
ST_3 : Operation 37 [1/1] (0.00ns)   --->   "%p_shl1_cast = zext i7 %tmp_82 to i13" [topp.c:58]   --->   Operation 37 'zext' 'p_shl1_cast' <Predicate = (!exitcond4)> <Delay = 0.00>
ST_3 : Operation 38 [1/1] (1.54ns)   --->   "%tmp_83 = sub i13 %p_shl_cast, %p_shl1_cast" [topp.c:58]   --->   Operation 38 'sub' 'tmp_83' <Predicate = (!exitcond4)> <Delay = 1.54> <Core = "AddSub">   --->   Core 14 'AddSub' <Latency = 0> <II = 1> <Delay = 2.07> <FuncUnit> <Opcode : 'add' 'sub'> <InPorts = 2> <OutPorts = 1>
ST_3 : Operation 39 [1/1] (1.76ns)   --->   "br label %.preheader7" [topp.c:37]   --->   Operation 39 'br' <Predicate = (!exitcond4)> <Delay = 1.76>
ST_3 : Operation 40 [1/1] (0.00ns)   --->   "br label %.loopexit"   --->   Operation 40 'br' <Predicate = (exitcond4)> <Delay = 0.00>

State 4 <SV = 3> <Delay = 1.82>
ST_4 : Operation 41 [1/1] (0.00ns)   --->   "%c = phi i6 [ %c_8, %2 ], [ 0, %.preheader7.preheader ]"   --->   Operation 41 'phi' 'c' <Predicate = true> <Delay = 0.00>
ST_4 : Operation 42 [1/1] (1.42ns)   --->   "%exitcond3 = icmp eq i6 %c, -2" [topp.c:37]   --->   Operation 42 'icmp' 'exitcond3' <Predicate = true> <Delay = 1.42> <Core = "Cmp">   --->   Core 25 'Cmp' <Latency = 0> <II = 1> <Delay = 2.44> <FuncUnit> <Opcode : 'icmp'> <InPorts = 2> <OutPorts = 1>
ST_4 : Operation 43 [1/1] (0.00ns)   --->   "%empty_41 = call i32 (...)* @_ssdm_op_SpecLoopTripCount(i64 62, i64 62, i64 62)"   --->   Operation 43 'speclooptripcount' 'empty_41' <Predicate = true> <Delay = 0.00>
ST_4 : Operation 44 [1/1] (1.82ns)   --->   "%c_8 = add i6 %c, 1" [topp.c:37]   --->   Operation 44 'add' 'c_8' <Predicate = true> <Delay = 1.82> <Core = "AddSub">   --->   Core 14 'AddSub' <Latency = 0> <II = 1> <Delay = 2.07> <FuncUnit> <Opcode : 'add' 'sub'> <InPorts = 2> <OutPorts = 1>
ST_4 : Operation 45 [1/1] (0.00ns)   --->   "br i1 %exitcond3, label %.preheader8.loopexit, label %.preheader1.preheader" [topp.c:37]   --->   Operation 45 'br' <Predicate = true> <Delay = 0.00>
ST_4 : Operation 46 [1/1] (1.76ns)   --->   "br label %.preheader1" [topp.c:42]   --->   Operation 46 'br' <Predicate = (!exitcond3)> <Delay = 1.76>
ST_4 : Operation 47 [1/1] (0.00ns)   --->   "br label %.preheader8"   --->   Operation 47 'br' <Predicate = (exitcond3)> <Delay = 0.00>

State 5 <SV = 4> <Delay = 6.78>
ST_5 : Operation 48 [1/1] (0.00ns)   --->   "%sum7 = phi float [ %sum_1, %.preheader1.loopexit ], [ 0.000000e+00, %.preheader1.preheader ]" [topp.c:52]   --->   Operation 48 'phi' 'sum7' <Predicate = true> <Delay = 0.00>
ST_5 : Operation 49 [1/1] (0.00ns)   --->   "%ic = phi i2 [ %ic_6, %.preheader1.loopexit ], [ 0, %.preheader1.preheader ]"   --->   Operation 49 'phi' 'ic' <Predicate = true> <Delay = 0.00>
ST_5 : Operation 50 [1/1] (0.95ns)   --->   "%exitcond2 = icmp eq i2 %ic, -1" [topp.c:42]   --->   Operation 50 'icmp' 'exitcond2' <Predicate = true> <Delay = 0.95> <Core = "Cmp">   --->   Core 25 'Cmp' <Latency = 0> <II = 1> <Delay = 2.44> <FuncUnit> <Opcode : 'icmp'> <InPorts = 2> <OutPorts = 1>
ST_5 : Operation 51 [1/1] (0.00ns)   --->   "%empty_42 = call i32 (...)* @_ssdm_op_SpecLoopTripCount(i64 3, i64 3, i64 3)"   --->   Operation 51 'speclooptripcount' 'empty_42' <Predicate = true> <Delay = 0.00>
ST_5 : Operation 52 [1/1] (1.56ns)   --->   "%ic_6 = add i2 %ic, 1" [topp.c:42]   --->   Operation 52 'add' 'ic_6' <Predicate = true> <Delay = 1.56> <Core = "AddSub">   --->   Core 14 'AddSub' <Latency = 0> <II = 1> <Delay = 2.07> <FuncUnit> <Opcode : 'add' 'sub'> <InPorts = 2> <OutPorts = 1>
ST_5 : Operation 53 [1/1] (0.00ns)   --->   "br i1 %exitcond2, label %2, label %.preheader6.preheader" [topp.c:42]   --->   Operation 53 'br' <Predicate = true> <Delay = 0.00>
ST_5 : Operation 54 [1/1] (0.00ns)   --->   "%tmp_42_cast = zext i2 %ic to i15" [topp.c:45]   --->   Operation 54 'zext' 'tmp_42_cast' <Predicate = (!exitcond2)> <Delay = 0.00>
ST_5 : Operation 55 [1/1] (1.76ns)   --->   "br label %.preheader6" [topp.c:45]   --->   Operation 55 'br' <Predicate = (!exitcond2)> <Delay = 1.76>
ST_5 : Operation 56 [1/1] (6.78ns)   --->   "%tmp_49 = fcmp olt float %sum7, 0.000000e+00" [topp.c:57]   --->   Operation 56 'fcmp' 'tmp_49' <Predicate = (exitcond2)> <Delay = 6.78> <Core = "FCmp">   --->   Core 110 'FCmp' <Latency = 0> <II = 1> <Delay = 6.78> <FuncUnit> <Opcode : 'fcmp'> <InPorts = 2> <OutPorts = 1>
ST_5 : Operation 57 [1/1] (0.00ns)   --->   "%tmp_41_cast = zext i6 %c to i13" [topp.c:37]   --->   Operation 57 'zext' 'tmp_41_cast' <Predicate = (exitcond2)> <Delay = 0.00>
ST_5 : Operation 58 [1/1] (1.67ns)   --->   "%tmp_84 = add i13 %tmp_83, %tmp_41_cast" [topp.c:58]   --->   Operation 58 'add' 'tmp_84' <Predicate = (exitcond2)> <Delay = 1.67> <Core = "AddSub">   --->   Core 14 'AddSub' <Latency = 0> <II = 1> <Delay = 2.07> <FuncUnit> <Opcode : 'add' 'sub'> <InPorts = 2> <OutPorts = 1>
ST_5 : Operation 59 [1/1] (0.00ns)   --->   "%tmp_125_cast = call i16 @_ssdm_op_BitConcatenate.i16.i13.i3(i13 %tmp_84, i3 0)" [topp.c:58]   --->   Operation 59 'bitconcatenate' 'tmp_125_cast' <Predicate = (exitcond2)> <Delay = 0.00>
ST_5 : Operation 60 [1/1] (2.07ns)   --->   "%tmp_85 = add i16 %tmp_125_cast, %tmp_cast" [topp.c:58]   --->   Operation 60 'add' 'tmp_85' <Predicate = (exitcond2)> <Delay = 2.07> <Core = "AddSub">   --->   Core 14 'AddSub' <Latency = 0> <II = 1> <Delay = 2.07> <FuncUnit> <Opcode : 'add' 'sub'> <InPorts = 2> <OutPorts = 1>

State 6 <SV = 5> <Delay = 1.82>
ST_6 : Operation 61 [1/1] (0.00ns)   --->   "%sum_1 = phi float [ %sum7, %.preheader6.preheader ], [ %sum_2, %.preheader6.loopexit ]" [topp.c:52]   --->   Operation 61 'phi' 'sum_1' <Predicate = true> <Delay = 0.00>
ST_6 : Operation 62 [1/1] (0.00ns)   --->   "%kr = phi i2 [ 0, %.preheader6.preheader ], [ %kr_5, %.preheader6.loopexit ]"   --->   Operation 62 'phi' 'kr' <Predicate = true> <Delay = 0.00>
ST_6 : Operation 63 [1/1] (0.00ns)   --->   "%kr_cast2 = zext i2 %kr to i6" [topp.c:45]   --->   Operation 63 'zext' 'kr_cast2' <Predicate = true> <Delay = 0.00>
ST_6 : Operation 64 [1/1] (0.95ns)   --->   "%exitcond1 = icmp eq i2 %kr, -1" [topp.c:45]   --->   Operation 64 'icmp' 'exitcond1' <Predicate = true> <Delay = 0.95> <Core = "Cmp">   --->   Core 25 'Cmp' <Latency = 0> <II = 1> <Delay = 2.44> <FuncUnit> <Opcode : 'icmp'> <InPorts = 2> <OutPorts = 1>
ST_6 : Operation 65 [1/1] (0.00ns)   --->   "%empty_43 = call i32 (...)* @_ssdm_op_SpecLoopTripCount(i64 3, i64 3, i64 3)"   --->   Operation 65 'speclooptripcount' 'empty_43' <Predicate = true> <Delay = 0.00>
ST_6 : Operation 66 [1/1] (1.56ns)   --->   "%kr_5 = add i2 %kr, 1" [topp.c:45]   --->   Operation 66 'add' 'kr_5' <Predicate = true> <Delay = 1.56> <Core = "AddSub">   --->   Core 14 'AddSub' <Latency = 0> <II = 1> <Delay = 2.07> <FuncUnit> <Opcode : 'add' 'sub'> <InPorts = 2> <OutPorts = 1>
ST_6 : Operation 67 [1/1] (0.00ns)   --->   "br i1 %exitcond1, label %.preheader1.loopexit, label %.preheader.preheader" [topp.c:45]   --->   Operation 67 'br' <Predicate = true> <Delay = 0.00>
ST_6 : Operation 68 [1/1] (1.82ns)   --->   "%tmp_43 = add i6 %kr_cast2, %r" [topp.c:52]   --->   Operation 68 'add' 'tmp_43' <Predicate = (!exitcond1)> <Delay = 1.82> <Core = "AddSub">   --->   Core 14 'AddSub' <Latency = 0> <II = 1> <Delay = 2.07> <FuncUnit> <Opcode : 'add' 'sub'> <InPorts = 2> <OutPorts = 1>
ST_6 : Operation 69 [1/1] (1.76ns)   --->   "br label %.preheader" [topp.c:48]   --->   Operation 69 'br' <Predicate = (!exitcond1)> <Delay = 1.76>
ST_6 : Operation 70 [1/1] (0.00ns)   --->   "br label %.preheader1"   --->   Operation 70 'br' <Predicate = (exitcond1)> <Delay = 0.00>

State 7 <SV = 6> <Delay = 5.69>
ST_7 : Operation 71 [1/1] (0.00ns)   --->   "%sum_2 = phi float [ %sum, %1 ], [ %sum_1, %.preheader.preheader ]"   --->   Operation 71 'phi' 'sum_2' <Predicate = true> <Delay = 0.00>
ST_7 : Operation 72 [1/1] (0.00ns)   --->   "%kc = phi i2 [ %kc_5, %1 ], [ 0, %.preheader.preheader ]"   --->   Operation 72 'phi' 'kc' <Predicate = true> <Delay = 0.00>
ST_7 : Operation 73 [1/1] (0.00ns)   --->   "%kc_cast1 = zext i2 %kc to i6" [topp.c:48]   --->   Operation 73 'zext' 'kc_cast1' <Predicate = true> <Delay = 0.00>
ST_7 : Operation 74 [1/1] (0.95ns)   --->   "%exitcond = icmp eq i2 %kc, -1" [topp.c:48]   --->   Operation 74 'icmp' 'exitcond' <Predicate = true> <Delay = 0.95> <Core = "Cmp">   --->   Core 25 'Cmp' <Latency = 0> <II = 1> <Delay = 2.44> <FuncUnit> <Opcode : 'icmp'> <InPorts = 2> <OutPorts = 1>
ST_7 : Operation 75 [1/1] (0.00ns)   --->   "%empty_44 = call i32 (...)* @_ssdm_op_SpecLoopTripCount(i64 3, i64 3, i64 3)"   --->   Operation 75 'speclooptripcount' 'empty_44' <Predicate = true> <Delay = 0.00>
ST_7 : Operation 76 [1/1] (1.56ns)   --->   "%kc_5 = add i2 %kc, 1" [topp.c:48]   --->   Operation 76 'add' 'kc_5' <Predicate = true> <Delay = 1.56> <Core = "AddSub">   --->   Core 14 'AddSub' <Latency = 0> <II = 1> <Delay = 2.07> <FuncUnit> <Opcode : 'add' 'sub'> <InPorts = 2> <OutPorts = 1>
ST_7 : Operation 77 [1/1] (0.00ns)   --->   "br i1 %exitcond, label %.preheader6.loopexit, label %1" [topp.c:48]   --->   Operation 77 'br' <Predicate = true> <Delay = 0.00>
ST_7 : Operation 78 [1/1] (1.82ns)   --->   "%tmp_45 = add i6 %c, %kc_cast1" [topp.c:52]   --->   Operation 78 'add' 'tmp_45' <Predicate = (!exitcond)> <Delay = 1.82> <Core = "AddSub">   --->   Core 14 'AddSub' <Latency = 0> <II = 1> <Delay = 2.07> <FuncUnit> <Opcode : 'add' 'sub'> <InPorts = 2> <OutPorts = 1>
ST_7 : Operation 79 [1/1] (0.00ns)   --->   "%tmp_86 = call i12 @_ssdm_op_BitConcatenate.i12.i6.i6(i6 %tmp_43, i6 %tmp_45)" [topp.c:52]   --->   Operation 79 'bitconcatenate' 'tmp_86' <Predicate = (!exitcond)> <Delay = 0.00>
ST_7 : Operation 80 [1/1] (0.00ns)   --->   "%tmp_128_cast = zext i12 %tmp_86 to i15" [topp.c:52]   --->   Operation 80 'zext' 'tmp_128_cast' <Predicate = (!exitcond)> <Delay = 0.00>
ST_7 : Operation 81 [1/1] (0.00ns)   --->   "%tmp_87 = call i14 @_ssdm_op_BitConcatenate.i14.i6.i6.i2(i6 %tmp_43, i6 %tmp_45, i2 0)" [topp.c:52]   --->   Operation 81 'bitconcatenate' 'tmp_87' <Predicate = (!exitcond)> <Delay = 0.00>
ST_7 : Operation 82 [1/1] (0.00ns)   --->   "%p_shl2_cast = zext i14 %tmp_87 to i15" [topp.c:52]   --->   Operation 82 'zext' 'p_shl2_cast' <Predicate = (!exitcond)> <Delay = 0.00>
ST_7 : Operation 83 [1/1] (0.00ns) (grouped into TernaryAdder)   --->   "%tmp_88 = sub i15 %p_shl2_cast, %tmp_128_cast" [topp.c:52]   --->   Operation 83 'sub' 'tmp_88' <Predicate = (!exitcond)> <Delay = 0.00> <Core = "TAddSub">   --->   Core 84 'TAddSub' <Latency = 0> <II = 1> <Delay = 1.93> <IPBlock> <Opcode : 'add' 'sub'> <InPorts = 3> <OutPorts = 1> <Sync> <CReg>
ST_7 : Operation 84 [1/1] (3.87ns) (root node of TernaryAdder)   --->   "%tmp_89 = add i15 %tmp_42_cast, %tmp_88" [topp.c:52]   --->   Operation 84 'add' 'tmp_89' <Predicate = (!exitcond)> <Delay = 3.87> <Core = "TAddSub">   --->   Core 84 'TAddSub' <Latency = 0> <II = 1> <Delay = 1.93> <IPBlock> <Opcode : 'add' 'sub'> <InPorts = 3> <OutPorts = 1> <Sync> <CReg>
ST_7 : Operation 85 [1/1] (0.00ns)   --->   "br label %.preheader6"   --->   Operation 85 'br' <Predicate = (exitcond)> <Delay = 0.00>

State 8 <SV = 7> <Delay = 3.25>
ST_8 : Operation 86 [1/1] (0.00ns)   --->   "%tmp_131_cast = sext i15 %tmp_89 to i64" [topp.c:52]   --->   Operation 86 'sext' 'tmp_131_cast' <Predicate = true> <Delay = 0.00>
ST_8 : Operation 87 [1/1] (0.00ns)   --->   "%in_addr = getelementptr [12288 x float]* %in_r, i64 0, i64 %tmp_131_cast" [topp.c:52]   --->   Operation 87 'getelementptr' 'in_addr' <Predicate = true> <Delay = 0.00>
ST_8 : Operation 88 [2/2] (3.25ns)   --->   "%in_load = load float* %in_addr, align 4" [topp.c:52]   --->   Operation 88 'load' 'in_load' <Predicate = true> <Delay = 3.25> <Core = "RAM">   --->   Core 37 'RAM' <Latency = 1> <II = 1> <Delay = 3.25> <Storage> <Opcode : 'load' 'store'> <Ports = 2> <Width = 32> <Depth = 2048> <RAM>

State 9 <SV = 8> <Delay = 3.25>
ST_9 : Operation 89 [1/2] (3.25ns)   --->   "%in_load = load float* %in_addr, align 4" [topp.c:52]   --->   Operation 89 'load' 'in_load' <Predicate = true> <Delay = 3.25> <Core = "RAM">   --->   Core 37 'RAM' <Latency = 1> <II = 1> <Delay = 3.25> <Storage> <Opcode : 'load' 'store'> <Ports = 2> <Width = 32> <Depth = 2048> <RAM>

State 10 <SV = 9> <Delay = 5.70>
ST_10 : Operation 90 [4/4] (5.70ns)   --->   "%tmp_47 = fmul float %in_load, 0.000000e+00" [topp.c:52]   --->   Operation 90 'fmul' 'tmp_47' <Predicate = true> <Delay = 5.70> <Core = "FMul">   --->   Core 105 'FMul' <Latency = 3> <II = 1> <Delay = 5.70> <FuncUnit> <Opcode : 'fmul'> <InPorts = 2> <OutPorts = 1>

State 11 <SV = 10> <Delay = 5.70>
ST_11 : Operation 91 [3/4] (5.70ns)   --->   "%tmp_47 = fmul float %in_load, 0.000000e+00" [topp.c:52]   --->   Operation 91 'fmul' 'tmp_47' <Predicate = true> <Delay = 5.70> <Core = "FMul">   --->   Core 105 'FMul' <Latency = 3> <II = 1> <Delay = 5.70> <FuncUnit> <Opcode : 'fmul'> <InPorts = 2> <OutPorts = 1>

State 12 <SV = 11> <Delay = 5.70>
ST_12 : Operation 92 [2/4] (5.70ns)   --->   "%tmp_47 = fmul float %in_load, 0.000000e+00" [topp.c:52]   --->   Operation 92 'fmul' 'tmp_47' <Predicate = true> <Delay = 5.70> <Core = "FMul">   --->   Core 105 'FMul' <Latency = 3> <II = 1> <Delay = 5.70> <FuncUnit> <Opcode : 'fmul'> <InPorts = 2> <OutPorts = 1>

State 13 <SV = 12> <Delay = 5.70>
ST_13 : Operation 93 [1/4] (5.70ns)   --->   "%tmp_47 = fmul float %in_load, 0.000000e+00" [topp.c:52]   --->   Operation 93 'fmul' 'tmp_47' <Predicate = true> <Delay = 5.70> <Core = "FMul">   --->   Core 105 'FMul' <Latency = 3> <II = 1> <Delay = 5.70> <FuncUnit> <Opcode : 'fmul'> <InPorts = 2> <OutPorts = 1>

State 14 <SV = 13> <Delay = 7.25>
ST_14 : Operation 94 [5/5] (7.25ns)   --->   "%sum = fadd float %sum_2, %tmp_47" [topp.c:52]   --->   Operation 94 'fadd' 'sum' <Predicate = true> <Delay = 7.25> <Core = "FAddSub">   --->   Core 104 'FAddSub' <Latency = 4> <II = 1> <Delay = 7.25> <FuncUnit> <Opcode : 'fadd' 'fsub'> <InPorts = 2> <OutPorts = 1>

State 15 <SV = 14> <Delay = 7.25>
ST_15 : Operation 95 [4/5] (7.25ns)   --->   "%sum = fadd float %sum_2, %tmp_47" [topp.c:52]   --->   Operation 95 'fadd' 'sum' <Predicate = true> <Delay = 7.25> <Core = "FAddSub">   --->   Core 104 'FAddSub' <Latency = 4> <II = 1> <Delay = 7.25> <FuncUnit> <Opcode : 'fadd' 'fsub'> <InPorts = 2> <OutPorts = 1>

State 16 <SV = 15> <Delay = 7.25>
ST_16 : Operation 96 [3/5] (7.25ns)   --->   "%sum = fadd float %sum_2, %tmp_47" [topp.c:52]   --->   Operation 96 'fadd' 'sum' <Predicate = true> <Delay = 7.25> <Core = "FAddSub">   --->   Core 104 'FAddSub' <Latency = 4> <II = 1> <Delay = 7.25> <FuncUnit> <Opcode : 'fadd' 'fsub'> <InPorts = 2> <OutPorts = 1>

State 17 <SV = 16> <Delay = 7.25>
ST_17 : Operation 97 [2/5] (7.25ns)   --->   "%sum = fadd float %sum_2, %tmp_47" [topp.c:52]   --->   Operation 97 'fadd' 'sum' <Predicate = true> <Delay = 7.25> <Core = "FAddSub">   --->   Core 104 'FAddSub' <Latency = 4> <II = 1> <Delay = 7.25> <FuncUnit> <Opcode : 'fadd' 'fsub'> <InPorts = 2> <OutPorts = 1>

State 18 <SV = 17> <Delay = 7.25>
ST_18 : Operation 98 [1/5] (7.25ns)   --->   "%sum = fadd float %sum_2, %tmp_47" [topp.c:52]   --->   Operation 98 'fadd' 'sum' <Predicate = true> <Delay = 7.25> <Core = "FAddSub">   --->   Core 104 'FAddSub' <Latency = 4> <II = 1> <Delay = 7.25> <FuncUnit> <Opcode : 'fadd' 'fsub'> <InPorts = 2> <OutPorts = 1>
ST_18 : Operation 99 [1/1] (0.00ns)   --->   "br label %.preheader" [topp.c:48]   --->   Operation 99 'br' <Predicate = true> <Delay = 0.00>

State 19 <SV = 5> <Delay = 6.68>
ST_19 : Operation 100 [1/1] (0.00ns)   --->   "%sum7_to_int = bitcast float %sum7 to i32" [topp.c:57]   --->   Operation 100 'bitcast' 'sum7_to_int' <Predicate = true> <Delay = 0.00>
ST_19 : Operation 101 [1/1] (0.00ns)   --->   "%tmp_s = call i8 @_ssdm_op_PartSelect.i8.i32.i32.i32(i32 %sum7_to_int, i32 23, i32 30)" [topp.c:57]   --->   Operation 101 'partselect' 'tmp_s' <Predicate = true> <Delay = 0.00>
ST_19 : Operation 102 [1/1] (0.00ns)   --->   "%tmp = trunc i32 %sum7_to_int to i23" [topp.c:57]   --->   Operation 102 'trunc' 'tmp' <Predicate = true> <Delay = 0.00>
ST_19 : Operation 103 [1/1] (1.55ns)   --->   "%notlhs = icmp ne i8 %tmp_s, -1" [topp.c:57]   --->   Operation 103 'icmp' 'notlhs' <Predicate = true> <Delay = 1.55> <Core = "Cmp">   --->   Core 25 'Cmp' <Latency = 0> <II = 1> <Delay = 2.44> <FuncUnit> <Opcode : 'icmp'> <InPorts = 2> <OutPorts = 1>
ST_19 : Operation 104 [1/1] (2.44ns)   --->   "%notrhs = icmp eq i23 %tmp, 0" [topp.c:57]   --->   Operation 104 'icmp' 'notrhs' <Predicate = true> <Delay = 2.44> <Core = "Cmp">   --->   Core 25 'Cmp' <Latency = 0> <II = 1> <Delay = 2.44> <FuncUnit> <Opcode : 'icmp'> <InPorts = 2> <OutPorts = 1>
ST_19 : Operation 105 [1/1] (0.00ns) (grouped into LUT with out node sum_3)   --->   "%tmp_48 = or i1 %notrhs, %notlhs" [topp.c:57]   --->   Operation 105 'or' 'tmp_48' <Predicate = true> <Delay = 0.00> <Core = "LogicGate">   --->   Core 27 'LogicGate' <Latency = 0> <II = 1> <Delay = 0.97> <FuncUnit> <Opcode : 'and' 'or' 'xor'> <InPorts = 2> <OutPorts = 1>
ST_19 : Operation 106 [1/1] (0.00ns) (grouped into LUT with out node sum_3)   --->   "%tmp_50 = and i1 %tmp_48, %tmp_49" [topp.c:57]   --->   Operation 106 'and' 'tmp_50' <Predicate = true> <Delay = 0.00> <Core = "LogicGate">   --->   Core 27 'LogicGate' <Latency = 0> <II = 1> <Delay = 0.97> <FuncUnit> <Opcode : 'and' 'or' 'xor'> <InPorts = 2> <OutPorts = 1>
ST_19 : Operation 107 [1/1] (0.97ns) (out node of the LUT)   --->   "%sum_3 = select i1 %tmp_50, float 0.000000e+00, float %sum7" [topp.c:57]   --->   Operation 107 'select' 'sum_3' <Predicate = true> <Delay = 0.97> <Core = "Sel">   --->   Core 26 'Sel' <Latency = 0> <II = 1> <Delay = 0.69> <FuncUnit> <Opcode : 'select'> <InPorts = 3> <OutPorts = 1>
ST_19 : Operation 108 [1/1] (0.00ns)   --->   "%tmp_126_cast = zext i16 %tmp_85 to i64" [topp.c:58]   --->   Operation 108 'zext' 'tmp_126_cast' <Predicate = true> <Delay = 0.00>
ST_19 : Operation 109 [1/1] (0.00ns)   --->   "%out_addr = getelementptr [30752 x float]* %out_r, i64 0, i64 %tmp_126_cast" [topp.c:58]   --->   Operation 109 'getelementptr' 'out_addr' <Predicate = true> <Delay = 0.00>
ST_19 : Operation 110 [1/1] (3.25ns)   --->   "store float %sum_3, float* %out_addr, align 4" [topp.c:58]   --->   Operation 110 'store' <Predicate = true> <Delay = 3.25> <Core = "RAM">   --->   Core 37 'RAM' <Latency = 1> <II = 1> <Delay = 3.25> <Storage> <Opcode : 'load' 'store'> <Ports = 2> <Width = 32> <Depth = 2048> <RAM>
ST_19 : Operation 111 [1/1] (0.00ns)   --->   "br label %.preheader7" [topp.c:37]   --->   Operation 111 'br' <Predicate = true> <Delay = 0.00>


============================================================
+ Verbose Summary: Binding
============================================================
STG Binding: 
---------------- STG Properties BEGIN ----------------
- Is combinational: 0
- Is one-state seq: 0
- Is datapath-only: 0
- Is pipelined: 0
- Is top level: 0
Port [ Return ] is wired: 1; IO mode=ap_ctrl_hs:ce=0
Port [ in_r]:  wired=1; compound=1; hidden=0; nouse=0; global=0; static=0; extern=0; dir=0; type=1; pingpong=0; private_global=0; MemPort=[13]; IO mode=ap_memory:ce=0
Port [ out_r]:  wired=1; compound=1; hidden=0; nouse=0; global=0; static=0; extern=0; dir=1; type=1; pingpong=0; private_global=0; MemPort=[03]; IO mode=ap_memory:ce=0
---------------- STG Properties END ------------------

---------------- Datapath Model BEGIN ----------------

<LifeTime>
<method=bitvector/>
StgValue_20  (br               ) [ 01111111111111111111]
oc           (phi              ) [ 00100000000000000000]
exitcond5    (icmp             ) [ 00111111111111111111]
empty        (speclooptripcount) [ 00000000000000000000]
oc_6         (add              ) [ 01111111111111111111]
StgValue_25  (br               ) [ 00000000000000000000]
tmp_cast     (zext             ) [ 00011111111111111111]
StgValue_27  (br               ) [ 00111111111111111111]
StgValue_28  (ret              ) [ 00000000000000000000]
r            (phi              ) [ 00010111111111111110]
exitcond4    (icmp             ) [ 00111111111111111111]
empty_40     (speclooptripcount) [ 00000000000000000000]
r_8          (add              ) [ 00111111111111111111]
StgValue_33  (br               ) [ 00000000000000000000]
tmp_81       (bitconcatenate   ) [ 00000000000000000000]
p_shl_cast   (zext             ) [ 00000000000000000000]
tmp_82       (bitconcatenate   ) [ 00000000000000000000]
p_shl1_cast  (zext             ) [ 00000000000000000000]
tmp_83       (sub              ) [ 00001111111111111111]
StgValue_39  (br               ) [ 00111111111111111111]
StgValue_40  (br               ) [ 01111111111111111111]
c            (phi              ) [ 00001111111111111110]
exitcond3    (icmp             ) [ 00111111111111111111]
empty_41     (speclooptripcount) [ 00000000000000000000]
c_8          (add              ) [ 00111111111111111111]
StgValue_45  (br               ) [ 00000000000000000000]
StgValue_46  (br               ) [ 00111111111111111111]
StgValue_47  (br               ) [ 00111111111111111111]
sum7         (phi              ) [ 00000111111111111111]
ic           (phi              ) [ 00000100000000000000]
exitcond2    (icmp             ) [ 00111111111111111111]
empty_42     (speclooptripcount) [ 00000000000000000000]
ic_6         (add              ) [ 00111111111111111111]
StgValue_53  (br               ) [ 00000000000000000000]
tmp_42_cast  (zext             ) [ 00000011111111111110]
StgValue_55  (br               ) [ 00111111111111111111]
tmp_49       (fcmp             ) [ 00000000000000000001]
tmp_41_cast  (zext             ) [ 00000000000000000000]
tmp_84       (add              ) [ 00000000000000000000]
tmp_125_cast (bitconcatenate   ) [ 00000000000000000000]
tmp_85       (add              ) [ 00000000000000000001]
sum_1        (phi              ) [ 00111111111111111111]
kr           (phi              ) [ 00000010000000000000]
kr_cast2     (zext             ) [ 00000000000000000000]
exitcond1    (icmp             ) [ 00111111111111111111]
empty_43     (speclooptripcount) [ 00000000000000000000]
kr_5         (add              ) [ 00111111111111111111]
StgValue_67  (br               ) [ 00000000000000000000]
tmp_43       (add              ) [ 00000001111111111110]
StgValue_69  (br               ) [ 00111111111111111111]
StgValue_70  (br               ) [ 00111111111111111111]
sum_2        (phi              ) [ 00111111111111111111]
kc           (phi              ) [ 00000001000000000000]
kc_cast1     (zext             ) [ 00000000000000000000]
exitcond     (icmp             ) [ 00111111111111111111]
empty_44     (speclooptripcount) [ 00000000000000000000]
kc_5         (add              ) [ 00111111111111111111]
StgValue_77  (br               ) [ 00000000000000000000]
tmp_45       (add              ) [ 00000000000000000000]
tmp_86       (bitconcatenate   ) [ 00000000000000000000]
tmp_128_cast (zext             ) [ 00000000000000000000]
tmp_87       (bitconcatenate   ) [ 00000000000000000000]
p_shl2_cast  (zext             ) [ 00000000000000000000]
tmp_88       (sub              ) [ 00000000000000000000]
tmp_89       (add              ) [ 00000000100000000000]
StgValue_85  (br               ) [ 00111111111111111111]
tmp_131_cast (sext             ) [ 00000000000000000000]
in_addr      (getelementptr    ) [ 00000000010000000000]
in_load      (load             ) [ 00000000001111000000]
tmp_47       (fmul             ) [ 00000000000000111110]
sum          (fadd             ) [ 00111111111111111111]
StgValue_99  (br               ) [ 00111111111111111111]
sum7_to_int  (bitcast          ) [ 00000000000000000000]
tmp_s        (partselect       ) [ 00000000000000000000]
tmp          (trunc            ) [ 00000000000000000000]
notlhs       (icmp             ) [ 00000000000000000000]
notrhs       (icmp             ) [ 00000000000000000000]
tmp_48       (or               ) [ 00000000000000000000]
tmp_50       (and              ) [ 00000000000000000000]
sum_3        (select           ) [ 00000000000000000000]
tmp_126_cast (zext             ) [ 00000000000000000000]
out_addr     (getelementptr    ) [ 00000000000000000000]
StgValue_110 (store            ) [ 00000000000000000000]
StgValue_111 (br               ) [ 00111111111111111111]
</LifeTime>

<model>

<comp_list>
<comp id="0" class="1000" name="in_r">
<pin_list>
<pin id="1" dir="1" index="0" bw="1" slack="0"/>
</pin_list>
<bind>
<StgValue><ssdm name="in_r"/><MemPortTyVec>1 3 </MemPortTyVec>
</StgValue>
</bind>
</comp>

<comp id="2" class="1000" name="out_r">
<pin_list>
<pin id="3" dir="1" index="0" bw="1" slack="0"/>
</pin_list>
<bind>
<StgValue><ssdm name="out_r"/><MemPortTyVec>0 3 </MemPortTyVec>
</StgValue>
</bind>
</comp>

<comp id="4" class="1001" name="const_4">
<pin_list>
<pin id="5" dir="1" index="0" bw="1" slack="1"/>
</pin_list>
<bind>
<StgValue><ssdm name=""/></StgValue>
</bind>
</comp>

<comp id="6" class="1001" name="const_6">
<pin_list>
<pin id="7" dir="1" index="0" bw="1" slack="0"/>
</pin_list>
<bind>
<StgValue><ssdm name=""/></StgValue>
</bind>
</comp>

<comp id="8" class="1001" name="const_8">
<pin_list>
<pin id="9" dir="1" index="0" bw="1" slack="2147483647"/>
</pin_list>
<bind>
<StgValue><ssdm name="_ssdm_op_SpecLoopTripCount"/></StgValue>
</bind>
</comp>

<comp id="10" class="1001" name="const_10">
<pin_list>
<pin id="11" dir="1" index="0" bw="1" slack="2147483647"/>
</pin_list>
<bind>
<StgValue><ssdm name=""/></StgValue>
</bind>
</comp>

<comp id="12" class="1001" name="const_12">
<pin_list>
<pin id="13" dir="1" index="0" bw="1" slack="0"/>
</pin_list>
<bind>
<StgValue><ssdm name=""/></StgValue>
</bind>
</comp>

<comp id="14" class="1001" name="const_14">
<pin_list>
<pin id="15" dir="1" index="0" bw="1" slack="0"/>
</pin_list>
<bind>
<StgValue><ssdm name=""/></StgValue>
</bind>
</comp>

<comp id="16" class="1001" name="const_16">
<pin_list>
<pin id="17" dir="1" index="0" bw="1" slack="0"/>
</pin_list>
<bind>
<StgValue><ssdm name=""/></StgValue>
</bind>
</comp>

<comp id="18" class="1001" name="const_18">
<pin_list>
<pin id="19" dir="1" index="0" bw="1" slack="2147483647"/>
</pin_list>
<bind>
<StgValue><ssdm name=""/></StgValue>
</bind>
</comp>

<comp id="20" class="1001" name="const_20">
<pin_list>
<pin id="21" dir="1" index="0" bw="1" slack="0"/>
</pin_list>
<bind>
<StgValue><ssdm name=""/></StgValue>
</bind>
</comp>

<comp id="22" class="1001" name="const_22">
<pin_list>
<pin id="23" dir="1" index="0" bw="1" slack="0"/>
</pin_list>
<bind>
<StgValue><ssdm name="_ssdm_op_BitConcatenate.i12.i6.i6"/></StgValue>
</bind>
</comp>

<comp id="24" class="1001" name="const_24">
<pin_list>
<pin id="25" dir="1" index="0" bw="1" slack="0"/>
</pin_list>
<bind>
<StgValue><ssdm name="_ssdm_op_BitConcatenate.i7.i6.i1"/></StgValue>
</bind>
</comp>

<comp id="26" class="1001" name="const_26">
<pin_list>
<pin id="27" dir="1" index="0" bw="1" slack="0"/>
</pin_list>
<bind>
<StgValue><ssdm name=""/></StgValue>
</bind>
</comp>

<comp id="28" class="1001" name="const_28">
<pin_list>
<pin id="29" dir="1" index="0" bw="1" slack="0"/>
</pin_list>
<bind>
<StgValue><ssdm name=""/></StgValue>
</bind>
</comp>

<comp id="30" class="1001" name="const_30">
<pin_list>
<pin id="31" dir="1" index="0" bw="1" slack="0"/>
</pin_list>
<bind>
<StgValue><ssdm name=""/></StgValue>
</bind>
</comp>

<comp id="32" class="1001" name="const_32">
<pin_list>
<pin id="33" dir="1" index="0" bw="1" slack="0"/>
</pin_list>
<bind>
<StgValue><ssdm name=""/></StgValue>
</bind>
</comp>

<comp id="34" class="1001" name="const_34">
<pin_list>
<pin id="35" dir="1" index="0" bw="1" slack="2147483647"/>
</pin_list>
<bind>
<StgValue><ssdm name=""/></StgValue>
</bind>
</comp>

<comp id="36" class="1001" name="const_36">
<pin_list>
<pin id="37" dir="1" index="0" bw="1" slack="0"/>
</pin_list>
<bind>
<StgValue><ssdm name=""/></StgValue>
</bind>
</comp>

<comp id="38" class="1001" name="const_38">
<pin_list>
<pin id="39" dir="1" index="0" bw="1" slack="0"/>
</pin_list>
<bind>
<StgValue><ssdm name="_ssdm_op_BitConcatenate.i16.i13.i3"/></StgValue>
</bind>
</comp>

<comp id="40" class="1001" name="const_40">
<pin_list>
<pin id="41" dir="1" index="0" bw="1" slack="0"/>
</pin_list>
<bind>
<StgValue><ssdm name=""/></StgValue>
</bind>
</comp>

<comp id="42" class="1001" name="const_42">
<pin_list>
<pin id="43" dir="1" index="0" bw="1" slack="0"/>
</pin_list>
<bind>
<StgValue><ssdm name="_ssdm_op_BitConcatenate.i14.i6.i6.i2"/></StgValue>
</bind>
</comp>

<comp id="44" class="1001" name="const_44">
<pin_list>
<pin id="45" dir="1" index="0" bw="1" slack="0"/>
</pin_list>
<bind>
<StgValue><ssdm name=""/></StgValue>
</bind>
</comp>

<comp id="46" class="1001" name="const_46">
<pin_list>
<pin id="47" dir="1" index="0" bw="1" slack="0"/>
</pin_list>
<bind>
<StgValue><ssdm name="_ssdm_op_PartSelect.i8.i32.i32.i32"/></StgValue>
</bind>
</comp>

<comp id="48" class="1001" name="const_48">
<pin_list>
<pin id="49" dir="1" index="0" bw="1" slack="0"/>
</pin_list>
<bind>
<StgValue><ssdm name=""/></StgValue>
</bind>
</comp>

<comp id="50" class="1001" name="const_50">
<pin_list>
<pin id="51" dir="1" index="0" bw="1" slack="0"/>
</pin_list>
<bind>
<StgValue><ssdm name=""/></StgValue>
</bind>
</comp>

<comp id="52" class="1001" name="const_52">
<pin_list>
<pin id="53" dir="1" index="0" bw="1" slack="0"/>
</pin_list>
<bind>
<StgValue><ssdm name=""/></StgValue>
</bind>
</comp>

<comp id="54" class="1001" name="const_54">
<pin_list>
<pin id="55" dir="1" index="0" bw="1" slack="0"/>
</pin_list>
<bind>
<StgValue><ssdm name=""/></StgValue>
</bind>
</comp>

<comp id="56" class="1004" name="in_addr_gep_fu_56">
<pin_list>
<pin id="57" dir="0" index="0" bw="32" slack="0"/>
<pin id="58" dir="0" index="1" bw="1" slack="0"/>
<pin id="59" dir="0" index="2" bw="15" slack="0"/>
<pin id="60" dir="1" index="3" bw="14" slack="0"/>
</pin_list>
<bind>
<opcode="getelementptr(29) " fcode="getelementptr"/>
<opset="in_addr/8 "/>
</bind>
</comp>

<comp id="63" class="1004" name="grp_access_fu_63">
<pin_list>
<pin id="64" dir="0" index="0" bw="14" slack="0"/>
<pin id="65" dir="0" index="1" bw="32" slack="2147483647"/>
<pin id="66" dir="0" index="2" bw="0" slack="2147483647"/>
<pin id="67" dir="1" index="3" bw="32" slack="1"/>
</pin_list>
<bind>
<opcode="load(27) " fcode="load"/>
<opset="in_load/8 "/>
</bind>
</comp>

<comp id="69" class="1004" name="out_addr_gep_fu_69">
<pin_list>
<pin id="70" dir="0" index="0" bw="32" slack="0"/>
<pin id="71" dir="0" index="1" bw="1" slack="0"/>
<pin id="72" dir="0" index="2" bw="16" slack="0"/>
<pin id="73" dir="1" index="3" bw="15" slack="0"/>
</pin_list>
<bind>
<opcode="getelementptr(29) " fcode="getelementptr"/>
<opset="out_addr/19 "/>
</bind>
</comp>

<comp id="76" class="1004" name="StgValue_110_access_fu_76">
<pin_list>
<pin id="77" dir="0" index="0" bw="15" slack="0"/>
<pin id="78" dir="0" index="1" bw="32" slack="0"/>
<pin id="79" dir="0" index="2" bw="0" slack="2147483647"/>
<pin id="80" dir="1" index="3" bw="32" slack="2147483647"/>
</pin_list>
<bind>
<opcode="store(28) " fcode="store"/>
<opset="StgValue_110/19 "/>
</bind>
</comp>

<comp id="82" class="1005" name="oc_reg_82">
<pin_list>
<pin id="83" dir="0" index="0" bw="4" slack="1"/>
<pin id="84" dir="1" index="1" bw="4" slack="1"/>
</pin_list>
<bind>
<opset="oc (phireg) "/>
</bind>
</comp>

<comp id="86" class="1004" name="oc_phi_fu_86">
<pin_list>
<pin id="87" dir="0" index="0" bw="1" slack="1"/>
<pin id="88" dir="0" index="1" bw="0" slack="2147483647"/>
<pin id="89" dir="0" index="2" bw="4" slack="0"/>
<pin id="90" dir="0" index="3" bw="0" slack="2147483647"/>
<pin id="91" dir="1" index="4" bw="4" slack="0"/>
</pin_list>
<bind>
<opcode="phi(47) " fcode="phi"/>
<opset="oc/2 "/>
</bind>
</comp>

<comp id="93" class="1005" name="r_reg_93">
<pin_list>
<pin id="94" dir="0" index="0" bw="6" slack="1"/>
<pin id="95" dir="1" index="1" bw="6" slack="1"/>
</pin_list>
<bind>
<opset="r (phireg) "/>
</bind>
</comp>

<comp id="97" class="1004" name="r_phi_fu_97">
<pin_list>
<pin id="98" dir="0" index="0" bw="1" slack="1"/>
<pin id="99" dir="0" index="1" bw="0" slack="2147483647"/>
<pin id="100" dir="0" index="2" bw="6" slack="0"/>
<pin id="101" dir="0" index="3" bw="0" slack="2147483647"/>
<pin id="102" dir="1" index="4" bw="6" slack="0"/>
</pin_list>
<bind>
<opcode="phi(47) " fcode="phi"/>
<opset="r/3 "/>
</bind>
</comp>

<comp id="105" class="1005" name="c_reg_105">
<pin_list>
<pin id="106" dir="0" index="0" bw="6" slack="1"/>
<pin id="107" dir="1" index="1" bw="6" slack="1"/>
</pin_list>
<bind>
<opset="c (phireg) "/>
</bind>
</comp>

<comp id="109" class="1004" name="c_phi_fu_109">
<pin_list>
<pin id="110" dir="0" index="0" bw="6" slack="0"/>
<pin id="111" dir="0" index="1" bw="0" slack="2147483647"/>
<pin id="112" dir="0" index="2" bw="1" slack="1"/>
<pin id="113" dir="0" index="3" bw="0" slack="2147483647"/>
<pin id="114" dir="1" index="4" bw="6" slack="0"/>
</pin_list>
<bind>
<opcode="phi(47) " fcode="phi"/>
<opset="c/4 "/>
</bind>
</comp>

<comp id="117" class="1005" name="sum7_reg_117">
<pin_list>
<pin id="118" dir="0" index="0" bw="32" slack="1"/>
<pin id="119" dir="1" index="1" bw="32" slack="1"/>
</pin_list>
<bind>
<opset="sum7 (phireg) "/>
</bind>
</comp>

<comp id="121" class="1004" name="sum7_phi_fu_121">
<pin_list>
<pin id="122" dir="0" index="0" bw="32" slack="1"/>
<pin id="123" dir="0" index="1" bw="0" slack="2147483647"/>
<pin id="124" dir="0" index="2" bw="32" slack="1"/>
<pin id="125" dir="0" index="3" bw="0" slack="2147483647"/>
<pin id="126" dir="1" index="4" bw="32" slack="0"/>
</pin_list>
<bind>
<opcode="phi(47) " fcode="phi"/>
<opset="sum7/5 "/>
</bind>
</comp>

<comp id="129" class="1005" name="ic_reg_129">
<pin_list>
<pin id="130" dir="0" index="0" bw="2" slack="1"/>
<pin id="131" dir="1" index="1" bw="2" slack="1"/>
</pin_list>
<bind>
<opset="ic (phireg) "/>
</bind>
</comp>

<comp id="133" class="1004" name="ic_phi_fu_133">
<pin_list>
<pin id="134" dir="0" index="0" bw="2" slack="0"/>
<pin id="135" dir="0" index="1" bw="0" slack="2147483647"/>
<pin id="136" dir="0" index="2" bw="1" slack="1"/>
<pin id="137" dir="0" index="3" bw="0" slack="2147483647"/>
<pin id="138" dir="1" index="4" bw="2" slack="0"/>
</pin_list>
<bind>
<opcode="phi(47) " fcode="phi"/>
<opset="ic/5 "/>
</bind>
</comp>

<comp id="140" class="1005" name="sum_1_reg_140">
<pin_list>
<pin id="141" dir="0" index="0" bw="32" slack="1"/>
<pin id="142" dir="1" index="1" bw="32" slack="1"/>
</pin_list>
<bind>
<opset="sum_1 (phireg) "/>
</bind>
</comp>

<comp id="144" class="1004" name="sum_1_phi_fu_144">
<pin_list>
<pin id="145" dir="0" index="0" bw="32" slack="1"/>
<pin id="146" dir="0" index="1" bw="0" slack="2147483647"/>
<pin id="147" dir="0" index="2" bw="32" slack="1"/>
<pin id="148" dir="0" index="3" bw="0" slack="2147483647"/>
<pin id="149" dir="1" index="4" bw="32" slack="1"/>
</pin_list>
<bind>
<opcode="phi(47) " fcode="phi"/>
<opset="sum_1/6 "/>
</bind>
</comp>

<comp id="152" class="1005" name="kr_reg_152">
<pin_list>
<pin id="153" dir="0" index="0" bw="2" slack="1"/>
<pin id="154" dir="1" index="1" bw="2" slack="1"/>
</pin_list>
<bind>
<opset="kr (phireg) "/>
</bind>
</comp>

<comp id="156" class="1004" name="kr_phi_fu_156">
<pin_list>
<pin id="157" dir="0" index="0" bw="1" slack="1"/>
<pin id="158" dir="0" index="1" bw="0" slack="2147483647"/>
<pin id="159" dir="0" index="2" bw="2" slack="0"/>
<pin id="160" dir="0" index="3" bw="0" slack="2147483647"/>
<pin id="161" dir="1" index="4" bw="2" slack="0"/>
</pin_list>
<bind>
<opcode="phi(47) " fcode="phi"/>
<opset="kr/6 "/>
</bind>
</comp>

<comp id="163" class="1005" name="sum_2_reg_163">
<pin_list>
<pin id="164" dir="0" index="0" bw="32" slack="1"/>
<pin id="165" dir="1" index="1" bw="32" slack="1"/>
</pin_list>
<bind>
<opset="sum_2 (phireg) "/>
</bind>
</comp>

<comp id="167" class="1004" name="sum_2_phi_fu_167">
<pin_list>
<pin id="168" dir="0" index="0" bw="32" slack="1"/>
<pin id="169" dir="0" index="1" bw="0" slack="2147483647"/>
<pin id="170" dir="0" index="2" bw="32" slack="1"/>
<pin id="171" dir="0" index="3" bw="0" slack="2147483647"/>
<pin id="172" dir="1" index="4" bw="32" slack="1"/>
</pin_list>
<bind>
<opcode="phi(47) " fcode="phi"/>
<opset="sum_2/7 "/>
</bind>
</comp>

<comp id="175" class="1005" name="kc_reg_175">
<pin_list>
<pin id="176" dir="0" index="0" bw="2" slack="1"/>
<pin id="177" dir="1" index="1" bw="2" slack="1"/>
</pin_list>
<bind>
<opset="kc (phireg) "/>
</bind>
</comp>

<comp id="179" class="1004" name="kc_phi_fu_179">
<pin_list>
<pin id="180" dir="0" index="0" bw="2" slack="0"/>
<pin id="181" dir="0" index="1" bw="0" slack="2147483647"/>
<pin id="182" dir="0" index="2" bw="1" slack="1"/>
<pin id="183" dir="0" index="3" bw="0" slack="2147483647"/>
<pin id="184" dir="1" index="4" bw="2" slack="0"/>
</pin_list>
<bind>
<opcode="phi(47) " fcode="phi"/>
<opset="kc/7 "/>
</bind>
</comp>

<comp id="186" class="1004" name="grp_fu_186">
<pin_list>
<pin id="187" dir="0" index="0" bw="32" slack="7"/>
<pin id="188" dir="0" index="1" bw="32" slack="1"/>
<pin id="189" dir="1" index="2" bw="32" slack="1"/>
</pin_list>
<bind>
<opcode="fadd(9) " fcode="fadd"/>
<opset="sum/14 "/>
</bind>
</comp>

<comp id="191" class="1004" name="grp_fu_191">
<pin_list>
<pin id="192" dir="0" index="0" bw="32" slack="1"/>
<pin id="193" dir="0" index="1" bw="32" slack="0"/>
<pin id="194" dir="1" index="2" bw="32" slack="1"/>
</pin_list>
<bind>
<opcode="fmul(13) " fcode="fmul"/>
<opset="tmp_47/10 "/>
</bind>
</comp>

<comp id="196" class="1004" name="tmp_49_fu_196">
<pin_list>
<pin id="197" dir="0" index="0" bw="32" slack="0"/>
<pin id="198" dir="0" index="1" bw="32" slack="0"/>
<pin id="199" dir="1" index="2" bw="1" slack="1"/>
</pin_list>
<bind>
<opcode="fcmp(46) " fcode="fcmp"/>
<opset="tmp_49/5 "/>
</bind>
</comp>

<comp id="202" class="1004" name="exitcond5_fu_202">
<pin_list>
<pin id="203" dir="0" index="0" bw="4" slack="0"/>
<pin id="204" dir="0" index="1" bw="4" slack="0"/>
<pin id="205" dir="1" index="2" bw="1" slack="2147483647"/>
</pin_list>
<bind>
<opcode="icmp(45) " fcode="icmp"/>
<opset="exitcond5/2 "/>
</bind>
</comp>

<comp id="208" class="1004" name="oc_6_fu_208">
<pin_list>
<pin id="209" dir="0" index="0" bw="4" slack="0"/>
<pin id="210" dir="0" index="1" bw="1" slack="0"/>
<pin id="211" dir="1" index="2" bw="4" slack="0"/>
</pin_list>
<bind>
<opcode="add(8) " fcode="add"/>
<opset="oc_6/2 "/>
</bind>
</comp>

<comp id="214" class="1004" name="tmp_cast_fu_214">
<pin_list>
<pin id="215" dir="0" index="0" bw="4" slack="0"/>
<pin id="216" dir="1" index="1" bw="16" slack="3"/>
</pin_list>
<bind>
<opcode="zext(34) " fcode="zext"/>
<opset="tmp_cast/2 "/>
</bind>
</comp>

<comp id="218" class="1004" name="exitcond4_fu_218">
<pin_list>
<pin id="219" dir="0" index="0" bw="6" slack="0"/>
<pin id="220" dir="0" index="1" bw="6" slack="0"/>
<pin id="221" dir="1" index="2" bw="1" slack="2147483647"/>
</pin_list>
<bind>
<opcode="icmp(45) " fcode="icmp"/>
<opset="exitcond4/3 "/>
</bind>
</comp>

<comp id="224" class="1004" name="r_8_fu_224">
<pin_list>
<pin id="225" dir="0" index="0" bw="6" slack="0"/>
<pin id="226" dir="0" index="1" bw="1" slack="0"/>
<pin id="227" dir="1" index="2" bw="6" slack="0"/>
</pin_list>
<bind>
<opcode="add(8) " fcode="add"/>
<opset="r_8/3 "/>
</bind>
</comp>

<comp id="230" class="1004" name="tmp_81_fu_230">
<pin_list>
<pin id="231" dir="0" index="0" bw="12" slack="0"/>
<pin id="232" dir="0" index="1" bw="6" slack="0"/>
<pin id="233" dir="0" index="2" bw="1" slack="0"/>
<pin id="234" dir="1" index="3" bw="12" slack="0"/>
</pin_list>
<bind>
<opcode="bitconcatenate(1004) " fcode="bitconcatenate"/>
<opset="tmp_81/3 "/>
</bind>
</comp>

<comp id="238" class="1004" name="p_shl_cast_fu_238">
<pin_list>
<pin id="239" dir="0" index="0" bw="12" slack="0"/>
<pin id="240" dir="1" index="1" bw="13" slack="0"/>
</pin_list>
<bind>
<opcode="zext(34) " fcode="zext"/>
<opset="p_shl_cast/3 "/>
</bind>
</comp>

<comp id="242" class="1004" name="tmp_82_fu_242">
<pin_list>
<pin id="243" dir="0" index="0" bw="7" slack="0"/>
<pin id="244" dir="0" index="1" bw="6" slack="0"/>
<pin id="245" dir="0" index="2" bw="1" slack="0"/>
<pin id="246" dir="1" index="3" bw="7" slack="0"/>
</pin_list>
<bind>
<opcode="bitconcatenate(1004) " fcode="bitconcatenate"/>
<opset="tmp_82/3 "/>
</bind>
</comp>

<comp id="250" class="1004" name="p_shl1_cast_fu_250">
<pin_list>
<pin id="251" dir="0" index="0" bw="7" slack="0"/>
<pin id="252" dir="1" index="1" bw="13" slack="0"/>
</pin_list>
<bind>
<opcode="zext(34) " fcode="zext"/>
<opset="p_shl1_cast/3 "/>
</bind>
</comp>

<comp id="254" class="1004" name="tmp_83_fu_254">
<pin_list>
<pin id="255" dir="0" index="0" bw="12" slack="0"/>
<pin id="256" dir="0" index="1" bw="7" slack="0"/>
<pin id="257" dir="1" index="2" bw="13" slack="2"/>
</pin_list>
<bind>
<opcode="sub(10) " fcode="sub"/>
<opset="tmp_83/3 "/>
</bind>
</comp>

<comp id="260" class="1004" name="exitcond3_fu_260">
<pin_list>
<pin id="261" dir="0" index="0" bw="6" slack="0"/>
<pin id="262" dir="0" index="1" bw="6" slack="0"/>
<pin id="263" dir="1" index="2" bw="1" slack="2147483647"/>
</pin_list>
<bind>
<opcode="icmp(45) " fcode="icmp"/>
<opset="exitcond3/4 "/>
</bind>
</comp>

<comp id="266" class="1004" name="c_8_fu_266">
<pin_list>
<pin id="267" dir="0" index="0" bw="6" slack="0"/>
<pin id="268" dir="0" index="1" bw="1" slack="0"/>
<pin id="269" dir="1" index="2" bw="6" slack="0"/>
</pin_list>
<bind>
<opcode="add(8) " fcode="add"/>
<opset="c_8/4 "/>
</bind>
</comp>

<comp id="272" class="1004" name="exitcond2_fu_272">
<pin_list>
<pin id="273" dir="0" index="0" bw="2" slack="0"/>
<pin id="274" dir="0" index="1" bw="2" slack="0"/>
<pin id="275" dir="1" index="2" bw="1" slack="2147483647"/>
</pin_list>
<bind>
<opcode="icmp(45) " fcode="icmp"/>
<opset="exitcond2/5 "/>
</bind>
</comp>

<comp id="278" class="1004" name="ic_6_fu_278">
<pin_list>
<pin id="279" dir="0" index="0" bw="2" slack="0"/>
<pin id="280" dir="0" index="1" bw="1" slack="0"/>
<pin id="281" dir="1" index="2" bw="2" slack="0"/>
</pin_list>
<bind>
<opcode="add(8) " fcode="add"/>
<opset="ic_6/5 "/>
</bind>
</comp>

<comp id="284" class="1004" name="tmp_42_cast_fu_284">
<pin_list>
<pin id="285" dir="0" index="0" bw="2" slack="0"/>
<pin id="286" dir="1" index="1" bw="15" slack="2"/>
</pin_list>
<bind>
<opcode="zext(34) " fcode="zext"/>
<opset="tmp_42_cast/5 "/>
</bind>
</comp>

<comp id="288" class="1004" name="tmp_41_cast_fu_288">
<pin_list>
<pin id="289" dir="0" index="0" bw="6" slack="1"/>
<pin id="290" dir="1" index="1" bw="13" slack="0"/>
</pin_list>
<bind>
<opcode="zext(34) " fcode="zext"/>
<opset="tmp_41_cast/5 "/>
</bind>
</comp>

<comp id="292" class="1004" name="tmp_84_fu_292">
<pin_list>
<pin id="293" dir="0" index="0" bw="13" slack="2"/>
<pin id="294" dir="0" index="1" bw="6" slack="0"/>
<pin id="295" dir="1" index="2" bw="13" slack="0"/>
</pin_list>
<bind>
<opcode="add(8) " fcode="add"/>
<opset="tmp_84/5 "/>
</bind>
</comp>

<comp id="297" class="1004" name="tmp_125_cast_fu_297">
<pin_list>
<pin id="298" dir="0" index="0" bw="16" slack="0"/>
<pin id="299" dir="0" index="1" bw="13" slack="0"/>
<pin id="300" dir="0" index="2" bw="1" slack="0"/>
<pin id="301" dir="1" index="3" bw="16" slack="0"/>
</pin_list>
<bind>
<opcode="bitconcatenate(1004) " fcode="bitconcatenate"/>
<opset="tmp_125_cast/5 "/>
</bind>
</comp>

<comp id="305" class="1004" name="tmp_85_fu_305">
<pin_list>
<pin id="306" dir="0" index="0" bw="16" slack="0"/>
<pin id="307" dir="0" index="1" bw="4" slack="3"/>
<pin id="308" dir="1" index="2" bw="16" slack="1"/>
</pin_list>
<bind>
<opcode="add(8) " fcode="add"/>
<opset="tmp_85/5 "/>
</bind>
</comp>

<comp id="310" class="1004" name="kr_cast2_fu_310">
<pin_list>
<pin id="311" dir="0" index="0" bw="2" slack="0"/>
<pin id="312" dir="1" index="1" bw="6" slack="0"/>
</pin_list>
<bind>
<opcode="zext(34) " fcode="zext"/>
<opset="kr_cast2/6 "/>
</bind>
</comp>

<comp id="314" class="1004" name="exitcond1_fu_314">
<pin_list>
<pin id="315" dir="0" index="0" bw="2" slack="0"/>
<pin id="316" dir="0" index="1" bw="2" slack="0"/>
<pin id="317" dir="1" index="2" bw="1" slack="2147483647"/>
</pin_list>
<bind>
<opcode="icmp(45) " fcode="icmp"/>
<opset="exitcond1/6 "/>
</bind>
</comp>

<comp id="320" class="1004" name="kr_5_fu_320">
<pin_list>
<pin id="321" dir="0" index="0" bw="2" slack="0"/>
<pin id="322" dir="0" index="1" bw="1" slack="0"/>
<pin id="323" dir="1" index="2" bw="2" slack="0"/>
</pin_list>
<bind>
<opcode="add(8) " fcode="add"/>
<opset="kr_5/6 "/>
</bind>
</comp>

<comp id="326" class="1004" name="tmp_43_fu_326">
<pin_list>
<pin id="327" dir="0" index="0" bw="2" slack="0"/>
<pin id="328" dir="0" index="1" bw="6" slack="3"/>
<pin id="329" dir="1" index="2" bw="6" slack="1"/>
</pin_list>
<bind>
<opcode="add(8) " fcode="add"/>
<opset="tmp_43/6 "/>
</bind>
</comp>

<comp id="332" class="1004" name="kc_cast1_fu_332">
<pin_list>
<pin id="333" dir="0" index="0" bw="2" slack="0"/>
<pin id="334" dir="1" index="1" bw="6" slack="0"/>
</pin_list>
<bind>
<opcode="zext(34) " fcode="zext"/>
<opset="kc_cast1/7 "/>
</bind>
</comp>

<comp id="336" class="1004" name="exitcond_fu_336">
<pin_list>
<pin id="337" dir="0" index="0" bw="2" slack="0"/>
<pin id="338" dir="0" index="1" bw="2" slack="0"/>
<pin id="339" dir="1" index="2" bw="1" slack="2147483647"/>
</pin_list>
<bind>
<opcode="icmp(45) " fcode="icmp"/>
<opset="exitcond/7 "/>
</bind>
</comp>

<comp id="342" class="1004" name="kc_5_fu_342">
<pin_list>
<pin id="343" dir="0" index="0" bw="2" slack="0"/>
<pin id="344" dir="0" index="1" bw="1" slack="0"/>
<pin id="345" dir="1" index="2" bw="2" slack="0"/>
</pin_list>
<bind>
<opcode="add(8) " fcode="add"/>
<opset="kc_5/7 "/>
</bind>
</comp>

<comp id="348" class="1004" name="tmp_45_fu_348">
<pin_list>
<pin id="349" dir="0" index="0" bw="6" slack="3"/>
<pin id="350" dir="0" index="1" bw="2" slack="0"/>
<pin id="351" dir="1" index="2" bw="6" slack="0"/>
</pin_list>
<bind>
<opcode="add(8) " fcode="add"/>
<opset="tmp_45/7 "/>
</bind>
</comp>

<comp id="354" class="1004" name="tmp_86_fu_354">
<pin_list>
<pin id="355" dir="0" index="0" bw="12" slack="0"/>
<pin id="356" dir="0" index="1" bw="6" slack="1"/>
<pin id="357" dir="0" index="2" bw="6" slack="0"/>
<pin id="358" dir="1" index="3" bw="12" slack="0"/>
</pin_list>
<bind>
<opcode="bitconcatenate(1004) " fcode="bitconcatenate"/>
<opset="tmp_86/7 "/>
</bind>
</comp>

<comp id="361" class="1004" name="tmp_128_cast_fu_361">
<pin_list>
<pin id="362" dir="0" index="0" bw="12" slack="0"/>
<pin id="363" dir="1" index="1" bw="15" slack="0"/>
</pin_list>
<bind>
<opcode="zext(34) " fcode="zext"/>
<opset="tmp_128_cast/7 "/>
</bind>
</comp>

<comp id="365" class="1004" name="tmp_87_fu_365">
<pin_list>
<pin id="366" dir="0" index="0" bw="14" slack="0"/>
<pin id="367" dir="0" index="1" bw="6" slack="1"/>
<pin id="368" dir="0" index="2" bw="6" slack="0"/>
<pin id="369" dir="0" index="3" bw="1" slack="0"/>
<pin id="370" dir="1" index="4" bw="14" slack="0"/>
</pin_list>
<bind>
<opcode="bitconcatenate(1004) " fcode="bitconcatenate"/>
<opset="tmp_87/7 "/>
</bind>
</comp>

<comp id="374" class="1004" name="p_shl2_cast_fu_374">
<pin_list>
<pin id="375" dir="0" index="0" bw="14" slack="0"/>
<pin id="376" dir="1" index="1" bw="15" slack="0"/>
</pin_list>
<bind>
<opcode="zext(34) " fcode="zext"/>
<opset="p_shl2_cast/7 "/>
</bind>
</comp>

<comp id="378" class="1004" name="tmp_88_fu_378">
<pin_list>
<pin id="379" dir="0" index="0" bw="14" slack="0"/>
<pin id="380" dir="0" index="1" bw="12" slack="0"/>
<pin id="381" dir="1" index="2" bw="15" slack="0"/>
</pin_list>
<bind>
<opcode="sub(10) " fcode="sub"/>
<opset="tmp_88/7 "/>
</bind>
</comp>

<comp id="384" class="1004" name="tmp_89_fu_384">
<pin_list>
<pin id="385" dir="0" index="0" bw="2" slack="2"/>
<pin id="386" dir="0" index="1" bw="15" slack="0"/>
<pin id="387" dir="1" index="2" bw="15" slack="1"/>
</pin_list>
<bind>
<opcode="add(8) " fcode="add"/>
<opset="tmp_89/7 "/>
</bind>
</comp>

<comp id="389" class="1004" name="tmp_131_cast_fu_389">
<pin_list>
<pin id="390" dir="0" index="0" bw="15" slack="1"/>
<pin id="391" dir="1" index="1" bw="64" slack="0"/>
</pin_list>
<bind>
<opcode="sext(35) " fcode="sext"/>
<opset="tmp_131_cast/8 "/>
</bind>
</comp>

<comp id="393" class="1004" name="sum7_to_int_fu_393">
<pin_list>
<pin id="394" dir="0" index="0" bw="32" slack="1"/>
<pin id="395" dir="1" index="1" bw="32" slack="0"/>
</pin_list>
<bind>
<opcode="bitcast(44) " fcode="bitcast"/>
<opset="sum7_to_int/19 "/>
</bind>
</comp>

<comp id="397" class="1004" name="tmp_s_fu_397">
<pin_list>
<pin id="398" dir="0" index="0" bw="8" slack="0"/>
<pin id="399" dir="0" index="1" bw="32" slack="0"/>
<pin id="400" dir="0" index="2" bw="6" slack="0"/>
<pin id="401" dir="0" index="3" bw="6" slack="0"/>
<pin id="402" dir="1" index="4" bw="8" slack="0"/>
</pin_list>
<bind>
<opcode="partselect(1002) " fcode="partselect"/>
<opset="tmp_s/19 "/>
</bind>
</comp>

<comp id="407" class="1004" name="tmp_fu_407">
<pin_list>
<pin id="408" dir="0" index="0" bw="32" slack="0"/>
<pin id="409" dir="1" index="1" bw="23" slack="0"/>
</pin_list>
<bind>
<opcode="trunc(33) " fcode="trunc"/>
<opset="tmp/19 "/>
</bind>
</comp>

<comp id="411" class="1004" name="notlhs_fu_411">
<pin_list>
<pin id="412" dir="0" index="0" bw="8" slack="0"/>
<pin id="413" dir="0" index="1" bw="8" slack="0"/>
<pin id="414" dir="1" index="2" bw="1" slack="0"/>
</pin_list>
<bind>
<opcode="icmp(45) " fcode="icmp"/>
<opset="notlhs/19 "/>
</bind>
</comp>

<comp id="417" class="1004" name="notrhs_fu_417">
<pin_list>
<pin id="418" dir="0" index="0" bw="23" slack="0"/>
<pin id="419" dir="0" index="1" bw="23" slack="0"/>
<pin id="420" dir="1" index="2" bw="1" slack="0"/>
</pin_list>
<bind>
<opcode="icmp(45) " fcode="icmp"/>
<opset="notrhs/19 "/>
</bind>
</comp>

<comp id="423" class="1004" name="tmp_48_fu_423">
<pin_list>
<pin id="424" dir="0" index="0" bw="1" slack="0"/>
<pin id="425" dir="0" index="1" bw="1" slack="0"/>
<pin id="426" dir="1" index="2" bw="1" slack="0"/>
</pin_list>
<bind>
<opcode="or(24) " fcode="or"/>
<opset="tmp_48/19 "/>
</bind>
</comp>

<comp id="429" class="1004" name="tmp_50_fu_429">
<pin_list>
<pin id="430" dir="0" index="0" bw="1" slack="0"/>
<pin id="431" dir="0" index="1" bw="1" slack="1"/>
<pin id="432" dir="1" index="2" bw="1" slack="0"/>
</pin_list>
<bind>
<opcode="and(23) " fcode="and"/>
<opset="tmp_50/19 "/>
</bind>
</comp>

<comp id="434" class="1004" name="sum_3_fu_434">
<pin_list>
<pin id="435" dir="0" index="0" bw="1" slack="0"/>
<pin id="436" dir="0" index="1" bw="32" slack="0"/>
<pin id="437" dir="0" index="2" bw="32" slack="1"/>
<pin id="438" dir="1" index="3" bw="32" slack="0"/>
</pin_list>
<bind>
<opcode="select(49) " fcode="select"/>
<opset="sum_3/19 "/>
</bind>
</comp>

<comp id="443" class="1004" name="tmp_126_cast_fu_443">
<pin_list>
<pin id="444" dir="0" index="0" bw="16" slack="1"/>
<pin id="445" dir="1" index="1" bw="64" slack="0"/>
</pin_list>
<bind>
<opcode="zext(34) " fcode="zext"/>
<opset="tmp_126_cast/19 "/>
</bind>
</comp>

<comp id="450" class="1005" name="oc_6_reg_450">
<pin_list>
<pin id="451" dir="0" index="0" bw="4" slack="0"/>
<pin id="452" dir="1" index="1" bw="4" slack="0"/>
</pin_list>
<bind>
<opset="oc_6 "/>
</bind>
</comp>

<comp id="455" class="1005" name="tmp_cast_reg_455">
<pin_list>
<pin id="456" dir="0" index="0" bw="16" slack="3"/>
<pin id="457" dir="1" index="1" bw="16" slack="3"/>
</pin_list>
<bind>
<opset="tmp_cast "/>
</bind>
</comp>

<comp id="463" class="1005" name="r_8_reg_463">
<pin_list>
<pin id="464" dir="0" index="0" bw="6" slack="0"/>
<pin id="465" dir="1" index="1" bw="6" slack="0"/>
</pin_list>
<bind>
<opset="r_8 "/>
</bind>
</comp>

<comp id="468" class="1005" name="tmp_83_reg_468">
<pin_list>
<pin id="469" dir="0" index="0" bw="13" slack="2"/>
<pin id="470" dir="1" index="1" bw="13" slack="2"/>
</pin_list>
<bind>
<opset="tmp_83 "/>
</bind>
</comp>

<comp id="476" class="1005" name="c_8_reg_476">
<pin_list>
<pin id="477" dir="0" index="0" bw="6" slack="0"/>
<pin id="478" dir="1" index="1" bw="6" slack="0"/>
</pin_list>
<bind>
<opset="c_8 "/>
</bind>
</comp>

<comp id="484" class="1005" name="ic_6_reg_484">
<pin_list>
<pin id="485" dir="0" index="0" bw="2" slack="0"/>
<pin id="486" dir="1" index="1" bw="2" slack="0"/>
</pin_list>
<bind>
<opset="ic_6 "/>
</bind>
</comp>

<comp id="489" class="1005" name="tmp_42_cast_reg_489">
<pin_list>
<pin id="490" dir="0" index="0" bw="15" slack="2"/>
<pin id="491" dir="1" index="1" bw="15" slack="2"/>
</pin_list>
<bind>
<opset="tmp_42_cast "/>
</bind>
</comp>

<comp id="494" class="1005" name="tmp_49_reg_494">
<pin_list>
<pin id="495" dir="0" index="0" bw="1" slack="1"/>
<pin id="496" dir="1" index="1" bw="1" slack="1"/>
</pin_list>
<bind>
<opset="tmp_49 "/>
</bind>
</comp>

<comp id="499" class="1005" name="tmp_85_reg_499">
<pin_list>
<pin id="500" dir="0" index="0" bw="16" slack="1"/>
<pin id="501" dir="1" index="1" bw="16" slack="1"/>
</pin_list>
<bind>
<opset="tmp_85 "/>
</bind>
</comp>

<comp id="507" class="1005" name="kr_5_reg_507">
<pin_list>
<pin id="508" dir="0" index="0" bw="2" slack="0"/>
<pin id="509" dir="1" index="1" bw="2" slack="0"/>
</pin_list>
<bind>
<opset="kr_5 "/>
</bind>
</comp>

<comp id="512" class="1005" name="tmp_43_reg_512">
<pin_list>
<pin id="513" dir="0" index="0" bw="6" slack="1"/>
<pin id="514" dir="1" index="1" bw="6" slack="1"/>
</pin_list>
<bind>
<opset="tmp_43 "/>
</bind>
</comp>

<comp id="521" class="1005" name="kc_5_reg_521">
<pin_list>
<pin id="522" dir="0" index="0" bw="2" slack="0"/>
<pin id="523" dir="1" index="1" bw="2" slack="0"/>
</pin_list>
<bind>
<opset="kc_5 "/>
</bind>
</comp>

<comp id="526" class="1005" name="tmp_89_reg_526">
<pin_list>
<pin id="527" dir="0" index="0" bw="15" slack="1"/>
<pin id="528" dir="1" index="1" bw="15" slack="1"/>
</pin_list>
<bind>
<opset="tmp_89 "/>
</bind>
</comp>

<comp id="531" class="1005" name="in_addr_reg_531">
<pin_list>
<pin id="532" dir="0" index="0" bw="14" slack="1"/>
<pin id="533" dir="1" index="1" bw="14" slack="1"/>
</pin_list>
<bind>
<opset="in_addr "/>
</bind>
</comp>

<comp id="536" class="1005" name="in_load_reg_536">
<pin_list>
<pin id="537" dir="0" index="0" bw="32" slack="1"/>
<pin id="538" dir="1" index="1" bw="32" slack="1"/>
</pin_list>
<bind>
<opset="in_load "/>
</bind>
</comp>

<comp id="541" class="1005" name="tmp_47_reg_541">
<pin_list>
<pin id="542" dir="0" index="0" bw="32" slack="1"/>
<pin id="543" dir="1" index="1" bw="32" slack="1"/>
</pin_list>
<bind>
<opset="tmp_47 "/>
</bind>
</comp>

<comp id="546" class="1005" name="sum_reg_546">
<pin_list>
<pin id="547" dir="0" index="0" bw="32" slack="1"/>
<pin id="548" dir="1" index="1" bw="32" slack="1"/>
</pin_list>
<bind>
<opset="sum "/>
</bind>
</comp>

</comp_list>

<net_list>
<net id="61"><net_src comp="0" pin="0"/><net_sink comp="56" pin=0"/></net>

<net id="62"><net_src comp="44" pin="0"/><net_sink comp="56" pin=1"/></net>

<net id="68"><net_src comp="56" pin="3"/><net_sink comp="63" pin=0"/></net>

<net id="74"><net_src comp="2" pin="0"/><net_sink comp="69" pin=0"/></net>

<net id="75"><net_src comp="44" pin="0"/><net_sink comp="69" pin=1"/></net>

<net id="81"><net_src comp="69" pin="3"/><net_sink comp="76" pin=0"/></net>

<net id="85"><net_src comp="4" pin="0"/><net_sink comp="82" pin=0"/></net>

<net id="92"><net_src comp="82" pin="1"/><net_sink comp="86" pin=0"/></net>

<net id="96"><net_src comp="14" pin="0"/><net_sink comp="93" pin=0"/></net>

<net id="103"><net_src comp="93" pin="1"/><net_sink comp="97" pin=0"/></net>

<net id="104"><net_src comp="97" pin="4"/><net_sink comp="93" pin=0"/></net>

<net id="108"><net_src comp="14" pin="0"/><net_sink comp="105" pin=0"/></net>

<net id="115"><net_src comp="105" pin="1"/><net_sink comp="109" pin=2"/></net>

<net id="116"><net_src comp="109" pin="4"/><net_sink comp="105" pin=0"/></net>

<net id="120"><net_src comp="28" pin="0"/><net_sink comp="117" pin=0"/></net>

<net id="127"><net_src comp="117" pin="1"/><net_sink comp="121" pin=2"/></net>

<net id="128"><net_src comp="121" pin="4"/><net_sink comp="117" pin=0"/></net>

<net id="132"><net_src comp="30" pin="0"/><net_sink comp="129" pin=0"/></net>

<net id="139"><net_src comp="129" pin="1"/><net_sink comp="133" pin=2"/></net>

<net id="143"><net_src comp="140" pin="1"/><net_sink comp="121" pin=0"/></net>

<net id="150"><net_src comp="117" pin="1"/><net_sink comp="144" pin=0"/></net>

<net id="151"><net_src comp="144" pin="4"/><net_sink comp="140" pin=0"/></net>

<net id="155"><net_src comp="30" pin="0"/><net_sink comp="152" pin=0"/></net>

<net id="162"><net_src comp="152" pin="1"/><net_sink comp="156" pin=0"/></net>

<net id="166"><net_src comp="163" pin="1"/><net_sink comp="144" pin=2"/></net>

<net id="173"><net_src comp="140" pin="1"/><net_sink comp="167" pin=2"/></net>

<net id="174"><net_src comp="167" pin="4"/><net_sink comp="163" pin=0"/></net>

<net id="178"><net_src comp="30" pin="0"/><net_sink comp="175" pin=0"/></net>

<net id="185"><net_src comp="175" pin="1"/><net_sink comp="179" pin=2"/></net>

<net id="190"><net_src comp="163" pin="1"/><net_sink comp="186" pin=0"/></net>

<net id="195"><net_src comp="28" pin="0"/><net_sink comp="191" pin=1"/></net>

<net id="200"><net_src comp="121" pin="4"/><net_sink comp="196" pin=0"/></net>

<net id="201"><net_src comp="28" pin="0"/><net_sink comp="196" pin=1"/></net>

<net id="206"><net_src comp="86" pin="4"/><net_sink comp="202" pin=0"/></net>

<net id="207"><net_src comp="6" pin="0"/><net_sink comp="202" pin=1"/></net>

<net id="212"><net_src comp="86" pin="4"/><net_sink comp="208" pin=0"/></net>

<net id="213"><net_src comp="12" pin="0"/><net_sink comp="208" pin=1"/></net>

<net id="217"><net_src comp="86" pin="4"/><net_sink comp="214" pin=0"/></net>

<net id="222"><net_src comp="97" pin="4"/><net_sink comp="218" pin=0"/></net>

<net id="223"><net_src comp="16" pin="0"/><net_sink comp="218" pin=1"/></net>

<net id="228"><net_src comp="97" pin="4"/><net_sink comp="224" pin=0"/></net>

<net id="229"><net_src comp="20" pin="0"/><net_sink comp="224" pin=1"/></net>

<net id="235"><net_src comp="22" pin="0"/><net_sink comp="230" pin=0"/></net>

<net id="236"><net_src comp="97" pin="4"/><net_sink comp="230" pin=1"/></net>

<net id="237"><net_src comp="14" pin="0"/><net_sink comp="230" pin=2"/></net>

<net id="241"><net_src comp="230" pin="3"/><net_sink comp="238" pin=0"/></net>

<net id="247"><net_src comp="24" pin="0"/><net_sink comp="242" pin=0"/></net>

<net id="248"><net_src comp="97" pin="4"/><net_sink comp="242" pin=1"/></net>

<net id="249"><net_src comp="26" pin="0"/><net_sink comp="242" pin=2"/></net>

<net id="253"><net_src comp="242" pin="3"/><net_sink comp="250" pin=0"/></net>

<net id="258"><net_src comp="238" pin="1"/><net_sink comp="254" pin=0"/></net>

<net id="259"><net_src comp="250" pin="1"/><net_sink comp="254" pin=1"/></net>

<net id="264"><net_src comp="109" pin="4"/><net_sink comp="260" pin=0"/></net>

<net id="265"><net_src comp="16" pin="0"/><net_sink comp="260" pin=1"/></net>

<net id="270"><net_src comp="109" pin="4"/><net_sink comp="266" pin=0"/></net>

<net id="271"><net_src comp="20" pin="0"/><net_sink comp="266" pin=1"/></net>

<net id="276"><net_src comp="133" pin="4"/><net_sink comp="272" pin=0"/></net>

<net id="277"><net_src comp="32" pin="0"/><net_sink comp="272" pin=1"/></net>

<net id="282"><net_src comp="133" pin="4"/><net_sink comp="278" pin=0"/></net>

<net id="283"><net_src comp="36" pin="0"/><net_sink comp="278" pin=1"/></net>

<net id="287"><net_src comp="133" pin="4"/><net_sink comp="284" pin=0"/></net>

<net id="291"><net_src comp="105" pin="1"/><net_sink comp="288" pin=0"/></net>

<net id="296"><net_src comp="288" pin="1"/><net_sink comp="292" pin=1"/></net>

<net id="302"><net_src comp="38" pin="0"/><net_sink comp="297" pin=0"/></net>

<net id="303"><net_src comp="292" pin="2"/><net_sink comp="297" pin=1"/></net>

<net id="304"><net_src comp="40" pin="0"/><net_sink comp="297" pin=2"/></net>

<net id="309"><net_src comp="297" pin="3"/><net_sink comp="305" pin=0"/></net>

<net id="313"><net_src comp="156" pin="4"/><net_sink comp="310" pin=0"/></net>

<net id="318"><net_src comp="156" pin="4"/><net_sink comp="314" pin=0"/></net>

<net id="319"><net_src comp="32" pin="0"/><net_sink comp="314" pin=1"/></net>

<net id="324"><net_src comp="156" pin="4"/><net_sink comp="320" pin=0"/></net>

<net id="325"><net_src comp="36" pin="0"/><net_sink comp="320" pin=1"/></net>

<net id="330"><net_src comp="310" pin="1"/><net_sink comp="326" pin=0"/></net>

<net id="331"><net_src comp="93" pin="1"/><net_sink comp="326" pin=1"/></net>

<net id="335"><net_src comp="179" pin="4"/><net_sink comp="332" pin=0"/></net>

<net id="340"><net_src comp="179" pin="4"/><net_sink comp="336" pin=0"/></net>

<net id="341"><net_src comp="32" pin="0"/><net_sink comp="336" pin=1"/></net>

<net id="346"><net_src comp="179" pin="4"/><net_sink comp="342" pin=0"/></net>

<net id="347"><net_src comp="36" pin="0"/><net_sink comp="342" pin=1"/></net>

<net id="352"><net_src comp="105" pin="1"/><net_sink comp="348" pin=0"/></net>

<net id="353"><net_src comp="332" pin="1"/><net_sink comp="348" pin=1"/></net>

<net id="359"><net_src comp="22" pin="0"/><net_sink comp="354" pin=0"/></net>

<net id="360"><net_src comp="348" pin="2"/><net_sink comp="354" pin=2"/></net>

<net id="364"><net_src comp="354" pin="3"/><net_sink comp="361" pin=0"/></net>

<net id="371"><net_src comp="42" pin="0"/><net_sink comp="365" pin=0"/></net>

<net id="372"><net_src comp="348" pin="2"/><net_sink comp="365" pin=2"/></net>

<net id="373"><net_src comp="30" pin="0"/><net_sink comp="365" pin=3"/></net>

<net id="377"><net_src comp="365" pin="4"/><net_sink comp="374" pin=0"/></net>

<net id="382"><net_src comp="374" pin="1"/><net_sink comp="378" pin=0"/></net>

<net id="383"><net_src comp="361" pin="1"/><net_sink comp="378" pin=1"/></net>

<net id="388"><net_src comp="378" pin="2"/><net_sink comp="384" pin=1"/></net>

<net id="392"><net_src comp="389" pin="1"/><net_sink comp="56" pin=2"/></net>

<net id="396"><net_src comp="117" pin="1"/><net_sink comp="393" pin=0"/></net>

<net id="403"><net_src comp="46" pin="0"/><net_sink comp="397" pin=0"/></net>

<net id="404"><net_src comp="393" pin="1"/><net_sink comp="397" pin=1"/></net>

<net id="405"><net_src comp="48" pin="0"/><net_sink comp="397" pin=2"/></net>

<net id="406"><net_src comp="50" pin="0"/><net_sink comp="397" pin=3"/></net>

<net id="410"><net_src comp="393" pin="1"/><net_sink comp="407" pin=0"/></net>

<net id="415"><net_src comp="397" pin="4"/><net_sink comp="411" pin=0"/></net>

<net id="416"><net_src comp="52" pin="0"/><net_sink comp="411" pin=1"/></net>

<net id="421"><net_src comp="407" pin="1"/><net_sink comp="417" pin=0"/></net>

<net id="422"><net_src comp="54" pin="0"/><net_sink comp="417" pin=1"/></net>

<net id="427"><net_src comp="417" pin="2"/><net_sink comp="423" pin=0"/></net>

<net id="428"><net_src comp="411" pin="2"/><net_sink comp="423" pin=1"/></net>

<net id="433"><net_src comp="423" pin="2"/><net_sink comp="429" pin=0"/></net>

<net id="439"><net_src comp="429" pin="2"/><net_sink comp="434" pin=0"/></net>

<net id="440"><net_src comp="28" pin="0"/><net_sink comp="434" pin=1"/></net>

<net id="441"><net_src comp="117" pin="1"/><net_sink comp="434" pin=2"/></net>

<net id="442"><net_src comp="434" pin="3"/><net_sink comp="76" pin=1"/></net>

<net id="446"><net_src comp="443" pin="1"/><net_sink comp="69" pin=2"/></net>

<net id="453"><net_src comp="208" pin="2"/><net_sink comp="450" pin=0"/></net>

<net id="454"><net_src comp="450" pin="1"/><net_sink comp="86" pin=2"/></net>

<net id="458"><net_src comp="214" pin="1"/><net_sink comp="455" pin=0"/></net>

<net id="459"><net_src comp="455" pin="1"/><net_sink comp="305" pin=1"/></net>

<net id="466"><net_src comp="224" pin="2"/><net_sink comp="463" pin=0"/></net>

<net id="467"><net_src comp="463" pin="1"/><net_sink comp="97" pin=2"/></net>

<net id="471"><net_src comp="254" pin="2"/><net_sink comp="468" pin=0"/></net>

<net id="472"><net_src comp="468" pin="1"/><net_sink comp="292" pin=0"/></net>

<net id="479"><net_src comp="266" pin="2"/><net_sink comp="476" pin=0"/></net>

<net id="480"><net_src comp="476" pin="1"/><net_sink comp="109" pin=0"/></net>

<net id="487"><net_src comp="278" pin="2"/><net_sink comp="484" pin=0"/></net>

<net id="488"><net_src comp="484" pin="1"/><net_sink comp="133" pin=0"/></net>

<net id="492"><net_src comp="284" pin="1"/><net_sink comp="489" pin=0"/></net>

<net id="493"><net_src comp="489" pin="1"/><net_sink comp="384" pin=0"/></net>

<net id="497"><net_src comp="196" pin="2"/><net_sink comp="494" pin=0"/></net>

<net id="498"><net_src comp="494" pin="1"/><net_sink comp="429" pin=1"/></net>

<net id="502"><net_src comp="305" pin="2"/><net_sink comp="499" pin=0"/></net>

<net id="503"><net_src comp="499" pin="1"/><net_sink comp="443" pin=0"/></net>

<net id="510"><net_src comp="320" pin="2"/><net_sink comp="507" pin=0"/></net>

<net id="511"><net_src comp="507" pin="1"/><net_sink comp="156" pin=2"/></net>

<net id="515"><net_src comp="326" pin="2"/><net_sink comp="512" pin=0"/></net>

<net id="516"><net_src comp="512" pin="1"/><net_sink comp="354" pin=1"/></net>

<net id="517"><net_src comp="512" pin="1"/><net_sink comp="365" pin=1"/></net>

<net id="524"><net_src comp="342" pin="2"/><net_sink comp="521" pin=0"/></net>

<net id="525"><net_src comp="521" pin="1"/><net_sink comp="179" pin=0"/></net>

<net id="529"><net_src comp="384" pin="2"/><net_sink comp="526" pin=0"/></net>

<net id="530"><net_src comp="526" pin="1"/><net_sink comp="389" pin=0"/></net>

<net id="534"><net_src comp="56" pin="3"/><net_sink comp="531" pin=0"/></net>

<net id="535"><net_src comp="531" pin="1"/><net_sink comp="63" pin=0"/></net>

<net id="539"><net_src comp="63" pin="3"/><net_sink comp="536" pin=0"/></net>

<net id="540"><net_src comp="536" pin="1"/><net_sink comp="191" pin=0"/></net>

<net id="544"><net_src comp="191" pin="2"/><net_sink comp="541" pin=0"/></net>

<net id="545"><net_src comp="541" pin="1"/><net_sink comp="186" pin=1"/></net>

<net id="549"><net_src comp="186" pin="2"/><net_sink comp="546" pin=0"/></net>

<net id="550"><net_src comp="546" pin="1"/><net_sink comp="167" pin=0"/></net>

</net_list>

</model> 
---------------- Datapath Model END ------------------

* FSMD analyzer results:
  - Output states:
	Port: in_r | {}
	Port: out_r | {19 }
 - Input state : 
	Port: conv1 : in_r | {8 9 }
	Port: conv1 : out_r | {}
  - Chain level:
	State 1
	State 2
		exitcond5 : 1
		oc_6 : 1
		StgValue_25 : 2
		tmp_cast : 1
	State 3
		exitcond4 : 1
		r_8 : 1
		StgValue_33 : 2
		tmp_81 : 1
		p_shl_cast : 2
		tmp_82 : 1
		p_shl1_cast : 2
		tmp_83 : 3
	State 4
		exitcond3 : 1
		c_8 : 1
		StgValue_45 : 2
	State 5
		exitcond2 : 1
		ic_6 : 1
		StgValue_53 : 2
		tmp_42_cast : 1
		tmp_49 : 1
		tmp_84 : 1
		tmp_125_cast : 2
		tmp_85 : 3
	State 6
		kr_cast2 : 1
		exitcond1 : 1
		kr_5 : 1
		StgValue_67 : 2
		tmp_43 : 2
	State 7
		kc_cast1 : 1
		exitcond : 1
		kc_5 : 1
		StgValue_77 : 2
		tmp_45 : 2
		tmp_86 : 3
		tmp_128_cast : 4
		tmp_87 : 3
		p_shl2_cast : 4
		tmp_88 : 5
		tmp_89 : 6
	State 8
		in_addr : 1
		in_load : 2
	State 9
	State 10
	State 11
	State 12
	State 13
	State 14
	State 15
	State 16
	State 17
	State 18
	State 19
		tmp_s : 1
		tmp : 1
		notlhs : 2
		notrhs : 2
		tmp_48 : 3
		tmp_50 : 3
		sum_3 : 3
		out_addr : 1
		StgValue_110 : 4


============================================================
+ Verbose Summary: Datapath Resource usage 
============================================================

* Functional unit list:
|----------|---------------------|---------|---------|---------|
| Operation|   Functional Unit   |  DSP48E |    FF   |   LUT   |
|----------|---------------------|---------|---------|---------|
|   fadd   |      grp_fu_186     |    2    |   205   |   390   |
|----------|---------------------|---------|---------|---------|
|   fmul   |      grp_fu_191     |    3    |   143   |   321   |
|----------|---------------------|---------|---------|---------|
|   fcmp   |    tmp_49_fu_196    |    0    |    66   |   239   |
|----------|---------------------|---------|---------|---------|
|          |     oc_6_fu_208     |    0    |    0    |    13   |
|          |      r_8_fu_224     |    0    |    0    |    15   |
|          |      c_8_fu_266     |    0    |    0    |    15   |
|          |     ic_6_fu_278     |    0    |    0    |    10   |
|          |    tmp_84_fu_292    |    0    |    0    |    17   |
|    add   |    tmp_85_fu_305    |    0    |    0    |    23   |
|          |     kr_5_fu_320     |    0    |    0    |    10   |
|          |    tmp_43_fu_326    |    0    |    0    |    15   |
|          |     kc_5_fu_342     |    0    |    0    |    10   |
|          |    tmp_45_fu_348    |    0    |    0    |    15   |
|          |    tmp_89_fu_384    |    0    |    0    |    15   |
|----------|---------------------|---------|---------|---------|
|          |   exitcond5_fu_202  |    0    |    0    |    9    |
|          |   exitcond4_fu_218  |    0    |    0    |    11   |
|          |   exitcond3_fu_260  |    0    |    0    |    11   |
|   icmp   |   exitcond2_fu_272  |    0    |    0    |    8    |
|          |   exitcond1_fu_314  |    0    |    0    |    8    |
|          |   exitcond_fu_336   |    0    |    0    |    8    |
|          |    notlhs_fu_411    |    0    |    0    |    11   |
|          |    notrhs_fu_417    |    0    |    0    |    18   |
|----------|---------------------|---------|---------|---------|
|  select  |     sum_3_fu_434    |    0    |    0    |    32   |
|----------|---------------------|---------|---------|---------|
|    sub   |    tmp_83_fu_254    |    0    |    0    |    12   |
|          |    tmp_88_fu_378    |    0    |    0    |    15   |
|----------|---------------------|---------|---------|---------|
|    or    |    tmp_48_fu_423    |    0    |    0    |    2    |
|----------|---------------------|---------|---------|---------|
|    and   |    tmp_50_fu_429    |    0    |    0    |    2    |
|----------|---------------------|---------|---------|---------|
|          |   tmp_cast_fu_214   |    0    |    0    |    0    |
|          |  p_shl_cast_fu_238  |    0    |    0    |    0    |
|          |  p_shl1_cast_fu_250 |    0    |    0    |    0    |
|          |  tmp_42_cast_fu_284 |    0    |    0    |    0    |
|   zext   |  tmp_41_cast_fu_288 |    0    |    0    |    0    |
|          |   kr_cast2_fu_310   |    0    |    0    |    0    |
|          |   kc_cast1_fu_332   |    0    |    0    |    0    |
|          | tmp_128_cast_fu_361 |    0    |    0    |    0    |
|          |  p_shl2_cast_fu_374 |    0    |    0    |    0    |
|          | tmp_126_cast_fu_443 |    0    |    0    |    0    |
|----------|---------------------|---------|---------|---------|
|          |    tmp_81_fu_230    |    0    |    0    |    0    |
|          |    tmp_82_fu_242    |    0    |    0    |    0    |
|bitconcatenate| tmp_125_cast_fu_297 |    0    |    0    |    0    |
|          |    tmp_86_fu_354    |    0    |    0    |    0    |
|          |    tmp_87_fu_365    |    0    |    0    |    0    |
|----------|---------------------|---------|---------|---------|
|   sext   | tmp_131_cast_fu_389 |    0    |    0    |    0    |
|----------|---------------------|---------|---------|---------|
|partselect|     tmp_s_fu_397    |    0    |    0    |    0    |
|----------|---------------------|---------|---------|---------|
|   trunc  |      tmp_fu_407     |    0    |    0    |    0    |
|----------|---------------------|---------|---------|---------|
|   Total  |                     |    5    |   414   |   1255  |
|----------|---------------------|---------|---------|---------|

Memories:
N/A

* Register list:
+-------------------+--------+
|                   |   FF   |
+-------------------+--------+
|    c_8_reg_476    |    6   |
|     c_reg_105     |    6   |
|    ic_6_reg_484   |    2   |
|     ic_reg_129    |    2   |
|  in_addr_reg_531  |   14   |
|  in_load_reg_536  |   32   |
|    kc_5_reg_521   |    2   |
|     kc_reg_175    |    2   |
|    kr_5_reg_507   |    2   |
|     kr_reg_152    |    2   |
|    oc_6_reg_450   |    4   |
|     oc_reg_82     |    4   |
|    r_8_reg_463    |    6   |
|      r_reg_93     |    6   |
|    sum7_reg_117   |   32   |
|   sum_1_reg_140   |   32   |
|   sum_2_reg_163   |   32   |
|    sum_reg_546    |   32   |
|tmp_42_cast_reg_489|   15   |
|   tmp_43_reg_512  |    6   |
|   tmp_47_reg_541  |   32   |
|   tmp_49_reg_494  |    1   |
|   tmp_83_reg_468  |   13   |
|   tmp_85_reg_499  |   16   |
|   tmp_89_reg_526  |   15   |
|  tmp_cast_reg_455 |   16   |
+-------------------+--------+
|       Total       |   332  |
+-------------------+--------+

* Multiplexer (MUX) list: 
|------------------|------|------|------|--------||---------||---------|
|       Comp       |  Pin | Size |  BW  | S x BW ||  Delay  ||   LUT   |
|------------------|------|------|------|--------||---------||---------|
| grp_access_fu_63 |  p0  |   2  |  14  |   28   ||    9    |
|     r_reg_93     |  p0  |   2  |   6  |   12   ||    9    |
|     c_reg_105    |  p0  |   2  |   6  |   12   ||    9    |
|   sum7_reg_117   |  p0  |   2  |  32  |   64   ||    9    |
|------------------|------|------|------|--------||---------||---------|
|       Total      |      |      |      |   116  ||  7.076  ||    36   |
|------------------|------|------|------|--------||---------||---------|



* Summary:
+-----------+--------+--------+--------+--------+
|           | DSP48E |  Delay |   FF   |   LUT  |
+-----------+--------+--------+--------+--------+
|  Function |    5   |    -   |   414  |  1255  |
|   Memory  |    -   |    -   |    -   |    -   |
|Multiplexer|    -   |    7   |    -   |   36   |
|  Register |    -   |    -   |   332  |    -   |
+-----------+--------+--------+--------+--------+
|   Total   |    5   |    7   |   746  |  1291  |
+-----------+--------+--------+--------+--------+
