

================================================================
== Vivado HLS Report for 'conv2'
================================================================
* Date:           Sun Jun  7 19:29:31 2026

* Version:        2018.3 (Build 2405991 on Thu Dec 06 23:56:15 MST 2018)
* Project:        finalproj
* Solution:       nodirective
* Product family: zynq
* Target device:  xc7z020clg484-1


================================================================
== Performance Estimates
================================================================
+ Timing (ns): 
    * Summary: 
    +--------+-------+----------+------------+
    |  Clock | Target| Estimated| Uncertainty|
    +--------+-------+----------+------------+
    |ap_clk  |  10.00|     8.485|        1.25|
    +--------+-------+----------+------------+

+ Latency (clock cycles): 
    * Summary: 
    +----------+----------+----------+----------+---------+
    |       Latency       |       Interval      | Pipeline|
    |    min   |    max   |    min   |    max   |   Type  |
    +----------+----------+----------+----------+---------+
    |  11559665|  11559665|  11559665|  11559665|   none  |
    +----------+----------+----------+----------+---------+

    + Detail: 
        * Instance: 
        N/A

        * Loop: 
        +-----------------------------+----------+----------+----------+-----------+-----------+------+----------+
        |                             |       Latency       | Iteration|  Initiation Interval  | Trip |          |
        |          Loop Name          |    min   |    max   |  Latency |  achieved |   target  | Count| Pipelined|
        +-----------------------------+----------+----------+----------+-----------+-----------+------+----------+
        |- Loop 1                     |  11559664|  11559664|    722479|          -|          -|    16|    no    |
        | + Loop 1.1                  |    722477|    722477|     24913|          -|          -|    29|    no    |
        |  ++ Loop 1.1.1              |     24911|     24911|       859|          -|          -|    29|    no    |
        |   +++ Loop 1.1.1.1          |       856|       856|       107|          -|          -|     8|    no    |
        |    ++++ Loop 1.1.1.1.1      |       105|       105|        35|          -|          -|     3|    no    |
        |     +++++ Loop 1.1.1.1.1.1  |        33|        33|        11|          -|          -|     3|    no    |
        +-----------------------------+----------+----------+----------+-----------+-----------+------+----------+

============================================================
+ Verbose Summary: Synthesis Manager
============================================================
InlineROM: 1
ExposeGlobal: 0
============================================================
+ Verbose Summary: CDFG Model
============================================================
IsTopModel: 0
ResetActiveHigh: 1
IsCombinational: 0
IsDatapathOnly: 0
HasWiredReturn: 1
HasMFsm: 0
HasVarLatency: 1
IsPipeline: 0
IsRtlPipelined: 0
IsInstanceOverlapped: 0
IsDontTouch: 0
HasImplIP: 0
IsGatedGlobalClock: 0


============================================================
+ Verbose Summary: Schedule
============================================================
* Number of FSM states : 18
* Pipeline : 0
* Dataflow Pipeline: 0

* FSM state transitions: 
1 --> 
	2  / true
2 --> 
	3  / (!exitcond5)
3 --> 
	4  / (!exitcond4)
	2  / (exitcond4)
4 --> 
	5  / (!exitcond3)
	3  / (exitcond3)
5 --> 
	18  / (exitcond2)
	6  / (!exitcond2)
6 --> 
	7  / (!exitcond1)
	5  / (exitcond1)
7 --> 
	8  / (!exitcond)
	6  / (exitcond)
8 --> 
	9  / true
9 --> 
	10  / true
10 --> 
	11  / true
11 --> 
	12  / true
12 --> 
	13  / true
13 --> 
	14  / true
14 --> 
	15  / true
15 --> 
	16  / true
16 --> 
	17  / true
17 --> 
	7  / true
18 --> 
	4  / true

* FSM state operations: 

State 1 <SV = 0> <Delay = 1.76>
ST_1 : Operation 19 [1/1] (1.76ns)   --->   "br label %.loopexit" [topp.c:113]   --->   Operation 19 'br' <Predicate = true> <Delay = 1.76>

State 2 <SV = 1> <Delay = 1.78>
ST_2 : Operation 20 [1/1] (0.00ns)   --->   "%oc = phi i5 [ 0, %0 ], [ %oc_5, %.loopexit.loopexit ]"   --->   Operation 20 'phi' 'oc' <Predicate = true> <Delay = 0.00>
ST_2 : Operation 21 [1/1] (1.36ns)   --->   "%exitcond5 = icmp eq i5 %oc, -16" [topp.c:113]   --->   Operation 21 'icmp' 'exitcond5' <Predicate = true> <Delay = 1.36> <Core = "Cmp">   --->   Core 25 'Cmp' <Latency = 0> <II = 1> <Delay = 2.44> <FuncUnit> <Opcode : 'icmp'> <InPorts = 2> <OutPorts = 1>
ST_2 : Operation 22 [1/1] (0.00ns)   --->   "%empty = call i32 (...)* @_ssdm_op_SpecLoopTripCount(i64 16, i64 16, i64 16)"   --->   Operation 22 'speclooptripcount' 'empty' <Predicate = true> <Delay = 0.00>
ST_2 : Operation 23 [1/1] (1.78ns)   --->   "%oc_5 = add i5 %oc, 1" [topp.c:113]   --->   Operation 23 'add' 'oc_5' <Predicate = true> <Delay = 1.78> <Core = "AddSub">   --->   Core 14 'AddSub' <Latency = 0> <II = 1> <Delay = 1.81> <FuncUnit> <Opcode : 'add' 'sub'> <InPorts = 2> <OutPorts = 1>
ST_2 : Operation 24 [1/1] (0.00ns)   --->   "br i1 %exitcond5, label %3, label %.preheader8.preheader" [topp.c:113]   --->   Operation 24 'br' <Predicate = true> <Delay = 0.00>
ST_2 : Operation 25 [1/1] (0.00ns)   --->   "%tmp_cast = zext i5 %oc to i15" [topp.c:115]   --->   Operation 25 'zext' 'tmp_cast' <Predicate = (!exitcond5)> <Delay = 0.00>
ST_2 : Operation 26 [1/1] (1.76ns)   --->   "br label %.preheader8" [topp.c:115]   --->   Operation 26 'br' <Predicate = (!exitcond5)> <Delay = 1.76>
ST_2 : Operation 27 [1/1] (0.00ns)   --->   "ret void" [topp.c:140]   --->   Operation 27 'ret' <Predicate = (exitcond5)> <Delay = 0.00>

State 3 <SV = 2> <Delay = 1.78>
ST_3 : Operation 28 [1/1] (0.00ns)   --->   "%r = phi i5 [ 0, %.preheader8.preheader ], [ %r_7, %.preheader8.loopexit ]"   --->   Operation 28 'phi' 'r' <Predicate = true> <Delay = 0.00>
ST_3 : Operation 29 [1/1] (0.00ns)   --->   "%phi_mul = phi i10 [ 0, %.preheader8.preheader ], [ %next_mul, %.preheader8.loopexit ]"   --->   Operation 29 'phi' 'phi_mul' <Predicate = true> <Delay = 0.00>
ST_3 : Operation 30 [1/1] (1.73ns)   --->   "%next_mul = add i10 %phi_mul, 29"   --->   Operation 30 'add' 'next_mul' <Predicate = true> <Delay = 1.73> <Core = "AddSub">   --->   Core 14 'AddSub' <Latency = 0> <II = 1> <Delay = 1.81> <FuncUnit> <Opcode : 'add' 'sub'> <InPorts = 2> <OutPorts = 1>
ST_3 : Operation 31 [1/1] (1.36ns)   --->   "%exitcond4 = icmp eq i5 %r, -3" [topp.c:115]   --->   Operation 31 'icmp' 'exitcond4' <Predicate = true> <Delay = 1.36> <Core = "Cmp">   --->   Core 25 'Cmp' <Latency = 0> <II = 1> <Delay = 2.44> <FuncUnit> <Opcode : 'icmp'> <InPorts = 2> <OutPorts = 1>
ST_3 : Operation 32 [1/1] (0.00ns)   --->   "%empty_35 = call i32 (...)* @_ssdm_op_SpecLoopTripCount(i64 29, i64 29, i64 29)"   --->   Operation 32 'speclooptripcount' 'empty_35' <Predicate = true> <Delay = 0.00>
ST_3 : Operation 33 [1/1] (1.78ns)   --->   "%r_7 = add i5 %r, 1" [topp.c:115]   --->   Operation 33 'add' 'r_7' <Predicate = true> <Delay = 1.78> <Core = "AddSub">   --->   Core 14 'AddSub' <Latency = 0> <II = 1> <Delay = 1.81> <FuncUnit> <Opcode : 'add' 'sub'> <InPorts = 2> <OutPorts = 1>
ST_3 : Operation 34 [1/1] (0.00ns)   --->   "br i1 %exitcond4, label %.loopexit.loopexit, label %.preheader7.preheader" [topp.c:115]   --->   Operation 34 'br' <Predicate = true> <Delay = 0.00>
ST_3 : Operation 35 [1/1] (1.76ns)   --->   "br label %.preheader7" [topp.c:117]   --->   Operation 35 'br' <Predicate = (!exitcond4)> <Delay = 1.76>
ST_3 : Operation 36 [1/1] (0.00ns)   --->   "br label %.loopexit"   --->   Operation 36 'br' <Predicate = (exitcond4)> <Delay = 0.00>

State 4 <SV = 3> <Delay = 1.78>
ST_4 : Operation 37 [1/1] (0.00ns)   --->   "%c = phi i5 [ %c_7, %2 ], [ 0, %.preheader7.preheader ]"   --->   Operation 37 'phi' 'c' <Predicate = true> <Delay = 0.00>
ST_4 : Operation 38 [1/1] (1.36ns)   --->   "%exitcond3 = icmp eq i5 %c, -3" [topp.c:117]   --->   Operation 38 'icmp' 'exitcond3' <Predicate = true> <Delay = 1.36> <Core = "Cmp">   --->   Core 25 'Cmp' <Latency = 0> <II = 1> <Delay = 2.44> <FuncUnit> <Opcode : 'icmp'> <InPorts = 2> <OutPorts = 1>
ST_4 : Operation 39 [1/1] (0.00ns)   --->   "%empty_36 = call i32 (...)* @_ssdm_op_SpecLoopTripCount(i64 29, i64 29, i64 29)"   --->   Operation 39 'speclooptripcount' 'empty_36' <Predicate = true> <Delay = 0.00>
ST_4 : Operation 40 [1/1] (1.78ns)   --->   "%c_7 = add i5 %c, 1" [topp.c:117]   --->   Operation 40 'add' 'c_7' <Predicate = true> <Delay = 1.78> <Core = "AddSub">   --->   Core 14 'AddSub' <Latency = 0> <II = 1> <Delay = 1.81> <FuncUnit> <Opcode : 'add' 'sub'> <InPorts = 2> <OutPorts = 1>
ST_4 : Operation 41 [1/1] (0.00ns)   --->   "br i1 %exitcond3, label %.preheader8.loopexit, label %.preheader1.preheader" [topp.c:117]   --->   Operation 41 'br' <Predicate = true> <Delay = 0.00>
ST_4 : Operation 42 [1/1] (1.76ns)   --->   "br label %.preheader1" [topp.c:122]   --->   Operation 42 'br' <Predicate = (!exitcond3)> <Delay = 1.76>
ST_4 : Operation 43 [1/1] (0.00ns)   --->   "br label %.preheader8"   --->   Operation 43 'br' <Predicate = (exitcond3)> <Delay = 0.00>

State 5 <SV = 4> <Delay = 6.78>
ST_5 : Operation 44 [1/1] (0.00ns)   --->   "%sum9 = phi float [ %sum_1, %.preheader1.loopexit ], [ 0.000000e+00, %.preheader1.preheader ]" [topp.c:130]   --->   Operation 44 'phi' 'sum9' <Predicate = true> <Delay = 0.00>
ST_5 : Operation 45 [1/1] (0.00ns)   --->   "%ic = phi i4 [ %ic_5, %.preheader1.loopexit ], [ 0, %.preheader1.preheader ]"   --->   Operation 45 'phi' 'ic' <Predicate = true> <Delay = 0.00>
ST_5 : Operation 46 [1/1] (1.30ns)   --->   "%exitcond2 = icmp eq i4 %ic, -8" [topp.c:122]   --->   Operation 46 'icmp' 'exitcond2' <Predicate = true> <Delay = 1.30> <Core = "Cmp">   --->   Core 25 'Cmp' <Latency = 0> <II = 1> <Delay = 2.44> <FuncUnit> <Opcode : 'icmp'> <InPorts = 2> <OutPorts = 1>
ST_5 : Operation 47 [1/1] (0.00ns)   --->   "%empty_37 = call i32 (...)* @_ssdm_op_SpecLoopTripCount(i64 8, i64 8, i64 8)"   --->   Operation 47 'speclooptripcount' 'empty_37' <Predicate = true> <Delay = 0.00>
ST_5 : Operation 48 [1/1] (1.73ns)   --->   "%ic_5 = add i4 %ic, 1" [topp.c:122]   --->   Operation 48 'add' 'ic_5' <Predicate = true> <Delay = 1.73> <Core = "AddSub">   --->   Core 14 'AddSub' <Latency = 0> <II = 1> <Delay = 1.81> <FuncUnit> <Opcode : 'add' 'sub'> <InPorts = 2> <OutPorts = 1>
ST_5 : Operation 49 [1/1] (0.00ns)   --->   "br i1 %exitcond2, label %2, label %.preheader6.preheader" [topp.c:122]   --->   Operation 49 'br' <Predicate = true> <Delay = 0.00>
ST_5 : Operation 50 [1/1] (0.00ns)   --->   "%tmp_35_cast = zext i4 %ic to i14" [topp.c:125]   --->   Operation 50 'zext' 'tmp_35_cast' <Predicate = (!exitcond2)> <Delay = 0.00>
ST_5 : Operation 51 [1/1] (1.76ns)   --->   "br label %.preheader6" [topp.c:125]   --->   Operation 51 'br' <Predicate = (!exitcond2)> <Delay = 1.76>
ST_5 : Operation 52 [1/1] (6.78ns)   --->   "%tmp_44 = fcmp olt float %sum9, 0.000000e+00" [topp.c:135]   --->   Operation 52 'fcmp' 'tmp_44' <Predicate = (exitcond2)> <Delay = 6.78> <Core = "FCmp">   --->   Core 110 'FCmp' <Latency = 0> <II = 1> <Delay = 6.78> <FuncUnit> <Opcode : 'fcmp'> <InPorts = 2> <OutPorts = 1>
ST_5 : Operation 53 [1/1] (0.00ns)   --->   "%tmp_34_cast = zext i5 %c to i10" [topp.c:136]   --->   Operation 53 'zext' 'tmp_34_cast' <Predicate = (exitcond2)> <Delay = 0.00>
ST_5 : Operation 54 [1/1] (1.73ns)   --->   "%tmp_s = add i10 %tmp_34_cast, %phi_mul" [topp.c:136]   --->   Operation 54 'add' 'tmp_s' <Predicate = (exitcond2)> <Delay = 1.73> <Core = "AddSub">   --->   Core 14 'AddSub' <Latency = 0> <II = 1> <Delay = 1.81> <FuncUnit> <Opcode : 'add' 'sub'> <InPorts = 2> <OutPorts = 1>
ST_5 : Operation 55 [1/1] (0.00ns)   --->   "%tmp_48 = call i14 @_ssdm_op_BitConcatenate.i14.i10.i4(i10 %tmp_s, i4 0)" [topp.c:136]   --->   Operation 55 'bitconcatenate' 'tmp_48' <Predicate = (exitcond2)> <Delay = 0.00>
ST_5 : Operation 56 [1/1] (0.00ns)   --->   "%tmp_112_cast = zext i14 %tmp_48 to i15" [topp.c:136]   --->   Operation 56 'zext' 'tmp_112_cast' <Predicate = (exitcond2)> <Delay = 0.00>
ST_5 : Operation 57 [1/1] (1.81ns)   --->   "%tmp_76 = add i15 %tmp_cast, %tmp_112_cast" [topp.c:136]   --->   Operation 57 'add' 'tmp_76' <Predicate = (exitcond2)> <Delay = 1.81> <Core = "AddSub">   --->   Core 14 'AddSub' <Latency = 0> <II = 1> <Delay = 1.81> <FuncUnit> <Opcode : 'add' 'sub'> <InPorts = 2> <OutPorts = 1>

State 6 <SV = 5> <Delay = 3.51>
ST_6 : Operation 58 [1/1] (0.00ns)   --->   "%sum_1 = phi float [ %sum9, %.preheader6.preheader ], [ %sum_2, %.preheader6.loopexit ]" [topp.c:130]   --->   Operation 58 'phi' 'sum_1' <Predicate = true> <Delay = 0.00>
ST_6 : Operation 59 [1/1] (0.00ns)   --->   "%kr = phi i2 [ 0, %.preheader6.preheader ], [ %kr_4, %.preheader6.loopexit ]"   --->   Operation 59 'phi' 'kr' <Predicate = true> <Delay = 0.00>
ST_6 : Operation 60 [1/1] (0.00ns)   --->   "%kr_cast2 = zext i2 %kr to i5" [topp.c:125]   --->   Operation 60 'zext' 'kr_cast2' <Predicate = true> <Delay = 0.00>
ST_6 : Operation 61 [1/1] (0.95ns)   --->   "%exitcond1 = icmp eq i2 %kr, -1" [topp.c:125]   --->   Operation 61 'icmp' 'exitcond1' <Predicate = true> <Delay = 0.95> <Core = "Cmp">   --->   Core 25 'Cmp' <Latency = 0> <II = 1> <Delay = 2.44> <FuncUnit> <Opcode : 'icmp'> <InPorts = 2> <OutPorts = 1>
ST_6 : Operation 62 [1/1] (0.00ns)   --->   "%empty_38 = call i32 (...)* @_ssdm_op_SpecLoopTripCount(i64 3, i64 3, i64 3)"   --->   Operation 62 'speclooptripcount' 'empty_38' <Predicate = true> <Delay = 0.00>
ST_6 : Operation 63 [1/1] (1.56ns)   --->   "%kr_4 = add i2 %kr, 1" [topp.c:125]   --->   Operation 63 'add' 'kr_4' <Predicate = true> <Delay = 1.56> <Core = "AddSub">   --->   Core 14 'AddSub' <Latency = 0> <II = 1> <Delay = 1.81> <FuncUnit> <Opcode : 'add' 'sub'> <InPorts = 2> <OutPorts = 1>
ST_6 : Operation 64 [1/1] (0.00ns)   --->   "br i1 %exitcond1, label %.preheader1.loopexit, label %.preheader.preheader" [topp.c:125]   --->   Operation 64 'br' <Predicate = true> <Delay = 0.00>
ST_6 : Operation 65 [1/1] (1.78ns)   --->   "%tmp_36 = add i5 %kr_cast2, %r" [topp.c:130]   --->   Operation 65 'add' 'tmp_36' <Predicate = (!exitcond1)> <Delay = 1.78> <Core = "AddSub">   --->   Core 14 'AddSub' <Latency = 0> <II = 1> <Delay = 1.81> <FuncUnit> <Opcode : 'add' 'sub'> <InPorts = 2> <OutPorts = 1>
ST_6 : Operation 66 [1/1] (0.00ns)   --->   "%tmp_37_cast = zext i5 %tmp_36 to i11" [topp.c:130]   --->   Operation 66 'zext' 'tmp_37_cast' <Predicate = (!exitcond1)> <Delay = 0.00>
ST_6 : Operation 67 [1/1] (0.00ns)   --->   "%tmp_77 = call i10 @_ssdm_op_BitConcatenate.i10.i5.i5(i5 %tmp_36, i5 0)" [topp.c:130]   --->   Operation 67 'bitconcatenate' 'tmp_77' <Predicate = (!exitcond1)> <Delay = 0.00>
ST_6 : Operation 68 [1/1] (0.00ns)   --->   "%p_shl_cast = zext i10 %tmp_77 to i11" [topp.c:130]   --->   Operation 68 'zext' 'p_shl_cast' <Predicate = (!exitcond1)> <Delay = 0.00>
ST_6 : Operation 69 [1/1] (1.73ns)   --->   "%tmp_78 = sub i11 %p_shl_cast, %tmp_37_cast" [topp.c:130]   --->   Operation 69 'sub' 'tmp_78' <Predicate = (!exitcond1)> <Delay = 1.73> <Core = "AddSub">   --->   Core 14 'AddSub' <Latency = 0> <II = 1> <Delay = 1.81> <FuncUnit> <Opcode : 'add' 'sub'> <InPorts = 2> <OutPorts = 1>
ST_6 : Operation 70 [1/1] (1.76ns)   --->   "br label %.preheader" [topp.c:128]   --->   Operation 70 'br' <Predicate = (!exitcond1)> <Delay = 1.76>
ST_6 : Operation 71 [1/1] (0.00ns)   --->   "br label %.preheader1"   --->   Operation 71 'br' <Predicate = (exitcond1)> <Delay = 0.00>

State 7 <SV = 6> <Delay = 8.48>
ST_7 : Operation 72 [1/1] (0.00ns)   --->   "%sum_2 = phi float [ %sum, %1 ], [ %sum_1, %.preheader.preheader ]"   --->   Operation 72 'phi' 'sum_2' <Predicate = true> <Delay = 0.00>
ST_7 : Operation 73 [1/1] (0.00ns)   --->   "%kc = phi i2 [ %kc_4, %1 ], [ 0, %.preheader.preheader ]"   --->   Operation 73 'phi' 'kc' <Predicate = true> <Delay = 0.00>
ST_7 : Operation 74 [1/1] (0.00ns)   --->   "%kc_cast1 = zext i2 %kc to i5" [topp.c:128]   --->   Operation 74 'zext' 'kc_cast1' <Predicate = true> <Delay = 0.00>
ST_7 : Operation 75 [1/1] (0.95ns)   --->   "%exitcond = icmp eq i2 %kc, -1" [topp.c:128]   --->   Operation 75 'icmp' 'exitcond' <Predicate = true> <Delay = 0.95> <Core = "Cmp">   --->   Core 25 'Cmp' <Latency = 0> <II = 1> <Delay = 2.44> <FuncUnit> <Opcode : 'icmp'> <InPorts = 2> <OutPorts = 1>
ST_7 : Operation 76 [1/1] (0.00ns)   --->   "%empty_39 = call i32 (...)* @_ssdm_op_SpecLoopTripCount(i64 3, i64 3, i64 3)"   --->   Operation 76 'speclooptripcount' 'empty_39' <Predicate = true> <Delay = 0.00>
ST_7 : Operation 77 [1/1] (1.56ns)   --->   "%kc_4 = add i2 %kc, 1" [topp.c:128]   --->   Operation 77 'add' 'kc_4' <Predicate = true> <Delay = 1.56> <Core = "AddSub">   --->   Core 14 'AddSub' <Latency = 0> <II = 1> <Delay = 1.81> <FuncUnit> <Opcode : 'add' 'sub'> <InPorts = 2> <OutPorts = 1>
ST_7 : Operation 78 [1/1] (0.00ns)   --->   "br i1 %exitcond, label %.preheader6.loopexit, label %1" [topp.c:128]   --->   Operation 78 'br' <Predicate = true> <Delay = 0.00>
ST_7 : Operation 79 [1/1] (1.78ns)   --->   "%tmp_38 = add i5 %c, %kc_cast1" [topp.c:130]   --->   Operation 79 'add' 'tmp_38' <Predicate = (!exitcond)> <Delay = 1.78> <Core = "AddSub">   --->   Core 14 'AddSub' <Latency = 0> <II = 1> <Delay = 1.81> <FuncUnit> <Opcode : 'add' 'sub'> <InPorts = 2> <OutPorts = 1>
ST_7 : Operation 80 [1/1] (0.00ns)   --->   "%tmp_39_cast = zext i5 %tmp_38 to i11" [topp.c:130]   --->   Operation 80 'zext' 'tmp_39_cast' <Predicate = (!exitcond)> <Delay = 0.00>
ST_7 : Operation 81 [1/1] (1.63ns)   --->   "%tmp_79 = add i11 %tmp_39_cast, %tmp_78" [topp.c:130]   --->   Operation 81 'add' 'tmp_79' <Predicate = (!exitcond)> <Delay = 1.63> <Core = "AddSub">   --->   Core 14 'AddSub' <Latency = 0> <II = 1> <Delay = 1.81> <FuncUnit> <Opcode : 'add' 'sub'> <InPorts = 2> <OutPorts = 1>
ST_7 : Operation 82 [1/1] (0.00ns)   --->   "%tmp_118_cast = call i14 @_ssdm_op_BitConcatenate.i14.i11.i3(i11 %tmp_79, i3 0)" [topp.c:130]   --->   Operation 82 'bitconcatenate' 'tmp_118_cast' <Predicate = (!exitcond)> <Delay = 0.00>
ST_7 : Operation 83 [1/1] (1.81ns)   --->   "%tmp_80 = add i14 %tmp_35_cast, %tmp_118_cast" [topp.c:130]   --->   Operation 83 'add' 'tmp_80' <Predicate = (!exitcond)> <Delay = 1.81> <Core = "AddSub">   --->   Core 14 'AddSub' <Latency = 0> <II = 1> <Delay = 1.81> <FuncUnit> <Opcode : 'add' 'sub'> <InPorts = 2> <OutPorts = 1>
ST_7 : Operation 84 [1/1] (0.00ns)   --->   "%tmp_119_cast = zext i14 %tmp_80 to i64" [topp.c:130]   --->   Operation 84 'zext' 'tmp_119_cast' <Predicate = (!exitcond)> <Delay = 0.00>
ST_7 : Operation 85 [1/1] (0.00ns)   --->   "%p1_addr = getelementptr [7688 x float]* @p1, i64 0, i64 %tmp_119_cast" [topp.c:130]   --->   Operation 85 'getelementptr' 'p1_addr' <Predicate = (!exitcond)> <Delay = 0.00>
ST_7 : Operation 86 [2/2] (3.25ns)   --->   "%p1_load = load float* %p1_addr, align 4" [topp.c:130]   --->   Operation 86 'load' 'p1_load' <Predicate = (!exitcond)> <Delay = 3.25> <Core = "RAM">   --->   Core 37 'RAM' <Latency = 1> <II = 1> <Delay = 3.25> <Storage> <Opcode : 'load' 'store'> <Ports = 2> <Width = 32> <Depth = 13456> <RAM>
ST_7 : Operation 87 [1/1] (0.00ns)   --->   "br label %.preheader6"   --->   Operation 87 'br' <Predicate = (exitcond)> <Delay = 0.00>

State 8 <SV = 7> <Delay = 3.25>
ST_8 : Operation 88 [1/2] (3.25ns)   --->   "%p1_load = load float* %p1_addr, align 4" [topp.c:130]   --->   Operation 88 'load' 'p1_load' <Predicate = true> <Delay = 3.25> <Core = "RAM">   --->   Core 37 'RAM' <Latency = 1> <II = 1> <Delay = 3.25> <Storage> <Opcode : 'load' 'store'> <Ports = 2> <Width = 32> <Depth = 13456> <RAM>

State 9 <SV = 8> <Delay = 5.70>
ST_9 : Operation 89 [4/4] (5.70ns)   --->   "%tmp_40 = fmul float %p1_load, 0.000000e+00" [topp.c:130]   --->   Operation 89 'fmul' 'tmp_40' <Predicate = true> <Delay = 5.70> <Core = "FMul">   --->   Core 105 'FMul' <Latency = 3> <II = 1> <Delay = 5.70> <FuncUnit> <Opcode : 'fmul'> <InPorts = 2> <OutPorts = 1>

State 10 <SV = 9> <Delay = 5.70>
ST_10 : Operation 90 [3/4] (5.70ns)   --->   "%tmp_40 = fmul float %p1_load, 0.000000e+00" [topp.c:130]   --->   Operation 90 'fmul' 'tmp_40' <Predicate = true> <Delay = 5.70> <Core = "FMul">   --->   Core 105 'FMul' <Latency = 3> <II = 1> <Delay = 5.70> <FuncUnit> <Opcode : 'fmul'> <InPorts = 2> <OutPorts = 1>

State 11 <SV = 10> <Delay = 5.70>
ST_11 : Operation 91 [2/4] (5.70ns)   --->   "%tmp_40 = fmul float %p1_load, 0.000000e+00" [topp.c:130]   --->   Operation 91 'fmul' 'tmp_40' <Predicate = true> <Delay = 5.70> <Core = "FMul">   --->   Core 105 'FMul' <Latency = 3> <II = 1> <Delay = 5.70> <FuncUnit> <Opcode : 'fmul'> <InPorts = 2> <OutPorts = 1>

State 12 <SV = 11> <Delay = 5.70>
ST_12 : Operation 92 [1/4] (5.70ns)   --->   "%tmp_40 = fmul float %p1_load, 0.000000e+00" [topp.c:130]   --->   Operation 92 'fmul' 'tmp_40' <Predicate = true> <Delay = 5.70> <Core = "FMul">   --->   Core 105 'FMul' <Latency = 3> <II = 1> <Delay = 5.70> <FuncUnit> <Opcode : 'fmul'> <InPorts = 2> <OutPorts = 1>

State 13 <SV = 12> <Delay = 7.25>
ST_13 : Operation 93 [5/5] (7.25ns)   --->   "%sum = fadd float %sum_2, %tmp_40" [topp.c:130]   --->   Operation 93 'fadd' 'sum' <Predicate = true> <Delay = 7.25> <Core = "FAddSub">   --->   Core 104 'FAddSub' <Latency = 4> <II = 1> <Delay = 7.25> <FuncUnit> <Opcode : 'fadd' 'fsub'> <InPorts = 2> <OutPorts = 1>

State 14 <SV = 13> <Delay = 7.25>
ST_14 : Operation 94 [4/5] (7.25ns)   --->   "%sum = fadd float %sum_2, %tmp_40" [topp.c:130]   --->   Operation 94 'fadd' 'sum' <Predicate = true> <Delay = 7.25> <Core = "FAddSub">   --->   Core 104 'FAddSub' <Latency = 4> <II = 1> <Delay = 7.25> <FuncUnit> <Opcode : 'fadd' 'fsub'> <InPorts = 2> <OutPorts = 1>

State 15 <SV = 14> <Delay = 7.25>
ST_15 : Operation 95 [3/5] (7.25ns)   --->   "%sum = fadd float %sum_2, %tmp_40" [topp.c:130]   --->   Operation 95 'fadd' 'sum' <Predicate = true> <Delay = 7.25> <Core = "FAddSub">   --->   Core 104 'FAddSub' <Latency = 4> <II = 1> <Delay = 7.25> <FuncUnit> <Opcode : 'fadd' 'fsub'> <InPorts = 2> <OutPorts = 1>

State 16 <SV = 15> <Delay = 7.25>
ST_16 : Operation 96 [2/5] (7.25ns)   --->   "%sum = fadd float %sum_2, %tmp_40" [topp.c:130]   --->   Operation 96 'fadd' 'sum' <Predicate = true> <Delay = 7.25> <Core = "FAddSub">   --->   Core 104 'FAddSub' <Latency = 4> <II = 1> <Delay = 7.25> <FuncUnit> <Opcode : 'fadd' 'fsub'> <InPorts = 2> <OutPorts = 1>

State 17 <SV = 16> <Delay = 7.25>
ST_17 : Operation 97 [1/5] (7.25ns)   --->   "%sum = fadd float %sum_2, %tmp_40" [topp.c:130]   --->   Operation 97 'fadd' 'sum' <Predicate = true> <Delay = 7.25> <Core = "FAddSub">   --->   Core 104 'FAddSub' <Latency = 4> <II = 1> <Delay = 7.25> <FuncUnit> <Opcode : 'fadd' 'fsub'> <InPorts = 2> <OutPorts = 1>
ST_17 : Operation 98 [1/1] (0.00ns)   --->   "br label %.preheader" [topp.c:128]   --->   Operation 98 'br' <Predicate = true> <Delay = 0.00>

State 18 <SV = 5> <Delay = 6.68>
ST_18 : Operation 99 [1/1] (0.00ns)   --->   "%sum9_to_int = bitcast float %sum9 to i32" [topp.c:135]   --->   Operation 99 'bitcast' 'sum9_to_int' <Predicate = true> <Delay = 0.00>
ST_18 : Operation 100 [1/1] (0.00ns)   --->   "%tmp_41 = call i8 @_ssdm_op_PartSelect.i8.i32.i32.i32(i32 %sum9_to_int, i32 23, i32 30)" [topp.c:135]   --->   Operation 100 'partselect' 'tmp_41' <Predicate = true> <Delay = 0.00>
ST_18 : Operation 101 [1/1] (0.00ns)   --->   "%tmp = trunc i32 %sum9_to_int to i23" [topp.c:135]   --->   Operation 101 'trunc' 'tmp' <Predicate = true> <Delay = 0.00>
ST_18 : Operation 102 [1/1] (1.55ns)   --->   "%notlhs = icmp ne i8 %tmp_41, -1" [topp.c:135]   --->   Operation 102 'icmp' 'notlhs' <Predicate = true> <Delay = 1.55> <Core = "Cmp">   --->   Core 25 'Cmp' <Latency = 0> <II = 1> <Delay = 2.44> <FuncUnit> <Opcode : 'icmp'> <InPorts = 2> <OutPorts = 1>
ST_18 : Operation 103 [1/1] (2.44ns)   --->   "%notrhs = icmp eq i23 %tmp, 0" [topp.c:135]   --->   Operation 103 'icmp' 'notrhs' <Predicate = true> <Delay = 2.44> <Core = "Cmp">   --->   Core 25 'Cmp' <Latency = 0> <II = 1> <Delay = 2.44> <FuncUnit> <Opcode : 'icmp'> <InPorts = 2> <OutPorts = 1>
ST_18 : Operation 104 [1/1] (0.00ns) (grouped into LUT with out node sum_3)   --->   "%tmp_43 = or i1 %notrhs, %notlhs" [topp.c:135]   --->   Operation 104 'or' 'tmp_43' <Predicate = true> <Delay = 0.00> <Core = "LogicGate">   --->   Core 27 'LogicGate' <Latency = 0> <II = 1> <Delay = 0.97> <FuncUnit> <Opcode : 'and' 'or' 'xor'> <InPorts = 2> <OutPorts = 1>
ST_18 : Operation 105 [1/1] (0.00ns) (grouped into LUT with out node sum_3)   --->   "%tmp_45 = and i1 %tmp_43, %tmp_44" [topp.c:135]   --->   Operation 105 'and' 'tmp_45' <Predicate = true> <Delay = 0.00> <Core = "LogicGate">   --->   Core 27 'LogicGate' <Latency = 0> <II = 1> <Delay = 0.97> <FuncUnit> <Opcode : 'and' 'or' 'xor'> <InPorts = 2> <OutPorts = 1>
ST_18 : Operation 106 [1/1] (0.97ns) (out node of the LUT)   --->   "%sum_3 = select i1 %tmp_45, float 0.000000e+00, float %sum9" [topp.c:135]   --->   Operation 106 'select' 'sum_3' <Predicate = true> <Delay = 0.97> <Core = "Sel">   --->   Core 26 'Sel' <Latency = 0> <II = 1> <Delay = 0.69> <FuncUnit> <Opcode : 'select'> <InPorts = 3> <OutPorts = 1>
ST_18 : Operation 107 [1/1] (0.00ns)   --->   "%tmp_113_cast = zext i15 %tmp_76 to i64" [topp.c:136]   --->   Operation 107 'zext' 'tmp_113_cast' <Predicate = true> <Delay = 0.00>
ST_18 : Operation 108 [1/1] (0.00ns)   --->   "%out_addr = getelementptr [13456 x float]* %out_r, i64 0, i64 %tmp_113_cast" [topp.c:136]   --->   Operation 108 'getelementptr' 'out_addr' <Predicate = true> <Delay = 0.00>
ST_18 : Operation 109 [1/1] (3.25ns)   --->   "store float %sum_3, float* %out_addr, align 4" [topp.c:136]   --->   Operation 109 'store' <Predicate = true> <Delay = 3.25> <Core = "RAM">   --->   Core 37 'RAM' <Latency = 1> <II = 1> <Delay = 3.25> <Storage> <Opcode : 'load' 'store'> <Ports = 2> <Width = 32> <Depth = 13456> <RAM>
ST_18 : Operation 110 [1/1] (0.00ns)   --->   "br label %.preheader7" [topp.c:117]   --->   Operation 110 'br' <Predicate = true> <Delay = 0.00>


============================================================
+ Verbose Summary: Timing violations
============================================================
Target clock period: 10ns, clock uncertainty: 1.25ns.

 <State 1>: 1.77ns
The critical path consists of the following:
	multiplexor before 'phi' operation ('oc') with incoming values : ('oc', topp.c:113) [5]  (1.77 ns)

 <State 2>: 1.78ns
The critical path consists of the following:
	'phi' operation ('oc') with incoming values : ('oc', topp.c:113) [5]  (0 ns)
	'add' operation ('oc', topp.c:113) [8]  (1.78 ns)

 <State 3>: 1.78ns
The critical path consists of the following:
	'phi' operation ('r') with incoming values : ('r', topp.c:115) [14]  (0 ns)
	'add' operation ('r', topp.c:115) [19]  (1.78 ns)

 <State 4>: 1.78ns
The critical path consists of the following:
	'phi' operation ('c') with incoming values : ('c', topp.c:117) [24]  (0 ns)
	'add' operation ('c', topp.c:117) [27]  (1.78 ns)

 <State 5>: 6.79ns
The critical path consists of the following:
	'phi' operation ('sum9', topp.c:130) with incoming values : ('sum', topp.c:130) [32]  (0 ns)
	'fcmp' operation ('tmp_44', topp.c:135) [87]  (6.79 ns)

 <State 6>: 3.51ns
The critical path consists of the following:
	'phi' operation ('kr') with incoming values : ('kr', topp.c:125) [43]  (0 ns)
	'add' operation ('tmp_36', topp.c:130) [50]  (1.78 ns)
	'sub' operation ('tmp_78', topp.c:130) [54]  (1.73 ns)

 <State 7>: 8.48ns
The critical path consists of the following:
	'phi' operation ('kc') with incoming values : ('kc', topp.c:128) [58]  (0 ns)
	'add' operation ('tmp_38', topp.c:130) [65]  (1.78 ns)
	'add' operation ('tmp_79', topp.c:130) [67]  (1.64 ns)
	'add' operation ('tmp_80', topp.c:130) [69]  (1.81 ns)
	'getelementptr' operation ('p1_addr', topp.c:130) [71]  (0 ns)
	'load' operation ('p1_load', topp.c:130) on array 'p1' [72]  (3.25 ns)

 <State 8>: 3.25ns
The critical path consists of the following:
	'load' operation ('p1_load', topp.c:130) on array 'p1' [72]  (3.25 ns)

 <State 9>: 5.7ns
The critical path consists of the following:
	'fmul' operation ('tmp_40', topp.c:130) [73]  (5.7 ns)

 <State 10>: 5.7ns
The critical path consists of the following:
	'fmul' operation ('tmp_40', topp.c:130) [73]  (5.7 ns)

 <State 11>: 5.7ns
The critical path consists of the following:
	'fmul' operation ('tmp_40', topp.c:130) [73]  (5.7 ns)

 <State 12>: 5.7ns
The critical path consists of the following:
	'fmul' operation ('tmp_40', topp.c:130) [73]  (5.7 ns)

 <State 13>: 7.26ns
The critical path consists of the following:
	'fadd' operation ('sum', topp.c:130) [74]  (7.26 ns)

 <State 14>: 7.26ns
The critical path consists of the following:
	'fadd' operation ('sum', topp.c:130) [74]  (7.26 ns)

 <State 15>: 7.26ns
The critical path consists of the following:
	'fadd' operation ('sum', topp.c:130) [74]  (7.26 ns)

 <State 16>: 7.26ns
The critical path consists of the following:
	'fadd' operation ('sum', topp.c:130) [74]  (7.26 ns)

 <State 17>: 7.26ns
The critical path consists of the following:
	'fadd' operation ('sum', topp.c:130) [74]  (7.26 ns)

 <State 18>: 6.68ns
The critical path consists of the following:
	'icmp' operation ('notrhs', topp.c:135) [85]  (2.45 ns)
	'or' operation ('tmp_43', topp.c:135) [86]  (0 ns)
	'and' operation ('tmp_45', topp.c:135) [88]  (0 ns)
	'select' operation ('sum_3', topp.c:135) [89]  (0.978 ns)
	'store' operation (topp.c:136) of variable 'sum_3', topp.c:135 on array 'out_r' [97]  (3.25 ns)


============================================================
+ Verbose Summary: Binding
============================================================
N/A
* FSMD analyzer results:
  - Output states:
 - Input state : 
  - Chain level:
	State 1
	State 2
	State 3
	State 4
	State 5
	State 6
	State 7
	State 8
	State 9
	State 10
	State 11
	State 12
	State 13
	State 14
	State 15
	State 16
	State 17
	State 18


============================================================
+ Verbose Summary: Datapath Resource usage 
============================================================
N/A
