

================================================================
== Vivado HLS Report for 'conv4'
================================================================
* Date:           Sun Jun  7 19:29:36 2026

* Version:        2018.3 (Build 2405991 on Thu Dec 06 23:56:15 MST 2018)
* Project:        finalproj
* Solution:       nodirective
* Product family: zynq
* Target device:  xc7z020clg484-1


================================================================
== Performance Estimates
================================================================
+ Timing (ns): 
    * Summary: 
    +--------+-------+----------+------------+
    |  Clock | Target| Estimated| Uncertainty|
    +--------+-------+----------+------------+
    |ap_clk  |  10.00|     8.624|        1.25|
    +--------+-------+----------+------------+

+ Latency (clock cycles): 
    * Summary: 
    +----------+----------+----------+----------+---------+
    |       Latency       |       Interval      | Pipeline|
    |    min   |    max   |    min   |    max   |   Type  |
    +----------+----------+----------+----------+---------+
    |  10967105|  10967105|  10967105|  10967105|   none  |
    +----------+----------+----------+----------+---------+

    + Detail: 
        * Instance: 
        N/A

        * Loop: 
        +-----------------------------+----------+----------+----------+-----------+-----------+------+----------+
        |                             |       Latency       | Iteration|  Initiation Interval  | Trip |          |
        |          Loop Name          |    min   |    max   |  Latency |  achieved |   target  | Count| Pipelined|
        +-----------------------------+----------+----------+----------+-----------+-----------+------+----------+
        |- Loop 1                     |  10967104|  10967104|    342722|          -|          -|    32|    no    |
        | + Loop 1.1                  |    342720|    342720|     34272|          -|          -|    10|    no    |
        |  ++ Loop 1.1.1              |     34270|     34270|      3427|          -|          -|    10|    no    |
        |   +++ Loop 1.1.1.1          |      3424|      3424|       107|          -|          -|    32|    no    |
        |    ++++ Loop 1.1.1.1.1      |       105|       105|        35|          -|          -|     3|    no    |
        |     +++++ Loop 1.1.1.1.1.1  |        33|        33|        11|          -|          -|     3|    no    |
        +-----------------------------+----------+----------+----------+-----------+-----------+------+----------+



================================================================
== Utilization Estimates
================================================================
* Summary: 
+-----------------+---------+-------+--------+-------+
|       Name      | BRAM_18K| DSP48E|   FF   |  LUT  |
+-----------------+---------+-------+--------+-------+
|DSP              |        -|      -|       -|      -|
|Expression       |        -|      -|       0|    319|
|FIFO             |        -|      -|       -|      -|
|Instance         |        -|      5|     414|    950|
|Memory           |        -|      -|       -|      -|
|Multiplexer      |        -|      -|       -|    174|
|Register         |        -|      -|     266|      -|
+-----------------+---------+-------+--------+-------+
|Total            |        0|      5|     680|   1443|
+-----------------+---------+-------+--------+-------+
|Available        |      280|    220|  106400|  53200|
+-----------------+---------+-------+--------+-------+
|Utilization (%)  |        0|      2|   ~0   |      2|
+-----------------+---------+-------+--------+-------+

+ Detail: 
    * Instance: 
    +--------------------------+----------------------+---------+-------+-----+-----+
    |         Instance         |        Module        | BRAM_18K| DSP48E|  FF | LUT |
    +--------------------------+----------------------+---------+-------+-----+-----+
    |topp_fadd_32ns_32bkb_U25  |topp_fadd_32ns_32bkb  |        0|      2|  205|  390|
    |topp_fcmp_32ns_32dEe_U27  |topp_fcmp_32ns_32dEe  |        0|      0|   66|  239|
    |topp_fmul_32ns_32cud_U26  |topp_fmul_32ns_32cud  |        0|      3|  143|  321|
    +--------------------------+----------------------+---------+-------+-----+-----+
    |Total                     |                      |        0|      5|  414|  950|
    +--------------------------+----------------------+---------+-------+-----+-----+

    * DSP48: 
    N/A

    * Memory: 
    N/A

    * FIFO: 
    N/A

    * Expression: 
    +---------------------+----------+-------+---+----+------------+------------+
    |    Variable Name    | Operation| DSP48E| FF| LUT| Bitwidth P0| Bitwidth P1|
    +---------------------+----------+-------+---+----+------------+------------+
    |c_5_fu_272_p2        |     +    |      0|  0|  13|           4|           1|
    |ic_3_fu_284_p2       |     +    |      0|  0|  15|           6|           1|
    |kc_2_fu_378_p2       |     +    |      0|  0|  10|           2|           1|
    |kr_2_fu_326_p2       |     +    |      0|  0|  10|           2|           1|
    |oc_3_fu_214_p2       |     +    |      0|  0|  15|           6|           1|
    |r_5_fu_230_p2        |     +    |      0|  0|  13|           4|           1|
    |tmp_22_fu_332_p2     |     +    |      0|  0|  13|           4|           4|
    |tmp_24_fu_384_p2     |     +    |      0|  0|  13|           4|           4|
    |tmp_58_fu_260_p2     |     +    |      0|  0|  15|           8|           8|
    |tmp_59_fu_298_p2     |     +    |      0|  0|  15|           8|           8|
    |tmp_60_fu_311_p2     |     +    |      0|  0|  17|          13|          13|
    |tmp_64_fu_394_p2     |     +    |      0|  0|  15|           9|           9|
    |tmp_65_fu_407_p2     |     +    |      0|  0|  19|          14|          14|
    |tmp_63_fu_362_p2     |     -    |      0|  0|  15|           9|           9|
    |tmp_31_fu_453_p2     |    and   |      0|  0|   2|           1|           1|
    |exitcond1_fu_320_p2  |   icmp   |      0|  0|   8|           2|           2|
    |exitcond2_fu_278_p2  |   icmp   |      0|  0|  11|           6|           7|
    |exitcond3_fu_266_p2  |   icmp   |      0|  0|   9|           4|           4|
    |exitcond4_fu_224_p2  |   icmp   |      0|  0|   9|           4|           4|
    |exitcond5_fu_208_p2  |   icmp   |      0|  0|  11|           6|           7|
    |exitcond_fu_372_p2   |   icmp   |      0|  0|   8|           2|           2|
    |notlhs_fu_435_p2     |   icmp   |      0|  0|  11|           8|           2|
    |notrhs_fu_441_p2     |   icmp   |      0|  0|  18|          23|           1|
    |tmp_29_fu_447_p2     |    or    |      0|  0|   2|           1|           1|
    |out_r_d0             |  select  |      0|  0|  32|           1|           1|
    +---------------------+----------+-------+---+----+------------+------------+
    |Total                |          |      0|  0| 319|         151|         107|
    +---------------------+----------+-------+---+----+------------+------------+

    * Multiplexer: 
    +---------------+----+-----------+-----+-----------+
    |      Name     | LUT| Input Size| Bits| Total Bits|
    +---------------+----+-----------+-----+-----------+
    |ap_NS_fsm      |  93|         19|    1|         19|
    |c_reg_111      |   9|          2|    4|          8|
    |ic_reg_135     |   9|          2|    6|         12|
    |kc_reg_181     |   9|          2|    2|          4|
    |kr_reg_158     |   9|          2|    2|          4|
    |oc_reg_88      |   9|          2|    6|         12|
    |r_reg_99       |   9|          2|    4|          8|
    |sum5_reg_123   |   9|          2|   32|         64|
    |sum_1_reg_146  |   9|          2|   32|         64|
    |sum_2_reg_169  |   9|          2|   32|         64|
    +---------------+----+-----------+-----+-----------+
    |Total          | 174|         37|  121|        259|
    +---------------+----+-----------+-----+-----------+

    * Register: 
    +---------------------+----+----+-----+-----------+
    |         Name        | FF | LUT| Bits| Const Bits|
    +---------------------+----+----+-----+-----------+
    |ap_CS_fsm            |  18|   0|   18|          0|
    |c_5_reg_500          |   4|   0|    4|          0|
    |c_reg_111            |   4|   0|    4|          0|
    |f3_load_reg_554      |  32|   0|   32|          0|
    |ic_3_reg_508         |   6|   0|    6|          0|
    |ic_reg_135           |   6|   0|    6|          0|
    |kc_2_reg_544         |   2|   0|    2|          0|
    |kc_reg_181           |   2|   0|    2|          0|
    |kr_2_reg_531         |   2|   0|    2|          0|
    |kr_reg_158           |   2|   0|    2|          0|
    |oc_3_reg_474         |   6|   0|    6|          0|
    |oc_reg_88            |   6|   0|    6|          0|
    |r_5_reg_487          |   4|   0|    4|          0|
    |r_reg_99             |   4|   0|    4|          0|
    |sum5_reg_123         |  32|   0|   32|          0|
    |sum_1_reg_146        |  32|   0|   32|          0|
    |sum_2_reg_169        |  32|   0|   32|          0|
    |tmp_21_cast_reg_513  |   6|   0|   14|          8|
    |tmp_26_reg_559       |  32|   0|   32|          0|
    |tmp_30_reg_518       |   1|   0|    1|          0|
    |tmp_58_reg_492       |   7|   0|    8|          1|
    |tmp_60_reg_523       |  13|   0|   13|          0|
    |tmp_63_reg_536       |   7|   0|    9|          2|
    |tmp_cast_reg_479     |   6|   0|   13|          7|
    +---------------------+----+----+-----+-----------+
    |Total                | 266|   0|  284|         18|
    +---------------------+----+----+-----+-----------+



================================================================
== Interface
================================================================
* Summary: 
+----------------+-----+-----+------------+--------------+--------------+
|    RTL Ports   | Dir | Bits|  Protocol  | Source Object|    C Type    |
+----------------+-----+-----+------------+--------------+--------------+
|ap_clk          |  in |    1| ap_ctrl_hs |     conv4    | return value |
|ap_rst          |  in |    1| ap_ctrl_hs |     conv4    | return value |
|ap_start        |  in |    1| ap_ctrl_hs |     conv4    | return value |
|ap_done         | out |    1| ap_ctrl_hs |     conv4    | return value |
|ap_idle         | out |    1| ap_ctrl_hs |     conv4    | return value |
|ap_ready        | out |    1| ap_ctrl_hs |     conv4    | return value |
|out_r_address0  | out |   12|  ap_memory |     out_r    |     array    |
|out_r_ce0       | out |    1|  ap_memory |     out_r    |     array    |
|out_r_we0       | out |    1|  ap_memory |     out_r    |     array    |
|out_r_d0        | out |   32|  ap_memory |     out_r    |     array    |
|f3_address0     | out |   13|  ap_memory |      f3      |     array    |
|f3_ce0          | out |    1|  ap_memory |      f3      |     array    |
|f3_q0           |  in |   32|  ap_memory |      f3      |     array    |
+----------------+-----+-----+------------+--------------+--------------+

============================================================
+ Verbose Summary: Synthesis Manager
============================================================
InlineROM: 1
ExposeGlobal: 0
============================================================
+ Verbose Summary: CDFG Model
============================================================
IsTopModel: 0
ResetActiveHigh: 1
IsCombinational: 2
IsDatapathOnly: 2
HasWiredReturn: 1
HasMFsm: 0
HasVarLatency: 1
IsPipeline: 0
IsRtlPipelined: 0
IsInstanceOverlapped: 0
IsDontTouch: 0
HasImplIP: 0
IsGatedGlobalClock: 0


============================================================
+ Verbose Summary: Schedule
============================================================
* Number of FSM states : 18
* Pipeline : 0
* Dataflow Pipeline: 0

* FSM state transitions: 
1 --> 
	2  / true
2 --> 
	3  / (!exitcond5)
3 --> 
	4  / (!exitcond4)
	2  / (exitcond4)
4 --> 
	5  / (!exitcond3)
	3  / (exitcond3)
5 --> 
	18  / (exitcond2)
	6  / (!exitcond2)
6 --> 
	7  / (!exitcond1)
	5  / (exitcond1)
7 --> 
	8  / (!exitcond)
	6  / (exitcond)
8 --> 
	9  / true
9 --> 
	10  / true
10 --> 
	11  / true
11 --> 
	12  / true
12 --> 
	13  / true
13 --> 
	14  / true
14 --> 
	15  / true
15 --> 
	16  / true
16 --> 
	17  / true
17 --> 
	7  / true
18 --> 
	4  / true

* FSM state operations: 

State 1 <SV = 0> <Delay = 1.76>
ST_1 : Operation 19 [1/1] (1.76ns)   --->   "br label %.loopexit" [topp.c:232]   --->   Operation 19 'br' <Predicate = true> <Delay = 1.76>

State 2 <SV = 1> <Delay = 1.82>
ST_2 : Operation 20 [1/1] (0.00ns)   --->   "%oc = phi i6 [ 0, %0 ], [ %oc_3, %.loopexit.loopexit ]"   --->   Operation 20 'phi' 'oc' <Predicate = true> <Delay = 0.00>
ST_2 : Operation 21 [1/1] (1.42ns)   --->   "%exitcond5 = icmp eq i6 %oc, -32" [topp.c:232]   --->   Operation 21 'icmp' 'exitcond5' <Predicate = true> <Delay = 1.42> <Core = "Cmp">   --->   Core 25 'Cmp' <Latency = 0> <II = 1> <Delay = 2.44> <FuncUnit> <Opcode : 'icmp'> <InPorts = 2> <OutPorts = 1>
ST_2 : Operation 22 [1/1] (0.00ns)   --->   "%empty = call i32 (...)* @_ssdm_op_SpecLoopTripCount(i64 32, i64 32, i64 32)"   --->   Operation 22 'speclooptripcount' 'empty' <Predicate = true> <Delay = 0.00>
ST_2 : Operation 23 [1/1] (1.82ns)   --->   "%oc_3 = add i6 %oc, 1" [topp.c:232]   --->   Operation 23 'add' 'oc_3' <Predicate = true> <Delay = 1.82> <Core = "AddSub">   --->   Core 14 'AddSub' <Latency = 0> <II = 1> <Delay = 1.81> <FuncUnit> <Opcode : 'add' 'sub'> <InPorts = 2> <OutPorts = 1>
ST_2 : Operation 24 [1/1] (0.00ns)   --->   "br i1 %exitcond5, label %3, label %.preheader8.preheader" [topp.c:232]   --->   Operation 24 'br' <Predicate = true> <Delay = 0.00>
ST_2 : Operation 25 [1/1] (0.00ns)   --->   "%tmp_cast = zext i6 %oc to i13" [topp.c:234]   --->   Operation 25 'zext' 'tmp_cast' <Predicate = (!exitcond5)> <Delay = 0.00>
ST_2 : Operation 26 [1/1] (1.76ns)   --->   "br label %.preheader8" [topp.c:234]   --->   Operation 26 'br' <Predicate = (!exitcond5)> <Delay = 1.76>
ST_2 : Operation 27 [1/1] (0.00ns)   --->   "ret void" [topp.c:259]   --->   Operation 27 'ret' <Predicate = (exitcond5)> <Delay = 0.00>

State 3 <SV = 2> <Delay = 1.87>
ST_3 : Operation 28 [1/1] (0.00ns)   --->   "%r = phi i4 [ 0, %.preheader8.preheader ], [ %r_5, %.preheader8.loopexit ]"   --->   Operation 28 'phi' 'r' <Predicate = true> <Delay = 0.00>
ST_3 : Operation 29 [1/1] (1.30ns)   --->   "%exitcond4 = icmp eq i4 %r, -6" [topp.c:234]   --->   Operation 29 'icmp' 'exitcond4' <Predicate = true> <Delay = 1.30> <Core = "Cmp">   --->   Core 25 'Cmp' <Latency = 0> <II = 1> <Delay = 2.44> <FuncUnit> <Opcode : 'icmp'> <InPorts = 2> <OutPorts = 1>
ST_3 : Operation 30 [1/1] (0.00ns)   --->   "%empty_25 = call i32 (...)* @_ssdm_op_SpecLoopTripCount(i64 10, i64 10, i64 10)"   --->   Operation 30 'speclooptripcount' 'empty_25' <Predicate = true> <Delay = 0.00>
ST_3 : Operation 31 [1/1] (1.73ns)   --->   "%r_5 = add i4 %r, 1" [topp.c:234]   --->   Operation 31 'add' 'r_5' <Predicate = true> <Delay = 1.73> <Core = "AddSub">   --->   Core 14 'AddSub' <Latency = 0> <II = 1> <Delay = 1.81> <FuncUnit> <Opcode : 'add' 'sub'> <InPorts = 2> <OutPorts = 1>
ST_3 : Operation 32 [1/1] (0.00ns)   --->   "br i1 %exitcond4, label %.loopexit.loopexit, label %.preheader7.preheader" [topp.c:234]   --->   Operation 32 'br' <Predicate = true> <Delay = 0.00>
ST_3 : Operation 33 [1/1] (0.00ns)   --->   "%tmp_56 = call i7 @_ssdm_op_BitConcatenate.i7.i4.i3(i4 %r, i3 0)" [topp.c:234]   --->   Operation 33 'bitconcatenate' 'tmp_56' <Predicate = (!exitcond4)> <Delay = 0.00>
ST_3 : Operation 34 [1/1] (0.00ns)   --->   "%p_shl_cast = zext i7 %tmp_56 to i8" [topp.c:234]   --->   Operation 34 'zext' 'p_shl_cast' <Predicate = (!exitcond4)> <Delay = 0.00>
ST_3 : Operation 35 [1/1] (0.00ns)   --->   "%tmp_57 = call i5 @_ssdm_op_BitConcatenate.i5.i4.i1(i4 %r, i1 false)" [topp.c:234]   --->   Operation 35 'bitconcatenate' 'tmp_57' <Predicate = (!exitcond4)> <Delay = 0.00>
ST_3 : Operation 36 [1/1] (0.00ns)   --->   "%p_shl1_cast = zext i5 %tmp_57 to i8" [topp.c:255]   --->   Operation 36 'zext' 'p_shl1_cast' <Predicate = (!exitcond4)> <Delay = 0.00>
ST_3 : Operation 37 [1/1] (1.87ns)   --->   "%tmp_58 = add i8 %p_shl1_cast, %p_shl_cast" [topp.c:255]   --->   Operation 37 'add' 'tmp_58' <Predicate = (!exitcond4)> <Delay = 1.87> <Core = "AddSub">   --->   Core 14 'AddSub' <Latency = 0> <II = 1> <Delay = 1.81> <FuncUnit> <Opcode : 'add' 'sub'> <InPorts = 2> <OutPorts = 1>
ST_3 : Operation 38 [1/1] (1.76ns)   --->   "br label %.preheader7" [topp.c:236]   --->   Operation 38 'br' <Predicate = (!exitcond4)> <Delay = 1.76>
ST_3 : Operation 39 [1/1] (0.00ns)   --->   "br label %.loopexit"   --->   Operation 39 'br' <Predicate = (exitcond4)> <Delay = 0.00>

State 4 <SV = 3> <Delay = 1.76>
ST_4 : Operation 40 [1/1] (0.00ns)   --->   "%c = phi i4 [ %c_5, %2 ], [ 0, %.preheader7.preheader ]"   --->   Operation 40 'phi' 'c' <Predicate = true> <Delay = 0.00>
ST_4 : Operation 41 [1/1] (1.30ns)   --->   "%exitcond3 = icmp eq i4 %c, -6" [topp.c:236]   --->   Operation 41 'icmp' 'exitcond3' <Predicate = true> <Delay = 1.30> <Core = "Cmp">   --->   Core 25 'Cmp' <Latency = 0> <II = 1> <Delay = 2.44> <FuncUnit> <Opcode : 'icmp'> <InPorts = 2> <OutPorts = 1>
ST_4 : Operation 42 [1/1] (0.00ns)   --->   "%empty_26 = call i32 (...)* @_ssdm_op_SpecLoopTripCount(i64 10, i64 10, i64 10)"   --->   Operation 42 'speclooptripcount' 'empty_26' <Predicate = true> <Delay = 0.00>
ST_4 : Operation 43 [1/1] (1.73ns)   --->   "%c_5 = add i4 %c, 1" [topp.c:236]   --->   Operation 43 'add' 'c_5' <Predicate = true> <Delay = 1.73> <Core = "AddSub">   --->   Core 14 'AddSub' <Latency = 0> <II = 1> <Delay = 1.81> <FuncUnit> <Opcode : 'add' 'sub'> <InPorts = 2> <OutPorts = 1>
ST_4 : Operation 44 [1/1] (0.00ns)   --->   "br i1 %exitcond3, label %.preheader8.loopexit, label %.preheader1.preheader" [topp.c:236]   --->   Operation 44 'br' <Predicate = true> <Delay = 0.00>
ST_4 : Operation 45 [1/1] (1.76ns)   --->   "br label %.preheader1" [topp.c:241]   --->   Operation 45 'br' <Predicate = (!exitcond3)> <Delay = 1.76>
ST_4 : Operation 46 [1/1] (0.00ns)   --->   "br label %.preheader8"   --->   Operation 46 'br' <Predicate = (exitcond3)> <Delay = 0.00>

State 5 <SV = 4> <Delay = 6.78>
ST_5 : Operation 47 [1/1] (0.00ns)   --->   "%sum5 = phi float [ %sum_1, %.preheader1.loopexit ], [ 0.000000e+00, %.preheader1.preheader ]" [topp.c:249]   --->   Operation 47 'phi' 'sum5' <Predicate = true> <Delay = 0.00>
ST_5 : Operation 48 [1/1] (0.00ns)   --->   "%ic = phi i6 [ %ic_3, %.preheader1.loopexit ], [ 0, %.preheader1.preheader ]"   --->   Operation 48 'phi' 'ic' <Predicate = true> <Delay = 0.00>
ST_5 : Operation 49 [1/1] (1.42ns)   --->   "%exitcond2 = icmp eq i6 %ic, -32" [topp.c:241]   --->   Operation 49 'icmp' 'exitcond2' <Predicate = true> <Delay = 1.42> <Core = "Cmp">   --->   Core 25 'Cmp' <Latency = 0> <II = 1> <Delay = 2.44> <FuncUnit> <Opcode : 'icmp'> <InPorts = 2> <OutPorts = 1>
ST_5 : Operation 50 [1/1] (0.00ns)   --->   "%empty_27 = call i32 (...)* @_ssdm_op_SpecLoopTripCount(i64 32, i64 32, i64 32)"   --->   Operation 50 'speclooptripcount' 'empty_27' <Predicate = true> <Delay = 0.00>
ST_5 : Operation 51 [1/1] (1.82ns)   --->   "%ic_3 = add i6 %ic, 1" [topp.c:241]   --->   Operation 51 'add' 'ic_3' <Predicate = true> <Delay = 1.82> <Core = "AddSub">   --->   Core 14 'AddSub' <Latency = 0> <II = 1> <Delay = 1.81> <FuncUnit> <Opcode : 'add' 'sub'> <InPorts = 2> <OutPorts = 1>
ST_5 : Operation 52 [1/1] (0.00ns)   --->   "br i1 %exitcond2, label %2, label %.preheader6.preheader" [topp.c:241]   --->   Operation 52 'br' <Predicate = true> <Delay = 0.00>
ST_5 : Operation 53 [1/1] (0.00ns)   --->   "%tmp_21_cast = zext i6 %ic to i14" [topp.c:244]   --->   Operation 53 'zext' 'tmp_21_cast' <Predicate = (!exitcond2)> <Delay = 0.00>
ST_5 : Operation 54 [1/1] (1.76ns)   --->   "br label %.preheader6" [topp.c:244]   --->   Operation 54 'br' <Predicate = (!exitcond2)> <Delay = 1.76>
ST_5 : Operation 55 [1/1] (6.78ns)   --->   "%tmp_30 = fcmp olt float %sum5, 0.000000e+00" [topp.c:254]   --->   Operation 55 'fcmp' 'tmp_30' <Predicate = (exitcond2)> <Delay = 6.78> <Core = "FCmp">   --->   Core 110 'FCmp' <Latency = 0> <II = 1> <Delay = 6.78> <FuncUnit> <Opcode : 'fcmp'> <InPorts = 2> <OutPorts = 1>
ST_5 : Operation 56 [1/1] (0.00ns)   --->   "%tmp_20_cast = zext i4 %c to i8" [topp.c:255]   --->   Operation 56 'zext' 'tmp_20_cast' <Predicate = (exitcond2)> <Delay = 0.00>
ST_5 : Operation 57 [1/1] (1.91ns)   --->   "%tmp_59 = add i8 %tmp_58, %tmp_20_cast" [topp.c:255]   --->   Operation 57 'add' 'tmp_59' <Predicate = (exitcond2)> <Delay = 1.91> <Core = "AddSub">   --->   Core 14 'AddSub' <Latency = 0> <II = 1> <Delay = 1.81> <FuncUnit> <Opcode : 'add' 'sub'> <InPorts = 2> <OutPorts = 1>
ST_5 : Operation 58 [1/1] (0.00ns)   --->   "%tmp_86_cast = call i13 @_ssdm_op_BitConcatenate.i13.i8.i5(i8 %tmp_59, i5 0)" [topp.c:255]   --->   Operation 58 'bitconcatenate' 'tmp_86_cast' <Predicate = (exitcond2)> <Delay = 0.00>
ST_5 : Operation 59 [1/1] (1.67ns)   --->   "%tmp_60 = add i13 %tmp_86_cast, %tmp_cast" [topp.c:255]   --->   Operation 59 'add' 'tmp_60' <Predicate = (exitcond2)> <Delay = 1.67> <Core = "AddSub">   --->   Core 14 'AddSub' <Latency = 0> <II = 1> <Delay = 1.81> <FuncUnit> <Opcode : 'add' 'sub'> <InPorts = 2> <OutPorts = 1>

State 6 <SV = 5> <Delay = 3.65>
ST_6 : Operation 60 [1/1] (0.00ns)   --->   "%sum_1 = phi float [ %sum5, %.preheader6.preheader ], [ %sum_2, %.preheader6.loopexit ]" [topp.c:249]   --->   Operation 60 'phi' 'sum_1' <Predicate = true> <Delay = 0.00>
ST_6 : Operation 61 [1/1] (0.00ns)   --->   "%kr = phi i2 [ 0, %.preheader6.preheader ], [ %kr_2, %.preheader6.loopexit ]"   --->   Operation 61 'phi' 'kr' <Predicate = true> <Delay = 0.00>
ST_6 : Operation 62 [1/1] (0.00ns)   --->   "%kr_cast2 = zext i2 %kr to i4" [topp.c:244]   --->   Operation 62 'zext' 'kr_cast2' <Predicate = true> <Delay = 0.00>
ST_6 : Operation 63 [1/1] (0.95ns)   --->   "%exitcond1 = icmp eq i2 %kr, -1" [topp.c:244]   --->   Operation 63 'icmp' 'exitcond1' <Predicate = true> <Delay = 0.95> <Core = "Cmp">   --->   Core 25 'Cmp' <Latency = 0> <II = 1> <Delay = 2.44> <FuncUnit> <Opcode : 'icmp'> <InPorts = 2> <OutPorts = 1>
ST_6 : Operation 64 [1/1] (0.00ns)   --->   "%empty_28 = call i32 (...)* @_ssdm_op_SpecLoopTripCount(i64 3, i64 3, i64 3)"   --->   Operation 64 'speclooptripcount' 'empty_28' <Predicate = true> <Delay = 0.00>
ST_6 : Operation 65 [1/1] (1.56ns)   --->   "%kr_2 = add i2 %kr, 1" [topp.c:244]   --->   Operation 65 'add' 'kr_2' <Predicate = true> <Delay = 1.56> <Core = "AddSub">   --->   Core 14 'AddSub' <Latency = 0> <II = 1> <Delay = 1.81> <FuncUnit> <Opcode : 'add' 'sub'> <InPorts = 2> <OutPorts = 1>
ST_6 : Operation 66 [1/1] (0.00ns)   --->   "br i1 %exitcond1, label %.preheader1.loopexit, label %.preheader.preheader" [topp.c:244]   --->   Operation 66 'br' <Predicate = true> <Delay = 0.00>
ST_6 : Operation 67 [1/1] (1.73ns)   --->   "%tmp_22 = add i4 %kr_cast2, %r" [topp.c:249]   --->   Operation 67 'add' 'tmp_22' <Predicate = (!exitcond1)> <Delay = 1.73> <Core = "AddSub">   --->   Core 14 'AddSub' <Latency = 0> <II = 1> <Delay = 1.81> <FuncUnit> <Opcode : 'add' 'sub'> <InPorts = 2> <OutPorts = 1>
ST_6 : Operation 68 [1/1] (0.00ns)   --->   "%tmp_61 = call i8 @_ssdm_op_BitConcatenate.i8.i4.i4(i4 %tmp_22, i4 0)" [topp.c:249]   --->   Operation 68 'bitconcatenate' 'tmp_61' <Predicate = (!exitcond1)> <Delay = 0.00>
ST_6 : Operation 69 [1/1] (0.00ns)   --->   "%p_shl2_cast = zext i8 %tmp_61 to i9" [topp.c:249]   --->   Operation 69 'zext' 'p_shl2_cast' <Predicate = (!exitcond1)> <Delay = 0.00>
ST_6 : Operation 70 [1/1] (0.00ns)   --->   "%tmp_62 = call i6 @_ssdm_op_BitConcatenate.i6.i4.i2(i4 %tmp_22, i2 0)" [topp.c:249]   --->   Operation 70 'bitconcatenate' 'tmp_62' <Predicate = (!exitcond1)> <Delay = 0.00>
ST_6 : Operation 71 [1/1] (0.00ns)   --->   "%p_shl3_cast = zext i6 %tmp_62 to i9" [topp.c:249]   --->   Operation 71 'zext' 'p_shl3_cast' <Predicate = (!exitcond1)> <Delay = 0.00>
ST_6 : Operation 72 [1/1] (1.91ns)   --->   "%tmp_63 = sub i9 %p_shl2_cast, %p_shl3_cast" [topp.c:249]   --->   Operation 72 'sub' 'tmp_63' <Predicate = (!exitcond1)> <Delay = 1.91> <Core = "AddSub">   --->   Core 14 'AddSub' <Latency = 0> <II = 1> <Delay = 1.81> <FuncUnit> <Opcode : 'add' 'sub'> <InPorts = 2> <OutPorts = 1>
ST_6 : Operation 73 [1/1] (1.76ns)   --->   "br label %.preheader" [topp.c:247]   --->   Operation 73 'br' <Predicate = (!exitcond1)> <Delay = 1.76>
ST_6 : Operation 74 [1/1] (0.00ns)   --->   "br label %.preheader1"   --->   Operation 74 'br' <Predicate = (exitcond1)> <Delay = 0.00>

State 7 <SV = 6> <Delay = 8.62>
ST_7 : Operation 75 [1/1] (0.00ns)   --->   "%sum_2 = phi float [ %sum, %1 ], [ %sum_1, %.preheader.preheader ]"   --->   Operation 75 'phi' 'sum_2' <Predicate = true> <Delay = 0.00>
ST_7 : Operation 76 [1/1] (0.00ns)   --->   "%kc = phi i2 [ %kc_2, %1 ], [ 0, %.preheader.preheader ]"   --->   Operation 76 'phi' 'kc' <Predicate = true> <Delay = 0.00>
ST_7 : Operation 77 [1/1] (0.00ns)   --->   "%kc_cast1 = zext i2 %kc to i4" [topp.c:247]   --->   Operation 77 'zext' 'kc_cast1' <Predicate = true> <Delay = 0.00>
ST_7 : Operation 78 [1/1] (0.95ns)   --->   "%exitcond = icmp eq i2 %kc, -1" [topp.c:247]   --->   Operation 78 'icmp' 'exitcond' <Predicate = true> <Delay = 0.95> <Core = "Cmp">   --->   Core 25 'Cmp' <Latency = 0> <II = 1> <Delay = 2.44> <FuncUnit> <Opcode : 'icmp'> <InPorts = 2> <OutPorts = 1>
ST_7 : Operation 79 [1/1] (0.00ns)   --->   "%empty_29 = call i32 (...)* @_ssdm_op_SpecLoopTripCount(i64 3, i64 3, i64 3)"   --->   Operation 79 'speclooptripcount' 'empty_29' <Predicate = true> <Delay = 0.00>
ST_7 : Operation 80 [1/1] (1.56ns)   --->   "%kc_2 = add i2 %kc, 1" [topp.c:247]   --->   Operation 80 'add' 'kc_2' <Predicate = true> <Delay = 1.56> <Core = "AddSub">   --->   Core 14 'AddSub' <Latency = 0> <II = 1> <Delay = 1.81> <FuncUnit> <Opcode : 'add' 'sub'> <InPorts = 2> <OutPorts = 1>
ST_7 : Operation 81 [1/1] (0.00ns)   --->   "br i1 %exitcond, label %.preheader6.loopexit, label %1" [topp.c:247]   --->   Operation 81 'br' <Predicate = true> <Delay = 0.00>
ST_7 : Operation 82 [1/1] (1.73ns)   --->   "%tmp_24 = add i4 %c, %kc_cast1" [topp.c:249]   --->   Operation 82 'add' 'tmp_24' <Predicate = (!exitcond)> <Delay = 1.73> <Core = "AddSub">   --->   Core 14 'AddSub' <Latency = 0> <II = 1> <Delay = 1.81> <FuncUnit> <Opcode : 'add' 'sub'> <InPorts = 2> <OutPorts = 1>
ST_7 : Operation 83 [1/1] (0.00ns)   --->   "%tmp_25_cast = zext i4 %tmp_24 to i9" [topp.c:249]   --->   Operation 83 'zext' 'tmp_25_cast' <Predicate = (!exitcond)> <Delay = 0.00>
ST_7 : Operation 84 [1/1] (1.82ns)   --->   "%tmp_64 = add i9 %tmp_25_cast, %tmp_63" [topp.c:249]   --->   Operation 84 'add' 'tmp_64' <Predicate = (!exitcond)> <Delay = 1.82> <Core = "AddSub">   --->   Core 14 'AddSub' <Latency = 0> <II = 1> <Delay = 1.81> <FuncUnit> <Opcode : 'add' 'sub'> <InPorts = 2> <OutPorts = 1>
ST_7 : Operation 85 [1/1] (0.00ns)   --->   "%tmp_93_cast = call i14 @_ssdm_op_BitConcatenate.i14.i9.i5(i9 %tmp_64, i5 0)" [topp.c:249]   --->   Operation 85 'bitconcatenate' 'tmp_93_cast' <Predicate = (!exitcond)> <Delay = 0.00>
ST_7 : Operation 86 [1/1] (1.81ns)   --->   "%tmp_65 = add i14 %tmp_21_cast, %tmp_93_cast" [topp.c:249]   --->   Operation 86 'add' 'tmp_65' <Predicate = (!exitcond)> <Delay = 1.81> <Core = "AddSub">   --->   Core 14 'AddSub' <Latency = 0> <II = 1> <Delay = 1.81> <FuncUnit> <Opcode : 'add' 'sub'> <InPorts = 2> <OutPorts = 1>
ST_7 : Operation 87 [1/1] (0.00ns)   --->   "%tmp_94_cast = zext i14 %tmp_65 to i64" [topp.c:249]   --->   Operation 87 'zext' 'tmp_94_cast' <Predicate = (!exitcond)> <Delay = 0.00>
ST_7 : Operation 88 [1/1] (0.00ns)   --->   "%f3_addr = getelementptr [4608 x float]* @f3, i64 0, i64 %tmp_94_cast" [topp.c:249]   --->   Operation 88 'getelementptr' 'f3_addr' <Predicate = (!exitcond)> <Delay = 0.00>
ST_7 : Operation 89 [2/2] (3.25ns)   --->   "%f3_load = load float* %f3_addr, align 4" [topp.c:249]   --->   Operation 89 'load' 'f3_load' <Predicate = (!exitcond)> <Delay = 3.25> <Core = "RAM">   --->   Core 37 'RAM' <Latency = 1> <II = 1> <Delay = 3.25> <Storage> <Opcode : 'load' 'store'> <Ports = 2> <Width = 32> <Depth = 2048> <RAM>
ST_7 : Operation 90 [1/1] (0.00ns)   --->   "br label %.preheader6"   --->   Operation 90 'br' <Predicate = (exitcond)> <Delay = 0.00>

State 8 <SV = 7> <Delay = 3.25>
ST_8 : Operation 91 [1/2] (3.25ns)   --->   "%f3_load = load float* %f3_addr, align 4" [topp.c:249]   --->   Operation 91 'load' 'f3_load' <Predicate = true> <Delay = 3.25> <Core = "RAM">   --->   Core 37 'RAM' <Latency = 1> <II = 1> <Delay = 3.25> <Storage> <Opcode : 'load' 'store'> <Ports = 2> <Width = 32> <Depth = 2048> <RAM>

State 9 <SV = 8> <Delay = 5.70>
ST_9 : Operation 92 [4/4] (5.70ns)   --->   "%tmp_26 = fmul float %f3_load, 0.000000e+00" [topp.c:249]   --->   Operation 92 'fmul' 'tmp_26' <Predicate = true> <Delay = 5.70> <Core = "FMul">   --->   Core 105 'FMul' <Latency = 3> <II = 1> <Delay = 5.70> <FuncUnit> <Opcode : 'fmul'> <InPorts = 2> <OutPorts = 1>

State 10 <SV = 9> <Delay = 5.70>
ST_10 : Operation 93 [3/4] (5.70ns)   --->   "%tmp_26 = fmul float %f3_load, 0.000000e+00" [topp.c:249]   --->   Operation 93 'fmul' 'tmp_26' <Predicate = true> <Delay = 5.70> <Core = "FMul">   --->   Core 105 'FMul' <Latency = 3> <II = 1> <Delay = 5.70> <FuncUnit> <Opcode : 'fmul'> <InPorts = 2> <OutPorts = 1>

State 11 <SV = 10> <Delay = 5.70>
ST_11 : Operation 94 [2/4] (5.70ns)   --->   "%tmp_26 = fmul float %f3_load, 0.000000e+00" [topp.c:249]   --->   Operation 94 'fmul' 'tmp_26' <Predicate = true> <Delay = 5.70> <Core = "FMul">   --->   Core 105 'FMul' <Latency = 3> <II = 1> <Delay = 5.70> <FuncUnit> <Opcode : 'fmul'> <InPorts = 2> <OutPorts = 1>

State 12 <SV = 11> <Delay = 5.70>
ST_12 : Operation 95 [1/4] (5.70ns)   --->   "%tmp_26 = fmul float %f3_load, 0.000000e+00" [topp.c:249]   --->   Operation 95 'fmul' 'tmp_26' <Predicate = true> <Delay = 5.70> <Core = "FMul">   --->   Core 105 'FMul' <Latency = 3> <II = 1> <Delay = 5.70> <FuncUnit> <Opcode : 'fmul'> <InPorts = 2> <OutPorts = 1>

State 13 <SV = 12> <Delay = 7.25>
ST_13 : Operation 96 [5/5] (7.25ns)   --->   "%sum = fadd float %sum_2, %tmp_26" [topp.c:249]   --->   Operation 96 'fadd' 'sum' <Predicate = true> <Delay = 7.25> <Core = "FAddSub">   --->   Core 104 'FAddSub' <Latency = 4> <II = 1> <Delay = 7.25> <FuncUnit> <Opcode : 'fadd' 'fsub'> <InPorts = 2> <OutPorts = 1>

State 14 <SV = 13> <Delay = 7.25>
ST_14 : Operation 97 [4/5] (7.25ns)   --->   "%sum = fadd float %sum_2, %tmp_26" [topp.c:249]   --->   Operation 97 'fadd' 'sum' <Predicate = true> <Delay = 7.25> <Core = "FAddSub">   --->   Core 104 'FAddSub' <Latency = 4> <II = 1> <Delay = 7.25> <FuncUnit> <Opcode : 'fadd' 'fsub'> <InPorts = 2> <OutPorts = 1>

State 15 <SV = 14> <Delay = 7.25>
ST_15 : Operation 98 [3/5] (7.25ns)   --->   "%sum = fadd float %sum_2, %tmp_26" [topp.c:249]   --->   Operation 98 'fadd' 'sum' <Predicate = true> <Delay = 7.25> <Core = "FAddSub">   --->   Core 104 'FAddSub' <Latency = 4> <II = 1> <Delay = 7.25> <FuncUnit> <Opcode : 'fadd' 'fsub'> <InPorts = 2> <OutPorts = 1>

State 16 <SV = 15> <Delay = 7.25>
ST_16 : Operation 99 [2/5] (7.25ns)   --->   "%sum = fadd float %sum_2, %tmp_26" [topp.c:249]   --->   Operation 99 'fadd' 'sum' <Predicate = true> <Delay = 7.25> <Core = "FAddSub">   --->   Core 104 'FAddSub' <Latency = 4> <II = 1> <Delay = 7.25> <FuncUnit> <Opcode : 'fadd' 'fsub'> <InPorts = 2> <OutPorts = 1>

State 17 <SV = 16> <Delay = 7.25>
ST_17 : Operation 100 [1/5] (7.25ns)   --->   "%sum = fadd float %sum_2, %tmp_26" [topp.c:249]   --->   Operation 100 'fadd' 'sum' <Predicate = true> <Delay = 7.25> <Core = "FAddSub">   --->   Core 104 'FAddSub' <Latency = 4> <II = 1> <Delay = 7.25> <FuncUnit> <Opcode : 'fadd' 'fsub'> <InPorts = 2> <OutPorts = 1>
ST_17 : Operation 101 [1/1] (0.00ns)   --->   "br label %.preheader" [topp.c:247]   --->   Operation 101 'br' <Predicate = true> <Delay = 0.00>

State 18 <SV = 5> <Delay = 6.68>
ST_18 : Operation 102 [1/1] (0.00ns)   --->   "%sum5_to_int = bitcast float %sum5 to i32" [topp.c:254]   --->   Operation 102 'bitcast' 'sum5_to_int' <Predicate = true> <Delay = 0.00>
ST_18 : Operation 103 [1/1] (0.00ns)   --->   "%tmp_s = call i8 @_ssdm_op_PartSelect.i8.i32.i32.i32(i32 %sum5_to_int, i32 23, i32 30)" [topp.c:254]   --->   Operation 103 'partselect' 'tmp_s' <Predicate = true> <Delay = 0.00>
ST_18 : Operation 104 [1/1] (0.00ns)   --->   "%tmp = trunc i32 %sum5_to_int to i23" [topp.c:254]   --->   Operation 104 'trunc' 'tmp' <Predicate = true> <Delay = 0.00>
ST_18 : Operation 105 [1/1] (1.55ns)   --->   "%notlhs = icmp ne i8 %tmp_s, -1" [topp.c:254]   --->   Operation 105 'icmp' 'notlhs' <Predicate = true> <Delay = 1.55> <Core = "Cmp">   --->   Core 25 'Cmp' <Latency = 0> <II = 1> <Delay = 2.44> <FuncUnit> <Opcode : 'icmp'> <InPorts = 2> <OutPorts = 1>
ST_18 : Operation 106 [1/1] (2.44ns)   --->   "%notrhs = icmp eq i23 %tmp, 0" [topp.c:254]   --->   Operation 106 'icmp' 'notrhs' <Predicate = true> <Delay = 2.44> <Core = "Cmp">   --->   Core 25 'Cmp' <Latency = 0> <II = 1> <Delay = 2.44> <FuncUnit> <Opcode : 'icmp'> <InPorts = 2> <OutPorts = 1>
ST_18 : Operation 107 [1/1] (0.00ns) (grouped into LUT with out node sum_3)   --->   "%tmp_29 = or i1 %notrhs, %notlhs" [topp.c:254]   --->   Operation 107 'or' 'tmp_29' <Predicate = true> <Delay = 0.00> <Core = "LogicGate">   --->   Core 27 'LogicGate' <Latency = 0> <II = 1> <Delay = 0.97> <FuncUnit> <Opcode : 'and' 'or' 'xor'> <InPorts = 2> <OutPorts = 1>
ST_18 : Operation 108 [1/1] (0.00ns) (grouped into LUT with out node sum_3)   --->   "%tmp_31 = and i1 %tmp_29, %tmp_30" [topp.c:254]   --->   Operation 108 'and' 'tmp_31' <Predicate = true> <Delay = 0.00> <Core = "LogicGate">   --->   Core 27 'LogicGate' <Latency = 0> <II = 1> <Delay = 0.97> <FuncUnit> <Opcode : 'and' 'or' 'xor'> <InPorts = 2> <OutPorts = 1>
ST_18 : Operation 109 [1/1] (0.97ns) (out node of the LUT)   --->   "%sum_3 = select i1 %tmp_31, float 0.000000e+00, float %sum5" [topp.c:254]   --->   Operation 109 'select' 'sum_3' <Predicate = true> <Delay = 0.97> <Core = "Sel">   --->   Core 26 'Sel' <Latency = 0> <II = 1> <Delay = 0.69> <FuncUnit> <Opcode : 'select'> <InPorts = 3> <OutPorts = 1>
ST_18 : Operation 110 [1/1] (0.00ns)   --->   "%tmp_87_cast = zext i13 %tmp_60 to i64" [topp.c:255]   --->   Operation 110 'zext' 'tmp_87_cast' <Predicate = true> <Delay = 0.00>
ST_18 : Operation 111 [1/1] (0.00ns)   --->   "%out_addr = getelementptr [3200 x float]* %out_r, i64 0, i64 %tmp_87_cast" [topp.c:255]   --->   Operation 111 'getelementptr' 'out_addr' <Predicate = true> <Delay = 0.00>
ST_18 : Operation 112 [1/1] (3.25ns)   --->   "store float %sum_3, float* %out_addr, align 4" [topp.c:255]   --->   Operation 112 'store' <Predicate = true> <Delay = 3.25> <Core = "RAM">   --->   Core 37 'RAM' <Latency = 1> <II = 1> <Delay = 3.25> <Storage> <Opcode : 'load' 'store'> <Ports = 2> <Width = 32> <Depth = 2048> <RAM>
ST_18 : Operation 113 [1/1] (0.00ns)   --->   "br label %.preheader7" [topp.c:236]   --->   Operation 113 'br' <Predicate = true> <Delay = 0.00>


============================================================
+ Verbose Summary: Binding
============================================================
STG Binding: 
---------------- STG Properties BEGIN ----------------
- Is combinational: 0
- Is one-state seq: 0
- Is datapath-only: 0
- Is pipelined: 0
- Is top level: 0
Port [ Return ] is wired: 1; IO mode=ap_ctrl_hs:ce=0
Port [ out_r]:  wired=1; compound=1; hidden=0; nouse=0; global=0; static=0; extern=0; dir=1; type=1; pingpong=0; private_global=0; MemPort=[03]; IO mode=ap_memory:ce=0
Port [ f3]:  wired=1; compound=1; hidden=0; nouse=0; global=1; static=1; extern=0; dir=0; type=1; pingpong=0; private_global=0; linkage=7; visibility=0; MemPort=[13]; IO mode=ap_memory:ce=0
---------------- STG Properties END ------------------

---------------- Datapath Model BEGIN ----------------

<LifeTime>
<method=bitvector/>
StgValue_19  (br               ) [ 0111111111111111111]
oc           (phi              ) [ 0010000000000000000]
exitcond5    (icmp             ) [ 0011111111111111111]
empty        (speclooptripcount) [ 0000000000000000000]
oc_3         (add              ) [ 0111111111111111111]
StgValue_24  (br               ) [ 0000000000000000000]
tmp_cast     (zext             ) [ 0001111111111111111]
StgValue_26  (br               ) [ 0011111111111111111]
StgValue_27  (ret              ) [ 0000000000000000000]
r            (phi              ) [ 0001011111111111110]
exitcond4    (icmp             ) [ 0011111111111111111]
empty_25     (speclooptripcount) [ 0000000000000000000]
r_5          (add              ) [ 0011111111111111111]
StgValue_32  (br               ) [ 0000000000000000000]
tmp_56       (bitconcatenate   ) [ 0000000000000000000]
p_shl_cast   (zext             ) [ 0000000000000000000]
tmp_57       (bitconcatenate   ) [ 0000000000000000000]
p_shl1_cast  (zext             ) [ 0000000000000000000]
tmp_58       (add              ) [ 0000111111111111111]
StgValue_38  (br               ) [ 0011111111111111111]
StgValue_39  (br               ) [ 0111111111111111111]
c            (phi              ) [ 0000111111111111110]
exitcond3    (icmp             ) [ 0011111111111111111]
empty_26     (speclooptripcount) [ 0000000000000000000]
c_5          (add              ) [ 0011111111111111111]
StgValue_44  (br               ) [ 0000000000000000000]
StgValue_45  (br               ) [ 0011111111111111111]
StgValue_46  (br               ) [ 0011111111111111111]
sum5         (phi              ) [ 0000011111111111111]
ic           (phi              ) [ 0000010000000000000]
exitcond2    (icmp             ) [ 0011111111111111111]
empty_27     (speclooptripcount) [ 0000000000000000000]
ic_3         (add              ) [ 0011111111111111111]
StgValue_52  (br               ) [ 0000000000000000000]
tmp_21_cast  (zext             ) [ 0000001111111111110]
StgValue_54  (br               ) [ 0011111111111111111]
tmp_30       (fcmp             ) [ 0000000000000000001]
tmp_20_cast  (zext             ) [ 0000000000000000000]
tmp_59       (add              ) [ 0000000000000000000]
tmp_86_cast  (bitconcatenate   ) [ 0000000000000000000]
tmp_60       (add              ) [ 0000000000000000001]
sum_1        (phi              ) [ 0011111111111111111]
kr           (phi              ) [ 0000001000000000000]
kr_cast2     (zext             ) [ 0000000000000000000]
exitcond1    (icmp             ) [ 0011111111111111111]
empty_28     (speclooptripcount) [ 0000000000000000000]
kr_2         (add              ) [ 0011111111111111111]
StgValue_66  (br               ) [ 0000000000000000000]
tmp_22       (add              ) [ 0000000000000000000]
tmp_61       (bitconcatenate   ) [ 0000000000000000000]
p_shl2_cast  (zext             ) [ 0000000000000000000]
tmp_62       (bitconcatenate   ) [ 0000000000000000000]
p_shl3_cast  (zext             ) [ 0000000000000000000]
tmp_63       (sub              ) [ 0000000111111111110]
StgValue_73  (br               ) [ 0011111111111111111]
StgValue_74  (br               ) [ 0011111111111111111]
sum_2        (phi              ) [ 0011111111111111111]
kc           (phi              ) [ 0000000100000000000]
kc_cast1     (zext             ) [ 0000000000000000000]
exitcond     (icmp             ) [ 0011111111111111111]
empty_29     (speclooptripcount) [ 0000000000000000000]
kc_2         (add              ) [ 0011111111111111111]
StgValue_81  (br               ) [ 0000000000000000000]
tmp_24       (add              ) [ 0000000000000000000]
tmp_25_cast  (zext             ) [ 0000000000000000000]
tmp_64       (add              ) [ 0000000000000000000]
tmp_93_cast  (bitconcatenate   ) [ 0000000000000000000]
tmp_65       (add              ) [ 0000000000000000000]
tmp_94_cast  (zext             ) [ 0000000000000000000]
f3_addr      (getelementptr    ) [ 0000000010000000000]
StgValue_90  (br               ) [ 0011111111111111111]
f3_load      (load             ) [ 0000000001111000000]
tmp_26       (fmul             ) [ 0000000000000111110]
sum          (fadd             ) [ 0011111111111111111]
StgValue_101 (br               ) [ 0011111111111111111]
sum5_to_int  (bitcast          ) [ 0000000000000000000]
tmp_s        (partselect       ) [ 0000000000000000000]
tmp          (trunc            ) [ 0000000000000000000]
notlhs       (icmp             ) [ 0000000000000000000]
notrhs       (icmp             ) [ 0000000000000000000]
tmp_29       (or               ) [ 0000000000000000000]
tmp_31       (and              ) [ 0000000000000000000]
sum_3        (select           ) [ 0000000000000000000]
tmp_87_cast  (zext             ) [ 0000000000000000000]
out_addr     (getelementptr    ) [ 0000000000000000000]
StgValue_112 (store            ) [ 0000000000000000000]
StgValue_113 (br               ) [ 0011111111111111111]
</LifeTime>

<model>

<comp_list>
<comp id="0" class="1000" name="out_r">
<pin_list>
<pin id="1" dir="1" index="0" bw="1" slack="0"/>
</pin_list>
<bind>
<StgValue><ssdm name="out_r"/><MemPortTyVec>0 3 </MemPortTyVec>
</StgValue>
</bind>
</comp>

<comp id="2" class="1000" name="f3">
<pin_list>
<pin id="3" dir="1" index="0" bw="1" slack="0"/>
</pin_list>
<bind>
<StgValue><ssdm name="f3"/><MemPortTyVec>1 3 </MemPortTyVec>
</StgValue>
</bind>
</comp>

<comp id="4" class="1001" name="const_4">
<pin_list>
<pin id="5" dir="1" index="0" bw="1" slack="1"/>
</pin_list>
<bind>
<StgValue><ssdm name=""/></StgValue>
</bind>
</comp>

<comp id="6" class="1001" name="const_6">
<pin_list>
<pin id="7" dir="1" index="0" bw="1" slack="0"/>
</pin_list>
<bind>
<StgValue><ssdm name=""/></StgValue>
</bind>
</comp>

<comp id="8" class="1001" name="const_8">
<pin_list>
<pin id="9" dir="1" index="0" bw="1" slack="2147483647"/>
</pin_list>
<bind>
<StgValue><ssdm name="_ssdm_op_SpecLoopTripCount"/></StgValue>
</bind>
</comp>

<comp id="10" class="1001" name="const_10">
<pin_list>
<pin id="11" dir="1" index="0" bw="1" slack="2147483647"/>
</pin_list>
<bind>
<StgValue><ssdm name=""/></StgValue>
</bind>
</comp>

<comp id="12" class="1001" name="const_12">
<pin_list>
<pin id="13" dir="1" index="0" bw="1" slack="0"/>
</pin_list>
<bind>
<StgValue><ssdm name=""/></StgValue>
</bind>
</comp>

<comp id="14" class="1001" name="const_14">
<pin_list>
<pin id="15" dir="1" index="0" bw="1" slack="0"/>
</pin_list>
<bind>
<StgValue><ssdm name=""/></StgValue>
</bind>
</comp>

<comp id="16" class="1001" name="const_16">
<pin_list>
<pin id="17" dir="1" index="0" bw="1" slack="0"/>
</pin_list>
<bind>
<StgValue><ssdm name=""/></StgValue>
</bind>
</comp>

<comp id="18" class="1001" name="const_18">
<pin_list>
<pin id="19" dir="1" index="0" bw="1" slack="2147483647"/>
</pin_list>
<bind>
<StgValue><ssdm name=""/></StgValue>
</bind>
</comp>

<comp id="20" class="1001" name="const_20">
<pin_list>
<pin id="21" dir="1" index="0" bw="1" slack="0"/>
</pin_list>
<bind>
<StgValue><ssdm name=""/></StgValue>
</bind>
</comp>

<comp id="22" class="1001" name="const_22">
<pin_list>
<pin id="23" dir="1" index="0" bw="1" slack="0"/>
</pin_list>
<bind>
<StgValue><ssdm name="_ssdm_op_BitConcatenate.i7.i4.i3"/></StgValue>
</bind>
</comp>

<comp id="24" class="1001" name="const_24">
<pin_list>
<pin id="25" dir="1" index="0" bw="1" slack="0"/>
</pin_list>
<bind>
<StgValue><ssdm name=""/></StgValue>
</bind>
</comp>

<comp id="26" class="1001" name="const_26">
<pin_list>
<pin id="27" dir="1" index="0" bw="1" slack="0"/>
</pin_list>
<bind>
<StgValue><ssdm name="_ssdm_op_BitConcatenate.i5.i4.i1"/></StgValue>
</bind>
</comp>

<comp id="28" class="1001" name="const_28">
<pin_list>
<pin id="29" dir="1" index="0" bw="1" slack="0"/>
</pin_list>
<bind>
<StgValue><ssdm name=""/></StgValue>
</bind>
</comp>

<comp id="30" class="1001" name="const_30">
<pin_list>
<pin id="31" dir="1" index="0" bw="1" slack="0"/>
</pin_list>
<bind>
<StgValue><ssdm name=""/></StgValue>
</bind>
</comp>

<comp id="32" class="1001" name="const_32">
<pin_list>
<pin id="33" dir="1" index="0" bw="1" slack="0"/>
</pin_list>
<bind>
<StgValue><ssdm name="_ssdm_op_BitConcatenate.i13.i8.i5"/></StgValue>
</bind>
</comp>

<comp id="34" class="1001" name="const_34">
<pin_list>
<pin id="35" dir="1" index="0" bw="1" slack="0"/>
</pin_list>
<bind>
<StgValue><ssdm name=""/></StgValue>
</bind>
</comp>

<comp id="36" class="1001" name="const_36">
<pin_list>
<pin id="37" dir="1" index="0" bw="1" slack="0"/>
</pin_list>
<bind>
<StgValue><ssdm name=""/></StgValue>
</bind>
</comp>

<comp id="38" class="1001" name="const_38">
<pin_list>
<pin id="39" dir="1" index="0" bw="1" slack="0"/>
</pin_list>
<bind>
<StgValue><ssdm name=""/></StgValue>
</bind>
</comp>

<comp id="40" class="1001" name="const_40">
<pin_list>
<pin id="41" dir="1" index="0" bw="1" slack="2147483647"/>
</pin_list>
<bind>
<StgValue><ssdm name=""/></StgValue>
</bind>
</comp>

<comp id="42" class="1001" name="const_42">
<pin_list>
<pin id="43" dir="1" index="0" bw="1" slack="0"/>
</pin_list>
<bind>
<StgValue><ssdm name=""/></StgValue>
</bind>
</comp>

<comp id="44" class="1001" name="const_44">
<pin_list>
<pin id="45" dir="1" index="0" bw="1" slack="0"/>
</pin_list>
<bind>
<StgValue><ssdm name="_ssdm_op_BitConcatenate.i8.i4.i4"/></StgValue>
</bind>
</comp>

<comp id="46" class="1001" name="const_46">
<pin_list>
<pin id="47" dir="1" index="0" bw="1" slack="0"/>
</pin_list>
<bind>
<StgValue><ssdm name="_ssdm_op_BitConcatenate.i6.i4.i2"/></StgValue>
</bind>
</comp>

<comp id="48" class="1001" name="const_48">
<pin_list>
<pin id="49" dir="1" index="0" bw="1" slack="0"/>
</pin_list>
<bind>
<StgValue><ssdm name="_ssdm_op_BitConcatenate.i14.i9.i5"/></StgValue>
</bind>
</comp>

<comp id="50" class="1001" name="const_50">
<pin_list>
<pin id="51" dir="1" index="0" bw="1" slack="0"/>
</pin_list>
<bind>
<StgValue><ssdm name=""/></StgValue>
</bind>
</comp>

<comp id="52" class="1001" name="const_52">
<pin_list>
<pin id="53" dir="1" index="0" bw="1" slack="0"/>
</pin_list>
<bind>
<StgValue><ssdm name="_ssdm_op_PartSelect.i8.i32.i32.i32"/></StgValue>
</bind>
</comp>

<comp id="54" class="1001" name="const_54">
<pin_list>
<pin id="55" dir="1" index="0" bw="1" slack="0"/>
</pin_list>
<bind>
<StgValue><ssdm name=""/></StgValue>
</bind>
</comp>

<comp id="56" class="1001" name="const_56">
<pin_list>
<pin id="57" dir="1" index="0" bw="1" slack="0"/>
</pin_list>
<bind>
<StgValue><ssdm name=""/></StgValue>
</bind>
</comp>

<comp id="58" class="1001" name="const_58">
<pin_list>
<pin id="59" dir="1" index="0" bw="1" slack="0"/>
</pin_list>
<bind>
<StgValue><ssdm name=""/></StgValue>
</bind>
</comp>

<comp id="60" class="1001" name="const_60">
<pin_list>
<pin id="61" dir="1" index="0" bw="1" slack="0"/>
</pin_list>
<bind>
<StgValue><ssdm name=""/></StgValue>
</bind>
</comp>

<comp id="62" class="1004" name="f3_addr_gep_fu_62">
<pin_list>
<pin id="63" dir="0" index="0" bw="32" slack="0"/>
<pin id="64" dir="0" index="1" bw="1" slack="0"/>
<pin id="65" dir="0" index="2" bw="14" slack="0"/>
<pin id="66" dir="1" index="3" bw="13" slack="0"/>
</pin_list>
<bind>
<opcode="getelementptr(29) " fcode="getelementptr"/>
<opset="f3_addr/7 "/>
</bind>
</comp>

<comp id="69" class="1004" name="grp_access_fu_69">
<pin_list>
<pin id="70" dir="0" index="0" bw="13" slack="0"/>
<pin id="71" dir="0" index="1" bw="32" slack="2147483647"/>
<pin id="72" dir="0" index="2" bw="0" slack="2147483647"/>
<pin id="73" dir="1" index="3" bw="32" slack="1"/>
</pin_list>
<bind>
<opcode="load(27) " fcode="load"/>
<opset="f3_load/7 "/>
</bind>
</comp>

<comp id="75" class="1004" name="out_addr_gep_fu_75">
<pin_list>
<pin id="76" dir="0" index="0" bw="32" slack="0"/>
<pin id="77" dir="0" index="1" bw="1" slack="0"/>
<pin id="78" dir="0" index="2" bw="13" slack="0"/>
<pin id="79" dir="1" index="3" bw="12" slack="0"/>
</pin_list>
<bind>
<opcode="getelementptr(29) " fcode="getelementptr"/>
<opset="out_addr/18 "/>
</bind>
</comp>

<comp id="82" class="1004" name="StgValue_112_access_fu_82">
<pin_list>
<pin id="83" dir="0" index="0" bw="12" slack="0"/>
<pin id="84" dir="0" index="1" bw="32" slack="0"/>
<pin id="85" dir="0" index="2" bw="0" slack="2147483647"/>
<pin id="86" dir="1" index="3" bw="32" slack="2147483647"/>
</pin_list>
<bind>
<opcode="store(28) " fcode="store"/>
<opset="StgValue_112/18 "/>
</bind>
</comp>

<comp id="88" class="1005" name="oc_reg_88">
<pin_list>
<pin id="89" dir="0" index="0" bw="6" slack="1"/>
<pin id="90" dir="1" index="1" bw="6" slack="1"/>
</pin_list>
<bind>
<opset="oc (phireg) "/>
</bind>
</comp>

<comp id="92" class="1004" name="oc_phi_fu_92">
<pin_list>
<pin id="93" dir="0" index="0" bw="1" slack="1"/>
<pin id="94" dir="0" index="1" bw="0" slack="2147483647"/>
<pin id="95" dir="0" index="2" bw="6" slack="0"/>
<pin id="96" dir="0" index="3" bw="0" slack="2147483647"/>
<pin id="97" dir="1" index="4" bw="6" slack="0"/>
</pin_list>
<bind>
<opcode="phi(47) " fcode="phi"/>
<opset="oc/2 "/>
</bind>
</comp>

<comp id="99" class="1005" name="r_reg_99">
<pin_list>
<pin id="100" dir="0" index="0" bw="4" slack="1"/>
<pin id="101" dir="1" index="1" bw="4" slack="1"/>
</pin_list>
<bind>
<opset="r (phireg) "/>
</bind>
</comp>

<comp id="103" class="1004" name="r_phi_fu_103">
<pin_list>
<pin id="104" dir="0" index="0" bw="1" slack="1"/>
<pin id="105" dir="0" index="1" bw="0" slack="2147483647"/>
<pin id="106" dir="0" index="2" bw="4" slack="0"/>
<pin id="107" dir="0" index="3" bw="0" slack="2147483647"/>
<pin id="108" dir="1" index="4" bw="4" slack="0"/>
</pin_list>
<bind>
<opcode="phi(47) " fcode="phi"/>
<opset="r/3 "/>
</bind>
</comp>

<comp id="111" class="1005" name="c_reg_111">
<pin_list>
<pin id="112" dir="0" index="0" bw="4" slack="1"/>
<pin id="113" dir="1" index="1" bw="4" slack="1"/>
</pin_list>
<bind>
<opset="c (phireg) "/>
</bind>
</comp>

<comp id="115" class="1004" name="c_phi_fu_115">
<pin_list>
<pin id="116" dir="0" index="0" bw="4" slack="0"/>
<pin id="117" dir="0" index="1" bw="0" slack="2147483647"/>
<pin id="118" dir="0" index="2" bw="1" slack="1"/>
<pin id="119" dir="0" index="3" bw="0" slack="2147483647"/>
<pin id="120" dir="1" index="4" bw="4" slack="0"/>
</pin_list>
<bind>
<opcode="phi(47) " fcode="phi"/>
<opset="c/4 "/>
</bind>
</comp>

<comp id="123" class="1005" name="sum5_reg_123">
<pin_list>
<pin id="124" dir="0" index="0" bw="32" slack="1"/>
<pin id="125" dir="1" index="1" bw="32" slack="1"/>
</pin_list>
<bind>
<opset="sum5 (phireg) "/>
</bind>
</comp>

<comp id="127" class="1004" name="sum5_phi_fu_127">
<pin_list>
<pin id="128" dir="0" index="0" bw="32" slack="1"/>
<pin id="129" dir="0" index="1" bw="0" slack="2147483647"/>
<pin id="130" dir="0" index="2" bw="32" slack="1"/>
<pin id="131" dir="0" index="3" bw="0" slack="2147483647"/>
<pin id="132" dir="1" index="4" bw="32" slack="0"/>
</pin_list>
<bind>
<opcode="phi(47) " fcode="phi"/>
<opset="sum5/5 "/>
</bind>
</comp>

<comp id="135" class="1005" name="ic_reg_135">
<pin_list>
<pin id="136" dir="0" index="0" bw="6" slack="1"/>
<pin id="137" dir="1" index="1" bw="6" slack="1"/>
</pin_list>
<bind>
<opset="ic (phireg) "/>
</bind>
</comp>

<comp id="139" class="1004" name="ic_phi_fu_139">
<pin_list>
<pin id="140" dir="0" index="0" bw="6" slack="0"/>
<pin id="141" dir="0" index="1" bw="0" slack="2147483647"/>
<pin id="142" dir="0" index="2" bw="1" slack="1"/>
<pin id="143" dir="0" index="3" bw="0" slack="2147483647"/>
<pin id="144" dir="1" index="4" bw="6" slack="0"/>
</pin_list>
<bind>
<opcode="phi(47) " fcode="phi"/>
<opset="ic/5 "/>
</bind>
</comp>

<comp id="146" class="1005" name="sum_1_reg_146">
<pin_list>
<pin id="147" dir="0" index="0" bw="32" slack="1"/>
<pin id="148" dir="1" index="1" bw="32" slack="1"/>
</pin_list>
<bind>
<opset="sum_1 (phireg) "/>
</bind>
</comp>

<comp id="150" class="1004" name="sum_1_phi_fu_150">
<pin_list>
<pin id="151" dir="0" index="0" bw="32" slack="1"/>
<pin id="152" dir="0" index="1" bw="0" slack="2147483647"/>
<pin id="153" dir="0" index="2" bw="32" slack="1"/>
<pin id="154" dir="0" index="3" bw="0" slack="2147483647"/>
<pin id="155" dir="1" index="4" bw="32" slack="1"/>
</pin_list>
<bind>
<opcode="phi(47) " fcode="phi"/>
<opset="sum_1/6 "/>
</bind>
</comp>

<comp id="158" class="1005" name="kr_reg_158">
<pin_list>
<pin id="159" dir="0" index="0" bw="2" slack="1"/>
<pin id="160" dir="1" index="1" bw="2" slack="1"/>
</pin_list>
<bind>
<opset="kr (phireg) "/>
</bind>
</comp>

<comp id="162" class="1004" name="kr_phi_fu_162">
<pin_list>
<pin id="163" dir="0" index="0" bw="1" slack="1"/>
<pin id="164" dir="0" index="1" bw="0" slack="2147483647"/>
<pin id="165" dir="0" index="2" bw="2" slack="0"/>
<pin id="166" dir="0" index="3" bw="0" slack="2147483647"/>
<pin id="167" dir="1" index="4" bw="2" slack="0"/>
</pin_list>
<bind>
<opcode="phi(47) " fcode="phi"/>
<opset="kr/6 "/>
</bind>
</comp>

<comp id="169" class="1005" name="sum_2_reg_169">
<pin_list>
<pin id="170" dir="0" index="0" bw="32" slack="1"/>
<pin id="171" dir="1" index="1" bw="32" slack="1"/>
</pin_list>
<bind>
<opset="sum_2 (phireg) "/>
</bind>
</comp>

<comp id="173" class="1004" name="sum_2_phi_fu_173">
<pin_list>
<pin id="174" dir="0" index="0" bw="32" slack="1"/>
<pin id="175" dir="0" index="1" bw="0" slack="2147483647"/>
<pin id="176" dir="0" index="2" bw="32" slack="1"/>
<pin id="177" dir="0" index="3" bw="0" slack="2147483647"/>
<pin id="178" dir="1" index="4" bw="32" slack="1"/>
</pin_list>
<bind>
<opcode="phi(47) " fcode="phi"/>
<opset="sum_2/7 "/>
</bind>
</comp>

<comp id="181" class="1005" name="kc_reg_181">
<pin_list>
<pin id="182" dir="0" index="0" bw="2" slack="1"/>
<pin id="183" dir="1" index="1" bw="2" slack="1"/>
</pin_list>
<bind>
<opset="kc (phireg) "/>
</bind>
</comp>

<comp id="185" class="1004" name="kc_phi_fu_185">
<pin_list>
<pin id="186" dir="0" index="0" bw="2" slack="0"/>
<pin id="187" dir="0" index="1" bw="0" slack="2147483647"/>
<pin id="188" dir="0" index="2" bw="1" slack="1"/>
<pin id="189" dir="0" index="3" bw="0" slack="2147483647"/>
<pin id="190" dir="1" index="4" bw="2" slack="0"/>
</pin_list>
<bind>
<opcode="phi(47) " fcode="phi"/>
<opset="kc/7 "/>
</bind>
</comp>

<comp id="192" class="1004" name="grp_fu_192">
<pin_list>
<pin id="193" dir="0" index="0" bw="32" slack="6"/>
<pin id="194" dir="0" index="1" bw="32" slack="1"/>
<pin id="195" dir="1" index="2" bw="32" slack="1"/>
</pin_list>
<bind>
<opcode="fadd(9) " fcode="fadd"/>
<opset="sum/13 "/>
</bind>
</comp>

<comp id="197" class="1004" name="grp_fu_197">
<pin_list>
<pin id="198" dir="0" index="0" bw="32" slack="1"/>
<pin id="199" dir="0" index="1" bw="32" slack="0"/>
<pin id="200" dir="1" index="2" bw="32" slack="1"/>
</pin_list>
<bind>
<opcode="fmul(13) " fcode="fmul"/>
<opset="tmp_26/9 "/>
</bind>
</comp>

<comp id="202" class="1004" name="tmp_30_fu_202">
<pin_list>
<pin id="203" dir="0" index="0" bw="32" slack="0"/>
<pin id="204" dir="0" index="1" bw="32" slack="0"/>
<pin id="205" dir="1" index="2" bw="1" slack="1"/>
</pin_list>
<bind>
<opcode="fcmp(46) " fcode="fcmp"/>
<opset="tmp_30/5 "/>
</bind>
</comp>

<comp id="208" class="1004" name="exitcond5_fu_208">
<pin_list>
<pin id="209" dir="0" index="0" bw="6" slack="0"/>
<pin id="210" dir="0" index="1" bw="6" slack="0"/>
<pin id="211" dir="1" index="2" bw="1" slack="2147483647"/>
</pin_list>
<bind>
<opcode="icmp(45) " fcode="icmp"/>
<opset="exitcond5/2 "/>
</bind>
</comp>

<comp id="214" class="1004" name="oc_3_fu_214">
<pin_list>
<pin id="215" dir="0" index="0" bw="6" slack="0"/>
<pin id="216" dir="0" index="1" bw="1" slack="0"/>
<pin id="217" dir="1" index="2" bw="6" slack="0"/>
</pin_list>
<bind>
<opcode="add(8) " fcode="add"/>
<opset="oc_3/2 "/>
</bind>
</comp>

<comp id="220" class="1004" name="tmp_cast_fu_220">
<pin_list>
<pin id="221" dir="0" index="0" bw="6" slack="0"/>
<pin id="222" dir="1" index="1" bw="13" slack="3"/>
</pin_list>
<bind>
<opcode="zext(34) " fcode="zext"/>
<opset="tmp_cast/2 "/>
</bind>
</comp>

<comp id="224" class="1004" name="exitcond4_fu_224">
<pin_list>
<pin id="225" dir="0" index="0" bw="4" slack="0"/>
<pin id="226" dir="0" index="1" bw="4" slack="0"/>
<pin id="227" dir="1" index="2" bw="1" slack="2147483647"/>
</pin_list>
<bind>
<opcode="icmp(45) " fcode="icmp"/>
<opset="exitcond4/3 "/>
</bind>
</comp>

<comp id="230" class="1004" name="r_5_fu_230">
<pin_list>
<pin id="231" dir="0" index="0" bw="4" slack="0"/>
<pin id="232" dir="0" index="1" bw="1" slack="0"/>
<pin id="233" dir="1" index="2" bw="4" slack="0"/>
</pin_list>
<bind>
<opcode="add(8) " fcode="add"/>
<opset="r_5/3 "/>
</bind>
</comp>

<comp id="236" class="1004" name="tmp_56_fu_236">
<pin_list>
<pin id="237" dir="0" index="0" bw="7" slack="0"/>
<pin id="238" dir="0" index="1" bw="4" slack="0"/>
<pin id="239" dir="0" index="2" bw="1" slack="0"/>
<pin id="240" dir="1" index="3" bw="7" slack="0"/>
</pin_list>
<bind>
<opcode="bitconcatenate(1004) " fcode="bitconcatenate"/>
<opset="tmp_56/3 "/>
</bind>
</comp>

<comp id="244" class="1004" name="p_shl_cast_fu_244">
<pin_list>
<pin id="245" dir="0" index="0" bw="7" slack="0"/>
<pin id="246" dir="1" index="1" bw="8" slack="0"/>
</pin_list>
<bind>
<opcode="zext(34) " fcode="zext"/>
<opset="p_shl_cast/3 "/>
</bind>
</comp>

<comp id="248" class="1004" name="tmp_57_fu_248">
<pin_list>
<pin id="249" dir="0" index="0" bw="5" slack="0"/>
<pin id="250" dir="0" index="1" bw="4" slack="0"/>
<pin id="251" dir="0" index="2" bw="1" slack="0"/>
<pin id="252" dir="1" index="3" bw="5" slack="0"/>
</pin_list>
<bind>
<opcode="bitconcatenate(1004) " fcode="bitconcatenate"/>
<opset="tmp_57/3 "/>
</bind>
</comp>

<comp id="256" class="1004" name="p_shl1_cast_fu_256">
<pin_list>
<pin id="257" dir="0" index="0" bw="5" slack="0"/>
<pin id="258" dir="1" index="1" bw="8" slack="0"/>
</pin_list>
<bind>
<opcode="zext(34) " fcode="zext"/>
<opset="p_shl1_cast/3 "/>
</bind>
</comp>

<comp id="260" class="1004" name="tmp_58_fu_260">
<pin_list>
<pin id="261" dir="0" index="0" bw="5" slack="0"/>
<pin id="262" dir="0" index="1" bw="7" slack="0"/>
<pin id="263" dir="1" index="2" bw="8" slack="2"/>
</pin_list>
<bind>
<opcode="add(8) " fcode="add"/>
<opset="tmp_58/3 "/>
</bind>
</comp>

<comp id="266" class="1004" name="exitcond3_fu_266">
<pin_list>
<pin id="267" dir="0" index="0" bw="4" slack="0"/>
<pin id="268" dir="0" index="1" bw="4" slack="0"/>
<pin id="269" dir="1" index="2" bw="1" slack="2147483647"/>
</pin_list>
<bind>
<opcode="icmp(45) " fcode="icmp"/>
<opset="exitcond3/4 "/>
</bind>
</comp>

<comp id="272" class="1004" name="c_5_fu_272">
<pin_list>
<pin id="273" dir="0" index="0" bw="4" slack="0"/>
<pin id="274" dir="0" index="1" bw="1" slack="0"/>
<pin id="275" dir="1" index="2" bw="4" slack="0"/>
</pin_list>
<bind>
<opcode="add(8) " fcode="add"/>
<opset="c_5/4 "/>
</bind>
</comp>

<comp id="278" class="1004" name="exitcond2_fu_278">
<pin_list>
<pin id="279" dir="0" index="0" bw="6" slack="0"/>
<pin id="280" dir="0" index="1" bw="6" slack="0"/>
<pin id="281" dir="1" index="2" bw="1" slack="2147483647"/>
</pin_list>
<bind>
<opcode="icmp(45) " fcode="icmp"/>
<opset="exitcond2/5 "/>
</bind>
</comp>

<comp id="284" class="1004" name="ic_3_fu_284">
<pin_list>
<pin id="285" dir="0" index="0" bw="6" slack="0"/>
<pin id="286" dir="0" index="1" bw="1" slack="0"/>
<pin id="287" dir="1" index="2" bw="6" slack="0"/>
</pin_list>
<bind>
<opcode="add(8) " fcode="add"/>
<opset="ic_3/5 "/>
</bind>
</comp>

<comp id="290" class="1004" name="tmp_21_cast_fu_290">
<pin_list>
<pin id="291" dir="0" index="0" bw="6" slack="0"/>
<pin id="292" dir="1" index="1" bw="14" slack="2"/>
</pin_list>
<bind>
<opcode="zext(34) " fcode="zext"/>
<opset="tmp_21_cast/5 "/>
</bind>
</comp>

<comp id="294" class="1004" name="tmp_20_cast_fu_294">
<pin_list>
<pin id="295" dir="0" index="0" bw="4" slack="1"/>
<pin id="296" dir="1" index="1" bw="8" slack="0"/>
</pin_list>
<bind>
<opcode="zext(34) " fcode="zext"/>
<opset="tmp_20_cast/5 "/>
</bind>
</comp>

<comp id="298" class="1004" name="tmp_59_fu_298">
<pin_list>
<pin id="299" dir="0" index="0" bw="8" slack="2"/>
<pin id="300" dir="0" index="1" bw="4" slack="0"/>
<pin id="301" dir="1" index="2" bw="8" slack="0"/>
</pin_list>
<bind>
<opcode="add(8) " fcode="add"/>
<opset="tmp_59/5 "/>
</bind>
</comp>

<comp id="303" class="1004" name="tmp_86_cast_fu_303">
<pin_list>
<pin id="304" dir="0" index="0" bw="13" slack="0"/>
<pin id="305" dir="0" index="1" bw="8" slack="0"/>
<pin id="306" dir="0" index="2" bw="1" slack="0"/>
<pin id="307" dir="1" index="3" bw="13" slack="0"/>
</pin_list>
<bind>
<opcode="bitconcatenate(1004) " fcode="bitconcatenate"/>
<opset="tmp_86_cast/5 "/>
</bind>
</comp>

<comp id="311" class="1004" name="tmp_60_fu_311">
<pin_list>
<pin id="312" dir="0" index="0" bw="13" slack="0"/>
<pin id="313" dir="0" index="1" bw="6" slack="3"/>
<pin id="314" dir="1" index="2" bw="13" slack="1"/>
</pin_list>
<bind>
<opcode="add(8) " fcode="add"/>
<opset="tmp_60/5 "/>
</bind>
</comp>

<comp id="316" class="1004" name="kr_cast2_fu_316">
<pin_list>
<pin id="317" dir="0" index="0" bw="2" slack="0"/>
<pin id="318" dir="1" index="1" bw="4" slack="0"/>
</pin_list>
<bind>
<opcode="zext(34) " fcode="zext"/>
<opset="kr_cast2/6 "/>
</bind>
</comp>

<comp id="320" class="1004" name="exitcond1_fu_320">
<pin_list>
<pin id="321" dir="0" index="0" bw="2" slack="0"/>
<pin id="322" dir="0" index="1" bw="2" slack="0"/>
<pin id="323" dir="1" index="2" bw="1" slack="2147483647"/>
</pin_list>
<bind>
<opcode="icmp(45) " fcode="icmp"/>
<opset="exitcond1/6 "/>
</bind>
</comp>

<comp id="326" class="1004" name="kr_2_fu_326">
<pin_list>
<pin id="327" dir="0" index="0" bw="2" slack="0"/>
<pin id="328" dir="0" index="1" bw="1" slack="0"/>
<pin id="329" dir="1" index="2" bw="2" slack="0"/>
</pin_list>
<bind>
<opcode="add(8) " fcode="add"/>
<opset="kr_2/6 "/>
</bind>
</comp>

<comp id="332" class="1004" name="tmp_22_fu_332">
<pin_list>
<pin id="333" dir="0" index="0" bw="2" slack="0"/>
<pin id="334" dir="0" index="1" bw="4" slack="3"/>
<pin id="335" dir="1" index="2" bw="4" slack="0"/>
</pin_list>
<bind>
<opcode="add(8) " fcode="add"/>
<opset="tmp_22/6 "/>
</bind>
</comp>

<comp id="338" class="1004" name="tmp_61_fu_338">
<pin_list>
<pin id="339" dir="0" index="0" bw="8" slack="0"/>
<pin id="340" dir="0" index="1" bw="4" slack="0"/>
<pin id="341" dir="0" index="2" bw="1" slack="0"/>
<pin id="342" dir="1" index="3" bw="8" slack="0"/>
</pin_list>
<bind>
<opcode="bitconcatenate(1004) " fcode="bitconcatenate"/>
<opset="tmp_61/6 "/>
</bind>
</comp>

<comp id="346" class="1004" name="p_shl2_cast_fu_346">
<pin_list>
<pin id="347" dir="0" index="0" bw="8" slack="0"/>
<pin id="348" dir="1" index="1" bw="9" slack="0"/>
</pin_list>
<bind>
<opcode="zext(34) " fcode="zext"/>
<opset="p_shl2_cast/6 "/>
</bind>
</comp>

<comp id="350" class="1004" name="tmp_62_fu_350">
<pin_list>
<pin id="351" dir="0" index="0" bw="6" slack="0"/>
<pin id="352" dir="0" index="1" bw="4" slack="0"/>
<pin id="353" dir="0" index="2" bw="1" slack="0"/>
<pin id="354" dir="1" index="3" bw="6" slack="0"/>
</pin_list>
<bind>
<opcode="bitconcatenate(1004) " fcode="bitconcatenate"/>
<opset="tmp_62/6 "/>
</bind>
</comp>

<comp id="358" class="1004" name="p_shl3_cast_fu_358">
<pin_list>
<pin id="359" dir="0" index="0" bw="6" slack="0"/>
<pin id="360" dir="1" index="1" bw="9" slack="0"/>
</pin_list>
<bind>
<opcode="zext(34) " fcode="zext"/>
<opset="p_shl3_cast/6 "/>
</bind>
</comp>

<comp id="362" class="1004" name="tmp_63_fu_362">
<pin_list>
<pin id="363" dir="0" index="0" bw="8" slack="0"/>
<pin id="364" dir="0" index="1" bw="6" slack="0"/>
<pin id="365" dir="1" index="2" bw="9" slack="1"/>
</pin_list>
<bind>
<opcode="sub(10) " fcode="sub"/>
<opset="tmp_63/6 "/>
</bind>
</comp>

<comp id="368" class="1004" name="kc_cast1_fu_368">
<pin_list>
<pin id="369" dir="0" index="0" bw="2" slack="0"/>
<pin id="370" dir="1" index="1" bw="4" slack="0"/>
</pin_list>
<bind>
<opcode="zext(34) " fcode="zext"/>
<opset="kc_cast1/7 "/>
</bind>
</comp>

<comp id="372" class="1004" name="exitcond_fu_372">
<pin_list>
<pin id="373" dir="0" index="0" bw="2" slack="0"/>
<pin id="374" dir="0" index="1" bw="2" slack="0"/>
<pin id="375" dir="1" index="2" bw="1" slack="2147483647"/>
</pin_list>
<bind>
<opcode="icmp(45) " fcode="icmp"/>
<opset="exitcond/7 "/>
</bind>
</comp>

<comp id="378" class="1004" name="kc_2_fu_378">
<pin_list>
<pin id="379" dir="0" index="0" bw="2" slack="0"/>
<pin id="380" dir="0" index="1" bw="1" slack="0"/>
<pin id="381" dir="1" index="2" bw="2" slack="0"/>
</pin_list>
<bind>
<opcode="add(8) " fcode="add"/>
<opset="kc_2/7 "/>
</bind>
</comp>

<comp id="384" class="1004" name="tmp_24_fu_384">
<pin_list>
<pin id="385" dir="0" index="0" bw="4" slack="3"/>
<pin id="386" dir="0" index="1" bw="2" slack="0"/>
<pin id="387" dir="1" index="2" bw="4" slack="0"/>
</pin_list>
<bind>
<opcode="add(8) " fcode="add"/>
<opset="tmp_24/7 "/>
</bind>
</comp>

<comp id="390" class="1004" name="tmp_25_cast_fu_390">
<pin_list>
<pin id="391" dir="0" index="0" bw="4" slack="0"/>
<pin id="392" dir="1" index="1" bw="9" slack="0"/>
</pin_list>
<bind>
<opcode="zext(34) " fcode="zext"/>
<opset="tmp_25_cast/7 "/>
</bind>
</comp>

<comp id="394" class="1004" name="tmp_64_fu_394">
<pin_list>
<pin id="395" dir="0" index="0" bw="4" slack="0"/>
<pin id="396" dir="0" index="1" bw="9" slack="1"/>
<pin id="397" dir="1" index="2" bw="9" slack="0"/>
</pin_list>
<bind>
<opcode="add(8) " fcode="add"/>
<opset="tmp_64/7 "/>
</bind>
</comp>

<comp id="399" class="1004" name="tmp_93_cast_fu_399">
<pin_list>
<pin id="400" dir="0" index="0" bw="14" slack="0"/>
<pin id="401" dir="0" index="1" bw="9" slack="0"/>
<pin id="402" dir="0" index="2" bw="1" slack="0"/>
<pin id="403" dir="1" index="3" bw="14" slack="0"/>
</pin_list>
<bind>
<opcode="bitconcatenate(1004) " fcode="bitconcatenate"/>
<opset="tmp_93_cast/7 "/>
</bind>
</comp>

<comp id="407" class="1004" name="tmp_65_fu_407">
<pin_list>
<pin id="408" dir="0" index="0" bw="6" slack="2"/>
<pin id="409" dir="0" index="1" bw="14" slack="0"/>
<pin id="410" dir="1" index="2" bw="14" slack="0"/>
</pin_list>
<bind>
<opcode="add(8) " fcode="add"/>
<opset="tmp_65/7 "/>
</bind>
</comp>

<comp id="412" class="1004" name="tmp_94_cast_fu_412">
<pin_list>
<pin id="413" dir="0" index="0" bw="14" slack="0"/>
<pin id="414" dir="1" index="1" bw="64" slack="0"/>
</pin_list>
<bind>
<opcode="zext(34) " fcode="zext"/>
<opset="tmp_94_cast/7 "/>
</bind>
</comp>

<comp id="417" class="1004" name="sum5_to_int_fu_417">
<pin_list>
<pin id="418" dir="0" index="0" bw="32" slack="1"/>
<pin id="419" dir="1" index="1" bw="32" slack="0"/>
</pin_list>
<bind>
<opcode="bitcast(44) " fcode="bitcast"/>
<opset="sum5_to_int/18 "/>
</bind>
</comp>

<comp id="421" class="1004" name="tmp_s_fu_421">
<pin_list>
<pin id="422" dir="0" index="0" bw="8" slack="0"/>
<pin id="423" dir="0" index="1" bw="32" slack="0"/>
<pin id="424" dir="0" index="2" bw="6" slack="0"/>
<pin id="425" dir="0" index="3" bw="6" slack="0"/>
<pin id="426" dir="1" index="4" bw="8" slack="0"/>
</pin_list>
<bind>
<opcode="partselect(1002) " fcode="partselect"/>
<opset="tmp_s/18 "/>
</bind>
</comp>

<comp id="431" class="1004" name="tmp_fu_431">
<pin_list>
<pin id="432" dir="0" index="0" bw="32" slack="0"/>
<pin id="433" dir="1" index="1" bw="23" slack="0"/>
</pin_list>
<bind>
<opcode="trunc(33) " fcode="trunc"/>
<opset="tmp/18 "/>
</bind>
</comp>

<comp id="435" class="1004" name="notlhs_fu_435">
<pin_list>
<pin id="436" dir="0" index="0" bw="8" slack="0"/>
<pin id="437" dir="0" index="1" bw="8" slack="0"/>
<pin id="438" dir="1" index="2" bw="1" slack="0"/>
</pin_list>
<bind>
<opcode="icmp(45) " fcode="icmp"/>
<opset="notlhs/18 "/>
</bind>
</comp>

<comp id="441" class="1004" name="notrhs_fu_441">
<pin_list>
<pin id="442" dir="0" index="0" bw="23" slack="0"/>
<pin id="443" dir="0" index="1" bw="23" slack="0"/>
<pin id="444" dir="1" index="2" bw="1" slack="0"/>
</pin_list>
<bind>
<opcode="icmp(45) " fcode="icmp"/>
<opset="notrhs/18 "/>
</bind>
</comp>

<comp id="447" class="1004" name="tmp_29_fu_447">
<pin_list>
<pin id="448" dir="0" index="0" bw="1" slack="0"/>
<pin id="449" dir="0" index="1" bw="1" slack="0"/>
<pin id="450" dir="1" index="2" bw="1" slack="0"/>
</pin_list>
<bind>
<opcode="or(24) " fcode="or"/>
<opset="tmp_29/18 "/>
</bind>
</comp>

<comp id="453" class="1004" name="tmp_31_fu_453">
<pin_list>
<pin id="454" dir="0" index="0" bw="1" slack="0"/>
<pin id="455" dir="0" index="1" bw="1" slack="1"/>
<pin id="456" dir="1" index="2" bw="1" slack="0"/>
</pin_list>
<bind>
<opcode="and(23) " fcode="and"/>
<opset="tmp_31/18 "/>
</bind>
</comp>

<comp id="458" class="1004" name="sum_3_fu_458">
<pin_list>
<pin id="459" dir="0" index="0" bw="1" slack="0"/>
<pin id="460" dir="0" index="1" bw="32" slack="0"/>
<pin id="461" dir="0" index="2" bw="32" slack="1"/>
<pin id="462" dir="1" index="3" bw="32" slack="0"/>
</pin_list>
<bind>
<opcode="select(49) " fcode="select"/>
<opset="sum_3/18 "/>
</bind>
</comp>

<comp id="467" class="1004" name="tmp_87_cast_fu_467">
<pin_list>
<pin id="468" dir="0" index="0" bw="13" slack="1"/>
<pin id="469" dir="1" index="1" bw="64" slack="0"/>
</pin_list>
<bind>
<opcode="zext(34) " fcode="zext"/>
<opset="tmp_87_cast/18 "/>
</bind>
</comp>

<comp id="474" class="1005" name="oc_3_reg_474">
<pin_list>
<pin id="475" dir="0" index="0" bw="6" slack="0"/>
<pin id="476" dir="1" index="1" bw="6" slack="0"/>
</pin_list>
<bind>
<opset="oc_3 "/>
</bind>
</comp>

<comp id="479" class="1005" name="tmp_cast_reg_479">
<pin_list>
<pin id="480" dir="0" index="0" bw="13" slack="3"/>
<pin id="481" dir="1" index="1" bw="13" slack="3"/>
</pin_list>
<bind>
<opset="tmp_cast "/>
</bind>
</comp>

<comp id="487" class="1005" name="r_5_reg_487">
<pin_list>
<pin id="488" dir="0" index="0" bw="4" slack="0"/>
<pin id="489" dir="1" index="1" bw="4" slack="0"/>
</pin_list>
<bind>
<opset="r_5 "/>
</bind>
</comp>

<comp id="492" class="1005" name="tmp_58_reg_492">
<pin_list>
<pin id="493" dir="0" index="0" bw="8" slack="2"/>
<pin id="494" dir="1" index="1" bw="8" slack="2"/>
</pin_list>
<bind>
<opset="tmp_58 "/>
</bind>
</comp>

<comp id="500" class="1005" name="c_5_reg_500">
<pin_list>
<pin id="501" dir="0" index="0" bw="4" slack="0"/>
<pin id="502" dir="1" index="1" bw="4" slack="0"/>
</pin_list>
<bind>
<opset="c_5 "/>
</bind>
</comp>

<comp id="508" class="1005" name="ic_3_reg_508">
<pin_list>
<pin id="509" dir="0" index="0" bw="6" slack="0"/>
<pin id="510" dir="1" index="1" bw="6" slack="0"/>
</pin_list>
<bind>
<opset="ic_3 "/>
</bind>
</comp>

<comp id="513" class="1005" name="tmp_21_cast_reg_513">
<pin_list>
<pin id="514" dir="0" index="0" bw="14" slack="2"/>
<pin id="515" dir="1" index="1" bw="14" slack="2"/>
</pin_list>
<bind>
<opset="tmp_21_cast "/>
</bind>
</comp>

<comp id="518" class="1005" name="tmp_30_reg_518">
<pin_list>
<pin id="519" dir="0" index="0" bw="1" slack="1"/>
<pin id="520" dir="1" index="1" bw="1" slack="1"/>
</pin_list>
<bind>
<opset="tmp_30 "/>
</bind>
</comp>

<comp id="523" class="1005" name="tmp_60_reg_523">
<pin_list>
<pin id="524" dir="0" index="0" bw="13" slack="1"/>
<pin id="525" dir="1" index="1" bw="13" slack="1"/>
</pin_list>
<bind>
<opset="tmp_60 "/>
</bind>
</comp>

<comp id="531" class="1005" name="kr_2_reg_531">
<pin_list>
<pin id="532" dir="0" index="0" bw="2" slack="0"/>
<pin id="533" dir="1" index="1" bw="2" slack="0"/>
</pin_list>
<bind>
<opset="kr_2 "/>
</bind>
</comp>

<comp id="536" class="1005" name="tmp_63_reg_536">
<pin_list>
<pin id="537" dir="0" index="0" bw="9" slack="1"/>
<pin id="538" dir="1" index="1" bw="9" slack="1"/>
</pin_list>
<bind>
<opset="tmp_63 "/>
</bind>
</comp>

<comp id="544" class="1005" name="kc_2_reg_544">
<pin_list>
<pin id="545" dir="0" index="0" bw="2" slack="0"/>
<pin id="546" dir="1" index="1" bw="2" slack="0"/>
</pin_list>
<bind>
<opset="kc_2 "/>
</bind>
</comp>

<comp id="549" class="1005" name="f3_addr_reg_549">
<pin_list>
<pin id="550" dir="0" index="0" bw="13" slack="1"/>
<pin id="551" dir="1" index="1" bw="13" slack="1"/>
</pin_list>
<bind>
<opset="f3_addr "/>
</bind>
</comp>

<comp id="554" class="1005" name="f3_load_reg_554">
<pin_list>
<pin id="555" dir="0" index="0" bw="32" slack="1"/>
<pin id="556" dir="1" index="1" bw="32" slack="1"/>
</pin_list>
<bind>
<opset="f3_load "/>
</bind>
</comp>

<comp id="559" class="1005" name="tmp_26_reg_559">
<pin_list>
<pin id="560" dir="0" index="0" bw="32" slack="1"/>
<pin id="561" dir="1" index="1" bw="32" slack="1"/>
</pin_list>
<bind>
<opset="tmp_26 "/>
</bind>
</comp>

<comp id="564" class="1005" name="sum_reg_564">
<pin_list>
<pin id="565" dir="0" index="0" bw="32" slack="1"/>
<pin id="566" dir="1" index="1" bw="32" slack="1"/>
</pin_list>
<bind>
<opset="sum "/>
</bind>
</comp>

</comp_list>

<net_list>
<net id="67"><net_src comp="2" pin="0"/><net_sink comp="62" pin=0"/></net>

<net id="68"><net_src comp="50" pin="0"/><net_sink comp="62" pin=1"/></net>

<net id="74"><net_src comp="62" pin="3"/><net_sink comp="69" pin=0"/></net>

<net id="80"><net_src comp="0" pin="0"/><net_sink comp="75" pin=0"/></net>

<net id="81"><net_src comp="50" pin="0"/><net_sink comp="75" pin=1"/></net>

<net id="87"><net_src comp="75" pin="3"/><net_sink comp="82" pin=0"/></net>

<net id="91"><net_src comp="4" pin="0"/><net_sink comp="88" pin=0"/></net>

<net id="98"><net_src comp="88" pin="1"/><net_sink comp="92" pin=0"/></net>

<net id="102"><net_src comp="14" pin="0"/><net_sink comp="99" pin=0"/></net>

<net id="109"><net_src comp="99" pin="1"/><net_sink comp="103" pin=0"/></net>

<net id="110"><net_src comp="103" pin="4"/><net_sink comp="99" pin=0"/></net>

<net id="114"><net_src comp="14" pin="0"/><net_sink comp="111" pin=0"/></net>

<net id="121"><net_src comp="111" pin="1"/><net_sink comp="115" pin=2"/></net>

<net id="122"><net_src comp="115" pin="4"/><net_sink comp="111" pin=0"/></net>

<net id="126"><net_src comp="30" pin="0"/><net_sink comp="123" pin=0"/></net>

<net id="133"><net_src comp="123" pin="1"/><net_sink comp="127" pin=2"/></net>

<net id="134"><net_src comp="127" pin="4"/><net_sink comp="123" pin=0"/></net>

<net id="138"><net_src comp="4" pin="0"/><net_sink comp="135" pin=0"/></net>

<net id="145"><net_src comp="135" pin="1"/><net_sink comp="139" pin=2"/></net>

<net id="149"><net_src comp="146" pin="1"/><net_sink comp="127" pin=0"/></net>

<net id="156"><net_src comp="123" pin="1"/><net_sink comp="150" pin=0"/></net>

<net id="157"><net_src comp="150" pin="4"/><net_sink comp="146" pin=0"/></net>

<net id="161"><net_src comp="36" pin="0"/><net_sink comp="158" pin=0"/></net>

<net id="168"><net_src comp="158" pin="1"/><net_sink comp="162" pin=0"/></net>

<net id="172"><net_src comp="169" pin="1"/><net_sink comp="150" pin=2"/></net>

<net id="179"><net_src comp="146" pin="1"/><net_sink comp="173" pin=2"/></net>

<net id="180"><net_src comp="173" pin="4"/><net_sink comp="169" pin=0"/></net>

<net id="184"><net_src comp="36" pin="0"/><net_sink comp="181" pin=0"/></net>

<net id="191"><net_src comp="181" pin="1"/><net_sink comp="185" pin=2"/></net>

<net id="196"><net_src comp="169" pin="1"/><net_sink comp="192" pin=0"/></net>

<net id="201"><net_src comp="30" pin="0"/><net_sink comp="197" pin=1"/></net>

<net id="206"><net_src comp="127" pin="4"/><net_sink comp="202" pin=0"/></net>

<net id="207"><net_src comp="30" pin="0"/><net_sink comp="202" pin=1"/></net>

<net id="212"><net_src comp="92" pin="4"/><net_sink comp="208" pin=0"/></net>

<net id="213"><net_src comp="6" pin="0"/><net_sink comp="208" pin=1"/></net>

<net id="218"><net_src comp="92" pin="4"/><net_sink comp="214" pin=0"/></net>

<net id="219"><net_src comp="12" pin="0"/><net_sink comp="214" pin=1"/></net>

<net id="223"><net_src comp="92" pin="4"/><net_sink comp="220" pin=0"/></net>

<net id="228"><net_src comp="103" pin="4"/><net_sink comp="224" pin=0"/></net>

<net id="229"><net_src comp="16" pin="0"/><net_sink comp="224" pin=1"/></net>

<net id="234"><net_src comp="103" pin="4"/><net_sink comp="230" pin=0"/></net>

<net id="235"><net_src comp="20" pin="0"/><net_sink comp="230" pin=1"/></net>

<net id="241"><net_src comp="22" pin="0"/><net_sink comp="236" pin=0"/></net>

<net id="242"><net_src comp="103" pin="4"/><net_sink comp="236" pin=1"/></net>

<net id="243"><net_src comp="24" pin="0"/><net_sink comp="236" pin=2"/></net>

<net id="247"><net_src comp="236" pin="3"/><net_sink comp="244" pin=0"/></net>

<net id="253"><net_src comp="26" pin="0"/><net_sink comp="248" pin=0"/></net>

<net id="254"><net_src comp="103" pin="4"/><net_sink comp="248" pin=1"/></net>

<net id="255"><net_src comp="28" pin="0"/><net_sink comp="248" pin=2"/></net>

<net id="259"><net_src comp="248" pin="3"/><net_sink comp="256" pin=0"/></net>

<net id="264"><net_src comp="256" pin="1"/><net_sink comp="260" pin=0"/></net>

<net id="265"><net_src comp="244" pin="1"/><net_sink comp="260" pin=1"/></net>

<net id="270"><net_src comp="115" pin="4"/><net_sink comp="266" pin=0"/></net>

<net id="271"><net_src comp="16" pin="0"/><net_sink comp="266" pin=1"/></net>

<net id="276"><net_src comp="115" pin="4"/><net_sink comp="272" pin=0"/></net>

<net id="277"><net_src comp="20" pin="0"/><net_sink comp="272" pin=1"/></net>

<net id="282"><net_src comp="139" pin="4"/><net_sink comp="278" pin=0"/></net>

<net id="283"><net_src comp="6" pin="0"/><net_sink comp="278" pin=1"/></net>

<net id="288"><net_src comp="139" pin="4"/><net_sink comp="284" pin=0"/></net>

<net id="289"><net_src comp="12" pin="0"/><net_sink comp="284" pin=1"/></net>

<net id="293"><net_src comp="139" pin="4"/><net_sink comp="290" pin=0"/></net>

<net id="297"><net_src comp="111" pin="1"/><net_sink comp="294" pin=0"/></net>

<net id="302"><net_src comp="294" pin="1"/><net_sink comp="298" pin=1"/></net>

<net id="308"><net_src comp="32" pin="0"/><net_sink comp="303" pin=0"/></net>

<net id="309"><net_src comp="298" pin="2"/><net_sink comp="303" pin=1"/></net>

<net id="310"><net_src comp="34" pin="0"/><net_sink comp="303" pin=2"/></net>

<net id="315"><net_src comp="303" pin="3"/><net_sink comp="311" pin=0"/></net>

<net id="319"><net_src comp="162" pin="4"/><net_sink comp="316" pin=0"/></net>

<net id="324"><net_src comp="162" pin="4"/><net_sink comp="320" pin=0"/></net>

<net id="325"><net_src comp="38" pin="0"/><net_sink comp="320" pin=1"/></net>

<net id="330"><net_src comp="162" pin="4"/><net_sink comp="326" pin=0"/></net>

<net id="331"><net_src comp="42" pin="0"/><net_sink comp="326" pin=1"/></net>

<net id="336"><net_src comp="316" pin="1"/><net_sink comp="332" pin=0"/></net>

<net id="337"><net_src comp="99" pin="1"/><net_sink comp="332" pin=1"/></net>

<net id="343"><net_src comp="44" pin="0"/><net_sink comp="338" pin=0"/></net>

<net id="344"><net_src comp="332" pin="2"/><net_sink comp="338" pin=1"/></net>

<net id="345"><net_src comp="14" pin="0"/><net_sink comp="338" pin=2"/></net>

<net id="349"><net_src comp="338" pin="3"/><net_sink comp="346" pin=0"/></net>

<net id="355"><net_src comp="46" pin="0"/><net_sink comp="350" pin=0"/></net>

<net id="356"><net_src comp="332" pin="2"/><net_sink comp="350" pin=1"/></net>

<net id="357"><net_src comp="36" pin="0"/><net_sink comp="350" pin=2"/></net>

<net id="361"><net_src comp="350" pin="3"/><net_sink comp="358" pin=0"/></net>

<net id="366"><net_src comp="346" pin="1"/><net_sink comp="362" pin=0"/></net>

<net id="367"><net_src comp="358" pin="1"/><net_sink comp="362" pin=1"/></net>

<net id="371"><net_src comp="185" pin="4"/><net_sink comp="368" pin=0"/></net>

<net id="376"><net_src comp="185" pin="4"/><net_sink comp="372" pin=0"/></net>

<net id="377"><net_src comp="38" pin="0"/><net_sink comp="372" pin=1"/></net>

<net id="382"><net_src comp="185" pin="4"/><net_sink comp="378" pin=0"/></net>

<net id="383"><net_src comp="42" pin="0"/><net_sink comp="378" pin=1"/></net>

<net id="388"><net_src comp="111" pin="1"/><net_sink comp="384" pin=0"/></net>

<net id="389"><net_src comp="368" pin="1"/><net_sink comp="384" pin=1"/></net>

<net id="393"><net_src comp="384" pin="2"/><net_sink comp="390" pin=0"/></net>

<net id="398"><net_src comp="390" pin="1"/><net_sink comp="394" pin=0"/></net>

<net id="404"><net_src comp="48" pin="0"/><net_sink comp="399" pin=0"/></net>

<net id="405"><net_src comp="394" pin="2"/><net_sink comp="399" pin=1"/></net>

<net id="406"><net_src comp="34" pin="0"/><net_sink comp="399" pin=2"/></net>

<net id="411"><net_src comp="399" pin="3"/><net_sink comp="407" pin=1"/></net>

<net id="415"><net_src comp="407" pin="2"/><net_sink comp="412" pin=0"/></net>

<net id="416"><net_src comp="412" pin="1"/><net_sink comp="62" pin=2"/></net>

<net id="420"><net_src comp="123" pin="1"/><net_sink comp="417" pin=0"/></net>

<net id="427"><net_src comp="52" pin="0"/><net_sink comp="421" pin=0"/></net>

<net id="428"><net_src comp="417" pin="1"/><net_sink comp="421" pin=1"/></net>

<net id="429"><net_src comp="54" pin="0"/><net_sink comp="421" pin=2"/></net>

<net id="430"><net_src comp="56" pin="0"/><net_sink comp="421" pin=3"/></net>

<net id="434"><net_src comp="417" pin="1"/><net_sink comp="431" pin=0"/></net>

<net id="439"><net_src comp="421" pin="4"/><net_sink comp="435" pin=0"/></net>

<net id="440"><net_src comp="58" pin="0"/><net_sink comp="435" pin=1"/></net>

<net id="445"><net_src comp="431" pin="1"/><net_sink comp="441" pin=0"/></net>

<net id="446"><net_src comp="60" pin="0"/><net_sink comp="441" pin=1"/></net>

<net id="451"><net_src comp="441" pin="2"/><net_sink comp="447" pin=0"/></net>

<net id="452"><net_src comp="435" pin="2"/><net_sink comp="447" pin=1"/></net>

<net id="457"><net_src comp="447" pin="2"/><net_sink comp="453" pin=0"/></net>

<net id="463"><net_src comp="453" pin="2"/><net_sink comp="458" pin=0"/></net>

<net id="464"><net_src comp="30" pin="0"/><net_sink comp="458" pin=1"/></net>

<net id="465"><net_src comp="123" pin="1"/><net_sink comp="458" pin=2"/></net>

<net id="466"><net_src comp="458" pin="3"/><net_sink comp="82" pin=1"/></net>

<net id="470"><net_src comp="467" pin="1"/><net_sink comp="75" pin=2"/></net>

<net id="477"><net_src comp="214" pin="2"/><net_sink comp="474" pin=0"/></net>

<net id="478"><net_src comp="474" pin="1"/><net_sink comp="92" pin=2"/></net>

<net id="482"><net_src comp="220" pin="1"/><net_sink comp="479" pin=0"/></net>

<net id="483"><net_src comp="479" pin="1"/><net_sink comp="311" pin=1"/></net>

<net id="490"><net_src comp="230" pin="2"/><net_sink comp="487" pin=0"/></net>

<net id="491"><net_src comp="487" pin="1"/><net_sink comp="103" pin=2"/></net>

<net id="495"><net_src comp="260" pin="2"/><net_sink comp="492" pin=0"/></net>

<net id="496"><net_src comp="492" pin="1"/><net_sink comp="298" pin=0"/></net>

<net id="503"><net_src comp="272" pin="2"/><net_sink comp="500" pin=0"/></net>

<net id="504"><net_src comp="500" pin="1"/><net_sink comp="115" pin=0"/></net>

<net id="511"><net_src comp="284" pin="2"/><net_sink comp="508" pin=0"/></net>

<net id="512"><net_src comp="508" pin="1"/><net_sink comp="139" pin=0"/></net>

<net id="516"><net_src comp="290" pin="1"/><net_sink comp="513" pin=0"/></net>

<net id="517"><net_src comp="513" pin="1"/><net_sink comp="407" pin=0"/></net>

<net id="521"><net_src comp="202" pin="2"/><net_sink comp="518" pin=0"/></net>

<net id="522"><net_src comp="518" pin="1"/><net_sink comp="453" pin=1"/></net>

<net id="526"><net_src comp="311" pin="2"/><net_sink comp="523" pin=0"/></net>

<net id="527"><net_src comp="523" pin="1"/><net_sink comp="467" pin=0"/></net>

<net id="534"><net_src comp="326" pin="2"/><net_sink comp="531" pin=0"/></net>

<net id="535"><net_src comp="531" pin="1"/><net_sink comp="162" pin=2"/></net>

<net id="539"><net_src comp="362" pin="2"/><net_sink comp="536" pin=0"/></net>

<net id="540"><net_src comp="536" pin="1"/><net_sink comp="394" pin=1"/></net>

<net id="547"><net_src comp="378" pin="2"/><net_sink comp="544" pin=0"/></net>

<net id="548"><net_src comp="544" pin="1"/><net_sink comp="185" pin=0"/></net>

<net id="552"><net_src comp="62" pin="3"/><net_sink comp="549" pin=0"/></net>

<net id="553"><net_src comp="549" pin="1"/><net_sink comp="69" pin=0"/></net>

<net id="557"><net_src comp="69" pin="3"/><net_sink comp="554" pin=0"/></net>

<net id="558"><net_src comp="554" pin="1"/><net_sink comp="197" pin=0"/></net>

<net id="562"><net_src comp="197" pin="2"/><net_sink comp="559" pin=0"/></net>

<net id="563"><net_src comp="559" pin="1"/><net_sink comp="192" pin=1"/></net>

<net id="567"><net_src comp="192" pin="2"/><net_sink comp="564" pin=0"/></net>

<net id="568"><net_src comp="564" pin="1"/><net_sink comp="173" pin=0"/></net>

</net_list>

</model> 
---------------- Datapath Model END ------------------

* FSMD analyzer results:
  - Output states:
	Port: out_r | {18 }
	Port: f3 | {}
 - Input state : 
	Port: conv4 : out_r | {}
	Port: conv4 : f3 | {7 8 }
  - Chain level:
	State 1
	State 2
		exitcond5 : 1
		oc_3 : 1
		StgValue_24 : 2
		tmp_cast : 1
	State 3
		exitcond4 : 1
		r_5 : 1
		StgValue_32 : 2
		tmp_56 : 1
		p_shl_cast : 2
		tmp_57 : 1
		p_shl1_cast : 2
		tmp_58 : 3
	State 4
		exitcond3 : 1
		c_5 : 1
		StgValue_44 : 2
	State 5
		exitcond2 : 1
		ic_3 : 1
		StgValue_52 : 2
		tmp_21_cast : 1
		tmp_30 : 1
		tmp_59 : 1
		tmp_86_cast : 2
		tmp_60 : 3
	State 6
		kr_cast2 : 1
		exitcond1 : 1
		kr_2 : 1
		StgValue_66 : 2
		tmp_22 : 2
		tmp_61 : 3
		p_shl2_cast : 4
		tmp_62 : 3
		p_shl3_cast : 4
		tmp_63 : 5
	State 7
		kc_cast1 : 1
		exitcond : 1
		kc_2 : 1
		StgValue_81 : 2
		tmp_24 : 2
		tmp_25_cast : 3
		tmp_64 : 4
		tmp_93_cast : 5
		tmp_65 : 6
		tmp_94_cast : 7
		f3_addr : 8
		f3_load : 9
	State 8
	State 9
	State 10
	State 11
	State 12
	State 13
	State 14
	State 15
	State 16
	State 17
	State 18
		tmp_s : 1
		tmp : 1
		notlhs : 2
		notrhs : 2
		tmp_29 : 3
		tmp_31 : 3
		sum_3 : 3
		out_addr : 1
		StgValue_112 : 4


============================================================
+ Verbose Summary: Datapath Resource usage 
============================================================

* Functional unit list:
|----------|--------------------|---------|---------|---------|
| Operation|   Functional Unit  |  DSP48E |    FF   |   LUT   |
|----------|--------------------|---------|---------|---------|
|   fadd   |     grp_fu_192     |    2    |   205   |   390   |
|----------|--------------------|---------|---------|---------|
|   fmul   |     grp_fu_197     |    3    |   143   |   321   |
|----------|--------------------|---------|---------|---------|
|   fcmp   |    tmp_30_fu_202   |    0    |    66   |   239   |
|----------|--------------------|---------|---------|---------|
|          |     oc_3_fu_214    |    0    |    0    |    15   |
|          |     r_5_fu_230     |    0    |    0    |    13   |
|          |    tmp_58_fu_260   |    0    |    0    |    15   |
|          |     c_5_fu_272     |    0    |    0    |    13   |
|          |     ic_3_fu_284    |    0    |    0    |    15   |
|          |    tmp_59_fu_298   |    0    |    0    |    15   |
|    add   |    tmp_60_fu_311   |    0    |    0    |    17   |
|          |     kr_2_fu_326    |    0    |    0    |    10   |
|          |    tmp_22_fu_332   |    0    |    0    |    13   |
|          |     kc_2_fu_378    |    0    |    0    |    10   |
|          |    tmp_24_fu_384   |    0    |    0    |    13   |
|          |    tmp_64_fu_394   |    0    |    0    |    15   |
|          |    tmp_65_fu_407   |    0    |    0    |    19   |
|----------|--------------------|---------|---------|---------|
|          |  exitcond5_fu_208  |    0    |    0    |    11   |
|          |  exitcond4_fu_224  |    0    |    0    |    9    |
|          |  exitcond3_fu_266  |    0    |    0    |    9    |
|   icmp   |  exitcond2_fu_278  |    0    |    0    |    11   |
|          |  exitcond1_fu_320  |    0    |    0    |    8    |
|          |   exitcond_fu_372  |    0    |    0    |    8    |
|          |    notlhs_fu_435   |    0    |    0    |    11   |
|          |    notrhs_fu_441   |    0    |    0    |    18   |
|----------|--------------------|---------|---------|---------|
|  select  |    sum_3_fu_458    |    0    |    0    |    32   |
|----------|--------------------|---------|---------|---------|
|    sub   |    tmp_63_fu_362   |    0    |    0    |    15   |
|----------|--------------------|---------|---------|---------|
|    or    |    tmp_29_fu_447   |    0    |    0    |    2    |
|----------|--------------------|---------|---------|---------|
|    and   |    tmp_31_fu_453   |    0    |    0    |    2    |
|----------|--------------------|---------|---------|---------|
|          |   tmp_cast_fu_220  |    0    |    0    |    0    |
|          |  p_shl_cast_fu_244 |    0    |    0    |    0    |
|          | p_shl1_cast_fu_256 |    0    |    0    |    0    |
|          | tmp_21_cast_fu_290 |    0    |    0    |    0    |
|          | tmp_20_cast_fu_294 |    0    |    0    |    0    |
|   zext   |   kr_cast2_fu_316  |    0    |    0    |    0    |
|          | p_shl2_cast_fu_346 |    0    |    0    |    0    |
|          | p_shl3_cast_fu_358 |    0    |    0    |    0    |
|          |   kc_cast1_fu_368  |    0    |    0    |    0    |
|          | tmp_25_cast_fu_390 |    0    |    0    |    0    |
|          | tmp_94_cast_fu_412 |    0    |    0    |    0    |
|          | tmp_87_cast_fu_467 |    0    |    0    |    0    |
|----------|--------------------|---------|---------|---------|
|          |    tmp_56_fu_236   |    0    |    0    |    0    |
|          |    tmp_57_fu_248   |    0    |    0    |    0    |
|bitconcatenate| tmp_86_cast_fu_303 |    0    |    0    |    0    |
|          |    tmp_61_fu_338   |    0    |    0    |    0    |
|          |    tmp_62_fu_350   |    0    |    0    |    0    |
|          | tmp_93_cast_fu_399 |    0    |    0    |    0    |
|----------|--------------------|---------|---------|---------|
|partselect|    tmp_s_fu_421    |    0    |    0    |    0    |
|----------|--------------------|---------|---------|---------|
|   trunc  |     tmp_fu_431     |    0    |    0    |    0    |
|----------|--------------------|---------|---------|---------|
|   Total  |                    |    5    |   414   |   1269  |
|----------|--------------------|---------|---------|---------|

Memories:
N/A

* Register list:
+-------------------+--------+
|                   |   FF   |
+-------------------+--------+
|    c_5_reg_500    |    4   |
|     c_reg_111     |    4   |
|  f3_addr_reg_549  |   13   |
|  f3_load_reg_554  |   32   |
|    ic_3_reg_508   |    6   |
|     ic_reg_135    |    6   |
|    kc_2_reg_544   |    2   |
|     kc_reg_181    |    2   |
|    kr_2_reg_531   |    2   |
|     kr_reg_158    |    2   |
|    oc_3_reg_474   |    6   |
|     oc_reg_88     |    6   |
|    r_5_reg_487    |    4   |
|      r_reg_99     |    4   |
|    sum5_reg_123   |   32   |
|   sum_1_reg_146   |   32   |
|   sum_2_reg_169   |   32   |
|    sum_reg_564    |   32   |
|tmp_21_cast_reg_513|   14   |
|   tmp_26_reg_559  |   32   |
|   tmp_30_reg_518  |    1   |
|   tmp_58_reg_492  |    8   |
|   tmp_60_reg_523  |   13   |
|   tmp_63_reg_536  |    9   |
|  tmp_cast_reg_479 |   13   |
+-------------------+--------+
|       Total       |   311  |
+-------------------+--------+

* Multiplexer (MUX) list: 
|------------------|------|------|------|--------||---------||---------|
|       Comp       |  Pin | Size |  BW  | S x BW ||  Delay  ||   LUT   |
|------------------|------|------|------|--------||---------||---------|
| grp_access_fu_69 |  p0  |   2  |  13  |   26   ||    9    |
|     r_reg_99     |  p0  |   2  |   4  |    8   ||    9    |
|     c_reg_111    |  p0  |   2  |   4  |    8   ||    9    |
|   sum5_reg_123   |  p0  |   2  |  32  |   64   ||    9    |
|------------------|------|------|------|--------||---------||---------|
|       Total      |      |      |      |   106  ||  7.076  ||    36   |
|------------------|------|------|------|--------||---------||---------|



* Summary:
+-----------+--------+--------+--------+--------+
|           | DSP48E |  Delay |   FF   |   LUT  |
+-----------+--------+--------+--------+--------+
|  Function |    5   |    -   |   414  |  1269  |
|   Memory  |    -   |    -   |    -   |    -   |
|Multiplexer|    -   |    7   |    -   |   36   |
|  Register |    -   |    -   |   311  |    -   |
+-----------+--------+--------+--------+--------+
|   Total   |    5   |    7   |   725  |  1305  |
+-----------+--------+--------+--------+--------+
