

================================================================
== Vivado HLS Report for 'maxpool1'
================================================================
* Date:           Sun Jun  7 19:29:31 2026

* Version:        2018.3 (Build 2405991 on Thu Dec 06 23:56:15 MST 2018)
* Project:        finalproj
* Solution:       nodirective
* Product family: zynq
* Target device:  xc7z020clg484-1


================================================================
== Performance Estimates
================================================================
+ Timing (ns): 
    * Summary: 
    +--------+-------+----------+------------+
    |  Clock | Target| Estimated| Uncertainty|
    +--------+-------+----------+------------+
    |ap_clk  |  10.00|     8.465|        1.25|
    +--------+-------+----------+------------+

+ Latency (clock cycles): 
    * Summary: 
    +--------+--------+--------+--------+---------+
    |     Latency     |     Interval    | Pipeline|
    |   min  |   max  |   min  |   max  |   Type  |
    +--------+--------+--------+--------+---------+
    |  177337|  177337|  177337|  177337|   none  |
    +--------+--------+--------+--------+---------+

    + Detail: 
        * Instance: 
        N/A

        * Loop: 
        +-------------------------+--------+--------+----------+-----------+-----------+------+----------+
        |                         |     Latency     | Iteration|  Initiation Interval  | Trip |          |
        |        Loop Name        |   min  |   max  |  Latency |  achieved |   target  | Count| Pipelined|
        +-------------------------+--------+--------+----------+-----------+-----------+------+----------+
        |- Loop 1                 |  177336|  177336|     22167|          -|          -|     8|    no    |
        | + Loop 1.1              |   22165|   22165|       715|          -|          -|    31|    no    |
        |  ++ Loop 1.1.1          |     713|     713|        23|          -|          -|    31|    no    |
        |   +++ Loop 1.1.1.1      |      20|      20|        10|          -|          -|     2|    no    |
        |    ++++ Loop 1.1.1.1.1  |       8|       8|         4|          -|          -|     2|    no    |
        +-------------------------+--------+--------+----------+-----------+-----------+------+----------+

============================================================
+ Verbose Summary: Synthesis Manager
============================================================
InlineROM: 1
ExposeGlobal: 0
============================================================
+ Verbose Summary: CDFG Model
============================================================
IsTopModel: 0
ResetActiveHigh: 1
IsCombinational: 0
IsDatapathOnly: 0
HasWiredReturn: 1
HasMFsm: 0
HasVarLatency: 1
IsPipeline: 0
IsRtlPipelined: 0
IsInstanceOverlapped: 0
IsDontTouch: 0
HasImplIP: 0
IsGatedGlobalClock: 0


============================================================
+ Verbose Summary: Schedule
============================================================
* Number of FSM states : 10
* Pipeline : 0
* Dataflow Pipeline: 0

* FSM state transitions: 
1 --> 
	2  / true
2 --> 
	3  / (!exitcond4)
3 --> 
	4  / (!exitcond3)
	2  / (exitcond3)
4 --> 
	5  / (!exitcond2)
	3  / (exitcond2)
5 --> 
	6  / true
6 --> 
	7  / (!exitcond1)
	4  / (exitcond1)
7 --> 
	8  / (!exitcond)
	6  / (exitcond)
8 --> 
	9  / true
9 --> 
	10  / true
10 --> 
	7  / true

* FSM state operations: 

State 1 <SV = 0> <Delay = 1.76>
ST_1 : Operation 11 [1/1] (1.76ns)   --->   "br label %.loopexit6" [topp.c:75]   --->   Operation 11 'br' <Predicate = true> <Delay = 1.76>

State 2 <SV = 1> <Delay = 1.76>
ST_2 : Operation 12 [1/1] (0.00ns)   --->   "%ch = phi i4 [ 0, %0 ], [ %ch_2, %.loopexit6.loopexit ]"   --->   Operation 12 'phi' 'ch' <Predicate = true> <Delay = 0.00>
ST_2 : Operation 13 [1/1] (1.30ns)   --->   "%exitcond4 = icmp eq i4 %ch, -8" [topp.c:75]   --->   Operation 13 'icmp' 'exitcond4' <Predicate = true> <Delay = 1.30> <Core = "Cmp">   --->   Core 25 'Cmp' <Latency = 0> <II = 1> <Delay = 2.44> <FuncUnit> <Opcode : 'icmp'> <InPorts = 2> <OutPorts = 1>
ST_2 : Operation 14 [1/1] (0.00ns)   --->   "%empty = call i32 (...)* @_ssdm_op_SpecLoopTripCount(i64 8, i64 8, i64 8)"   --->   Operation 14 'speclooptripcount' 'empty' <Predicate = true> <Delay = 0.00>
ST_2 : Operation 15 [1/1] (1.73ns)   --->   "%ch_2 = add i4 %ch, 1" [topp.c:75]   --->   Operation 15 'add' 'ch_2' <Predicate = true> <Delay = 1.73> <Core = "AddSub">   --->   Core 14 'AddSub' <Latency = 0> <II = 1> <Delay = 2.07> <FuncUnit> <Opcode : 'add' 'sub'> <InPorts = 2> <OutPorts = 1>
ST_2 : Operation 16 [1/1] (0.00ns)   --->   "br i1 %exitcond4, label %4, label %.preheader6.preheader" [topp.c:75]   --->   Operation 16 'br' <Predicate = true> <Delay = 0.00>
ST_2 : Operation 17 [1/1] (0.00ns)   --->   "%tmp_cast5 = zext i4 %ch to i16" [topp.c:78]   --->   Operation 17 'zext' 'tmp_cast5' <Predicate = (!exitcond4)> <Delay = 0.00>
ST_2 : Operation 18 [1/1] (0.00ns)   --->   "%tmp_cast = zext i4 %ch to i14" [topp.c:78]   --->   Operation 18 'zext' 'tmp_cast' <Predicate = (!exitcond4)> <Delay = 0.00>
ST_2 : Operation 19 [1/1] (1.76ns)   --->   "br label %.preheader6" [topp.c:78]   --->   Operation 19 'br' <Predicate = (!exitcond4)> <Delay = 1.76>
ST_2 : Operation 20 [1/1] (0.00ns)   --->   "ret void" [topp.c:99]   --->   Operation 20 'ret' <Predicate = (exitcond4)> <Delay = 0.00>

State 3 <SV = 2> <Delay = 1.78>
ST_3 : Operation 21 [1/1] (0.00ns)   --->   "%r = phi i5 [ 0, %.preheader6.preheader ], [ %r_2, %.preheader6.loopexit ]"   --->   Operation 21 'phi' 'r' <Predicate = true> <Delay = 0.00>
ST_3 : Operation 22 [1/1] (1.36ns)   --->   "%exitcond3 = icmp eq i5 %r, -1" [topp.c:78]   --->   Operation 22 'icmp' 'exitcond3' <Predicate = true> <Delay = 1.36> <Core = "Cmp">   --->   Core 25 'Cmp' <Latency = 0> <II = 1> <Delay = 2.44> <FuncUnit> <Opcode : 'icmp'> <InPorts = 2> <OutPorts = 1>
ST_3 : Operation 23 [1/1] (0.00ns)   --->   "%empty_13 = call i32 (...)* @_ssdm_op_SpecLoopTripCount(i64 31, i64 31, i64 31)"   --->   Operation 23 'speclooptripcount' 'empty_13' <Predicate = true> <Delay = 0.00>
ST_3 : Operation 24 [1/1] (1.78ns)   --->   "%r_2 = add i5 %r, 1" [topp.c:78]   --->   Operation 24 'add' 'r_2' <Predicate = true> <Delay = 1.78> <Core = "AddSub">   --->   Core 14 'AddSub' <Latency = 0> <II = 1> <Delay = 2.07> <FuncUnit> <Opcode : 'add' 'sub'> <InPorts = 2> <OutPorts = 1>
ST_3 : Operation 25 [1/1] (0.00ns)   --->   "br i1 %exitcond3, label %.loopexit6.loopexit, label %.preheader5.preheader" [topp.c:78]   --->   Operation 25 'br' <Predicate = true> <Delay = 0.00>
ST_3 : Operation 26 [1/1] (0.00ns)   --->   "%tmp_s = call i6 @_ssdm_op_BitConcatenate.i6.i5.i1(i5 %r, i1 false)" [topp.c:83]   --->   Operation 26 'bitconcatenate' 'tmp_s' <Predicate = (!exitcond3)> <Delay = 0.00>
ST_3 : Operation 27 [1/1] (0.00ns)   --->   "%tmp_28 = call i12 @_ssdm_op_BitConcatenate.i12.i5.i7(i5 %r, i7 0)" [topp.c:78]   --->   Operation 27 'bitconcatenate' 'tmp_28' <Predicate = (!exitcond3)> <Delay = 0.00>
ST_3 : Operation 28 [1/1] (0.00ns)   --->   "%p_shl1_cast = zext i12 %tmp_28 to i13" [topp.c:78]   --->   Operation 28 'zext' 'p_shl1_cast' <Predicate = (!exitcond3)> <Delay = 0.00>
ST_3 : Operation 29 [1/1] (0.00ns)   --->   "%tmp_29 = call i7 @_ssdm_op_BitConcatenate.i7.i5.i2(i5 %r, i2 0)" [topp.c:78]   --->   Operation 29 'bitconcatenate' 'tmp_29' <Predicate = (!exitcond3)> <Delay = 0.00>
ST_3 : Operation 30 [1/1] (0.00ns)   --->   "%p_shl2_cast = zext i7 %tmp_29 to i13" [topp.c:83]   --->   Operation 30 'zext' 'p_shl2_cast' <Predicate = (!exitcond3)> <Delay = 0.00>
ST_3 : Operation 31 [1/1] (1.54ns)   --->   "%tmp_30 = sub i13 %p_shl1_cast, %p_shl2_cast" [topp.c:83]   --->   Operation 31 'sub' 'tmp_30' <Predicate = (!exitcond3)> <Delay = 1.54> <Core = "AddSub">   --->   Core 14 'AddSub' <Latency = 0> <II = 1> <Delay = 2.07> <FuncUnit> <Opcode : 'add' 'sub'> <InPorts = 2> <OutPorts = 1>
ST_3 : Operation 32 [1/1] (0.00ns)   --->   "%tmp_39_cast = sext i13 %tmp_30 to i14" [topp.c:83]   --->   Operation 32 'sext' 'tmp_39_cast' <Predicate = (!exitcond3)> <Delay = 0.00>
ST_3 : Operation 33 [1/1] (0.00ns)   --->   "%tmp_2_cast = zext i5 %r to i11" [topp.c:78]   --->   Operation 33 'zext' 'tmp_2_cast' <Predicate = (!exitcond3)> <Delay = 0.00>
ST_3 : Operation 34 [1/1] (0.00ns)   --->   "%tmp_31 = call i10 @_ssdm_op_BitConcatenate.i10.i5.i5(i5 %r, i5 0)" [topp.c:78]   --->   Operation 34 'bitconcatenate' 'tmp_31' <Predicate = (!exitcond3)> <Delay = 0.00>
ST_3 : Operation 35 [1/1] (0.00ns)   --->   "%p_shl_cast = zext i10 %tmp_31 to i11" [topp.c:95]   --->   Operation 35 'zext' 'p_shl_cast' <Predicate = (!exitcond3)> <Delay = 0.00>
ST_3 : Operation 36 [1/1] (1.73ns)   --->   "%tmp_32 = sub i11 %p_shl_cast, %tmp_2_cast" [topp.c:95]   --->   Operation 36 'sub' 'tmp_32' <Predicate = (!exitcond3)> <Delay = 1.73> <Core = "AddSub">   --->   Core 14 'AddSub' <Latency = 0> <II = 1> <Delay = 2.07> <FuncUnit> <Opcode : 'add' 'sub'> <InPorts = 2> <OutPorts = 1>
ST_3 : Operation 37 [1/1] (1.76ns)   --->   "br label %.preheader5" [topp.c:80]   --->   Operation 37 'br' <Predicate = (!exitcond3)> <Delay = 1.76>
ST_3 : Operation 38 [1/1] (0.00ns)   --->   "br label %.loopexit6"   --->   Operation 38 'br' <Predicate = (exitcond3)> <Delay = 0.00>

State 4 <SV = 3> <Delay = 5.90>
ST_4 : Operation 39 [1/1] (0.00ns)   --->   "%c = phi i5 [ %c_2, %3 ], [ 0, %.preheader5.preheader ]"   --->   Operation 39 'phi' 'c' <Predicate = true> <Delay = 0.00>
ST_4 : Operation 40 [1/1] (1.36ns)   --->   "%exitcond2 = icmp eq i5 %c, -1" [topp.c:80]   --->   Operation 40 'icmp' 'exitcond2' <Predicate = true> <Delay = 1.36> <Core = "Cmp">   --->   Core 25 'Cmp' <Latency = 0> <II = 1> <Delay = 2.44> <FuncUnit> <Opcode : 'icmp'> <InPorts = 2> <OutPorts = 1>
ST_4 : Operation 41 [1/1] (0.00ns)   --->   "%empty_14 = call i32 (...)* @_ssdm_op_SpecLoopTripCount(i64 31, i64 31, i64 31)"   --->   Operation 41 'speclooptripcount' 'empty_14' <Predicate = true> <Delay = 0.00>
ST_4 : Operation 42 [1/1] (1.78ns)   --->   "%c_2 = add i5 %c, 1" [topp.c:80]   --->   Operation 42 'add' 'c_2' <Predicate = true> <Delay = 1.78> <Core = "AddSub">   --->   Core 14 'AddSub' <Latency = 0> <II = 1> <Delay = 2.07> <FuncUnit> <Opcode : 'add' 'sub'> <InPorts = 2> <OutPorts = 1>
ST_4 : Operation 43 [1/1] (0.00ns)   --->   "br i1 %exitcond2, label %.preheader6.loopexit, label %1" [topp.c:80]   --->   Operation 43 'br' <Predicate = true> <Delay = 0.00>
ST_4 : Operation 44 [1/1] (0.00ns)   --->   "%tmp_3 = call i6 @_ssdm_op_BitConcatenate.i6.i5.i1(i5 %c, i1 false)" [topp.c:83]   --->   Operation 44 'bitconcatenate' 'tmp_3' <Predicate = (!exitcond2)> <Delay = 0.00>
ST_4 : Operation 45 [1/1] (0.00ns)   --->   "%tmp_4_cast = zext i6 %tmp_3 to i14" [topp.c:83]   --->   Operation 45 'zext' 'tmp_4_cast' <Predicate = (!exitcond2)> <Delay = 0.00>
ST_4 : Operation 46 [1/1] (1.67ns)   --->   "%tmp_33 = add i14 %tmp_39_cast, %tmp_4_cast" [topp.c:83]   --->   Operation 46 'add' 'tmp_33' <Predicate = (!exitcond2)> <Delay = 1.67> <Core = "AddSub">   --->   Core 14 'AddSub' <Latency = 0> <II = 1> <Delay = 2.07> <FuncUnit> <Opcode : 'add' 'sub'> <InPorts = 2> <OutPorts = 1>
ST_4 : Operation 47 [1/1] (0.00ns)   --->   "%tmp = trunc i14 %tmp_33 to i1" [topp.c:83]   --->   Operation 47 'trunc' 'tmp' <Predicate = (!exitcond2)> <Delay = 0.00>
ST_4 : Operation 48 [1/1] (0.00ns)   --->   "%tmp_34 = call i4 @_ssdm_op_BitConcatenate.i4.i1.i3(i1 %tmp, i3 0)" [topp.c:83]   --->   Operation 48 'bitconcatenate' 'tmp_34' <Predicate = (!exitcond2)> <Delay = 0.00>
ST_4 : Operation 49 [1/1] (0.97ns)   --->   "%tmp_35 = or i4 %tmp_34, %ch" [topp.c:83]   --->   Operation 49 'or' 'tmp_35' <Predicate = (!exitcond2)> <Delay = 0.97> <Core = "LogicGate">   --->   Core 27 'LogicGate' <Latency = 0> <II = 1> <Delay = 0.97> <FuncUnit> <Opcode : 'and' 'or' 'xor'> <InPorts = 2> <OutPorts = 1>
ST_4 : Operation 50 [1/1] (0.00ns)   --->   "%tmp_36 = call i13 @_ssdm_op_PartSelect.i13.i14.i32.i32(i14 %tmp_33, i32 1, i32 13)" [topp.c:83]   --->   Operation 50 'partselect' 'tmp_36' <Predicate = (!exitcond2)> <Delay = 0.00>
ST_4 : Operation 51 [1/1] (0.00ns)   --->   "%tmp_37 = call i17 @_ssdm_op_BitConcatenate.i17.i13.i4(i13 %tmp_36, i4 %tmp_35)" [topp.c:83]   --->   Operation 51 'bitconcatenate' 'tmp_37' <Predicate = (!exitcond2)> <Delay = 0.00>
ST_4 : Operation 52 [1/1] (0.00ns)   --->   "%tmp_38 = sext i17 %tmp_37 to i64" [topp.c:83]   --->   Operation 52 'sext' 'tmp_38' <Predicate = (!exitcond2)> <Delay = 0.00>
ST_4 : Operation 53 [1/1] (0.00ns)   --->   "%f1_addr = getelementptr [30752 x float]* @f1, i64 0, i64 %tmp_38" [topp.c:83]   --->   Operation 53 'getelementptr' 'f1_addr' <Predicate = (!exitcond2)> <Delay = 0.00>
ST_4 : Operation 54 [2/2] (3.25ns)   --->   "%maxv = load float* %f1_addr, align 4" [topp.c:83]   --->   Operation 54 'load' 'maxv' <Predicate = (!exitcond2)> <Delay = 3.25> <Core = "RAM">   --->   Core 37 'RAM' <Latency = 1> <II = 1> <Delay = 3.25> <Storage> <Opcode : 'load' 'store'> <Ports = 2> <Width = 32> <Depth = 7688> <RAM>
ST_4 : Operation 55 [1/1] (0.00ns)   --->   "br label %.preheader6"   --->   Operation 55 'br' <Predicate = (exitcond2)> <Delay = 0.00>

State 5 <SV = 4> <Delay = 3.25>
ST_5 : Operation 56 [1/2] (3.25ns)   --->   "%maxv = load float* %f1_addr, align 4" [topp.c:83]   --->   Operation 56 'load' 'maxv' <Predicate = true> <Delay = 3.25> <Core = "RAM">   --->   Core 37 'RAM' <Latency = 1> <II = 1> <Delay = 3.25> <Storage> <Opcode : 'load' 'store'> <Ports = 2> <Width = 32> <Depth = 7688> <RAM>
ST_5 : Operation 57 [1/1] (1.76ns)   --->   "br label %.loopexit" [topp.c:85]   --->   Operation 57 'br' <Predicate = true> <Delay = 1.76>

State 6 <SV = 5> <Delay = 6.70>
ST_6 : Operation 58 [1/1] (0.00ns)   --->   "%maxv4 = phi float [ %maxv, %1 ], [ %maxv_1, %.loopexit.loopexit ]"   --->   Operation 58 'phi' 'maxv4' <Predicate = true> <Delay = 0.00>
ST_6 : Operation 59 [1/1] (0.00ns)   --->   "%i = phi i2 [ 0, %1 ], [ %i_2, %.loopexit.loopexit ]"   --->   Operation 59 'phi' 'i' <Predicate = true> <Delay = 0.00>
ST_6 : Operation 60 [1/1] (0.00ns)   --->   "%i_cast2 = zext i2 %i to i6" [topp.c:85]   --->   Operation 60 'zext' 'i_cast2' <Predicate = true> <Delay = 0.00>
ST_6 : Operation 61 [1/1] (0.95ns)   --->   "%exitcond1 = icmp eq i2 %i, -2" [topp.c:85]   --->   Operation 61 'icmp' 'exitcond1' <Predicate = true> <Delay = 0.95> <Core = "Cmp">   --->   Core 25 'Cmp' <Latency = 0> <II = 1> <Delay = 2.44> <FuncUnit> <Opcode : 'icmp'> <InPorts = 2> <OutPorts = 1>
ST_6 : Operation 62 [1/1] (0.00ns)   --->   "%empty_15 = call i32 (...)* @_ssdm_op_SpecLoopTripCount(i64 2, i64 2, i64 2)"   --->   Operation 62 'speclooptripcount' 'empty_15' <Predicate = true> <Delay = 0.00>
ST_6 : Operation 63 [1/1] (1.56ns)   --->   "%i_2 = add i2 %i, 1" [topp.c:85]   --->   Operation 63 'add' 'i_2' <Predicate = true> <Delay = 1.56> <Core = "AddSub">   --->   Core 14 'AddSub' <Latency = 0> <II = 1> <Delay = 2.07> <FuncUnit> <Opcode : 'add' 'sub'> <InPorts = 2> <OutPorts = 1>
ST_6 : Operation 64 [1/1] (0.00ns)   --->   "br i1 %exitcond1, label %3, label %.preheader.preheader" [topp.c:85]   --->   Operation 64 'br' <Predicate = true> <Delay = 0.00>
ST_6 : Operation 65 [1/1] (1.82ns)   --->   "%tmp_6 = add i6 %i_cast2, %tmp_s" [topp.c:91]   --->   Operation 65 'add' 'tmp_6' <Predicate = (!exitcond1)> <Delay = 1.82> <Core = "AddSub">   --->   Core 14 'AddSub' <Latency = 0> <II = 1> <Delay = 2.07> <FuncUnit> <Opcode : 'add' 'sub'> <InPorts = 2> <OutPorts = 1>
ST_6 : Operation 66 [1/1] (0.00ns)   --->   "%tmp_41 = call i12 @_ssdm_op_BitConcatenate.i12.i6.i6(i6 %tmp_6, i6 0)" [topp.c:91]   --->   Operation 66 'bitconcatenate' 'tmp_41' <Predicate = (!exitcond1)> <Delay = 0.00>
ST_6 : Operation 67 [1/1] (0.00ns)   --->   "%p_shl3_cast = zext i12 %tmp_41 to i13" [topp.c:91]   --->   Operation 67 'zext' 'p_shl3_cast' <Predicate = (!exitcond1)> <Delay = 0.00>
ST_6 : Operation 68 [1/1] (0.00ns)   --->   "%tmp_42 = call i7 @_ssdm_op_BitConcatenate.i7.i6.i1(i6 %tmp_6, i1 false)" [topp.c:91]   --->   Operation 68 'bitconcatenate' 'tmp_42' <Predicate = (!exitcond1)> <Delay = 0.00>
ST_6 : Operation 69 [1/1] (0.00ns)   --->   "%p_shl4_cast = zext i7 %tmp_42 to i13" [topp.c:91]   --->   Operation 69 'zext' 'p_shl4_cast' <Predicate = (!exitcond1)> <Delay = 0.00>
ST_6 : Operation 70 [1/1] (1.54ns)   --->   "%tmp_43 = sub i13 %p_shl3_cast, %p_shl4_cast" [topp.c:91]   --->   Operation 70 'sub' 'tmp_43' <Predicate = (!exitcond1)> <Delay = 1.54> <Core = "AddSub">   --->   Core 14 'AddSub' <Latency = 0> <II = 1> <Delay = 2.07> <FuncUnit> <Opcode : 'add' 'sub'> <InPorts = 2> <OutPorts = 1>
ST_6 : Operation 71 [1/1] (1.76ns)   --->   "br label %.preheader" [topp.c:87]   --->   Operation 71 'br' <Predicate = (!exitcond1)> <Delay = 1.76>
ST_6 : Operation 72 [1/1] (0.00ns)   --->   "%tmp_5_cast = zext i5 %c to i11" [topp.c:80]   --->   Operation 72 'zext' 'tmp_5_cast' <Predicate = (exitcond1)> <Delay = 0.00>
ST_6 : Operation 73 [1/1] (1.63ns)   --->   "%tmp_39 = add i11 %tmp_5_cast, %tmp_32" [topp.c:80]   --->   Operation 73 'add' 'tmp_39' <Predicate = (exitcond1)> <Delay = 1.63> <Core = "AddSub">   --->   Core 14 'AddSub' <Latency = 0> <II = 1> <Delay = 2.07> <FuncUnit> <Opcode : 'add' 'sub'> <InPorts = 2> <OutPorts = 1>
ST_6 : Operation 74 [1/1] (0.00ns)   --->   "%tmp_50_cast = call i14 @_ssdm_op_BitConcatenate.i14.i11.i3(i11 %tmp_39, i3 0)" [topp.c:95]   --->   Operation 74 'bitconcatenate' 'tmp_50_cast' <Predicate = (exitcond1)> <Delay = 0.00>
ST_6 : Operation 75 [1/1] (1.81ns)   --->   "%tmp_40 = add i14 %tmp_cast, %tmp_50_cast" [topp.c:95]   --->   Operation 75 'add' 'tmp_40' <Predicate = (exitcond1)> <Delay = 1.81> <Core = "AddSub">   --->   Core 14 'AddSub' <Latency = 0> <II = 1> <Delay = 2.07> <FuncUnit> <Opcode : 'add' 'sub'> <InPorts = 2> <OutPorts = 1>
ST_6 : Operation 76 [1/1] (0.00ns)   --->   "%tmp_51_cast = zext i14 %tmp_40 to i64" [topp.c:95]   --->   Operation 76 'zext' 'tmp_51_cast' <Predicate = (exitcond1)> <Delay = 0.00>
ST_6 : Operation 77 [1/1] (0.00ns)   --->   "%out_addr = getelementptr [7688 x float]* %out_r, i64 0, i64 %tmp_51_cast" [topp.c:95]   --->   Operation 77 'getelementptr' 'out_addr' <Predicate = (exitcond1)> <Delay = 0.00>
ST_6 : Operation 78 [1/1] (3.25ns)   --->   "store float %maxv4, float* %out_addr, align 4" [topp.c:95]   --->   Operation 78 'store' <Predicate = (exitcond1)> <Delay = 3.25> <Core = "RAM">   --->   Core 37 'RAM' <Latency = 1> <II = 1> <Delay = 3.25> <Storage> <Opcode : 'load' 'store'> <Ports = 2> <Width = 32> <Depth = 7688> <RAM>
ST_6 : Operation 79 [1/1] (0.00ns)   --->   "br label %.preheader5" [topp.c:80]   --->   Operation 79 'br' <Predicate = (exitcond1)> <Delay = 0.00>

State 7 <SV = 6> <Delay = 5.58>
ST_7 : Operation 80 [1/1] (0.00ns)   --->   "%maxv_1 = phi float [ %maxv_2, %2 ], [ %maxv4, %.preheader.preheader ]"   --->   Operation 80 'phi' 'maxv_1' <Predicate = true> <Delay = 0.00>
ST_7 : Operation 81 [1/1] (0.00ns)   --->   "%j = phi i2 [ %j_2, %2 ], [ 0, %.preheader.preheader ]"   --->   Operation 81 'phi' 'j' <Predicate = true> <Delay = 0.00>
ST_7 : Operation 82 [1/1] (0.00ns)   --->   "%j_cast1 = zext i2 %j to i6" [topp.c:87]   --->   Operation 82 'zext' 'j_cast1' <Predicate = true> <Delay = 0.00>
ST_7 : Operation 83 [1/1] (0.95ns)   --->   "%exitcond = icmp eq i2 %j, -2" [topp.c:87]   --->   Operation 83 'icmp' 'exitcond' <Predicate = true> <Delay = 0.95> <Core = "Cmp">   --->   Core 25 'Cmp' <Latency = 0> <II = 1> <Delay = 2.44> <FuncUnit> <Opcode : 'icmp'> <InPorts = 2> <OutPorts = 1>
ST_7 : Operation 84 [1/1] (0.00ns)   --->   "%empty_16 = call i32 (...)* @_ssdm_op_SpecLoopTripCount(i64 2, i64 2, i64 2)"   --->   Operation 84 'speclooptripcount' 'empty_16' <Predicate = true> <Delay = 0.00>
ST_7 : Operation 85 [1/1] (1.56ns)   --->   "%j_2 = add i2 %j, 1" [topp.c:87]   --->   Operation 85 'add' 'j_2' <Predicate = true> <Delay = 1.56> <Core = "AddSub">   --->   Core 14 'AddSub' <Latency = 0> <II = 1> <Delay = 2.07> <FuncUnit> <Opcode : 'add' 'sub'> <InPorts = 2> <OutPorts = 1>
ST_7 : Operation 86 [1/1] (0.00ns)   --->   "br i1 %exitcond, label %.loopexit.loopexit, label %2" [topp.c:87]   --->   Operation 86 'br' <Predicate = true> <Delay = 0.00>
ST_7 : Operation 87 [1/1] (1.82ns)   --->   "%tmp_8 = add i6 %j_cast1, %tmp_3" [topp.c:91]   --->   Operation 87 'add' 'tmp_8' <Predicate = (!exitcond)> <Delay = 1.82> <Core = "AddSub">   --->   Core 14 'AddSub' <Latency = 0> <II = 1> <Delay = 2.07> <FuncUnit> <Opcode : 'add' 'sub'> <InPorts = 2> <OutPorts = 1>
ST_7 : Operation 88 [1/1] (0.00ns)   --->   "%tmp_9_cast = zext i6 %tmp_8 to i13" [topp.c:91]   --->   Operation 88 'zext' 'tmp_9_cast' <Predicate = (!exitcond)> <Delay = 0.00>
ST_7 : Operation 89 [1/1] (1.67ns)   --->   "%tmp_44 = add i13 %tmp_43, %tmp_9_cast" [topp.c:91]   --->   Operation 89 'add' 'tmp_44' <Predicate = (!exitcond)> <Delay = 1.67> <Core = "AddSub">   --->   Core 14 'AddSub' <Latency = 0> <II = 1> <Delay = 2.07> <FuncUnit> <Opcode : 'add' 'sub'> <InPorts = 2> <OutPorts = 1>
ST_7 : Operation 90 [1/1] (0.00ns)   --->   "%tmp_57_cast = call i16 @_ssdm_op_BitConcatenate.i16.i13.i3(i13 %tmp_44, i3 0)" [topp.c:91]   --->   Operation 90 'bitconcatenate' 'tmp_57_cast' <Predicate = (!exitcond)> <Delay = 0.00>
ST_7 : Operation 91 [1/1] (2.07ns)   --->   "%tmp_45 = add i16 %tmp_57_cast, %tmp_cast5" [topp.c:91]   --->   Operation 91 'add' 'tmp_45' <Predicate = (!exitcond)> <Delay = 2.07> <Core = "AddSub">   --->   Core 14 'AddSub' <Latency = 0> <II = 1> <Delay = 2.07> <FuncUnit> <Opcode : 'add' 'sub'> <InPorts = 2> <OutPorts = 1>
ST_7 : Operation 92 [1/1] (0.00ns)   --->   "br label %.loopexit"   --->   Operation 92 'br' <Predicate = (exitcond)> <Delay = 0.00>

State 8 <SV = 7> <Delay = 3.25>
ST_8 : Operation 93 [1/1] (0.00ns)   --->   "%tmp_58_cast = zext i16 %tmp_45 to i64" [topp.c:91]   --->   Operation 93 'zext' 'tmp_58_cast' <Predicate = true> <Delay = 0.00>
ST_8 : Operation 94 [1/1] (0.00ns)   --->   "%f1_addr_1 = getelementptr [30752 x float]* @f1, i64 0, i64 %tmp_58_cast" [topp.c:91]   --->   Operation 94 'getelementptr' 'f1_addr_1' <Predicate = true> <Delay = 0.00>
ST_8 : Operation 95 [2/2] (3.25ns)   --->   "%v = load float* %f1_addr_1, align 4" [topp.c:91]   --->   Operation 95 'load' 'v' <Predicate = true> <Delay = 3.25> <Core = "RAM">   --->   Core 37 'RAM' <Latency = 1> <II = 1> <Delay = 3.25> <Storage> <Opcode : 'load' 'store'> <Ports = 2> <Width = 32> <Depth = 7688> <RAM>

State 9 <SV = 8> <Delay = 3.25>
ST_9 : Operation 96 [1/2] (3.25ns)   --->   "%v = load float* %f1_addr_1, align 4" [topp.c:91]   --->   Operation 96 'load' 'v' <Predicate = true> <Delay = 3.25> <Core = "RAM">   --->   Core 37 'RAM' <Latency = 1> <II = 1> <Delay = 3.25> <Storage> <Opcode : 'load' 'store'> <Ports = 2> <Width = 32> <Depth = 7688> <RAM>

State 10 <SV = 9> <Delay = 8.46>
ST_10 : Operation 97 [1/1] (0.00ns)   --->   "%v_to_int = bitcast float %v to i32" [topp.c:92]   --->   Operation 97 'bitcast' 'v_to_int' <Predicate = true> <Delay = 0.00>
ST_10 : Operation 98 [1/1] (0.00ns)   --->   "%tmp_19 = call i8 @_ssdm_op_PartSelect.i8.i32.i32.i32(i32 %v_to_int, i32 23, i32 30)" [topp.c:92]   --->   Operation 98 'partselect' 'tmp_19' <Predicate = true> <Delay = 0.00>
ST_10 : Operation 99 [1/1] (0.00ns)   --->   "%tmp_46 = trunc i32 %v_to_int to i23" [topp.c:92]   --->   Operation 99 'trunc' 'tmp_46' <Predicate = true> <Delay = 0.00>
ST_10 : Operation 100 [1/1] (0.00ns)   --->   "%maxv_1_to_int = bitcast float %maxv_1 to i32" [topp.c:92]   --->   Operation 100 'bitcast' 'maxv_1_to_int' <Predicate = true> <Delay = 0.00>
ST_10 : Operation 101 [1/1] (0.00ns)   --->   "%tmp_21 = call i8 @_ssdm_op_PartSelect.i8.i32.i32.i32(i32 %maxv_1_to_int, i32 23, i32 30)" [topp.c:92]   --->   Operation 101 'partselect' 'tmp_21' <Predicate = true> <Delay = 0.00>
ST_10 : Operation 102 [1/1] (0.00ns)   --->   "%tmp_47 = trunc i32 %maxv_1_to_int to i23" [topp.c:92]   --->   Operation 102 'trunc' 'tmp_47' <Predicate = true> <Delay = 0.00>
ST_10 : Operation 103 [1/1] (1.55ns)   --->   "%notlhs = icmp ne i8 %tmp_19, -1" [topp.c:92]   --->   Operation 103 'icmp' 'notlhs' <Predicate = true> <Delay = 1.55> <Core = "Cmp">   --->   Core 25 'Cmp' <Latency = 0> <II = 1> <Delay = 2.44> <FuncUnit> <Opcode : 'icmp'> <InPorts = 2> <OutPorts = 1>
ST_10 : Operation 104 [1/1] (2.44ns)   --->   "%notrhs = icmp eq i23 %tmp_46, 0" [topp.c:92]   --->   Operation 104 'icmp' 'notrhs' <Predicate = true> <Delay = 2.44> <Core = "Cmp">   --->   Core 25 'Cmp' <Latency = 0> <II = 1> <Delay = 2.44> <FuncUnit> <Opcode : 'icmp'> <InPorts = 2> <OutPorts = 1>
ST_10 : Operation 105 [1/1] (0.00ns) (grouped into LUT with out node tmp_27)   --->   "%tmp_23 = or i1 %notrhs, %notlhs" [topp.c:92]   --->   Operation 105 'or' 'tmp_23' <Predicate = true> <Delay = 0.00> <Core = "LogicGate">   --->   Core 27 'LogicGate' <Latency = 0> <II = 1> <Delay = 0.97> <FuncUnit> <Opcode : 'and' 'or' 'xor'> <InPorts = 2> <OutPorts = 1>
ST_10 : Operation 106 [1/1] (1.55ns)   --->   "%notlhs6 = icmp ne i8 %tmp_21, -1" [topp.c:92]   --->   Operation 106 'icmp' 'notlhs6' <Predicate = true> <Delay = 1.55> <Core = "Cmp">   --->   Core 25 'Cmp' <Latency = 0> <II = 1> <Delay = 2.44> <FuncUnit> <Opcode : 'icmp'> <InPorts = 2> <OutPorts = 1>
ST_10 : Operation 107 [1/1] (2.44ns)   --->   "%notrhs7 = icmp eq i23 %tmp_47, 0" [topp.c:92]   --->   Operation 107 'icmp' 'notrhs7' <Predicate = true> <Delay = 2.44> <Core = "Cmp">   --->   Core 25 'Cmp' <Latency = 0> <II = 1> <Delay = 2.44> <FuncUnit> <Opcode : 'icmp'> <InPorts = 2> <OutPorts = 1>
ST_10 : Operation 108 [1/1] (0.00ns) (grouped into LUT with out node tmp_27)   --->   "%tmp_24 = or i1 %notrhs7, %notlhs6" [topp.c:92]   --->   Operation 108 'or' 'tmp_24' <Predicate = true> <Delay = 0.00> <Core = "LogicGate">   --->   Core 27 'LogicGate' <Latency = 0> <II = 1> <Delay = 0.97> <FuncUnit> <Opcode : 'and' 'or' 'xor'> <InPorts = 2> <OutPorts = 1>
ST_10 : Operation 109 [1/1] (0.00ns) (grouped into LUT with out node tmp_27)   --->   "%tmp_25 = and i1 %tmp_23, %tmp_24" [topp.c:92]   --->   Operation 109 'and' 'tmp_25' <Predicate = true> <Delay = 0.00> <Core = "LogicGate">   --->   Core 27 'LogicGate' <Latency = 0> <II = 1> <Delay = 0.97> <FuncUnit> <Opcode : 'and' 'or' 'xor'> <InPorts = 2> <OutPorts = 1>
ST_10 : Operation 110 [1/1] (6.78ns)   --->   "%tmp_26 = fcmp ogt float %v, %maxv_1" [topp.c:92]   --->   Operation 110 'fcmp' 'tmp_26' <Predicate = true> <Delay = 6.78> <Core = "FCmp">   --->   Core 110 'FCmp' <Latency = 0> <II = 1> <Delay = 6.78> <FuncUnit> <Opcode : 'fcmp'> <InPorts = 2> <OutPorts = 1>
ST_10 : Operation 111 [1/1] (0.97ns) (out node of the LUT)   --->   "%tmp_27 = and i1 %tmp_25, %tmp_26" [topp.c:92]   --->   Operation 111 'and' 'tmp_27' <Predicate = true> <Delay = 0.97> <Core = "LogicGate">   --->   Core 27 'LogicGate' <Latency = 0> <II = 1> <Delay = 0.97> <FuncUnit> <Opcode : 'and' 'or' 'xor'> <InPorts = 2> <OutPorts = 1>
ST_10 : Operation 112 [1/1] (0.69ns) (out node of the LUT)   --->   "%maxv_2 = select i1 %tmp_27, float %v, float %maxv_1" [topp.c:92]   --->   Operation 112 'select' 'maxv_2' <Predicate = true> <Delay = 0.69> <Core = "Sel">   --->   Core 26 'Sel' <Latency = 0> <II = 1> <Delay = 0.69> <FuncUnit> <Opcode : 'select'> <InPorts = 3> <OutPorts = 1>
ST_10 : Operation 113 [1/1] (0.00ns)   --->   "br label %.preheader" [topp.c:87]   --->   Operation 113 'br' <Predicate = true> <Delay = 0.00>


============================================================
+ Verbose Summary: Binding
============================================================
STG Binding: 
---------------- STG Properties BEGIN ----------------
- Is combinational: 0
- Is one-state seq: 0
- Is datapath-only: 0
- Is pipelined: 0
- Is top level: 0
Port [ Return ] is wired: 1; IO mode=ap_ctrl_hs:ce=0
Port [ out_r]:  wired=1; compound=1; hidden=0; nouse=0; global=0; static=0; extern=0; dir=1; type=1; pingpong=0; private_global=0; MemPort=[03]; IO mode=ap_memory:ce=0
Port [ f1]:  wired=1; compound=1; hidden=0; nouse=0; global=1; static=1; extern=0; dir=0; type=1; pingpong=0; private_global=0; linkage=7; visibility=0; MemPort=[13]; IO mode=ap_memory:ce=0
---------------- STG Properties END ------------------

---------------- Datapath Model BEGIN ----------------

<LifeTime>
<method=bitvector/>
StgValue_11   (br               ) [ 01111111111]
ch            (phi              ) [ 00101111111]
exitcond4     (icmp             ) [ 00111111111]
empty         (speclooptripcount) [ 00000000000]
ch_2          (add              ) [ 01111111111]
StgValue_16   (br               ) [ 00000000000]
tmp_cast5     (zext             ) [ 00011111111]
tmp_cast      (zext             ) [ 00011111111]
StgValue_19   (br               ) [ 00111111111]
StgValue_20   (ret              ) [ 00000000000]
r             (phi              ) [ 00010000000]
exitcond3     (icmp             ) [ 00111111111]
empty_13      (speclooptripcount) [ 00000000000]
r_2           (add              ) [ 00111111111]
StgValue_25   (br               ) [ 00000000000]
tmp_s         (bitconcatenate   ) [ 00001111111]
tmp_28        (bitconcatenate   ) [ 00000000000]
p_shl1_cast   (zext             ) [ 00000000000]
tmp_29        (bitconcatenate   ) [ 00000000000]
p_shl2_cast   (zext             ) [ 00000000000]
tmp_30        (sub              ) [ 00000000000]
tmp_39_cast   (sext             ) [ 00001111111]
tmp_2_cast    (zext             ) [ 00000000000]
tmp_31        (bitconcatenate   ) [ 00000000000]
p_shl_cast    (zext             ) [ 00000000000]
tmp_32        (sub              ) [ 00001111111]
StgValue_37   (br               ) [ 00111111111]
StgValue_38   (br               ) [ 01111111111]
c             (phi              ) [ 00001111111]
exitcond2     (icmp             ) [ 00111111111]
empty_14      (speclooptripcount) [ 00000000000]
c_2           (add              ) [ 00111111111]
StgValue_43   (br               ) [ 00000000000]
tmp_3         (bitconcatenate   ) [ 00000111111]
tmp_4_cast    (zext             ) [ 00000000000]
tmp_33        (add              ) [ 00000000000]
tmp           (trunc            ) [ 00000000000]
tmp_34        (bitconcatenate   ) [ 00000000000]
tmp_35        (or               ) [ 00000000000]
tmp_36        (partselect       ) [ 00000000000]
tmp_37        (bitconcatenate   ) [ 00000000000]
tmp_38        (sext             ) [ 00000000000]
f1_addr       (getelementptr    ) [ 00000100000]
StgValue_55   (br               ) [ 00111111111]
maxv          (load             ) [ 00111111111]
StgValue_57   (br               ) [ 00111111111]
maxv4         (phi              ) [ 00000011111]
i             (phi              ) [ 00000010000]
i_cast2       (zext             ) [ 00000000000]
exitcond1     (icmp             ) [ 00111111111]
empty_15      (speclooptripcount) [ 00000000000]
i_2           (add              ) [ 00111111111]
StgValue_64   (br               ) [ 00000000000]
tmp_6         (add              ) [ 00000000000]
tmp_41        (bitconcatenate   ) [ 00000000000]
p_shl3_cast   (zext             ) [ 00000000000]
tmp_42        (bitconcatenate   ) [ 00000000000]
p_shl4_cast   (zext             ) [ 00000000000]
tmp_43        (sub              ) [ 00000001111]
StgValue_71   (br               ) [ 00111111111]
tmp_5_cast    (zext             ) [ 00000000000]
tmp_39        (add              ) [ 00000000000]
tmp_50_cast   (bitconcatenate   ) [ 00000000000]
tmp_40        (add              ) [ 00000000000]
tmp_51_cast   (zext             ) [ 00000000000]
out_addr      (getelementptr    ) [ 00000000000]
StgValue_78   (store            ) [ 00000000000]
StgValue_79   (br               ) [ 00111111111]
maxv_1        (phi              ) [ 00111111111]
j             (phi              ) [ 00000001000]
j_cast1       (zext             ) [ 00000000000]
exitcond      (icmp             ) [ 00111111111]
empty_16      (speclooptripcount) [ 00000000000]
j_2           (add              ) [ 00111111111]
StgValue_86   (br               ) [ 00000000000]
tmp_8         (add              ) [ 00000000000]
tmp_9_cast    (zext             ) [ 00000000000]
tmp_44        (add              ) [ 00000000000]
tmp_57_cast   (bitconcatenate   ) [ 00000000000]
tmp_45        (add              ) [ 00000000100]
StgValue_92   (br               ) [ 00111111111]
tmp_58_cast   (zext             ) [ 00000000000]
f1_addr_1     (getelementptr    ) [ 00000000010]
v             (load             ) [ 00000000001]
v_to_int      (bitcast          ) [ 00000000000]
tmp_19        (partselect       ) [ 00000000000]
tmp_46        (trunc            ) [ 00000000000]
maxv_1_to_int (bitcast          ) [ 00000000000]
tmp_21        (partselect       ) [ 00000000000]
tmp_47        (trunc            ) [ 00000000000]
notlhs        (icmp             ) [ 00000000000]
notrhs        (icmp             ) [ 00000000000]
tmp_23        (or               ) [ 00000000000]
notlhs6       (icmp             ) [ 00000000000]
notrhs7       (icmp             ) [ 00000000000]
tmp_24        (or               ) [ 00000000000]
tmp_25        (and              ) [ 00000000000]
tmp_26        (fcmp             ) [ 00000000000]
tmp_27        (and              ) [ 00000000000]
maxv_2        (select           ) [ 00111111111]
StgValue_113  (br               ) [ 00111111111]
</LifeTime>

<model>

<comp_list>
<comp id="0" class="1000" name="out_r">
<pin_list>
<pin id="1" dir="1" index="0" bw="1" slack="0"/>
</pin_list>
<bind>
<StgValue><ssdm name="out_r"/><MemPortTyVec>0 3 </MemPortTyVec>
</StgValue>
</bind>
</comp>

<comp id="2" class="1000" name="f1">
<pin_list>
<pin id="3" dir="1" index="0" bw="1" slack="0"/>
</pin_list>
<bind>
<StgValue><ssdm name="f1"/><MemPortTyVec>1 3 </MemPortTyVec>
</StgValue>
</bind>
</comp>

<comp id="4" class="1001" name="const_4">
<pin_list>
<pin id="5" dir="1" index="0" bw="1" slack="1"/>
</pin_list>
<bind>
<StgValue><ssdm name=""/></StgValue>
</bind>
</comp>

<comp id="6" class="1001" name="const_6">
<pin_list>
<pin id="7" dir="1" index="0" bw="1" slack="0"/>
</pin_list>
<bind>
<StgValue><ssdm name=""/></StgValue>
</bind>
</comp>

<comp id="8" class="1001" name="const_8">
<pin_list>
<pin id="9" dir="1" index="0" bw="1" slack="2147483647"/>
</pin_list>
<bind>
<StgValue><ssdm name="_ssdm_op_SpecLoopTripCount"/></StgValue>
</bind>
</comp>

<comp id="10" class="1001" name="const_10">
<pin_list>
<pin id="11" dir="1" index="0" bw="1" slack="2147483647"/>
</pin_list>
<bind>
<StgValue><ssdm name=""/></StgValue>
</bind>
</comp>

<comp id="12" class="1001" name="const_12">
<pin_list>
<pin id="13" dir="1" index="0" bw="1" slack="0"/>
</pin_list>
<bind>
<StgValue><ssdm name=""/></StgValue>
</bind>
</comp>

<comp id="14" class="1001" name="const_14">
<pin_list>
<pin id="15" dir="1" index="0" bw="1" slack="0"/>
</pin_list>
<bind>
<StgValue><ssdm name=""/></StgValue>
</bind>
</comp>

<comp id="16" class="1001" name="const_16">
<pin_list>
<pin id="17" dir="1" index="0" bw="1" slack="0"/>
</pin_list>
<bind>
<StgValue><ssdm name=""/></StgValue>
</bind>
</comp>

<comp id="18" class="1001" name="const_18">
<pin_list>
<pin id="19" dir="1" index="0" bw="1" slack="2147483647"/>
</pin_list>
<bind>
<StgValue><ssdm name=""/></StgValue>
</bind>
</comp>

<comp id="20" class="1001" name="const_20">
<pin_list>
<pin id="21" dir="1" index="0" bw="1" slack="0"/>
</pin_list>
<bind>
<StgValue><ssdm name=""/></StgValue>
</bind>
</comp>

<comp id="22" class="1001" name="const_22">
<pin_list>
<pin id="23" dir="1" index="0" bw="1" slack="0"/>
</pin_list>
<bind>
<StgValue><ssdm name="_ssdm_op_BitConcatenate.i6.i5.i1"/></StgValue>
</bind>
</comp>

<comp id="24" class="1001" name="const_24">
<pin_list>
<pin id="25" dir="1" index="0" bw="1" slack="0"/>
</pin_list>
<bind>
<StgValue><ssdm name=""/></StgValue>
</bind>
</comp>

<comp id="26" class="1001" name="const_26">
<pin_list>
<pin id="27" dir="1" index="0" bw="1" slack="0"/>
</pin_list>
<bind>
<StgValue><ssdm name="_ssdm_op_BitConcatenate.i12.i5.i7"/></StgValue>
</bind>
</comp>

<comp id="28" class="1001" name="const_28">
<pin_list>
<pin id="29" dir="1" index="0" bw="1" slack="0"/>
</pin_list>
<bind>
<StgValue><ssdm name=""/></StgValue>
</bind>
</comp>

<comp id="30" class="1001" name="const_30">
<pin_list>
<pin id="31" dir="1" index="0" bw="1" slack="0"/>
</pin_list>
<bind>
<StgValue><ssdm name="_ssdm_op_BitConcatenate.i7.i5.i2"/></StgValue>
</bind>
</comp>

<comp id="32" class="1001" name="const_32">
<pin_list>
<pin id="33" dir="1" index="0" bw="1" slack="0"/>
</pin_list>
<bind>
<StgValue><ssdm name=""/></StgValue>
</bind>
</comp>

<comp id="34" class="1001" name="const_34">
<pin_list>
<pin id="35" dir="1" index="0" bw="1" slack="0"/>
</pin_list>
<bind>
<StgValue><ssdm name="_ssdm_op_BitConcatenate.i10.i5.i5"/></StgValue>
</bind>
</comp>

<comp id="36" class="1001" name="const_36">
<pin_list>
<pin id="37" dir="1" index="0" bw="1" slack="0"/>
</pin_list>
<bind>
<StgValue><ssdm name="_ssdm_op_BitConcatenate.i4.i1.i3"/></StgValue>
</bind>
</comp>

<comp id="38" class="1001" name="const_38">
<pin_list>
<pin id="39" dir="1" index="0" bw="1" slack="0"/>
</pin_list>
<bind>
<StgValue><ssdm name=""/></StgValue>
</bind>
</comp>

<comp id="40" class="1001" name="const_40">
<pin_list>
<pin id="41" dir="1" index="0" bw="1" slack="0"/>
</pin_list>
<bind>
<StgValue><ssdm name="_ssdm_op_PartSelect.i13.i14.i32.i32"/></StgValue>
</bind>
</comp>

<comp id="42" class="1001" name="const_42">
<pin_list>
<pin id="43" dir="1" index="0" bw="1" slack="0"/>
</pin_list>
<bind>
<StgValue><ssdm name=""/></StgValue>
</bind>
</comp>

<comp id="44" class="1001" name="const_44">
<pin_list>
<pin id="45" dir="1" index="0" bw="1" slack="0"/>
</pin_list>
<bind>
<StgValue><ssdm name=""/></StgValue>
</bind>
</comp>

<comp id="46" class="1001" name="const_46">
<pin_list>
<pin id="47" dir="1" index="0" bw="1" slack="0"/>
</pin_list>
<bind>
<StgValue><ssdm name="_ssdm_op_BitConcatenate.i17.i13.i4"/></StgValue>
</bind>
</comp>

<comp id="48" class="1001" name="const_48">
<pin_list>
<pin id="49" dir="1" index="0" bw="1" slack="0"/>
</pin_list>
<bind>
<StgValue><ssdm name=""/></StgValue>
</bind>
</comp>

<comp id="50" class="1001" name="const_50">
<pin_list>
<pin id="51" dir="1" index="0" bw="1" slack="0"/>
</pin_list>
<bind>
<StgValue><ssdm name=""/></StgValue>
</bind>
</comp>

<comp id="52" class="1001" name="const_52">
<pin_list>
<pin id="53" dir="1" index="0" bw="1" slack="2147483647"/>
</pin_list>
<bind>
<StgValue><ssdm name=""/></StgValue>
</bind>
</comp>

<comp id="54" class="1001" name="const_54">
<pin_list>
<pin id="55" dir="1" index="0" bw="1" slack="0"/>
</pin_list>
<bind>
<StgValue><ssdm name=""/></StgValue>
</bind>
</comp>

<comp id="56" class="1001" name="const_56">
<pin_list>
<pin id="57" dir="1" index="0" bw="1" slack="0"/>
</pin_list>
<bind>
<StgValue><ssdm name="_ssdm_op_BitConcatenate.i12.i6.i6"/></StgValue>
</bind>
</comp>

<comp id="58" class="1001" name="const_58">
<pin_list>
<pin id="59" dir="1" index="0" bw="1" slack="0"/>
</pin_list>
<bind>
<StgValue><ssdm name=""/></StgValue>
</bind>
</comp>

<comp id="60" class="1001" name="const_60">
<pin_list>
<pin id="61" dir="1" index="0" bw="1" slack="0"/>
</pin_list>
<bind>
<StgValue><ssdm name="_ssdm_op_BitConcatenate.i7.i6.i1"/></StgValue>
</bind>
</comp>

<comp id="62" class="1001" name="const_62">
<pin_list>
<pin id="63" dir="1" index="0" bw="1" slack="0"/>
</pin_list>
<bind>
<StgValue><ssdm name="_ssdm_op_BitConcatenate.i14.i11.i3"/></StgValue>
</bind>
</comp>

<comp id="64" class="1001" name="const_64">
<pin_list>
<pin id="65" dir="1" index="0" bw="1" slack="0"/>
</pin_list>
<bind>
<StgValue><ssdm name="_ssdm_op_BitConcatenate.i16.i13.i3"/></StgValue>
</bind>
</comp>

<comp id="66" class="1001" name="const_66">
<pin_list>
<pin id="67" dir="1" index="0" bw="1" slack="0"/>
</pin_list>
<bind>
<StgValue><ssdm name="_ssdm_op_PartSelect.i8.i32.i32.i32"/></StgValue>
</bind>
</comp>

<comp id="68" class="1001" name="const_68">
<pin_list>
<pin id="69" dir="1" index="0" bw="1" slack="0"/>
</pin_list>
<bind>
<StgValue><ssdm name=""/></StgValue>
</bind>
</comp>

<comp id="70" class="1001" name="const_70">
<pin_list>
<pin id="71" dir="1" index="0" bw="1" slack="0"/>
</pin_list>
<bind>
<StgValue><ssdm name=""/></StgValue>
</bind>
</comp>

<comp id="72" class="1001" name="const_72">
<pin_list>
<pin id="73" dir="1" index="0" bw="1" slack="0"/>
</pin_list>
<bind>
<StgValue><ssdm name=""/></StgValue>
</bind>
</comp>

<comp id="74" class="1001" name="const_74">
<pin_list>
<pin id="75" dir="1" index="0" bw="1" slack="0"/>
</pin_list>
<bind>
<StgValue><ssdm name=""/></StgValue>
</bind>
</comp>

<comp id="76" class="1004" name="f1_addr_gep_fu_76">
<pin_list>
<pin id="77" dir="0" index="0" bw="32" slack="0"/>
<pin id="78" dir="0" index="1" bw="1" slack="0"/>
<pin id="79" dir="0" index="2" bw="17" slack="0"/>
<pin id="80" dir="1" index="3" bw="15" slack="0"/>
</pin_list>
<bind>
<opcode="getelementptr(29) " fcode="getelementptr"/>
<opset="f1_addr/4 "/>
</bind>
</comp>

<comp id="83" class="1004" name="grp_access_fu_83">
<pin_list>
<pin id="84" dir="0" index="0" bw="15" slack="0"/>
<pin id="85" dir="0" index="1" bw="32" slack="2147483647"/>
<pin id="86" dir="0" index="2" bw="0" slack="2147483647"/>
<pin id="87" dir="1" index="3" bw="32" slack="1"/>
</pin_list>
<bind>
<opcode="load(27) " fcode="load"/>
<opset="maxv/4 v/8 "/>
</bind>
</comp>

<comp id="89" class="1004" name="out_addr_gep_fu_89">
<pin_list>
<pin id="90" dir="0" index="0" bw="32" slack="0"/>
<pin id="91" dir="0" index="1" bw="1" slack="0"/>
<pin id="92" dir="0" index="2" bw="14" slack="0"/>
<pin id="93" dir="1" index="3" bw="13" slack="0"/>
</pin_list>
<bind>
<opcode="getelementptr(29) " fcode="getelementptr"/>
<opset="out_addr/6 "/>
</bind>
</comp>

<comp id="96" class="1004" name="StgValue_78_access_fu_96">
<pin_list>
<pin id="97" dir="0" index="0" bw="13" slack="0"/>
<pin id="98" dir="0" index="1" bw="32" slack="0"/>
<pin id="99" dir="0" index="2" bw="0" slack="2147483647"/>
<pin id="100" dir="1" index="3" bw="32" slack="2147483647"/>
</pin_list>
<bind>
<opcode="store(28) " fcode="store"/>
<opset="StgValue_78/6 "/>
</bind>
</comp>

<comp id="102" class="1004" name="f1_addr_1_gep_fu_102">
<pin_list>
<pin id="103" dir="0" index="0" bw="32" slack="0"/>
<pin id="104" dir="0" index="1" bw="1" slack="0"/>
<pin id="105" dir="0" index="2" bw="16" slack="0"/>
<pin id="106" dir="1" index="3" bw="15" slack="0"/>
</pin_list>
<bind>
<opcode="getelementptr(29) " fcode="getelementptr"/>
<opset="f1_addr_1/8 "/>
</bind>
</comp>

<comp id="110" class="1005" name="ch_reg_110">
<pin_list>
<pin id="111" dir="0" index="0" bw="4" slack="1"/>
<pin id="112" dir="1" index="1" bw="4" slack="1"/>
</pin_list>
<bind>
<opset="ch (phireg) "/>
</bind>
</comp>

<comp id="114" class="1004" name="ch_phi_fu_114">
<pin_list>
<pin id="115" dir="0" index="0" bw="1" slack="1"/>
<pin id="116" dir="0" index="1" bw="0" slack="2147483647"/>
<pin id="117" dir="0" index="2" bw="4" slack="0"/>
<pin id="118" dir="0" index="3" bw="0" slack="2147483647"/>
<pin id="119" dir="1" index="4" bw="4" slack="0"/>
</pin_list>
<bind>
<opcode="phi(47) " fcode="phi"/>
<opset="ch/2 "/>
</bind>
</comp>

<comp id="122" class="1005" name="r_reg_122">
<pin_list>
<pin id="123" dir="0" index="0" bw="5" slack="1"/>
<pin id="124" dir="1" index="1" bw="5" slack="1"/>
</pin_list>
<bind>
<opset="r (phireg) "/>
</bind>
</comp>

<comp id="126" class="1004" name="r_phi_fu_126">
<pin_list>
<pin id="127" dir="0" index="0" bw="1" slack="1"/>
<pin id="128" dir="0" index="1" bw="0" slack="2147483647"/>
<pin id="129" dir="0" index="2" bw="5" slack="0"/>
<pin id="130" dir="0" index="3" bw="0" slack="2147483647"/>
<pin id="131" dir="1" index="4" bw="5" slack="0"/>
</pin_list>
<bind>
<opcode="phi(47) " fcode="phi"/>
<opset="r/3 "/>
</bind>
</comp>

<comp id="133" class="1005" name="c_reg_133">
<pin_list>
<pin id="134" dir="0" index="0" bw="5" slack="1"/>
<pin id="135" dir="1" index="1" bw="5" slack="1"/>
</pin_list>
<bind>
<opset="c (phireg) "/>
</bind>
</comp>

<comp id="137" class="1004" name="c_phi_fu_137">
<pin_list>
<pin id="138" dir="0" index="0" bw="5" slack="0"/>
<pin id="139" dir="0" index="1" bw="0" slack="2147483647"/>
<pin id="140" dir="0" index="2" bw="1" slack="1"/>
<pin id="141" dir="0" index="3" bw="0" slack="2147483647"/>
<pin id="142" dir="1" index="4" bw="5" slack="0"/>
</pin_list>
<bind>
<opcode="phi(47) " fcode="phi"/>
<opset="c/4 "/>
</bind>
</comp>

<comp id="145" class="1005" name="maxv4_reg_145">
<pin_list>
<pin id="146" dir="0" index="0" bw="32" slack="1"/>
<pin id="147" dir="1" index="1" bw="32" slack="1"/>
</pin_list>
<bind>
<opset="maxv4 (phireg) "/>
</bind>
</comp>

<comp id="148" class="1004" name="maxv4_phi_fu_148">
<pin_list>
<pin id="149" dir="0" index="0" bw="32" slack="1"/>
<pin id="150" dir="0" index="1" bw="0" slack="2147483647"/>
<pin id="151" dir="0" index="2" bw="32" slack="1"/>
<pin id="152" dir="0" index="3" bw="0" slack="2147483647"/>
<pin id="153" dir="1" index="4" bw="32" slack="0"/>
</pin_list>
<bind>
<opcode="phi(47) " fcode="phi"/>
<opset="maxv4/6 "/>
</bind>
</comp>

<comp id="156" class="1005" name="i_reg_156">
<pin_list>
<pin id="157" dir="0" index="0" bw="2" slack="1"/>
<pin id="158" dir="1" index="1" bw="2" slack="1"/>
</pin_list>
<bind>
<opset="i (phireg) "/>
</bind>
</comp>

<comp id="160" class="1004" name="i_phi_fu_160">
<pin_list>
<pin id="161" dir="0" index="0" bw="1" slack="1"/>
<pin id="162" dir="0" index="1" bw="0" slack="2147483647"/>
<pin id="163" dir="0" index="2" bw="2" slack="0"/>
<pin id="164" dir="0" index="3" bw="0" slack="2147483647"/>
<pin id="165" dir="1" index="4" bw="2" slack="0"/>
</pin_list>
<bind>
<opcode="phi(47) " fcode="phi"/>
<opset="i/6 "/>
</bind>
</comp>

<comp id="167" class="1005" name="maxv_1_reg_167">
<pin_list>
<pin id="168" dir="0" index="0" bw="32" slack="1"/>
<pin id="169" dir="1" index="1" bw="32" slack="1"/>
</pin_list>
<bind>
<opset="maxv_1 (phireg) "/>
</bind>
</comp>

<comp id="171" class="1004" name="maxv_1_phi_fu_171">
<pin_list>
<pin id="172" dir="0" index="0" bw="32" slack="1"/>
<pin id="173" dir="0" index="1" bw="0" slack="2147483647"/>
<pin id="174" dir="0" index="2" bw="32" slack="1"/>
<pin id="175" dir="0" index="3" bw="0" slack="2147483647"/>
<pin id="176" dir="1" index="4" bw="32" slack="1"/>
</pin_list>
<bind>
<opcode="phi(47) " fcode="phi"/>
<opset="maxv_1/7 "/>
</bind>
</comp>

<comp id="179" class="1005" name="j_reg_179">
<pin_list>
<pin id="180" dir="0" index="0" bw="2" slack="1"/>
<pin id="181" dir="1" index="1" bw="2" slack="1"/>
</pin_list>
<bind>
<opset="j (phireg) "/>
</bind>
</comp>

<comp id="183" class="1004" name="j_phi_fu_183">
<pin_list>
<pin id="184" dir="0" index="0" bw="2" slack="0"/>
<pin id="185" dir="0" index="1" bw="0" slack="2147483647"/>
<pin id="186" dir="0" index="2" bw="1" slack="1"/>
<pin id="187" dir="0" index="3" bw="0" slack="2147483647"/>
<pin id="188" dir="1" index="4" bw="2" slack="0"/>
</pin_list>
<bind>
<opcode="phi(47) " fcode="phi"/>
<opset="j/7 "/>
</bind>
</comp>

<comp id="190" class="1004" name="tmp_26_fu_190">
<pin_list>
<pin id="191" dir="0" index="0" bw="32" slack="1"/>
<pin id="192" dir="0" index="1" bw="32" slack="3"/>
<pin id="193" dir="1" index="2" bw="1" slack="0"/>
</pin_list>
<bind>
<opcode="fcmp(46) " fcode="fcmp"/>
<opset="tmp_26/10 "/>
</bind>
</comp>

<comp id="195" class="1004" name="exitcond4_fu_195">
<pin_list>
<pin id="196" dir="0" index="0" bw="4" slack="0"/>
<pin id="197" dir="0" index="1" bw="4" slack="0"/>
<pin id="198" dir="1" index="2" bw="1" slack="2147483647"/>
</pin_list>
<bind>
<opcode="icmp(45) " fcode="icmp"/>
<opset="exitcond4/2 "/>
</bind>
</comp>

<comp id="201" class="1004" name="ch_2_fu_201">
<pin_list>
<pin id="202" dir="0" index="0" bw="4" slack="0"/>
<pin id="203" dir="0" index="1" bw="1" slack="0"/>
<pin id="204" dir="1" index="2" bw="4" slack="0"/>
</pin_list>
<bind>
<opcode="add(8) " fcode="add"/>
<opset="ch_2/2 "/>
</bind>
</comp>

<comp id="207" class="1004" name="tmp_cast5_fu_207">
<pin_list>
<pin id="208" dir="0" index="0" bw="4" slack="0"/>
<pin id="209" dir="1" index="1" bw="16" slack="5"/>
</pin_list>
<bind>
<opcode="zext(34) " fcode="zext"/>
<opset="tmp_cast5/2 "/>
</bind>
</comp>

<comp id="211" class="1004" name="tmp_cast_fu_211">
<pin_list>
<pin id="212" dir="0" index="0" bw="4" slack="0"/>
<pin id="213" dir="1" index="1" bw="14" slack="4"/>
</pin_list>
<bind>
<opcode="zext(34) " fcode="zext"/>
<opset="tmp_cast/2 "/>
</bind>
</comp>

<comp id="215" class="1004" name="exitcond3_fu_215">
<pin_list>
<pin id="216" dir="0" index="0" bw="5" slack="0"/>
<pin id="217" dir="0" index="1" bw="1" slack="0"/>
<pin id="218" dir="1" index="2" bw="1" slack="2147483647"/>
</pin_list>
<bind>
<opcode="icmp(45) " fcode="icmp"/>
<opset="exitcond3/3 "/>
</bind>
</comp>

<comp id="221" class="1004" name="r_2_fu_221">
<pin_list>
<pin id="222" dir="0" index="0" bw="5" slack="0"/>
<pin id="223" dir="0" index="1" bw="1" slack="0"/>
<pin id="224" dir="1" index="2" bw="5" slack="0"/>
</pin_list>
<bind>
<opcode="add(8) " fcode="add"/>
<opset="r_2/3 "/>
</bind>
</comp>

<comp id="227" class="1004" name="tmp_s_fu_227">
<pin_list>
<pin id="228" dir="0" index="0" bw="6" slack="0"/>
<pin id="229" dir="0" index="1" bw="5" slack="0"/>
<pin id="230" dir="0" index="2" bw="1" slack="0"/>
<pin id="231" dir="1" index="3" bw="6" slack="3"/>
</pin_list>
<bind>
<opcode="bitconcatenate(1004) " fcode="bitconcatenate"/>
<opset="tmp_s/3 "/>
</bind>
</comp>

<comp id="235" class="1004" name="tmp_28_fu_235">
<pin_list>
<pin id="236" dir="0" index="0" bw="12" slack="0"/>
<pin id="237" dir="0" index="1" bw="5" slack="0"/>
<pin id="238" dir="0" index="2" bw="1" slack="0"/>
<pin id="239" dir="1" index="3" bw="12" slack="0"/>
</pin_list>
<bind>
<opcode="bitconcatenate(1004) " fcode="bitconcatenate"/>
<opset="tmp_28/3 "/>
</bind>
</comp>

<comp id="243" class="1004" name="p_shl1_cast_fu_243">
<pin_list>
<pin id="244" dir="0" index="0" bw="12" slack="0"/>
<pin id="245" dir="1" index="1" bw="13" slack="0"/>
</pin_list>
<bind>
<opcode="zext(34) " fcode="zext"/>
<opset="p_shl1_cast/3 "/>
</bind>
</comp>

<comp id="247" class="1004" name="tmp_29_fu_247">
<pin_list>
<pin id="248" dir="0" index="0" bw="7" slack="0"/>
<pin id="249" dir="0" index="1" bw="5" slack="0"/>
<pin id="250" dir="0" index="2" bw="1" slack="0"/>
<pin id="251" dir="1" index="3" bw="7" slack="0"/>
</pin_list>
<bind>
<opcode="bitconcatenate(1004) " fcode="bitconcatenate"/>
<opset="tmp_29/3 "/>
</bind>
</comp>

<comp id="255" class="1004" name="p_shl2_cast_fu_255">
<pin_list>
<pin id="256" dir="0" index="0" bw="7" slack="0"/>
<pin id="257" dir="1" index="1" bw="13" slack="0"/>
</pin_list>
<bind>
<opcode="zext(34) " fcode="zext"/>
<opset="p_shl2_cast/3 "/>
</bind>
</comp>

<comp id="259" class="1004" name="tmp_30_fu_259">
<pin_list>
<pin id="260" dir="0" index="0" bw="12" slack="0"/>
<pin id="261" dir="0" index="1" bw="7" slack="0"/>
<pin id="262" dir="1" index="2" bw="13" slack="0"/>
</pin_list>
<bind>
<opcode="sub(10) " fcode="sub"/>
<opset="tmp_30/3 "/>
</bind>
</comp>

<comp id="265" class="1004" name="tmp_39_cast_fu_265">
<pin_list>
<pin id="266" dir="0" index="0" bw="13" slack="0"/>
<pin id="267" dir="1" index="1" bw="14" slack="1"/>
</pin_list>
<bind>
<opcode="sext(35) " fcode="sext"/>
<opset="tmp_39_cast/3 "/>
</bind>
</comp>

<comp id="269" class="1004" name="tmp_2_cast_fu_269">
<pin_list>
<pin id="270" dir="0" index="0" bw="5" slack="0"/>
<pin id="271" dir="1" index="1" bw="11" slack="0"/>
</pin_list>
<bind>
<opcode="zext(34) " fcode="zext"/>
<opset="tmp_2_cast/3 "/>
</bind>
</comp>

<comp id="273" class="1004" name="tmp_31_fu_273">
<pin_list>
<pin id="274" dir="0" index="0" bw="10" slack="0"/>
<pin id="275" dir="0" index="1" bw="5" slack="0"/>
<pin id="276" dir="0" index="2" bw="1" slack="0"/>
<pin id="277" dir="1" index="3" bw="10" slack="0"/>
</pin_list>
<bind>
<opcode="bitconcatenate(1004) " fcode="bitconcatenate"/>
<opset="tmp_31/3 "/>
</bind>
</comp>

<comp id="281" class="1004" name="p_shl_cast_fu_281">
<pin_list>
<pin id="282" dir="0" index="0" bw="10" slack="0"/>
<pin id="283" dir="1" index="1" bw="11" slack="0"/>
</pin_list>
<bind>
<opcode="zext(34) " fcode="zext"/>
<opset="p_shl_cast/3 "/>
</bind>
</comp>

<comp id="285" class="1004" name="tmp_32_fu_285">
<pin_list>
<pin id="286" dir="0" index="0" bw="10" slack="0"/>
<pin id="287" dir="0" index="1" bw="5" slack="0"/>
<pin id="288" dir="1" index="2" bw="11" slack="3"/>
</pin_list>
<bind>
<opcode="sub(10) " fcode="sub"/>
<opset="tmp_32/3 "/>
</bind>
</comp>

<comp id="291" class="1004" name="exitcond2_fu_291">
<pin_list>
<pin id="292" dir="0" index="0" bw="5" slack="0"/>
<pin id="293" dir="0" index="1" bw="1" slack="0"/>
<pin id="294" dir="1" index="2" bw="1" slack="2147483647"/>
</pin_list>
<bind>
<opcode="icmp(45) " fcode="icmp"/>
<opset="exitcond2/4 "/>
</bind>
</comp>

<comp id="297" class="1004" name="c_2_fu_297">
<pin_list>
<pin id="298" dir="0" index="0" bw="5" slack="0"/>
<pin id="299" dir="0" index="1" bw="1" slack="0"/>
<pin id="300" dir="1" index="2" bw="5" slack="0"/>
</pin_list>
<bind>
<opcode="add(8) " fcode="add"/>
<opset="c_2/4 "/>
</bind>
</comp>

<comp id="303" class="1004" name="tmp_3_fu_303">
<pin_list>
<pin id="304" dir="0" index="0" bw="6" slack="0"/>
<pin id="305" dir="0" index="1" bw="5" slack="0"/>
<pin id="306" dir="0" index="2" bw="1" slack="0"/>
<pin id="307" dir="1" index="3" bw="6" slack="0"/>
</pin_list>
<bind>
<opcode="bitconcatenate(1004) " fcode="bitconcatenate"/>
<opset="tmp_3/4 "/>
</bind>
</comp>

<comp id="311" class="1004" name="tmp_4_cast_fu_311">
<pin_list>
<pin id="312" dir="0" index="0" bw="6" slack="0"/>
<pin id="313" dir="1" index="1" bw="14" slack="0"/>
</pin_list>
<bind>
<opcode="zext(34) " fcode="zext"/>
<opset="tmp_4_cast/4 "/>
</bind>
</comp>

<comp id="315" class="1004" name="tmp_33_fu_315">
<pin_list>
<pin id="316" dir="0" index="0" bw="13" slack="1"/>
<pin id="317" dir="0" index="1" bw="6" slack="0"/>
<pin id="318" dir="1" index="2" bw="14" slack="0"/>
</pin_list>
<bind>
<opcode="add(8) " fcode="add"/>
<opset="tmp_33/4 "/>
</bind>
</comp>

<comp id="320" class="1004" name="tmp_fu_320">
<pin_list>
<pin id="321" dir="0" index="0" bw="14" slack="0"/>
<pin id="322" dir="1" index="1" bw="1" slack="0"/>
</pin_list>
<bind>
<opcode="trunc(33) " fcode="trunc"/>
<opset="tmp/4 "/>
</bind>
</comp>

<comp id="324" class="1004" name="tmp_34_fu_324">
<pin_list>
<pin id="325" dir="0" index="0" bw="4" slack="0"/>
<pin id="326" dir="0" index="1" bw="1" slack="0"/>
<pin id="327" dir="0" index="2" bw="1" slack="0"/>
<pin id="328" dir="1" index="3" bw="4" slack="0"/>
</pin_list>
<bind>
<opcode="bitconcatenate(1004) " fcode="bitconcatenate"/>
<opset="tmp_34/4 "/>
</bind>
</comp>

<comp id="332" class="1004" name="tmp_35_fu_332">
<pin_list>
<pin id="333" dir="0" index="0" bw="4" slack="0"/>
<pin id="334" dir="0" index="1" bw="4" slack="2"/>
<pin id="335" dir="1" index="2" bw="4" slack="0"/>
</pin_list>
<bind>
<opcode="or(24) " fcode="or"/>
<opset="tmp_35/4 "/>
</bind>
</comp>

<comp id="338" class="1004" name="tmp_36_fu_338">
<pin_list>
<pin id="339" dir="0" index="0" bw="13" slack="0"/>
<pin id="340" dir="0" index="1" bw="14" slack="0"/>
<pin id="341" dir="0" index="2" bw="1" slack="0"/>
<pin id="342" dir="0" index="3" bw="5" slack="0"/>
<pin id="343" dir="1" index="4" bw="13" slack="0"/>
</pin_list>
<bind>
<opcode="partselect(1002) " fcode="partselect"/>
<opset="tmp_36/4 "/>
</bind>
</comp>

<comp id="348" class="1004" name="tmp_37_fu_348">
<pin_list>
<pin id="349" dir="0" index="0" bw="17" slack="0"/>
<pin id="350" dir="0" index="1" bw="13" slack="0"/>
<pin id="351" dir="0" index="2" bw="4" slack="0"/>
<pin id="352" dir="1" index="3" bw="17" slack="0"/>
</pin_list>
<bind>
<opcode="bitconcatenate(1004) " fcode="bitconcatenate"/>
<opset="tmp_37/4 "/>
</bind>
</comp>

<comp id="356" class="1004" name="tmp_38_fu_356">
<pin_list>
<pin id="357" dir="0" index="0" bw="17" slack="0"/>
<pin id="358" dir="1" index="1" bw="64" slack="0"/>
</pin_list>
<bind>
<opcode="sext(35) " fcode="sext"/>
<opset="tmp_38/4 "/>
</bind>
</comp>

<comp id="361" class="1004" name="i_cast2_fu_361">
<pin_list>
<pin id="362" dir="0" index="0" bw="2" slack="0"/>
<pin id="363" dir="1" index="1" bw="6" slack="0"/>
</pin_list>
<bind>
<opcode="zext(34) " fcode="zext"/>
<opset="i_cast2/6 "/>
</bind>
</comp>

<comp id="365" class="1004" name="exitcond1_fu_365">
<pin_list>
<pin id="366" dir="0" index="0" bw="2" slack="0"/>
<pin id="367" dir="0" index="1" bw="2" slack="0"/>
<pin id="368" dir="1" index="2" bw="1" slack="2147483647"/>
</pin_list>
<bind>
<opcode="icmp(45) " fcode="icmp"/>
<opset="exitcond1/6 "/>
</bind>
</comp>

<comp id="371" class="1004" name="i_2_fu_371">
<pin_list>
<pin id="372" dir="0" index="0" bw="2" slack="0"/>
<pin id="373" dir="0" index="1" bw="1" slack="0"/>
<pin id="374" dir="1" index="2" bw="2" slack="0"/>
</pin_list>
<bind>
<opcode="add(8) " fcode="add"/>
<opset="i_2/6 "/>
</bind>
</comp>

<comp id="377" class="1004" name="tmp_6_fu_377">
<pin_list>
<pin id="378" dir="0" index="0" bw="2" slack="0"/>
<pin id="379" dir="0" index="1" bw="6" slack="3"/>
<pin id="380" dir="1" index="2" bw="6" slack="0"/>
</pin_list>
<bind>
<opcode="add(8) " fcode="add"/>
<opset="tmp_6/6 "/>
</bind>
</comp>

<comp id="382" class="1004" name="tmp_41_fu_382">
<pin_list>
<pin id="383" dir="0" index="0" bw="12" slack="0"/>
<pin id="384" dir="0" index="1" bw="6" slack="0"/>
<pin id="385" dir="0" index="2" bw="1" slack="0"/>
<pin id="386" dir="1" index="3" bw="12" slack="0"/>
</pin_list>
<bind>
<opcode="bitconcatenate(1004) " fcode="bitconcatenate"/>
<opset="tmp_41/6 "/>
</bind>
</comp>

<comp id="390" class="1004" name="p_shl3_cast_fu_390">
<pin_list>
<pin id="391" dir="0" index="0" bw="12" slack="0"/>
<pin id="392" dir="1" index="1" bw="13" slack="0"/>
</pin_list>
<bind>
<opcode="zext(34) " fcode="zext"/>
<opset="p_shl3_cast/6 "/>
</bind>
</comp>

<comp id="394" class="1004" name="tmp_42_fu_394">
<pin_list>
<pin id="395" dir="0" index="0" bw="7" slack="0"/>
<pin id="396" dir="0" index="1" bw="6" slack="0"/>
<pin id="397" dir="0" index="2" bw="1" slack="0"/>
<pin id="398" dir="1" index="3" bw="7" slack="0"/>
</pin_list>
<bind>
<opcode="bitconcatenate(1004) " fcode="bitconcatenate"/>
<opset="tmp_42/6 "/>
</bind>
</comp>

<comp id="402" class="1004" name="p_shl4_cast_fu_402">
<pin_list>
<pin id="403" dir="0" index="0" bw="7" slack="0"/>
<pin id="404" dir="1" index="1" bw="13" slack="0"/>
</pin_list>
<bind>
<opcode="zext(34) " fcode="zext"/>
<opset="p_shl4_cast/6 "/>
</bind>
</comp>

<comp id="406" class="1004" name="tmp_43_fu_406">
<pin_list>
<pin id="407" dir="0" index="0" bw="12" slack="0"/>
<pin id="408" dir="0" index="1" bw="7" slack="0"/>
<pin id="409" dir="1" index="2" bw="13" slack="1"/>
</pin_list>
<bind>
<opcode="sub(10) " fcode="sub"/>
<opset="tmp_43/6 "/>
</bind>
</comp>

<comp id="412" class="1004" name="tmp_5_cast_fu_412">
<pin_list>
<pin id="413" dir="0" index="0" bw="5" slack="2"/>
<pin id="414" dir="1" index="1" bw="11" slack="0"/>
</pin_list>
<bind>
<opcode="zext(34) " fcode="zext"/>
<opset="tmp_5_cast/6 "/>
</bind>
</comp>

<comp id="416" class="1004" name="tmp_39_fu_416">
<pin_list>
<pin id="417" dir="0" index="0" bw="5" slack="0"/>
<pin id="418" dir="0" index="1" bw="11" slack="3"/>
<pin id="419" dir="1" index="2" bw="11" slack="0"/>
</pin_list>
<bind>
<opcode="add(8) " fcode="add"/>
<opset="tmp_39/6 "/>
</bind>
</comp>

<comp id="421" class="1004" name="tmp_50_cast_fu_421">
<pin_list>
<pin id="422" dir="0" index="0" bw="14" slack="0"/>
<pin id="423" dir="0" index="1" bw="11" slack="0"/>
<pin id="424" dir="0" index="2" bw="1" slack="0"/>
<pin id="425" dir="1" index="3" bw="14" slack="0"/>
</pin_list>
<bind>
<opcode="bitconcatenate(1004) " fcode="bitconcatenate"/>
<opset="tmp_50_cast/6 "/>
</bind>
</comp>

<comp id="429" class="1004" name="tmp_40_fu_429">
<pin_list>
<pin id="430" dir="0" index="0" bw="4" slack="4"/>
<pin id="431" dir="0" index="1" bw="14" slack="0"/>
<pin id="432" dir="1" index="2" bw="14" slack="0"/>
</pin_list>
<bind>
<opcode="add(8) " fcode="add"/>
<opset="tmp_40/6 "/>
</bind>
</comp>

<comp id="434" class="1004" name="tmp_51_cast_fu_434">
<pin_list>
<pin id="435" dir="0" index="0" bw="14" slack="0"/>
<pin id="436" dir="1" index="1" bw="64" slack="0"/>
</pin_list>
<bind>
<opcode="zext(34) " fcode="zext"/>
<opset="tmp_51_cast/6 "/>
</bind>
</comp>

<comp id="439" class="1004" name="j_cast1_fu_439">
<pin_list>
<pin id="440" dir="0" index="0" bw="2" slack="0"/>
<pin id="441" dir="1" index="1" bw="6" slack="0"/>
</pin_list>
<bind>
<opcode="zext(34) " fcode="zext"/>
<opset="j_cast1/7 "/>
</bind>
</comp>

<comp id="443" class="1004" name="exitcond_fu_443">
<pin_list>
<pin id="444" dir="0" index="0" bw="2" slack="0"/>
<pin id="445" dir="0" index="1" bw="2" slack="0"/>
<pin id="446" dir="1" index="2" bw="1" slack="2147483647"/>
</pin_list>
<bind>
<opcode="icmp(45) " fcode="icmp"/>
<opset="exitcond/7 "/>
</bind>
</comp>

<comp id="449" class="1004" name="j_2_fu_449">
<pin_list>
<pin id="450" dir="0" index="0" bw="2" slack="0"/>
<pin id="451" dir="0" index="1" bw="1" slack="0"/>
<pin id="452" dir="1" index="2" bw="2" slack="0"/>
</pin_list>
<bind>
<opcode="add(8) " fcode="add"/>
<opset="j_2/7 "/>
</bind>
</comp>

<comp id="455" class="1004" name="tmp_8_fu_455">
<pin_list>
<pin id="456" dir="0" index="0" bw="2" slack="0"/>
<pin id="457" dir="0" index="1" bw="6" slack="3"/>
<pin id="458" dir="1" index="2" bw="6" slack="0"/>
</pin_list>
<bind>
<opcode="add(8) " fcode="add"/>
<opset="tmp_8/7 "/>
</bind>
</comp>

<comp id="460" class="1004" name="tmp_9_cast_fu_460">
<pin_list>
<pin id="461" dir="0" index="0" bw="6" slack="0"/>
<pin id="462" dir="1" index="1" bw="13" slack="0"/>
</pin_list>
<bind>
<opcode="zext(34) " fcode="zext"/>
<opset="tmp_9_cast/7 "/>
</bind>
</comp>

<comp id="464" class="1004" name="tmp_44_fu_464">
<pin_list>
<pin id="465" dir="0" index="0" bw="13" slack="1"/>
<pin id="466" dir="0" index="1" bw="6" slack="0"/>
<pin id="467" dir="1" index="2" bw="13" slack="0"/>
</pin_list>
<bind>
<opcode="add(8) " fcode="add"/>
<opset="tmp_44/7 "/>
</bind>
</comp>

<comp id="469" class="1004" name="tmp_57_cast_fu_469">
<pin_list>
<pin id="470" dir="0" index="0" bw="16" slack="0"/>
<pin id="471" dir="0" index="1" bw="13" slack="0"/>
<pin id="472" dir="0" index="2" bw="1" slack="0"/>
<pin id="473" dir="1" index="3" bw="16" slack="0"/>
</pin_list>
<bind>
<opcode="bitconcatenate(1004) " fcode="bitconcatenate"/>
<opset="tmp_57_cast/7 "/>
</bind>
</comp>

<comp id="477" class="1004" name="tmp_45_fu_477">
<pin_list>
<pin id="478" dir="0" index="0" bw="16" slack="0"/>
<pin id="479" dir="0" index="1" bw="4" slack="5"/>
<pin id="480" dir="1" index="2" bw="16" slack="1"/>
</pin_list>
<bind>
<opcode="add(8) " fcode="add"/>
<opset="tmp_45/7 "/>
</bind>
</comp>

<comp id="482" class="1004" name="tmp_58_cast_fu_482">
<pin_list>
<pin id="483" dir="0" index="0" bw="16" slack="1"/>
<pin id="484" dir="1" index="1" bw="64" slack="0"/>
</pin_list>
<bind>
<opcode="zext(34) " fcode="zext"/>
<opset="tmp_58_cast/8 "/>
</bind>
</comp>

<comp id="486" class="1004" name="v_to_int_fu_486">
<pin_list>
<pin id="487" dir="0" index="0" bw="32" slack="1"/>
<pin id="488" dir="1" index="1" bw="32" slack="0"/>
</pin_list>
<bind>
<opcode="bitcast(44) " fcode="bitcast"/>
<opset="v_to_int/10 "/>
</bind>
</comp>

<comp id="489" class="1004" name="tmp_19_fu_489">
<pin_list>
<pin id="490" dir="0" index="0" bw="8" slack="0"/>
<pin id="491" dir="0" index="1" bw="32" slack="0"/>
<pin id="492" dir="0" index="2" bw="6" slack="0"/>
<pin id="493" dir="0" index="3" bw="6" slack="0"/>
<pin id="494" dir="1" index="4" bw="8" slack="0"/>
</pin_list>
<bind>
<opcode="partselect(1002) " fcode="partselect"/>
<opset="tmp_19/10 "/>
</bind>
</comp>

<comp id="499" class="1004" name="tmp_46_fu_499">
<pin_list>
<pin id="500" dir="0" index="0" bw="32" slack="0"/>
<pin id="501" dir="1" index="1" bw="23" slack="0"/>
</pin_list>
<bind>
<opcode="trunc(33) " fcode="trunc"/>
<opset="tmp_46/10 "/>
</bind>
</comp>

<comp id="503" class="1004" name="maxv_1_to_int_fu_503">
<pin_list>
<pin id="504" dir="0" index="0" bw="32" slack="3"/>
<pin id="505" dir="1" index="1" bw="32" slack="0"/>
</pin_list>
<bind>
<opcode="bitcast(44) " fcode="bitcast"/>
<opset="maxv_1_to_int/10 "/>
</bind>
</comp>

<comp id="507" class="1004" name="tmp_21_fu_507">
<pin_list>
<pin id="508" dir="0" index="0" bw="8" slack="0"/>
<pin id="509" dir="0" index="1" bw="32" slack="0"/>
<pin id="510" dir="0" index="2" bw="6" slack="0"/>
<pin id="511" dir="0" index="3" bw="6" slack="0"/>
<pin id="512" dir="1" index="4" bw="8" slack="0"/>
</pin_list>
<bind>
<opcode="partselect(1002) " fcode="partselect"/>
<opset="tmp_21/10 "/>
</bind>
</comp>

<comp id="517" class="1004" name="tmp_47_fu_517">
<pin_list>
<pin id="518" dir="0" index="0" bw="32" slack="0"/>
<pin id="519" dir="1" index="1" bw="23" slack="0"/>
</pin_list>
<bind>
<opcode="trunc(33) " fcode="trunc"/>
<opset="tmp_47/10 "/>
</bind>
</comp>

<comp id="521" class="1004" name="notlhs_fu_521">
<pin_list>
<pin id="522" dir="0" index="0" bw="8" slack="0"/>
<pin id="523" dir="0" index="1" bw="1" slack="0"/>
<pin id="524" dir="1" index="2" bw="1" slack="0"/>
</pin_list>
<bind>
<opcode="icmp(45) " fcode="icmp"/>
<opset="notlhs/10 "/>
</bind>
</comp>

<comp id="527" class="1004" name="notrhs_fu_527">
<pin_list>
<pin id="528" dir="0" index="0" bw="23" slack="0"/>
<pin id="529" dir="0" index="1" bw="1" slack="0"/>
<pin id="530" dir="1" index="2" bw="1" slack="0"/>
</pin_list>
<bind>
<opcode="icmp(45) " fcode="icmp"/>
<opset="notrhs/10 "/>
</bind>
</comp>

<comp id="533" class="1004" name="tmp_23_fu_533">
<pin_list>
<pin id="534" dir="0" index="0" bw="1" slack="0"/>
<pin id="535" dir="0" index="1" bw="1" slack="0"/>
<pin id="536" dir="1" index="2" bw="1" slack="0"/>
</pin_list>
<bind>
<opcode="or(24) " fcode="or"/>
<opset="tmp_23/10 "/>
</bind>
</comp>

<comp id="539" class="1004" name="notlhs6_fu_539">
<pin_list>
<pin id="540" dir="0" index="0" bw="8" slack="0"/>
<pin id="541" dir="0" index="1" bw="1" slack="0"/>
<pin id="542" dir="1" index="2" bw="1" slack="0"/>
</pin_list>
<bind>
<opcode="icmp(45) " fcode="icmp"/>
<opset="notlhs6/10 "/>
</bind>
</comp>

<comp id="545" class="1004" name="notrhs7_fu_545">
<pin_list>
<pin id="546" dir="0" index="0" bw="23" slack="0"/>
<pin id="547" dir="0" index="1" bw="1" slack="0"/>
<pin id="548" dir="1" index="2" bw="1" slack="0"/>
</pin_list>
<bind>
<opcode="icmp(45) " fcode="icmp"/>
<opset="notrhs7/10 "/>
</bind>
</comp>

<comp id="551" class="1004" name="tmp_24_fu_551">
<pin_list>
<pin id="552" dir="0" index="0" bw="1" slack="0"/>
<pin id="553" dir="0" index="1" bw="1" slack="0"/>
<pin id="554" dir="1" index="2" bw="1" slack="0"/>
</pin_list>
<bind>
<opcode="or(24) " fcode="or"/>
<opset="tmp_24/10 "/>
</bind>
</comp>

<comp id="557" class="1004" name="tmp_25_fu_557">
<pin_list>
<pin id="558" dir="0" index="0" bw="1" slack="0"/>
<pin id="559" dir="0" index="1" bw="1" slack="0"/>
<pin id="560" dir="1" index="2" bw="1" slack="0"/>
</pin_list>
<bind>
<opcode="and(23) " fcode="and"/>
<opset="tmp_25/10 "/>
</bind>
</comp>

<comp id="563" class="1004" name="tmp_27_fu_563">
<pin_list>
<pin id="564" dir="0" index="0" bw="1" slack="0"/>
<pin id="565" dir="0" index="1" bw="1" slack="0"/>
<pin id="566" dir="1" index="2" bw="1" slack="0"/>
</pin_list>
<bind>
<opcode="and(23) " fcode="and"/>
<opset="tmp_27/10 "/>
</bind>
</comp>

<comp id="569" class="1004" name="maxv_2_fu_569">
<pin_list>
<pin id="570" dir="0" index="0" bw="1" slack="0"/>
<pin id="571" dir="0" index="1" bw="32" slack="1"/>
<pin id="572" dir="0" index="2" bw="32" slack="3"/>
<pin id="573" dir="1" index="3" bw="32" slack="1"/>
</pin_list>
<bind>
<opcode="select(49) " fcode="select"/>
<opset="maxv_2/10 "/>
</bind>
</comp>

<comp id="579" class="1005" name="ch_2_reg_579">
<pin_list>
<pin id="580" dir="0" index="0" bw="4" slack="0"/>
<pin id="581" dir="1" index="1" bw="4" slack="0"/>
</pin_list>
<bind>
<opset="ch_2 "/>
</bind>
</comp>

<comp id="584" class="1005" name="tmp_cast5_reg_584">
<pin_list>
<pin id="585" dir="0" index="0" bw="16" slack="5"/>
<pin id="586" dir="1" index="1" bw="16" slack="5"/>
</pin_list>
<bind>
<opset="tmp_cast5 "/>
</bind>
</comp>

<comp id="589" class="1005" name="tmp_cast_reg_589">
<pin_list>
<pin id="590" dir="0" index="0" bw="14" slack="4"/>
<pin id="591" dir="1" index="1" bw="14" slack="4"/>
</pin_list>
<bind>
<opset="tmp_cast "/>
</bind>
</comp>

<comp id="597" class="1005" name="r_2_reg_597">
<pin_list>
<pin id="598" dir="0" index="0" bw="5" slack="0"/>
<pin id="599" dir="1" index="1" bw="5" slack="0"/>
</pin_list>
<bind>
<opset="r_2 "/>
</bind>
</comp>

<comp id="602" class="1005" name="tmp_s_reg_602">
<pin_list>
<pin id="603" dir="0" index="0" bw="6" slack="3"/>
<pin id="604" dir="1" index="1" bw="6" slack="3"/>
</pin_list>
<bind>
<opset="tmp_s "/>
</bind>
</comp>

<comp id="607" class="1005" name="tmp_39_cast_reg_607">
<pin_list>
<pin id="608" dir="0" index="0" bw="14" slack="1"/>
<pin id="609" dir="1" index="1" bw="14" slack="1"/>
</pin_list>
<bind>
<opset="tmp_39_cast "/>
</bind>
</comp>

<comp id="612" class="1005" name="tmp_32_reg_612">
<pin_list>
<pin id="613" dir="0" index="0" bw="11" slack="3"/>
<pin id="614" dir="1" index="1" bw="11" slack="3"/>
</pin_list>
<bind>
<opset="tmp_32 "/>
</bind>
</comp>

<comp id="620" class="1005" name="c_2_reg_620">
<pin_list>
<pin id="621" dir="0" index="0" bw="5" slack="0"/>
<pin id="622" dir="1" index="1" bw="5" slack="0"/>
</pin_list>
<bind>
<opset="c_2 "/>
</bind>
</comp>

<comp id="625" class="1005" name="tmp_3_reg_625">
<pin_list>
<pin id="626" dir="0" index="0" bw="6" slack="3"/>
<pin id="627" dir="1" index="1" bw="6" slack="3"/>
</pin_list>
<bind>
<opset="tmp_3 "/>
</bind>
</comp>

<comp id="630" class="1005" name="f1_addr_reg_630">
<pin_list>
<pin id="631" dir="0" index="0" bw="15" slack="1"/>
<pin id="632" dir="1" index="1" bw="15" slack="1"/>
</pin_list>
<bind>
<opset="f1_addr "/>
</bind>
</comp>

<comp id="635" class="1005" name="maxv_reg_635">
<pin_list>
<pin id="636" dir="0" index="0" bw="32" slack="1"/>
<pin id="637" dir="1" index="1" bw="32" slack="1"/>
</pin_list>
<bind>
<opset="maxv "/>
</bind>
</comp>

<comp id="643" class="1005" name="i_2_reg_643">
<pin_list>
<pin id="644" dir="0" index="0" bw="2" slack="0"/>
<pin id="645" dir="1" index="1" bw="2" slack="0"/>
</pin_list>
<bind>
<opset="i_2 "/>
</bind>
</comp>

<comp id="648" class="1005" name="tmp_43_reg_648">
<pin_list>
<pin id="649" dir="0" index="0" bw="13" slack="1"/>
<pin id="650" dir="1" index="1" bw="13" slack="1"/>
</pin_list>
<bind>
<opset="tmp_43 "/>
</bind>
</comp>

<comp id="656" class="1005" name="j_2_reg_656">
<pin_list>
<pin id="657" dir="0" index="0" bw="2" slack="0"/>
<pin id="658" dir="1" index="1" bw="2" slack="0"/>
</pin_list>
<bind>
<opset="j_2 "/>
</bind>
</comp>

<comp id="661" class="1005" name="tmp_45_reg_661">
<pin_list>
<pin id="662" dir="0" index="0" bw="16" slack="1"/>
<pin id="663" dir="1" index="1" bw="16" slack="1"/>
</pin_list>
<bind>
<opset="tmp_45 "/>
</bind>
</comp>

<comp id="666" class="1005" name="f1_addr_1_reg_666">
<pin_list>
<pin id="667" dir="0" index="0" bw="15" slack="1"/>
<pin id="668" dir="1" index="1" bw="15" slack="1"/>
</pin_list>
<bind>
<opset="f1_addr_1 "/>
</bind>
</comp>

<comp id="671" class="1005" name="v_reg_671">
<pin_list>
<pin id="672" dir="0" index="0" bw="32" slack="1"/>
<pin id="673" dir="1" index="1" bw="32" slack="1"/>
</pin_list>
<bind>
<opset="v "/>
</bind>
</comp>

<comp id="678" class="1005" name="maxv_2_reg_678">
<pin_list>
<pin id="679" dir="0" index="0" bw="32" slack="1"/>
<pin id="680" dir="1" index="1" bw="32" slack="1"/>
</pin_list>
<bind>
<opset="maxv_2 "/>
</bind>
</comp>

</comp_list>

<net_list>
<net id="81"><net_src comp="2" pin="0"/><net_sink comp="76" pin=0"/></net>

<net id="82"><net_src comp="48" pin="0"/><net_sink comp="76" pin=1"/></net>

<net id="88"><net_src comp="76" pin="3"/><net_sink comp="83" pin=0"/></net>

<net id="94"><net_src comp="0" pin="0"/><net_sink comp="89" pin=0"/></net>

<net id="95"><net_src comp="48" pin="0"/><net_sink comp="89" pin=1"/></net>

<net id="101"><net_src comp="89" pin="3"/><net_sink comp="96" pin=0"/></net>

<net id="107"><net_src comp="2" pin="0"/><net_sink comp="102" pin=0"/></net>

<net id="108"><net_src comp="48" pin="0"/><net_sink comp="102" pin=1"/></net>

<net id="109"><net_src comp="102" pin="3"/><net_sink comp="83" pin=0"/></net>

<net id="113"><net_src comp="4" pin="0"/><net_sink comp="110" pin=0"/></net>

<net id="120"><net_src comp="110" pin="1"/><net_sink comp="114" pin=0"/></net>

<net id="121"><net_src comp="114" pin="4"/><net_sink comp="110" pin=0"/></net>

<net id="125"><net_src comp="14" pin="0"/><net_sink comp="122" pin=0"/></net>

<net id="132"><net_src comp="122" pin="1"/><net_sink comp="126" pin=0"/></net>

<net id="136"><net_src comp="14" pin="0"/><net_sink comp="133" pin=0"/></net>

<net id="143"><net_src comp="133" pin="1"/><net_sink comp="137" pin=2"/></net>

<net id="144"><net_src comp="137" pin="4"/><net_sink comp="133" pin=0"/></net>

<net id="154"><net_src comp="148" pin="4"/><net_sink comp="96" pin=1"/></net>

<net id="155"><net_src comp="148" pin="4"/><net_sink comp="145" pin=0"/></net>

<net id="159"><net_src comp="32" pin="0"/><net_sink comp="156" pin=0"/></net>

<net id="166"><net_src comp="156" pin="1"/><net_sink comp="160" pin=0"/></net>

<net id="170"><net_src comp="167" pin="1"/><net_sink comp="148" pin=2"/></net>

<net id="177"><net_src comp="145" pin="1"/><net_sink comp="171" pin=2"/></net>

<net id="178"><net_src comp="171" pin="4"/><net_sink comp="167" pin=0"/></net>

<net id="182"><net_src comp="32" pin="0"/><net_sink comp="179" pin=0"/></net>

<net id="189"><net_src comp="179" pin="1"/><net_sink comp="183" pin=2"/></net>

<net id="194"><net_src comp="167" pin="1"/><net_sink comp="190" pin=1"/></net>

<net id="199"><net_src comp="114" pin="4"/><net_sink comp="195" pin=0"/></net>

<net id="200"><net_src comp="6" pin="0"/><net_sink comp="195" pin=1"/></net>

<net id="205"><net_src comp="114" pin="4"/><net_sink comp="201" pin=0"/></net>

<net id="206"><net_src comp="12" pin="0"/><net_sink comp="201" pin=1"/></net>

<net id="210"><net_src comp="114" pin="4"/><net_sink comp="207" pin=0"/></net>

<net id="214"><net_src comp="114" pin="4"/><net_sink comp="211" pin=0"/></net>

<net id="219"><net_src comp="126" pin="4"/><net_sink comp="215" pin=0"/></net>

<net id="220"><net_src comp="16" pin="0"/><net_sink comp="215" pin=1"/></net>

<net id="225"><net_src comp="126" pin="4"/><net_sink comp="221" pin=0"/></net>

<net id="226"><net_src comp="20" pin="0"/><net_sink comp="221" pin=1"/></net>

<net id="232"><net_src comp="22" pin="0"/><net_sink comp="227" pin=0"/></net>

<net id="233"><net_src comp="126" pin="4"/><net_sink comp="227" pin=1"/></net>

<net id="234"><net_src comp="24" pin="0"/><net_sink comp="227" pin=2"/></net>

<net id="240"><net_src comp="26" pin="0"/><net_sink comp="235" pin=0"/></net>

<net id="241"><net_src comp="126" pin="4"/><net_sink comp="235" pin=1"/></net>

<net id="242"><net_src comp="28" pin="0"/><net_sink comp="235" pin=2"/></net>

<net id="246"><net_src comp="235" pin="3"/><net_sink comp="243" pin=0"/></net>

<net id="252"><net_src comp="30" pin="0"/><net_sink comp="247" pin=0"/></net>

<net id="253"><net_src comp="126" pin="4"/><net_sink comp="247" pin=1"/></net>

<net id="254"><net_src comp="32" pin="0"/><net_sink comp="247" pin=2"/></net>

<net id="258"><net_src comp="247" pin="3"/><net_sink comp="255" pin=0"/></net>

<net id="263"><net_src comp="243" pin="1"/><net_sink comp="259" pin=0"/></net>

<net id="264"><net_src comp="255" pin="1"/><net_sink comp="259" pin=1"/></net>

<net id="268"><net_src comp="259" pin="2"/><net_sink comp="265" pin=0"/></net>

<net id="272"><net_src comp="126" pin="4"/><net_sink comp="269" pin=0"/></net>

<net id="278"><net_src comp="34" pin="0"/><net_sink comp="273" pin=0"/></net>

<net id="279"><net_src comp="126" pin="4"/><net_sink comp="273" pin=1"/></net>

<net id="280"><net_src comp="14" pin="0"/><net_sink comp="273" pin=2"/></net>

<net id="284"><net_src comp="273" pin="3"/><net_sink comp="281" pin=0"/></net>

<net id="289"><net_src comp="281" pin="1"/><net_sink comp="285" pin=0"/></net>

<net id="290"><net_src comp="269" pin="1"/><net_sink comp="285" pin=1"/></net>

<net id="295"><net_src comp="137" pin="4"/><net_sink comp="291" pin=0"/></net>

<net id="296"><net_src comp="16" pin="0"/><net_sink comp="291" pin=1"/></net>

<net id="301"><net_src comp="137" pin="4"/><net_sink comp="297" pin=0"/></net>

<net id="302"><net_src comp="20" pin="0"/><net_sink comp="297" pin=1"/></net>

<net id="308"><net_src comp="22" pin="0"/><net_sink comp="303" pin=0"/></net>

<net id="309"><net_src comp="137" pin="4"/><net_sink comp="303" pin=1"/></net>

<net id="310"><net_src comp="24" pin="0"/><net_sink comp="303" pin=2"/></net>

<net id="314"><net_src comp="303" pin="3"/><net_sink comp="311" pin=0"/></net>

<net id="319"><net_src comp="311" pin="1"/><net_sink comp="315" pin=1"/></net>

<net id="323"><net_src comp="315" pin="2"/><net_sink comp="320" pin=0"/></net>

<net id="329"><net_src comp="36" pin="0"/><net_sink comp="324" pin=0"/></net>

<net id="330"><net_src comp="320" pin="1"/><net_sink comp="324" pin=1"/></net>

<net id="331"><net_src comp="38" pin="0"/><net_sink comp="324" pin=2"/></net>

<net id="336"><net_src comp="324" pin="3"/><net_sink comp="332" pin=0"/></net>

<net id="337"><net_src comp="110" pin="1"/><net_sink comp="332" pin=1"/></net>

<net id="344"><net_src comp="40" pin="0"/><net_sink comp="338" pin=0"/></net>

<net id="345"><net_src comp="315" pin="2"/><net_sink comp="338" pin=1"/></net>

<net id="346"><net_src comp="42" pin="0"/><net_sink comp="338" pin=2"/></net>

<net id="347"><net_src comp="44" pin="0"/><net_sink comp="338" pin=3"/></net>

<net id="353"><net_src comp="46" pin="0"/><net_sink comp="348" pin=0"/></net>

<net id="354"><net_src comp="338" pin="4"/><net_sink comp="348" pin=1"/></net>

<net id="355"><net_src comp="332" pin="2"/><net_sink comp="348" pin=2"/></net>

<net id="359"><net_src comp="348" pin="3"/><net_sink comp="356" pin=0"/></net>

<net id="360"><net_src comp="356" pin="1"/><net_sink comp="76" pin=2"/></net>

<net id="364"><net_src comp="160" pin="4"/><net_sink comp="361" pin=0"/></net>

<net id="369"><net_src comp="160" pin="4"/><net_sink comp="365" pin=0"/></net>

<net id="370"><net_src comp="50" pin="0"/><net_sink comp="365" pin=1"/></net>

<net id="375"><net_src comp="160" pin="4"/><net_sink comp="371" pin=0"/></net>

<net id="376"><net_src comp="54" pin="0"/><net_sink comp="371" pin=1"/></net>

<net id="381"><net_src comp="361" pin="1"/><net_sink comp="377" pin=0"/></net>

<net id="387"><net_src comp="56" pin="0"/><net_sink comp="382" pin=0"/></net>

<net id="388"><net_src comp="377" pin="2"/><net_sink comp="382" pin=1"/></net>

<net id="389"><net_src comp="58" pin="0"/><net_sink comp="382" pin=2"/></net>

<net id="393"><net_src comp="382" pin="3"/><net_sink comp="390" pin=0"/></net>

<net id="399"><net_src comp="60" pin="0"/><net_sink comp="394" pin=0"/></net>

<net id="400"><net_src comp="377" pin="2"/><net_sink comp="394" pin=1"/></net>

<net id="401"><net_src comp="24" pin="0"/><net_sink comp="394" pin=2"/></net>

<net id="405"><net_src comp="394" pin="3"/><net_sink comp="402" pin=0"/></net>

<net id="410"><net_src comp="390" pin="1"/><net_sink comp="406" pin=0"/></net>

<net id="411"><net_src comp="402" pin="1"/><net_sink comp="406" pin=1"/></net>

<net id="415"><net_src comp="133" pin="1"/><net_sink comp="412" pin=0"/></net>

<net id="420"><net_src comp="412" pin="1"/><net_sink comp="416" pin=0"/></net>

<net id="426"><net_src comp="62" pin="0"/><net_sink comp="421" pin=0"/></net>

<net id="427"><net_src comp="416" pin="2"/><net_sink comp="421" pin=1"/></net>

<net id="428"><net_src comp="38" pin="0"/><net_sink comp="421" pin=2"/></net>

<net id="433"><net_src comp="421" pin="3"/><net_sink comp="429" pin=1"/></net>

<net id="437"><net_src comp="429" pin="2"/><net_sink comp="434" pin=0"/></net>

<net id="438"><net_src comp="434" pin="1"/><net_sink comp="89" pin=2"/></net>

<net id="442"><net_src comp="183" pin="4"/><net_sink comp="439" pin=0"/></net>

<net id="447"><net_src comp="183" pin="4"/><net_sink comp="443" pin=0"/></net>

<net id="448"><net_src comp="50" pin="0"/><net_sink comp="443" pin=1"/></net>

<net id="453"><net_src comp="183" pin="4"/><net_sink comp="449" pin=0"/></net>

<net id="454"><net_src comp="54" pin="0"/><net_sink comp="449" pin=1"/></net>

<net id="459"><net_src comp="439" pin="1"/><net_sink comp="455" pin=0"/></net>

<net id="463"><net_src comp="455" pin="2"/><net_sink comp="460" pin=0"/></net>

<net id="468"><net_src comp="460" pin="1"/><net_sink comp="464" pin=1"/></net>

<net id="474"><net_src comp="64" pin="0"/><net_sink comp="469" pin=0"/></net>

<net id="475"><net_src comp="464" pin="2"/><net_sink comp="469" pin=1"/></net>

<net id="476"><net_src comp="38" pin="0"/><net_sink comp="469" pin=2"/></net>

<net id="481"><net_src comp="469" pin="3"/><net_sink comp="477" pin=0"/></net>

<net id="485"><net_src comp="482" pin="1"/><net_sink comp="102" pin=2"/></net>

<net id="495"><net_src comp="66" pin="0"/><net_sink comp="489" pin=0"/></net>

<net id="496"><net_src comp="486" pin="1"/><net_sink comp="489" pin=1"/></net>

<net id="497"><net_src comp="68" pin="0"/><net_sink comp="489" pin=2"/></net>

<net id="498"><net_src comp="70" pin="0"/><net_sink comp="489" pin=3"/></net>

<net id="502"><net_src comp="486" pin="1"/><net_sink comp="499" pin=0"/></net>

<net id="506"><net_src comp="167" pin="1"/><net_sink comp="503" pin=0"/></net>

<net id="513"><net_src comp="66" pin="0"/><net_sink comp="507" pin=0"/></net>

<net id="514"><net_src comp="503" pin="1"/><net_sink comp="507" pin=1"/></net>

<net id="515"><net_src comp="68" pin="0"/><net_sink comp="507" pin=2"/></net>

<net id="516"><net_src comp="70" pin="0"/><net_sink comp="507" pin=3"/></net>

<net id="520"><net_src comp="503" pin="1"/><net_sink comp="517" pin=0"/></net>

<net id="525"><net_src comp="489" pin="4"/><net_sink comp="521" pin=0"/></net>

<net id="526"><net_src comp="72" pin="0"/><net_sink comp="521" pin=1"/></net>

<net id="531"><net_src comp="499" pin="1"/><net_sink comp="527" pin=0"/></net>

<net id="532"><net_src comp="74" pin="0"/><net_sink comp="527" pin=1"/></net>

<net id="537"><net_src comp="527" pin="2"/><net_sink comp="533" pin=0"/></net>

<net id="538"><net_src comp="521" pin="2"/><net_sink comp="533" pin=1"/></net>

<net id="543"><net_src comp="507" pin="4"/><net_sink comp="539" pin=0"/></net>

<net id="544"><net_src comp="72" pin="0"/><net_sink comp="539" pin=1"/></net>

<net id="549"><net_src comp="517" pin="1"/><net_sink comp="545" pin=0"/></net>

<net id="550"><net_src comp="74" pin="0"/><net_sink comp="545" pin=1"/></net>

<net id="555"><net_src comp="545" pin="2"/><net_sink comp="551" pin=0"/></net>

<net id="556"><net_src comp="539" pin="2"/><net_sink comp="551" pin=1"/></net>

<net id="561"><net_src comp="533" pin="2"/><net_sink comp="557" pin=0"/></net>

<net id="562"><net_src comp="551" pin="2"/><net_sink comp="557" pin=1"/></net>

<net id="567"><net_src comp="557" pin="2"/><net_sink comp="563" pin=0"/></net>

<net id="568"><net_src comp="190" pin="2"/><net_sink comp="563" pin=1"/></net>

<net id="574"><net_src comp="563" pin="2"/><net_sink comp="569" pin=0"/></net>

<net id="575"><net_src comp="167" pin="1"/><net_sink comp="569" pin=2"/></net>

<net id="582"><net_src comp="201" pin="2"/><net_sink comp="579" pin=0"/></net>

<net id="583"><net_src comp="579" pin="1"/><net_sink comp="114" pin=2"/></net>

<net id="587"><net_src comp="207" pin="1"/><net_sink comp="584" pin=0"/></net>

<net id="588"><net_src comp="584" pin="1"/><net_sink comp="477" pin=1"/></net>

<net id="592"><net_src comp="211" pin="1"/><net_sink comp="589" pin=0"/></net>

<net id="593"><net_src comp="589" pin="1"/><net_sink comp="429" pin=0"/></net>

<net id="600"><net_src comp="221" pin="2"/><net_sink comp="597" pin=0"/></net>

<net id="601"><net_src comp="597" pin="1"/><net_sink comp="126" pin=2"/></net>

<net id="605"><net_src comp="227" pin="3"/><net_sink comp="602" pin=0"/></net>

<net id="606"><net_src comp="602" pin="1"/><net_sink comp="377" pin=1"/></net>

<net id="610"><net_src comp="265" pin="1"/><net_sink comp="607" pin=0"/></net>

<net id="611"><net_src comp="607" pin="1"/><net_sink comp="315" pin=0"/></net>

<net id="615"><net_src comp="285" pin="2"/><net_sink comp="612" pin=0"/></net>

<net id="616"><net_src comp="612" pin="1"/><net_sink comp="416" pin=1"/></net>

<net id="623"><net_src comp="297" pin="2"/><net_sink comp="620" pin=0"/></net>

<net id="624"><net_src comp="620" pin="1"/><net_sink comp="137" pin=0"/></net>

<net id="628"><net_src comp="303" pin="3"/><net_sink comp="625" pin=0"/></net>

<net id="629"><net_src comp="625" pin="1"/><net_sink comp="455" pin=1"/></net>

<net id="633"><net_src comp="76" pin="3"/><net_sink comp="630" pin=0"/></net>

<net id="634"><net_src comp="630" pin="1"/><net_sink comp="83" pin=0"/></net>

<net id="638"><net_src comp="83" pin="3"/><net_sink comp="635" pin=0"/></net>

<net id="639"><net_src comp="635" pin="1"/><net_sink comp="148" pin=0"/></net>

<net id="646"><net_src comp="371" pin="2"/><net_sink comp="643" pin=0"/></net>

<net id="647"><net_src comp="643" pin="1"/><net_sink comp="160" pin=2"/></net>

<net id="651"><net_src comp="406" pin="2"/><net_sink comp="648" pin=0"/></net>

<net id="652"><net_src comp="648" pin="1"/><net_sink comp="464" pin=0"/></net>

<net id="659"><net_src comp="449" pin="2"/><net_sink comp="656" pin=0"/></net>

<net id="660"><net_src comp="656" pin="1"/><net_sink comp="183" pin=0"/></net>

<net id="664"><net_src comp="477" pin="2"/><net_sink comp="661" pin=0"/></net>

<net id="665"><net_src comp="661" pin="1"/><net_sink comp="482" pin=0"/></net>

<net id="669"><net_src comp="102" pin="3"/><net_sink comp="666" pin=0"/></net>

<net id="670"><net_src comp="666" pin="1"/><net_sink comp="83" pin=0"/></net>

<net id="674"><net_src comp="83" pin="3"/><net_sink comp="671" pin=0"/></net>

<net id="675"><net_src comp="671" pin="1"/><net_sink comp="486" pin=0"/></net>

<net id="676"><net_src comp="671" pin="1"/><net_sink comp="190" pin=0"/></net>

<net id="677"><net_src comp="671" pin="1"/><net_sink comp="569" pin=1"/></net>

<net id="681"><net_src comp="569" pin="3"/><net_sink comp="678" pin=0"/></net>

<net id="682"><net_src comp="678" pin="1"/><net_sink comp="171" pin=0"/></net>

</net_list>

</model> 
---------------- Datapath Model END ------------------

* FSMD analyzer results:
  - Output states:
	Port: out_r | {6 }
 - Input state : 
	Port: maxpool1 : f1 | {4 5 8 9 }
  - Chain level:
	State 1
	State 2
		exitcond4 : 1
		ch_2 : 1
		StgValue_16 : 2
		tmp_cast5 : 1
		tmp_cast : 1
	State 3
		exitcond3 : 1
		r_2 : 1
		StgValue_25 : 2
		tmp_s : 1
		tmp_28 : 1
		p_shl1_cast : 2
		tmp_29 : 1
		p_shl2_cast : 2
		tmp_30 : 3
		tmp_39_cast : 4
		tmp_2_cast : 1
		tmp_31 : 1
		p_shl_cast : 2
		tmp_32 : 3
	State 4
		exitcond2 : 1
		c_2 : 1
		StgValue_43 : 2
		tmp_3 : 1
		tmp_4_cast : 2
		tmp_33 : 3
		tmp : 4
		tmp_34 : 5
		tmp_35 : 6
		tmp_36 : 4
		tmp_37 : 6
		tmp_38 : 7
		f1_addr : 8
		maxv : 9
	State 5
	State 6
		i_cast2 : 1
		exitcond1 : 1
		i_2 : 1
		StgValue_64 : 2
		tmp_6 : 2
		tmp_41 : 3
		p_shl3_cast : 4
		tmp_42 : 3
		p_shl4_cast : 4
		tmp_43 : 5
		tmp_39 : 1
		tmp_50_cast : 2
		tmp_40 : 3
		tmp_51_cast : 4
		out_addr : 5
		StgValue_78 : 6
	State 7
		j_cast1 : 1
		exitcond : 1
		j_2 : 1
		StgValue_86 : 2
		tmp_8 : 2
		tmp_9_cast : 3
		tmp_44 : 4
		tmp_57_cast : 5
		tmp_45 : 6
	State 8
		f1_addr_1 : 1
		v : 2
	State 9
	State 10
		tmp_19 : 1
		tmp_46 : 1
		tmp_21 : 1
		tmp_47 : 1
		notlhs : 2
		notrhs : 2
		tmp_23 : 3
		notlhs6 : 2
		notrhs7 : 2
		tmp_24 : 3
		tmp_25 : 3
		tmp_27 : 3
		maxv_2 : 3


============================================================
+ Verbose Summary: Datapath Resource usage 
============================================================

* Functional unit list:
|----------|--------------------|---------|---------|---------|
| Operation|   Functional Unit  |  DSP48E |    FF   |   LUT   |
|----------|--------------------|---------|---------|---------|
|   fcmp   |    tmp_26_fu_190   |    0    |    66   |   239   |
|----------|--------------------|---------|---------|---------|
|          |     ch_2_fu_201    |    0    |    0    |    13   |
|          |     r_2_fu_221     |    0    |    0    |    15   |
|          |     c_2_fu_297     |    0    |    0    |    15   |
|          |    tmp_33_fu_315   |    0    |    0    |    17   |
|          |     i_2_fu_371     |    0    |    0    |    10   |
|    add   |    tmp_6_fu_377    |    0    |    0    |    15   |
|          |    tmp_39_fu_416   |    0    |    0    |    13   |
|          |    tmp_40_fu_429   |    0    |    0    |    19   |
|          |     j_2_fu_449     |    0    |    0    |    10   |
|          |    tmp_8_fu_455    |    0    |    0    |    15   |
|          |    tmp_44_fu_464   |    0    |    0    |    17   |
|          |    tmp_45_fu_477   |    0    |    0    |    23   |
|----------|--------------------|---------|---------|---------|
|          |  exitcond4_fu_195  |    0    |    0    |    9    |
|          |  exitcond3_fu_215  |    0    |    0    |    11   |
|          |  exitcond2_fu_291  |    0    |    0    |    11   |
|          |  exitcond1_fu_365  |    0    |    0    |    8    |
|   icmp   |   exitcond_fu_443  |    0    |    0    |    8    |
|          |    notlhs_fu_521   |    0    |    0    |    11   |
|          |    notrhs_fu_527   |    0    |    0    |    18   |
|          |   notlhs6_fu_539   |    0    |    0    |    11   |
|          |   notrhs7_fu_545   |    0    |    0    |    18   |
|----------|--------------------|---------|---------|---------|
|          |    tmp_30_fu_259   |    0    |    0    |    12   |
|    sub   |    tmp_32_fu_285   |    0    |    0    |    14   |
|          |    tmp_43_fu_406   |    0    |    0    |    12   |
|----------|--------------------|---------|---------|---------|
|  select  |    maxv_2_fu_569   |    0    |    0    |    32   |
|----------|--------------------|---------|---------|---------|
|          |    tmp_35_fu_332   |    0    |    0    |    4    |
|    or    |    tmp_23_fu_533   |    0    |    0    |    2    |
|          |    tmp_24_fu_551   |    0    |    0    |    2    |
|----------|--------------------|---------|---------|---------|
|    and   |    tmp_25_fu_557   |    0    |    0    |    2    |
|          |    tmp_27_fu_563   |    0    |    0    |    2    |
|----------|--------------------|---------|---------|---------|
|          |  tmp_cast5_fu_207  |    0    |    0    |    0    |
|          |   tmp_cast_fu_211  |    0    |    0    |    0    |
|          | p_shl1_cast_fu_243 |    0    |    0    |    0    |
|          | p_shl2_cast_fu_255 |    0    |    0    |    0    |
|          |  tmp_2_cast_fu_269 |    0    |    0    |    0    |
|          |  p_shl_cast_fu_281 |    0    |    0    |    0    |
|          |  tmp_4_cast_fu_311 |    0    |    0    |    0    |
|   zext   |   i_cast2_fu_361   |    0    |    0    |    0    |
|          | p_shl3_cast_fu_390 |    0    |    0    |    0    |
|          | p_shl4_cast_fu_402 |    0    |    0    |    0    |
|          |  tmp_5_cast_fu_412 |    0    |    0    |    0    |
|          | tmp_51_cast_fu_434 |    0    |    0    |    0    |
|          |   j_cast1_fu_439   |    0    |    0    |    0    |
|          |  tmp_9_cast_fu_460 |    0    |    0    |    0    |
|          | tmp_58_cast_fu_482 |    0    |    0    |    0    |
|----------|--------------------|---------|---------|---------|
|          |    tmp_s_fu_227    |    0    |    0    |    0    |
|          |    tmp_28_fu_235   |    0    |    0    |    0    |
|          |    tmp_29_fu_247   |    0    |    0    |    0    |
|          |    tmp_31_fu_273   |    0    |    0    |    0    |
|          |    tmp_3_fu_303    |    0    |    0    |    0    |
|bitconcatenate|    tmp_34_fu_324   |    0    |    0    |    0    |
|          |    tmp_37_fu_348   |    0    |    0    |    0    |
|          |    tmp_41_fu_382   |    0    |    0    |    0    |
|          |    tmp_42_fu_394   |    0    |    0    |    0    |
|          | tmp_50_cast_fu_421 |    0    |    0    |    0    |
|          | tmp_57_cast_fu_469 |    0    |    0    |    0    |
|----------|--------------------|---------|---------|---------|
|   sext   | tmp_39_cast_fu_265 |    0    |    0    |    0    |
|          |    tmp_38_fu_356   |    0    |    0    |    0    |
|----------|--------------------|---------|---------|---------|
|          |     tmp_fu_320     |    0    |    0    |    0    |
|   trunc  |    tmp_46_fu_499   |    0    |    0    |    0    |
|          |    tmp_47_fu_517   |    0    |    0    |    0    |
|----------|--------------------|---------|---------|---------|
|          |    tmp_36_fu_338   |    0    |    0    |    0    |
|partselect|    tmp_19_fu_489   |    0    |    0    |    0    |
|          |    tmp_21_fu_507   |    0    |    0    |    0    |
|----------|--------------------|---------|---------|---------|
|   Total  |                    |    0    |    66   |   608   |
|----------|--------------------|---------|---------|---------|

Memories:
N/A

* Register list:
+-------------------+--------+
|                   |   FF   |
+-------------------+--------+
|    c_2_reg_620    |    5   |
|     c_reg_133     |    5   |
|    ch_2_reg_579   |    4   |
|     ch_reg_110    |    4   |
| f1_addr_1_reg_666 |   15   |
|  f1_addr_reg_630  |   15   |
|    i_2_reg_643    |    2   |
|     i_reg_156     |    2   |
|    j_2_reg_656    |    2   |
|     j_reg_179     |    2   |
|   maxv4_reg_145   |   32   |
|   maxv_1_reg_167  |   32   |
|   maxv_2_reg_678  |   32   |
|    maxv_reg_635   |   32   |
|    r_2_reg_597    |    5   |
|     r_reg_122     |    5   |
|   tmp_32_reg_612  |   11   |
|tmp_39_cast_reg_607|   14   |
|   tmp_3_reg_625   |    6   |
|   tmp_43_reg_648  |   13   |
|   tmp_45_reg_661  |   16   |
| tmp_cast5_reg_584 |   16   |
|  tmp_cast_reg_589 |   14   |
|   tmp_s_reg_602   |    6   |
|     v_reg_671     |   32   |
+-------------------+--------+
|       Total       |   322  |
+-------------------+--------+

* Multiplexer (MUX) list: 
|------------------|------|------|------|--------||---------||---------|
|       Comp       |  Pin | Size |  BW  | S x BW ||  Delay  ||   LUT   |
|------------------|------|------|------|--------||---------||---------|
| grp_access_fu_83 |  p0  |   4  |  15  |   60   ||    21   |
|    ch_reg_110    |  p0  |   2  |   4  |    8   ||    9    |
|     c_reg_133    |  p0  |   2  |   5  |   10   ||    9    |
|------------------|------|------|------|--------||---------||---------|
|       Total      |      |      |      |   78   ||  5.3985 ||    39   |
|------------------|------|------|------|--------||---------||---------|



* Summary:
+-----------+--------+--------+--------+--------+
|           | DSP48E |  Delay |   FF   |   LUT  |
+-----------+--------+--------+--------+--------+
|  Function |    0   |    -   |   66   |   608  |
|   Memory  |    -   |    -   |    -   |    -   |
|Multiplexer|    -   |    5   |    -   |   39   |
|  Register |    -   |    -   |   322  |    -   |
+-----------+--------+--------+--------+--------+
|   Total   |    0   |    5   |   388  |   647  |
+-----------+--------+--------+--------+--------+
