

================================================================
== Vivado HLS Report for 'topp'
================================================================
* Date:           Sun Jun  7 19:29:37 2026

* Version:        2018.3 (Build 2405991 on Thu Dec 06 23:56:15 MST 2018)
* Project:        finalproj
* Solution:       nodirective
* Product family: zynq
* Target device:  xc7z020clg484-1


================================================================
== Performance Estimates
================================================================
+ Timing (ns): 
    * Summary: 
    +--------+-------+----------+------------+
    |  Clock | Target| Estimated| Uncertainty|
    +--------+-------+----------+------------+
    |ap_clk  |  10.00|     8.677|        1.25|
    +--------+-------+----------+------------+

+ Latency (clock cycles): 
    * Summary: 
    +----------+----------+----------+----------+---------+
    |       Latency       |       Interval      | Pipeline|
    |    min   |    max   |    min   |    max   |   Type  |
    +----------+----------+----------+----------+---------+
    |  48873231|  48873231|  48873231|  48873231|   none  |
    +----------+----------+----------+----------+---------+

    + Detail: 
        * Instance: 
        +--------------------------+----------------+----------+----------+----------+----------+---------+
        |                          |                |       Latency       |       Interval      | Pipeline|
        |         Instance         |     Module     |    min   |    max   |    min   |    max   |   Type  |
        +--------------------------+----------------+----------+----------+----------+----------+---------+
        |grp_detection_head_fu_40  |detection_head  |    393505|    393505|    393505|    393505|   none  |
        |grp_conv2_fu_48           |conv2           |  11559665|  11559665|  11559665|  11559665|   none  |
        |grp_conv1_fu_56           |conv1           |  10794961|  10794961|  10794961|  10794961|   none  |
        |grp_conv4_fu_64           |conv4           |  10967105|  10967105|  10967105|  10967105|   none  |
        |grp_conv3_fu_72           |conv3           |   7903553|   7903553|   7903553|   7903553|   none  |
        |grp_conv5_fu_80           |conv5           |   7017025|   7017025|   7017025|   7017025|   none  |
        |grp_maxpool1_fu_88        |maxpool1        |    177337|    177337|    177337|    177337|   none  |
        |grp_maxpool2_fu_96        |maxpool2        |     60065|     60065|     60065|     60065|   none  |
        +--------------------------+----------------+----------+----------+----------+----------+---------+

        * Loop: 
        N/A



================================================================
== Utilization Estimates
================================================================
* Summary: 
+-----------------+---------+-------+--------+-------+
|       Name      | BRAM_18K| DSP48E|   FF   |  LUT  |
+-----------------+---------+-------+--------+-------+
|DSP              |        -|      -|       -|      -|
|Expression       |        -|      -|       -|      -|
|FIFO             |        -|      -|       -|      -|
|Instance         |        -|     37|    5557|  11476|
|Memory           |      148|      -|       0|      0|
|Multiplexer      |        -|      -|       -|    358|
|Register         |        -|      -|      24|      -|
+-----------------+---------+-------+--------+-------+
|Total            |      148|     37|    5581|  11834|
+-----------------+---------+-------+--------+-------+
|Available        |      280|    220|  106400|  53200|
+-----------------+---------+-------+--------+-------+
|Utilization (%)  |       52|     16|       5|     22|
+-----------------+---------+-------+--------+-------+

+ Detail: 
    * Instance: 
    +--------------------------+----------------+---------+-------+------+------+
    |         Instance         |     Module     | BRAM_18K| DSP48E|  FF  |  LUT |
    +--------------------------+----------------+---------+-------+------+------+
    |grp_conv1_fu_56           |conv1           |        0|      5|   693|  1440|
    |grp_conv2_fu_48           |conv2           |        0|      5|   694|  1460|
    |grp_conv3_fu_72           |conv3           |        0|      5|   679|  1443|
    |grp_conv4_fu_64           |conv4           |        0|      5|   680|  1443|
    |grp_conv5_fu_80           |conv5           |        0|      5|   596|  1122|
    |grp_detection_head_fu_40  |detection_head  |        0|     12|  1688|  3082|
    |grp_maxpool1_fu_88        |maxpool1        |        0|      0|   277|   751|
    |grp_maxpool2_fu_96        |maxpool2        |        0|      0|   250|   735|
    +--------------------------+----------------+---------+-------+------+------+
    |Total                     |                |        0|     37|  5557| 11476|
    +--------------------------+----------------+---------+-------+------+------+

    * DSP48: 
    N/A

    * Memory: 
    +-------+---------+---------+---+----+-------+-----+------+-------------+
    | Memory|  Module | BRAM_18K| FF| LUT| Words | Bits| Banks| W*Bits*Banks|
    +-------+---------+---------+---+----+-------+-----+------+-------------+
    |f1_U   |topp_f1  |       64|  0|   0|  30752|   32|     1|       984064|
    |f2_U   |topp_f2  |       32|  0|   0|  13456|   32|     1|       430592|
    |f3_U   |topp_f3  |       16|  0|   0|   4608|   32|     1|       147456|
    |f4_U   |topp_f4  |        8|  0|   0|   3200|   32|     1|       102400|
    |f5_U   |topp_f5  |        4|  0|   0|   2048|   32|     1|        65536|
    |p1_U   |topp_p1  |       16|  0|   0|   7688|   32|     1|       246016|
    |p2_U   |topp_p2  |        8|  0|   0|   3136|   32|     1|       100352|
    +-------+---------+---------+---+----+-------+-----+------+-------------+
    |Total  |         |      148|  0|   0|  64888|  224|     7|      2076416|
    +-------+---------+---------+---+----+-------+-----+------+-------------+

    * FIFO: 
    N/A

    * Expression: 
    N/A

    * Multiplexer: 
    +-------------+----+-----------+-----+-----------+
    |     Name    | LUT| Input Size| Bits| Total Bits|
    +-------------+----+-----------+-----+-----------+
    |ap_NS_fsm    |  85|         17|    1|         17|
    |f1_address0  |  15|          3|   15|         45|
    |f1_ce0       |  15|          3|    1|          3|
    |f1_we0       |   9|          2|    1|          2|
    |f2_address0  |  15|          3|   14|         42|
    |f2_ce0       |  15|          3|    1|          3|
    |f2_we0       |   9|          2|    1|          2|
    |f3_address0  |  15|          3|   13|         39|
    |f3_ce0       |  15|          3|    1|          3|
    |f3_we0       |   9|          2|    1|          2|
    |f4_address0  |  15|          3|   12|         36|
    |f4_ce0       |  15|          3|    1|          3|
    |f4_we0       |   9|          2|    1|          2|
    |f5_address0  |  15|          3|   11|         33|
    |f5_ce0       |  15|          3|    1|          3|
    |f5_we0       |   9|          2|    1|          2|
    |p1_address0  |  15|          3|   13|         39|
    |p1_ce0       |  15|          3|    1|          3|
    |p1_we0       |   9|          2|    1|          2|
    |p2_address0  |  15|          3|   12|         36|
    |p2_ce0       |  15|          3|    1|          3|
    |p2_we0       |   9|          2|    1|          2|
    +-------------+----+-----------+-----+-----------+
    |Total        | 358|         73|  105|        322|
    +-------------+----+-----------+-----+-----------+

    * Register: 
    +---------------------------------------+----+----+-----+-----------+
    |                  Name                 | FF | LUT| Bits| Const Bits|
    +---------------------------------------+----+----+-----+-----------+
    |ap_CS_fsm                              |  16|   0|   16|          0|
    |grp_conv1_fu_56_ap_start_reg           |   1|   0|    1|          0|
    |grp_conv2_fu_48_ap_start_reg           |   1|   0|    1|          0|
    |grp_conv3_fu_72_ap_start_reg           |   1|   0|    1|          0|
    |grp_conv4_fu_64_ap_start_reg           |   1|   0|    1|          0|
    |grp_conv5_fu_80_ap_start_reg           |   1|   0|    1|          0|
    |grp_detection_head_fu_40_ap_start_reg  |   1|   0|    1|          0|
    |grp_maxpool1_fu_88_ap_start_reg        |   1|   0|    1|          0|
    |grp_maxpool2_fu_96_ap_start_reg        |   1|   0|    1|          0|
    +---------------------------------------+----+----+-----+-----------+
    |Total                                  |  24|   0|   24|          0|
    +---------------------------------------+----+----+-----+-----------+



================================================================
== Interface
================================================================
* Summary: 
+-------------------+-----+-----+------------+--------------+--------------+
|     RTL Ports     | Dir | Bits|  Protocol  | Source Object|    C Type    |
+-------------------+-----+-----+------------+--------------+--------------+
|ap_clk             |  in |    1| ap_ctrl_hs |     topp     | return value |
|ap_rst             |  in |    1| ap_ctrl_hs |     topp     | return value |
|ap_start           |  in |    1| ap_ctrl_hs |     topp     | return value |
|ap_done            | out |    1| ap_ctrl_hs |     topp     | return value |
|ap_idle            | out |    1| ap_ctrl_hs |     topp     | return value |
|ap_ready           | out |    1| ap_ctrl_hs |     topp     | return value |
|image_r_address0   | out |   14|  ap_memory |    image_r   |     array    |
|image_r_ce0        | out |    1|  ap_memory |    image_r   |     array    |
|image_r_q0         |  in |   32|  ap_memory |    image_r   |     array    |
|output_r_address0  | out |   10|  ap_memory |   output_r   |     array    |
|output_r_ce0       | out |    1|  ap_memory |   output_r   |     array    |
|output_r_we0       | out |    1|  ap_memory |   output_r   |     array    |
|output_r_d0        | out |   32|  ap_memory |   output_r   |     array    |
+-------------------+-----+-----+------------+--------------+--------------+

============================================================
+ Verbose Summary: Synthesis Manager
============================================================
InlineROM: 1
ExposeGlobal: 0
============================================================
+ Verbose Summary: CDFG Model
============================================================
IsTopModel: 1
ResetActiveHigh: 1
IsCombinational: 2
IsDatapathOnly: 2
HasWiredReturn: 1
HasMFsm: 0
HasVarLatency: 1
IsPipeline: 0
IsRtlPipelined: 0
IsInstanceOverlapped: 0
IsDontTouch: 0
HasImplIP: 0
IsGatedGlobalClock: 0


============================================================
+ Verbose Summary: Schedule
============================================================
* Number of FSM states : 16
* Pipeline : 0
* Dataflow Pipeline: 0

* FSM state transitions: 
1 --> 
	2  / true
2 --> 
	3  / true
3 --> 
	4  / true
4 --> 
	5  / true
5 --> 
	6  / true
6 --> 
	7  / true
7 --> 
	8  / true
8 --> 
	9  / true
9 --> 
	10  / true
10 --> 
	11  / true
11 --> 
	12  / true
12 --> 
	13  / true
13 --> 
	14  / true
14 --> 
	15  / true
15 --> 
	16  / true
16 --> 

* FSM state operations: 

State 1 <SV = 0> <Delay = 0.00>
ST_1 : Operation 17 [2/2] (0.00ns)   --->   "call fastcc void @conv1([12288 x float]* %image_r, [30752 x float]* @f1) nounwind" [topp.c:366]   --->   Operation 17 'call' <Predicate = true> <Delay = 0.00> <CoreType = "Generic">   --->   Core 0 '' <Latency = 0> <II = 1> <Delay = 1.00> <Generic> <Opcode : >

State 2 <SV = 1> <Delay = 0.00>
ST_2 : Operation 18 [1/2] (0.00ns)   --->   "call fastcc void @conv1([12288 x float]* %image_r, [30752 x float]* @f1) nounwind" [topp.c:366]   --->   Operation 18 'call' <Predicate = true> <Delay = 0.00> <CoreType = "Generic">   --->   Core 0 '' <Latency = 0> <II = 1> <Delay = 1.00> <Generic> <Opcode : >

State 3 <SV = 2> <Delay = 0.00>
ST_3 : Operation 19 [2/2] (0.00ns)   --->   "call fastcc void @maxpool1([7688 x float]* @p1) nounwind" [topp.c:367]   --->   Operation 19 'call' <Predicate = true> <Delay = 0.00> <CoreType = "Generic">   --->   Core 0 '' <Latency = 0> <II = 1> <Delay = 1.00> <Generic> <Opcode : >

State 4 <SV = 3> <Delay = 0.00>
ST_4 : Operation 20 [1/2] (0.00ns)   --->   "call fastcc void @maxpool1([7688 x float]* @p1) nounwind" [topp.c:367]   --->   Operation 20 'call' <Predicate = true> <Delay = 0.00> <CoreType = "Generic">   --->   Core 0 '' <Latency = 0> <II = 1> <Delay = 1.00> <Generic> <Opcode : >

State 5 <SV = 4> <Delay = 0.00>
ST_5 : Operation 21 [2/2] (0.00ns)   --->   "call fastcc void @conv2([13456 x float]* @f2) nounwind" [topp.c:368]   --->   Operation 21 'call' <Predicate = true> <Delay = 0.00> <CoreType = "Generic">   --->   Core 0 '' <Latency = 0> <II = 1> <Delay = 1.00> <Generic> <Opcode : >

State 6 <SV = 5> <Delay = 0.00>
ST_6 : Operation 22 [1/2] (0.00ns)   --->   "call fastcc void @conv2([13456 x float]* @f2) nounwind" [topp.c:368]   --->   Operation 22 'call' <Predicate = true> <Delay = 0.00> <CoreType = "Generic">   --->   Core 0 '' <Latency = 0> <II = 1> <Delay = 1.00> <Generic> <Opcode : >

State 7 <SV = 6> <Delay = 0.00>
ST_7 : Operation 23 [2/2] (0.00ns)   --->   "call fastcc void @maxpool2([3136 x float]* @p2) nounwind" [topp.c:369]   --->   Operation 23 'call' <Predicate = true> <Delay = 0.00> <CoreType = "Generic">   --->   Core 0 '' <Latency = 0> <II = 1> <Delay = 1.00> <Generic> <Opcode : >

State 8 <SV = 7> <Delay = 0.00>
ST_8 : Operation 24 [1/2] (0.00ns)   --->   "call fastcc void @maxpool2([3136 x float]* @p2) nounwind" [topp.c:369]   --->   Operation 24 'call' <Predicate = true> <Delay = 0.00> <CoreType = "Generic">   --->   Core 0 '' <Latency = 0> <II = 1> <Delay = 1.00> <Generic> <Opcode : >

State 9 <SV = 8> <Delay = 0.00>
ST_9 : Operation 25 [2/2] (0.00ns)   --->   "call fastcc void @conv3([4608 x float]* @f3) nounwind" [topp.c:370]   --->   Operation 25 'call' <Predicate = true> <Delay = 0.00> <CoreType = "Generic">   --->   Core 0 '' <Latency = 0> <II = 1> <Delay = 1.00> <Generic> <Opcode : >

State 10 <SV = 9> <Delay = 0.00>
ST_10 : Operation 26 [1/2] (0.00ns)   --->   "call fastcc void @conv3([4608 x float]* @f3) nounwind" [topp.c:370]   --->   Operation 26 'call' <Predicate = true> <Delay = 0.00> <CoreType = "Generic">   --->   Core 0 '' <Latency = 0> <II = 1> <Delay = 1.00> <Generic> <Opcode : >

State 11 <SV = 10> <Delay = 0.00>
ST_11 : Operation 27 [2/2] (0.00ns)   --->   "call fastcc void @conv4([3200 x float]* @f4) nounwind" [topp.c:371]   --->   Operation 27 'call' <Predicate = true> <Delay = 0.00> <CoreType = "Generic">   --->   Core 0 '' <Latency = 0> <II = 1> <Delay = 1.00> <Generic> <Opcode : >

State 12 <SV = 11> <Delay = 0.00>
ST_12 : Operation 28 [1/2] (0.00ns)   --->   "call fastcc void @conv4([3200 x float]* @f4) nounwind" [topp.c:371]   --->   Operation 28 'call' <Predicate = true> <Delay = 0.00> <CoreType = "Generic">   --->   Core 0 '' <Latency = 0> <II = 1> <Delay = 1.00> <Generic> <Opcode : >

State 13 <SV = 12> <Delay = 0.00>
ST_13 : Operation 29 [2/2] (0.00ns)   --->   "call fastcc void @conv5([2048 x float]* @f5) nounwind" [topp.c:372]   --->   Operation 29 'call' <Predicate = true> <Delay = 0.00> <CoreType = "Generic">   --->   Core 0 '' <Latency = 0> <II = 1> <Delay = 1.00> <Generic> <Opcode : >

State 14 <SV = 13> <Delay = 0.00>
ST_14 : Operation 30 [1/2] (0.00ns)   --->   "call fastcc void @conv5([2048 x float]* @f5) nounwind" [topp.c:372]   --->   Operation 30 'call' <Predicate = true> <Delay = 0.00> <CoreType = "Generic">   --->   Core 0 '' <Latency = 0> <II = 1> <Delay = 1.00> <Generic> <Opcode : >

State 15 <SV = 14> <Delay = 0.00>
ST_15 : Operation 31 [2/2] (0.00ns)   --->   "call fastcc void @detection_head([1024 x float]* %output_r) nounwind" [topp.c:373]   --->   Operation 31 'call' <Predicate = true> <Delay = 0.00> <CoreType = "Generic">   --->   Core 0 '' <Latency = 0> <II = 1> <Delay = 1.00> <Generic> <Opcode : >

State 16 <SV = 15> <Delay = 0.00>
ST_16 : Operation 32 [1/1] (0.00ns)   --->   "call void (...)* @_ssdm_op_SpecBitsMap([12288 x float]* %image_r) nounwind, !map !107"   --->   Operation 32 'specbitsmap' <Predicate = true> <Delay = 0.00>
ST_16 : Operation 33 [1/1] (0.00ns)   --->   "call void (...)* @_ssdm_op_SpecBitsMap([1024 x float]* %output_r) nounwind, !map !113"   --->   Operation 33 'specbitsmap' <Predicate = true> <Delay = 0.00>
ST_16 : Operation 34 [1/1] (0.00ns)   --->   "call void (...)* @_ssdm_op_SpecTopModule([5 x i8]* @topp_str) nounwind"   --->   Operation 34 'spectopmodule' <Predicate = true> <Delay = 0.00>
ST_16 : Operation 35 [1/2] (0.00ns)   --->   "call fastcc void @detection_head([1024 x float]* %output_r) nounwind" [topp.c:373]   --->   Operation 35 'call' <Predicate = true> <Delay = 0.00> <CoreType = "Generic">   --->   Core 0 '' <Latency = 0> <II = 1> <Delay = 1.00> <Generic> <Opcode : >
ST_16 : Operation 36 [1/1] (0.00ns)   --->   "ret void" [topp.c:374]   --->   Operation 36 'ret' <Predicate = true> <Delay = 0.00>


============================================================
+ Verbose Summary: Binding
============================================================
STG Binding: 
---------------- STG Properties BEGIN ----------------
- Is combinational: 0
- Is one-state seq: 0
- Is datapath-only: 0
- Is pipelined: 0
- Is top level: 1
Port [ Return ] is wired: 1; IO mode=ap_ctrl_hs:ce=0
Port [ image_r]:  wired=1; compound=1; hidden=0; nouse=0; global=0; static=0; extern=0; dir=0; type=1; pingpong=0; private_global=0; MemPort=[13]; IO mode=ap_memory:ce=0
Port [ output_r]:  wired=1; compound=1; hidden=0; nouse=0; global=0; static=0; extern=0; dir=1; type=1; pingpong=0; private_global=0; MemPort=[03]; IO mode=ap_memory:ce=0
Port [ f1]:  wired=0; compound=1; hidden=1; nouse=0; global=1; static=1; extern=0; dir=2; type=1; pingpong=0; private_global=1; linkage=7; visibility=0; MemPort=[23]; IO mode=ap_memory:ce=0
Port [ p1]:  wired=0; compound=1; hidden=1; nouse=0; global=1; static=1; extern=0; dir=2; type=1; pingpong=0; private_global=1; linkage=7; visibility=0; MemPort=[23]; IO mode=ap_memory:ce=0
Port [ f2]:  wired=0; compound=1; hidden=1; nouse=0; global=1; static=1; extern=0; dir=2; type=1; pingpong=0; private_global=1; linkage=7; visibility=0; MemPort=[23]; IO mode=ap_memory:ce=0
Port [ p2]:  wired=0; compound=1; hidden=1; nouse=0; global=1; static=1; extern=0; dir=2; type=1; pingpong=0; private_global=1; linkage=7; visibility=0; MemPort=[23]; IO mode=ap_memory:ce=0
Port [ f3]:  wired=0; compound=1; hidden=1; nouse=0; global=1; static=1; extern=0; dir=2; type=1; pingpong=0; private_global=1; linkage=7; visibility=0; MemPort=[23]; IO mode=ap_memory:ce=0
Port [ f4]:  wired=0; compound=1; hidden=1; nouse=0; global=1; static=1; extern=0; dir=2; type=1; pingpong=0; private_global=1; linkage=7; visibility=0; MemPort=[23]; IO mode=ap_memory:ce=0
Port [ f5]:  wired=0; compound=1; hidden=1; nouse=0; global=1; static=1; extern=0; dir=2; type=1; pingpong=0; private_global=1; linkage=7; visibility=0; MemPort=[23]; IO mode=ap_memory:ce=0
---------------- STG Properties END ------------------

---------------- Datapath Model BEGIN ----------------

<LifeTime>
<method=bitvector/>
StgValue_18 (call         ) [ 00000000000000000]
StgValue_20 (call         ) [ 00000000000000000]
StgValue_22 (call         ) [ 00000000000000000]
StgValue_24 (call         ) [ 00000000000000000]
StgValue_26 (call         ) [ 00000000000000000]
StgValue_28 (call         ) [ 00000000000000000]
StgValue_30 (call         ) [ 00000000000000000]
StgValue_32 (specbitsmap  ) [ 00000000000000000]
StgValue_33 (specbitsmap  ) [ 00000000000000000]
StgValue_34 (spectopmodule) [ 00000000000000000]
StgValue_35 (call         ) [ 00000000000000000]
StgValue_36 (ret          ) [ 00000000000000000]
</LifeTime>

<model>

<comp_list>
<comp id="0" class="1000" name="image_r">
<pin_list>
<pin id="1" dir="1" index="0" bw="1" slack="0"/>
</pin_list>
<bind>
<StgValue><ssdm name="image_r"/><MemPortTyVec>1 3 </MemPortTyVec>
</StgValue>
</bind>
</comp>

<comp id="2" class="1000" name="output_r">
<pin_list>
<pin id="3" dir="1" index="0" bw="1" slack="0"/>
</pin_list>
<bind>
<StgValue><ssdm name="output_r"/><MemPortTyVec>0 3 </MemPortTyVec>
</StgValue>
</bind>
</comp>

<comp id="4" class="1000" name="f1">
<pin_list>
<pin id="5" dir="1" index="0" bw="1" slack="0"/>
</pin_list>
<bind>
<StgValue><ssdm name="f1"/><MemPortTyVec>2 3 </MemPortTyVec>
</StgValue>
</bind>
</comp>

<comp id="6" class="1000" name="p1">
<pin_list>
<pin id="7" dir="1" index="0" bw="1" slack="0"/>
</pin_list>
<bind>
<StgValue><ssdm name="p1"/><MemPortTyVec>2 3 </MemPortTyVec>
</StgValue>
</bind>
</comp>

<comp id="8" class="1000" name="f2">
<pin_list>
<pin id="9" dir="1" index="0" bw="1" slack="0"/>
</pin_list>
<bind>
<StgValue><ssdm name="f2"/><MemPortTyVec>2 3 </MemPortTyVec>
</StgValue>
</bind>
</comp>

<comp id="10" class="1000" name="p2">
<pin_list>
<pin id="11" dir="1" index="0" bw="1" slack="0"/>
</pin_list>
<bind>
<StgValue><ssdm name="p2"/><MemPortTyVec>2 3 </MemPortTyVec>
</StgValue>
</bind>
</comp>

<comp id="12" class="1000" name="f3">
<pin_list>
<pin id="13" dir="1" index="0" bw="1" slack="0"/>
</pin_list>
<bind>
<StgValue><ssdm name="f3"/><MemPortTyVec>2 3 </MemPortTyVec>
</StgValue>
</bind>
</comp>

<comp id="14" class="1000" name="f4">
<pin_list>
<pin id="15" dir="1" index="0" bw="1" slack="0"/>
</pin_list>
<bind>
<StgValue><ssdm name="f4"/><MemPortTyVec>2 3 </MemPortTyVec>
</StgValue>
</bind>
</comp>

<comp id="16" class="1000" name="f5">
<pin_list>
<pin id="17" dir="1" index="0" bw="1" slack="0"/>
</pin_list>
<bind>
<StgValue><ssdm name="f5"/><MemPortTyVec>2 3 </MemPortTyVec>
</StgValue>
</bind>
</comp>

<comp id="18" class="1001" name="const_18">
<pin_list>
<pin id="19" dir="1" index="0" bw="1" slack="0"/>
</pin_list>
<bind>
<StgValue><ssdm name="conv1"/></StgValue>
</bind>
</comp>

<comp id="20" class="1001" name="const_20">
<pin_list>
<pin id="21" dir="1" index="0" bw="1" slack="0"/>
</pin_list>
<bind>
<StgValue><ssdm name="maxpool1"/></StgValue>
</bind>
</comp>

<comp id="22" class="1001" name="const_22">
<pin_list>
<pin id="23" dir="1" index="0" bw="1" slack="0"/>
</pin_list>
<bind>
<StgValue><ssdm name="conv2"/></StgValue>
</bind>
</comp>

<comp id="24" class="1001" name="const_24">
<pin_list>
<pin id="25" dir="1" index="0" bw="1" slack="0"/>
</pin_list>
<bind>
<StgValue><ssdm name="maxpool2"/></StgValue>
</bind>
</comp>

<comp id="26" class="1001" name="const_26">
<pin_list>
<pin id="27" dir="1" index="0" bw="1" slack="0"/>
</pin_list>
<bind>
<StgValue><ssdm name="conv3"/></StgValue>
</bind>
</comp>

<comp id="28" class="1001" name="const_28">
<pin_list>
<pin id="29" dir="1" index="0" bw="1" slack="0"/>
</pin_list>
<bind>
<StgValue><ssdm name="conv4"/></StgValue>
</bind>
</comp>

<comp id="30" class="1001" name="const_30">
<pin_list>
<pin id="31" dir="1" index="0" bw="1" slack="0"/>
</pin_list>
<bind>
<StgValue><ssdm name="conv5"/></StgValue>
</bind>
</comp>

<comp id="32" class="1001" name="const_32">
<pin_list>
<pin id="33" dir="1" index="0" bw="1" slack="0"/>
</pin_list>
<bind>
<StgValue><ssdm name="detection_head"/></StgValue>
</bind>
</comp>

<comp id="34" class="1001" name="const_34">
<pin_list>
<pin id="35" dir="1" index="0" bw="1" slack="2147483647"/>
</pin_list>
<bind>
<StgValue><ssdm name="_ssdm_op_SpecBitsMap"/></StgValue>
</bind>
</comp>

<comp id="36" class="1001" name="const_36">
<pin_list>
<pin id="37" dir="1" index="0" bw="1" slack="2147483647"/>
</pin_list>
<bind>
<StgValue><ssdm name="_ssdm_op_SpecTopModule"/></StgValue>
</bind>
</comp>

<comp id="38" class="1001" name="const_38">
<pin_list>
<pin id="39" dir="1" index="0" bw="1" slack="2147483647"/>
</pin_list>
<bind>
<StgValue><ssdm name="topp_str"/></StgValue>
</bind>
</comp>

<comp id="40" class="1004" name="grp_detection_head_fu_40">
<pin_list>
<pin id="41" dir="0" index="0" bw="0" slack="0"/>
<pin id="42" dir="0" index="1" bw="32" slack="0"/>
<pin id="43" dir="0" index="2" bw="32" slack="0"/>
<pin id="44" dir="1" index="3" bw="0" slack="2147483647"/>
</pin_list>
<bind>
<opcode="call(48) " fcode="call"/>
<opset="StgValue_31/15 "/>
</bind>
</comp>

<comp id="48" class="1004" name="grp_conv2_fu_48">
<pin_list>
<pin id="49" dir="0" index="0" bw="0" slack="0"/>
<pin id="50" dir="0" index="1" bw="32" slack="0"/>
<pin id="51" dir="0" index="2" bw="32" slack="0"/>
<pin id="52" dir="1" index="3" bw="0" slack="2147483647"/>
</pin_list>
<bind>
<opcode="call(48) " fcode="call"/>
<opset="StgValue_21/5 "/>
</bind>
</comp>

<comp id="56" class="1004" name="grp_conv1_fu_56">
<pin_list>
<pin id="57" dir="0" index="0" bw="0" slack="0"/>
<pin id="58" dir="0" index="1" bw="32" slack="0"/>
<pin id="59" dir="0" index="2" bw="32" slack="0"/>
<pin id="60" dir="1" index="3" bw="0" slack="2147483647"/>
</pin_list>
<bind>
<opcode="call(48) " fcode="call"/>
<opset="StgValue_17/1 "/>
</bind>
</comp>

<comp id="64" class="1004" name="grp_conv4_fu_64">
<pin_list>
<pin id="65" dir="0" index="0" bw="0" slack="0"/>
<pin id="66" dir="0" index="1" bw="32" slack="0"/>
<pin id="67" dir="0" index="2" bw="32" slack="0"/>
<pin id="68" dir="1" index="3" bw="0" slack="2147483647"/>
</pin_list>
<bind>
<opcode="call(48) " fcode="call"/>
<opset="StgValue_27/11 "/>
</bind>
</comp>

<comp id="72" class="1004" name="grp_conv3_fu_72">
<pin_list>
<pin id="73" dir="0" index="0" bw="0" slack="0"/>
<pin id="74" dir="0" index="1" bw="32" slack="0"/>
<pin id="75" dir="0" index="2" bw="32" slack="0"/>
<pin id="76" dir="1" index="3" bw="0" slack="2147483647"/>
</pin_list>
<bind>
<opcode="call(48) " fcode="call"/>
<opset="StgValue_25/9 "/>
</bind>
</comp>

<comp id="80" class="1004" name="grp_conv5_fu_80">
<pin_list>
<pin id="81" dir="0" index="0" bw="0" slack="0"/>
<pin id="82" dir="0" index="1" bw="32" slack="0"/>
<pin id="83" dir="0" index="2" bw="32" slack="0"/>
<pin id="84" dir="1" index="3" bw="0" slack="2147483647"/>
</pin_list>
<bind>
<opcode="call(48) " fcode="call"/>
<opset="StgValue_29/13 "/>
</bind>
</comp>

<comp id="88" class="1004" name="grp_maxpool1_fu_88">
<pin_list>
<pin id="89" dir="0" index="0" bw="0" slack="0"/>
<pin id="90" dir="0" index="1" bw="32" slack="0"/>
<pin id="91" dir="0" index="2" bw="32" slack="0"/>
<pin id="92" dir="1" index="3" bw="0" slack="2147483647"/>
</pin_list>
<bind>
<opcode="call(48) " fcode="call"/>
<opset="StgValue_19/3 "/>
</bind>
</comp>

<comp id="96" class="1004" name="grp_maxpool2_fu_96">
<pin_list>
<pin id="97" dir="0" index="0" bw="0" slack="0"/>
<pin id="98" dir="0" index="1" bw="32" slack="0"/>
<pin id="99" dir="0" index="2" bw="32" slack="0"/>
<pin id="100" dir="1" index="3" bw="0" slack="2147483647"/>
</pin_list>
<bind>
<opcode="call(48) " fcode="call"/>
<opset="StgValue_23/7 "/>
</bind>
</comp>

</comp_list>

<net_list>
<net id="45"><net_src comp="32" pin="0"/><net_sink comp="40" pin=0"/></net>

<net id="46"><net_src comp="2" pin="0"/><net_sink comp="40" pin=1"/></net>

<net id="47"><net_src comp="16" pin="0"/><net_sink comp="40" pin=2"/></net>

<net id="53"><net_src comp="22" pin="0"/><net_sink comp="48" pin=0"/></net>

<net id="54"><net_src comp="8" pin="0"/><net_sink comp="48" pin=1"/></net>

<net id="55"><net_src comp="6" pin="0"/><net_sink comp="48" pin=2"/></net>

<net id="61"><net_src comp="18" pin="0"/><net_sink comp="56" pin=0"/></net>

<net id="62"><net_src comp="0" pin="0"/><net_sink comp="56" pin=1"/></net>

<net id="63"><net_src comp="4" pin="0"/><net_sink comp="56" pin=2"/></net>

<net id="69"><net_src comp="28" pin="0"/><net_sink comp="64" pin=0"/></net>

<net id="70"><net_src comp="14" pin="0"/><net_sink comp="64" pin=1"/></net>

<net id="71"><net_src comp="12" pin="0"/><net_sink comp="64" pin=2"/></net>

<net id="77"><net_src comp="26" pin="0"/><net_sink comp="72" pin=0"/></net>

<net id="78"><net_src comp="12" pin="0"/><net_sink comp="72" pin=1"/></net>

<net id="79"><net_src comp="10" pin="0"/><net_sink comp="72" pin=2"/></net>

<net id="85"><net_src comp="30" pin="0"/><net_sink comp="80" pin=0"/></net>

<net id="86"><net_src comp="16" pin="0"/><net_sink comp="80" pin=1"/></net>

<net id="87"><net_src comp="14" pin="0"/><net_sink comp="80" pin=2"/></net>

<net id="93"><net_src comp="20" pin="0"/><net_sink comp="88" pin=0"/></net>

<net id="94"><net_src comp="6" pin="0"/><net_sink comp="88" pin=1"/></net>

<net id="95"><net_src comp="4" pin="0"/><net_sink comp="88" pin=2"/></net>

<net id="101"><net_src comp="24" pin="0"/><net_sink comp="96" pin=0"/></net>

<net id="102"><net_src comp="10" pin="0"/><net_sink comp="96" pin=1"/></net>

<net id="103"><net_src comp="8" pin="0"/><net_sink comp="96" pin=2"/></net>

</net_list>

</model> 
---------------- Datapath Model END ------------------

* FSMD analyzer results:
  - Output states:
	Port: output_r | {15 16 }
	Port: f1 | {1 2 }
	Port: p1 | {3 4 }
	Port: f2 | {5 6 }
	Port: p2 | {7 8 }
	Port: f3 | {9 10 }
	Port: f4 | {11 12 }
	Port: f5 | {13 14 }
 - Input state : 
	Port: topp : image_r | {1 2 }
	Port: topp : f1 | {3 4 }
	Port: topp : p1 | {5 6 }
	Port: topp : f2 | {7 8 }
	Port: topp : p2 | {9 10 }
	Port: topp : f3 | {11 12 }
	Port: topp : f4 | {13 14 }
	Port: topp : f5 | {15 16 }
  - Chain level:
	State 1
	State 2
	State 3
	State 4
	State 5
	State 6
	State 7
	State 8
	State 9
	State 10
	State 11
	State 12
	State 13
	State 14
	State 15
	State 16


============================================================
+ Verbose Summary: Datapath Resource usage 
============================================================

* Functional unit list:
|----------|--------------------------|---------|---------|---------|---------|
| Operation|      Functional Unit     |  DSP48E |  Delay  |    FF   |   LUT   |
|----------|--------------------------|---------|---------|---------|---------|
|          | grp_detection_head_fu_40 |    12   |  8.845  |   1734  |   2846  |
|          |      grp_conv2_fu_48     |    5    |  8.845  |   741   |   1319  |
|          |      grp_conv1_fu_56     |    5    |  7.076  |   746   |   1291  |
|   call   |      grp_conv4_fu_64     |    5    |  7.076  |   725   |   1305  |
|          |      grp_conv3_fu_72     |    5    |  7.076  |   724   |   1305  |
|          |      grp_conv5_fu_80     |    5    |  7.076  |   642   |   984   |
|          |    grp_maxpool1_fu_88    |    0    |  5.3985 |   388   |   647   |
|          |    grp_maxpool2_fu_96    |    0    |  5.3985 |   355   |   663   |
|----------|--------------------------|---------|---------|---------|---------|
|   Total  |                          |    37   |  56.791 |   6055  |  10360  |
|----------|--------------------------|---------|---------|---------|---------|

Memories:
+----+--------+--------+--------+
|    |  BRAM  |   FF   |   LUT  |
+----+--------+--------+--------+
| f1 |   64   |    0   |    0   |
| f2 |   32   |    0   |    0   |
| f3 |   16   |    0   |    0   |
| f4 |    8   |    0   |    0   |
| f5 |    4   |    0   |    0   |
| p1 |   16   |    0   |    0   |
| p2 |    8   |    0   |    0   |
+----+--------+--------+--------+
|Total|   148  |    0   |    0   |
+----+--------+--------+--------+

* Register list:
N/A

* Multiplexer (MUX) list: 
|--------|------|------|------|--------|
|  Comp  |  Pin | Size |  BW  | S x BW |
|--------|------|------|------|--------|
|  Total |      |      |      |    0   |
|--------|------|------|------|--------|



* Summary:
+-----------+--------+--------+--------+--------+--------+
|           |  BRAM  | DSP48E |  Delay |   FF   |   LUT  |
+-----------+--------+--------+--------+--------+--------+
|  Function |    -   |   37   |   56   |  6055  |  10360 |
|   Memory  |   148  |    -   |    -   |    0   |    0   |
|Multiplexer|    -   |    -   |    -   |    -   |    -   |
|  Register |    -   |    -   |    -   |    -   |    -   |
+-----------+--------+--------+--------+--------+--------+
|   Total   |   148  |   37   |   56   |  6055  |  10360 |
+-----------+--------+--------+--------+--------+--------+
