#-----------------------------------------------------------
# Vivado v2018.3 (64-bit)
# SW Build 2405991 on Thu Dec  6 23:38:27 MST 2018
# IP Build 2404404 on Fri Dec  7 01:43:56 MST 2018
# Start of session at: Mon Jun  8 21:06:18 2026
# Process ID: 21500
# Current directory: Z:/thietkephancunglab/finalprojop/topp/solution1/sim/vhdl
# Command line: vivado.exe -source open_wave.tcl
# Log file: Z:/thietkephancunglab/finalprojop/topp/solution1/sim/vhdl/vivado.log
# Journal file: Z:/thietkephancunglab/finalprojop/topp/solution1/sim/vhdl\vivado.jou
#-----------------------------------------------------------
start_gui
source open_wave.tcl
# current_fileset
INFO: [IP_Flow 19-234] Refreshing IP repositories
INFO: [IP_Flow 19-1704] No user IP repositories specified
INFO: [IP_Flow 19-2313] Loaded Vivado IP repository 'Z:/Vivado/2018.3/data/ip'.
# open_wave_database topp.wdb
open_wave_config Z:/thietkephancunglab/finalprojop/topp/solution1/sim/vhdl/topp.wcfg
close_sim
INFO: [Simtcl 6-16] Simulation closed
exit
INFO: [Common 17-206] Exiting Vivado at Mon Jun  8 21:07:58 2026...
