#-----------------------------------------------------------
# xsim v2018.3 (64-bit)
# SW Build 2405991 on Thu Dec  6 23:38:27 MST 2018
# IP Build 2404404 on Fri Dec  7 01:43:56 MST 2018
# Start of session at: Mon Jun  8 21:04:55 2026
# Process ID: 23256
# Current directory: Z:/thietkephancunglab/finalprojop/topp/solution1/sim/vhdl
# Command line: xsim.exe -mode tcl -source {xsim.dir/topp/xsim_script.tcl}
# Log file: Z:/thietkephancunglab/finalprojop/topp/solution1/sim/vhdl/xsim.log
# Journal file: Z:/thietkephancunglab/finalprojop/topp/solution1/sim/vhdl\xsim.jou
#-----------------------------------------------------------
source xsim.dir/topp/xsim_script.tcl
# xsim {topp} -autoloadwcfg -tclbatch {topp.tcl}
Vivado Simulator 2018.3
Time resolution is 1 ps
source topp.tcl
## log_wave -r /
WARNING: [Simtcl 6-197] One or more HDL objects could not be logged because of object type or size limitations.  To see details please rerun the command with -verbose (-v).
## set designtopgroup [add_wave_group "Design Top Signals"]
## set coutputgroup [add_wave_group "C Outputs" -into $designtopgroup]
## set output_group [add_wave_group output(memory) -into $coutputgroup]
## add_wave /apatb_topp_top/AESL_inst_topp/output_r_we1 -into $output_group -color #ffff00 -radix hex
## add_wave /apatb_topp_top/AESL_inst_topp/output_r_q1 -into $output_group -radix hex
## add_wave /apatb_topp_top/AESL_inst_topp/output_r_d1 -into $output_group -radix hex
## add_wave /apatb_topp_top/AESL_inst_topp/output_r_ce1 -into $output_group -color #ffff00 -radix hex
## add_wave /apatb_topp_top/AESL_inst_topp/output_r_address1 -into $output_group -radix hex
## add_wave /apatb_topp_top/AESL_inst_topp/output_r_we0 -into $output_group -color #ffff00 -radix hex
## add_wave /apatb_topp_top/AESL_inst_topp/output_r_q0 -into $output_group -radix hex
## add_wave /apatb_topp_top/AESL_inst_topp/output_r_d0 -into $output_group -radix hex
## add_wave /apatb_topp_top/AESL_inst_topp/output_r_ce0 -into $output_group -color #ffff00 -radix hex
## add_wave /apatb_topp_top/AESL_inst_topp/output_r_address0 -into $output_group -radix hex
## set cinputgroup [add_wave_group "C Inputs" -into $designtopgroup]
## set image_group [add_wave_group image(memory) -into $cinputgroup]
## add_wave /apatb_topp_top/AESL_inst_topp/image_r_we1 -into $image_group -color #ffff00 -radix hex
## add_wave /apatb_topp_top/AESL_inst_topp/image_r_q1 -into $image_group -radix hex
## add_wave /apatb_topp_top/AESL_inst_topp/image_r_d1 -into $image_group -radix hex
## add_wave /apatb_topp_top/AESL_inst_topp/image_r_ce1 -into $image_group -color #ffff00 -radix hex
## add_wave /apatb_topp_top/AESL_inst_topp/image_r_address1 -into $image_group -radix hex
## add_wave /apatb_topp_top/AESL_inst_topp/image_r_we0 -into $image_group -color #ffff00 -radix hex
## add_wave /apatb_topp_top/AESL_inst_topp/image_r_q0 -into $image_group -radix hex
## add_wave /apatb_topp_top/AESL_inst_topp/image_r_d0 -into $image_group -radix hex
## add_wave /apatb_topp_top/AESL_inst_topp/image_r_ce0 -into $image_group -color #ffff00 -radix hex
## add_wave /apatb_topp_top/AESL_inst_topp/image_r_address0 -into $image_group -radix hex
## set blocksiggroup [add_wave_group "Block-level IO Handshake" -into $designtopgroup]
## add_wave /apatb_topp_top/AESL_inst_topp/ap_start -into $blocksiggroup
## add_wave /apatb_topp_top/AESL_inst_topp/ap_done -into $blocksiggroup
## add_wave /apatb_topp_top/AESL_inst_topp/ap_ready -into $blocksiggroup
## add_wave /apatb_topp_top/AESL_inst_topp/ap_idle -into $blocksiggroup
## set resetgroup [add_wave_group "Reset" -into $designtopgroup]
## add_wave /apatb_topp_top/AESL_inst_topp/ap_rst -into $resetgroup
## set clockgroup [add_wave_group "Clock" -into $designtopgroup]
## add_wave /apatb_topp_top/AESL_inst_topp/ap_clk -into $clockgroup
## set testbenchgroup [add_wave_group "Test Bench Signals"]
## set tbinternalsiggroup [add_wave_group "Internal Signals" -into $testbenchgroup]
## set tb_simstatus_group [add_wave_group "Simulation Status" -into $tbinternalsiggroup]
## set tb_portdepth_group [add_wave_group "Port Depth" -into $tbinternalsiggroup]
## add_wave /apatb_topp_top/AUTOTB_TRANSACTION_NUM -into $tb_simstatus_group -radix hex
## add_wave /apatb_topp_top/ready_cnt -into $tb_simstatus_group -radix hex
## add_wave /apatb_topp_top/done_cnt -into $tb_simstatus_group -radix hex
## add_wave /apatb_topp_top/LENGTH_image_r -into $tb_portdepth_group -radix hex
## add_wave /apatb_topp_top/LENGTH_output_r -into $tb_portdepth_group -radix hex
## set tbcoutputgroup [add_wave_group "C Outputs" -into $testbenchgroup]
## set tb_output_group [add_wave_group output(memory) -into $tbcoutputgroup]
## add_wave /apatb_topp_top/output_r_we1 -into $tb_output_group -color #ffff00 -radix hex
## add_wave /apatb_topp_top/output_r_q1 -into $tb_output_group -radix hex
## add_wave /apatb_topp_top/output_r_d1 -into $tb_output_group -radix hex
## add_wave /apatb_topp_top/output_r_ce1 -into $tb_output_group -color #ffff00 -radix hex
## add_wave /apatb_topp_top/output_r_address1 -into $tb_output_group -radix hex
## add_wave /apatb_topp_top/output_r_we0 -into $tb_output_group -color #ffff00 -radix hex
## add_wave /apatb_topp_top/output_r_q0 -into $tb_output_group -radix hex
## add_wave /apatb_topp_top/output_r_d0 -into $tb_output_group -radix hex
## add_wave /apatb_topp_top/output_r_ce0 -into $tb_output_group -color #ffff00 -radix hex
## add_wave /apatb_topp_top/output_r_address0 -into $tb_output_group -radix hex
## set tbcinputgroup [add_wave_group "C Inputs" -into $testbenchgroup]
## set tb_image_group [add_wave_group image(memory) -into $tbcinputgroup]
## add_wave /apatb_topp_top/image_r_we1 -into $tb_image_group -color #ffff00 -radix hex
## add_wave /apatb_topp_top/image_r_q1 -into $tb_image_group -radix hex
## add_wave /apatb_topp_top/image_r_d1 -into $tb_image_group -radix hex
## add_wave /apatb_topp_top/image_r_ce1 -into $tb_image_group -color #ffff00 -radix hex
## add_wave /apatb_topp_top/image_r_address1 -into $tb_image_group -radix hex
## add_wave /apatb_topp_top/image_r_we0 -into $tb_image_group -color #ffff00 -radix hex
## add_wave /apatb_topp_top/image_r_q0 -into $tb_image_group -radix hex
## add_wave /apatb_topp_top/image_r_d0 -into $tb_image_group -radix hex
## add_wave /apatb_topp_top/image_r_ce0 -into $tb_image_group -color #ffff00 -radix hex
## add_wave /apatb_topp_top/image_r_address0 -into $tb_image_group -radix hex
## save_wave_config topp.wcfg
## run all
Warning: OPMODE Input Warning : The OPMODE 011XX11 with CARRYINSEL  000 to DSP48E1 instance is invalid.
Time: 100010 ps  Iteration: 0  Process: /apatb_topp_top/AESL_inst_topp/detection_head_U0/topp_fexp_32ns_32dEe_U113/topp_ap_fexp_7_full_dsp_32_u/U0/i_synth/exp_op/i_sp_or_dp/OP/i_renorm_and_round/dsp48_e1/dsp48e1_add/DSP48E1_ADD/DSP/prcs_opmode_drc  File: Z:\Vivado\2018.3\data/vhdl/src/unisims/primitive/DSP48E1.vhd
Warning: OPMODE Input Warning : The OPMODE 0110X0X with CARRYINSEL  000 to DSP48E1 instance is invalid.
Time: 100010 ps  Iteration: 0  Process: /apatb_topp_top/AESL_inst_topp/detection_head_U0/topp_fadd_32ns_32bkb_U111/topp_ap_fadd_3_full_dsp_32_u/U0/i_synth/addsub_op/ADDSUB/speed_op/dsp/OP/dsp48e1_body/ALIGN_ADD/DSP2/DSP/prcs_opmode_drc  File: Z:\Vivado\2018.3\data/vhdl/src/unisims/primitive/DSP48E1.vhd
Note: simulation done!
Time: 377305 ns  Iteration: 1  Process: /apatb_topp_top/generate_sim_done_proc  File: Z:/thietkephancunglab/finalprojop/topp/solution1/sim/vhdl/topp.autotb.vhd
Failure: NORMAL EXIT (note: failure is to force the simulator to stop)
Time: 377305 ns  Iteration: 1  Process: /apatb_topp_top/generate_sim_done_proc  File: Z:/thietkephancunglab/finalprojop/topp/solution1/sim/vhdl/topp.autotb.vhd
$finish called at time : 377305 ns
run: Time (s): cpu = 00:00:00 ; elapsed = 00:00:07 . Memory (MB): peak = 217.883 ; gain = 0.000
## quit
INFO: [Common 17-206] Exiting xsim at Mon Jun  8 21:05:06 2026...
