INFO: [SIM 2] *************** CSIM start ***************
INFO: [SIM 4] CSIM will launch GCC as the compiler.
   Compiling(apcc) ../../../../../finalproj/tb_topp.c in debug mode
INFO: [HLS 200-10] Running 'Z:/Vivado/2018.3/bin/unwrapped/win64.o/apcc.exe'
INFO: [HLS 200-10] For user 'UUUU2' on host 'laptop-ud1uj2kv' (Windows NT_amd64 version 6.2) on Sun Jun 07 19:48:07 +0700 2026
INFO: [HLS 200-10] In directory 'Z:/thietkephancunglab/finalprojop/topp/solution1/csim/build'
INFO: [APCC 202-3] Tmp directory is apcc_db
INFO: [APCC 202-1] APCC is done.
   Generating csim.exe
Init weights...
Init image...
Run CNN...

Output channel 0

 0.500  0.500  0.500  0.500  0.500  0.500  0.500  0.500 
 0.500  1.000  1.000  1.000  1.000  1.000  1.000  0.500 
 0.500  1.000  1.000  1.000  1.000  1.000  1.000  0.500 
 0.500  1.000  1.000  1.000  1.000  1.000  1.000  0.500 
 0.500  1.000  1.000  1.000  1.000  1.000  1.000  0.500 
 0.500  1.000  1.000  1.000  1.000  1.000  1.000  0.500 
 0.500  1.000  1.000  1.000  1.000  1.000  1.000  0.500 
 0.500  0.500  0.500  0.500  0.500  0.500  0.500  0.500 

Detected cells:

Cell(1,1): x=1.00 y=1.00 w=1.00 h=1.00 conf=1.00 class=1.00
Cell(1,2): x=1.00 y=1.00 w=1.00 h=1.00 conf=1.00 class=1.00
Cell(1,3): x=1.00 y=1.00 w=1.00 h=1.00 conf=1.00 class=1.00
Cell(1,4): x=1.00 y=1.00 w=1.00 h=1.00 conf=1.00 class=1.00
Cell(1,5): x=1.00 y=1.00 w=1.00 h=1.00 conf=1.00 class=1.00
Cell(1,6): x=1.00 y=1.00 w=1.00 h=1.00 conf=1.00 class=1.00
Cell(2,1): x=1.00 y=1.00 w=1.00 h=1.00 conf=1.00 class=1.00
Cell(2,2): x=1.00 y=1.00 w=1.00 h=1.00 conf=1.00 class=1.00
Cell(2,3): x=1.00 y=1.00 w=1.00 h=1.00 conf=1.00 class=1.00
Cell(2,4): x=1.00 y=1.00 w=1.00 h=1.00 conf=1.00 class=1.00
Cell(2,5): x=1.00 y=1.00 w=1.00 h=1.00 conf=1.00 class=1.00
Cell(2,6): x=1.00 y=1.00 w=1.00 h=1.00 conf=1.00 class=1.00
Cell(3,1): x=1.00 y=1.00 w=1.00 h=1.00 conf=1.00 class=1.00
Cell(3,2): x=1.00 y=1.00 w=1.00 h=1.00 conf=1.00 class=1.00
Cell(3,3): x=1.00 y=1.00 w=1.00 h=1.00 conf=1.00 class=1.00
Cell(3,4): x=1.00 y=1.00 w=1.00 h=1.00 conf=1.00 class=1.00
Cell(3,5): x=1.00 y=1.00 w=1.00 h=1.00 conf=1.00 class=1.00
Cell(3,6): x=1.00 y=1.00 w=1.00 h=1.00 conf=1.00 class=1.00
Cell(4,1): x=1.00 y=1.00 w=1.00 h=1.00 conf=1.00 class=1.00
Cell(4,2): x=1.00 y=1.00 w=1.00 h=1.00 conf=1.00 class=1.00
Cell(4,3): x=1.00 y=1.00 w=1.00 h=1.00 conf=1.00 class=1.00
Cell(4,4): x=1.00 y=1.00 w=1.00 h=1.00 conf=1.00 class=1.00
Cell(4,5): x=1.00 y=1.00 w=1.00 h=1.00 conf=1.00 class=1.00
Cell(4,6): x=1.00 y=1.00 w=1.00 h=1.00 conf=1.00 class=1.00
Cell(5,1): x=1.00 y=1.00 w=1.00 h=1.00 conf=1.00 class=1.00
Cell(5,2): x=1.00 y=1.00 w=1.00 h=1.00 conf=1.00 class=1.00
Cell(5,3): x=1.00 y=1.00 w=1.00 h=1.00 conf=1.00 class=1.00
Cell(5,4): x=1.00 y=1.00 w=1.00 h=1.00 conf=1.00 class=1.00
Cell(5,5): x=1.00 y=1.00 w=1.00 h=1.00 conf=1.00 class=1.00
Cell(5,6): x=1.00 y=1.00 w=1.00 h=1.00 conf=1.00 class=1.00
Cell(6,1): x=1.00 y=1.00 w=1.00 h=1.00 conf=1.00 class=1.00
Cell(6,2): x=1.00 y=1.00 w=1.00 h=1.00 conf=1.00 class=1.00
Cell(6,3): x=1.00 y=1.00 w=1.00 h=1.00 conf=1.00 class=1.00
Cell(6,4): x=1.00 y=1.00 w=1.00 h=1.00 conf=1.00 class=1.00
Cell(6,5): x=1.00 y=1.00 w=1.00 h=1.00 conf=1.00 class=1.00
Cell(6,6): x=1.00 y=1.00 w=1.00 h=1.00 conf=1.00 class=1.00
INFO: [SIM 1] CSim done with 0 errors.
INFO: [SIM 3] *************** CSIM finish ***************
