

================================================================
== Vivado HLS Report for 'detection_head'
================================================================
* Date:           Tue Jun  9 10:57:27 2026

* Version:        2018.3 (Build 2405991 on Thu Dec 06 23:56:15 MST 2018)
* Project:        topp
* Solution:       nodirective
* Product family: zynq
* Target device:  xc7z020clg484-1


================================================================
== Performance Estimates
================================================================
+ Timing (ns): 
    * Summary: 
    +--------+-------+----------+------------+
    |  Clock | Target| Estimated| Uncertainty|
    +--------+-------+----------+------------+
    |ap_clk  |  10.00|     8.677|        1.25|
    +--------+-------+----------+------------+

+ Latency (clock cycles): 
    * Summary: 
    +--------+--------+--------+--------+---------+
    |     Latency     |     Interval    | Pipeline|
    |   min  |   max  |   min  |   max  |   Type  |
    +--------+--------+--------+--------+---------+
    |  311569|  311569|  311569|  311569|   none  |
    +--------+--------+--------+--------+---------+

    + Detail: 
        * Instance: 
        N/A

        * Loop: 
        +---------------------+--------+--------+----------+-----------+-----------+------+----------+
        |                     |     Latency     | Iteration|  Initiation Interval  | Trip |          |
        |      Loop Name      |   min  |   max  |  Latency |  achieved |   target  | Count| Pipelined|
        +---------------------+--------+--------+----------+-----------+-----------+------+----------+
        |- Loop 1             |  311568|  311568|     38946|          -|          -|     8|    no    |
        | + Loop 1.1          |   38944|   38944|      4868|          -|          -|     8|    no    |
        |  ++ Loop 1.1.1      |      16|      16|         1|          -|          -|    16|    no    |
        |  ++ Loop 1.1.2      |    4320|    4320|       135|          -|          -|    32|    no    |
        |   +++ Loop 1.1.2.1  |     128|     128|         8|          -|          -|    16|    no    |
        |  ++ Loop 1.1.3      |     528|     528|        33|          -|          -|    16|    no    |
        +---------------------+--------+--------+----------+-----------+-----------+------+----------+

============================================================
+ Verbose Summary: Synthesis Manager
============================================================
InlineROM: 1
ExposeGlobal: 0
============================================================
+ Verbose Summary: CDFG Model
============================================================
IsTopModel: 0
ResetActiveHigh: 1
IsCombinational: 0
IsDatapathOnly: 0
HasWiredReturn: 1
HasMFsm: 0
HasVarLatency: 1
IsPipeline: 0
IsRtlPipelined: 0
IsInstanceOverlapped: 0
IsDontTouch: 0
HasImplIP: 0
IsGatedGlobalClock: 0


============================================================
+ Verbose Summary: Schedule
============================================================
* Number of FSM states : 51
* Pipeline : 0
* Dataflow Pipeline: 0

* FSM state transitions: 
1 --> 
	2  / true
2 --> 
	3  / (!exitcond5)
3 --> 
	4  / (!exitcond4)
	2  / (exitcond4)
4 --> 
	4  / (!exitcond3)
	5  / (exitcond3)
5 --> 
	6  / (!exitcond2)
	19  / (exitcond2)
6 --> 
	7  / true
7 --> 
	8  / true
8 --> 
	9  / true
9 --> 
	10  / true
10 --> 
	11  / true
11 --> 
	12  / (!exitcond1)
	5  / (exitcond1)
12 --> 
	13  / true
13 --> 
	14  / true
14 --> 
	15  / true
15 --> 
	16  / true
16 --> 
	17  / true
17 --> 
	18  / true
18 --> 
	11  / true
19 --> 
	20  / (!exitcond)
	3  / (exitcond)
20 --> 
	21  / true
21 --> 
	22  / true
22 --> 
	23  / true
23 --> 
	24  / true
24 --> 
	25  / true
25 --> 
	26  / true
26 --> 
	27  / true
27 --> 
	28  / true
28 --> 
	29  / true
29 --> 
	30  / true
30 --> 
	31  / true
31 --> 
	32  / true
32 --> 
	33  / true
33 --> 
	34  / true
34 --> 
	35  / true
35 --> 
	36  / true
36 --> 
	37  / true
37 --> 
	38  / true
38 --> 
	39  / true
39 --> 
	40  / true
40 --> 
	41  / true
41 --> 
	42  / true
42 --> 
	43  / true
43 --> 
	44  / true
44 --> 
	45  / true
45 --> 
	46  / true
46 --> 
	47  / true
47 --> 
	48  / true
48 --> 
	49  / true
49 --> 
	50  / true
50 --> 
	51  / true
51 --> 
	19  / true

* FSM state operations: 

State 1 <SV = 0> <Delay = 2.32>
ST_1 : Operation 52 [1/1] (2.32ns)   --->   "%sum = alloca [16 x float], align 16" [topp.c:430]   --->   Operation 52 'alloca' 'sum' <Predicate = true> <Delay = 2.32> <Core = "RAM">   --->   Core 37 'RAM' <Latency = 1> <II = 1> <Delay = 2.32> <Storage> <Opcode : 'load' 'store'> <Ports = 2> <Width = 32> <Depth = 16> <RAM>
ST_1 : Operation 53 [1/1] (1.76ns)   --->   "br label %.loopexit" [topp.c:434]   --->   Operation 53 'br' <Predicate = true> <Delay = 1.76>

State 2 <SV = 1> <Delay = 1.76>
ST_2 : Operation 54 [1/1] (0.00ns)   --->   "%r = phi i4 [ 0, %0 ], [ %r_3, %.loopexit.loopexit ]"   --->   Operation 54 'phi' 'r' <Predicate = true> <Delay = 0.00>
ST_2 : Operation 55 [1/1] (1.30ns)   --->   "%exitcond5 = icmp eq i4 %r, -8" [topp.c:434]   --->   Operation 55 'icmp' 'exitcond5' <Predicate = true> <Delay = 1.30> <Core = "Cmp">   --->   Core 25 'Cmp' <Latency = 0> <II = 1> <Delay = 1.36> <FuncUnit> <Opcode : 'icmp'> <InPorts = 2> <OutPorts = 1>
ST_2 : Operation 56 [1/1] (0.00ns)   --->   "%empty = call i32 (...)* @_ssdm_op_SpecLoopTripCount(i64 8, i64 8, i64 8)"   --->   Operation 56 'speclooptripcount' 'empty' <Predicate = true> <Delay = 0.00>
ST_2 : Operation 57 [1/1] (1.73ns)   --->   "%r_3 = add i4 %r, 1" [topp.c:434]   --->   Operation 57 'add' 'r_3' <Predicate = true> <Delay = 1.73> <Core = "AddSub">   --->   Core 14 'AddSub' <Latency = 0> <II = 1> <Delay = 1.54> <FuncUnit> <Opcode : 'add' 'sub'> <InPorts = 2> <OutPorts = 1>
ST_2 : Operation 58 [1/1] (0.00ns)   --->   "br i1 %exitcond5, label %6, label %.preheader8.preheader" [topp.c:434]   --->   Operation 58 'br' <Predicate = true> <Delay = 0.00>
ST_2 : Operation 59 [1/1] (0.00ns)   --->   "%tmp = call i7 @_ssdm_op_BitConcatenate.i7.i4.i3(i4 %r, i3 0)" [topp.c:434]   --->   Operation 59 'bitconcatenate' 'tmp' <Predicate = (!exitcond5)> <Delay = 0.00>
ST_2 : Operation 60 [1/1] (0.00ns)   --->   "%tmp_98_cast = zext i7 %tmp to i8" [topp.c:435]   --->   Operation 60 'zext' 'tmp_98_cast' <Predicate = (!exitcond5)> <Delay = 0.00>
ST_2 : Operation 61 [1/1] (1.76ns)   --->   "br label %.preheader8" [topp.c:435]   --->   Operation 61 'br' <Predicate = (!exitcond5)> <Delay = 1.76>
ST_2 : Operation 62 [1/1] (0.00ns)   --->   "ret void" [topp.c:458]   --->   Operation 62 'ret' <Predicate = (exitcond5)> <Delay = 0.00>

State 3 <SV = 2> <Delay = 1.76>
ST_3 : Operation 63 [1/1] (0.00ns)   --->   "%c = phi i4 [ 0, %.preheader8.preheader ], [ %c_3, %.preheader8.loopexit ]"   --->   Operation 63 'phi' 'c' <Predicate = true> <Delay = 0.00>
ST_3 : Operation 64 [1/1] (1.30ns)   --->   "%exitcond4 = icmp eq i4 %c, -8" [topp.c:435]   --->   Operation 64 'icmp' 'exitcond4' <Predicate = true> <Delay = 1.30> <Core = "Cmp">   --->   Core 25 'Cmp' <Latency = 0> <II = 1> <Delay = 1.36> <FuncUnit> <Opcode : 'icmp'> <InPorts = 2> <OutPorts = 1>
ST_3 : Operation 65 [1/1] (0.00ns)   --->   "%empty_19 = call i32 (...)* @_ssdm_op_SpecLoopTripCount(i64 8, i64 8, i64 8)"   --->   Operation 65 'speclooptripcount' 'empty_19' <Predicate = true> <Delay = 0.00>
ST_3 : Operation 66 [1/1] (1.73ns)   --->   "%c_3 = add i4 %c, 1" [topp.c:435]   --->   Operation 66 'add' 'c_3' <Predicate = true> <Delay = 1.73> <Core = "AddSub">   --->   Core 14 'AddSub' <Latency = 0> <II = 1> <Delay = 1.54> <FuncUnit> <Opcode : 'add' 'sub'> <InPorts = 2> <OutPorts = 1>
ST_3 : Operation 67 [1/1] (0.00ns)   --->   "br i1 %exitcond4, label %.loopexit.loopexit, label %.preheader7.preheader" [topp.c:435]   --->   Operation 67 'br' <Predicate = true> <Delay = 0.00>
ST_3 : Operation 68 [1/1] (1.76ns)   --->   "br label %.preheader7" [topp.c:438]   --->   Operation 68 'br' <Predicate = (!exitcond4)> <Delay = 1.76>
ST_3 : Operation 69 [1/1] (0.00ns)   --->   "br label %.loopexit"   --->   Operation 69 'br' <Predicate = (exitcond4)> <Delay = 0.00>

State 4 <SV = 3> <Delay = 2.32>
ST_4 : Operation 70 [1/1] (0.00ns)   --->   "%oc = phi i5 [ %oc_3, %1 ], [ 0, %.preheader7.preheader ]"   --->   Operation 70 'phi' 'oc' <Predicate = true> <Delay = 0.00>
ST_4 : Operation 71 [1/1] (1.36ns)   --->   "%exitcond3 = icmp eq i5 %oc, -16" [topp.c:438]   --->   Operation 71 'icmp' 'exitcond3' <Predicate = true> <Delay = 1.36> <Core = "Cmp">   --->   Core 25 'Cmp' <Latency = 0> <II = 1> <Delay = 1.36> <FuncUnit> <Opcode : 'icmp'> <InPorts = 2> <OutPorts = 1>
ST_4 : Operation 72 [1/1] (0.00ns)   --->   "%empty_20 = call i32 (...)* @_ssdm_op_SpecLoopTripCount(i64 16, i64 16, i64 16)"   --->   Operation 72 'speclooptripcount' 'empty_20' <Predicate = true> <Delay = 0.00>
ST_4 : Operation 73 [1/1] (1.78ns)   --->   "%oc_3 = add i5 %oc, 1" [topp.c:438]   --->   Operation 73 'add' 'oc_3' <Predicate = true> <Delay = 1.78> <Core = "AddSub">   --->   Core 14 'AddSub' <Latency = 0> <II = 1> <Delay = 1.54> <FuncUnit> <Opcode : 'add' 'sub'> <InPorts = 2> <OutPorts = 1>
ST_4 : Operation 74 [1/1] (0.00ns)   --->   "br i1 %exitcond3, label %.preheader6.preheader, label %1" [topp.c:438]   --->   Operation 74 'br' <Predicate = true> <Delay = 0.00>
ST_4 : Operation 75 [1/1] (0.00ns)   --->   "%tmp_10 = zext i5 %oc to i64" [topp.c:440]   --->   Operation 75 'zext' 'tmp_10' <Predicate = (!exitcond3)> <Delay = 0.00>
ST_4 : Operation 76 [1/1] (0.00ns)   --->   "%sum_addr = getelementptr inbounds [16 x float]* %sum, i64 0, i64 %tmp_10" [topp.c:440]   --->   Operation 76 'getelementptr' 'sum_addr' <Predicate = (!exitcond3)> <Delay = 0.00>
ST_4 : Operation 77 [1/1] (2.32ns)   --->   "store float 0.000000e+00, float* %sum_addr, align 4" [topp.c:440]   --->   Operation 77 'store' <Predicate = (!exitcond3)> <Delay = 2.32> <Core = "RAM">   --->   Core 37 'RAM' <Latency = 1> <II = 1> <Delay = 2.32> <Storage> <Opcode : 'load' 'store'> <Ports = 2> <Width = 32> <Depth = 16> <RAM>
ST_4 : Operation 78 [1/1] (0.00ns)   --->   "br label %.preheader7" [topp.c:438]   --->   Operation 78 'br' <Predicate = (!exitcond3)> <Delay = 0.00>
ST_4 : Operation 79 [1/1] (0.00ns)   --->   "%tmp_cast = zext i4 %c to i8" [topp.c:445]   --->   Operation 79 'zext' 'tmp_cast' <Predicate = (exitcond3)> <Delay = 0.00>
ST_4 : Operation 80 [1/1] (1.87ns)   --->   "%tmp_s = add i8 %tmp_cast, %tmp_98_cast" [topp.c:445]   --->   Operation 80 'add' 'tmp_s' <Predicate = (exitcond3)> <Delay = 1.87> <Core = "AddSub">   --->   Core 14 'AddSub' <Latency = 0> <II = 1> <Delay = 1.54> <FuncUnit> <Opcode : 'add' 'sub'> <InPorts = 2> <OutPorts = 1>
ST_4 : Operation 81 [1/1] (0.00ns)   --->   "%tmp_101_cast = call i13 @_ssdm_op_BitConcatenate.i13.i8.i5(i8 %tmp_s, i5 0)" [topp.c:445]   --->   Operation 81 'bitconcatenate' 'tmp_101_cast' <Predicate = (exitcond3)> <Delay = 0.00>
ST_4 : Operation 82 [1/1] (0.00ns)   --->   "%tmp_103_cast = call i12 @_ssdm_op_BitConcatenate.i12.i8.i4(i8 %tmp_s, i4 0)" [topp.c:443]   --->   Operation 82 'bitconcatenate' 'tmp_103_cast' <Predicate = (exitcond3)> <Delay = 0.00>
ST_4 : Operation 83 [1/1] (1.76ns)   --->   "br label %.preheader6" [topp.c:443]   --->   Operation 83 'br' <Predicate = (exitcond3)> <Delay = 1.76>

State 5 <SV = 4> <Delay = 4.93>
ST_5 : Operation 84 [1/1] (0.00ns)   --->   "%ic = phi i6 [ 0, %.preheader6.preheader ], [ %ic_1, %.preheader6.loopexit ]"   --->   Operation 84 'phi' 'ic' <Predicate = true> <Delay = 0.00>
ST_5 : Operation 85 [1/1] (1.42ns)   --->   "%exitcond2 = icmp eq i6 %ic, -32" [topp.c:443]   --->   Operation 85 'icmp' 'exitcond2' <Predicate = true> <Delay = 1.42> <Core = "Cmp">   --->   Core 25 'Cmp' <Latency = 0> <II = 1> <Delay = 1.36> <FuncUnit> <Opcode : 'icmp'> <InPorts = 2> <OutPorts = 1>
ST_5 : Operation 86 [1/1] (0.00ns)   --->   "%empty_21 = call i32 (...)* @_ssdm_op_SpecLoopTripCount(i64 32, i64 32, i64 32)"   --->   Operation 86 'speclooptripcount' 'empty_21' <Predicate = true> <Delay = 0.00>
ST_5 : Operation 87 [1/1] (1.82ns)   --->   "%ic_1 = add i6 %ic, 1" [topp.c:443]   --->   Operation 87 'add' 'ic_1' <Predicate = true> <Delay = 1.82> <Core = "AddSub">   --->   Core 14 'AddSub' <Latency = 0> <II = 1> <Delay = 1.54> <FuncUnit> <Opcode : 'add' 'sub'> <InPorts = 2> <OutPorts = 1>
ST_5 : Operation 88 [1/1] (0.00ns)   --->   "br i1 %exitcond2, label %.preheader.preheader, label %2" [topp.c:443]   --->   Operation 88 'br' <Predicate = true> <Delay = 0.00>
ST_5 : Operation 89 [1/1] (0.00ns)   --->   "%tmp_11_cast = zext i6 %ic to i13" [topp.c:445]   --->   Operation 89 'zext' 'tmp_11_cast' <Predicate = (!exitcond2)> <Delay = 0.00>
ST_5 : Operation 90 [1/1] (1.67ns)   --->   "%tmp_93 = add i13 %tmp_101_cast, %tmp_11_cast" [topp.c:445]   --->   Operation 90 'add' 'tmp_93' <Predicate = (!exitcond2)> <Delay = 1.67> <Core = "AddSub">   --->   Core 14 'AddSub' <Latency = 0> <II = 1> <Delay = 1.54> <FuncUnit> <Opcode : 'add' 'sub'> <InPorts = 2> <OutPorts = 1>
ST_5 : Operation 91 [1/1] (0.00ns)   --->   "%tmp_104_cast = zext i13 %tmp_93 to i64" [topp.c:445]   --->   Operation 91 'zext' 'tmp_104_cast' <Predicate = (!exitcond2)> <Delay = 0.00>
ST_5 : Operation 92 [1/1] (0.00ns)   --->   "%f5_addr = getelementptr [2048 x float]* @f5, i64 0, i64 %tmp_104_cast" [topp.c:445]   --->   Operation 92 'getelementptr' 'f5_addr' <Predicate = (!exitcond2)> <Delay = 0.00>
ST_5 : Operation 93 [2/2] (3.25ns)   --->   "%val = load float* %f5_addr, align 4" [topp.c:445]   --->   Operation 93 'load' 'val' <Predicate = (!exitcond2)> <Delay = 3.25> <Core = "RAM">   --->   Core 37 'RAM' <Latency = 1> <II = 1> <Delay = 2.32> <Storage> <Opcode : 'load' 'store'> <Ports = 2> <Width = 32> <Depth = 16> <RAM>
ST_5 : Operation 94 [1/1] (1.76ns)   --->   "br label %.preheader" [topp.c:453]   --->   Operation 94 'br' <Predicate = (exitcond2)> <Delay = 1.76>

State 6 <SV = 5> <Delay = 3.25>
ST_6 : Operation 95 [1/2] (3.25ns)   --->   "%val = load float* %f5_addr, align 4" [topp.c:445]   --->   Operation 95 'load' 'val' <Predicate = true> <Delay = 3.25> <Core = "RAM">   --->   Core 37 'RAM' <Latency = 1> <II = 1> <Delay = 2.32> <Storage> <Opcode : 'load' 'store'> <Ports = 2> <Width = 32> <Depth = 16> <RAM>

State 7 <SV = 6> <Delay = 5.70>
ST_7 : Operation 96 [4/4] (5.70ns)   --->   "%tmp_12 = fmul float %val, 0.000000e+00" [topp.c:449]   --->   Operation 96 'fmul' 'tmp_12' <Predicate = true> <Delay = 5.70> <Core = "FMul">   --->   Core 105 'FMul' <Latency = 3> <II = 1> <Delay = 5.70> <FuncUnit> <Opcode : 'fmul'> <InPorts = 2> <OutPorts = 1>

State 8 <SV = 7> <Delay = 5.70>
ST_8 : Operation 97 [3/4] (5.70ns)   --->   "%tmp_12 = fmul float %val, 0.000000e+00" [topp.c:449]   --->   Operation 97 'fmul' 'tmp_12' <Predicate = true> <Delay = 5.70> <Core = "FMul">   --->   Core 105 'FMul' <Latency = 3> <II = 1> <Delay = 5.70> <FuncUnit> <Opcode : 'fmul'> <InPorts = 2> <OutPorts = 1>

State 9 <SV = 8> <Delay = 5.70>
ST_9 : Operation 98 [2/4] (5.70ns)   --->   "%tmp_12 = fmul float %val, 0.000000e+00" [topp.c:449]   --->   Operation 98 'fmul' 'tmp_12' <Predicate = true> <Delay = 5.70> <Core = "FMul">   --->   Core 105 'FMul' <Latency = 3> <II = 1> <Delay = 5.70> <FuncUnit> <Opcode : 'fmul'> <InPorts = 2> <OutPorts = 1>

State 10 <SV = 9> <Delay = 5.70>
ST_10 : Operation 99 [1/4] (5.70ns)   --->   "%tmp_12 = fmul float %val, 0.000000e+00" [topp.c:449]   --->   Operation 99 'fmul' 'tmp_12' <Predicate = true> <Delay = 5.70> <Core = "FMul">   --->   Core 105 'FMul' <Latency = 3> <II = 1> <Delay = 5.70> <FuncUnit> <Opcode : 'fmul'> <InPorts = 2> <OutPorts = 1>
ST_10 : Operation 100 [1/1] (1.76ns)   --->   "br label %3" [topp.c:447]   --->   Operation 100 'br' <Predicate = true> <Delay = 1.76>

State 11 <SV = 10> <Delay = 2.32>
ST_11 : Operation 101 [1/1] (0.00ns)   --->   "%oc_1 = phi i5 [ 0, %2 ], [ %oc_5, %4 ]"   --->   Operation 101 'phi' 'oc_1' <Predicate = true> <Delay = 0.00>
ST_11 : Operation 102 [1/1] (1.36ns)   --->   "%exitcond1 = icmp eq i5 %oc_1, -16" [topp.c:447]   --->   Operation 102 'icmp' 'exitcond1' <Predicate = true> <Delay = 1.36> <Core = "Cmp">   --->   Core 25 'Cmp' <Latency = 0> <II = 1> <Delay = 1.36> <FuncUnit> <Opcode : 'icmp'> <InPorts = 2> <OutPorts = 1>
ST_11 : Operation 103 [1/1] (0.00ns)   --->   "%empty_22 = call i32 (...)* @_ssdm_op_SpecLoopTripCount(i64 16, i64 16, i64 16)"   --->   Operation 103 'speclooptripcount' 'empty_22' <Predicate = true> <Delay = 0.00>
ST_11 : Operation 104 [1/1] (1.78ns)   --->   "%oc_5 = add i5 %oc_1, 1" [topp.c:447]   --->   Operation 104 'add' 'oc_5' <Predicate = true> <Delay = 1.78> <Core = "AddSub">   --->   Core 14 'AddSub' <Latency = 0> <II = 1> <Delay = 1.54> <FuncUnit> <Opcode : 'add' 'sub'> <InPorts = 2> <OutPorts = 1>
ST_11 : Operation 105 [1/1] (0.00ns)   --->   "br i1 %exitcond1, label %.preheader6.loopexit, label %4" [topp.c:447]   --->   Operation 105 'br' <Predicate = true> <Delay = 0.00>
ST_11 : Operation 106 [1/1] (0.00ns)   --->   "%tmp_14 = zext i5 %oc_1 to i64" [topp.c:449]   --->   Operation 106 'zext' 'tmp_14' <Predicate = (!exitcond1)> <Delay = 0.00>
ST_11 : Operation 107 [1/1] (0.00ns)   --->   "%sum_addr_2 = getelementptr inbounds [16 x float]* %sum, i64 0, i64 %tmp_14" [topp.c:449]   --->   Operation 107 'getelementptr' 'sum_addr_2' <Predicate = (!exitcond1)> <Delay = 0.00>
ST_11 : Operation 108 [2/2] (2.32ns)   --->   "%sum_load = load float* %sum_addr_2, align 4" [topp.c:449]   --->   Operation 108 'load' 'sum_load' <Predicate = (!exitcond1)> <Delay = 2.32> <Core = "RAM">   --->   Core 37 'RAM' <Latency = 1> <II = 1> <Delay = 2.32> <Storage> <Opcode : 'load' 'store'> <Ports = 2> <Width = 32> <Depth = 16> <RAM>
ST_11 : Operation 109 [1/1] (0.00ns)   --->   "br label %.preheader6"   --->   Operation 109 'br' <Predicate = (exitcond1)> <Delay = 0.00>

State 12 <SV = 11> <Delay = 2.32>
ST_12 : Operation 110 [1/2] (2.32ns)   --->   "%sum_load = load float* %sum_addr_2, align 4" [topp.c:449]   --->   Operation 110 'load' 'sum_load' <Predicate = true> <Delay = 2.32> <Core = "RAM">   --->   Core 37 'RAM' <Latency = 1> <II = 1> <Delay = 2.32> <Storage> <Opcode : 'load' 'store'> <Ports = 2> <Width = 32> <Depth = 16> <RAM>

State 13 <SV = 12> <Delay = 7.25>
ST_13 : Operation 111 [5/5] (7.25ns)   --->   "%tmp_15 = fadd float %sum_load, %tmp_12" [topp.c:449]   --->   Operation 111 'fadd' 'tmp_15' <Predicate = true> <Delay = 7.25> <Core = "FAddSub">   --->   Core 104 'FAddSub' <Latency = 4> <II = 1> <Delay = 7.25> <FuncUnit> <Opcode : 'fadd' 'fsub'> <InPorts = 2> <OutPorts = 1>

State 14 <SV = 13> <Delay = 7.25>
ST_14 : Operation 112 [4/5] (7.25ns)   --->   "%tmp_15 = fadd float %sum_load, %tmp_12" [topp.c:449]   --->   Operation 112 'fadd' 'tmp_15' <Predicate = true> <Delay = 7.25> <Core = "FAddSub">   --->   Core 104 'FAddSub' <Latency = 4> <II = 1> <Delay = 7.25> <FuncUnit> <Opcode : 'fadd' 'fsub'> <InPorts = 2> <OutPorts = 1>

State 15 <SV = 14> <Delay = 7.25>
ST_15 : Operation 113 [3/5] (7.25ns)   --->   "%tmp_15 = fadd float %sum_load, %tmp_12" [topp.c:449]   --->   Operation 113 'fadd' 'tmp_15' <Predicate = true> <Delay = 7.25> <Core = "FAddSub">   --->   Core 104 'FAddSub' <Latency = 4> <II = 1> <Delay = 7.25> <FuncUnit> <Opcode : 'fadd' 'fsub'> <InPorts = 2> <OutPorts = 1>

State 16 <SV = 15> <Delay = 7.25>
ST_16 : Operation 114 [2/5] (7.25ns)   --->   "%tmp_15 = fadd float %sum_load, %tmp_12" [topp.c:449]   --->   Operation 114 'fadd' 'tmp_15' <Predicate = true> <Delay = 7.25> <Core = "FAddSub">   --->   Core 104 'FAddSub' <Latency = 4> <II = 1> <Delay = 7.25> <FuncUnit> <Opcode : 'fadd' 'fsub'> <InPorts = 2> <OutPorts = 1>

State 17 <SV = 16> <Delay = 7.25>
ST_17 : Operation 115 [1/5] (7.25ns)   --->   "%tmp_15 = fadd float %sum_load, %tmp_12" [topp.c:449]   --->   Operation 115 'fadd' 'tmp_15' <Predicate = true> <Delay = 7.25> <Core = "FAddSub">   --->   Core 104 'FAddSub' <Latency = 4> <II = 1> <Delay = 7.25> <FuncUnit> <Opcode : 'fadd' 'fsub'> <InPorts = 2> <OutPorts = 1>

State 18 <SV = 17> <Delay = 2.32>
ST_18 : Operation 116 [1/1] (2.32ns)   --->   "store float %tmp_15, float* %sum_addr_2, align 4" [topp.c:449]   --->   Operation 116 'store' <Predicate = true> <Delay = 2.32> <Core = "RAM">   --->   Core 37 'RAM' <Latency = 1> <II = 1> <Delay = 2.32> <Storage> <Opcode : 'load' 'store'> <Ports = 2> <Width = 32> <Depth = 16> <RAM>
ST_18 : Operation 117 [1/1] (0.00ns)   --->   "br label %3" [topp.c:447]   --->   Operation 117 'br' <Predicate = true> <Delay = 0.00>

State 19 <SV = 5> <Delay = 2.32>
ST_19 : Operation 118 [1/1] (0.00ns)   --->   "%oc_2 = phi i5 [ %oc_4, %5 ], [ 0, %.preheader.preheader ]"   --->   Operation 118 'phi' 'oc_2' <Predicate = true> <Delay = 0.00>
ST_19 : Operation 119 [1/1] (1.36ns)   --->   "%exitcond = icmp eq i5 %oc_2, -16" [topp.c:453]   --->   Operation 119 'icmp' 'exitcond' <Predicate = true> <Delay = 1.36> <Core = "Cmp">   --->   Core 25 'Cmp' <Latency = 0> <II = 1> <Delay = 1.36> <FuncUnit> <Opcode : 'icmp'> <InPorts = 2> <OutPorts = 1>
ST_19 : Operation 120 [1/1] (0.00ns)   --->   "%empty_23 = call i32 (...)* @_ssdm_op_SpecLoopTripCount(i64 16, i64 16, i64 16)"   --->   Operation 120 'speclooptripcount' 'empty_23' <Predicate = true> <Delay = 0.00>
ST_19 : Operation 121 [1/1] (1.78ns)   --->   "%oc_4 = add i5 %oc_2, 1" [topp.c:453]   --->   Operation 121 'add' 'oc_4' <Predicate = true> <Delay = 1.78> <Core = "AddSub">   --->   Core 14 'AddSub' <Latency = 0> <II = 1> <Delay = 1.54> <FuncUnit> <Opcode : 'add' 'sub'> <InPorts = 2> <OutPorts = 1>
ST_19 : Operation 122 [1/1] (0.00ns)   --->   "br i1 %exitcond, label %.preheader8.loopexit, label %5" [topp.c:453]   --->   Operation 122 'br' <Predicate = true> <Delay = 0.00>
ST_19 : Operation 123 [1/1] (0.00ns)   --->   "%tmp_13 = zext i5 %oc_2 to i64" [topp.c:454]   --->   Operation 123 'zext' 'tmp_13' <Predicate = (!exitcond)> <Delay = 0.00>
ST_19 : Operation 124 [1/1] (0.00ns)   --->   "%tmp_13_cast = zext i5 %oc_2 to i12" [topp.c:454]   --->   Operation 124 'zext' 'tmp_13_cast' <Predicate = (!exitcond)> <Delay = 0.00>
ST_19 : Operation 125 [1/1] (1.54ns)   --->   "%tmp_94 = add i12 %tmp_103_cast, %tmp_13_cast" [topp.c:454]   --->   Operation 125 'add' 'tmp_94' <Predicate = (!exitcond)> <Delay = 1.54> <Core = "AddSub">   --->   Core 14 'AddSub' <Latency = 0> <II = 1> <Delay = 1.54> <FuncUnit> <Opcode : 'add' 'sub'> <InPorts = 2> <OutPorts = 1>
ST_19 : Operation 126 [1/1] (0.00ns)   --->   "%sum_addr_1 = getelementptr inbounds [16 x float]* %sum, i64 0, i64 %tmp_13" [topp.c:454]   --->   Operation 126 'getelementptr' 'sum_addr_1' <Predicate = (!exitcond)> <Delay = 0.00>
ST_19 : Operation 127 [2/2] (2.32ns)   --->   "%sum_load_1 = load float* %sum_addr_1, align 4" [topp.c:454]   --->   Operation 127 'load' 'sum_load_1' <Predicate = (!exitcond)> <Delay = 2.32> <Core = "RAM">   --->   Core 37 'RAM' <Latency = 1> <II = 1> <Delay = 2.32> <Storage> <Opcode : 'load' 'store'> <Ports = 2> <Width = 32> <Depth = 16> <RAM>
ST_19 : Operation 128 [1/1] (0.00ns)   --->   "br label %.preheader8"   --->   Operation 128 'br' <Predicate = (exitcond)> <Delay = 0.00>

State 20 <SV = 6> <Delay = 2.32>
ST_20 : Operation 129 [1/2] (2.32ns)   --->   "%sum_load_1 = load float* %sum_addr_1, align 4" [topp.c:454]   --->   Operation 129 'load' 'sum_load_1' <Predicate = true> <Delay = 2.32> <Core = "RAM">   --->   Core 37 'RAM' <Latency = 1> <II = 1> <Delay = 2.32> <Storage> <Opcode : 'load' 'store'> <Ports = 2> <Width = 32> <Depth = 16> <RAM>

State 21 <SV = 7> <Delay = 8.67>
ST_21 : Operation 130 [1/1] (0.00ns)   --->   "%tmp_to_int_i = bitcast float %sum_load_1 to i32" [topp.c:416->topp.c:454]   --->   Operation 130 'bitcast' 'tmp_to_int_i' <Predicate = true> <Delay = 0.00>
ST_21 : Operation 131 [1/1] (0.99ns)   --->   "%tmp_neg_i = xor i32 %tmp_to_int_i, -2147483648" [topp.c:416->topp.c:454]   --->   Operation 131 'xor' 'tmp_neg_i' <Predicate = true> <Delay = 0.99> <Core = "LogicGate">   --->   Core 27 'LogicGate' <Latency = 0> <II = 1> <Delay = 0.99> <FuncUnit> <Opcode : 'and' 'or' 'xor'> <InPorts = 2> <OutPorts = 1>
ST_21 : Operation 132 [1/1] (0.00ns)   --->   "%tmp_i = bitcast i32 %tmp_neg_i to float" [topp.c:416->topp.c:454]   --->   Operation 132 'bitcast' 'tmp_i' <Predicate = true> <Delay = 0.00>
ST_21 : Operation 133 [9/9] (7.68ns)   --->   "%tmp_1_i = call float @llvm.exp.f32(float %tmp_i) nounwind" [topp.c:416->topp.c:454]   --->   Operation 133 'fexp' 'tmp_1_i' <Predicate = true> <Delay = 7.68> <Core = "FExp">   --->   Core 126 'FExp' <Latency = 8> <II = 1> <Delay = 7.68> <FuncUnit> <Opcode : 'fexp'> <InPorts = 1> <OutPorts = 1>

State 22 <SV = 8> <Delay = 7.68>
ST_22 : Operation 134 [8/9] (7.68ns)   --->   "%tmp_1_i = call float @llvm.exp.f32(float %tmp_i) nounwind" [topp.c:416->topp.c:454]   --->   Operation 134 'fexp' 'tmp_1_i' <Predicate = true> <Delay = 7.68> <Core = "FExp">   --->   Core 126 'FExp' <Latency = 8> <II = 1> <Delay = 7.68> <FuncUnit> <Opcode : 'fexp'> <InPorts = 1> <OutPorts = 1>

State 23 <SV = 9> <Delay = 7.68>
ST_23 : Operation 135 [7/9] (7.68ns)   --->   "%tmp_1_i = call float @llvm.exp.f32(float %tmp_i) nounwind" [topp.c:416->topp.c:454]   --->   Operation 135 'fexp' 'tmp_1_i' <Predicate = true> <Delay = 7.68> <Core = "FExp">   --->   Core 126 'FExp' <Latency = 8> <II = 1> <Delay = 7.68> <FuncUnit> <Opcode : 'fexp'> <InPorts = 1> <OutPorts = 1>

State 24 <SV = 10> <Delay = 7.68>
ST_24 : Operation 136 [6/9] (7.68ns)   --->   "%tmp_1_i = call float @llvm.exp.f32(float %tmp_i) nounwind" [topp.c:416->topp.c:454]   --->   Operation 136 'fexp' 'tmp_1_i' <Predicate = true> <Delay = 7.68> <Core = "FExp">   --->   Core 126 'FExp' <Latency = 8> <II = 1> <Delay = 7.68> <FuncUnit> <Opcode : 'fexp'> <InPorts = 1> <OutPorts = 1>

State 25 <SV = 11> <Delay = 7.68>
ST_25 : Operation 137 [5/9] (7.68ns)   --->   "%tmp_1_i = call float @llvm.exp.f32(float %tmp_i) nounwind" [topp.c:416->topp.c:454]   --->   Operation 137 'fexp' 'tmp_1_i' <Predicate = true> <Delay = 7.68> <Core = "FExp">   --->   Core 126 'FExp' <Latency = 8> <II = 1> <Delay = 7.68> <FuncUnit> <Opcode : 'fexp'> <InPorts = 1> <OutPorts = 1>

State 26 <SV = 12> <Delay = 7.68>
ST_26 : Operation 138 [4/9] (7.68ns)   --->   "%tmp_1_i = call float @llvm.exp.f32(float %tmp_i) nounwind" [topp.c:416->topp.c:454]   --->   Operation 138 'fexp' 'tmp_1_i' <Predicate = true> <Delay = 7.68> <Core = "FExp">   --->   Core 126 'FExp' <Latency = 8> <II = 1> <Delay = 7.68> <FuncUnit> <Opcode : 'fexp'> <InPorts = 1> <OutPorts = 1>

State 27 <SV = 13> <Delay = 7.68>
ST_27 : Operation 139 [3/9] (7.68ns)   --->   "%tmp_1_i = call float @llvm.exp.f32(float %tmp_i) nounwind" [topp.c:416->topp.c:454]   --->   Operation 139 'fexp' 'tmp_1_i' <Predicate = true> <Delay = 7.68> <Core = "FExp">   --->   Core 126 'FExp' <Latency = 8> <II = 1> <Delay = 7.68> <FuncUnit> <Opcode : 'fexp'> <InPorts = 1> <OutPorts = 1>

State 28 <SV = 14> <Delay = 7.68>
ST_28 : Operation 140 [2/9] (7.68ns)   --->   "%tmp_1_i = call float @llvm.exp.f32(float %tmp_i) nounwind" [topp.c:416->topp.c:454]   --->   Operation 140 'fexp' 'tmp_1_i' <Predicate = true> <Delay = 7.68> <Core = "FExp">   --->   Core 126 'FExp' <Latency = 8> <II = 1> <Delay = 7.68> <FuncUnit> <Opcode : 'fexp'> <InPorts = 1> <OutPorts = 1>

State 29 <SV = 15> <Delay = 7.68>
ST_29 : Operation 141 [1/9] (7.68ns)   --->   "%tmp_1_i = call float @llvm.exp.f32(float %tmp_i) nounwind" [topp.c:416->topp.c:454]   --->   Operation 141 'fexp' 'tmp_1_i' <Predicate = true> <Delay = 7.68> <Core = "FExp">   --->   Core 126 'FExp' <Latency = 8> <II = 1> <Delay = 7.68> <FuncUnit> <Opcode : 'fexp'> <InPorts = 1> <OutPorts = 1>

State 30 <SV = 16> <Delay = 7.25>
ST_30 : Operation 142 [5/5] (7.25ns)   --->   "%tmp_2_i = fadd float %tmp_1_i, 1.000000e+00" [topp.c:416->topp.c:454]   --->   Operation 142 'fadd' 'tmp_2_i' <Predicate = true> <Delay = 7.25> <Core = "FAddSub">   --->   Core 104 'FAddSub' <Latency = 4> <II = 1> <Delay = 7.25> <FuncUnit> <Opcode : 'fadd' 'fsub'> <InPorts = 2> <OutPorts = 1>

State 31 <SV = 17> <Delay = 7.25>
ST_31 : Operation 143 [4/5] (7.25ns)   --->   "%tmp_2_i = fadd float %tmp_1_i, 1.000000e+00" [topp.c:416->topp.c:454]   --->   Operation 143 'fadd' 'tmp_2_i' <Predicate = true> <Delay = 7.25> <Core = "FAddSub">   --->   Core 104 'FAddSub' <Latency = 4> <II = 1> <Delay = 7.25> <FuncUnit> <Opcode : 'fadd' 'fsub'> <InPorts = 2> <OutPorts = 1>

State 32 <SV = 18> <Delay = 7.25>
ST_32 : Operation 144 [3/5] (7.25ns)   --->   "%tmp_2_i = fadd float %tmp_1_i, 1.000000e+00" [topp.c:416->topp.c:454]   --->   Operation 144 'fadd' 'tmp_2_i' <Predicate = true> <Delay = 7.25> <Core = "FAddSub">   --->   Core 104 'FAddSub' <Latency = 4> <II = 1> <Delay = 7.25> <FuncUnit> <Opcode : 'fadd' 'fsub'> <InPorts = 2> <OutPorts = 1>

State 33 <SV = 19> <Delay = 7.25>
ST_33 : Operation 145 [2/5] (7.25ns)   --->   "%tmp_2_i = fadd float %tmp_1_i, 1.000000e+00" [topp.c:416->topp.c:454]   --->   Operation 145 'fadd' 'tmp_2_i' <Predicate = true> <Delay = 7.25> <Core = "FAddSub">   --->   Core 104 'FAddSub' <Latency = 4> <II = 1> <Delay = 7.25> <FuncUnit> <Opcode : 'fadd' 'fsub'> <InPorts = 2> <OutPorts = 1>

State 34 <SV = 20> <Delay = 7.25>
ST_34 : Operation 146 [1/5] (7.25ns)   --->   "%tmp_2_i = fadd float %tmp_1_i, 1.000000e+00" [topp.c:416->topp.c:454]   --->   Operation 146 'fadd' 'tmp_2_i' <Predicate = true> <Delay = 7.25> <Core = "FAddSub">   --->   Core 104 'FAddSub' <Latency = 4> <II = 1> <Delay = 7.25> <FuncUnit> <Opcode : 'fadd' 'fsub'> <InPorts = 2> <OutPorts = 1>

State 35 <SV = 21> <Delay = 6.07>
ST_35 : Operation 147 [16/16] (6.07ns)   --->   "%tmp_3_i = fdiv float 1.000000e+00, %tmp_2_i" [topp.c:416->topp.c:454]   --->   Operation 147 'fdiv' 'tmp_3_i' <Predicate = true> <Delay = 6.07> <Core = "FDiv">   --->   Core 106 'FDiv' <Latency = 15> <II = 1> <Delay = 6.07> <FuncUnit> <Opcode : 'fdiv' 'frem'> <InPorts = 2> <OutPorts = 1>

State 36 <SV = 22> <Delay = 6.07>
ST_36 : Operation 148 [15/16] (6.07ns)   --->   "%tmp_3_i = fdiv float 1.000000e+00, %tmp_2_i" [topp.c:416->topp.c:454]   --->   Operation 148 'fdiv' 'tmp_3_i' <Predicate = true> <Delay = 6.07> <Core = "FDiv">   --->   Core 106 'FDiv' <Latency = 15> <II = 1> <Delay = 6.07> <FuncUnit> <Opcode : 'fdiv' 'frem'> <InPorts = 2> <OutPorts = 1>

State 37 <SV = 23> <Delay = 6.07>
ST_37 : Operation 149 [14/16] (6.07ns)   --->   "%tmp_3_i = fdiv float 1.000000e+00, %tmp_2_i" [topp.c:416->topp.c:454]   --->   Operation 149 'fdiv' 'tmp_3_i' <Predicate = true> <Delay = 6.07> <Core = "FDiv">   --->   Core 106 'FDiv' <Latency = 15> <II = 1> <Delay = 6.07> <FuncUnit> <Opcode : 'fdiv' 'frem'> <InPorts = 2> <OutPorts = 1>

State 38 <SV = 24> <Delay = 6.07>
ST_38 : Operation 150 [13/16] (6.07ns)   --->   "%tmp_3_i = fdiv float 1.000000e+00, %tmp_2_i" [topp.c:416->topp.c:454]   --->   Operation 150 'fdiv' 'tmp_3_i' <Predicate = true> <Delay = 6.07> <Core = "FDiv">   --->   Core 106 'FDiv' <Latency = 15> <II = 1> <Delay = 6.07> <FuncUnit> <Opcode : 'fdiv' 'frem'> <InPorts = 2> <OutPorts = 1>

State 39 <SV = 25> <Delay = 6.07>
ST_39 : Operation 151 [12/16] (6.07ns)   --->   "%tmp_3_i = fdiv float 1.000000e+00, %tmp_2_i" [topp.c:416->topp.c:454]   --->   Operation 151 'fdiv' 'tmp_3_i' <Predicate = true> <Delay = 6.07> <Core = "FDiv">   --->   Core 106 'FDiv' <Latency = 15> <II = 1> <Delay = 6.07> <FuncUnit> <Opcode : 'fdiv' 'frem'> <InPorts = 2> <OutPorts = 1>

State 40 <SV = 26> <Delay = 6.07>
ST_40 : Operation 152 [11/16] (6.07ns)   --->   "%tmp_3_i = fdiv float 1.000000e+00, %tmp_2_i" [topp.c:416->topp.c:454]   --->   Operation 152 'fdiv' 'tmp_3_i' <Predicate = true> <Delay = 6.07> <Core = "FDiv">   --->   Core 106 'FDiv' <Latency = 15> <II = 1> <Delay = 6.07> <FuncUnit> <Opcode : 'fdiv' 'frem'> <InPorts = 2> <OutPorts = 1>

State 41 <SV = 27> <Delay = 6.07>
ST_41 : Operation 153 [10/16] (6.07ns)   --->   "%tmp_3_i = fdiv float 1.000000e+00, %tmp_2_i" [topp.c:416->topp.c:454]   --->   Operation 153 'fdiv' 'tmp_3_i' <Predicate = true> <Delay = 6.07> <Core = "FDiv">   --->   Core 106 'FDiv' <Latency = 15> <II = 1> <Delay = 6.07> <FuncUnit> <Opcode : 'fdiv' 'frem'> <InPorts = 2> <OutPorts = 1>

State 42 <SV = 28> <Delay = 6.07>
ST_42 : Operation 154 [9/16] (6.07ns)   --->   "%tmp_3_i = fdiv float 1.000000e+00, %tmp_2_i" [topp.c:416->topp.c:454]   --->   Operation 154 'fdiv' 'tmp_3_i' <Predicate = true> <Delay = 6.07> <Core = "FDiv">   --->   Core 106 'FDiv' <Latency = 15> <II = 1> <Delay = 6.07> <FuncUnit> <Opcode : 'fdiv' 'frem'> <InPorts = 2> <OutPorts = 1>

State 43 <SV = 29> <Delay = 6.07>
ST_43 : Operation 155 [8/16] (6.07ns)   --->   "%tmp_3_i = fdiv float 1.000000e+00, %tmp_2_i" [topp.c:416->topp.c:454]   --->   Operation 155 'fdiv' 'tmp_3_i' <Predicate = true> <Delay = 6.07> <Core = "FDiv">   --->   Core 106 'FDiv' <Latency = 15> <II = 1> <Delay = 6.07> <FuncUnit> <Opcode : 'fdiv' 'frem'> <InPorts = 2> <OutPorts = 1>

State 44 <SV = 30> <Delay = 6.07>
ST_44 : Operation 156 [7/16] (6.07ns)   --->   "%tmp_3_i = fdiv float 1.000000e+00, %tmp_2_i" [topp.c:416->topp.c:454]   --->   Operation 156 'fdiv' 'tmp_3_i' <Predicate = true> <Delay = 6.07> <Core = "FDiv">   --->   Core 106 'FDiv' <Latency = 15> <II = 1> <Delay = 6.07> <FuncUnit> <Opcode : 'fdiv' 'frem'> <InPorts = 2> <OutPorts = 1>

State 45 <SV = 31> <Delay = 6.07>
ST_45 : Operation 157 [6/16] (6.07ns)   --->   "%tmp_3_i = fdiv float 1.000000e+00, %tmp_2_i" [topp.c:416->topp.c:454]   --->   Operation 157 'fdiv' 'tmp_3_i' <Predicate = true> <Delay = 6.07> <Core = "FDiv">   --->   Core 106 'FDiv' <Latency = 15> <II = 1> <Delay = 6.07> <FuncUnit> <Opcode : 'fdiv' 'frem'> <InPorts = 2> <OutPorts = 1>

State 46 <SV = 32> <Delay = 6.07>
ST_46 : Operation 158 [5/16] (6.07ns)   --->   "%tmp_3_i = fdiv float 1.000000e+00, %tmp_2_i" [topp.c:416->topp.c:454]   --->   Operation 158 'fdiv' 'tmp_3_i' <Predicate = true> <Delay = 6.07> <Core = "FDiv">   --->   Core 106 'FDiv' <Latency = 15> <II = 1> <Delay = 6.07> <FuncUnit> <Opcode : 'fdiv' 'frem'> <InPorts = 2> <OutPorts = 1>

State 47 <SV = 33> <Delay = 6.07>
ST_47 : Operation 159 [4/16] (6.07ns)   --->   "%tmp_3_i = fdiv float 1.000000e+00, %tmp_2_i" [topp.c:416->topp.c:454]   --->   Operation 159 'fdiv' 'tmp_3_i' <Predicate = true> <Delay = 6.07> <Core = "FDiv">   --->   Core 106 'FDiv' <Latency = 15> <II = 1> <Delay = 6.07> <FuncUnit> <Opcode : 'fdiv' 'frem'> <InPorts = 2> <OutPorts = 1>

State 48 <SV = 34> <Delay = 6.07>
ST_48 : Operation 160 [3/16] (6.07ns)   --->   "%tmp_3_i = fdiv float 1.000000e+00, %tmp_2_i" [topp.c:416->topp.c:454]   --->   Operation 160 'fdiv' 'tmp_3_i' <Predicate = true> <Delay = 6.07> <Core = "FDiv">   --->   Core 106 'FDiv' <Latency = 15> <II = 1> <Delay = 6.07> <FuncUnit> <Opcode : 'fdiv' 'frem'> <InPorts = 2> <OutPorts = 1>

State 49 <SV = 35> <Delay = 6.07>
ST_49 : Operation 161 [2/16] (6.07ns)   --->   "%tmp_3_i = fdiv float 1.000000e+00, %tmp_2_i" [topp.c:416->topp.c:454]   --->   Operation 161 'fdiv' 'tmp_3_i' <Predicate = true> <Delay = 6.07> <Core = "FDiv">   --->   Core 106 'FDiv' <Latency = 15> <II = 1> <Delay = 6.07> <FuncUnit> <Opcode : 'fdiv' 'frem'> <InPorts = 2> <OutPorts = 1>

State 50 <SV = 36> <Delay = 6.07>
ST_50 : Operation 162 [1/16] (6.07ns)   --->   "%tmp_3_i = fdiv float 1.000000e+00, %tmp_2_i" [topp.c:416->topp.c:454]   --->   Operation 162 'fdiv' 'tmp_3_i' <Predicate = true> <Delay = 6.07> <Core = "FDiv">   --->   Core 106 'FDiv' <Latency = 15> <II = 1> <Delay = 6.07> <FuncUnit> <Opcode : 'fdiv' 'frem'> <InPorts = 2> <OutPorts = 1>

State 51 <SV = 37> <Delay = 3.25>
ST_51 : Operation 163 [1/1] (0.00ns)   --->   "%tmp_105_cast = zext i12 %tmp_94 to i64" [topp.c:454]   --->   Operation 163 'zext' 'tmp_105_cast' <Predicate = true> <Delay = 0.00>
ST_51 : Operation 164 [1/1] (0.00ns)   --->   "%out_addr = getelementptr [1024 x float]* %out_r, i64 0, i64 %tmp_105_cast" [topp.c:454]   --->   Operation 164 'getelementptr' 'out_addr' <Predicate = true> <Delay = 0.00>
ST_51 : Operation 165 [1/1] (3.25ns)   --->   "store float %tmp_3_i, float* %out_addr, align 4" [topp.c:454]   --->   Operation 165 'store' <Predicate = true> <Delay = 3.25> <Core = "RAM">   --->   Core 37 'RAM' <Latency = 1> <II = 1> <Delay = 2.32> <Storage> <Opcode : 'load' 'store'> <Ports = 2> <Width = 32> <Depth = 16> <RAM>
ST_51 : Operation 166 [1/1] (0.00ns)   --->   "br label %.preheader" [topp.c:453]   --->   Operation 166 'br' <Predicate = true> <Delay = 0.00>


============================================================
+ Verbose Summary: Binding
============================================================
STG Binding: 
---------------- STG Properties BEGIN ----------------
- Is combinational: 0
- Is one-state seq: 0
- Is datapath-only: 0
- Is pipelined: 0
- Is top level: 0
Port [ Return ] is wired: 1; IO mode=ap_ctrl_hs:ce=0
Port [ out_r]:  wired=1; compound=1; hidden=0; nouse=0; global=0; static=0; extern=0; dir=1; type=1; pingpong=0; private_global=0; MemPort=[03]; IO mode=ap_memory:ce=0
Port [ f5]:  wired=1; compound=1; hidden=0; nouse=0; global=1; static=1; extern=0; dir=0; type=1; pingpong=0; private_global=0; linkage=7; visibility=0; MemPort=[13]; IO mode=ap_memory:ce=0
---------------- STG Properties END ------------------

---------------- Datapath Model BEGIN ----------------

<LifeTime>
<method=bitvector/>
sum          (alloca           ) [ 0011111111111111111111111111111111111111111111111111]
StgValue_53  (br               ) [ 0111111111111111111111111111111111111111111111111111]
r            (phi              ) [ 0010000000000000000000000000000000000000000000000000]
exitcond5    (icmp             ) [ 0011111111111111111111111111111111111111111111111111]
empty        (speclooptripcount) [ 0000000000000000000000000000000000000000000000000000]
r_3          (add              ) [ 0111111111111111111111111111111111111111111111111111]
StgValue_58  (br               ) [ 0000000000000000000000000000000000000000000000000000]
tmp          (bitconcatenate   ) [ 0000000000000000000000000000000000000000000000000000]
tmp_98_cast  (zext             ) [ 0001111111111111111111111111111111111111111111111111]
StgValue_61  (br               ) [ 0011111111111111111111111111111111111111111111111111]
StgValue_62  (ret              ) [ 0000000000000000000000000000000000000000000000000000]
c            (phi              ) [ 0001100000000000000000000000000000000000000000000000]
exitcond4    (icmp             ) [ 0011111111111111111111111111111111111111111111111111]
empty_19     (speclooptripcount) [ 0000000000000000000000000000000000000000000000000000]
c_3          (add              ) [ 0011111111111111111111111111111111111111111111111111]
StgValue_67  (br               ) [ 0000000000000000000000000000000000000000000000000000]
StgValue_68  (br               ) [ 0011111111111111111111111111111111111111111111111111]
StgValue_69  (br               ) [ 0111111111111111111111111111111111111111111111111111]
oc           (phi              ) [ 0000100000000000000000000000000000000000000000000000]
exitcond3    (icmp             ) [ 0011111111111111111111111111111111111111111111111111]
empty_20     (speclooptripcount) [ 0000000000000000000000000000000000000000000000000000]
oc_3         (add              ) [ 0011111111111111111111111111111111111111111111111111]
StgValue_74  (br               ) [ 0000000000000000000000000000000000000000000000000000]
tmp_10       (zext             ) [ 0000000000000000000000000000000000000000000000000000]
sum_addr     (getelementptr    ) [ 0000000000000000000000000000000000000000000000000000]
StgValue_77  (store            ) [ 0000000000000000000000000000000000000000000000000000]
StgValue_78  (br               ) [ 0011111111111111111111111111111111111111111111111111]
tmp_cast     (zext             ) [ 0000000000000000000000000000000000000000000000000000]
tmp_s        (add              ) [ 0000000000000000000000000000000000000000000000000000]
tmp_101_cast (bitconcatenate   ) [ 0000011111111111111000000000000000000000000000000000]
tmp_103_cast (bitconcatenate   ) [ 0000011111111111111111111111111111111111111111111111]
StgValue_83  (br               ) [ 0011111111111111111111111111111111111111111111111111]
ic           (phi              ) [ 0000010000000000000000000000000000000000000000000000]
exitcond2    (icmp             ) [ 0011111111111111111111111111111111111111111111111111]
empty_21     (speclooptripcount) [ 0000000000000000000000000000000000000000000000000000]
ic_1         (add              ) [ 0011111111111111111111111111111111111111111111111111]
StgValue_88  (br               ) [ 0000000000000000000000000000000000000000000000000000]
tmp_11_cast  (zext             ) [ 0000000000000000000000000000000000000000000000000000]
tmp_93       (add              ) [ 0000000000000000000000000000000000000000000000000000]
tmp_104_cast (zext             ) [ 0000000000000000000000000000000000000000000000000000]
f5_addr      (getelementptr    ) [ 0000001000000000000000000000000000000000000000000000]
StgValue_94  (br               ) [ 0011111111111111111111111111111111111111111111111111]
val          (load             ) [ 0000000111100000000000000000000000000000000000000000]
tmp_12       (fmul             ) [ 0000000000011111111000000000000000000000000000000000]
StgValue_100 (br               ) [ 0011111111111111111111111111111111111111111111111111]
oc_1         (phi              ) [ 0000000000010000000000000000000000000000000000000000]
exitcond1    (icmp             ) [ 0011111111111111111111111111111111111111111111111111]
empty_22     (speclooptripcount) [ 0000000000000000000000000000000000000000000000000000]
oc_5         (add              ) [ 0011111111111111111111111111111111111111111111111111]
StgValue_105 (br               ) [ 0000000000000000000000000000000000000000000000000000]
tmp_14       (zext             ) [ 0000000000000000000000000000000000000000000000000000]
sum_addr_2   (getelementptr    ) [ 0000000000001111111000000000000000000000000000000000]
StgValue_109 (br               ) [ 0011111111111111111111111111111111111111111111111111]
sum_load     (load             ) [ 0000000000000111110000000000000000000000000000000000]
tmp_15       (fadd             ) [ 0000000000000000001000000000000000000000000000000000]
StgValue_116 (store            ) [ 0000000000000000000000000000000000000000000000000000]
StgValue_117 (br               ) [ 0011111111111111111111111111111111111111111111111111]
oc_2         (phi              ) [ 0000000000000000000100000000000000000000000000000000]
exitcond     (icmp             ) [ 0011111111111111111111111111111111111111111111111111]
empty_23     (speclooptripcount) [ 0000000000000000000000000000000000000000000000000000]
oc_4         (add              ) [ 0011111111111111111111111111111111111111111111111111]
StgValue_122 (br               ) [ 0000000000000000000000000000000000000000000000000000]
tmp_13       (zext             ) [ 0000000000000000000000000000000000000000000000000000]
tmp_13_cast  (zext             ) [ 0000000000000000000000000000000000000000000000000000]
tmp_94       (add              ) [ 0000000000000000000011111111111111111111111111111111]
sum_addr_1   (getelementptr    ) [ 0000000000000000000010000000000000000000000000000000]
StgValue_128 (br               ) [ 0011111111111111111111111111111111111111111111111111]
sum_load_1   (load             ) [ 0000000000000000000001000000000000000000000000000000]
tmp_to_int_i (bitcast          ) [ 0000000000000000000000000000000000000000000000000000]
tmp_neg_i    (xor              ) [ 0000000000000000000000000000000000000000000000000000]
tmp_i        (bitcast          ) [ 0000000000000000000000111111110000000000000000000000]
tmp_1_i      (fexp             ) [ 0000000000000000000000000000001111100000000000000000]
tmp_2_i      (fadd             ) [ 0000000000000000000000000000000000011111111111111110]
tmp_3_i      (fdiv             ) [ 0000000000000000000000000000000000000000000000000001]
tmp_105_cast (zext             ) [ 0000000000000000000000000000000000000000000000000000]
out_addr     (getelementptr    ) [ 0000000000000000000000000000000000000000000000000000]
StgValue_165 (store            ) [ 0000000000000000000000000000000000000000000000000000]
StgValue_166 (br               ) [ 0011111111111111111111111111111111111111111111111111]
</LifeTime>

<model>

<comp_list>
<comp id="0" class="1000" name="out_r">
<pin_list>
<pin id="1" dir="1" index="0" bw="1" slack="0"/>
</pin_list>
<bind>
<StgValue><ssdm name="out_r"/><MemPortTyVec>0 3 </MemPortTyVec>
</StgValue>
</bind>
</comp>

<comp id="2" class="1000" name="f5">
<pin_list>
<pin id="3" dir="1" index="0" bw="1" slack="0"/>
</pin_list>
<bind>
<StgValue><ssdm name="f5"/><MemPortTyVec>1 3 </MemPortTyVec>
</StgValue>
</bind>
</comp>

<comp id="4" class="1001" name="const_4">
<pin_list>
<pin id="5" dir="1" index="0" bw="1" slack="0"/>
</pin_list>
<bind>
<StgValue><ssdm name=""/></StgValue>
</bind>
</comp>

<comp id="6" class="1001" name="const_6">
<pin_list>
<pin id="7" dir="1" index="0" bw="1" slack="0"/>
</pin_list>
<bind>
<StgValue><ssdm name=""/></StgValue>
</bind>
</comp>

<comp id="8" class="1001" name="const_8">
<pin_list>
<pin id="9" dir="1" index="0" bw="1" slack="0"/>
</pin_list>
<bind>
<StgValue><ssdm name=""/></StgValue>
</bind>
</comp>

<comp id="10" class="1001" name="const_10">
<pin_list>
<pin id="11" dir="1" index="0" bw="1" slack="2147483647"/>
</pin_list>
<bind>
<StgValue><ssdm name="_ssdm_op_SpecLoopTripCount"/></StgValue>
</bind>
</comp>

<comp id="12" class="1001" name="const_12">
<pin_list>
<pin id="13" dir="1" index="0" bw="1" slack="2147483647"/>
</pin_list>
<bind>
<StgValue><ssdm name=""/></StgValue>
</bind>
</comp>

<comp id="14" class="1001" name="const_14">
<pin_list>
<pin id="15" dir="1" index="0" bw="1" slack="0"/>
</pin_list>
<bind>
<StgValue><ssdm name=""/></StgValue>
</bind>
</comp>

<comp id="16" class="1001" name="const_16">
<pin_list>
<pin id="17" dir="1" index="0" bw="1" slack="0"/>
</pin_list>
<bind>
<StgValue><ssdm name="_ssdm_op_BitConcatenate.i7.i4.i3"/></StgValue>
</bind>
</comp>

<comp id="18" class="1001" name="const_18">
<pin_list>
<pin id="19" dir="1" index="0" bw="1" slack="0"/>
</pin_list>
<bind>
<StgValue><ssdm name=""/></StgValue>
</bind>
</comp>

<comp id="20" class="1001" name="const_20">
<pin_list>
<pin id="21" dir="1" index="0" bw="1" slack="0"/>
</pin_list>
<bind>
<StgValue><ssdm name=""/></StgValue>
</bind>
</comp>

<comp id="22" class="1001" name="const_22">
<pin_list>
<pin id="23" dir="1" index="0" bw="1" slack="0"/>
</pin_list>
<bind>
<StgValue><ssdm name=""/></StgValue>
</bind>
</comp>

<comp id="24" class="1001" name="const_24">
<pin_list>
<pin id="25" dir="1" index="0" bw="1" slack="2147483647"/>
</pin_list>
<bind>
<StgValue><ssdm name=""/></StgValue>
</bind>
</comp>

<comp id="26" class="1001" name="const_26">
<pin_list>
<pin id="27" dir="1" index="0" bw="1" slack="0"/>
</pin_list>
<bind>
<StgValue><ssdm name=""/></StgValue>
</bind>
</comp>

<comp id="28" class="1001" name="const_28">
<pin_list>
<pin id="29" dir="1" index="0" bw="1" slack="0"/>
</pin_list>
<bind>
<StgValue><ssdm name=""/></StgValue>
</bind>
</comp>

<comp id="30" class="1001" name="const_30">
<pin_list>
<pin id="31" dir="1" index="0" bw="1" slack="0"/>
</pin_list>
<bind>
<StgValue><ssdm name=""/></StgValue>
</bind>
</comp>

<comp id="32" class="1001" name="const_32">
<pin_list>
<pin id="33" dir="1" index="0" bw="1" slack="0"/>
</pin_list>
<bind>
<StgValue><ssdm name="_ssdm_op_BitConcatenate.i13.i8.i5"/></StgValue>
</bind>
</comp>

<comp id="34" class="1001" name="const_34">
<pin_list>
<pin id="35" dir="1" index="0" bw="1" slack="0"/>
</pin_list>
<bind>
<StgValue><ssdm name="_ssdm_op_BitConcatenate.i12.i8.i4"/></StgValue>
</bind>
</comp>

<comp id="36" class="1001" name="const_36">
<pin_list>
<pin id="37" dir="1" index="0" bw="1" slack="1"/>
</pin_list>
<bind>
<StgValue><ssdm name=""/></StgValue>
</bind>
</comp>

<comp id="38" class="1001" name="const_38">
<pin_list>
<pin id="39" dir="1" index="0" bw="1" slack="0"/>
</pin_list>
<bind>
<StgValue><ssdm name=""/></StgValue>
</bind>
</comp>

<comp id="40" class="1001" name="const_40">
<pin_list>
<pin id="41" dir="1" index="0" bw="1" slack="2147483647"/>
</pin_list>
<bind>
<StgValue><ssdm name=""/></StgValue>
</bind>
</comp>

<comp id="42" class="1001" name="const_42">
<pin_list>
<pin id="43" dir="1" index="0" bw="1" slack="0"/>
</pin_list>
<bind>
<StgValue><ssdm name=""/></StgValue>
</bind>
</comp>

<comp id="44" class="1001" name="const_44">
<pin_list>
<pin id="45" dir="1" index="0" bw="1" slack="0"/>
</pin_list>
<bind>
<StgValue><ssdm name=""/></StgValue>
</bind>
</comp>

<comp id="46" class="1001" name="const_46">
<pin_list>
<pin id="47" dir="1" index="0" bw="1" slack="0"/>
</pin_list>
<bind>
<StgValue><ssdm name="llvm.exp.f32"/></StgValue>
</bind>
</comp>

<comp id="48" class="1001" name="const_48">
<pin_list>
<pin id="49" dir="1" index="0" bw="1" slack="0"/>
</pin_list>
<bind>
<StgValue><ssdm name=""/></StgValue>
</bind>
</comp>

<comp id="50" class="1004" name="sum_alloca_fu_50">
<pin_list>
<pin id="51" dir="0" index="0" bw="1" slack="0"/>
<pin id="52" dir="1" index="1" bw="32" slack="2147483647"/>
</pin_list>
<bind>
<opcode="alloca(26) " fcode="alloca"/>
<opset="sum/1 "/>
</bind>
</comp>

<comp id="54" class="1004" name="sum_addr_gep_fu_54">
<pin_list>
<pin id="55" dir="0" index="0" bw="32" slack="2147483647"/>
<pin id="56" dir="0" index="1" bw="1" slack="0"/>
<pin id="57" dir="0" index="2" bw="5" slack="0"/>
<pin id="58" dir="1" index="3" bw="4" slack="0"/>
</pin_list>
<bind>
<opcode="getelementptr(29) " fcode="getelementptr"/>
<opset="sum_addr/4 "/>
</bind>
</comp>

<comp id="60" class="1004" name="grp_access_fu_60">
<pin_list>
<pin id="61" dir="0" index="0" bw="4" slack="0"/>
<pin id="62" dir="0" index="1" bw="32" slack="0"/>
<pin id="63" dir="0" index="2" bw="0" slack="2147483647"/>
<pin id="64" dir="1" index="3" bw="32" slack="1"/>
</pin_list>
<bind>
<opcode="load(27) store(28) " fcode="load"/>
<opset="StgValue_77/4 sum_load/11 StgValue_116/18 sum_load_1/19 "/>
</bind>
</comp>

<comp id="67" class="1004" name="f5_addr_gep_fu_67">
<pin_list>
<pin id="68" dir="0" index="0" bw="32" slack="0"/>
<pin id="69" dir="0" index="1" bw="1" slack="0"/>
<pin id="70" dir="0" index="2" bw="13" slack="0"/>
<pin id="71" dir="1" index="3" bw="11" slack="0"/>
</pin_list>
<bind>
<opcode="getelementptr(29) " fcode="getelementptr"/>
<opset="f5_addr/5 "/>
</bind>
</comp>

<comp id="74" class="1004" name="grp_access_fu_74">
<pin_list>
<pin id="75" dir="0" index="0" bw="11" slack="0"/>
<pin id="76" dir="0" index="1" bw="32" slack="2147483647"/>
<pin id="77" dir="0" index="2" bw="0" slack="2147483647"/>
<pin id="78" dir="1" index="3" bw="32" slack="1"/>
</pin_list>
<bind>
<opcode="load(27) " fcode="load"/>
<opset="val/5 "/>
</bind>
</comp>

<comp id="80" class="1004" name="sum_addr_2_gep_fu_80">
<pin_list>
<pin id="81" dir="0" index="0" bw="32" slack="2147483647"/>
<pin id="82" dir="0" index="1" bw="1" slack="0"/>
<pin id="83" dir="0" index="2" bw="5" slack="0"/>
<pin id="84" dir="1" index="3" bw="4" slack="0"/>
</pin_list>
<bind>
<opcode="getelementptr(29) " fcode="getelementptr"/>
<opset="sum_addr_2/11 "/>
</bind>
</comp>

<comp id="87" class="1004" name="sum_addr_1_gep_fu_87">
<pin_list>
<pin id="88" dir="0" index="0" bw="32" slack="2147483647"/>
<pin id="89" dir="0" index="1" bw="1" slack="0"/>
<pin id="90" dir="0" index="2" bw="5" slack="0"/>
<pin id="91" dir="1" index="3" bw="4" slack="0"/>
</pin_list>
<bind>
<opcode="getelementptr(29) " fcode="getelementptr"/>
<opset="sum_addr_1/19 "/>
</bind>
</comp>

<comp id="94" class="1004" name="out_addr_gep_fu_94">
<pin_list>
<pin id="95" dir="0" index="0" bw="32" slack="0"/>
<pin id="96" dir="0" index="1" bw="1" slack="0"/>
<pin id="97" dir="0" index="2" bw="12" slack="0"/>
<pin id="98" dir="1" index="3" bw="10" slack="0"/>
</pin_list>
<bind>
<opcode="getelementptr(29) " fcode="getelementptr"/>
<opset="out_addr/51 "/>
</bind>
</comp>

<comp id="101" class="1004" name="StgValue_165_access_fu_101">
<pin_list>
<pin id="102" dir="0" index="0" bw="10" slack="0"/>
<pin id="103" dir="0" index="1" bw="32" slack="1"/>
<pin id="104" dir="0" index="2" bw="0" slack="2147483647"/>
<pin id="105" dir="1" index="3" bw="32" slack="2147483647"/>
</pin_list>
<bind>
<opcode="store(28) " fcode="store"/>
<opset="StgValue_165/51 "/>
</bind>
</comp>

<comp id="107" class="1005" name="r_reg_107">
<pin_list>
<pin id="108" dir="0" index="0" bw="4" slack="1"/>
<pin id="109" dir="1" index="1" bw="4" slack="1"/>
</pin_list>
<bind>
<opset="r (phireg) "/>
</bind>
</comp>

<comp id="111" class="1004" name="r_phi_fu_111">
<pin_list>
<pin id="112" dir="0" index="0" bw="1" slack="1"/>
<pin id="113" dir="0" index="1" bw="0" slack="2147483647"/>
<pin id="114" dir="0" index="2" bw="4" slack="0"/>
<pin id="115" dir="0" index="3" bw="0" slack="2147483647"/>
<pin id="116" dir="1" index="4" bw="4" slack="0"/>
</pin_list>
<bind>
<opcode="phi(47) " fcode="phi"/>
<opset="r/2 "/>
</bind>
</comp>

<comp id="118" class="1005" name="c_reg_118">
<pin_list>
<pin id="119" dir="0" index="0" bw="4" slack="1"/>
<pin id="120" dir="1" index="1" bw="4" slack="1"/>
</pin_list>
<bind>
<opset="c (phireg) "/>
</bind>
</comp>

<comp id="122" class="1004" name="c_phi_fu_122">
<pin_list>
<pin id="123" dir="0" index="0" bw="1" slack="1"/>
<pin id="124" dir="0" index="1" bw="0" slack="2147483647"/>
<pin id="125" dir="0" index="2" bw="4" slack="0"/>
<pin id="126" dir="0" index="3" bw="0" slack="2147483647"/>
<pin id="127" dir="1" index="4" bw="4" slack="0"/>
</pin_list>
<bind>
<opcode="phi(47) " fcode="phi"/>
<opset="c/3 "/>
</bind>
</comp>

<comp id="130" class="1005" name="oc_reg_130">
<pin_list>
<pin id="131" dir="0" index="0" bw="5" slack="1"/>
<pin id="132" dir="1" index="1" bw="5" slack="1"/>
</pin_list>
<bind>
<opset="oc (phireg) "/>
</bind>
</comp>

<comp id="134" class="1004" name="oc_phi_fu_134">
<pin_list>
<pin id="135" dir="0" index="0" bw="5" slack="0"/>
<pin id="136" dir="0" index="1" bw="0" slack="2147483647"/>
<pin id="137" dir="0" index="2" bw="1" slack="1"/>
<pin id="138" dir="0" index="3" bw="0" slack="2147483647"/>
<pin id="139" dir="1" index="4" bw="5" slack="0"/>
</pin_list>
<bind>
<opcode="phi(47) " fcode="phi"/>
<opset="oc/4 "/>
</bind>
</comp>

<comp id="141" class="1005" name="ic_reg_141">
<pin_list>
<pin id="142" dir="0" index="0" bw="6" slack="1"/>
<pin id="143" dir="1" index="1" bw="6" slack="1"/>
</pin_list>
<bind>
<opset="ic (phireg) "/>
</bind>
</comp>

<comp id="145" class="1004" name="ic_phi_fu_145">
<pin_list>
<pin id="146" dir="0" index="0" bw="1" slack="1"/>
<pin id="147" dir="0" index="1" bw="0" slack="2147483647"/>
<pin id="148" dir="0" index="2" bw="6" slack="0"/>
<pin id="149" dir="0" index="3" bw="0" slack="2147483647"/>
<pin id="150" dir="1" index="4" bw="6" slack="0"/>
</pin_list>
<bind>
<opcode="phi(47) " fcode="phi"/>
<opset="ic/5 "/>
</bind>
</comp>

<comp id="152" class="1005" name="oc_1_reg_152">
<pin_list>
<pin id="153" dir="0" index="0" bw="5" slack="1"/>
<pin id="154" dir="1" index="1" bw="5" slack="1"/>
</pin_list>
<bind>
<opset="oc_1 (phireg) "/>
</bind>
</comp>

<comp id="156" class="1004" name="oc_1_phi_fu_156">
<pin_list>
<pin id="157" dir="0" index="0" bw="1" slack="1"/>
<pin id="158" dir="0" index="1" bw="0" slack="2147483647"/>
<pin id="159" dir="0" index="2" bw="5" slack="0"/>
<pin id="160" dir="0" index="3" bw="0" slack="2147483647"/>
<pin id="161" dir="1" index="4" bw="5" slack="0"/>
</pin_list>
<bind>
<opcode="phi(47) " fcode="phi"/>
<opset="oc_1/11 "/>
</bind>
</comp>

<comp id="163" class="1005" name="oc_2_reg_163">
<pin_list>
<pin id="164" dir="0" index="0" bw="5" slack="1"/>
<pin id="165" dir="1" index="1" bw="5" slack="1"/>
</pin_list>
<bind>
<opset="oc_2 (phireg) "/>
</bind>
</comp>

<comp id="167" class="1004" name="oc_2_phi_fu_167">
<pin_list>
<pin id="168" dir="0" index="0" bw="5" slack="0"/>
<pin id="169" dir="0" index="1" bw="0" slack="2147483647"/>
<pin id="170" dir="0" index="2" bw="1" slack="1"/>
<pin id="171" dir="0" index="3" bw="0" slack="2147483647"/>
<pin id="172" dir="1" index="4" bw="5" slack="0"/>
</pin_list>
<bind>
<opcode="phi(47) " fcode="phi"/>
<opset="oc_2/19 "/>
</bind>
</comp>

<comp id="174" class="1004" name="grp_fu_174">
<pin_list>
<pin id="175" dir="0" index="0" bw="32" slack="1"/>
<pin id="176" dir="0" index="1" bw="32" slack="0"/>
<pin id="177" dir="1" index="2" bw="32" slack="1"/>
</pin_list>
<bind>
<opcode="fadd(9) " fcode="fadd"/>
<opset="tmp_15/13 tmp_2_i/30 "/>
</bind>
</comp>

<comp id="179" class="1004" name="grp_fu_179">
<pin_list>
<pin id="180" dir="0" index="0" bw="32" slack="1"/>
<pin id="181" dir="0" index="1" bw="32" slack="0"/>
<pin id="182" dir="1" index="2" bw="32" slack="3"/>
</pin_list>
<bind>
<opcode="fmul(13) " fcode="fmul"/>
<opset="tmp_12/7 "/>
</bind>
</comp>

<comp id="184" class="1004" name="grp_fu_184">
<pin_list>
<pin id="185" dir="0" index="0" bw="32" slack="0"/>
<pin id="186" dir="0" index="1" bw="32" slack="1"/>
<pin id="187" dir="1" index="2" bw="32" slack="1"/>
</pin_list>
<bind>
<opcode="fdiv(16) " fcode="fdiv"/>
<opset="tmp_3_i/35 "/>
</bind>
</comp>

<comp id="189" class="1004" name="grp_fu_189">
<pin_list>
<pin id="190" dir="0" index="0" bw="32" slack="0"/>
<pin id="191" dir="0" index="1" bw="32" slack="0"/>
<pin id="192" dir="1" index="2" bw="32" slack="1"/>
</pin_list>
<bind>
<opcode="fexp(507) " fcode="fexp"/>
<opset="tmp_1_i/21 "/>
</bind>
</comp>

<comp id="194" class="1005" name="reg_194">
<pin_list>
<pin id="195" dir="0" index="0" bw="32" slack="1"/>
<pin id="196" dir="1" index="1" bw="32" slack="1"/>
</pin_list>
<bind>
<opset="sum_load sum_load_1 "/>
</bind>
</comp>

<comp id="199" class="1005" name="reg_199">
<pin_list>
<pin id="200" dir="0" index="0" bw="32" slack="1"/>
<pin id="201" dir="1" index="1" bw="32" slack="1"/>
</pin_list>
<bind>
<opset="tmp_15 tmp_2_i "/>
</bind>
</comp>

<comp id="205" class="1004" name="exitcond5_fu_205">
<pin_list>
<pin id="206" dir="0" index="0" bw="4" slack="0"/>
<pin id="207" dir="0" index="1" bw="4" slack="0"/>
<pin id="208" dir="1" index="2" bw="1" slack="2147483647"/>
</pin_list>
<bind>
<opcode="icmp(45) " fcode="icmp"/>
<opset="exitcond5/2 "/>
</bind>
</comp>

<comp id="211" class="1004" name="r_3_fu_211">
<pin_list>
<pin id="212" dir="0" index="0" bw="4" slack="0"/>
<pin id="213" dir="0" index="1" bw="1" slack="0"/>
<pin id="214" dir="1" index="2" bw="4" slack="0"/>
</pin_list>
<bind>
<opcode="add(8) " fcode="add"/>
<opset="r_3/2 "/>
</bind>
</comp>

<comp id="217" class="1004" name="tmp_fu_217">
<pin_list>
<pin id="218" dir="0" index="0" bw="7" slack="0"/>
<pin id="219" dir="0" index="1" bw="4" slack="0"/>
<pin id="220" dir="0" index="2" bw="1" slack="0"/>
<pin id="221" dir="1" index="3" bw="7" slack="0"/>
</pin_list>
<bind>
<opcode="bitconcatenate(1004) " fcode="bitconcatenate"/>
<opset="tmp/2 "/>
</bind>
</comp>

<comp id="225" class="1004" name="tmp_98_cast_fu_225">
<pin_list>
<pin id="226" dir="0" index="0" bw="7" slack="0"/>
<pin id="227" dir="1" index="1" bw="8" slack="2"/>
</pin_list>
<bind>
<opcode="zext(34) " fcode="zext"/>
<opset="tmp_98_cast/2 "/>
</bind>
</comp>

<comp id="229" class="1004" name="exitcond4_fu_229">
<pin_list>
<pin id="230" dir="0" index="0" bw="4" slack="0"/>
<pin id="231" dir="0" index="1" bw="4" slack="0"/>
<pin id="232" dir="1" index="2" bw="1" slack="2147483647"/>
</pin_list>
<bind>
<opcode="icmp(45) " fcode="icmp"/>
<opset="exitcond4/3 "/>
</bind>
</comp>

<comp id="235" class="1004" name="c_3_fu_235">
<pin_list>
<pin id="236" dir="0" index="0" bw="4" slack="0"/>
<pin id="237" dir="0" index="1" bw="1" slack="0"/>
<pin id="238" dir="1" index="2" bw="4" slack="0"/>
</pin_list>
<bind>
<opcode="add(8) " fcode="add"/>
<opset="c_3/3 "/>
</bind>
</comp>

<comp id="241" class="1004" name="exitcond3_fu_241">
<pin_list>
<pin id="242" dir="0" index="0" bw="5" slack="0"/>
<pin id="243" dir="0" index="1" bw="5" slack="0"/>
<pin id="244" dir="1" index="2" bw="1" slack="2147483647"/>
</pin_list>
<bind>
<opcode="icmp(45) " fcode="icmp"/>
<opset="exitcond3/4 "/>
</bind>
</comp>

<comp id="247" class="1004" name="oc_3_fu_247">
<pin_list>
<pin id="248" dir="0" index="0" bw="5" slack="0"/>
<pin id="249" dir="0" index="1" bw="1" slack="0"/>
<pin id="250" dir="1" index="2" bw="5" slack="0"/>
</pin_list>
<bind>
<opcode="add(8) " fcode="add"/>
<opset="oc_3/4 "/>
</bind>
</comp>

<comp id="253" class="1004" name="tmp_10_fu_253">
<pin_list>
<pin id="254" dir="0" index="0" bw="5" slack="0"/>
<pin id="255" dir="1" index="1" bw="64" slack="0"/>
</pin_list>
<bind>
<opcode="zext(34) " fcode="zext"/>
<opset="tmp_10/4 "/>
</bind>
</comp>

<comp id="258" class="1004" name="tmp_cast_fu_258">
<pin_list>
<pin id="259" dir="0" index="0" bw="4" slack="1"/>
<pin id="260" dir="1" index="1" bw="8" slack="0"/>
</pin_list>
<bind>
<opcode="zext(34) " fcode="zext"/>
<opset="tmp_cast/4 "/>
</bind>
</comp>

<comp id="262" class="1004" name="tmp_s_fu_262">
<pin_list>
<pin id="263" dir="0" index="0" bw="4" slack="0"/>
<pin id="264" dir="0" index="1" bw="7" slack="2"/>
<pin id="265" dir="1" index="2" bw="8" slack="0"/>
</pin_list>
<bind>
<opcode="add(8) " fcode="add"/>
<opset="tmp_s/4 "/>
</bind>
</comp>

<comp id="267" class="1004" name="tmp_101_cast_fu_267">
<pin_list>
<pin id="268" dir="0" index="0" bw="13" slack="0"/>
<pin id="269" dir="0" index="1" bw="8" slack="0"/>
<pin id="270" dir="0" index="2" bw="1" slack="0"/>
<pin id="271" dir="1" index="3" bw="13" slack="1"/>
</pin_list>
<bind>
<opcode="bitconcatenate(1004) " fcode="bitconcatenate"/>
<opset="tmp_101_cast/4 "/>
</bind>
</comp>

<comp id="275" class="1004" name="tmp_103_cast_fu_275">
<pin_list>
<pin id="276" dir="0" index="0" bw="12" slack="0"/>
<pin id="277" dir="0" index="1" bw="8" slack="0"/>
<pin id="278" dir="0" index="2" bw="1" slack="0"/>
<pin id="279" dir="1" index="3" bw="12" slack="2"/>
</pin_list>
<bind>
<opcode="bitconcatenate(1004) " fcode="bitconcatenate"/>
<opset="tmp_103_cast/4 "/>
</bind>
</comp>

<comp id="283" class="1004" name="exitcond2_fu_283">
<pin_list>
<pin id="284" dir="0" index="0" bw="6" slack="0"/>
<pin id="285" dir="0" index="1" bw="6" slack="0"/>
<pin id="286" dir="1" index="2" bw="1" slack="2147483647"/>
</pin_list>
<bind>
<opcode="icmp(45) " fcode="icmp"/>
<opset="exitcond2/5 "/>
</bind>
</comp>

<comp id="289" class="1004" name="ic_1_fu_289">
<pin_list>
<pin id="290" dir="0" index="0" bw="6" slack="0"/>
<pin id="291" dir="0" index="1" bw="1" slack="0"/>
<pin id="292" dir="1" index="2" bw="6" slack="0"/>
</pin_list>
<bind>
<opcode="add(8) " fcode="add"/>
<opset="ic_1/5 "/>
</bind>
</comp>

<comp id="295" class="1004" name="tmp_11_cast_fu_295">
<pin_list>
<pin id="296" dir="0" index="0" bw="6" slack="0"/>
<pin id="297" dir="1" index="1" bw="13" slack="0"/>
</pin_list>
<bind>
<opcode="zext(34) " fcode="zext"/>
<opset="tmp_11_cast/5 "/>
</bind>
</comp>

<comp id="299" class="1004" name="tmp_93_fu_299">
<pin_list>
<pin id="300" dir="0" index="0" bw="13" slack="1"/>
<pin id="301" dir="0" index="1" bw="6" slack="0"/>
<pin id="302" dir="1" index="2" bw="13" slack="0"/>
</pin_list>
<bind>
<opcode="add(8) " fcode="add"/>
<opset="tmp_93/5 "/>
</bind>
</comp>

<comp id="304" class="1004" name="tmp_104_cast_fu_304">
<pin_list>
<pin id="305" dir="0" index="0" bw="13" slack="0"/>
<pin id="306" dir="1" index="1" bw="64" slack="0"/>
</pin_list>
<bind>
<opcode="zext(34) " fcode="zext"/>
<opset="tmp_104_cast/5 "/>
</bind>
</comp>

<comp id="309" class="1004" name="exitcond1_fu_309">
<pin_list>
<pin id="310" dir="0" index="0" bw="5" slack="0"/>
<pin id="311" dir="0" index="1" bw="5" slack="0"/>
<pin id="312" dir="1" index="2" bw="1" slack="2147483647"/>
</pin_list>
<bind>
<opcode="icmp(45) " fcode="icmp"/>
<opset="exitcond1/11 "/>
</bind>
</comp>

<comp id="315" class="1004" name="oc_5_fu_315">
<pin_list>
<pin id="316" dir="0" index="0" bw="5" slack="0"/>
<pin id="317" dir="0" index="1" bw="1" slack="0"/>
<pin id="318" dir="1" index="2" bw="5" slack="0"/>
</pin_list>
<bind>
<opcode="add(8) " fcode="add"/>
<opset="oc_5/11 "/>
</bind>
</comp>

<comp id="321" class="1004" name="tmp_14_fu_321">
<pin_list>
<pin id="322" dir="0" index="0" bw="5" slack="0"/>
<pin id="323" dir="1" index="1" bw="64" slack="0"/>
</pin_list>
<bind>
<opcode="zext(34) " fcode="zext"/>
<opset="tmp_14/11 "/>
</bind>
</comp>

<comp id="326" class="1004" name="exitcond_fu_326">
<pin_list>
<pin id="327" dir="0" index="0" bw="5" slack="0"/>
<pin id="328" dir="0" index="1" bw="5" slack="0"/>
<pin id="329" dir="1" index="2" bw="1" slack="2147483647"/>
</pin_list>
<bind>
<opcode="icmp(45) " fcode="icmp"/>
<opset="exitcond/19 "/>
</bind>
</comp>

<comp id="332" class="1004" name="oc_4_fu_332">
<pin_list>
<pin id="333" dir="0" index="0" bw="5" slack="0"/>
<pin id="334" dir="0" index="1" bw="1" slack="0"/>
<pin id="335" dir="1" index="2" bw="5" slack="0"/>
</pin_list>
<bind>
<opcode="add(8) " fcode="add"/>
<opset="oc_4/19 "/>
</bind>
</comp>

<comp id="338" class="1004" name="tmp_13_fu_338">
<pin_list>
<pin id="339" dir="0" index="0" bw="5" slack="0"/>
<pin id="340" dir="1" index="1" bw="64" slack="0"/>
</pin_list>
<bind>
<opcode="zext(34) " fcode="zext"/>
<opset="tmp_13/19 "/>
</bind>
</comp>

<comp id="343" class="1004" name="tmp_13_cast_fu_343">
<pin_list>
<pin id="344" dir="0" index="0" bw="5" slack="0"/>
<pin id="345" dir="1" index="1" bw="12" slack="0"/>
</pin_list>
<bind>
<opcode="zext(34) " fcode="zext"/>
<opset="tmp_13_cast/19 "/>
</bind>
</comp>

<comp id="347" class="1004" name="tmp_94_fu_347">
<pin_list>
<pin id="348" dir="0" index="0" bw="12" slack="2"/>
<pin id="349" dir="0" index="1" bw="5" slack="0"/>
<pin id="350" dir="1" index="2" bw="12" slack="32"/>
</pin_list>
<bind>
<opcode="add(8) " fcode="add"/>
<opset="tmp_94/19 "/>
</bind>
</comp>

<comp id="352" class="1004" name="tmp_to_int_i_fu_352">
<pin_list>
<pin id="353" dir="0" index="0" bw="32" slack="1"/>
<pin id="354" dir="1" index="1" bw="32" slack="0"/>
</pin_list>
<bind>
<opcode="bitcast(44) " fcode="bitcast"/>
<opset="tmp_to_int_i/21 "/>
</bind>
</comp>

<comp id="356" class="1004" name="tmp_neg_i_fu_356">
<pin_list>
<pin id="357" dir="0" index="0" bw="32" slack="0"/>
<pin id="358" dir="0" index="1" bw="32" slack="0"/>
<pin id="359" dir="1" index="2" bw="32" slack="0"/>
</pin_list>
<bind>
<opcode="xor(25) " fcode="xor"/>
<opset="tmp_neg_i/21 "/>
</bind>
</comp>

<comp id="362" class="1004" name="tmp_i_fu_362">
<pin_list>
<pin id="363" dir="0" index="0" bw="32" slack="0"/>
<pin id="364" dir="1" index="1" bw="32" slack="0"/>
</pin_list>
<bind>
<opcode="bitcast(44) " fcode="bitcast"/>
<opset="tmp_i/21 "/>
</bind>
</comp>

<comp id="367" class="1004" name="tmp_105_cast_fu_367">
<pin_list>
<pin id="368" dir="0" index="0" bw="12" slack="32"/>
<pin id="369" dir="1" index="1" bw="64" slack="0"/>
</pin_list>
<bind>
<opcode="zext(34) " fcode="zext"/>
<opset="tmp_105_cast/51 "/>
</bind>
</comp>

<comp id="374" class="1005" name="r_3_reg_374">
<pin_list>
<pin id="375" dir="0" index="0" bw="4" slack="0"/>
<pin id="376" dir="1" index="1" bw="4" slack="0"/>
</pin_list>
<bind>
<opset="r_3 "/>
</bind>
</comp>

<comp id="379" class="1005" name="tmp_98_cast_reg_379">
<pin_list>
<pin id="380" dir="0" index="0" bw="8" slack="2"/>
<pin id="381" dir="1" index="1" bw="8" slack="2"/>
</pin_list>
<bind>
<opset="tmp_98_cast "/>
</bind>
</comp>

<comp id="387" class="1005" name="c_3_reg_387">
<pin_list>
<pin id="388" dir="0" index="0" bw="4" slack="0"/>
<pin id="389" dir="1" index="1" bw="4" slack="0"/>
</pin_list>
<bind>
<opset="c_3 "/>
</bind>
</comp>

<comp id="395" class="1005" name="oc_3_reg_395">
<pin_list>
<pin id="396" dir="0" index="0" bw="5" slack="0"/>
<pin id="397" dir="1" index="1" bw="5" slack="0"/>
</pin_list>
<bind>
<opset="oc_3 "/>
</bind>
</comp>

<comp id="400" class="1005" name="tmp_101_cast_reg_400">
<pin_list>
<pin id="401" dir="0" index="0" bw="13" slack="1"/>
<pin id="402" dir="1" index="1" bw="13" slack="1"/>
</pin_list>
<bind>
<opset="tmp_101_cast "/>
</bind>
</comp>

<comp id="405" class="1005" name="tmp_103_cast_reg_405">
<pin_list>
<pin id="406" dir="0" index="0" bw="12" slack="2"/>
<pin id="407" dir="1" index="1" bw="12" slack="2"/>
</pin_list>
<bind>
<opset="tmp_103_cast "/>
</bind>
</comp>

<comp id="413" class="1005" name="ic_1_reg_413">
<pin_list>
<pin id="414" dir="0" index="0" bw="6" slack="0"/>
<pin id="415" dir="1" index="1" bw="6" slack="0"/>
</pin_list>
<bind>
<opset="ic_1 "/>
</bind>
</comp>

<comp id="418" class="1005" name="f5_addr_reg_418">
<pin_list>
<pin id="419" dir="0" index="0" bw="11" slack="1"/>
<pin id="420" dir="1" index="1" bw="11" slack="1"/>
</pin_list>
<bind>
<opset="f5_addr "/>
</bind>
</comp>

<comp id="423" class="1005" name="val_reg_423">
<pin_list>
<pin id="424" dir="0" index="0" bw="32" slack="1"/>
<pin id="425" dir="1" index="1" bw="32" slack="1"/>
</pin_list>
<bind>
<opset="val "/>
</bind>
</comp>

<comp id="428" class="1005" name="tmp_12_reg_428">
<pin_list>
<pin id="429" dir="0" index="0" bw="32" slack="3"/>
<pin id="430" dir="1" index="1" bw="32" slack="3"/>
</pin_list>
<bind>
<opset="tmp_12 "/>
</bind>
</comp>

<comp id="436" class="1005" name="oc_5_reg_436">
<pin_list>
<pin id="437" dir="0" index="0" bw="5" slack="0"/>
<pin id="438" dir="1" index="1" bw="5" slack="0"/>
</pin_list>
<bind>
<opset="oc_5 "/>
</bind>
</comp>

<comp id="441" class="1005" name="sum_addr_2_reg_441">
<pin_list>
<pin id="442" dir="0" index="0" bw="4" slack="1"/>
<pin id="443" dir="1" index="1" bw="4" slack="1"/>
</pin_list>
<bind>
<opset="sum_addr_2 "/>
</bind>
</comp>

<comp id="449" class="1005" name="oc_4_reg_449">
<pin_list>
<pin id="450" dir="0" index="0" bw="5" slack="0"/>
<pin id="451" dir="1" index="1" bw="5" slack="0"/>
</pin_list>
<bind>
<opset="oc_4 "/>
</bind>
</comp>

<comp id="454" class="1005" name="tmp_94_reg_454">
<pin_list>
<pin id="455" dir="0" index="0" bw="12" slack="32"/>
<pin id="456" dir="1" index="1" bw="12" slack="32"/>
</pin_list>
<bind>
<opset="tmp_94 "/>
</bind>
</comp>

<comp id="459" class="1005" name="sum_addr_1_reg_459">
<pin_list>
<pin id="460" dir="0" index="0" bw="4" slack="1"/>
<pin id="461" dir="1" index="1" bw="4" slack="1"/>
</pin_list>
<bind>
<opset="sum_addr_1 "/>
</bind>
</comp>

<comp id="464" class="1005" name="tmp_i_reg_464">
<pin_list>
<pin id="465" dir="0" index="0" bw="32" slack="1"/>
<pin id="466" dir="1" index="1" bw="32" slack="1"/>
</pin_list>
<bind>
<opset="tmp_i "/>
</bind>
</comp>

<comp id="469" class="1005" name="tmp_1_i_reg_469">
<pin_list>
<pin id="470" dir="0" index="0" bw="32" slack="1"/>
<pin id="471" dir="1" index="1" bw="32" slack="1"/>
</pin_list>
<bind>
<opset="tmp_1_i "/>
</bind>
</comp>

<comp id="474" class="1005" name="tmp_3_i_reg_474">
<pin_list>
<pin id="475" dir="0" index="0" bw="32" slack="1"/>
<pin id="476" dir="1" index="1" bw="32" slack="1"/>
</pin_list>
<bind>
<opset="tmp_3_i "/>
</bind>
</comp>

</comp_list>

<net_list>
<net id="53"><net_src comp="4" pin="0"/><net_sink comp="50" pin=0"/></net>

<net id="59"><net_src comp="28" pin="0"/><net_sink comp="54" pin=1"/></net>

<net id="65"><net_src comp="30" pin="0"/><net_sink comp="60" pin=1"/></net>

<net id="66"><net_src comp="54" pin="3"/><net_sink comp="60" pin=0"/></net>

<net id="72"><net_src comp="2" pin="0"/><net_sink comp="67" pin=0"/></net>

<net id="73"><net_src comp="28" pin="0"/><net_sink comp="67" pin=1"/></net>

<net id="79"><net_src comp="67" pin="3"/><net_sink comp="74" pin=0"/></net>

<net id="85"><net_src comp="28" pin="0"/><net_sink comp="80" pin=1"/></net>

<net id="86"><net_src comp="80" pin="3"/><net_sink comp="60" pin=0"/></net>

<net id="92"><net_src comp="28" pin="0"/><net_sink comp="87" pin=1"/></net>

<net id="93"><net_src comp="87" pin="3"/><net_sink comp="60" pin=0"/></net>

<net id="99"><net_src comp="0" pin="0"/><net_sink comp="94" pin=0"/></net>

<net id="100"><net_src comp="28" pin="0"/><net_sink comp="94" pin=1"/></net>

<net id="106"><net_src comp="94" pin="3"/><net_sink comp="101" pin=0"/></net>

<net id="110"><net_src comp="6" pin="0"/><net_sink comp="107" pin=0"/></net>

<net id="117"><net_src comp="107" pin="1"/><net_sink comp="111" pin=0"/></net>

<net id="121"><net_src comp="6" pin="0"/><net_sink comp="118" pin=0"/></net>

<net id="128"><net_src comp="118" pin="1"/><net_sink comp="122" pin=0"/></net>

<net id="129"><net_src comp="122" pin="4"/><net_sink comp="118" pin=0"/></net>

<net id="133"><net_src comp="20" pin="0"/><net_sink comp="130" pin=0"/></net>

<net id="140"><net_src comp="130" pin="1"/><net_sink comp="134" pin=2"/></net>

<net id="144"><net_src comp="36" pin="0"/><net_sink comp="141" pin=0"/></net>

<net id="151"><net_src comp="141" pin="1"/><net_sink comp="145" pin=0"/></net>

<net id="155"><net_src comp="20" pin="0"/><net_sink comp="152" pin=0"/></net>

<net id="162"><net_src comp="152" pin="1"/><net_sink comp="156" pin=0"/></net>

<net id="166"><net_src comp="20" pin="0"/><net_sink comp="163" pin=0"/></net>

<net id="173"><net_src comp="163" pin="1"/><net_sink comp="167" pin=2"/></net>

<net id="178"><net_src comp="48" pin="0"/><net_sink comp="174" pin=1"/></net>

<net id="183"><net_src comp="30" pin="0"/><net_sink comp="179" pin=1"/></net>

<net id="188"><net_src comp="48" pin="0"/><net_sink comp="184" pin=0"/></net>

<net id="193"><net_src comp="46" pin="0"/><net_sink comp="189" pin=0"/></net>

<net id="197"><net_src comp="60" pin="3"/><net_sink comp="194" pin=0"/></net>

<net id="198"><net_src comp="194" pin="1"/><net_sink comp="174" pin=0"/></net>

<net id="202"><net_src comp="174" pin="2"/><net_sink comp="199" pin=0"/></net>

<net id="203"><net_src comp="199" pin="1"/><net_sink comp="60" pin=1"/></net>

<net id="204"><net_src comp="199" pin="1"/><net_sink comp="184" pin=1"/></net>

<net id="209"><net_src comp="111" pin="4"/><net_sink comp="205" pin=0"/></net>

<net id="210"><net_src comp="8" pin="0"/><net_sink comp="205" pin=1"/></net>

<net id="215"><net_src comp="111" pin="4"/><net_sink comp="211" pin=0"/></net>

<net id="216"><net_src comp="14" pin="0"/><net_sink comp="211" pin=1"/></net>

<net id="222"><net_src comp="16" pin="0"/><net_sink comp="217" pin=0"/></net>

<net id="223"><net_src comp="111" pin="4"/><net_sink comp="217" pin=1"/></net>

<net id="224"><net_src comp="18" pin="0"/><net_sink comp="217" pin=2"/></net>

<net id="228"><net_src comp="217" pin="3"/><net_sink comp="225" pin=0"/></net>

<net id="233"><net_src comp="122" pin="4"/><net_sink comp="229" pin=0"/></net>

<net id="234"><net_src comp="8" pin="0"/><net_sink comp="229" pin=1"/></net>

<net id="239"><net_src comp="122" pin="4"/><net_sink comp="235" pin=0"/></net>

<net id="240"><net_src comp="14" pin="0"/><net_sink comp="235" pin=1"/></net>

<net id="245"><net_src comp="134" pin="4"/><net_sink comp="241" pin=0"/></net>

<net id="246"><net_src comp="22" pin="0"/><net_sink comp="241" pin=1"/></net>

<net id="251"><net_src comp="134" pin="4"/><net_sink comp="247" pin=0"/></net>

<net id="252"><net_src comp="26" pin="0"/><net_sink comp="247" pin=1"/></net>

<net id="256"><net_src comp="134" pin="4"/><net_sink comp="253" pin=0"/></net>

<net id="257"><net_src comp="253" pin="1"/><net_sink comp="54" pin=2"/></net>

<net id="261"><net_src comp="118" pin="1"/><net_sink comp="258" pin=0"/></net>

<net id="266"><net_src comp="258" pin="1"/><net_sink comp="262" pin=0"/></net>

<net id="272"><net_src comp="32" pin="0"/><net_sink comp="267" pin=0"/></net>

<net id="273"><net_src comp="262" pin="2"/><net_sink comp="267" pin=1"/></net>

<net id="274"><net_src comp="20" pin="0"/><net_sink comp="267" pin=2"/></net>

<net id="280"><net_src comp="34" pin="0"/><net_sink comp="275" pin=0"/></net>

<net id="281"><net_src comp="262" pin="2"/><net_sink comp="275" pin=1"/></net>

<net id="282"><net_src comp="6" pin="0"/><net_sink comp="275" pin=2"/></net>

<net id="287"><net_src comp="145" pin="4"/><net_sink comp="283" pin=0"/></net>

<net id="288"><net_src comp="38" pin="0"/><net_sink comp="283" pin=1"/></net>

<net id="293"><net_src comp="145" pin="4"/><net_sink comp="289" pin=0"/></net>

<net id="294"><net_src comp="42" pin="0"/><net_sink comp="289" pin=1"/></net>

<net id="298"><net_src comp="145" pin="4"/><net_sink comp="295" pin=0"/></net>

<net id="303"><net_src comp="295" pin="1"/><net_sink comp="299" pin=1"/></net>

<net id="307"><net_src comp="299" pin="2"/><net_sink comp="304" pin=0"/></net>

<net id="308"><net_src comp="304" pin="1"/><net_sink comp="67" pin=2"/></net>

<net id="313"><net_src comp="156" pin="4"/><net_sink comp="309" pin=0"/></net>

<net id="314"><net_src comp="22" pin="0"/><net_sink comp="309" pin=1"/></net>

<net id="319"><net_src comp="156" pin="4"/><net_sink comp="315" pin=0"/></net>

<net id="320"><net_src comp="26" pin="0"/><net_sink comp="315" pin=1"/></net>

<net id="324"><net_src comp="156" pin="4"/><net_sink comp="321" pin=0"/></net>

<net id="325"><net_src comp="321" pin="1"/><net_sink comp="80" pin=2"/></net>

<net id="330"><net_src comp="167" pin="4"/><net_sink comp="326" pin=0"/></net>

<net id="331"><net_src comp="22" pin="0"/><net_sink comp="326" pin=1"/></net>

<net id="336"><net_src comp="167" pin="4"/><net_sink comp="332" pin=0"/></net>

<net id="337"><net_src comp="26" pin="0"/><net_sink comp="332" pin=1"/></net>

<net id="341"><net_src comp="167" pin="4"/><net_sink comp="338" pin=0"/></net>

<net id="342"><net_src comp="338" pin="1"/><net_sink comp="87" pin=2"/></net>

<net id="346"><net_src comp="167" pin="4"/><net_sink comp="343" pin=0"/></net>

<net id="351"><net_src comp="343" pin="1"/><net_sink comp="347" pin=1"/></net>

<net id="355"><net_src comp="194" pin="1"/><net_sink comp="352" pin=0"/></net>

<net id="360"><net_src comp="352" pin="1"/><net_sink comp="356" pin=0"/></net>

<net id="361"><net_src comp="44" pin="0"/><net_sink comp="356" pin=1"/></net>

<net id="365"><net_src comp="356" pin="2"/><net_sink comp="362" pin=0"/></net>

<net id="366"><net_src comp="362" pin="1"/><net_sink comp="189" pin=1"/></net>

<net id="370"><net_src comp="367" pin="1"/><net_sink comp="94" pin=2"/></net>

<net id="377"><net_src comp="211" pin="2"/><net_sink comp="374" pin=0"/></net>

<net id="378"><net_src comp="374" pin="1"/><net_sink comp="111" pin=2"/></net>

<net id="382"><net_src comp="225" pin="1"/><net_sink comp="379" pin=0"/></net>

<net id="383"><net_src comp="379" pin="1"/><net_sink comp="262" pin=1"/></net>

<net id="390"><net_src comp="235" pin="2"/><net_sink comp="387" pin=0"/></net>

<net id="391"><net_src comp="387" pin="1"/><net_sink comp="122" pin=2"/></net>

<net id="398"><net_src comp="247" pin="2"/><net_sink comp="395" pin=0"/></net>

<net id="399"><net_src comp="395" pin="1"/><net_sink comp="134" pin=0"/></net>

<net id="403"><net_src comp="267" pin="3"/><net_sink comp="400" pin=0"/></net>

<net id="404"><net_src comp="400" pin="1"/><net_sink comp="299" pin=0"/></net>

<net id="408"><net_src comp="275" pin="3"/><net_sink comp="405" pin=0"/></net>

<net id="409"><net_src comp="405" pin="1"/><net_sink comp="347" pin=0"/></net>

<net id="416"><net_src comp="289" pin="2"/><net_sink comp="413" pin=0"/></net>

<net id="417"><net_src comp="413" pin="1"/><net_sink comp="145" pin=2"/></net>

<net id="421"><net_src comp="67" pin="3"/><net_sink comp="418" pin=0"/></net>

<net id="422"><net_src comp="418" pin="1"/><net_sink comp="74" pin=0"/></net>

<net id="426"><net_src comp="74" pin="3"/><net_sink comp="423" pin=0"/></net>

<net id="427"><net_src comp="423" pin="1"/><net_sink comp="179" pin=0"/></net>

<net id="431"><net_src comp="179" pin="2"/><net_sink comp="428" pin=0"/></net>

<net id="432"><net_src comp="428" pin="1"/><net_sink comp="174" pin=1"/></net>

<net id="439"><net_src comp="315" pin="2"/><net_sink comp="436" pin=0"/></net>

<net id="440"><net_src comp="436" pin="1"/><net_sink comp="156" pin=2"/></net>

<net id="444"><net_src comp="80" pin="3"/><net_sink comp="441" pin=0"/></net>

<net id="445"><net_src comp="441" pin="1"/><net_sink comp="60" pin=0"/></net>

<net id="452"><net_src comp="332" pin="2"/><net_sink comp="449" pin=0"/></net>

<net id="453"><net_src comp="449" pin="1"/><net_sink comp="167" pin=0"/></net>

<net id="457"><net_src comp="347" pin="2"/><net_sink comp="454" pin=0"/></net>

<net id="458"><net_src comp="454" pin="1"/><net_sink comp="367" pin=0"/></net>

<net id="462"><net_src comp="87" pin="3"/><net_sink comp="459" pin=0"/></net>

<net id="463"><net_src comp="459" pin="1"/><net_sink comp="60" pin=0"/></net>

<net id="467"><net_src comp="362" pin="1"/><net_sink comp="464" pin=0"/></net>

<net id="468"><net_src comp="464" pin="1"/><net_sink comp="189" pin=1"/></net>

<net id="472"><net_src comp="189" pin="2"/><net_sink comp="469" pin=0"/></net>

<net id="473"><net_src comp="469" pin="1"/><net_sink comp="174" pin=0"/></net>

<net id="477"><net_src comp="184" pin="2"/><net_sink comp="474" pin=0"/></net>

<net id="478"><net_src comp="474" pin="1"/><net_sink comp="101" pin=1"/></net>

</net_list>

</model> 
---------------- Datapath Model END ------------------

* FSMD analyzer results:
  - Output states:
	Port: out_r | {51 }
 - Input state : 
	Port: detection_head : f5 | {5 6 }
  - Chain level:
	State 1
	State 2
		exitcond5 : 1
		r_3 : 1
		StgValue_58 : 2
		tmp : 1
		tmp_98_cast : 2
	State 3
		exitcond4 : 1
		c_3 : 1
		StgValue_67 : 2
	State 4
		exitcond3 : 1
		oc_3 : 1
		StgValue_74 : 2
		tmp_10 : 1
		sum_addr : 2
		StgValue_77 : 3
		tmp_s : 1
		tmp_101_cast : 2
		tmp_103_cast : 2
	State 5
		exitcond2 : 1
		ic_1 : 1
		StgValue_88 : 2
		tmp_11_cast : 1
		tmp_93 : 2
		tmp_104_cast : 3
		f5_addr : 4
		val : 5
	State 6
	State 7
	State 8
	State 9
	State 10
	State 11
		exitcond1 : 1
		oc_5 : 1
		StgValue_105 : 2
		tmp_14 : 1
		sum_addr_2 : 2
		sum_load : 3
	State 12
	State 13
	State 14
	State 15
	State 16
	State 17
	State 18
	State 19
		exitcond : 1
		oc_4 : 1
		StgValue_122 : 2
		tmp_13 : 1
		tmp_13_cast : 1
		tmp_94 : 2
		sum_addr_1 : 2
		sum_load_1 : 3
	State 20
	State 21
		tmp_neg_i : 1
		tmp_i : 1
		tmp_1_i : 2
	State 22
	State 23
	State 24
	State 25
	State 26
	State 27
	State 28
	State 29
	State 30
	State 31
	State 32
	State 33
	State 34
	State 35
	State 36
	State 37
	State 38
	State 39
	State 40
	State 41
	State 42
	State 43
	State 44
	State 45
	State 46
	State 47
	State 48
	State 49
	State 50
	State 51
		out_addr : 1
		StgValue_165 : 2


============================================================
+ Verbose Summary: Datapath Resource usage 
============================================================

* Functional unit list:
|----------|---------------------|---------|---------|---------|
| Operation|   Functional Unit   |  DSP48E |    FF   |   LUT   |
|----------|---------------------|---------|---------|---------|
|   fdiv   |      grp_fu_184     |    0    |   761   |   994   |
|----------|---------------------|---------|---------|---------|
|   fexp   |      grp_fu_189     |    7    |   277   |   924   |
|----------|---------------------|---------|---------|---------|
|   fadd   |      grp_fu_174     |    2    |   205   |   390   |
|----------|---------------------|---------|---------|---------|
|   fmul   |      grp_fu_179     |    3    |   143   |   321   |
|----------|---------------------|---------|---------|---------|
|          |      r_3_fu_211     |    0    |    0    |    13   |
|          |      c_3_fu_235     |    0    |    0    |    13   |
|          |     oc_3_fu_247     |    0    |    0    |    15   |
|          |     tmp_s_fu_262    |    0    |    0    |    15   |
|    add   |     ic_1_fu_289     |    0    |    0    |    15   |
|          |    tmp_93_fu_299    |    0    |    0    |    17   |
|          |     oc_5_fu_315     |    0    |    0    |    15   |
|          |     oc_4_fu_332     |    0    |    0    |    15   |
|          |    tmp_94_fu_347    |    0    |    0    |    12   |
|----------|---------------------|---------|---------|---------|
|          |   exitcond5_fu_205  |    0    |    0    |    9    |
|          |   exitcond4_fu_229  |    0    |    0    |    9    |
|   icmp   |   exitcond3_fu_241  |    0    |    0    |    11   |
|          |   exitcond2_fu_283  |    0    |    0    |    11   |
|          |   exitcond1_fu_309  |    0    |    0    |    11   |
|          |   exitcond_fu_326   |    0    |    0    |    11   |
|----------|---------------------|---------|---------|---------|
|    xor   |   tmp_neg_i_fu_356  |    0    |    0    |    32   |
|----------|---------------------|---------|---------|---------|
|          |      tmp_fu_217     |    0    |    0    |    0    |
|bitconcatenate| tmp_101_cast_fu_267 |    0    |    0    |    0    |
|          | tmp_103_cast_fu_275 |    0    |    0    |    0    |
|----------|---------------------|---------|---------|---------|
|          |  tmp_98_cast_fu_225 |    0    |    0    |    0    |
|          |    tmp_10_fu_253    |    0    |    0    |    0    |
|          |   tmp_cast_fu_258   |    0    |    0    |    0    |
|          |  tmp_11_cast_fu_295 |    0    |    0    |    0    |
|   zext   | tmp_104_cast_fu_304 |    0    |    0    |    0    |
|          |    tmp_14_fu_321    |    0    |    0    |    0    |
|          |    tmp_13_fu_338    |    0    |    0    |    0    |
|          |  tmp_13_cast_fu_343 |    0    |    0    |    0    |
|          | tmp_105_cast_fu_367 |    0    |    0    |    0    |
|----------|---------------------|---------|---------|---------|
|   Total  |                     |    12   |   1386  |   2853  |
|----------|---------------------|---------|---------|---------|

Memories:
+----+--------+--------+--------+
|    |  BRAM  |   FF   |   LUT  |
+----+--------+--------+--------+
| sum|    0   |   64   |    8   |
+----+--------+--------+--------+
|Total|    0   |   64   |    8   |
+----+--------+--------+--------+

* Register list:
+--------------------+--------+
|                    |   FF   |
+--------------------+--------+
|     c_3_reg_387    |    4   |
|      c_reg_118     |    4   |
|   f5_addr_reg_418  |   11   |
|    ic_1_reg_413    |    6   |
|     ic_reg_141     |    6   |
|    oc_1_reg_152    |    5   |
|    oc_2_reg_163    |    5   |
|    oc_3_reg_395    |    5   |
|    oc_4_reg_449    |    5   |
|    oc_5_reg_436    |    5   |
|     oc_reg_130     |    5   |
|     r_3_reg_374    |    4   |
|      r_reg_107     |    4   |
|       reg_194      |   32   |
|       reg_199      |   32   |
| sum_addr_1_reg_459 |    4   |
| sum_addr_2_reg_441 |    4   |
|tmp_101_cast_reg_400|   13   |
|tmp_103_cast_reg_405|   12   |
|   tmp_12_reg_428   |   32   |
|   tmp_1_i_reg_469  |   32   |
|   tmp_3_i_reg_474  |   32   |
|   tmp_94_reg_454   |   12   |
| tmp_98_cast_reg_379|    8   |
|    tmp_i_reg_464   |   32   |
|     val_reg_423    |   32   |
+--------------------+--------+
|        Total       |   346  |
+--------------------+--------+

* Multiplexer (MUX) list: 
|------------------|------|------|------|--------||---------||---------|
|       Comp       |  Pin | Size |  BW  | S x BW ||  Delay  ||   LUT   |
|------------------|------|------|------|--------||---------||---------|
| grp_access_fu_60 |  p0  |   5  |   4  |   20   ||    27   |
| grp_access_fu_60 |  p1  |   2  |  32  |   64   ||    9    |
| grp_access_fu_74 |  p0  |   2  |  11  |   22   ||    9    |
|     c_reg_118    |  p0  |   2  |   4  |    8   ||    9    |
|    grp_fu_174    |  p0  |   2  |  32  |   64   ||    9    |
|    grp_fu_174    |  p1  |   2  |  32  |   64   ||    9    |
|    grp_fu_189    |  p1  |   2  |  32  |   64   ||    9    |
|------------------|------|------|------|--------||---------||---------|
|       Total      |      |      |      |   306  || 12.5203 ||    81   |
|------------------|------|------|------|--------||---------||---------|



* Summary:
+-----------+--------+--------+--------+--------+--------+
|           |  BRAM  | DSP48E |  Delay |   FF   |   LUT  |
+-----------+--------+--------+--------+--------+--------+
|  Function |    -   |   12   |    -   |  1386  |  2853  |
|   Memory  |    0   |    -   |    -   |   64   |    8   |
|Multiplexer|    -   |    -   |   12   |    -   |   81   |
|  Register |    -   |    -   |    -   |   346  |    -   |
+-----------+--------+--------+--------+--------+--------+
|   Total   |    0   |   12   |   12   |  1796  |  2942  |
+-----------+--------+--------+--------+--------+--------+
