

================================================================
== Vivado HLS Report for 'maxpool2'
================================================================
* Date:           Tue Jun  9 10:57:25 2026

* Version:        2018.3 (Build 2405991 on Thu Dec 06 23:56:15 MST 2018)
* Project:        topp
* Solution:       nodirective
* Product family: zynq
* Target device:  xc7z020clg484-1


================================================================
== Performance Estimates
================================================================
+ Timing (ns): 
    * Summary: 
    +--------+-------+----------+------------+
    |  Clock | Target| Estimated| Uncertainty|
    +--------+-------+----------+------------+
    |ap_clk  |  10.00|     8.521|        1.25|
    +--------+-------+----------+------------+

+ Latency (clock cycles): 
    * Summary: 
    +-------+-------+-------+-------+---------+
    |    Latency    |    Interval   | Pipeline|
    |  min  |  max  |  min  |  max  |   Type  |
    +-------+-------+-------+-------+---------+
    |  34917|  34917|  34917|  34917|   none  |
    +-------+-------+-------+-------+---------+

    + Detail: 
        * Instance: 
        N/A

        * Loop: 
        +-----------------+-------+-------+----------+-----------+-----------+------+----------+
        |                 |    Latency    | Iteration|  Initiation Interval  | Trip |          |
        |    Loop Name    |  min  |  max  |  Latency |  achieved |   target  | Count| Pipelined|
        +-----------------+-------+-------+----------+-----------+-----------+------+----------+
        |- Loop 1         |  34916|  34916|      2494|          -|          -|    14|    no    |
        | + Loop 1.1      |   2492|   2492|       178|          -|          -|    14|    no    |
        |  ++ Loop 1.1.1  |    176|    176|        11|          -|          -|    16|    no    |
        +-----------------+-------+-------+----------+-----------+-----------+------+----------+

============================================================
+ Verbose Summary: Synthesis Manager
============================================================
InlineROM: 1
ExposeGlobal: 0
============================================================
+ Verbose Summary: CDFG Model
============================================================
IsTopModel: 0
ResetActiveHigh: 1
IsCombinational: 0
IsDatapathOnly: 0
HasWiredReturn: 1
HasMFsm: 0
HasVarLatency: 1
IsPipeline: 0
IsRtlPipelined: 0
IsInstanceOverlapped: 0
IsDontTouch: 0
HasImplIP: 0
IsGatedGlobalClock: 0


============================================================
+ Verbose Summary: Schedule
============================================================
* Number of FSM states : 14
* Pipeline : 0
* Dataflow Pipeline: 0

* FSM state transitions: 
1 --> 
	2  / true
2 --> 
	3  / (!exitcond2)
3 --> 
	4  / (!exitcond1)
	2  / (exitcond1)
4 --> 
	5  / (!exitcond)
	3  / (exitcond)
5 --> 
	6  / true
6 --> 
	7  / true
7 --> 
	8  / true
8 --> 
	9  / true
9 --> 
	10  / true
10 --> 
	11  / true
11 --> 
	12  / true
12 --> 
	13  / true
13 --> 
	14  / true
14 --> 
	4  / true

* FSM state operations: 

State 1 <SV = 0> <Delay = 1.76>
ST_1 : Operation 15 [1/1] (1.76ns)   --->   "br label %.loopexit" [topp.c:197]   --->   Operation 15 'br' <Predicate = true> <Delay = 1.76>

State 2 <SV = 1> <Delay = 3.78>
ST_2 : Operation 16 [1/1] (0.00ns)   --->   "%r = phi i4 [ 0, %0 ], [ %r_1, %.loopexit.loopexit ]"   --->   Operation 16 'phi' 'r' <Predicate = true> <Delay = 0.00>
ST_2 : Operation 17 [1/1] (1.30ns)   --->   "%exitcond2 = icmp eq i4 %r, -2" [topp.c:197]   --->   Operation 17 'icmp' 'exitcond2' <Predicate = true> <Delay = 1.30> <Core = "Cmp">   --->   Core 25 'Cmp' <Latency = 0> <II = 1> <Delay = 2.44> <FuncUnit> <Opcode : 'icmp'> <InPorts = 2> <OutPorts = 1>
ST_2 : Operation 18 [1/1] (0.00ns)   --->   "%empty = call i32 (...)* @_ssdm_op_SpecLoopTripCount(i64 14, i64 14, i64 14)"   --->   Operation 18 'speclooptripcount' 'empty' <Predicate = true> <Delay = 0.00>
ST_2 : Operation 19 [1/1] (1.73ns)   --->   "%r_1 = add i4 %r, 1" [topp.c:197]   --->   Operation 19 'add' 'r_1' <Predicate = true> <Delay = 1.73> <Core = "AddSub">   --->   Core 14 'AddSub' <Latency = 0> <II = 1> <Delay = 1.67> <FuncUnit> <Opcode : 'add' 'sub'> <InPorts = 2> <OutPorts = 1>
ST_2 : Operation 20 [1/1] (0.00ns)   --->   "br i1 %exitcond2, label %2, label %.preheader3.preheader" [topp.c:197]   --->   Operation 20 'br' <Predicate = true> <Delay = 0.00>
ST_2 : Operation 21 [1/1] (0.00ns)   --->   "%tmp = call i5 @_ssdm_op_BitConcatenate.i5.i4.i1(i4 %r, i1 false)" [topp.c:202]   --->   Operation 21 'bitconcatenate' 'tmp' <Predicate = (!exitcond2)> <Delay = 0.00>
ST_2 : Operation 22 [1/1] (0.00ns)   --->   "%tmp_4_cast4 = zext i5 %tmp to i10" [topp.c:202]   --->   Operation 22 'zext' 'tmp_4_cast4' <Predicate = (!exitcond2)> <Delay = 0.00>
ST_2 : Operation 23 [1/1] (0.00ns)   --->   "%tmp_4_cast = zext i5 %tmp to i9" [topp.c:202]   --->   Operation 23 'zext' 'tmp_4_cast' <Predicate = (!exitcond2)> <Delay = 0.00>
ST_2 : Operation 24 [1/1] (3.78ns)   --->   "%tmp_7 = mul i10 %tmp_4_cast4, 29" [topp.c:202]   --->   Operation 24 'mul' 'tmp_7' <Predicate = (!exitcond2)> <Delay = 3.78> <Core = "Mul">   --->   Core 16 'Mul' <Latency = 0> <II = 1> <Delay = 3.78> <FuncUnit> <Opcode : 'mul'> <InPorts = 2> <OutPorts = 1>
ST_2 : Operation 25 [1/1] (0.00ns)   --->   "%tmp_5 = or i5 %tmp, 1" [topp.c:204]   --->   Operation 25 'or' 'tmp_5' <Predicate = (!exitcond2)> <Delay = 0.00>
ST_2 : Operation 26 [1/1] (0.00ns)   --->   "%tmp_6_cast = zext i5 %tmp_5 to i10" [topp.c:204]   --->   Operation 26 'zext' 'tmp_6_cast' <Predicate = (!exitcond2)> <Delay = 0.00>
ST_2 : Operation 27 [1/1] (3.78ns)   --->   "%tmp_s = mul i10 %tmp_6_cast, 29" [topp.c:204]   --->   Operation 27 'mul' 'tmp_s' <Predicate = (!exitcond2)> <Delay = 3.78> <Core = "Mul">   --->   Core 16 'Mul' <Latency = 0> <II = 1> <Delay = 3.78> <FuncUnit> <Opcode : 'mul'> <InPorts = 2> <OutPorts = 1>
ST_2 : Operation 28 [1/1] (0.00ns)   --->   "%tmp_2 = call i8 @_ssdm_op_BitConcatenate.i8.i4.i4(i4 %r, i4 0)" [topp.c:197]   --->   Operation 28 'bitconcatenate' 'tmp_2' <Predicate = (!exitcond2)> <Delay = 0.00>
ST_2 : Operation 29 [1/1] (0.00ns)   --->   "%p_shl_cast = zext i8 %tmp_2 to i9" [topp.c:212]   --->   Operation 29 'zext' 'p_shl_cast' <Predicate = (!exitcond2)> <Delay = 0.00>
ST_2 : Operation 30 [1/1] (1.91ns)   --->   "%tmp_3 = sub i9 %p_shl_cast, %tmp_4_cast" [topp.c:212]   --->   Operation 30 'sub' 'tmp_3' <Predicate = (!exitcond2)> <Delay = 1.91> <Core = "AddSub">   --->   Core 14 'AddSub' <Latency = 0> <II = 1> <Delay = 1.67> <FuncUnit> <Opcode : 'add' 'sub'> <InPorts = 2> <OutPorts = 1>
ST_2 : Operation 31 [1/1] (1.76ns)   --->   "br label %.preheader3" [topp.c:198]   --->   Operation 31 'br' <Predicate = (!exitcond2)> <Delay = 1.76>
ST_2 : Operation 32 [1/1] (0.00ns)   --->   "ret void" [topp.c:216]   --->   Operation 32 'ret' <Predicate = (exitcond2)> <Delay = 0.00>

State 3 <SV = 2> <Delay = 1.82>
ST_3 : Operation 33 [1/1] (0.00ns)   --->   "%c = phi i4 [ 0, %.preheader3.preheader ], [ %c_1, %.preheader3.loopexit ]"   --->   Operation 33 'phi' 'c' <Predicate = true> <Delay = 0.00>
ST_3 : Operation 34 [1/1] (1.30ns)   --->   "%exitcond1 = icmp eq i4 %c, -2" [topp.c:198]   --->   Operation 34 'icmp' 'exitcond1' <Predicate = true> <Delay = 1.30> <Core = "Cmp">   --->   Core 25 'Cmp' <Latency = 0> <II = 1> <Delay = 2.44> <FuncUnit> <Opcode : 'icmp'> <InPorts = 2> <OutPorts = 1>
ST_3 : Operation 35 [1/1] (0.00ns)   --->   "%empty_15 = call i32 (...)* @_ssdm_op_SpecLoopTripCount(i64 14, i64 14, i64 14)"   --->   Operation 35 'speclooptripcount' 'empty_15' <Predicate = true> <Delay = 0.00>
ST_3 : Operation 36 [1/1] (1.73ns)   --->   "%c_1 = add i4 %c, 1" [topp.c:198]   --->   Operation 36 'add' 'c_1' <Predicate = true> <Delay = 1.73> <Core = "AddSub">   --->   Core 14 'AddSub' <Latency = 0> <II = 1> <Delay = 1.67> <FuncUnit> <Opcode : 'add' 'sub'> <InPorts = 2> <OutPorts = 1>
ST_3 : Operation 37 [1/1] (0.00ns)   --->   "br i1 %exitcond1, label %.loopexit.loopexit, label %.preheader.preheader" [topp.c:198]   --->   Operation 37 'br' <Predicate = true> <Delay = 0.00>
ST_3 : Operation 38 [1/1] (0.00ns)   --->   "%tmp_9 = call i5 @_ssdm_op_BitConcatenate.i5.i4.i1(i4 %c, i1 false)" [topp.c:202]   --->   Operation 38 'bitconcatenate' 'tmp_9' <Predicate = (!exitcond1)> <Delay = 0.00>
ST_3 : Operation 39 [1/1] (0.00ns)   --->   "%tmp_cast = zext i5 %tmp_9 to i10" [topp.c:202]   --->   Operation 39 'zext' 'tmp_cast' <Predicate = (!exitcond1)> <Delay = 0.00>
ST_3 : Operation 40 [1/1] (1.73ns)   --->   "%tmp_4 = add i10 %tmp_7, %tmp_cast" [topp.c:202]   --->   Operation 40 'add' 'tmp_4' <Predicate = (!exitcond1)> <Delay = 1.73> <Core = "AddSub">   --->   Core 14 'AddSub' <Latency = 0> <II = 1> <Delay = 1.67> <FuncUnit> <Opcode : 'add' 'sub'> <InPorts = 2> <OutPorts = 1>
ST_3 : Operation 41 [1/1] (0.00ns)   --->   "%tmp_6 = trunc i10 %tmp_4 to i1" [topp.c:202]   --->   Operation 41 'trunc' 'tmp_6' <Predicate = (!exitcond1)> <Delay = 0.00>
ST_3 : Operation 42 [1/1] (1.73ns)   --->   "%tmp_11 = add i10 %tmp_s, %tmp_cast" [topp.c:204]   --->   Operation 42 'add' 'tmp_11' <Predicate = (!exitcond1)> <Delay = 1.73> <Core = "AddSub">   --->   Core 14 'AddSub' <Latency = 0> <II = 1> <Delay = 1.67> <FuncUnit> <Opcode : 'add' 'sub'> <InPorts = 2> <OutPorts = 1>
ST_3 : Operation 43 [1/1] (0.00ns)   --->   "%tmp_13 = call i14 @_ssdm_op_BitConcatenate.i14.i10.i4(i10 %tmp_11, i4 0)" [topp.c:204]   --->   Operation 43 'bitconcatenate' 'tmp_13' <Predicate = (!exitcond1)> <Delay = 0.00>
ST_3 : Operation 44 [1/1] (0.00ns)   --->   "%tmp_20 = zext i14 %tmp_13 to i64" [topp.c:204]   --->   Operation 44 'zext' 'tmp_20' <Predicate = (!exitcond1)> <Delay = 0.00>
ST_3 : Operation 45 [1/1] (0.00ns)   --->   "%tmp_1 = or i5 %tmp_9, 1" [topp.c:203]   --->   Operation 45 'or' 'tmp_1' <Predicate = (!exitcond1)> <Delay = 0.00>
ST_3 : Operation 46 [1/1] (0.00ns)   --->   "%tmp_2_cast = zext i5 %tmp_1 to i10" [topp.c:203]   --->   Operation 46 'zext' 'tmp_2_cast' <Predicate = (!exitcond1)> <Delay = 0.00>
ST_3 : Operation 47 [1/1] (1.73ns)   --->   "%tmp_22 = add i10 %tmp_7, %tmp_2_cast" [topp.c:203]   --->   Operation 47 'add' 'tmp_22' <Predicate = (!exitcond1)> <Delay = 1.73> <Core = "AddSub">   --->   Core 14 'AddSub' <Latency = 0> <II = 1> <Delay = 1.67> <FuncUnit> <Opcode : 'add' 'sub'> <InPorts = 2> <OutPorts = 1>
ST_3 : Operation 48 [1/1] (0.00ns)   --->   "%tmp_29 = call i14 @_ssdm_op_BitConcatenate.i14.i10.i4(i10 %tmp_22, i4 0)" [topp.c:203]   --->   Operation 48 'bitconcatenate' 'tmp_29' <Predicate = (!exitcond1)> <Delay = 0.00>
ST_3 : Operation 49 [1/1] (0.00ns)   --->   "%tmp_31 = zext i14 %tmp_29 to i64" [topp.c:203]   --->   Operation 49 'zext' 'tmp_31' <Predicate = (!exitcond1)> <Delay = 0.00>
ST_3 : Operation 50 [1/1] (1.73ns)   --->   "%tmp_37 = add i10 %tmp_s, %tmp_2_cast" [topp.c:205]   --->   Operation 50 'add' 'tmp_37' <Predicate = (!exitcond1)> <Delay = 1.73> <Core = "AddSub">   --->   Core 14 'AddSub' <Latency = 0> <II = 1> <Delay = 1.67> <FuncUnit> <Opcode : 'add' 'sub'> <InPorts = 2> <OutPorts = 1>
ST_3 : Operation 51 [1/1] (0.00ns)   --->   "%tmp_38 = call i14 @_ssdm_op_BitConcatenate.i14.i10.i4(i10 %tmp_37, i4 0)" [topp.c:205]   --->   Operation 51 'bitconcatenate' 'tmp_38' <Predicate = (!exitcond1)> <Delay = 0.00>
ST_3 : Operation 52 [1/1] (0.00ns)   --->   "%tmp_39 = zext i14 %tmp_38 to i64" [topp.c:205]   --->   Operation 52 'zext' 'tmp_39' <Predicate = (!exitcond1)> <Delay = 0.00>
ST_3 : Operation 53 [1/1] (0.00ns)   --->   "%tmp_3_cast = zext i4 %c to i9" [topp.c:198]   --->   Operation 53 'zext' 'tmp_3_cast' <Predicate = (!exitcond1)> <Delay = 0.00>
ST_3 : Operation 54 [1/1] (1.82ns)   --->   "%tmp_40 = add i9 %tmp_3, %tmp_3_cast" [topp.c:212]   --->   Operation 54 'add' 'tmp_40' <Predicate = (!exitcond1)> <Delay = 1.82> <Core = "AddSub">   --->   Core 14 'AddSub' <Latency = 0> <II = 1> <Delay = 1.67> <FuncUnit> <Opcode : 'add' 'sub'> <InPorts = 2> <OutPorts = 1>
ST_3 : Operation 55 [1/1] (0.00ns)   --->   "%tmp_55_cast = call i13 @_ssdm_op_BitConcatenate.i13.i9.i4(i9 %tmp_40, i4 0)" [topp.c:200]   --->   Operation 55 'bitconcatenate' 'tmp_55_cast' <Predicate = (!exitcond1)> <Delay = 0.00>
ST_3 : Operation 56 [1/1] (1.76ns)   --->   "br label %.preheader" [topp.c:200]   --->   Operation 56 'br' <Predicate = (!exitcond1)> <Delay = 1.76>
ST_3 : Operation 57 [1/1] (0.00ns)   --->   "br label %.loopexit"   --->   Operation 57 'br' <Predicate = (exitcond1)> <Delay = 0.00>

State 4 <SV = 3> <Delay = 5.06>
ST_4 : Operation 58 [1/1] (0.00ns)   --->   "%ch = phi i5 [ %ch_1, %1 ], [ 0, %.preheader.preheader ]"   --->   Operation 58 'phi' 'ch' <Predicate = true> <Delay = 0.00>
ST_4 : Operation 59 [1/1] (1.36ns)   --->   "%exitcond = icmp eq i5 %ch, -16" [topp.c:200]   --->   Operation 59 'icmp' 'exitcond' <Predicate = true> <Delay = 1.36> <Core = "Cmp">   --->   Core 25 'Cmp' <Latency = 0> <II = 1> <Delay = 2.44> <FuncUnit> <Opcode : 'icmp'> <InPorts = 2> <OutPorts = 1>
ST_4 : Operation 60 [1/1] (0.00ns)   --->   "%empty_16 = call i32 (...)* @_ssdm_op_SpecLoopTripCount(i64 16, i64 16, i64 16)"   --->   Operation 60 'speclooptripcount' 'empty_16' <Predicate = true> <Delay = 0.00>
ST_4 : Operation 61 [1/1] (1.78ns)   --->   "%ch_1 = add i5 %ch, 1" [topp.c:200]   --->   Operation 61 'add' 'ch_1' <Predicate = true> <Delay = 1.78> <Core = "AddSub">   --->   Core 14 'AddSub' <Latency = 0> <II = 1> <Delay = 1.67> <FuncUnit> <Opcode : 'add' 'sub'> <InPorts = 2> <OutPorts = 1>
ST_4 : Operation 62 [1/1] (0.00ns)   --->   "br i1 %exitcond, label %.preheader3.loopexit, label %1" [topp.c:200]   --->   Operation 62 'br' <Predicate = true> <Delay = 0.00>
ST_4 : Operation 63 [1/1] (0.00ns)   --->   "%tmp_8 = zext i5 %ch to i64" [topp.c:202]   --->   Operation 63 'zext' 'tmp_8' <Predicate = (!exitcond)> <Delay = 0.00>
ST_4 : Operation 64 [1/1] (0.00ns)   --->   "%tmp_8_cast = zext i5 %ch to i13" [topp.c:200]   --->   Operation 64 'zext' 'tmp_8_cast' <Predicate = (!exitcond)> <Delay = 0.00>
ST_4 : Operation 65 [1/1] (0.00ns)   --->   "%tmp_41 = call i5 @_ssdm_op_BitConcatenate.i5.i1.i4(i1 %tmp_6, i4 0)" [topp.c:202]   --->   Operation 65 'bitconcatenate' 'tmp_41' <Predicate = (!exitcond)> <Delay = 0.00>
ST_4 : Operation 66 [1/1] (0.78ns)   --->   "%tmp_42 = or i5 %tmp_41, %ch" [topp.c:202]   --->   Operation 66 'or' 'tmp_42' <Predicate = (!exitcond)> <Delay = 0.78> <Core = "LogicGate">   --->   Core 27 'LogicGate' <Latency = 0> <II = 1> <Delay = 0.97> <FuncUnit> <Opcode : 'and' 'or' 'xor'> <InPorts = 2> <OutPorts = 1>
ST_4 : Operation 67 [1/1] (0.00ns)   --->   "%tmp_43 = call i9 @_ssdm_op_PartSelect.i9.i10.i32.i32(i10 %tmp_4, i32 1, i32 9)" [topp.c:202]   --->   Operation 67 'partselect' 'tmp_43' <Predicate = (!exitcond)> <Delay = 0.00>
ST_4 : Operation 68 [1/1] (0.00ns)   --->   "%tmp_44 = call i14 @_ssdm_op_BitConcatenate.i14.i9.i5(i9 %tmp_43, i5 %tmp_42)" [topp.c:202]   --->   Operation 68 'bitconcatenate' 'tmp_44' <Predicate = (!exitcond)> <Delay = 0.00>
ST_4 : Operation 69 [1/1] (0.00ns)   --->   "%tmp_45 = zext i14 %tmp_44 to i64" [topp.c:202]   --->   Operation 69 'zext' 'tmp_45' <Predicate = (!exitcond)> <Delay = 0.00>
ST_4 : Operation 70 [1/1] (0.00ns)   --->   "%f2_addr = getelementptr [13456 x float]* @f2, i64 0, i64 %tmp_45" [topp.c:202]   --->   Operation 70 'getelementptr' 'f2_addr' <Predicate = (!exitcond)> <Delay = 0.00>
ST_4 : Operation 71 [1/1] (1.81ns)   --->   "%tmp_46 = add i64 %tmp_31, %tmp_8" [topp.c:203]   --->   Operation 71 'add' 'tmp_46' <Predicate = (!exitcond)> <Delay = 1.81> <Core = "AddSub">   --->   Core 14 'AddSub' <Latency = 0> <II = 1> <Delay = 1.67> <FuncUnit> <Opcode : 'add' 'sub'> <InPorts = 2> <OutPorts = 1>
ST_4 : Operation 72 [1/1] (0.00ns)   --->   "%f2_addr_1 = getelementptr [13456 x float]* @f2, i64 0, i64 %tmp_46" [topp.c:203]   --->   Operation 72 'getelementptr' 'f2_addr_1' <Predicate = (!exitcond)> <Delay = 0.00>
ST_4 : Operation 73 [1/1] (1.81ns)   --->   "%tmp_47 = add i64 %tmp_20, %tmp_8" [topp.c:204]   --->   Operation 73 'add' 'tmp_47' <Predicate = (!exitcond)> <Delay = 1.81> <Core = "AddSub">   --->   Core 14 'AddSub' <Latency = 0> <II = 1> <Delay = 1.67> <FuncUnit> <Opcode : 'add' 'sub'> <InPorts = 2> <OutPorts = 1>
ST_4 : Operation 74 [1/1] (1.81ns)   --->   "%tmp_48 = add i64 %tmp_39, %tmp_8" [topp.c:205]   --->   Operation 74 'add' 'tmp_48' <Predicate = (!exitcond)> <Delay = 1.81> <Core = "AddSub">   --->   Core 14 'AddSub' <Latency = 0> <II = 1> <Delay = 1.67> <FuncUnit> <Opcode : 'add' 'sub'> <InPorts = 2> <OutPorts = 1>
ST_4 : Operation 75 [1/1] (1.67ns)   --->   "%tmp_49 = add i13 %tmp_55_cast, %tmp_8_cast" [topp.c:212]   --->   Operation 75 'add' 'tmp_49' <Predicate = (!exitcond)> <Delay = 1.67> <Core = "AddSub">   --->   Core 14 'AddSub' <Latency = 0> <II = 1> <Delay = 1.67> <FuncUnit> <Opcode : 'add' 'sub'> <InPorts = 2> <OutPorts = 1>
ST_4 : Operation 76 [2/2] (3.25ns)   --->   "%v0 = load float* %f2_addr, align 4" [topp.c:202]   --->   Operation 76 'load' 'v0' <Predicate = (!exitcond)> <Delay = 3.25> <Core = "RAM">   --->   Core 37 'RAM' <Latency = 1> <II = 1> <Delay = 3.25> <Storage> <Opcode : 'load' 'store'> <Ports = 2> <Width = 32> <Depth = 3136> <RAM>
ST_4 : Operation 77 [2/2] (3.25ns)   --->   "%v1 = load float* %f2_addr_1, align 4" [topp.c:203]   --->   Operation 77 'load' 'v1' <Predicate = (!exitcond)> <Delay = 3.25> <Core = "RAM">   --->   Core 37 'RAM' <Latency = 1> <II = 1> <Delay = 3.25> <Storage> <Opcode : 'load' 'store'> <Ports = 2> <Width = 32> <Depth = 3136> <RAM>
ST_4 : Operation 78 [1/1] (0.00ns)   --->   "br label %.preheader3"   --->   Operation 78 'br' <Predicate = (exitcond)> <Delay = 0.00>

State 5 <SV = 4> <Delay = 3.25>
ST_5 : Operation 79 [1/2] (3.25ns)   --->   "%v0 = load float* %f2_addr, align 4" [topp.c:202]   --->   Operation 79 'load' 'v0' <Predicate = true> <Delay = 3.25> <Core = "RAM">   --->   Core 37 'RAM' <Latency = 1> <II = 1> <Delay = 3.25> <Storage> <Opcode : 'load' 'store'> <Ports = 2> <Width = 32> <Depth = 3136> <RAM>
ST_5 : Operation 80 [1/2] (3.25ns)   --->   "%v1 = load float* %f2_addr_1, align 4" [topp.c:203]   --->   Operation 80 'load' 'v1' <Predicate = true> <Delay = 3.25> <Core = "RAM">   --->   Core 37 'RAM' <Latency = 1> <II = 1> <Delay = 3.25> <Storage> <Opcode : 'load' 'store'> <Ports = 2> <Width = 32> <Depth = 3136> <RAM>

State 6 <SV = 5> <Delay = 8.52>
ST_6 : Operation 81 [1/1] (0.00ns)   --->   "%v1_to_int = bitcast float %v1 to i32" [topp.c:208]   --->   Operation 81 'bitcast' 'v1_to_int' <Predicate = true> <Delay = 0.00>
ST_6 : Operation 82 [1/1] (0.00ns)   --->   "%tmp_10 = call i8 @_ssdm_op_PartSelect.i8.i32.i32.i32(i32 %v1_to_int, i32 23, i32 30)" [topp.c:208]   --->   Operation 82 'partselect' 'tmp_10' <Predicate = true> <Delay = 0.00>
ST_6 : Operation 83 [1/1] (0.00ns)   --->   "%tmp_50 = trunc i32 %v1_to_int to i23" [topp.c:208]   --->   Operation 83 'trunc' 'tmp_50' <Predicate = true> <Delay = 0.00>
ST_6 : Operation 84 [1/1] (0.00ns)   --->   "%v0_to_int = bitcast float %v0 to i32" [topp.c:208]   --->   Operation 84 'bitcast' 'v0_to_int' <Predicate = true> <Delay = 0.00>
ST_6 : Operation 85 [1/1] (0.00ns)   --->   "%tmp_12 = call i8 @_ssdm_op_PartSelect.i8.i32.i32.i32(i32 %v0_to_int, i32 23, i32 30)" [topp.c:208]   --->   Operation 85 'partselect' 'tmp_12' <Predicate = true> <Delay = 0.00>
ST_6 : Operation 86 [1/1] (0.00ns)   --->   "%tmp_51 = trunc i32 %v0_to_int to i23" [topp.c:208]   --->   Operation 86 'trunc' 'tmp_51' <Predicate = true> <Delay = 0.00>
ST_6 : Operation 87 [1/1] (1.55ns)   --->   "%notlhs = icmp ne i8 %tmp_10, -1" [topp.c:208]   --->   Operation 87 'icmp' 'notlhs' <Predicate = true> <Delay = 1.55> <Core = "Cmp">   --->   Core 25 'Cmp' <Latency = 0> <II = 1> <Delay = 2.44> <FuncUnit> <Opcode : 'icmp'> <InPorts = 2> <OutPorts = 1>
ST_6 : Operation 88 [1/1] (2.44ns)   --->   "%notrhs = icmp eq i23 %tmp_50, 0" [topp.c:208]   --->   Operation 88 'icmp' 'notrhs' <Predicate = true> <Delay = 2.44> <Core = "Cmp">   --->   Core 25 'Cmp' <Latency = 0> <II = 1> <Delay = 2.44> <FuncUnit> <Opcode : 'icmp'> <InPorts = 2> <OutPorts = 1>
ST_6 : Operation 89 [1/1] (0.00ns) (grouped into LUT with out node tmp_18)   --->   "%tmp_14 = or i1 %notrhs, %notlhs" [topp.c:208]   --->   Operation 89 'or' 'tmp_14' <Predicate = true> <Delay = 0.00> <Core = "LogicGate">   --->   Core 27 'LogicGate' <Latency = 0> <II = 1> <Delay = 0.97> <FuncUnit> <Opcode : 'and' 'or' 'xor'> <InPorts = 2> <OutPorts = 1>
ST_6 : Operation 90 [1/1] (1.55ns)   --->   "%notlhs4 = icmp ne i8 %tmp_12, -1" [topp.c:208]   --->   Operation 90 'icmp' 'notlhs4' <Predicate = true> <Delay = 1.55> <Core = "Cmp">   --->   Core 25 'Cmp' <Latency = 0> <II = 1> <Delay = 2.44> <FuncUnit> <Opcode : 'icmp'> <InPorts = 2> <OutPorts = 1>
ST_6 : Operation 91 [1/1] (2.44ns)   --->   "%notrhs5 = icmp eq i23 %tmp_51, 0" [topp.c:208]   --->   Operation 91 'icmp' 'notrhs5' <Predicate = true> <Delay = 2.44> <Core = "Cmp">   --->   Core 25 'Cmp' <Latency = 0> <II = 1> <Delay = 2.44> <FuncUnit> <Opcode : 'icmp'> <InPorts = 2> <OutPorts = 1>
ST_6 : Operation 92 [1/1] (0.00ns) (grouped into LUT with out node tmp_18)   --->   "%tmp_15 = or i1 %notrhs5, %notlhs4" [topp.c:208]   --->   Operation 92 'or' 'tmp_15' <Predicate = true> <Delay = 0.00> <Core = "LogicGate">   --->   Core 27 'LogicGate' <Latency = 0> <II = 1> <Delay = 0.97> <FuncUnit> <Opcode : 'and' 'or' 'xor'> <InPorts = 2> <OutPorts = 1>
ST_6 : Operation 93 [1/1] (0.00ns) (grouped into LUT with out node tmp_18)   --->   "%tmp_16 = and i1 %tmp_14, %tmp_15" [topp.c:208]   --->   Operation 93 'and' 'tmp_16' <Predicate = true> <Delay = 0.00> <Core = "LogicGate">   --->   Core 27 'LogicGate' <Latency = 0> <II = 1> <Delay = 0.97> <FuncUnit> <Opcode : 'and' 'or' 'xor'> <InPorts = 2> <OutPorts = 1>
ST_6 : Operation 94 [1/1] (6.78ns)   --->   "%tmp_17 = fcmp ogt float %v1, %v0" [topp.c:208]   --->   Operation 94 'fcmp' 'tmp_17' <Predicate = true> <Delay = 6.78> <Core = "FCmp">   --->   Core 110 'FCmp' <Latency = 0> <II = 1> <Delay = 6.78> <FuncUnit> <Opcode : 'fcmp'> <InPorts = 2> <OutPorts = 1>
ST_6 : Operation 95 [1/1] (0.97ns) (out node of the LUT)   --->   "%tmp_18 = and i1 %tmp_16, %tmp_17" [topp.c:208]   --->   Operation 95 'and' 'tmp_18' <Predicate = true> <Delay = 0.97> <Core = "LogicGate">   --->   Core 27 'LogicGate' <Latency = 0> <II = 1> <Delay = 0.97> <FuncUnit> <Opcode : 'and' 'or' 'xor'> <InPorts = 2> <OutPorts = 1>
ST_6 : Operation 96 [1/1] (0.75ns) (out node of the LUT)   --->   "%maxv_4 = select i1 %tmp_18, i64 %tmp_46, i64 %tmp_45" [topp.c:208]   --->   Operation 96 'select' 'maxv_4' <Predicate = true> <Delay = 0.75> <Core = "Sel">   --->   Core 26 'Sel' <Latency = 0> <II = 1> <Delay = 0.75> <FuncUnit> <Opcode : 'select'> <InPorts = 3> <OutPorts = 1>

State 7 <SV = 6> <Delay = 3.25>
ST_7 : Operation 97 [1/1] (0.00ns)   --->   "%f2_addr_2 = getelementptr [13456 x float]* @f2, i64 0, i64 %tmp_47" [topp.c:204]   --->   Operation 97 'getelementptr' 'f2_addr_2' <Predicate = true> <Delay = 0.00>
ST_7 : Operation 98 [2/2] (3.25ns)   --->   "%v2 = load float* %f2_addr_2, align 4" [topp.c:204]   --->   Operation 98 'load' 'v2' <Predicate = true> <Delay = 3.25> <Core = "RAM">   --->   Core 37 'RAM' <Latency = 1> <II = 1> <Delay = 3.25> <Storage> <Opcode : 'load' 'store'> <Ports = 2> <Width = 32> <Depth = 3136> <RAM>
ST_7 : Operation 99 [1/1] (0.00ns)   --->   "%f2_addr_4 = getelementptr [13456 x float]* @f2, i64 0, i64 %maxv_4" [topp.c:203]   --->   Operation 99 'getelementptr' 'f2_addr_4' <Predicate = true> <Delay = 0.00>
ST_7 : Operation 100 [2/2] (3.25ns)   --->   "%maxv_5 = load float* %f2_addr_4, align 4" [topp.c:208]   --->   Operation 100 'load' 'maxv_5' <Predicate = true> <Delay = 3.25> <Core = "RAM">   --->   Core 37 'RAM' <Latency = 1> <II = 1> <Delay = 3.25> <Storage> <Opcode : 'load' 'store'> <Ports = 2> <Width = 32> <Depth = 3136> <RAM>

State 8 <SV = 7> <Delay = 3.25>
ST_8 : Operation 101 [1/2] (3.25ns)   --->   "%v2 = load float* %f2_addr_2, align 4" [topp.c:204]   --->   Operation 101 'load' 'v2' <Predicate = true> <Delay = 3.25> <Core = "RAM">   --->   Core 37 'RAM' <Latency = 1> <II = 1> <Delay = 3.25> <Storage> <Opcode : 'load' 'store'> <Ports = 2> <Width = 32> <Depth = 3136> <RAM>
ST_8 : Operation 102 [1/2] (3.25ns)   --->   "%maxv_5 = load float* %f2_addr_4, align 4" [topp.c:208]   --->   Operation 102 'load' 'maxv_5' <Predicate = true> <Delay = 3.25> <Core = "RAM">   --->   Core 37 'RAM' <Latency = 1> <II = 1> <Delay = 3.25> <Storage> <Opcode : 'load' 'store'> <Ports = 2> <Width = 32> <Depth = 3136> <RAM>

State 9 <SV = 8> <Delay = 8.52>
ST_9 : Operation 103 [1/1] (0.00ns)   --->   "%v2_to_int = bitcast float %v2 to i32" [topp.c:209]   --->   Operation 103 'bitcast' 'v2_to_int' <Predicate = true> <Delay = 0.00>
ST_9 : Operation 104 [1/1] (0.00ns)   --->   "%tmp_19 = call i8 @_ssdm_op_PartSelect.i8.i32.i32.i32(i32 %v2_to_int, i32 23, i32 30)" [topp.c:209]   --->   Operation 104 'partselect' 'tmp_19' <Predicate = true> <Delay = 0.00>
ST_9 : Operation 105 [1/1] (0.00ns)   --->   "%tmp_52 = trunc i32 %v2_to_int to i23" [topp.c:209]   --->   Operation 105 'trunc' 'tmp_52' <Predicate = true> <Delay = 0.00>
ST_9 : Operation 106 [1/1] (0.00ns)   --->   "%maxv_4_to_int = bitcast float %maxv_5 to i32" [topp.c:209]   --->   Operation 106 'bitcast' 'maxv_4_to_int' <Predicate = true> <Delay = 0.00>
ST_9 : Operation 107 [1/1] (0.00ns)   --->   "%tmp_21 = call i8 @_ssdm_op_PartSelect.i8.i32.i32.i32(i32 %maxv_4_to_int, i32 23, i32 30)" [topp.c:209]   --->   Operation 107 'partselect' 'tmp_21' <Predicate = true> <Delay = 0.00>
ST_9 : Operation 108 [1/1] (0.00ns)   --->   "%tmp_53 = trunc i32 %maxv_4_to_int to i23" [topp.c:209]   --->   Operation 108 'trunc' 'tmp_53' <Predicate = true> <Delay = 0.00>
ST_9 : Operation 109 [1/1] (1.55ns)   --->   "%notlhs6 = icmp ne i8 %tmp_19, -1" [topp.c:209]   --->   Operation 109 'icmp' 'notlhs6' <Predicate = true> <Delay = 1.55> <Core = "Cmp">   --->   Core 25 'Cmp' <Latency = 0> <II = 1> <Delay = 2.44> <FuncUnit> <Opcode : 'icmp'> <InPorts = 2> <OutPorts = 1>
ST_9 : Operation 110 [1/1] (2.44ns)   --->   "%notrhs7 = icmp eq i23 %tmp_52, 0" [topp.c:209]   --->   Operation 110 'icmp' 'notrhs7' <Predicate = true> <Delay = 2.44> <Core = "Cmp">   --->   Core 25 'Cmp' <Latency = 0> <II = 1> <Delay = 2.44> <FuncUnit> <Opcode : 'icmp'> <InPorts = 2> <OutPorts = 1>
ST_9 : Operation 111 [1/1] (0.00ns) (grouped into LUT with out node tmp_27)   --->   "%tmp_23 = or i1 %notrhs7, %notlhs6" [topp.c:209]   --->   Operation 111 'or' 'tmp_23' <Predicate = true> <Delay = 0.00> <Core = "LogicGate">   --->   Core 27 'LogicGate' <Latency = 0> <II = 1> <Delay = 0.97> <FuncUnit> <Opcode : 'and' 'or' 'xor'> <InPorts = 2> <OutPorts = 1>
ST_9 : Operation 112 [1/1] (1.55ns)   --->   "%notlhs8 = icmp ne i8 %tmp_21, -1" [topp.c:209]   --->   Operation 112 'icmp' 'notlhs8' <Predicate = true> <Delay = 1.55> <Core = "Cmp">   --->   Core 25 'Cmp' <Latency = 0> <II = 1> <Delay = 2.44> <FuncUnit> <Opcode : 'icmp'> <InPorts = 2> <OutPorts = 1>
ST_9 : Operation 113 [1/1] (2.44ns)   --->   "%notrhs9 = icmp eq i23 %tmp_53, 0" [topp.c:209]   --->   Operation 113 'icmp' 'notrhs9' <Predicate = true> <Delay = 2.44> <Core = "Cmp">   --->   Core 25 'Cmp' <Latency = 0> <II = 1> <Delay = 2.44> <FuncUnit> <Opcode : 'icmp'> <InPorts = 2> <OutPorts = 1>
ST_9 : Operation 114 [1/1] (0.00ns) (grouped into LUT with out node tmp_27)   --->   "%tmp_24 = or i1 %notrhs9, %notlhs8" [topp.c:209]   --->   Operation 114 'or' 'tmp_24' <Predicate = true> <Delay = 0.00> <Core = "LogicGate">   --->   Core 27 'LogicGate' <Latency = 0> <II = 1> <Delay = 0.97> <FuncUnit> <Opcode : 'and' 'or' 'xor'> <InPorts = 2> <OutPorts = 1>
ST_9 : Operation 115 [1/1] (0.00ns) (grouped into LUT with out node tmp_27)   --->   "%tmp_25 = and i1 %tmp_23, %tmp_24" [topp.c:209]   --->   Operation 115 'and' 'tmp_25' <Predicate = true> <Delay = 0.00> <Core = "LogicGate">   --->   Core 27 'LogicGate' <Latency = 0> <II = 1> <Delay = 0.97> <FuncUnit> <Opcode : 'and' 'or' 'xor'> <InPorts = 2> <OutPorts = 1>
ST_9 : Operation 116 [1/1] (6.78ns)   --->   "%tmp_26 = fcmp ogt float %v2, %maxv_5" [topp.c:209]   --->   Operation 116 'fcmp' 'tmp_26' <Predicate = true> <Delay = 6.78> <Core = "FCmp">   --->   Core 110 'FCmp' <Latency = 0> <II = 1> <Delay = 6.78> <FuncUnit> <Opcode : 'fcmp'> <InPorts = 2> <OutPorts = 1>
ST_9 : Operation 117 [1/1] (0.97ns) (out node of the LUT)   --->   "%tmp_27 = and i1 %tmp_25, %tmp_26" [topp.c:209]   --->   Operation 117 'and' 'tmp_27' <Predicate = true> <Delay = 0.97> <Core = "LogicGate">   --->   Core 27 'LogicGate' <Latency = 0> <II = 1> <Delay = 0.97> <FuncUnit> <Opcode : 'and' 'or' 'xor'> <InPorts = 2> <OutPorts = 1>
ST_9 : Operation 118 [1/1] (0.75ns) (out node of the LUT)   --->   "%maxv_1 = select i1 %tmp_27, i64 %tmp_47, i64 %maxv_4" [topp.c:209]   --->   Operation 118 'select' 'maxv_1' <Predicate = true> <Delay = 0.75> <Core = "Sel">   --->   Core 26 'Sel' <Latency = 0> <II = 1> <Delay = 0.75> <FuncUnit> <Opcode : 'select'> <InPorts = 3> <OutPorts = 1>

State 10 <SV = 9> <Delay = 3.25>
ST_10 : Operation 119 [1/1] (0.00ns)   --->   "%f2_addr_3 = getelementptr [13456 x float]* @f2, i64 0, i64 %tmp_48" [topp.c:205]   --->   Operation 119 'getelementptr' 'f2_addr_3' <Predicate = true> <Delay = 0.00>
ST_10 : Operation 120 [2/2] (3.25ns)   --->   "%v3 = load float* %f2_addr_3, align 4" [topp.c:205]   --->   Operation 120 'load' 'v3' <Predicate = true> <Delay = 3.25> <Core = "RAM">   --->   Core 37 'RAM' <Latency = 1> <II = 1> <Delay = 3.25> <Storage> <Opcode : 'load' 'store'> <Ports = 2> <Width = 32> <Depth = 3136> <RAM>
ST_10 : Operation 121 [1/1] (0.00ns)   --->   "%f2_addr_5 = getelementptr [13456 x float]* @f2, i64 0, i64 %maxv_1" [topp.c:204]   --->   Operation 121 'getelementptr' 'f2_addr_5' <Predicate = true> <Delay = 0.00>
ST_10 : Operation 122 [2/2] (3.25ns)   --->   "%maxv_7 = load float* %f2_addr_5, align 4" [topp.c:209]   --->   Operation 122 'load' 'maxv_7' <Predicate = true> <Delay = 3.25> <Core = "RAM">   --->   Core 37 'RAM' <Latency = 1> <II = 1> <Delay = 3.25> <Storage> <Opcode : 'load' 'store'> <Ports = 2> <Width = 32> <Depth = 3136> <RAM>

State 11 <SV = 10> <Delay = 3.25>
ST_11 : Operation 123 [1/2] (3.25ns)   --->   "%v3 = load float* %f2_addr_3, align 4" [topp.c:205]   --->   Operation 123 'load' 'v3' <Predicate = true> <Delay = 3.25> <Core = "RAM">   --->   Core 37 'RAM' <Latency = 1> <II = 1> <Delay = 3.25> <Storage> <Opcode : 'load' 'store'> <Ports = 2> <Width = 32> <Depth = 3136> <RAM>
ST_11 : Operation 124 [1/2] (3.25ns)   --->   "%maxv_7 = load float* %f2_addr_5, align 4" [topp.c:209]   --->   Operation 124 'load' 'maxv_7' <Predicate = true> <Delay = 3.25> <Core = "RAM">   --->   Core 37 'RAM' <Latency = 1> <II = 1> <Delay = 3.25> <Storage> <Opcode : 'load' 'store'> <Ports = 2> <Width = 32> <Depth = 3136> <RAM>

State 12 <SV = 11> <Delay = 8.52>
ST_12 : Operation 125 [1/1] (0.00ns)   --->   "%v3_to_int = bitcast float %v3 to i32" [topp.c:210]   --->   Operation 125 'bitcast' 'v3_to_int' <Predicate = true> <Delay = 0.00>
ST_12 : Operation 126 [1/1] (0.00ns)   --->   "%tmp_28 = call i8 @_ssdm_op_PartSelect.i8.i32.i32.i32(i32 %v3_to_int, i32 23, i32 30)" [topp.c:210]   --->   Operation 126 'partselect' 'tmp_28' <Predicate = true> <Delay = 0.00>
ST_12 : Operation 127 [1/1] (0.00ns)   --->   "%tmp_54 = trunc i32 %v3_to_int to i23" [topp.c:210]   --->   Operation 127 'trunc' 'tmp_54' <Predicate = true> <Delay = 0.00>
ST_12 : Operation 128 [1/1] (0.00ns)   --->   "%maxv_1_to_int = bitcast float %maxv_7 to i32" [topp.c:210]   --->   Operation 128 'bitcast' 'maxv_1_to_int' <Predicate = true> <Delay = 0.00>
ST_12 : Operation 129 [1/1] (0.00ns)   --->   "%tmp_30 = call i8 @_ssdm_op_PartSelect.i8.i32.i32.i32(i32 %maxv_1_to_int, i32 23, i32 30)" [topp.c:210]   --->   Operation 129 'partselect' 'tmp_30' <Predicate = true> <Delay = 0.00>
ST_12 : Operation 130 [1/1] (0.00ns)   --->   "%tmp_55 = trunc i32 %maxv_1_to_int to i23" [topp.c:210]   --->   Operation 130 'trunc' 'tmp_55' <Predicate = true> <Delay = 0.00>
ST_12 : Operation 131 [1/1] (1.55ns)   --->   "%notlhs1 = icmp ne i8 %tmp_28, -1" [topp.c:210]   --->   Operation 131 'icmp' 'notlhs1' <Predicate = true> <Delay = 1.55> <Core = "Cmp">   --->   Core 25 'Cmp' <Latency = 0> <II = 1> <Delay = 2.44> <FuncUnit> <Opcode : 'icmp'> <InPorts = 2> <OutPorts = 1>
ST_12 : Operation 132 [1/1] (2.44ns)   --->   "%notrhs1 = icmp eq i23 %tmp_54, 0" [topp.c:210]   --->   Operation 132 'icmp' 'notrhs1' <Predicate = true> <Delay = 2.44> <Core = "Cmp">   --->   Core 25 'Cmp' <Latency = 0> <II = 1> <Delay = 2.44> <FuncUnit> <Opcode : 'icmp'> <InPorts = 2> <OutPorts = 1>
ST_12 : Operation 133 [1/1] (0.00ns) (grouped into LUT with out node tmp_36)   --->   "%tmp_32 = or i1 %notrhs1, %notlhs1" [topp.c:210]   --->   Operation 133 'or' 'tmp_32' <Predicate = true> <Delay = 0.00> <Core = "LogicGate">   --->   Core 27 'LogicGate' <Latency = 0> <II = 1> <Delay = 0.97> <FuncUnit> <Opcode : 'and' 'or' 'xor'> <InPorts = 2> <OutPorts = 1>
ST_12 : Operation 134 [1/1] (1.55ns)   --->   "%notlhs2 = icmp ne i8 %tmp_30, -1" [topp.c:210]   --->   Operation 134 'icmp' 'notlhs2' <Predicate = true> <Delay = 1.55> <Core = "Cmp">   --->   Core 25 'Cmp' <Latency = 0> <II = 1> <Delay = 2.44> <FuncUnit> <Opcode : 'icmp'> <InPorts = 2> <OutPorts = 1>
ST_12 : Operation 135 [1/1] (2.44ns)   --->   "%notrhs2 = icmp eq i23 %tmp_55, 0" [topp.c:210]   --->   Operation 135 'icmp' 'notrhs2' <Predicate = true> <Delay = 2.44> <Core = "Cmp">   --->   Core 25 'Cmp' <Latency = 0> <II = 1> <Delay = 2.44> <FuncUnit> <Opcode : 'icmp'> <InPorts = 2> <OutPorts = 1>
ST_12 : Operation 136 [1/1] (0.00ns) (grouped into LUT with out node tmp_36)   --->   "%tmp_33 = or i1 %notrhs2, %notlhs2" [topp.c:210]   --->   Operation 136 'or' 'tmp_33' <Predicate = true> <Delay = 0.00> <Core = "LogicGate">   --->   Core 27 'LogicGate' <Latency = 0> <II = 1> <Delay = 0.97> <FuncUnit> <Opcode : 'and' 'or' 'xor'> <InPorts = 2> <OutPorts = 1>
ST_12 : Operation 137 [1/1] (0.00ns) (grouped into LUT with out node tmp_36)   --->   "%tmp_34 = and i1 %tmp_32, %tmp_33" [topp.c:210]   --->   Operation 137 'and' 'tmp_34' <Predicate = true> <Delay = 0.00> <Core = "LogicGate">   --->   Core 27 'LogicGate' <Latency = 0> <II = 1> <Delay = 0.97> <FuncUnit> <Opcode : 'and' 'or' 'xor'> <InPorts = 2> <OutPorts = 1>
ST_12 : Operation 138 [1/1] (6.78ns)   --->   "%tmp_35 = fcmp ogt float %v3, %maxv_7" [topp.c:210]   --->   Operation 138 'fcmp' 'tmp_35' <Predicate = true> <Delay = 6.78> <Core = "FCmp">   --->   Core 110 'FCmp' <Latency = 0> <II = 1> <Delay = 6.78> <FuncUnit> <Opcode : 'fcmp'> <InPorts = 2> <OutPorts = 1>
ST_12 : Operation 139 [1/1] (0.97ns) (out node of the LUT)   --->   "%tmp_36 = and i1 %tmp_34, %tmp_35" [topp.c:210]   --->   Operation 139 'and' 'tmp_36' <Predicate = true> <Delay = 0.97> <Core = "LogicGate">   --->   Core 27 'LogicGate' <Latency = 0> <II = 1> <Delay = 0.97> <FuncUnit> <Opcode : 'and' 'or' 'xor'> <InPorts = 2> <OutPorts = 1>
ST_12 : Operation 140 [1/1] (0.75ns) (out node of the LUT)   --->   "%maxv_2 = select i1 %tmp_36, i64 %tmp_48, i64 %maxv_1" [topp.c:210]   --->   Operation 140 'select' 'maxv_2' <Predicate = true> <Delay = 0.75> <Core = "Sel">   --->   Core 26 'Sel' <Latency = 0> <II = 1> <Delay = 0.75> <FuncUnit> <Opcode : 'select'> <InPorts = 3> <OutPorts = 1>

State 13 <SV = 12> <Delay = 3.25>
ST_13 : Operation 141 [1/1] (0.00ns)   --->   "%f2_addr_6 = getelementptr [13456 x float]* @f2, i64 0, i64 %maxv_2" [topp.c:205]   --->   Operation 141 'getelementptr' 'f2_addr_6' <Predicate = true> <Delay = 0.00>
ST_13 : Operation 142 [2/2] (3.25ns)   --->   "%maxv_9 = load float* %f2_addr_6, align 4" [topp.c:210]   --->   Operation 142 'load' 'maxv_9' <Predicate = true> <Delay = 3.25> <Core = "RAM">   --->   Core 37 'RAM' <Latency = 1> <II = 1> <Delay = 3.25> <Storage> <Opcode : 'load' 'store'> <Ports = 2> <Width = 32> <Depth = 3136> <RAM>

State 14 <SV = 13> <Delay = 6.50>
ST_14 : Operation 143 [1/1] (0.00ns)   --->   "%tmp_63_cast = zext i13 %tmp_49 to i64" [topp.c:212]   --->   Operation 143 'zext' 'tmp_63_cast' <Predicate = true> <Delay = 0.00>
ST_14 : Operation 144 [1/1] (0.00ns)   --->   "%out_addr = getelementptr [3136 x float]* %out_r, i64 0, i64 %tmp_63_cast" [topp.c:212]   --->   Operation 144 'getelementptr' 'out_addr' <Predicate = true> <Delay = 0.00>
ST_14 : Operation 145 [1/2] (3.25ns)   --->   "%maxv_9 = load float* %f2_addr_6, align 4" [topp.c:210]   --->   Operation 145 'load' 'maxv_9' <Predicate = true> <Delay = 3.25> <Core = "RAM">   --->   Core 37 'RAM' <Latency = 1> <II = 1> <Delay = 3.25> <Storage> <Opcode : 'load' 'store'> <Ports = 2> <Width = 32> <Depth = 3136> <RAM>
ST_14 : Operation 146 [1/1] (3.25ns)   --->   "store float %maxv_9, float* %out_addr, align 4" [topp.c:212]   --->   Operation 146 'store' <Predicate = true> <Delay = 3.25> <Core = "RAM">   --->   Core 37 'RAM' <Latency = 1> <II = 1> <Delay = 3.25> <Storage> <Opcode : 'load' 'store'> <Ports = 2> <Width = 32> <Depth = 3136> <RAM>
ST_14 : Operation 147 [1/1] (0.00ns)   --->   "br label %.preheader" [topp.c:200]   --->   Operation 147 'br' <Predicate = true> <Delay = 0.00>


============================================================
+ Verbose Summary: Timing violations
============================================================
Target clock period: 10ns, clock uncertainty: 1.25ns.

 <State 1>: 1.77ns
The critical path consists of the following:
	multiplexor before 'phi' operation ('r') with incoming values : ('r', topp.c:197) [5]  (1.77 ns)

 <State 2>: 3.78ns
The critical path consists of the following:
	'phi' operation ('r') with incoming values : ('r', topp.c:197) [5]  (0 ns)
	'mul' operation ('tmp_7', topp.c:202) [14]  (3.78 ns)

 <State 3>: 1.82ns
The critical path consists of the following:
	'phi' operation ('c') with incoming values : ('c', topp.c:198) [23]  (0 ns)
	'add' operation ('tmp_40', topp.c:212) [45]  (1.82 ns)

 <State 4>: 5.07ns
The critical path consists of the following:
	'phi' operation ('ch') with incoming values : ('ch', topp.c:200) [49]  (0 ns)
	'add' operation ('tmp_46', topp.c:203) [63]  (1.81 ns)
	'getelementptr' operation ('f2_addr_1', topp.c:203) [64]  (0 ns)
	'load' operation ('v1', topp.c:203) on array 'f2' [73]  (3.25 ns)

 <State 5>: 3.25ns
The critical path consists of the following:
	'load' operation ('v0', topp.c:202) on array 'f2' [72]  (3.25 ns)

 <State 6>: 8.52ns
The critical path consists of the following:
	'fcmp' operation ('tmp_17', topp.c:208) [89]  (6.79 ns)
	'and' operation ('tmp_18', topp.c:208) [90]  (0.978 ns)
	'select' operation ('maxv_4', topp.c:208) [91]  (0.754 ns)

 <State 7>: 3.25ns
The critical path consists of the following:
	'getelementptr' operation ('f2_addr_2', topp.c:204) [66]  (0 ns)
	'load' operation ('v2', topp.c:204) on array 'f2' [74]  (3.25 ns)

 <State 8>: 3.25ns
The critical path consists of the following:
	'load' operation ('v2', topp.c:204) on array 'f2' [74]  (3.25 ns)

 <State 9>: 8.52ns
The critical path consists of the following:
	'fcmp' operation ('tmp_26', topp.c:209) [107]  (6.79 ns)
	'and' operation ('tmp_27', topp.c:209) [108]  (0.978 ns)
	'select' operation ('maxv_1', topp.c:209) [109]  (0.754 ns)

 <State 10>: 3.25ns
The critical path consists of the following:
	'getelementptr' operation ('f2_addr_3', topp.c:205) [68]  (0 ns)
	'load' operation ('v3', topp.c:205) on array 'f2' [75]  (3.25 ns)

 <State 11>: 3.25ns
The critical path consists of the following:
	'load' operation ('v3', topp.c:205) on array 'f2' [75]  (3.25 ns)

 <State 12>: 8.52ns
The critical path consists of the following:
	'fcmp' operation ('tmp_35', topp.c:210) [125]  (6.79 ns)
	'and' operation ('tmp_36', topp.c:210) [126]  (0.978 ns)
	'select' operation ('maxv_2', topp.c:210) [127]  (0.754 ns)

 <State 13>: 3.25ns
The critical path consists of the following:
	'getelementptr' operation ('f2_addr_6', topp.c:205) [128]  (0 ns)
	'load' operation ('maxv', topp.c:210) on array 'f2' [129]  (3.25 ns)

 <State 14>: 6.51ns
The critical path consists of the following:
	'load' operation ('maxv', topp.c:210) on array 'f2' [129]  (3.25 ns)
	'store' operation (topp.c:212) of variable 'maxv', topp.c:210 on array 'out_r' [130]  (3.25 ns)


============================================================
+ Verbose Summary: Binding
============================================================
N/A
* FSMD analyzer results:
  - Output states:
 - Input state : 
  - Chain level:
	State 1
	State 2
	State 3
	State 4
	State 5
	State 6
	State 7
	State 8
	State 9
	State 10
	State 11
	State 12
	State 13
	State 14


============================================================
+ Verbose Summary: Datapath Resource usage 
============================================================
N/A
