

================================================================
== Vivado HLS Report for 'topp'
================================================================
* Date:           Tue Jun  9 10:57:28 2026

* Version:        2018.3 (Build 2405991 on Thu Dec 06 23:56:15 MST 2018)
* Project:        topp
* Solution:       nodirective
* Product family: zynq
* Target device:  xc7z020clg484-1


================================================================
== Performance Estimates
================================================================
+ Timing (ns): 
    * Summary: 
    +--------+-------+----------+------------+
    |  Clock | Target| Estimated| Uncertainty|
    +--------+-------+----------+------------+
    |ap_clk  |  10.00|     8.677|        1.25|
    +--------+-------+----------+------------+

+ Latency (clock cycles): 
    * Summary: 
    +--------+----------+--------+----------+---------+
    |      Latency      |      Interval     | Pipeline|
    |   min  |    max   |   min  |    max   |   Type  |
    +--------+----------+--------+----------+---------+
    |  697172|  58069764|  697172|  58069764|   none  |
    +--------+----------+--------+----------+---------+

    + Detail: 
        * Instance: 
        +--------------------------+----------------+--------+----------+--------+----------+---------+
        |                          |                |      Latency      |      Interval     | Pipeline|
        |         Instance         |     Module     |   min  |    max   |   min  |    max   |   Type  |
        +--------------------------+----------------+--------+----------+--------+----------+---------+
        |grp_detection_head_fu_60  |detection_head  |  311569|    311569|  311569|    311569|   none  |
        |grp_conv1_fu_68           |conv1           |  110721|   9842817|  110721|   9842817|   none  |
        |grp_conv4_fu_80           |conv4           |   37321|  14759881|   37321|  14759881|   none  |
        |grp_conv3_fu_92           |conv3           |   25705|  10129897|   25705|  10129897|   none  |
        |grp_conv2_fu_104          |conv2           |   64450|  12657394|   64450|  12657394|   none  |
        |grp_conv5_fu_116          |conv5           |   25921|  10246721|   25921|  10246721|   none  |
        |grp_maxpool2_fu_128       |maxpool2        |   34917|     34917|   34917|     34917|   none  |
        |grp_maxpool1_fu_136       |maxpool1        |   86553|     86553|   86553|     86553|   none  |
        +--------------------------+----------------+--------+----------+--------+----------+---------+

        * Loop: 
        N/A

============================================================
+ Verbose Summary: Synthesis Manager
============================================================
InlineROM: 1
ExposeGlobal: 0
============================================================
+ Verbose Summary: CDFG Model
============================================================
IsTopModel: 1
ResetActiveHigh: 1
IsCombinational: 0
IsDatapathOnly: 0
HasWiredReturn: 1
HasMFsm: 0
HasVarLatency: 1
IsPipeline: 0
IsRtlPipelined: 0
IsInstanceOverlapped: 0
IsDontTouch: 0
HasImplIP: 0
IsGatedGlobalClock: 0


============================================================
+ Verbose Summary: Schedule
============================================================
* Number of FSM states : 16
* Pipeline : 0
* Dataflow Pipeline: 0

* FSM state transitions: 
1 --> 
	2  / true
2 --> 
	3  / true
3 --> 
	4  / true
4 --> 
	5  / true
5 --> 
	6  / true
6 --> 
	7  / true
7 --> 
	8  / true
8 --> 
	9  / true
9 --> 
	10  / true
10 --> 
	11  / true
11 --> 
	12  / true
12 --> 
	13  / true
13 --> 
	14  / true
14 --> 
	15  / true
15 --> 
	16  / true
16 --> 

* FSM state operations: 

State 1 <SV = 0> <Delay = 0.00>
ST_1 : Operation 17 [2/2] (0.00ns)   --->   "call fastcc void @conv1([12288 x float]* %image_r, [30752 x float]* @f1) nounwind" [topp.c:485]   --->   Operation 17 'call' <Predicate = true> <Delay = 0.00> <CoreType = "Generic">   --->   Core 0 '' <Latency = 0> <II = 1> <Delay = 1.00> <Generic> <Opcode : >

State 2 <SV = 1> <Delay = 0.00>
ST_2 : Operation 18 [1/2] (0.00ns)   --->   "call fastcc void @conv1([12288 x float]* %image_r, [30752 x float]* @f1) nounwind" [topp.c:485]   --->   Operation 18 'call' <Predicate = true> <Delay = 0.00> <CoreType = "Generic">   --->   Core 0 '' <Latency = 0> <II = 1> <Delay = 1.00> <Generic> <Opcode : >

State 3 <SV = 2> <Delay = 0.00>
ST_3 : Operation 19 [2/2] (0.00ns)   --->   "call fastcc void @maxpool1([7688 x float]* @p1) nounwind" [topp.c:486]   --->   Operation 19 'call' <Predicate = true> <Delay = 0.00> <CoreType = "Generic">   --->   Core 0 '' <Latency = 0> <II = 1> <Delay = 1.00> <Generic> <Opcode : >

State 4 <SV = 3> <Delay = 0.00>
ST_4 : Operation 20 [1/2] (0.00ns)   --->   "call fastcc void @maxpool1([7688 x float]* @p1) nounwind" [topp.c:486]   --->   Operation 20 'call' <Predicate = true> <Delay = 0.00> <CoreType = "Generic">   --->   Core 0 '' <Latency = 0> <II = 1> <Delay = 1.00> <Generic> <Opcode : >

State 5 <SV = 4> <Delay = 0.00>
ST_5 : Operation 21 [2/2] (0.00ns)   --->   "call fastcc void @conv2([13456 x float]* @f2) nounwind" [topp.c:487]   --->   Operation 21 'call' <Predicate = true> <Delay = 0.00> <CoreType = "Generic">   --->   Core 0 '' <Latency = 0> <II = 1> <Delay = 1.00> <Generic> <Opcode : >

State 6 <SV = 5> <Delay = 0.00>
ST_6 : Operation 22 [1/2] (0.00ns)   --->   "call fastcc void @conv2([13456 x float]* @f2) nounwind" [topp.c:487]   --->   Operation 22 'call' <Predicate = true> <Delay = 0.00> <CoreType = "Generic">   --->   Core 0 '' <Latency = 0> <II = 1> <Delay = 1.00> <Generic> <Opcode : >

State 7 <SV = 6> <Delay = 0.00>
ST_7 : Operation 23 [2/2] (0.00ns)   --->   "call fastcc void @maxpool2([3136 x float]* @p2) nounwind" [topp.c:488]   --->   Operation 23 'call' <Predicate = true> <Delay = 0.00> <CoreType = "Generic">   --->   Core 0 '' <Latency = 0> <II = 1> <Delay = 1.00> <Generic> <Opcode : >

State 8 <SV = 7> <Delay = 0.00>
ST_8 : Operation 24 [1/2] (0.00ns)   --->   "call fastcc void @maxpool2([3136 x float]* @p2) nounwind" [topp.c:488]   --->   Operation 24 'call' <Predicate = true> <Delay = 0.00> <CoreType = "Generic">   --->   Core 0 '' <Latency = 0> <II = 1> <Delay = 1.00> <Generic> <Opcode : >

State 9 <SV = 8> <Delay = 0.00>
ST_9 : Operation 25 [2/2] (0.00ns)   --->   "call fastcc void @conv3([4608 x float]* @f3) nounwind" [topp.c:489]   --->   Operation 25 'call' <Predicate = true> <Delay = 0.00> <CoreType = "Generic">   --->   Core 0 '' <Latency = 0> <II = 1> <Delay = 1.00> <Generic> <Opcode : >

State 10 <SV = 9> <Delay = 0.00>
ST_10 : Operation 26 [1/2] (0.00ns)   --->   "call fastcc void @conv3([4608 x float]* @f3) nounwind" [topp.c:489]   --->   Operation 26 'call' <Predicate = true> <Delay = 0.00> <CoreType = "Generic">   --->   Core 0 '' <Latency = 0> <II = 1> <Delay = 1.00> <Generic> <Opcode : >

State 11 <SV = 10> <Delay = 0.00>
ST_11 : Operation 27 [2/2] (0.00ns)   --->   "call fastcc void @conv4([3200 x float]* @f4) nounwind" [topp.c:490]   --->   Operation 27 'call' <Predicate = true> <Delay = 0.00> <CoreType = "Generic">   --->   Core 0 '' <Latency = 0> <II = 1> <Delay = 1.00> <Generic> <Opcode : >

State 12 <SV = 11> <Delay = 0.00>
ST_12 : Operation 28 [1/2] (0.00ns)   --->   "call fastcc void @conv4([3200 x float]* @f4) nounwind" [topp.c:490]   --->   Operation 28 'call' <Predicate = true> <Delay = 0.00> <CoreType = "Generic">   --->   Core 0 '' <Latency = 0> <II = 1> <Delay = 1.00> <Generic> <Opcode : >

State 13 <SV = 12> <Delay = 0.00>
ST_13 : Operation 29 [2/2] (0.00ns)   --->   "call fastcc void @conv5([2048 x float]* @f5) nounwind" [topp.c:491]   --->   Operation 29 'call' <Predicate = true> <Delay = 0.00> <CoreType = "Generic">   --->   Core 0 '' <Latency = 0> <II = 1> <Delay = 1.00> <Generic> <Opcode : >

State 14 <SV = 13> <Delay = 0.00>
ST_14 : Operation 30 [1/2] (0.00ns)   --->   "call fastcc void @conv5([2048 x float]* @f5) nounwind" [topp.c:491]   --->   Operation 30 'call' <Predicate = true> <Delay = 0.00> <CoreType = "Generic">   --->   Core 0 '' <Latency = 0> <II = 1> <Delay = 1.00> <Generic> <Opcode : >

State 15 <SV = 14> <Delay = 0.00>
ST_15 : Operation 31 [2/2] (0.00ns)   --->   "call fastcc void @detection_head([1024 x float]* %output_r) nounwind" [topp.c:492]   --->   Operation 31 'call' <Predicate = true> <Delay = 0.00> <CoreType = "Generic">   --->   Core 0 '' <Latency = 0> <II = 1> <Delay = 1.00> <Generic> <Opcode : >

State 16 <SV = 15> <Delay = 0.00>
ST_16 : Operation 32 [1/1] (0.00ns)   --->   "call void (...)* @_ssdm_op_SpecBitsMap([12288 x float]* %image_r) nounwind, !map !107"   --->   Operation 32 'specbitsmap' <Predicate = true> <Delay = 0.00>
ST_16 : Operation 33 [1/1] (0.00ns)   --->   "call void (...)* @_ssdm_op_SpecBitsMap([1024 x float]* %output_r) nounwind, !map !113"   --->   Operation 33 'specbitsmap' <Predicate = true> <Delay = 0.00>
ST_16 : Operation 34 [1/1] (0.00ns)   --->   "call void (...)* @_ssdm_op_SpecTopModule([5 x i8]* @topp_str) nounwind"   --->   Operation 34 'spectopmodule' <Predicate = true> <Delay = 0.00>
ST_16 : Operation 35 [1/2] (0.00ns)   --->   "call fastcc void @detection_head([1024 x float]* %output_r) nounwind" [topp.c:492]   --->   Operation 35 'call' <Predicate = true> <Delay = 0.00> <CoreType = "Generic">   --->   Core 0 '' <Latency = 0> <II = 1> <Delay = 1.00> <Generic> <Opcode : >
ST_16 : Operation 36 [1/1] (0.00ns)   --->   "ret void" [topp.c:493]   --->   Operation 36 'ret' <Predicate = true> <Delay = 0.00>


============================================================
+ Verbose Summary: Binding
============================================================
STG Binding: 
---------------- STG Properties BEGIN ----------------
- Is combinational: 0
- Is one-state seq: 0
- Is datapath-only: 0
- Is pipelined: 0
- Is top level: 1
Port [ Return ] is wired: 1; IO mode=ap_ctrl_hs:ce=0
Port [ image_r]:  wired=1; compound=1; hidden=0; nouse=0; global=0; static=0; extern=0; dir=0; type=1; pingpong=0; private_global=0; MemPort=[13]; IO mode=ap_memory:ce=0
Port [ output_r]:  wired=1; compound=1; hidden=0; nouse=0; global=0; static=0; extern=0; dir=1; type=1; pingpong=0; private_global=0; MemPort=[03]; IO mode=ap_memory:ce=0
Port [ linbu_4_0]:  wired=0; compound=1; hidden=1; nouse=1; global=1; static=1; extern=0; dir=2; type=1; pingpong=0; private_global=0; linkage=7; visibility=0; MemPort=[23]; IO mode=ap_memory:ce=0
Port [ linbu_4_1]:  wired=0; compound=1; hidden=1; nouse=1; global=1; static=1; extern=0; dir=2; type=1; pingpong=0; private_global=0; linkage=7; visibility=0; MemPort=[23]; IO mode=ap_memory:ce=0
Port [ f1]:  wired=0; compound=1; hidden=1; nouse=0; global=1; static=1; extern=0; dir=2; type=1; pingpong=0; private_global=1; linkage=7; visibility=0; MemPort=[21]; IO mode=ap_memory:ce=0
Port [ p1]:  wired=0; compound=1; hidden=1; nouse=0; global=1; static=1; extern=0; dir=2; type=1; pingpong=0; private_global=1; linkage=7; visibility=0; MemPort=[23]; IO mode=ap_memory:ce=0
Port [ linbu_5_0]:  wired=0; compound=1; hidden=1; nouse=1; global=1; static=1; extern=0; dir=2; type=1; pingpong=0; private_global=0; linkage=7; visibility=0; MemPort=[23]; IO mode=ap_memory:ce=0
Port [ linbu_5_1]:  wired=0; compound=1; hidden=1; nouse=1; global=1; static=1; extern=0; dir=2; type=1; pingpong=0; private_global=0; linkage=7; visibility=0; MemPort=[23]; IO mode=ap_memory:ce=0
Port [ f2]:  wired=0; compound=1; hidden=1; nouse=0; global=1; static=1; extern=0; dir=2; type=1; pingpong=0; private_global=1; linkage=7; visibility=0; MemPort=[21]; IO mode=ap_memory:ce=0
Port [ p2]:  wired=0; compound=1; hidden=1; nouse=0; global=1; static=1; extern=0; dir=2; type=1; pingpong=0; private_global=1; linkage=7; visibility=0; MemPort=[23]; IO mode=ap_memory:ce=0
Port [ linbu_6_0]:  wired=0; compound=1; hidden=1; nouse=1; global=1; static=1; extern=0; dir=2; type=1; pingpong=0; private_global=0; linkage=7; visibility=0; MemPort=[23]; IO mode=ap_memory:ce=0
Port [ linbu_6_1]:  wired=0; compound=1; hidden=1; nouse=1; global=1; static=1; extern=0; dir=2; type=1; pingpong=0; private_global=0; linkage=7; visibility=0; MemPort=[23]; IO mode=ap_memory:ce=0
Port [ f3]:  wired=0; compound=1; hidden=1; nouse=0; global=1; static=1; extern=0; dir=2; type=1; pingpong=0; private_global=1; linkage=7; visibility=0; MemPort=[23]; IO mode=ap_memory:ce=0
Port [ linbu_7_0]:  wired=0; compound=1; hidden=1; nouse=1; global=1; static=1; extern=0; dir=2; type=1; pingpong=0; private_global=0; linkage=7; visibility=0; MemPort=[23]; IO mode=ap_memory:ce=0
Port [ linbu_7_1]:  wired=0; compound=1; hidden=1; nouse=1; global=1; static=1; extern=0; dir=2; type=1; pingpong=0; private_global=0; linkage=7; visibility=0; MemPort=[23]; IO mode=ap_memory:ce=0
Port [ f4]:  wired=0; compound=1; hidden=1; nouse=0; global=1; static=1; extern=0; dir=2; type=1; pingpong=0; private_global=1; linkage=7; visibility=0; MemPort=[23]; IO mode=ap_memory:ce=0
Port [ linbu_0]:  wired=0; compound=1; hidden=1; nouse=1; global=1; static=1; extern=0; dir=2; type=1; pingpong=0; private_global=0; linkage=7; visibility=0; MemPort=[23]; IO mode=ap_memory:ce=0
Port [ linbu_1]:  wired=0; compound=1; hidden=1; nouse=1; global=1; static=1; extern=0; dir=2; type=1; pingpong=0; private_global=0; linkage=7; visibility=0; MemPort=[23]; IO mode=ap_memory:ce=0
Port [ f5]:  wired=0; compound=1; hidden=1; nouse=0; global=1; static=1; extern=0; dir=2; type=1; pingpong=0; private_global=1; linkage=7; visibility=0; MemPort=[23]; IO mode=ap_memory:ce=0
---------------- STG Properties END ------------------

---------------- Datapath Model BEGIN ----------------

<LifeTime>
<method=bitvector/>
StgValue_18 (call         ) [ 00000000000000000]
StgValue_20 (call         ) [ 00000000000000000]
StgValue_22 (call         ) [ 00000000000000000]
StgValue_24 (call         ) [ 00000000000000000]
StgValue_26 (call         ) [ 00000000000000000]
StgValue_28 (call         ) [ 00000000000000000]
StgValue_30 (call         ) [ 00000000000000000]
StgValue_32 (specbitsmap  ) [ 00000000000000000]
StgValue_33 (specbitsmap  ) [ 00000000000000000]
StgValue_34 (spectopmodule) [ 00000000000000000]
StgValue_35 (call         ) [ 00000000000000000]
StgValue_36 (ret          ) [ 00000000000000000]
</LifeTime>

<model>

<comp_list>
<comp id="0" class="1000" name="image_r">
<pin_list>
<pin id="1" dir="1" index="0" bw="1" slack="0"/>
</pin_list>
<bind>
<StgValue><ssdm name="image_r"/><MemPortTyVec>1 3 </MemPortTyVec>
</StgValue>
</bind>
</comp>

<comp id="2" class="1000" name="output_r">
<pin_list>
<pin id="3" dir="1" index="0" bw="1" slack="0"/>
</pin_list>
<bind>
<StgValue><ssdm name="output_r"/><MemPortTyVec>0 3 </MemPortTyVec>
</StgValue>
</bind>
</comp>

<comp id="4" class="1000" name="linbu_4_0">
<pin_list>
<pin id="5" dir="1" index="0" bw="1" slack="0"/>
</pin_list>
<bind>
<StgValue><ssdm name="linbu_4_0"/><MemPortTyVec>2 3 </MemPortTyVec>
</StgValue>
</bind>
</comp>

<comp id="6" class="1000" name="linbu_4_1">
<pin_list>
<pin id="7" dir="1" index="0" bw="1" slack="0"/>
</pin_list>
<bind>
<StgValue><ssdm name="linbu_4_1"/><MemPortTyVec>2 3 </MemPortTyVec>
</StgValue>
</bind>
</comp>

<comp id="8" class="1000" name="f1">
<pin_list>
<pin id="9" dir="1" index="0" bw="1" slack="0"/>
</pin_list>
<bind>
<StgValue><ssdm name="f1"/><MemPortTyVec>2 1 </MemPortTyVec>
</StgValue>
</bind>
</comp>

<comp id="10" class="1000" name="p1">
<pin_list>
<pin id="11" dir="1" index="0" bw="1" slack="0"/>
</pin_list>
<bind>
<StgValue><ssdm name="p1"/><MemPortTyVec>2 3 </MemPortTyVec>
</StgValue>
</bind>
</comp>

<comp id="12" class="1000" name="linbu_5_0">
<pin_list>
<pin id="13" dir="1" index="0" bw="1" slack="0"/>
</pin_list>
<bind>
<StgValue><ssdm name="linbu_5_0"/><MemPortTyVec>2 3 </MemPortTyVec>
</StgValue>
</bind>
</comp>

<comp id="14" class="1000" name="linbu_5_1">
<pin_list>
<pin id="15" dir="1" index="0" bw="1" slack="0"/>
</pin_list>
<bind>
<StgValue><ssdm name="linbu_5_1"/><MemPortTyVec>2 3 </MemPortTyVec>
</StgValue>
</bind>
</comp>

<comp id="16" class="1000" name="f2">
<pin_list>
<pin id="17" dir="1" index="0" bw="1" slack="0"/>
</pin_list>
<bind>
<StgValue><ssdm name="f2"/><MemPortTyVec>2 1 </MemPortTyVec>
</StgValue>
</bind>
</comp>

<comp id="18" class="1000" name="p2">
<pin_list>
<pin id="19" dir="1" index="0" bw="1" slack="0"/>
</pin_list>
<bind>
<StgValue><ssdm name="p2"/><MemPortTyVec>2 3 </MemPortTyVec>
</StgValue>
</bind>
</comp>

<comp id="20" class="1000" name="linbu_6_0">
<pin_list>
<pin id="21" dir="1" index="0" bw="1" slack="0"/>
</pin_list>
<bind>
<StgValue><ssdm name="linbu_6_0"/><MemPortTyVec>2 3 </MemPortTyVec>
</StgValue>
</bind>
</comp>

<comp id="22" class="1000" name="linbu_6_1">
<pin_list>
<pin id="23" dir="1" index="0" bw="1" slack="0"/>
</pin_list>
<bind>
<StgValue><ssdm name="linbu_6_1"/><MemPortTyVec>2 3 </MemPortTyVec>
</StgValue>
</bind>
</comp>

<comp id="24" class="1000" name="f3">
<pin_list>
<pin id="25" dir="1" index="0" bw="1" slack="0"/>
</pin_list>
<bind>
<StgValue><ssdm name="f3"/><MemPortTyVec>2 3 </MemPortTyVec>
</StgValue>
</bind>
</comp>

<comp id="26" class="1000" name="linbu_7_0">
<pin_list>
<pin id="27" dir="1" index="0" bw="1" slack="0"/>
</pin_list>
<bind>
<StgValue><ssdm name="linbu_7_0"/><MemPortTyVec>2 3 </MemPortTyVec>
</StgValue>
</bind>
</comp>

<comp id="28" class="1000" name="linbu_7_1">
<pin_list>
<pin id="29" dir="1" index="0" bw="1" slack="0"/>
</pin_list>
<bind>
<StgValue><ssdm name="linbu_7_1"/><MemPortTyVec>2 3 </MemPortTyVec>
</StgValue>
</bind>
</comp>

<comp id="30" class="1000" name="f4">
<pin_list>
<pin id="31" dir="1" index="0" bw="1" slack="0"/>
</pin_list>
<bind>
<StgValue><ssdm name="f4"/><MemPortTyVec>2 3 </MemPortTyVec>
</StgValue>
</bind>
</comp>

<comp id="32" class="1000" name="linbu_0">
<pin_list>
<pin id="33" dir="1" index="0" bw="1" slack="0"/>
</pin_list>
<bind>
<StgValue><ssdm name="linbu_0"/><MemPortTyVec>2 3 </MemPortTyVec>
</StgValue>
</bind>
</comp>

<comp id="34" class="1000" name="linbu_1">
<pin_list>
<pin id="35" dir="1" index="0" bw="1" slack="0"/>
</pin_list>
<bind>
<StgValue><ssdm name="linbu_1"/><MemPortTyVec>2 3 </MemPortTyVec>
</StgValue>
</bind>
</comp>

<comp id="36" class="1000" name="f5">
<pin_list>
<pin id="37" dir="1" index="0" bw="1" slack="0"/>
</pin_list>
<bind>
<StgValue><ssdm name="f5"/><MemPortTyVec>2 3 </MemPortTyVec>
</StgValue>
</bind>
</comp>

<comp id="38" class="1001" name="const_38">
<pin_list>
<pin id="39" dir="1" index="0" bw="1" slack="0"/>
</pin_list>
<bind>
<StgValue><ssdm name="conv1"/></StgValue>
</bind>
</comp>

<comp id="40" class="1001" name="const_40">
<pin_list>
<pin id="41" dir="1" index="0" bw="1" slack="0"/>
</pin_list>
<bind>
<StgValue><ssdm name="maxpool1"/></StgValue>
</bind>
</comp>

<comp id="42" class="1001" name="const_42">
<pin_list>
<pin id="43" dir="1" index="0" bw="1" slack="0"/>
</pin_list>
<bind>
<StgValue><ssdm name="conv2"/></StgValue>
</bind>
</comp>

<comp id="44" class="1001" name="const_44">
<pin_list>
<pin id="45" dir="1" index="0" bw="1" slack="0"/>
</pin_list>
<bind>
<StgValue><ssdm name="maxpool2"/></StgValue>
</bind>
</comp>

<comp id="46" class="1001" name="const_46">
<pin_list>
<pin id="47" dir="1" index="0" bw="1" slack="0"/>
</pin_list>
<bind>
<StgValue><ssdm name="conv3"/></StgValue>
</bind>
</comp>

<comp id="48" class="1001" name="const_48">
<pin_list>
<pin id="49" dir="1" index="0" bw="1" slack="0"/>
</pin_list>
<bind>
<StgValue><ssdm name="conv4"/></StgValue>
</bind>
</comp>

<comp id="50" class="1001" name="const_50">
<pin_list>
<pin id="51" dir="1" index="0" bw="1" slack="0"/>
</pin_list>
<bind>
<StgValue><ssdm name="conv5"/></StgValue>
</bind>
</comp>

<comp id="52" class="1001" name="const_52">
<pin_list>
<pin id="53" dir="1" index="0" bw="1" slack="0"/>
</pin_list>
<bind>
<StgValue><ssdm name="detection_head"/></StgValue>
</bind>
</comp>

<comp id="54" class="1001" name="const_54">
<pin_list>
<pin id="55" dir="1" index="0" bw="1" slack="2147483647"/>
</pin_list>
<bind>
<StgValue><ssdm name="_ssdm_op_SpecBitsMap"/></StgValue>
</bind>
</comp>

<comp id="56" class="1001" name="const_56">
<pin_list>
<pin id="57" dir="1" index="0" bw="1" slack="2147483647"/>
</pin_list>
<bind>
<StgValue><ssdm name="_ssdm_op_SpecTopModule"/></StgValue>
</bind>
</comp>

<comp id="58" class="1001" name="const_58">
<pin_list>
<pin id="59" dir="1" index="0" bw="1" slack="2147483647"/>
</pin_list>
<bind>
<StgValue><ssdm name="topp_str"/></StgValue>
</bind>
</comp>

<comp id="60" class="1004" name="grp_detection_head_fu_60">
<pin_list>
<pin id="61" dir="0" index="0" bw="0" slack="0"/>
<pin id="62" dir="0" index="1" bw="32" slack="0"/>
<pin id="63" dir="0" index="2" bw="32" slack="0"/>
<pin id="64" dir="1" index="3" bw="0" slack="2147483647"/>
</pin_list>
<bind>
<opcode="call(48) " fcode="call"/>
<opset="StgValue_31/15 "/>
</bind>
</comp>

<comp id="68" class="1004" name="grp_conv1_fu_68">
<pin_list>
<pin id="69" dir="0" index="0" bw="0" slack="0"/>
<pin id="70" dir="0" index="1" bw="32" slack="0"/>
<pin id="71" dir="0" index="2" bw="32" slack="0"/>
<pin id="72" dir="0" index="3" bw="32" slack="0"/>
<pin id="73" dir="0" index="4" bw="32" slack="0"/>
<pin id="74" dir="1" index="5" bw="0" slack="2147483647"/>
</pin_list>
<bind>
<opcode="call(48) " fcode="call"/>
<opset="StgValue_17/1 "/>
</bind>
</comp>

<comp id="80" class="1004" name="grp_conv4_fu_80">
<pin_list>
<pin id="81" dir="0" index="0" bw="0" slack="0"/>
<pin id="82" dir="0" index="1" bw="32" slack="0"/>
<pin id="83" dir="0" index="2" bw="32" slack="0"/>
<pin id="84" dir="0" index="3" bw="32" slack="0"/>
<pin id="85" dir="0" index="4" bw="32" slack="0"/>
<pin id="86" dir="1" index="5" bw="0" slack="2147483647"/>
</pin_list>
<bind>
<opcode="call(48) " fcode="call"/>
<opset="StgValue_27/11 "/>
</bind>
</comp>

<comp id="92" class="1004" name="grp_conv3_fu_92">
<pin_list>
<pin id="93" dir="0" index="0" bw="0" slack="0"/>
<pin id="94" dir="0" index="1" bw="32" slack="0"/>
<pin id="95" dir="0" index="2" bw="32" slack="0"/>
<pin id="96" dir="0" index="3" bw="32" slack="0"/>
<pin id="97" dir="0" index="4" bw="32" slack="0"/>
<pin id="98" dir="1" index="5" bw="0" slack="2147483647"/>
</pin_list>
<bind>
<opcode="call(48) " fcode="call"/>
<opset="StgValue_25/9 "/>
</bind>
</comp>

<comp id="104" class="1004" name="grp_conv2_fu_104">
<pin_list>
<pin id="105" dir="0" index="0" bw="0" slack="0"/>
<pin id="106" dir="0" index="1" bw="32" slack="0"/>
<pin id="107" dir="0" index="2" bw="32" slack="0"/>
<pin id="108" dir="0" index="3" bw="32" slack="0"/>
<pin id="109" dir="0" index="4" bw="32" slack="0"/>
<pin id="110" dir="1" index="5" bw="0" slack="2147483647"/>
</pin_list>
<bind>
<opcode="call(48) " fcode="call"/>
<opset="StgValue_21/5 "/>
</bind>
</comp>

<comp id="116" class="1004" name="grp_conv5_fu_116">
<pin_list>
<pin id="117" dir="0" index="0" bw="0" slack="0"/>
<pin id="118" dir="0" index="1" bw="32" slack="0"/>
<pin id="119" dir="0" index="2" bw="32" slack="0"/>
<pin id="120" dir="0" index="3" bw="32" slack="0"/>
<pin id="121" dir="0" index="4" bw="32" slack="0"/>
<pin id="122" dir="1" index="5" bw="0" slack="2147483647"/>
</pin_list>
<bind>
<opcode="call(48) " fcode="call"/>
<opset="StgValue_29/13 "/>
</bind>
</comp>

<comp id="128" class="1004" name="grp_maxpool2_fu_128">
<pin_list>
<pin id="129" dir="0" index="0" bw="0" slack="0"/>
<pin id="130" dir="0" index="1" bw="32" slack="0"/>
<pin id="131" dir="0" index="2" bw="32" slack="0"/>
<pin id="132" dir="1" index="3" bw="0" slack="2147483647"/>
</pin_list>
<bind>
<opcode="call(48) " fcode="call"/>
<opset="StgValue_23/7 "/>
</bind>
</comp>

<comp id="136" class="1004" name="grp_maxpool1_fu_136">
<pin_list>
<pin id="137" dir="0" index="0" bw="0" slack="0"/>
<pin id="138" dir="0" index="1" bw="32" slack="0"/>
<pin id="139" dir="0" index="2" bw="32" slack="0"/>
<pin id="140" dir="1" index="3" bw="0" slack="2147483647"/>
</pin_list>
<bind>
<opcode="call(48) " fcode="call"/>
<opset="StgValue_19/3 "/>
</bind>
</comp>

</comp_list>

<net_list>
<net id="65"><net_src comp="52" pin="0"/><net_sink comp="60" pin=0"/></net>

<net id="66"><net_src comp="2" pin="0"/><net_sink comp="60" pin=1"/></net>

<net id="67"><net_src comp="36" pin="0"/><net_sink comp="60" pin=2"/></net>

<net id="75"><net_src comp="38" pin="0"/><net_sink comp="68" pin=0"/></net>

<net id="76"><net_src comp="0" pin="0"/><net_sink comp="68" pin=1"/></net>

<net id="77"><net_src comp="8" pin="0"/><net_sink comp="68" pin=2"/></net>

<net id="78"><net_src comp="4" pin="0"/><net_sink comp="68" pin=3"/></net>

<net id="79"><net_src comp="6" pin="0"/><net_sink comp="68" pin=4"/></net>

<net id="87"><net_src comp="48" pin="0"/><net_sink comp="80" pin=0"/></net>

<net id="88"><net_src comp="30" pin="0"/><net_sink comp="80" pin=1"/></net>

<net id="89"><net_src comp="26" pin="0"/><net_sink comp="80" pin=2"/></net>

<net id="90"><net_src comp="28" pin="0"/><net_sink comp="80" pin=3"/></net>

<net id="91"><net_src comp="24" pin="0"/><net_sink comp="80" pin=4"/></net>

<net id="99"><net_src comp="46" pin="0"/><net_sink comp="92" pin=0"/></net>

<net id="100"><net_src comp="24" pin="0"/><net_sink comp="92" pin=1"/></net>

<net id="101"><net_src comp="20" pin="0"/><net_sink comp="92" pin=2"/></net>

<net id="102"><net_src comp="22" pin="0"/><net_sink comp="92" pin=3"/></net>

<net id="103"><net_src comp="18" pin="0"/><net_sink comp="92" pin=4"/></net>

<net id="111"><net_src comp="42" pin="0"/><net_sink comp="104" pin=0"/></net>

<net id="112"><net_src comp="16" pin="0"/><net_sink comp="104" pin=1"/></net>

<net id="113"><net_src comp="12" pin="0"/><net_sink comp="104" pin=2"/></net>

<net id="114"><net_src comp="14" pin="0"/><net_sink comp="104" pin=3"/></net>

<net id="115"><net_src comp="10" pin="0"/><net_sink comp="104" pin=4"/></net>

<net id="123"><net_src comp="50" pin="0"/><net_sink comp="116" pin=0"/></net>

<net id="124"><net_src comp="36" pin="0"/><net_sink comp="116" pin=1"/></net>

<net id="125"><net_src comp="32" pin="0"/><net_sink comp="116" pin=2"/></net>

<net id="126"><net_src comp="34" pin="0"/><net_sink comp="116" pin=3"/></net>

<net id="127"><net_src comp="30" pin="0"/><net_sink comp="116" pin=4"/></net>

<net id="133"><net_src comp="44" pin="0"/><net_sink comp="128" pin=0"/></net>

<net id="134"><net_src comp="18" pin="0"/><net_sink comp="128" pin=1"/></net>

<net id="135"><net_src comp="16" pin="0"/><net_sink comp="128" pin=2"/></net>

<net id="141"><net_src comp="40" pin="0"/><net_sink comp="136" pin=0"/></net>

<net id="142"><net_src comp="10" pin="0"/><net_sink comp="136" pin=1"/></net>

<net id="143"><net_src comp="8" pin="0"/><net_sink comp="136" pin=2"/></net>

</net_list>

</model> 
---------------- Datapath Model END ------------------

* FSMD analyzer results:
  - Output states:
	Port: output_r | {15 16 }
	Port: linbu_4_0 | {1 2 }
	Port: linbu_4_1 | {1 2 }
	Port: f1 | {1 2 }
	Port: p1 | {3 4 }
	Port: linbu_5_0 | {5 6 }
	Port: linbu_5_1 | {5 6 }
	Port: f2 | {5 6 }
	Port: p2 | {7 8 }
	Port: linbu_6_0 | {9 10 }
	Port: linbu_6_1 | {9 10 }
	Port: f3 | {9 10 }
	Port: linbu_7_0 | {11 12 }
	Port: linbu_7_1 | {11 12 }
	Port: f4 | {11 12 }
	Port: linbu_0 | {13 14 }
	Port: linbu_1 | {13 14 }
	Port: f5 | {13 14 }
 - Input state : 
	Port: topp : image_r | {1 2 }
	Port: topp : linbu_4_0 | {1 2 }
	Port: topp : linbu_4_1 | {1 2 }
	Port: topp : f1 | {3 4 }
	Port: topp : p1 | {5 6 }
	Port: topp : linbu_5_0 | {5 6 }
	Port: topp : linbu_5_1 | {5 6 }
	Port: topp : f2 | {7 8 }
	Port: topp : p2 | {9 10 }
	Port: topp : linbu_6_0 | {9 10 }
	Port: topp : linbu_6_1 | {9 10 }
	Port: topp : f3 | {11 12 }
	Port: topp : linbu_7_0 | {11 12 }
	Port: topp : linbu_7_1 | {11 12 }
	Port: topp : f4 | {13 14 }
	Port: topp : linbu_0 | {13 14 }
	Port: topp : linbu_1 | {13 14 }
	Port: topp : f5 | {15 16 }
  - Chain level:
	State 1
	State 2
	State 3
	State 4
	State 5
	State 6
	State 7
	State 8
	State 9
	State 10
	State 11
	State 12
	State 13
	State 14
	State 15
	State 16


============================================================
+ Verbose Summary: Datapath Resource usage 
============================================================

* Functional unit list:
|----------|--------------------------|---------|---------|---------|---------|---------|
| Operation|      Functional Unit     |   BRAM  |  DSP48E |  Delay  |    FF   |   LUT   |
|----------|--------------------------|---------|---------|---------|---------|---------|
|          | grp_detection_head_fu_60 |    0    |    12   | 12.5203 |   1796  |   2942  |
|          |      grp_conv1_fu_68     |    2    |    5    | 21.9782 |   949   |   1710  |
|          |      grp_conv4_fu_80     |    2    |    5    | 20.2092 |   960   |   1592  |
|   call   |      grp_conv3_fu_92     |    2    |    5    | 20.2092 |   944   |   1592  |
|          |     grp_conv2_fu_104     |    2    |    6    | 20.2092 |   942   |   1564  |
|          |     grp_conv5_fu_116     |    2    |    5    | 20.2092 |   888   |   1271  |
|          |    grp_maxpool2_fu_128   |    0    |    0    |  7.4914 |   960   |   861   |
|          |    grp_maxpool1_fu_136   |    0    |    0    |  7.4914 |   953   |   854   |
|----------|--------------------------|---------|---------|---------|---------|---------|
|   Total  |                          |    10   |    38   | 130.318 |   8392  |  12386  |
|----------|--------------------------|---------|---------|---------|---------|---------|

Memories:
+---------+--------+--------+--------+
|         |  BRAM  |   FF   |   LUT  |
+---------+--------+--------+--------+
|    f1   |   64   |    0   |    0   |
|    f2   |   32   |    0   |    0   |
|    f3   |   16   |    0   |    0   |
|    f4   |    8   |    0   |    0   |
|    f5   |    4   |    0   |    0   |
| linbu_0 |    1   |    0   |    0   |
| linbu_1 |    1   |    0   |    0   |
|linbu_4_0|    1   |    0   |    0   |
|linbu_4_1|    1   |    0   |    0   |
|linbu_5_0|    1   |    0   |    0   |
|linbu_5_1|    1   |    0   |    0   |
|linbu_6_0|    1   |    0   |    0   |
|linbu_6_1|    1   |    0   |    0   |
|linbu_7_0|    1   |    0   |    0   |
|linbu_7_1|    1   |    0   |    0   |
|    p1   |   16   |    0   |    0   |
|    p2   |    8   |    0   |    0   |
+---------+--------+--------+--------+
|  Total  |   158  |    0   |    0   |
+---------+--------+--------+--------+

* Register list:
N/A

* Multiplexer (MUX) list: 
|--------|------|------|------|--------|
|  Comp  |  Pin | Size |  BW  | S x BW |
|--------|------|------|------|--------|
|  Total |      |      |      |    0   |
|--------|------|------|------|--------|



* Summary:
+-----------+--------+--------+--------+--------+--------+
|           |  BRAM  | DSP48E |  Delay |   FF   |   LUT  |
+-----------+--------+--------+--------+--------+--------+
|  Function |   10   |   38   |   130  |  8392  |  12386 |
|   Memory  |   158  |    -   |    -   |    0   |    0   |
|Multiplexer|    -   |    -   |    -   |    -   |    -   |
|  Register |    -   |    -   |    -   |    -   |    -   |
+-----------+--------+--------+--------+--------+--------+
|   Total   |   168  |   38   |   130  |  8392  |  12386 |
+-----------+--------+--------+--------+--------+--------+
