

================================================================
== Vivado HLS Report for 'conv1'
================================================================
* Date:           Tue Jun  9 11:31:06 2026

* Version:        2018.3 (Build 2405991 on Thu Dec 06 23:56:15 MST 2018)
* Project:        topp
* Solution:       solution5
* Product family: zynq
* Target device:  xc7z020clg484-1


================================================================
== Performance Estimates
================================================================
+ Timing (ns): 
    * Summary: 
    +--------+-------+----------+------------+
    |  Clock | Target| Estimated| Uncertainty|
    +--------+-------+----------+------------+
    |ap_clk  |  10.00|     7.767|        1.25|
    +--------+-------+----------+------------+

+ Latency (clock cycles): 
    * Summary: 
    +-------+---------+-------+---------+---------+
    |     Latency     |     Interval    | Pipeline|
    |  min  |   max   |  min  |   max   |   Type  |
    +-------+---------+-------+---------+---------+
    |  16513|  9781377|  16513|  9781377|   none  |
    +-------+---------+-------+---------+---------+

    + Detail: 
        * Instance: 
        N/A

        * Loop: 
        +-----------------------------+-------+---------+--------------+-----------+-----------+------+----------+
        |                             |     Latency     |   Iteration  |  Initiation Interval  | Trip |          |
        |          Loop Name          |  min  |   max   |    Latency   |  achieved |   target  | Count| Pipelined|
        +-----------------------------+-------+---------+--------------+-----------+-----------+------+----------+
        |- Loop 1                     |  16512|  9781376| 258 ~ 152834 |          -|          -|    64|    no    |
        | + Loop 1.1                  |    256|   152832|   4 ~ 2388   |          -|          -|    64|    no    |
        |  ++ Loop 1.1.1              |   2384|     2384|           298|          -|          -|     8|    no    |
        |   +++ Loop 1.1.1.1          |    294|      294|            98|          -|          -|     3|    no    |
        |    ++++ Loop 1.1.1.1.1      |     96|       96|            32|          -|          -|     3|    no    |
        |     +++++ Loop 1.1.1.1.1.1  |     30|       30|            10|          -|          -|     3|    no    |
        +-----------------------------+-------+---------+--------------+-----------+-----------+------+----------+



================================================================
== Utilization Estimates
================================================================
* Summary: 
+-----------------+---------+-------+--------+-------+
|       Name      | BRAM_18K| DSP48E|   FF   |  LUT  |
+-----------------+---------+-------+--------+-------+
|DSP              |        -|      -|       -|      -|
|Expression       |        -|      -|       0|    361|
|FIFO             |        -|      -|       -|      -|
|Instance         |        -|      5|     414|   1015|
|Memory           |        6|      -|       0|      0|
|Multiplexer      |        -|      -|       -|    377|
|Register         |        -|      -|    1486|      -|
+-----------------+---------+-------+--------+-------+
|Total            |        6|      5|    1900|   1753|
+-----------------+---------+-------+--------+-------+
|Available        |      280|    220|  106400|  53200|
+-----------------+---------+-------+--------+-------+
|Utilization (%)  |        2|      2|       1|      3|
+-----------------+---------+-------+--------+-------+

+ Detail: 
    * Instance: 
    +-------------------------+----------------------+---------+-------+-----+-----+
    |         Instance        |        Module        | BRAM_18K| DSP48E|  FF | LUT |
    +-------------------------+----------------------+---------+-------+-----+-----+
    |topp_fadd_32ns_32bkb_U1  |topp_fadd_32ns_32bkb  |        0|      2|  205|  390|
    |topp_fcmp_32ns_32dEe_U3  |topp_fcmp_32ns_32dEe  |        0|      0|   66|  239|
    |topp_fmul_32ns_32cud_U2  |topp_fmul_32ns_32cud  |        0|      3|  143|  321|
    |topp_mux_275_32_1_1_U4   |topp_mux_275_32_1_1   |        0|      0|    0|   65|
    +-------------------------+----------------------+---------+-------+-----+-----+
    |Total                    |                      |        0|      5|  414| 1015|
    +-------------------------+----------------------+---------+-------+-----+-----+

    * DSP48: 
    N/A

    * Memory: 
    +---------------+-------------------+---------+---+----+------+-----+------+-------------+
    |     Memory    |       Module      | BRAM_18K| FF| LUT| Words| Bits| Banks| W*Bits*Banks|
    +---------------+-------------------+---------+---+----+------+-----+------+-------------+
    |linbu_4_0_0_U  |conv1_linbu_4_0_0  |        1|  0|   0|    64|   32|     1|         2048|
    |linbu_4_1_0_U  |conv1_linbu_4_0_0  |        1|  0|   0|    64|   32|     1|         2048|
    |linbu_4_0_1_U  |conv1_linbu_4_0_0  |        1|  0|   0|    64|   32|     1|         2048|
    |linbu_4_1_1_U  |conv1_linbu_4_0_0  |        1|  0|   0|    64|   32|     1|         2048|
    |linbu_4_0_2_U  |conv1_linbu_4_0_0  |        1|  0|   0|    64|   32|     1|         2048|
    |linbu_4_1_2_U  |conv1_linbu_4_0_0  |        1|  0|   0|    64|   32|     1|         2048|
    +---------------+-------------------+---------+---+----+------+-----+------+-------------+
    |Total          |                   |        6|  0|   0|   384|  192|     6|        12288|
    +---------------+-------------------+---------+---+----+------+-----+------+-------------+

    * FIFO: 
    N/A

    * Expression: 
    +---------------------+----------+-------+---+----+------------+------------+
    |    Variable Name    | Operation| DSP48E| FF| LUT| Bitwidth P0| Bitwidth P1|
    +---------------------+----------+-------+---+----+------------+------------+
    |c_1_fu_557_p2        |     +    |      0|  0|  15|           7|           1|
    |ic_fu_867_p2         |     +    |      0|  0|  10|           2|           1|
    |kc_1_fu_824_p2       |     +    |      0|  0|  10|           2|           1|
    |kr_1_fu_740_p2       |     +    |      0|  0|  10|           2|           1|
    |oc_2_fu_656_p2       |     +    |      0|  0|  13|           4|           1|
    |r_1_fu_490_p2        |     +    |      0|  0|  15|           7|           1|
    |tmp_12_fu_609_p2     |     +    |      0|  0|  21|           1|          15|
    |tmp_13_fu_619_p2     |     +    |      0|  0|  21|           2|          15|
    |tmp_18_fu_909_p28    |     +    |      0|  0|  15|           5|           5|
    |tmp_7_fu_834_p2      |     +    |      0|  0|  13|           4|           4|
    |tmp_s_fu_567_p2      |     +    |      0|  0|  19|          14|          14|
    |tmp_2_fu_588_p2      |     -    |      0|  0|  21|          15|          15|
    |tmp_5_fu_758_p2      |     -    |      0|  0|  13|           4|           4|
    |tmp_9_fu_855_p2      |     -    |      0|  0|  15|           5|           5|
    |or_cond_fu_645_p2    |    and   |      0|  0|   2|           1|           1|
    |tmp_17_fu_800_p2     |    and   |      0|  0|   2|           1|           1|
    |exitcond1_fu_818_p2  |   icmp   |      0|  0|   8|           2|           2|
    |exitcond2_fu_734_p2  |   icmp   |      0|  0|   8|           2|           2|
    |exitcond3_fu_650_p2  |   icmp   |      0|  0|  11|           4|           5|
    |exitcond5_fu_551_p2  |   icmp   |      0|  0|  11|           7|           8|
    |exitcond6_fu_484_p2  |   icmp   |      0|  0|  11|           7|           8|
    |exitcond_fu_861_p2   |   icmp   |      0|  0|   8|           2|           2|
    |icmp5_fu_639_p2      |   icmp   |      0|  0|  11|           6|           1|
    |icmp_fu_518_p2       |   icmp   |      0|  0|  11|           6|           1|
    |notlhs_fu_782_p2     |   icmp   |      0|  0|  11|           8|           2|
    |notrhs_fu_788_p2     |   icmp   |      0|  0|  18|          23|           1|
    |ap_block_state1      |    or    |      0|  0|   2|           1|           1|
    |ap_block_state19     |    or    |      0|  0|   2|           1|           1|
    |tmp_15_fu_794_p2     |    or    |      0|  0|   2|           1|           1|
    |sum_3_fu_806_p3      |  select  |      0|  0|  32|           1|           1|
    +---------------------+----------+-------+---+----+------------+------------+
    |Total                |          |      0|  0| 361|         147|         121|
    +---------------------+----------+-------+---+----+------------+------------+

    * Multiplexer: 
    +----------------------+-----+-----------+-----+-----------+
    |         Name         | LUT | Input Size| Bits| Total Bits|
    +----------------------+-----+-----------+-----+-----------+
    |ap_NS_fsm             |  101|         21|    1|         21|
    |ap_done               |    9|          2|    1|          2|
    |c_reg_375             |    9|          2|    7|         14|
    |ic_1_reg_445          |    9|          2|    2|          4|
    |in_r_address0         |   15|          3|   14|         42|
    |kc_reg_422            |    9|          2|    2|          4|
    |kr_reg_399            |    9|          2|    2|          4|
    |linbu_4_0_0_address0  |   15|          3|    6|         18|
    |linbu_4_0_1_address0  |   15|          3|    6|         18|
    |linbu_4_0_2_address0  |   15|          3|    6|         18|
    |linbu_4_1_0_address0  |   15|          3|    6|         18|
    |linbu_4_1_1_address0  |   15|          3|    6|         18|
    |linbu_4_1_2_address0  |   15|          3|    6|         18|
    |oc_reg_387            |    9|          2|    4|          8|
    |out_0_blk_n           |    9|          2|    1|          2|
    |out_1_blk_n           |    9|          2|    1|          2|
    |out_2_blk_n           |    9|          2|    1|          2|
    |out_3_blk_n           |    9|          2|    1|          2|
    |out_4_blk_n           |    9|          2|    1|          2|
    |out_5_blk_n           |    9|          2|    1|          2|
    |out_6_blk_n           |    9|          2|    1|          2|
    |out_7_blk_n           |    9|          2|    1|          2|
    |r_reg_364             |    9|          2|    7|         14|
    |real_start            |    9|          2|    1|          2|
    |sum7_reg_410          |    9|          2|   32|         64|
    |sum_1_reg_433         |    9|          2|   32|         64|
    |sum_2_reg_456         |    9|          2|   32|         64|
    +----------------------+-----+-----------+-----+-----------+
    |Total                 |  377|         80|  181|        431|
    +----------------------+-----+-----------+-----+-----------+

    * Register: 
    +---------------------------+----+----+-----+-----------+
    |            Name           | FF | LUT| Bits| Const Bits|
    +---------------------------+----+----+-----+-----------+
    |ap_CS_fsm                  |  20|   0|   20|          0|
    |ap_done_reg                |   1|   0|    1|          0|
    |c_1_reg_1134               |   7|   0|    7|          0|
    |c_reg_375                  |   7|   0|    7|          0|
    |ic_1_reg_445               |   2|   0|    2|          0|
    |ic_reg_1302                |   2|   0|    2|          0|
    |icmp_reg_1072              |   1|   0|    1|          0|
    |kc_1_reg_1289              |   2|   0|    2|          0|
    |kc_reg_422                 |   2|   0|    2|          0|
    |kr_1_reg_1260              |   2|   0|    2|          0|
    |kr_reg_399                 |   2|   0|    2|          0|
    |linbu_4_0_0_addr_reg_1160  |   6|   0|    6|          0|
    |linbu_4_0_1_addr_reg_1177  |   6|   0|    6|          0|
    |linbu_4_0_2_addr_reg_1187  |   6|   0|    6|          0|
    |linbu_4_1_0_addr_reg_1165  |   6|   0|    6|          0|
    |linbu_4_1_1_addr_reg_1182  |   6|   0|    6|          0|
    |linbu_4_1_2_addr_reg_1192  |   6|   0|    6|          0|
    |oc_2_reg_1252              |   4|   0|    4|          0|
    |oc_reg_387                 |   4|   0|    4|          0|
    |or_cond_reg_1197           |   1|   0|    1|          0|
    |r_1_reg_1062               |   7|   0|    7|          0|
    |r_reg_364                  |   7|   0|    7|          0|
    |start_once_reg             |   1|   0|    1|          0|
    |sum7_reg_410               |  32|   0|   32|          0|
    |sum_1_reg_433              |  32|   0|   32|          0|
    |sum_2_reg_456              |  32|   0|   32|          0|
    |sum_3_reg_1270             |  32|   0|   32|          0|
    |tmp_11_reg_1312            |  32|   0|   32|          0|
    |tmp_12_cast_reg_1067       |   7|   0|   14|          7|
    |tmp_18_reg_1307            |  32|   0|   32|          0|
    |tmp_2_reg_1139             |  15|   0|   15|          0|
    |tmp_5_reg_1265             |   4|   0|    4|          0|
    |tmp_70_reg_1282            |   3|   0|    3|          0|
    |tmp_9_reg_1294             |   5|   0|    5|          0|
    |win_buf_0_0_0_fu_120       |  32|   0|   32|          0|
    |win_buf_0_0_1_fu_144       |  32|   0|   32|          0|
    |win_buf_0_0_2_fu_168       |  32|   0|   32|          0|
    |win_buf_0_1_0_2_reg_1077   |  32|   0|   32|          0|
    |win_buf_0_1_0_fu_124       |  32|   0|   32|          0|
    |win_buf_0_1_1_2_reg_1095   |  32|   0|   32|          0|
    |win_buf_0_1_1_fu_148       |  32|   0|   32|          0|
    |win_buf_0_1_2_2_reg_1113   |  32|   0|   32|          0|
    |win_buf_0_1_2_fu_172       |  32|   0|   32|          0|
    |win_buf_0_2_0_reg_1201     |  32|   0|   32|          0|
    |win_buf_0_2_1_reg_1213     |  32|   0|   32|          0|
    |win_buf_0_2_2_reg_1231     |  32|   0|   32|          0|
    |win_buf_1_0_0_fu_128       |  32|   0|   32|          0|
    |win_buf_1_0_1_fu_152       |  32|   0|   32|          0|
    |win_buf_1_0_2_fu_176       |  32|   0|   32|          0|
    |win_buf_1_1_0_2_reg_1083   |  32|   0|   32|          0|
    |win_buf_1_1_0_fu_132       |  32|   0|   32|          0|
    |win_buf_1_1_1_2_reg_1101   |  32|   0|   32|          0|
    |win_buf_1_1_1_fu_156       |  32|   0|   32|          0|
    |win_buf_1_1_2_2_reg_1119   |  32|   0|   32|          0|
    |win_buf_1_1_2_fu_180       |  32|   0|   32|          0|
    |win_buf_1_2_0_reg_1207     |  32|   0|   32|          0|
    |win_buf_1_2_1_reg_1219     |  32|   0|   32|          0|
    |win_buf_1_2_2_reg_1237     |  32|   0|   32|          0|
    |win_buf_2_0_0_fu_136       |  32|   0|   32|          0|
    |win_buf_2_0_1_fu_160       |  32|   0|   32|          0|
    |win_buf_2_0_2_fu_184       |  32|   0|   32|          0|
    |win_buf_2_1_0_2_reg_1089   |  32|   0|   32|          0|
    |win_buf_2_1_0_fu_140       |  32|   0|   32|          0|
    |win_buf_2_1_1_2_reg_1107   |  32|   0|   32|          0|
    |win_buf_2_1_1_fu_164       |  32|   0|   32|          0|
    |win_buf_2_1_2_2_reg_1125   |  32|   0|   32|          0|
    |win_buf_2_1_2_fu_188       |  32|   0|   32|          0|
    |win_buf_2_2_0_reg_1170     |  32|   0|   32|          0|
    |win_buf_2_2_1_reg_1225     |  32|   0|   32|          0|
    |win_buf_2_2_2_reg_1243     |  32|   0|   32|          0|
    +---------------------------+----+----+-----+-----------+
    |Total                      |1486|   0| 1493|          7|
    +---------------------------+----+----+-----+-----------+



================================================================
== Interface
================================================================
* Summary: 
+---------------+-----+-----+------------+--------------+--------------+
|   RTL Ports   | Dir | Bits|  Protocol  | Source Object|    C Type    |
+---------------+-----+-----+------------+--------------+--------------+
|ap_clk         |  in |    1| ap_ctrl_hs |     conv1    | return value |
|ap_rst         |  in |    1| ap_ctrl_hs |     conv1    | return value |
|ap_start       |  in |    1| ap_ctrl_hs |     conv1    | return value |
|start_full_n   |  in |    1| ap_ctrl_hs |     conv1    | return value |
|ap_done        | out |    1| ap_ctrl_hs |     conv1    | return value |
|ap_continue    |  in |    1| ap_ctrl_hs |     conv1    | return value |
|ap_idle        | out |    1| ap_ctrl_hs |     conv1    | return value |
|ap_ready       | out |    1| ap_ctrl_hs |     conv1    | return value |
|start_out      | out |    1| ap_ctrl_hs |     conv1    | return value |
|start_write    | out |    1| ap_ctrl_hs |     conv1    | return value |
|in_r_address0  | out |   14|  ap_memory |     in_r     |     array    |
|in_r_ce0       | out |    1|  ap_memory |     in_r     |     array    |
|in_r_q0        |  in |   32|  ap_memory |     in_r     |     array    |
|in_r_address1  | out |   14|  ap_memory |     in_r     |     array    |
|in_r_ce1       | out |    1|  ap_memory |     in_r     |     array    |
|in_r_q1        |  in |   32|  ap_memory |     in_r     |     array    |
|out_0_din      | out |   32|   ap_fifo  |     out_0    |    pointer   |
|out_0_full_n   |  in |    1|   ap_fifo  |     out_0    |    pointer   |
|out_0_write    | out |    1|   ap_fifo  |     out_0    |    pointer   |
|out_1_din      | out |   32|   ap_fifo  |     out_1    |    pointer   |
|out_1_full_n   |  in |    1|   ap_fifo  |     out_1    |    pointer   |
|out_1_write    | out |    1|   ap_fifo  |     out_1    |    pointer   |
|out_2_din      | out |   32|   ap_fifo  |     out_2    |    pointer   |
|out_2_full_n   |  in |    1|   ap_fifo  |     out_2    |    pointer   |
|out_2_write    | out |    1|   ap_fifo  |     out_2    |    pointer   |
|out_3_din      | out |   32|   ap_fifo  |     out_3    |    pointer   |
|out_3_full_n   |  in |    1|   ap_fifo  |     out_3    |    pointer   |
|out_3_write    | out |    1|   ap_fifo  |     out_3    |    pointer   |
|out_4_din      | out |   32|   ap_fifo  |     out_4    |    pointer   |
|out_4_full_n   |  in |    1|   ap_fifo  |     out_4    |    pointer   |
|out_4_write    | out |    1|   ap_fifo  |     out_4    |    pointer   |
|out_5_din      | out |   32|   ap_fifo  |     out_5    |    pointer   |
|out_5_full_n   |  in |    1|   ap_fifo  |     out_5    |    pointer   |
|out_5_write    | out |    1|   ap_fifo  |     out_5    |    pointer   |
|out_6_din      | out |   32|   ap_fifo  |     out_6    |    pointer   |
|out_6_full_n   |  in |    1|   ap_fifo  |     out_6    |    pointer   |
|out_6_write    | out |    1|   ap_fifo  |     out_6    |    pointer   |
|out_7_din      | out |   32|   ap_fifo  |     out_7    |    pointer   |
|out_7_full_n   |  in |    1|   ap_fifo  |     out_7    |    pointer   |
|out_7_write    | out |    1|   ap_fifo  |     out_7    |    pointer   |
+---------------+-----+-----+------------+--------------+--------------+

