Output:
[0,0] 0.526926 0.526926 0.526926 0.526926 0.526926 0.526926 0.526926 0.526926 0.526926 0.526926 0.526926 0.526926 0.526926 0.526926 0.526926 0.526926 
[0,1] 0.529831 0.529831 0.529831 0.529831 0.529831 0.529831 0.529831 0.529831 0.529831 0.529831 0.529831 0.529831 0.529831 0.529831 0.529831 0.529831 
[0,2] 0.532733 0.532733 0.532733 0.532733 0.532733 0.532733 0.532733 0.532733 0.532733 0.532733 0.532733 0.532733 0.532733 0.532733 0.532733 0.532733 
[0,3] 0.535633 0.535633 0.535633 0.535633 0.535633 0.535633 0.535633 0.535633 0.535633 0.535633 0.535633 0.535633 0.535633 0.535633 0.535633 0.535633 
[0,4] 0.538531 0.538531 0.538531 0.538531 0.538531 0.538531 0.538531 0.538531 0.538531 0.538531 0.538531 0.538531 0.538531 0.538531 0.538531 0.538531 
[0,5] 0.541426 0.541426 0.541426 0.541426 0.541426 0.541426 0.541426 0.541426 0.541426 0.541426 0.541426 0.541426 0.541426 0.541426 0.541426 0.541426 
[0,6] 0.544318 0.544318 0.544318 0.544318 0.544318 0.544318 0.544318 0.544318 0.544318 0.544318 0.544318 0.544318 0.544318 0.544318 0.544318 0.544318 
[0,7] 0.547208 0.547208 0.547208 0.547208 0.547208 0.547208 0.547208 0.547208 0.547208 0.547208 0.547208 0.547208 0.547208 0.547208 0.547208 0.547208 
[1,0] 0.529831 0.529831 0.529831 0.529831 0.529831 0.529831 0.529831 0.529831 0.529831 0.529831 0.529831 0.529831 0.529831 0.529831 0.529831 0.529831 
[1,1] 0.532733 0.532733 0.532733 0.532733 0.532733 0.532733 0.532733 0.532733 0.532733 0.532733 0.532733 0.532733 0.532733 0.532733 0.532733 0.532733 
[1,2] 0.535633 0.535633 0.535633 0.535633 0.535633 0.535633 0.535633 0.535633 0.535633 0.535633 0.535633 0.535633 0.535633 0.535633 0.535633 0.535633 
[1,3] 0.538531 0.538531 0.538531 0.538531 0.538531 0.538531 0.538531 0.538531 0.538531 0.538531 0.538531 0.538531 0.538531 0.538531 0.538531 0.538531 
[1,4] 0.541426 0.541426 0.541426 0.541426 0.541426 0.541426 0.541426 0.541426 0.541426 0.541426 0.541426 0.541426 0.541426 0.541426 0.541426 0.541426 
[1,5] 0.544318 0.544318 0.544318 0.544318 0.544318 0.544318 0.544318 0.544318 0.544318 0.544318 0.544318 0.544318 0.544318 0.544318 0.544318 0.544318 
[1,6] 0.547208 0.547208 0.547208 0.547208 0.547208 0.547208 0.547208 0.547208 0.547208 0.547208 0.547208 0.547208 0.547208 0.547208 0.547208 0.547208 
[1,7] 0.550094 0.550094 0.550094 0.550094 0.550094 0.550094 0.550094 0.550094 0.550094 0.550094 0.550094 0.550094 0.550094 0.550094 0.550094 0.550094 
[2,0] 0.532733 0.532733 0.532733 0.532733 0.532733 0.532733 0.532733 0.532733 0.532733 0.532733 0.532733 0.532733 0.532733 0.532733 0.532733 0.532733 
[2,1] 0.535633 0.535633 0.535633 0.535633 0.535633 0.535633 0.535633 0.535633 0.535633 0.535633 0.535633 0.535633 0.535633 0.535633 0.535633 0.535633 
[2,2] 0.538531 0.538531 0.538531 0.538531 0.538531 0.538531 0.538531 0.538531 0.538531 0.538531 0.538531 0.538531 0.538531 0.538531 0.538531 0.538531 
[2,3] 0.541426 0.541426 0.541426 0.541426 0.541426 0.541426 0.541426 0.541426 0.541426 0.541426 0.541426 0.541426 0.541426 0.541426 0.541426 0.541426 
[2,4] 0.544318 0.544318 0.544318 0.544318 0.544318 0.544318 0.544318 0.544318 0.544318 0.544318 0.544318 0.544318 0.544318 0.544318 0.544318 0.544318 
[2,5] 0.547208 0.547208 0.547208 0.547208 0.547208 0.547208 0.547208 0.547208 0.547208 0.547208 0.547208 0.547208 0.547208 0.547208 0.547208 0.547208 
[2,6] 0.550094 0.550094 0.550094 0.550094 0.550094 0.550094 0.550094 0.550094 0.550094 0.550094 0.550094 0.550094 0.550094 0.550094 0.550094 0.550094 
[2,7] 0.552976 0.552976 0.552976 0.552976 0.552976 0.552976 0.552976 0.552976 0.552976 0.552976 0.552976 0.552976 0.552976 0.552976 0.552976 0.552976 
[3,0] 0.535633 0.535633 0.535633 0.535633 0.535633 0.535633 0.535633 0.535633 0.535633 0.535633 0.535633 0.535633 0.535633 0.535633 0.535633 0.535633 
[3,1] 0.538531 0.538531 0.538531 0.538531 0.538531 0.538531 0.538531 0.538531 0.538531 0.538531 0.538531 0.538531 0.538531 0.538531 0.538531 0.538531 
[3,2] 0.541426 0.541426 0.541426 0.541426 0.541426 0.541426 0.541426 0.541426 0.541426 0.541426 0.541426 0.541426 0.541426 0.541426 0.541426 0.541426 
[3,3] 0.544318 0.544318 0.544318 0.544318 0.544318 0.544318 0.544318 0.544318 0.544318 0.544318 0.544318 0.544318 0.544318 0.544318 0.544318 0.544318 
[3,4] 0.547208 0.547208 0.547208 0.547208 0.547208 0.547208 0.547208 0.547208 0.547208 0.547208 0.547208 0.547208 0.547208 0.547208 0.547208 0.547208 
[3,5] 0.550094 0.550094 0.550094 0.550094 0.550094 0.550094 0.550094 0.550094 0.550094 0.550094 0.550094 0.550094 0.550094 0.550094 0.550094 0.550094 
[3,6] 0.552976 0.552976 0.552976 0.552976 0.552976 0.552976 0.552976 0.552976 0.552976 0.552976 0.552976 0.552976 0.552976 0.552976 0.552976 0.552976 
[3,7] 0.555856 0.555856 0.555856 0.555856 0.555856 0.555856 0.555856 0.555856 0.555856 0.555856 0.555856 0.555856 0.555856 0.555856 0.555856 0.555856 
[4,0] 0.538531 0.538531 0.538531 0.538531 0.538531 0.538531 0.538531 0.538531 0.538531 0.538531 0.538531 0.538531 0.538531 0.538531 0.538531 0.538531 
[4,1] 0.541426 0.541426 0.541426 0.541426 0.541426 0.541426 0.541426 0.541426 0.541426 0.541426 0.541426 0.541426 0.541426 0.541426 0.541426 0.541426 
[4,2] 0.544318 0.544318 0.544318 0.544318 0.544318 0.544318 0.544318 0.544318 0.544318 0.544318 0.544318 0.544318 0.544318 0.544318 0.544318 0.544318 
[4,3] 0.547208 0.547208 0.547208 0.547208 0.547208 0.547208 0.547208 0.547208 0.547208 0.547208 0.547208 0.547208 0.547208 0.547208 0.547208 0.547208 
[4,4] 0.550094 0.550094 0.550094 0.550094 0.550094 0.550094 0.550094 0.550094 0.550094 0.550094 0.550094 0.550094 0.550094 0.550094 0.550094 0.550094 
[4,5] 0.552976 0.552976 0.552976 0.552976 0.552976 0.552976 0.552976 0.552976 0.552976 0.552976 0.552976 0.552976 0.552976 0.552976 0.552976 0.552976 
[4,6] 0.555856 0.555856 0.555856 0.555856 0.555856 0.555856 0.555856 0.555856 0.555856 0.555856 0.555856 0.555856 0.555856 0.555856 0.555856 0.555856 
[4,7] 0.558731 0.558731 0.558731 0.558731 0.558731 0.558731 0.558731 0.558731 0.558731 0.558731 0.558731 0.558731 0.558731 0.558731 0.558731 0.558731 
[5,0] 0.541426 0.541426 0.541426 0.541426 0.541426 0.541426 0.541426 0.541426 0.541426 0.541426 0.541426 0.541426 0.541426 0.541426 0.541426 0.541426 
[5,1] 0.544318 0.544318 0.544318 0.544318 0.544318 0.544318 0.544318 0.544318 0.544318 0.544318 0.544318 0.544318 0.544318 0.544318 0.544318 0.544318 
[5,2] 0.547208 0.547208 0.547208 0.547208 0.547208 0.547208 0.547208 0.547208 0.547208 0.547208 0.547208 0.547208 0.547208 0.547208 0.547208 0.547208 
[5,3] 0.550094 0.550094 0.550094 0.550094 0.550094 0.550094 0.550094 0.550094 0.550094 0.550094 0.550094 0.550094 0.550094 0.550094 0.550094 0.550094 
[5,4] 0.552976 0.552976 0.552976 0.552976 0.552976 0.552976 0.552976 0.552976 0.552976 0.552976 0.552976 0.552976 0.552976 0.552976 0.552976 0.552976 
[5,5] 0.555856 0.555856 0.555856 0.555856 0.555856 0.555856 0.555856 0.555856 0.555856 0.555856 0.555856 0.555856 0.555856 0.555856 0.555856 0.555856 
[5,6] 0.558731 0.558731 0.558731 0.558731 0.558731 0.558731 0.558731 0.558731 0.558731 0.558731 0.558731 0.558731 0.558731 0.558731 0.558731 0.558731 
[5,7] 0.561603 0.561603 0.561603 0.561603 0.561603 0.561603 0.561603 0.561603 0.561603 0.561603 0.561603 0.561603 0.561603 0.561603 0.561603 0.561603 
[6,0] 0.544318 0.544318 0.544318 0.544318 0.544318 0.544318 0.544318 0.544318 0.544318 0.544318 0.544318 0.544318 0.544318 0.544318 0.544318 0.544318 
[6,1] 0.547208 0.547208 0.547208 0.547208 0.547208 0.547208 0.547208 0.547208 0.547208 0.547208 0.547208 0.547208 0.547208 0.547208 0.547208 0.547208 
[6,2] 0.550094 0.550094 0.550094 0.550094 0.550094 0.550094 0.550094 0.550094 0.550094 0.550094 0.550094 0.550094 0.550094 0.550094 0.550094 0.550094 
[6,3] 0.552976 0.552976 0.552976 0.552976 0.552976 0.552976 0.552976 0.552976 0.552976 0.552976 0.552976 0.552976 0.552976 0.552976 0.552976 0.552976 
[6,4] 0.555856 0.555856 0.555856 0.555856 0.555856 0.555856 0.555856 0.555856 0.555856 0.555856 0.555856 0.555856 0.555856 0.555856 0.555856 0.555856 
[6,5] 0.558731 0.558731 0.558731 0.558731 0.558731 0.558731 0.558731 0.558731 0.558731 0.558731 0.558731 0.558731 0.558731 0.558731 0.558731 0.558731 
[6,6] 0.561603 0.561603 0.561603 0.561603 0.561603 0.561603 0.561603 0.561603 0.561603 0.561603 0.561603 0.561603 0.561603 0.561603 0.561603 0.561603 
[6,7] 0.564470 0.564470 0.564470 0.564470 0.564470 0.564470 0.564470 0.564470 0.564470 0.564470 0.564470 0.564470 0.564470 0.564470 0.564470 0.564470 
[7,0] 0.547208 0.547208 0.547208 0.547208 0.547208 0.547208 0.547208 0.547208 0.547208 0.547208 0.547208 0.547208 0.547208 0.547208 0.547208 0.547208 
[7,1] 0.550094 0.550094 0.550094 0.550094 0.550094 0.550094 0.550094 0.550094 0.550094 0.550094 0.550094 0.550094 0.550094 0.550094 0.550094 0.550094 
[7,2] 0.552976 0.552976 0.552976 0.552976 0.552976 0.552976 0.552976 0.552976 0.552976 0.552976 0.552976 0.552976 0.552976 0.552976 0.552976 0.552976 
[7,3] 0.555856 0.555856 0.555856 0.555856 0.555856 0.555856 0.555856 0.555856 0.555856 0.555856 0.555856 0.555856 0.555856 0.555856 0.555856 0.555856 
[7,4] 0.558731 0.558731 0.558731 0.558731 0.558731 0.558731 0.558731 0.558731 0.558731 0.558731 0.558731 0.558731 0.558731 0.558731 0.558731 0.558731 
[7,5] 0.561603 0.561603 0.561603 0.561603 0.561603 0.561603 0.561603 0.561603 0.561603 0.561603 0.561603 0.561603 0.561603 0.561603 0.561603 0.561603 
[7,6] 0.564470 0.564470 0.564470 0.564470 0.564470 0.564470 0.564470 0.564470 0.564470 0.564470 0.564470 0.564470 0.564470 0.564470 0.564470 0.564470 
[7,7] 0.567333 0.567333 0.567333 0.567333 0.567333 0.567333 0.567333 0.567333 0.567333 0.567333 0.567333 0.567333 0.567333 0.567333 0.567333 0.567333 
Init weights...
Init image...
Run CNN...

Output channel 0

 0.500  0.500  0.500  0.500  0.500  0.500  0.500  0.500 
 0.500  1.000  1.000  1.000  1.000  1.000  1.000  0.500 
 0.500  1.000  1.000  1.000  1.000  1.000  1.000  0.500 
 0.500  1.000  1.000  1.000  1.000  1.000  1.000  0.500 
 0.500  1.000  1.000  1.000  1.000  1.000  1.000  0.500 
 0.500  1.000  1.000  1.000  1.000  1.000  1.000  0.500 
 0.500  1.000  1.000  1.000  1.000  1.000  1.000  0.500 
 0.500  0.500  0.500  0.500  0.500  0.500  0.500  0.500 

Detected cells:

Cell(1,1): x=1.00 y=1.00 w=1.00 h=1.00 conf=1.00 class=1.00
Cell(1,2): x=1.00 y=1.00 w=1.00 h=1.00 conf=1.00 class=1.00
Cell(1,3): x=1.00 y=1.00 w=1.00 h=1.00 conf=1.00 class=1.00
Cell(1,4): x=1.00 y=1.00 w=1.00 h=1.00 conf=1.00 class=1.00
Cell(1,5): x=1.00 y=1.00 w=1.00 h=1.00 conf=1.00 class=1.00
Cell(1,6): x=1.00 y=1.00 w=1.00 h=1.00 conf=1.00 class=1.00
Cell(2,1): x=1.00 y=1.00 w=1.00 h=1.00 conf=1.00 class=1.00
Cell(2,2): x=1.00 y=1.00 w=1.00 h=1.00 conf=1.00 class=1.00
Cell(2,3): x=1.00 y=1.00 w=1.00 h=1.00 conf=1.00 class=1.00
Cell(2,4): x=1.00 y=1.00 w=1.00 h=1.00 conf=1.00 class=1.00
Cell(2,5): x=1.00 y=1.00 w=1.00 h=1.00 conf=1.00 class=1.00
Cell(2,6): x=1.00 y=1.00 w=1.00 h=1.00 conf=1.00 class=1.00
Cell(3,1): x=1.00 y=1.00 w=1.00 h=1.00 conf=1.00 class=1.00
Cell(3,2): x=1.00 y=1.00 w=1.00 h=1.00 conf=1.00 class=1.00
Cell(3,3): x=1.00 y=1.00 w=1.00 h=1.00 conf=1.00 class=1.00
Cell(3,4): x=1.00 y=1.00 w=1.00 h=1.00 conf=1.00 class=1.00
Cell(3,5): x=1.00 y=1.00 w=1.00 h=1.00 conf=1.00 class=1.00
Cell(3,6): x=1.00 y=1.00 w=1.00 h=1.00 conf=1.00 class=1.00
Cell(4,1): x=1.00 y=1.00 w=1.00 h=1.00 conf=1.00 class=1.00
Cell(4,2): x=1.00 y=1.00 w=1.00 h=1.00 conf=1.00 class=1.00
Cell(4,3): x=1.00 y=1.00 w=1.00 h=1.00 conf=1.00 class=1.00
Cell(4,4): x=1.00 y=1.00 w=1.00 h=1.00 conf=1.00 class=1.00
Cell(4,5): x=1.00 y=1.00 w=1.00 h=1.00 conf=1.00 class=1.00
Cell(4,6): x=1.00 y=1.00 w=1.00 h=1.00 conf=1.00 class=1.00
Cell(5,1): x=1.00 y=1.00 w=1.00 h=1.00 conf=1.00 class=1.00
Cell(5,2): x=1.00 y=1.00 w=1.00 h=1.00 conf=1.00 class=1.00
Cell(5,3): x=1.00 y=1.00 w=1.00 h=1.00 conf=1.00 class=1.00
Cell(5,4): x=1.00 y=1.00 w=1.00 h=1.00 conf=1.00 class=1.00
Cell(5,5): x=1.00 y=1.00 w=1.00 h=1.00 conf=1.00 class=1.00
Cell(5,6): x=1.00 y=1.00 w=1.00 h=1.00 conf=1.00 class=1.00
Cell(6,1): x=1.00 y=1.00 w=1.00 h=1.00 conf=1.00 class=1.00
Cell(6,2): x=1.00 y=1.00 w=1.00 h=1.00 conf=1.00 class=1.00
Cell(6,3): x=1.00 y=1.00 w=1.00 h=1.00 conf=1.00 class=1.00
Cell(6,4): x=1.00 y=1.00 w=1.00 h=1.00 conf=1.00 class=1.00
Cell(6,5): x=1.00 y=1.00 w=1.00 h=1.00 conf=1.00 class=1.00
Cell(6,6): x=1.00 y=1.00 w=1.00 h=1.00 conf=1.00 class=1.00
Init weights...
Init image...
Run CNN...

Output channel 0

 0.500  0.500  0.500  0.500  0.500  0.500  0.500  0.500 
 0.500  1.000  1.000  1.000  1.000  1.000  1.000  0.500 
 0.500  1.000  1.000  1.000  1.000  1.000  1.000  0.500 
 0.500  1.000  1.000  1.000  1.000  1.000  1.000  0.500 
 0.500  1.000  1.000  1.000  1.000  1.000  1.000  0.500 
 0.500  1.000  1.000  1.000  1.000  1.000  1.000  0.500 
 0.500  1.000  1.000  1.000  1.000  1.000  1.000  0.500 
 0.500  0.500  0.500  0.500  0.500  0.500  0.500  0.500 

Detected cells:

Cell(1,1): x=1.00 y=1.00 w=1.00 h=1.00 conf=1.00 class=1.00
Cell(1,2): x=1.00 y=1.00 w=1.00 h=1.00 conf=1.00 class=1.00
Cell(1,3): x=1.00 y=1.00 w=1.00 h=1.00 conf=1.00 class=1.00
Cell(1,4): x=1.00 y=1.00 w=1.00 h=1.00 conf=1.00 class=1.00
Cell(1,5): x=1.00 y=1.00 w=1.00 h=1.00 conf=1.00 class=1.00
Cell(1,6): x=1.00 y=1.00 w=1.00 h=1.00 conf=1.00 class=1.00
Cell(2,1): x=1.00 y=1.00 w=1.00 h=1.00 conf=1.00 class=1.00
Cell(2,2): x=1.00 y=1.00 w=1.00 h=1.00 conf=1.00 class=1.00
Cell(2,3): x=1.00 y=1.00 w=1.00 h=1.00 conf=1.00 class=1.00
Cell(2,4): x=1.00 y=1.00 w=1.00 h=1.00 conf=1.00 class=1.00
Cell(2,5): x=1.00 y=1.00 w=1.00 h=1.00 conf=1.00 class=1.00
Cell(2,6): x=1.00 y=1.00 w=1.00 h=1.00 conf=1.00 class=1.00
Cell(3,1): x=1.00 y=1.00 w=1.00 h=1.00 conf=1.00 class=1.00
Cell(3,2): x=1.00 y=1.00 w=1.00 h=1.00 conf=1.00 class=1.00
Cell(3,3): x=1.00 y=1.00 w=1.00 h=1.00 conf=1.00 class=1.00
Cell(3,4): x=1.00 y=1.00 w=1.00 h=1.00 conf=1.00 class=1.00
Cell(3,5): x=1.00 y=1.00 w=1.00 h=1.00 conf=1.00 class=1.00
Cell(3,6): x=1.00 y=1.00 w=1.00 h=1.00 conf=1.00 class=1.00
Cell(4,1): x=1.00 y=1.00 w=1.00 h=1.00 conf=1.00 class=1.00
Cell(4,2): x=1.00 y=1.00 w=1.00 h=1.00 conf=1.00 class=1.00
Cell(4,3): x=1.00 y=1.00 w=1.00 h=1.00 conf=1.00 class=1.00
Cell(4,4): x=1.00 y=1.00 w=1.00 h=1.00 conf=1.00 class=1.00
Cell(4,5): x=1.00 y=1.00 w=1.00 h=1.00 conf=1.00 class=1.00
Cell(4,6): x=1.00 y=1.00 w=1.00 h=1.00 conf=1.00 class=1.00
Cell(5,1): x=1.00 y=1.00 w=1.00 h=1.00 conf=1.00 class=1.00
Cell(5,2): x=1.00 y=1.00 w=1.00 h=1.00 conf=1.00 class=1.00
Cell(5,3): x=1.00 y=1.00 w=1.00 h=1.00 conf=1.00 class=1.00
Cell(5,4): x=1.00 y=1.00 w=1.00 h=1.00 conf=1.00 class=1.00
Cell(5,5): x=1.00 y=1.00 w=1.00 h=1.00 conf=1.00 class=1.00
Cell(5,6): x=1.00 y=1.00 w=1.00 h=1.00 conf=1.00 class=1.00
Cell(6,1): x=1.00 y=1.00 w=1.00 h=1.00 conf=1.00 class=1.00
Cell(6,2): x=1.00 y=1.00 w=1.00 h=1.00 conf=1.00 class=1.00
Cell(6,3): x=1.00 y=1.00 w=1.00 h=1.00 conf=1.00 class=1.00
Cell(6,4): x=1.00 y=1.00 w=1.00 h=1.00 conf=1.00 class=1.00
Cell(6,5): x=1.00 y=1.00 w=1.00 h=1.00 conf=1.00 class=1.00
Cell(6,6): x=1.00 y=1.00 w=1.00 h=1.00 conf=1.00 class=1.00
Init weights...
Init image...
Run CNN...

Output channel 0

 0.500  0.500  0.500  0.500  0.500  0.500  0.500  0.500 
 0.500  1.000  1.000  1.000  1.000  1.000  1.000  0.500 
 0.500  1.000  1.000  1.000  1.000  1.000  1.000  0.500 
 0.500  1.000  1.000  1.000  1.000  1.000  1.000  0.500 
 0.500  1.000  1.000  1.000  1.000  1.000  1.000  0.500 
 0.500  1.000  1.000  1.000  1.000  1.000  1.000  0.500 
 0.500  1.000  1.000  1.000  1.000  1.000  1.000  0.500 
 0.500  0.500  0.500  0.500  0.500  0.500  0.500  0.500 
Init weights...
Init image...
Run CNN...

Output channel 0

 0.500  0.500  0.500  0.500  0.500  0.500  0.500  0.500 
 0.500  1.000  1.000  1.000  1.000  1.000  1.000  0.500 
 0.500  1.000  1.000  1.000  1.000  1.000  1.000  0.500 
 0.500  1.000  1.000  1.000  1.000  1.000  1.000  0.500 
 0.500  1.000  1.000  1.000  1.000  1.000  1.000  0.500 
 0.500  1.000  1.000  1.000  1.000  1.000  1.000  0.500 
 0.500  1.000  1.000  1.000  1.000  1.000  1.000  0.500 
 0.500  0.500  0.500  0.500  0.500  0.500  0.500  0.500 

Detected cells:

Cell(1,1): x=1.00 y=1.00 w=1.00 h=1.00 conf=1.00 class=1.00
Cell(1,2): x=1.00 y=1.00 w=1.00 h=1.00 conf=1.00 class=1.00
Cell(1,3): x=1.00 y=1.00 w=1.00 h=1.00 conf=1.00 class=1.00
Cell(1,4): x=1.00 y=1.00 w=1.00 h=1.00 conf=1.00 class=1.00
Cell(1,5): x=1.00 y=1.00 w=1.00 h=1.00 conf=1.00 class=1.00
Cell(1,6): x=1.00 y=1.00 w=1.00 h=1.00 conf=1.00 class=1.00
Cell(2,1): x=1.00 y=1.00 w=1.00 h=1.00 conf=1.00 class=1.00
Cell(2,2): x=1.00 y=1.00 w=1.00 h=1.00 conf=1.00 class=1.00
Cell(2,3): x=1.00 y=1.00 w=1.00 h=1.00 conf=1.00 class=1.00
Cell(2,4): x=1.00 y=1.00 w=1.00 h=1.00 conf=1.00 class=1.00
Cell(2,5): x=1.00 y=1.00 w=1.00 h=1.00 conf=1.00 class=1.00
Cell(2,6): x=1.00 y=1.00 w=1.00 h=1.00 conf=1.00 class=1.00
Cell(3,1): x=1.00 y=1.00 w=1.00 h=1.00 conf=1.00 class=1.00
Cell(3,2): x=1.00 y=1.00 w=1.00 h=1.00 conf=1.00 class=1.00
Cell(3,3): x=1.00 y=1.00 w=1.00 h=1.00 conf=1.00 class=1.00
Cell(3,4): x=1.00 y=1.00 w=1.00 h=1.00 conf=1.00 class=1.00
Cell(3,5): x=1.00 y=1.00 w=1.00 h=1.00 conf=1.00 class=1.00
Cell(3,6): x=1.00 y=1.00 w=1.00 h=1.00 conf=1.00 class=1.00
Cell(4,1): x=1.00 y=1.00 w=1.00 h=1.00 conf=1.00 class=1.00
Cell(4,2): x=1.00 y=1.00 w=1.00 h=1.00 conf=1.00 class=1.00
Cell(4,3): x=1.00 y=1.00 w=1.00 h=1.00 conf=1.00 class=1.00
Cell(4,4): x=1.00 y=1.00 w=1.00 h=1.00 conf=1.00 class=1.00
Cell(4,5): x=1.00 y=1.00 w=1.00 h=1.00 conf=1.00 class=1.00
Cell(4,6): x=1.00 y=1.00 w=1.00 h=1.00 conf=1.00 class=1.00
Cell(5,1): x=1.00 y=1.00 w=1.00 h=1.00 conf=1.00 class=1.00
Cell(5,2): x=1.00 y=1.00 w=1.00 h=1.00 conf=1.00 class=1.00
Cell(5,3): x=1.00 y=1.00 w=1.00 h=1.00 conf=1.00 class=1.00
Cell(5,4): x=1.00 y=1.00 w=1.00 h=1.00 conf=1.00 class=1.00
Cell(5,5): x=1.00 y=1.00 w=1.00 h=1.00 conf=1.00 class=1.00
Cell(5,6): x=1.00 y=1.00 w=1.00 h=1.00 conf=1.00 class=1.00
Cell(6,1): x=1.00 y=1.00 w=1.00 h=1.00 conf=1.00 class=1.00
Cell(6,2): x=1.00 y=1.00 w=1.00 h=1.00 conf=1.00 class=1.00
Cell(6,3): x=1.00 y=1.00 w=1.00 h=1.00 conf=1.00 class=1.00
Cell(6,4): x=1.00 y=1.00 w=1.00 h=1.00 conf=1.00 class=1.00
Cell(6,5): x=1.00 y=1.00 w=1.00 h=1.00 conf=1.00 class=1.00
Cell(6,6): x=1.00 y=1.00 w=1.00 h=1.00 conf=1.00 class=1.00
