#-----------------------------------------------------------
# xsim v2018.3 (64-bit)
# SW Build 2405991 on Thu Dec  6 23:38:27 MST 2018
# IP Build 2404404 on Fri Dec  7 01:43:56 MST 2018
# Start of session at: Mon Jun  8 19:51:22 2026
# Process ID: 5552
# Current directory: Z:/thietkephancunglab/finalproj/finalproj/nodirective/sim/vhdl
# Command line: xsim.exe -mode tcl -source {xsim.dir/topp/xsim_script.tcl}
# Log file: Z:/thietkephancunglab/finalproj/finalproj/nodirective/sim/vhdl/xsim.log
# Journal file: Z:/thietkephancunglab/finalproj/finalproj/nodirective/sim/vhdl\xsim.jou
#-----------------------------------------------------------
source xsim.dir/topp/xsim_script.tcl
# xsim {topp} -autoloadwcfg -tclbatch {topp.tcl}
Vivado Simulator 2018.3
Time resolution is 1 ps
source topp.tcl
## run all
Warning: OPMODE Input Warning : The OPMODE 0110X0X with CARRYINSEL  000 to DSP48E1 instance is invalid.
Time: 100010 ps  Iteration: 0  Process: /apatb_topp_top/AESL_inst_topp/grp_conv5_fu_80/topp_fadd_32ns_32bkb_U30/topp_ap_fadd_3_full_dsp_32_u/U0/i_synth/addsub_op/ADDSUB/speed_op/dsp/OP/dsp48e1_body/ALIGN_ADD/DSP2/DSP/prcs_opmode_drc  File: Z:\Vivado\2018.3\data/vhdl/src/unisims/primitive/DSP48E1.vhd
Warning: OPMODE Input Warning : The OPMODE 0110X0X with CARRYINSEL  000 to DSP48E1 instance is invalid.
Time: 100010 ps  Iteration: 0  Process: /apatb_topp_top/AESL_inst_topp/grp_conv3_fu_72/topp_fadd_32ns_32bkb_U20/topp_ap_fadd_3_full_dsp_32_u/U0/i_synth/addsub_op/ADDSUB/speed_op/dsp/OP/dsp48e1_body/ALIGN_ADD/DSP2/DSP/prcs_opmode_drc  File: Z:\Vivado\2018.3\data/vhdl/src/unisims/primitive/DSP48E1.vhd
Warning: OPMODE Input Warning : The OPMODE 0110X0X with CARRYINSEL  000 to DSP48E1 instance is invalid.
Time: 100010 ps  Iteration: 0  Process: /apatb_topp_top/AESL_inst_topp/grp_conv4_fu_64/topp_fadd_32ns_32bkb_U25/topp_ap_fadd_3_full_dsp_32_u/U0/i_synth/addsub_op/ADDSUB/speed_op/dsp/OP/dsp48e1_body/ALIGN_ADD/DSP2/DSP/prcs_opmode_drc  File: Z:\Vivado\2018.3\data/vhdl/src/unisims/primitive/DSP48E1.vhd
Warning: OPMODE Input Warning : The OPMODE 0110X0X with CARRYINSEL  000 to DSP48E1 instance is invalid.
Time: 100010 ps  Iteration: 0  Process: /apatb_topp_top/AESL_inst_topp/grp_conv1_fu_56/topp_fadd_32ns_32bkb_U1/topp_ap_fadd_3_full_dsp_32_u/U0/i_synth/addsub_op/ADDSUB/speed_op/dsp/OP/dsp48e1_body/ALIGN_ADD/DSP2/DSP/prcs_opmode_drc  File: Z:\Vivado\2018.3\data/vhdl/src/unisims/primitive/DSP48E1.vhd
Warning: OPMODE Input Warning : The OPMODE 0110X0X with CARRYINSEL  000 to DSP48E1 instance is invalid.
Time: 100010 ps  Iteration: 0  Process: /apatb_topp_top/AESL_inst_topp/grp_conv2_fu_48/topp_fadd_32ns_32bkb_U12/topp_ap_fadd_3_full_dsp_32_u/U0/i_synth/addsub_op/ADDSUB/speed_op/dsp/OP/dsp48e1_body/ALIGN_ADD/DSP2/DSP/prcs_opmode_drc  File: Z:\Vivado\2018.3\data/vhdl/src/unisims/primitive/DSP48E1.vhd
Warning: OPMODE Input Warning : The OPMODE 011XX11 with CARRYINSEL  000 to DSP48E1 instance is invalid.
Time: 100010 ps  Iteration: 0  Process: /apatb_topp_top/AESL_inst_topp/grp_detection_head_fu_40/topp_fexp_32ns_32fYi_U37/topp_ap_fexp_7_full_dsp_32_u/U0/i_synth/exp_op/i_sp_or_dp/OP/i_renorm_and_round/dsp48_e1/dsp48e1_add/DSP48E1_ADD/DSP/prcs_opmode_drc  File: Z:\Vivado\2018.3\data/vhdl/src/unisims/primitive/DSP48E1.vhd
Warning: OPMODE Input Warning : The OPMODE 0110X0X with CARRYINSEL  000 to DSP48E1 instance is invalid.
Time: 100010 ps  Iteration: 0  Process: /apatb_topp_top/AESL_inst_topp/grp_detection_head_fu_40/topp_fadd_32ns_32bkb_U34/topp_ap_fadd_3_full_dsp_32_u/U0/i_synth/addsub_op/ADDSUB/speed_op/dsp/OP/dsp48e1_body/ALIGN_ADD/DSP2/DSP/prcs_opmode_drc  File: Z:\Vivado\2018.3\data/vhdl/src/unisims/primitive/DSP48E1.vhd
