Init weights...
Init image...
Run CNN...

Output channel 0

 0.500  0.500  0.500  0.500  0.500  0.500  0.500  0.500 
 0.500  1.000  1.000  1.000  1.000  1.000  1.000  0.500 
 0.500  1.000  1.000  1.000  1.000  1.000  1.000  0.500 
 0.500  1.000  1.000  1.000  1.000  1.000  1.000  0.500 
 0.500  1.000  1.000  1.000  1.000  1.000  1.000  0.500 
 0.500  1.000  1.000  1.000  1.000  1.000  1.000  0.500 
 0.500  1.000  1.000  1.000  1.000  1.000  1.000  0.500 
 0.500  0.500  0.500  0.500  0.500  0.500  0.500  0.500 

Detected cells:

Cell(1,1): x=1.00 y=1.00 w=1.00 h=1.00 conf=1.00 class=1.00
Cell(1,2): x=1.00 y=1.00 w=1.00 h=1.00 conf=1.00 class=1.00
Cell(1,3): x=1.00 y=1.00 w=1.00 h=1.00 conf=1.00 class=1.00
Cell(1,4): x=1.00 y=1.00 w=1.00 h=1.00 conf=1.00 class=1.00
Cell(1,5): x=1.00 y=1.00 w=1.00 h=1.00 conf=1.00 class=1.00
Cell(1,6): x=1.00 y=1.00 w=1.00 h=1.00 conf=1.00 class=1.00
Cell(2,1): x=1.00 y=1.00 w=1.00 h=1.00 conf=1.00 class=1.00
Cell(2,2): x=1.00 y=1.00 w=1.00 h=1.00 conf=1.00 class=1.00
Cell(2,3): x=1.00 y=1.00 w=1.00 h=1.00 conf=1.00 class=1.00
Cell(2,4): x=1.00 y=1.00 w=1.00 h=1.00 conf=1.00 class=1.00
Cell(2,5): x=1.00 y=1.00 w=1.00 h=1.00 conf=1.00 class=1.00
Cell(2,6): x=1.00 y=1.00 w=1.00 h=1.00 conf=1.00 class=1.00
Cell(3,1): x=1.00 y=1.00 w=1.00 h=1.00 conf=1.00 class=1.00
Cell(3,2): x=1.00 y=1.00 w=1.00 h=1.00 conf=1.00 class=1.00
Cell(3,3): x=1.00 y=1.00 w=1.00 h=1.00 conf=1.00 class=1.00
Cell(3,4): x=1.00 y=1.00 w=1.00 h=1.00 conf=1.00 class=1.00
Cell(3,5): x=1.00 y=1.00 w=1.00 h=1.00 conf=1.00 class=1.00
Cell(3,6): x=1.00 y=1.00 w=1.00 h=1.00 conf=1.00 class=1.00
Cell(4,1): x=1.00 y=1.00 w=1.00 h=1.00 conf=1.00 class=1.00
Cell(4,2): x=1.00 y=1.00 w=1.00 h=1.00 conf=1.00 class=1.00
Cell(4,3): x=1.00 y=1.00 w=1.00 h=1.00 conf=1.00 class=1.00
Cell(4,4): x=1.00 y=1.00 w=1.00 h=1.00 conf=1.00 class=1.00
Cell(4,5): x=1.00 y=1.00 w=1.00 h=1.00 conf=1.00 class=1.00
Cell(4,6): x=1.00 y=1.00 w=1.00 h=1.00 conf=1.00 class=1.00
Cell(5,1): x=1.00 y=1.00 w=1.00 h=1.00 conf=1.00 class=1.00
Cell(5,2): x=1.00 y=1.00 w=1.00 h=1.00 conf=1.00 class=1.00
Cell(5,3): x=1.00 y=1.00 w=1.00 h=1.00 conf=1.00 class=1.00
Cell(5,4): x=1.00 y=1.00 w=1.00 h=1.00 conf=1.00 class=1.00
Cell(5,5): x=1.00 y=1.00 w=1.00 h=1.00 conf=1.00 class=1.00
Cell(5,6): x=1.00 y=1.00 w=1.00 h=1.00 conf=1.00 class=1.00
Cell(6,1): x=1.00 y=1.00 w=1.00 h=1.00 conf=1.00 class=1.00
Cell(6,2): x=1.00 y=1.00 w=1.00 h=1.00 conf=1.00 class=1.00
Cell(6,3): x=1.00 y=1.00 w=1.00 h=1.00 conf=1.00 class=1.00
Cell(6,4): x=1.00 y=1.00 w=1.00 h=1.00 conf=1.00 class=1.00
Cell(6,5): x=1.00 y=1.00 w=1.00 h=1.00 conf=1.00 class=1.00
Cell(6,6): x=1.00 y=1.00 w=1.00 h=1.00 conf=1.00 class=1.00

Z:\thietkephancunglab\finalprojop\topp\solution1\sim\vhdl>set PATH= 

Z:\thietkephancunglab\finalprojop\topp\solution1\sim\vhdl>call Z:/Vivado/2018.3/bin/xelab xil_defaultlib.apatb_topp_top glbl -prj topp.prj -L smartconnect_v1_0 -L axi_protocol_checker_v1_1_12 -L axi_protocol_checker_v1_1_13 -L axis_protocol_checker_v1_1_11 -L axis_protocol_checker_v1_1_12 -L xil_defaultlib -L unisims -L xpm --initfile "Z:/Vivado/2018.3/data/xsim/ip/xsim_ip.ini" --lib "ieee_proposed=./ieee_proposed" -s topp -debug wave 
INFO: [XSIM 43-3496] Using init file passed via -initfile option "Z:/Vivado/2018.3/data/xsim/ip/xsim_ip.ini".
Vivado Simulator 2018.3
Copyright 1986-1999, 2001-2018 Xilinx, Inc. All Rights Reserved.
Running: Z:/Vivado/2018.3/bin/unwrapped/win64.o/xelab.exe xil_defaultlib.apatb_topp_top glbl -prj topp.prj -L smartconnect_v1_0 -L axi_protocol_checker_v1_1_12 -L axi_protocol_checker_v1_1_13 -L axis_protocol_checker_v1_1_11 -L axis_protocol_checker_v1_1_12 -L xil_defaultlib -L unisims -L xpm --initfile Z:/Vivado/2018.3/data/xsim/ip/xsim_ip.ini --lib ieee_proposed=./ieee_proposed -s topp -debug wave 
Multi-threading is on. Using 14 slave threads.
Determining compilation order of HDL files.
INFO: [VRFC 10-2263] Analyzing SystemVerilog file "Z:/thietkephancunglab/finalprojop/topp/solution1/sim/vhdl/glbl.v" into library work
INFO: [VRFC 10-311] analyzing module glbl
INFO: [VRFC 10-163] Analyzing VHDL file "Z:/thietkephancunglab/finalprojop/topp/solution1/sim/vhdl/AESL_sim_pkg.vhd" into library xil_defaultlib
INFO: [VRFC 10-163] Analyzing VHDL file "Z:/thietkephancunglab/finalprojop/topp/solution1/sim/vhdl/ip/xil_defaultlib/topp_ap_fadd_3_full_dsp_32.vhd" into library xil_defaultlib
INFO: [VRFC 10-3107] analyzing entity 'topp_ap_fadd_3_full_dsp_32'
INFO: [VRFC 10-163] Analyzing VHDL file "Z:/thietkephancunglab/finalprojop/topp/solution1/sim/vhdl/ip/xil_defaultlib/topp_ap_fexp_7_full_dsp_32.vhd" into library xil_defaultlib
INFO: [VRFC 10-3107] analyzing entity 'topp_ap_fexp_7_full_dsp_32'
INFO: [VRFC 10-163] Analyzing VHDL file "Z:/thietkephancunglab/finalprojop/topp/solution1/sim/vhdl/ip/xil_defaultlib/topp_ap_frecip_8_full_dsp_32.vhd" into library xil_defaultlib
INFO: [VRFC 10-3107] analyzing entity 'topp_ap_frecip_8_full_dsp_32'
INFO: [VRFC 10-163] Analyzing VHDL file "Z:/thietkephancunglab/finalprojop/topp/solution1/sim/vhdl/AESL_automem_image_r.vhd" into library xil_defaultlib
INFO: [VRFC 10-3107] analyzing entity 'AESL_automem_image_r'
INFO: [VRFC 10-163] Analyzing VHDL file "Z:/thietkephancunglab/finalprojop/topp/solution1/sim/vhdl/AESL_automem_output_r.vhd" into library xil_defaultlib
INFO: [VRFC 10-3107] analyzing entity 'AESL_automem_output_r'
INFO: [VRFC 10-163] Analyzing VHDL file "Z:/thietkephancunglab/finalprojop/topp/solution1/sim/vhdl/conv1.vhd" into library xil_defaultlib
INFO: [VRFC 10-3107] analyzing entity 'conv1'
INFO: [VRFC 10-163] Analyzing VHDL file "Z:/thietkephancunglab/finalprojop/topp/solution1/sim/vhdl/conv1_linbu_4_1_0.vhd" into library xil_defaultlib
INFO: [VRFC 10-3107] analyzing entity 'conv1_linbu_4_1_0_ram'
INFO: [VRFC 10-3107] analyzing entity 'conv1_linbu_4_1_0'
INFO: [VRFC 10-163] Analyzing VHDL file "Z:/thietkephancunglab/finalprojop/topp/solution1/sim/vhdl/conv2.vhd" into library xil_defaultlib
INFO: [VRFC 10-3107] analyzing entity 'conv2'
INFO: [VRFC 10-163] Analyzing VHDL file "Z:/thietkephancunglab/finalprojop/topp/solution1/sim/vhdl/conv2_linbu_5_1_0.vhd" into library xil_defaultlib
INFO: [VRFC 10-3107] analyzing entity 'conv2_linbu_5_1_0_ram'
INFO: [VRFC 10-3107] analyzing entity 'conv2_linbu_5_1_0'
INFO: [VRFC 10-163] Analyzing VHDL file "Z:/thietkephancunglab/finalprojop/topp/solution1/sim/vhdl/conv3.vhd" into library xil_defaultlib
INFO: [VRFC 10-3107] analyzing entity 'conv3'
INFO: [VRFC 10-163] Analyzing VHDL file "Z:/thietkephancunglab/finalprojop/topp/solution1/sim/vhdl/conv3_linbu_6_1_0_0.vhd" into library xil_defaultlib
INFO: [VRFC 10-3107] analyzing entity 'conv3_linbu_6_1_0_0_ram'
INFO: [VRFC 10-3107] analyzing entity 'conv3_linbu_6_1_0_0'
INFO: [VRFC 10-163] Analyzing VHDL file "Z:/thietkephancunglab/finalprojop/topp/solution1/sim/vhdl/conv4.vhd" into library xil_defaultlib
INFO: [VRFC 10-3107] analyzing entity 'conv4'
INFO: [VRFC 10-163] Analyzing VHDL file "Z:/thietkephancunglab/finalprojop/topp/solution1/sim/vhdl/conv4_linbu_7_1_0_0.vhd" into library xil_defaultlib
INFO: [VRFC 10-3107] analyzing entity 'conv4_linbu_7_1_0_0_ram'
INFO: [VRFC 10-3107] analyzing entity 'conv4_linbu_7_1_0_0'
INFO: [VRFC 10-163] Analyzing VHDL file "Z:/thietkephancunglab/finalprojop/topp/solution1/sim/vhdl/conv5.vhd" into library xil_defaultlib
INFO: [VRFC 10-3107] analyzing entity 'conv5'
INFO: [VRFC 10-163] Analyzing VHDL file "Z:/thietkephancunglab/finalprojop/topp/solution1/sim/vhdl/conv5_linbu_1_0_0.vhd" into library xil_defaultlib
INFO: [VRFC 10-3107] analyzing entity 'conv5_linbu_1_0_0_ram'
INFO: [VRFC 10-3107] analyzing entity 'conv5_linbu_1_0_0'
INFO: [VRFC 10-163] Analyzing VHDL file "Z:/thietkephancunglab/finalprojop/topp/solution1/sim/vhdl/detection_head.vhd" into library xil_defaultlib
INFO: [VRFC 10-3107] analyzing entity 'detection_head'
INFO: [VRFC 10-163] Analyzing VHDL file "Z:/thietkephancunglab/finalprojop/topp/solution1/sim/vhdl/fifo_w32_d16_A.vhd" into library xil_defaultlib
INFO: [VRFC 10-3107] analyzing entity 'fifo_w32_d16_A_shiftReg'
INFO: [VRFC 10-3107] analyzing entity 'fifo_w32_d16_A'
INFO: [VRFC 10-163] Analyzing VHDL file "Z:/thietkephancunglab/finalprojop/topp/solution1/sim/vhdl/maxpool1.vhd" into library xil_defaultlib
INFO: [VRFC 10-3107] analyzing entity 'maxpool1'
INFO: [VRFC 10-163] Analyzing VHDL file "Z:/thietkephancunglab/finalprojop/topp/solution1/sim/vhdl/maxpool2.vhd" into library xil_defaultlib
INFO: [VRFC 10-3107] analyzing entity 'maxpool2'
INFO: [VRFC 10-163] Analyzing VHDL file "Z:/thietkephancunglab/finalprojop/topp/solution1/sim/vhdl/start_for_conv2_U0.vhd" into library xil_defaultlib
INFO: [VRFC 10-3107] analyzing entity 'start_for_conv2_U0_shiftReg'
INFO: [VRFC 10-3107] analyzing entity 'start_for_conv2_U0'
INFO: [VRFC 10-163] Analyzing VHDL file "Z:/thietkephancunglab/finalprojop/topp/solution1/sim/vhdl/start_for_conv3_U0.vhd" into library xil_defaultlib
INFO: [VRFC 10-3107] analyzing entity 'start_for_conv3_U0_shiftReg'
INFO: [VRFC 10-3107] analyzing entity 'start_for_conv3_U0'
INFO: [VRFC 10-163] Analyzing VHDL file "Z:/thietkephancunglab/finalprojop/topp/solution1/sim/vhdl/start_for_conv4_U0.vhd" into library xil_defaultlib
INFO: [VRFC 10-3107] analyzing entity 'start_for_conv4_U0_shiftReg'
INFO: [VRFC 10-3107] analyzing entity 'start_for_conv4_U0'
INFO: [VRFC 10-163] Analyzing VHDL file "Z:/thietkephancunglab/finalprojop/topp/solution1/sim/vhdl/start_for_conv5_U0.vhd" into library xil_defaultlib
INFO: [VRFC 10-3107] analyzing entity 'start_for_conv5_U0_shiftReg'
INFO: [VRFC 10-3107] analyzing entity 'start_for_conv5_U0'
INFO: [VRFC 10-163] Analyzing VHDL file "Z:/thietkephancunglab/finalprojop/topp/solution1/sim/vhdl/start_for_detectig8j.vhd" into library xil_defaultlib
INFO: [VRFC 10-3107] analyzing entity 'start_for_detectig8j_shiftReg'
INFO: [VRFC 10-3107] analyzing entity 'start_for_detectig8j'
INFO: [VRFC 10-163] Analyzing VHDL file "Z:/thietkephancunglab/finalprojop/topp/solution1/sim/vhdl/start_for_maxpooleOg.vhd" into library xil_defaultlib
INFO: [VRFC 10-3107] analyzing entity 'start_for_maxpooleOg_shiftReg'
INFO: [VRFC 10-3107] analyzing entity 'start_for_maxpooleOg'
INFO: [VRFC 10-163] Analyzing VHDL file "Z:/thietkephancunglab/finalprojop/topp/solution1/sim/vhdl/start_for_maxpoolfYi.vhd" into library xil_defaultlib
INFO: [VRFC 10-3107] analyzing entity 'start_for_maxpoolfYi_shiftReg'
INFO: [VRFC 10-3107] analyzing entity 'start_for_maxpoolfYi'
INFO: [VRFC 10-163] Analyzing VHDL file "Z:/thietkephancunglab/finalprojop/topp/solution1/sim/vhdl/topp.autotb.vhd" into library xil_defaultlib
INFO: [VRFC 10-3107] analyzing entity 'apatb_topp_top'
INFO: [VRFC 10-163] Analyzing VHDL file "Z:/thietkephancunglab/finalprojop/topp/solution1/sim/vhdl/topp.vhd" into library xil_defaultlib
INFO: [VRFC 10-3107] analyzing entity 'topp'
INFO: [VRFC 10-163] Analyzing VHDL file "Z:/thietkephancunglab/finalprojop/topp/solution1/sim/vhdl/topp_fadd_32ns_32bkb.vhd" into library xil_defaultlib
INFO: [VRFC 10-3107] analyzing entity 'topp_fadd_32ns_32bkb'
INFO: [VRFC 10-163] Analyzing VHDL file "Z:/thietkephancunglab/finalprojop/topp/solution1/sim/vhdl/topp_fexp_32ns_32dEe.vhd" into library xil_defaultlib
INFO: [VRFC 10-3107] analyzing entity 'topp_fexp_32ns_32dEe'
INFO: [VRFC 10-163] Analyzing VHDL file "Z:/thietkephancunglab/finalprojop/topp/solution1/sim/vhdl/topp_frecip_32ns_cud.vhd" into library xil_defaultlib
INFO: [VRFC 10-3107] analyzing entity 'topp_frecip_32ns_cud'
INFO: [VRFC 10-163] Analyzing VHDL file "Z:/thietkephancunglab/finalprojop/topp/solution1/sim/vhdl/topp_mux_164_32_1_1.vhd" into library xil_defaultlib
INFO: [VRFC 10-3107] analyzing entity 'topp_mux_164_32_1_1'
Starting static elaboration
WARNING: [VRFC 10-1303] range is empty (null range) [/wrk/2018.3/nightly/2018_12_06_2405991/packages/customer/vivado/data/ip/xilinx/floating_point_v7_1/hdl/floating_point_v7_1_vh_rfs.vhd:90373]
WARNING: [VRFC 10-1303] range is empty (null range) [/wrk/2018.3/nightly/2018_12_06_2405991/packages/customer/vivado/data/ip/xilinx/xbip_pipe_v3_0/hdl/xbip_pipe_v3_0_vh_rfs.vhd:375]
WARNING: [VRFC 10-1303] range is empty (null range) [/wrk/2018.3/nightly/2018_12_06_2405991/packages/customer/vivado/data/ip/xilinx/floating_point_v7_1/hdl/floating_point_v7_1_vh_rfs.vhd:12604]
WARNING: [VRFC 10-1303] range is empty (null range) [/wrk/2018.3/nightly/2018_12_06_2405991/packages/customer/vivado/data/ip/xilinx/floating_point_v7_1/hdl/floating_point_v7_1_vh_rfs.vhd:12604]
WARNING: [VRFC 10-1303] range is empty (null range) [/wrk/2018.3/nightly/2018_12_06_2405991/packages/customer/vivado/data/ip/xilinx/xbip_pipe_v3_0/hdl/xbip_pipe_v3_0_vh_rfs.vhd:375]
WARNING: [VRFC 10-1303] range is empty (null range) [/wrk/2018.3/nightly/2018_12_06_2405991/packages/customer/vivado/data/ip/xilinx/xbip_pipe_v3_0/hdl/xbip_pipe_v3_0_vh_rfs.vhd:375]
WARNING: [VRFC 10-1303] range is empty (null range) [/wrk/2018.3/nightly/2018_12_06_2405991/packages/customer/vivado/data/ip/xilinx/xbip_pipe_v3_0/hdl/xbip_pipe_v3_0_vh_rfs.vhd:375]
WARNING: [VRFC 10-1303] range is empty (null range) [/wrk/2018.3/nightly/2018_12_06_2405991/packages/customer/vivado/data/ip/xilinx/xbip_pipe_v3_0/hdl/xbip_pipe_v3_0_vh_rfs.vhd:375]
WARNING: [VRFC 10-1303] range is empty (null range) [/wrk/2018.3/nightly/2018_12_06_2405991/packages/customer/vivado/data/ip/xilinx/xbip_pipe_v3_0/hdl/xbip_pipe_v3_0_vh_rfs.vhd:375]
WARNING: [VRFC 10-1303] range is empty (null range) [/wrk/2018.3/nightly/2018_12_06_2405991/packages/customer/vivado/data/ip/xilinx/xbip_pipe_v3_0/hdl/xbip_pipe_v3_0_vh_rfs.vhd:375]
WARNING: [VRFC 10-1303] range is empty (null range) [/wrk/2018.3/nightly/2018_12_06_2405991/packages/customer/vivado/data/ip/xilinx/floating_point_v7_1/hdl/floating_point_v7_1_vh_rfs.vhd:12604]
WARNING: [VRFC 10-1303] range is empty (null range) [/wrk/2018.3/nightly/2018_12_06_2405991/packages/customer/vivado/data/ip/xilinx/floating_point_v7_1/hdl/floating_point_v7_1_vh_rfs.vhd:12604]
WARNING: [VRFC 10-1303] range is empty (null range) [/wrk/2018.3/nightly/2018_12_06_2405991/packages/customer/vivado/data/ip/xilinx/floating_point_v7_1/hdl/floating_point_v7_1_vh_rfs.vhd:12604]
WARNING: [VRFC 10-1303] range is empty (null range) [/wrk/2018.3/nightly/2018_12_06_2405991/packages/customer/vivado/data/ip/xilinx/floating_point_v7_1/hdl/floating_point_v7_1_vh_rfs.vhd:12604]
WARNING: [VRFC 10-1303] range is empty (null range) [/wrk/2018.3/nightly/2018_12_06_2405991/packages/customer/vivado/data/ip/xilinx/floating_point_v7_1/hdl/floating_point_v7_1_vh_rfs.vhd:13629]
WARNING: [VRFC 10-3499] library name 'floating_point_v7_1_7' of instantiated unit conflicts with visible identifier [ip/xil_defaultlib/topp_ap_fadd_3_full_dsp_32.vhd:195]
WARNING: [VRFC 10-1303] range is empty (null range) [/wrk/2018.3/nightly/2018_12_06_2405991/packages/customer/vivado/data/ip/xilinx/mult_gen_v12_0/hdl/mult_gen_v12_0_vh_rfs.vhd:2240]
WARNING: [VRFC 10-1303] range is empty (null range) [/wrk/2018.3/nightly/2018_12_06_2405991/packages/customer/vivado/data/ip/xilinx/mult_gen_v12_0/hdl/mult_gen_v12_0_vh_rfs.vhd:2255]
WARNING: [VRFC 10-1303] range is empty (null range) [/wrk/2018.3/nightly/2018_12_06_2405991/packages/customer/vivado/data/ip/xilinx/floating_point_v7_1/hdl/floating_point_v7_1_vh_rfs.vhd:90373]
WARNING: [VRFC 10-1303] range is empty (null range) [/wrk/2018.3/nightly/2018_12_06_2405991/packages/customer/vivado/data/ip/xilinx/mult_gen_v12_0/hdl/mult_gen_v12_0_vh_rfs.vhd:2240]
WARNING: [VRFC 10-1303] range is empty (null range) [/wrk/2018.3/nightly/2018_12_06_2405991/packages/customer/vivado/data/ip/xilinx/mult_gen_v12_0/hdl/mult_gen_v12_0_vh_rfs.vhd:2255]
WARNING: [VRFC 10-1303] range is empty (null range) [/wrk/2018.3/nightly/2018_12_06_2405991/packages/customer/vivado/data/ip/xilinx/floating_point_v7_1/hdl/floating_point_v7_1_vh_rfs.vhd:66408]
WARNING: [VRFC 10-1303] range is empty (null range) [/wrk/2018.3/nightly/2018_12_06_2405991/packages/customer/vivado/data/ip/xilinx/floating_point_v7_1/hdl/floating_point_v7_1_vh_rfs.vhd:12604]
WARNING: [VRFC 10-1303] range is empty (null range) [/wrk/2018.3/nightly/2018_12_06_2405991/packages/customer/vivado/data/ip/xilinx/mult_gen_v12_0/hdl/mult_gen_v12_0_vh_rfs.vhd:2240]
WARNING: [VRFC 10-1303] range is empty (null range) [/wrk/2018.3/nightly/2018_12_06_2405991/packages/customer/vivado/data/ip/xilinx/mult_gen_v12_0/hdl/mult_gen_v12_0_vh_rfs.vhd:2255]
WARNING: [VRFC 10-1303] range is empty (null range) [/wrk/2018.3/nightly/2018_12_06_2405991/packages/customer/vivado/data/ip/xilinx/mult_gen_v12_0/hdl/mult_gen_v12_0_vh_rfs.vhd:2240]
WARNING: [VRFC 10-1303] range is empty (null range) [/wrk/2018.3/nightly/2018_12_06_2405991/packages/customer/vivado/data/ip/xilinx/xbip_pipe_v3_0/hdl/xbip_pipe_v3_0_vh_rfs.vhd:375]
WARNING: [#UNDEF] Warning: "WARNING: mult_gen: c_has_ce is set to 1, but no clock enable is required as the core latency is zero.  Setting c_has_ce to 0 internally" [/wrk/2018.3/nightly/2018_12_06_2405991/packages/customer/vivado/data/ip/xilinx/mult_gen_v12_0/hdl/mult_gen_v12_0_vh_rfs.vhd:825]
WARNING: [VRFC 10-1303] range is empty (null range) [/wrk/2018.3/nightly/2018_12_06_2405991/packages/customer/vivado/data/ip/xilinx/mult_gen_v12_0/hdl/mult_gen_v12_0_vh_rfs.vhd:2255]
WARNING: [VRFC 10-1303] range is empty (null range) [/wrk/2018.3/nightly/2018_12_06_2405991/packages/customer/vivado/data/ip/xilinx/mult_gen_v12_0/hdl/mult_gen_v12_0_vh_rfs.vhd:2255]
WARNING: [VRFC 10-1303] range is empty (null range) [/wrk/2018.3/nightly/2018_12_06_2405991/packages/customer/vivado/data/ip/xilinx/mult_gen_v12_0/hdl/mult_gen_v12_0_vh_rfs.vhd:2255]
WARNING: [VRFC 10-1303] range is empty (null range) [/wrk/2018.3/nightly/2018_12_06_2405991/packages/customer/vivado/data/ip/xilinx/mult_gen_v12_0/hdl/mult_gen_v12_0_vh_rfs.vhd:2255]
WARNING: [VRFC 10-1303] range is empty (null range) [/wrk/2018.3/nightly/2018_12_06_2405991/packages/customer/vivado/data/ip/xilinx/mult_gen_v12_0/hdl/mult_gen_v12_0_vh_rfs.vhd:2255]
WARNING: [VRFC 10-1303] range is empty (null range) [/wrk/2018.3/nightly/2018_12_06_2405991/packages/customer/vivado/data/ip/xilinx/floating_point_v7_1/hdl/floating_point_v7_1_vh_rfs.vhd:12604]
WARNING: [VRFC 10-1303] range is empty (null range) [/wrk/2018.3/nightly/2018_12_06_2405991/packages/customer/vivado/data/ip/xilinx/floating_point_v7_1/hdl/floating_point_v7_1_vh_rfs.vhd:12604]
WARNING: [VRFC 10-1303] range is empty (null range) [/wrk/2018.3/nightly/2018_12_06_2405991/packages/customer/vivado/data/ip/xilinx/mult_gen_v12_0/hdl/mult_gen_v12_0_vh_rfs.vhd:2255]
WARNING: [VRFC 10-1303] range is empty (null range) [/wrk/xhdhdnobkup3/mounicav/xsimsource/xsim_HEAD/data/vhdl/src/ieee_2008/numeric_std-body.vhdl:3476]
WARNING: [VRFC 10-1303] range is empty (null range) [/wrk/2018.3/nightly/2018_12_06_2405991/packages/customer/vivado/data/ip/xilinx/xbip_pipe_v3_0/hdl/xbip_pipe_v3_0_vh_rfs.vhd:375]
WARNING: [VRFC 10-1303] range is empty (null range) [/wrk/2018.3/nightly/2018_12_06_2405991/packages/customer/vivado/data/ip/xilinx/floating_point_v7_1/hdl/floating_point_v7_1_vh_rfs.vhd:13629]
WARNING: [VRFC 10-3499] library name 'floating_point_v7_1_7' of instantiated unit conflicts with visible identifier [ip/xil_defaultlib/topp_ap_frecip_8_full_dsp_32.vhd:190]
WARNING: [VRFC 10-1303] range is empty (null range) [/wrk/2018.3/nightly/2018_12_06_2405991/packages/customer/vivado/data/ip/xilinx/floating_point_v7_1/hdl/floating_point_v7_1_vh_rfs.vhd:90373]
WARNING: [VRFC 10-1303] range is empty (null range) [/wrk/2018.3/nightly/2018_12_06_2405991/packages/customer/vivado/data/ip/xilinx/floating_point_v7_1/hdl/floating_point_v7_1_vh_rfs.vhd:14216]
WARNING: [VRFC 10-1303] range is empty (null range) [/wrk/2018.3/nightly/2018_12_06_2405991/packages/customer/vivado/data/ip/xilinx/xbip_pipe_v3_0/hdl/xbip_pipe_v3_0_vh_rfs.vhd:375]
WARNING: [VRFC 10-1303] range is empty (null range) [/wrk/2018.3/nightly/2018_12_06_2405991/packages/customer/vivado/data/ip/xilinx/floating_point_v7_1/hdl/floating_point_v7_1_vh_rfs.vhd:12604]
WARNING: [VRFC 10-1303] range is empty (null range) [/wrk/2018.3/nightly/2018_12_06_2405991/packages/customer/vivado/data/ip/xilinx/floating_point_v7_1/hdl/floating_point_v7_1_vh_rfs.vhd:12604]
WARNING: [VRFC 10-1303] range is empty (null range) [/wrk/2018.3/nightly/2018_12_06_2405991/packages/customer/vivado/data/ip/xilinx/floating_point_v7_1/hdl/floating_point_v7_1_vh_rfs.vhd:30530]
WARNING: [VRFC 10-1303] range is empty (null range) [/wrk/2018.3/nightly/2018_12_06_2405991/packages/customer/vivado/data/ip/xilinx/floating_point_v7_1/hdl/floating_point_v7_1_vh_rfs.vhd:12604]
WARNING: [VRFC 10-1303] range is empty (null range) [/wrk/2018.3/nightly/2018_12_06_2405991/packages/customer/vivado/data/ip/xilinx/floating_point_v7_1/hdl/floating_point_v7_1_vh_rfs.vhd:12604]
WARNING: [VRFC 10-1303] range is empty (null range) [/wrk/2018.3/nightly/2018_12_06_2405991/packages/customer/vivado/data/ip/xilinx/xbip_pipe_v3_0/hdl/xbip_pipe_v3_0_vh_rfs.vhd:375]
WARNING: [VRFC 10-1303] range is empty (null range) [/wrk/2018.3/nightly/2018_12_06_2405991/packages/customer/vivado/data/ip/xilinx/xbip_pipe_v3_0/hdl/xbip_pipe_v3_0_vh_rfs.vhd:375]
WARNING: [VRFC 10-1303] range is empty (null range) [/wrk/2018.3/nightly/2018_12_06_2405991/packages/customer/vivado/data/ip/xilinx/floating_point_v7_1/hdl/floating_point_v7_1_vh_rfs.vhd:12604]
WARNING: [VRFC 10-1303] range is empty (null range) [/wrk/2018.3/nightly/2018_12_06_2405991/packages/customer/vivado/data/ip/xilinx/floating_point_v7_1/hdl/floating_point_v7_1_vh_rfs.vhd:76921]
WARNING: [VRFC 10-1303] range is empty (null range) [/wrk/2018.3/nightly/2018_12_06_2405991/packages/customer/vivado/data/ip/xilinx/floating_point_v7_1/hdl/floating_point_v7_1_vh_rfs.vhd:77053]
WARNING: [VRFC 10-1303] range is empty (null range) [/wrk/2018.3/nightly/2018_12_06_2405991/packages/customer/vivado/data/ip/xilinx/floating_point_v7_1/hdl/floating_point_v7_1_vh_rfs.vhd:12604]
WARNING: [VRFC 10-1303] range is empty (null range) [/wrk/2018.3/nightly/2018_12_06_2405991/packages/customer/vivado/data/ip/xilinx/floating_point_v7_1/hdl/floating_point_v7_1_vh_rfs.vhd:76921]
WARNING: [VRFC 10-1303] range is empty (null range) [/wrk/2018.3/nightly/2018_12_06_2405991/packages/customer/vivado/data/ip/xilinx/floating_point_v7_1/hdl/floating_point_v7_1_vh_rfs.vhd:77053]
WARNING: [VRFC 10-1303] range is empty (null range) [/wrk/2018.3/nightly/2018_12_06_2405991/packages/customer/vivado/data/ip/xilinx/floating_point_v7_1/hdl/floating_point_v7_1_vh_rfs.vhd:79206]
WARNING: [VRFC 10-1303] range is empty (null range) [/wrk/2018.3/nightly/2018_12_06_2405991/packages/customer/vivado/data/ip/xilinx/floating_point_v7_1/hdl/floating_point_v7_1_vh_rfs.vhd:77294]
WARNING: [VRFC 10-1303] range is empty (null range) [/wrk/2018.3/nightly/2018_12_06_2405991/packages/customer/vivado/data/ip/xilinx/floating_point_v7_1/hdl/floating_point_v7_1_vh_rfs.vhd:78210]
WARNING: [VRFC 10-1303] range is empty (null range) [/wrk/2018.3/nightly/2018_12_06_2405991/packages/customer/vivado/data/ip/xilinx/floating_point_v7_1/hdl/floating_point_v7_1_vh_rfs.vhd:14403]
WARNING: [VRFC 10-1303] range is empty (null range) [/wrk/2018.3/nightly/2018_12_06_2405991/packages/customer/vivado/data/ip/xilinx/xbip_pipe_v3_0/hdl/xbip_pipe_v3_0_vh_rfs.vhd:375]
WARNING: [VRFC 10-1303] range is empty (null range) [/wrk/2018.3/nightly/2018_12_06_2405991/packages/customer/vivado/data/ip/xilinx/xbip_pipe_v3_0/hdl/xbip_pipe_v3_0_vh_rfs.vhd:375]
WARNING: [VRFC 10-1303] range is empty (null range) [/wrk/2018.3/nightly/2018_12_06_2405991/packages/customer/vivado/data/ip/xilinx/floating_point_v7_1/hdl/floating_point_v7_1_vh_rfs.vhd:13629]
WARNING: [VRFC 10-3499] library name 'floating_point_v7_1_7' of instantiated unit conflicts with visible identifier [ip/xil_defaultlib/topp_ap_fexp_7_full_dsp_32.vhd:190]
Completed static elaboration
Starting simulation data flow analysis
Completed simulation data flow analysis
Time Resolution for simulation is 1ps
Compiling package std.standard
Compiling package std.textio
Compiling package ieee.std_logic_1164
Compiling package ieee.std_logic_arith
Compiling package ieee.std_logic_unsigned
Compiling package ieee.numeric_std
Compiling package ieee.std_logic_textio
Compiling package floating_point_v7_1_7.floating_point_v7_1_7_viv_comp
Compiling package xbip_utils_v3_0_9.xbip_utils_v3_0_9_pkg
Compiling package axi_utils_v2_0_5.axi_utils_v2_0_5_pkg
Compiling package floating_point_v7_1_7.floating_point_v7_1_7_consts
Compiling package ieee.math_real
Compiling package floating_point_v7_1_7.floating_point_v7_1_7_exp_table_...
Compiling package mult_gen_v12_0_14.mult_gen_v12_0_14_pkg
Compiling package ieee.std_logic_signed
Compiling package floating_point_v7_1_7.floating_point_v7_1_7_pkg
Compiling package floating_point_v7_1_7.flt_utils
Compiling package xbip_pipe_v3_0_5.xbip_pipe_v3_0_5_viv_comp
Compiling package unisim.vcomponents
Compiling package ieee.vital_timing
Compiling package ieee.vital_primitives
Compiling package unisim.vpkg
Compiling package floating_point_v7_1_7.flt_recipsqrt_sp_sqrt_r_rom
Compiling package mult_gen_v12_0_14.dsp_pkg
Compiling module work.glbl
Compiling architecture rtl of entity xil_defaultlib.conv1_linbu_4_1_0_ram [\conv1_linbu_4_1_0_ram(1,5)\]
Compiling architecture arch of entity xil_defaultlib.conv1_linbu_4_1_0 [conv1_linbu_4_1_0_default]
Compiling architecture behav of entity xil_defaultlib.conv1 [conv1_default]
Compiling architecture behav of entity xil_defaultlib.maxpool1 [maxpool1_default]
Compiling architecture rtl of entity xil_defaultlib.conv2_linbu_5_1_0_ram [\conv2_linbu_5_1_0_ram(1,11)\]
Compiling architecture arch of entity xil_defaultlib.conv2_linbu_5_1_0 [conv2_linbu_5_1_0_default]
Compiling architecture behav of entity xil_defaultlib.conv2 [conv2_default]
Compiling architecture behav of entity xil_defaultlib.maxpool2 [maxpool2_default]
Compiling architecture rtl of entity xil_defaultlib.conv3_linbu_6_1_0_0_ram [\conv3_linbu_6_1_0_0_ram(1,11)\]
Compiling architecture arch of entity xil_defaultlib.conv3_linbu_6_1_0_0 [conv3_linbu_6_1_0_0_default]
Compiling architecture behav of entity xil_defaultlib.conv3 [conv3_default]
Compiling architecture rtl of entity xil_defaultlib.conv4_linbu_7_1_0_0_ram [\conv4_linbu_7_1_0_0_ram(1,11)\]
Compiling architecture arch of entity xil_defaultlib.conv4_linbu_7_1_0_0 [conv4_linbu_7_1_0_0_default]
Compiling architecture behav of entity xil_defaultlib.conv4 [conv4_default]
Compiling architecture rtl of entity xil_defaultlib.conv5_linbu_1_0_0_ram [\conv5_linbu_1_0_0_ram(1,11)\]
Compiling architecture arch of entity xil_defaultlib.conv5_linbu_1_0_0 [conv5_linbu_1_0_0_default]
Compiling architecture behav of entity xil_defaultlib.conv5 [conv5_default]
Compiling architecture muxcy_v of entity unisim.MUXCY [muxcy_default]
Compiling architecture synth of entity xbip_pipe_v3_0_5.xbip_pipe_v3_0_5_viv [\xbip_pipe_v3_0_5_viv(c_has_ce=1...]
Compiling architecture rtl of entity floating_point_v7_1_7.delay [\delay(width=7,length=0)\]
Compiling architecture struct of entity floating_point_v7_1_7.carry_chain [\carry_chain(c_xdevicefamily="zy...]
Compiling architecture synth of entity floating_point_v7_1_7.compare_eq_im [\compare_eq_im(c_xdevicefamily="...]
Compiling architecture xorcy_v of entity unisim.XORCY [xorcy_default]
Compiling architecture struct of entity floating_point_v7_1_7.carry_chain [\carry_chain(c_xdevicefamily="zy...]
Compiling architecture synth of entity xbip_pipe_v3_0_5.xbip_pipe_v3_0_5_viv [\xbip_pipe_v3_0_5_viv(c_has_ce=1...]
Compiling architecture rtl of entity floating_point_v7_1_7.delay [\delay(length=0)\]
Compiling architecture synth of entity xbip_pipe_v3_0_5.xbip_pipe_v3_0_5_viv [\xbip_pipe_v3_0_5_viv(c_has_ce=1...]
Compiling architecture rtl of entity floating_point_v7_1_7.delay [\delay(width=24,length=0,fast_in...]
Compiling architecture synth of entity xbip_pipe_v3_0_5.xbip_pipe_v3_0_5_viv [\xbip_pipe_v3_0_5_viv(c_has_ce=1...]
Compiling architecture rtl of entity floating_point_v7_1_7.delay [\delay(width=16,length=0)\]
Compiling architecture synth of entity xbip_pipe_v3_0_5.xbip_pipe_v3_0_5_viv [\xbip_pipe_v3_0_5_viv(c_has_ce=1...]
Compiling architecture rtl of entity floating_point_v7_1_7.delay [\delay(width=4,length=0)\]
Compiling architecture synth of entity xbip_pipe_v3_0_5.xbip_pipe_v3_0_5_viv [\xbip_pipe_v3_0_5_viv(c_has_ce=1...]
Compiling architecture rtl of entity floating_point_v7_1_7.delay [\delay(width=48,length=0)\]
Compiling architecture synth of entity xbip_pipe_v3_0_5.xbip_pipe_v3_0_5_viv [\xbip_pipe_v3_0_5_viv(c_has_ce=1...]
Compiling architecture rtl of entity floating_point_v7_1_7.delay [\delay(width=24,length=0)\]
Compiling architecture dsp48e1_v of entity unisim.DSP48E1 [\DSP48E1(acascreg=0,adreg=0,alum...]
Compiling architecture rtl of entity floating_point_v7_1_7.dsp48e1_wrapper [\dsp48e1_wrapper(a_width=24,c_wi...]
Compiling architecture synth of entity xbip_pipe_v3_0_5.xbip_pipe_v3_0_5_viv [\xbip_pipe_v3_0_5_viv(c_latency=...]
Compiling architecture rtl of entity floating_point_v7_1_7.delay [delay_default]
Compiling architecture synth of entity xbip_pipe_v3_0_5.xbip_pipe_v3_0_5_viv [\xbip_pipe_v3_0_5_viv(c_has_ce=1...]
Compiling architecture rtl of entity floating_point_v7_1_7.delay [\delay(width=13,length=0)\]
Compiling architecture synth of entity xbip_pipe_v3_0_5.xbip_pipe_v3_0_5_viv [\xbip_pipe_v3_0_5_viv(c_has_ce=1...]
Compiling architecture rtl of entity floating_point_v7_1_7.delay [\delay(width=27,length=0)\]
Compiling architecture synth of entity floating_point_v7_1_7.align_add_dsp48e1_sgl [\align_add_dsp48e1_sgl(c_xdevice...]
Compiling architecture lut5_v of entity unisim.LUT5 [\LUT5(init="00000000000000001111...]
Compiling architecture lut5_v of entity unisim.LUT5 [\LUT5(init="00000000000000000000...]
Compiling architecture synth of entity xbip_pipe_v3_0_5.xbip_pipe_v3_0_5_viv [\xbip_pipe_v3_0_5_viv(c_has_ce=1...]
Compiling architecture rtl of entity floating_point_v7_1_7.delay [\delay(width=5,length=0)\]
Compiling architecture rtl of entity floating_point_v7_1_7.lead_zero_encode_shift [\lead_zero_encode_shift(ab_fw=24...]
Compiling architecture synth of entity xbip_pipe_v3_0_5.xbip_pipe_v3_0_5_viv [\xbip_pipe_v3_0_5_viv(c_has_ce=1...]
Compiling architecture rtl of entity floating_point_v7_1_7.delay [\delay(width=3,length=0)\]
Compiling architecture lut6_v of entity unisim.LUT6 [\LUT6(init="11111110010101001011...]
Compiling architecture lut5_v of entity unisim.LUT5 [\LUT5(init="00010001010111110000...]
Compiling architecture lut5_v of entity unisim.LUT5 [\LUT5(init="11101110101000001111...]
Compiling architecture synth of entity xbip_pipe_v3_0_5.xbip_pipe_v3_0_5_viv [\xbip_pipe_v3_0_5_viv(c_latency=...]
Compiling architecture rtl of entity floating_point_v7_1_7.delay [\delay(width=2)\]
Compiling architecture synth of entity xbip_pipe_v3_0_5.xbip_pipe_v3_0_5_viv [\xbip_pipe_v3_0_5_viv(c_has_ce=1...]
Compiling architecture rtl of entity floating_point_v7_1_7.delay [\delay(width=25,length=0)\]
Compiling architecture dsp48e1_v of entity unisim.DSP48E1 [\DSP48E1(adreg=0,alumodereg=0,ca...]
Compiling architecture rtl of entity floating_point_v7_1_7.dsp48e1_wrapper [\dsp48e1_wrapper(a_width=24,c_wi...]
Compiling architecture rtl of entity floating_point_v7_1_7.norm_and_round_dsp48e1_sgl [\norm_and_round_dsp48e1_sgl(c_mu...]
Compiling architecture lut5_v of entity unisim.LUT5 [\LUT5(init="10011001100110011001...]
Compiling architecture lut5_v of entity unisim.LUT5 [\LUT5(init="11111111000000001111...]
Compiling architecture synth of entity xbip_pipe_v3_0_5.xbip_pipe_v3_0_5_viv [\xbip_pipe_v3_0_5_viv(c_has_ce=1...]
Compiling architecture rtl of entity floating_point_v7_1_7.delay [\delay(width=9,length=0)\]
Compiling architecture struct of entity floating_point_v7_1_7.carry_chain [\carry_chain(c_xdevicefamily="zy...]
Compiling architecture synth of entity xbip_pipe_v3_0_5.xbip_pipe_v3_0_5_viv [\xbip_pipe_v3_0_5_viv(c_has_ce=1...]
Compiling architecture rtl of entity floating_point_v7_1_7.delay [\delay(width=8,length=0)\]
Compiling architecture synth of entity xbip_pipe_v3_0_5.xbip_pipe_v3_0_5_viv [\xbip_pipe_v3_0_5_viv(c_latency=...]
Compiling architecture rtl of entity floating_point_v7_1_7.delay [\delay(width=10)\]
Compiling architecture synth of entity xbip_pipe_v3_0_5.xbip_pipe_v3_0_5_viv [\xbip_pipe_v3_0_5_viv(c_has_ce=1...]
Compiling architecture rtl of entity floating_point_v7_1_7.delay [\delay(width=4,length=0,fast_inp...]
Compiling architecture fdre_v of entity unisim.FDRE [fdre_default]
Compiling architecture fde_v of entity unisim.FDE [fde_default]
Compiling architecture struct of entity floating_point_v7_1_7.carry_chain [\carry_chain(c_xdevicefamily="zy...]
Compiling architecture synth of entity floating_point_v7_1_7.compare_eq_im [\compare_eq_im(c_xdevicefamily="...]
Compiling architecture synth of entity xbip_pipe_v3_0_5.xbip_pipe_v3_0_5_viv [\xbip_pipe_v3_0_5_viv(c_latency=...]
Compiling architecture rtl of entity floating_point_v7_1_7.delay [\delay(fast_input=true)\]
Compiling architecture rtl of entity floating_point_v7_1_7.special_detect [\special_detect(c_xdevicefamily=...]
Compiling architecture struct of entity floating_point_v7_1_7.carry_chain [\carry_chain(c_xdevicefamily="zy...]
Compiling architecture synth of entity floating_point_v7_1_7.compare_gt [\compare_gt(c_xdevicefamily="zyn...]
Compiling architecture synth of entity floating_point_v7_1_7.compare [\compare(c_xdevicefamily="zynq",...]
Compiling architecture synth of entity xbip_pipe_v3_0_5.xbip_pipe_v3_0_5_viv [\xbip_pipe_v3_0_5_viv(c_latency=...]
Compiling architecture rtl of entity floating_point_v7_1_7.delay [\delay(width=8)\]
Compiling architecture synth of entity xbip_pipe_v3_0_5.xbip_pipe_v3_0_5_viv [\xbip_pipe_v3_0_5_viv(c_latency=...]
Compiling architecture rtl of entity floating_point_v7_1_7.delay [\delay(width=9)\]
Compiling architecture synth of entity xbip_pipe_v3_0_5.xbip_pipe_v3_0_5_viv [\xbip_pipe_v3_0_5_viv(c_latency=...]
Compiling architecture rtl of entity floating_point_v7_1_7.delay [\delay(width=2,length=2,fast_inp...]
Compiling architecture synth of entity xbip_pipe_v3_0_5.xbip_pipe_v3_0_5_viv [\xbip_pipe_v3_0_5_viv(c_latency=...]
Compiling architecture rtl of entity floating_point_v7_1_7.delay [\delay(length=2,fast_input=true)...]
Compiling architecture synth of entity xbip_pipe_v3_0_5.xbip_pipe_v3_0_5_viv [\xbip_pipe_v3_0_5_viv(c_has_ce=1...]
Compiling architecture rtl of entity floating_point_v7_1_7.delay [\delay(length=0,fast_input=true)...]
Compiling architecture synth of entity xbip_pipe_v3_0_5.xbip_pipe_v3_0_5_viv [\xbip_pipe_v3_0_5_viv(c_has_ce=1...]
Compiling architecture rtl of entity floating_point_v7_1_7.delay [\delay(width=2,length=0,fast_inp...]
Compiling architecture synth of entity xbip_pipe_v3_0_5.xbip_pipe_v3_0_5_viv [\xbip_pipe_v3_0_5_viv(c_has_ce=1...]
Compiling architecture rtl of entity floating_point_v7_1_7.delay [\delay(width=12,length=0)\]
Compiling architecture rtl of entity floating_point_v7_1_7.flt_add_exp_sp [\flt_add_exp_sp(c_xdevicefamily=...]
Compiling architecture synth of entity xbip_pipe_v3_0_5.xbip_pipe_v3_0_5_viv [\xbip_pipe_v3_0_5_viv(c_latency=...]
Compiling architecture rtl of entity floating_point_v7_1_7.delay [\delay(width=23)\]
Compiling architecture synth of entity floating_point_v7_1_7.flt_dec_op [\flt_dec_op(c_xdevicefamily="zyn...]
Compiling architecture rtl of entity floating_point_v7_1_7.flt_add_dsp [\flt_add_dsp(c_xdevicefamily="zy...]
Compiling architecture rtl of entity floating_point_v7_1_7.flt_add [\flt_add(c_xdevicefamily="zynq",...]
Compiling architecture synth of entity xbip_pipe_v3_0_5.xbip_pipe_v3_0_5_viv [\xbip_pipe_v3_0_5_viv(c_latency=...]
Compiling architecture synth of entity xbip_pipe_v3_0_5.xbip_pipe_v3_0_5_viv [\xbip_pipe_v3_0_5_viv(c_has_ce=1...]
Compiling architecture rtl of entity floating_point_v7_1_7.delay [\delay(width=32,length=0)\]
Compiling architecture xilinx of entity floating_point_v7_1_7.floating_point_v7_1_7_viv [\floating_point_v7_1_7_viv(c_xde...]
Compiling architecture xilinx of entity floating_point_v7_1_7.floating_point_v7_1_7 [\floating_point_v7_1_7(c_xdevice...]
Compiling architecture topp_ap_fadd_3_full_dsp_32_arch of entity xil_defaultlib.topp_ap_fadd_3_full_dsp_32 [topp_ap_fadd_3_full_dsp_32_defau...]
Compiling architecture arch of entity xil_defaultlib.topp_fadd_32ns_32bkb [\topp_fadd_32ns_32bkb(id=1)\]
Compiling architecture synth of entity xbip_pipe_v3_0_5.xbip_pipe_v3_0_5_viv [\xbip_pipe_v3_0_5_viv(c_latency=...]
Compiling architecture rtl of entity floating_point_v7_1_7.delay [\delay(width=8,length=4)\]
Compiling architecture synth of entity xbip_pipe_v3_0_5.xbip_pipe_v3_0_5_viv [\xbip_pipe_v3_0_5_viv(c_has_ce=1...]
Compiling architecture rtl of entity floating_point_v7_1_7.delay [\delay(width=10,length=0)\]
Compiling architecture dsp48e1_v of entity unisim.DSP48E1 [\DSP48E1(acascreg=0,alumodereg=0...]
Compiling architecture rtl of entity floating_point_v7_1_7.dsp48e1_wrapper [\dsp48e1_wrapper(a_width=10,b_wi...]
Compiling architecture xilinx of entity mult_gen_v12_0_14.delay_line [\delay_line(c_xdevicefamily="zyn...]
Compiling architecture xilinx of entity mult_gen_v12_0_14.op_resize [\op_resize(ai_width=10,bi_width=...]
Compiling architecture xilinx of entity mult_gen_v12_0_14.dsp [\dsp(c_xdevicefamily="zynq",c_a_...]
Compiling architecture xilinx of entity mult_gen_v12_0_14.mult_gen_v12_0_14_viv [\mult_gen_v12_0_14_viv(c_verbosi...]
Compiling architecture synth of entity floating_point_v7_1_7.flt_recip_approx [\flt_recip_approx(c_xdevicefamil...]
Compiling architecture synth of entity xbip_pipe_v3_0_5.xbip_pipe_v3_0_5_viv [\xbip_pipe_v3_0_5_viv(c_latency=...]
Compiling architecture rtl of entity floating_point_v7_1_7.delay [\delay(width=7)\]
Compiling architecture xilinx of entity mult_gen_v12_0_14.delay_line [\delay_line(c_xdevicefamily="zyn...]
Compiling architecture xilinx of entity mult_gen_v12_0_14.op_resize [\op_resize(ai_width=8,bi_width=8...]
Compiling architecture xilinx of entity mult_gen_v12_0_14.dsp [\dsp(c_xdevicefamily="zynq",c_a_...]
Compiling architecture xilinx of entity mult_gen_v12_0_14.mult_gen_v12_0_14_viv [\mult_gen_v12_0_14_viv(c_verbosi...]
Compiling architecture synth of entity xbip_pipe_v3_0_5.xbip_pipe_v3_0_5_viv [\xbip_pipe_v3_0_5_viv(c_latency=...]
Compiling architecture rtl of entity floating_point_v7_1_7.delay [\delay(width=8,length=2)\]
Compiling architecture synth of entity floating_point_v7_1_7.flt_recip_nr [\flt_recip_nr(c_xdevicefamily="z...]
Compiling architecture synth of entity xbip_pipe_v3_0_5.xbip_pipe_v3_0_5_viv [\xbip_pipe_v3_0_5_viv(c_latency=...]
Compiling architecture rtl of entity floating_point_v7_1_7.delay [\delay(width=23,length=3)\]
Compiling architecture xilinx of entity mult_gen_v12_0_14.delay_line [\delay_line(c_xdevicefamily="zyn...]
Compiling architecture xilinx of entity mult_gen_v12_0_14.delay_line [\delay_line(c_xdevicefamily="zyn...]
Compiling architecture dsp48e1_v of entity unisim.DSP48E1 [\DSP48E1(acascreg=0,alumodereg=0...]
Compiling architecture xilinx of entity mult_gen_v12_0_14.op_resize [\op_resize(ai_width=25,bi_width=...]
Compiling architecture xilinx of entity mult_gen_v12_0_14.dsp [\dsp(c_xdevicefamily="zynq",c_a_...]
Compiling architecture synth of entity xbip_pipe_v3_0_5.xbip_pipe_v3_0_5_viv [\xbip_pipe_v3_0_5_viv(c_has_ce=1...]
Compiling architecture rtl of entity floating_point_v7_1_7.delay [\delay(width=34,length=0)\]
Compiling architecture synth of entity floating_point_v7_1_7.multadd [\multadd(c_xdevicefamily="zynq",...]
Compiling architecture synth of entity floating_point_v7_1_7.flt_recip_reduction_calc [\flt_recip_reduction_calc(c_xdev...]
Compiling architecture xilinx of entity mult_gen_v12_0_14.op_resize [\op_resize(ai_width=9,bi_width=8...]
Compiling architecture xilinx of entity mult_gen_v12_0_14.dsp [\dsp(c_xdevicefamily="zynq",c_a_...]
Compiling architecture synth of entity xbip_pipe_v3_0_5.xbip_pipe_v3_0_5_viv [\xbip_pipe_v3_0_5_viv(c_has_ce=1...]
Compiling architecture rtl of entity floating_point_v7_1_7.delay [\delay(width=17,length=0)\]
Compiling architecture synth of entity floating_point_v7_1_7.multadd [\multadd(c_xdevicefamily="zynq",...]
Compiling architecture synth of entity xbip_pipe_v3_0_5.xbip_pipe_v3_0_5_viv [\xbip_pipe_v3_0_5_viv(c_has_ce=1...]
Compiling architecture rtl of entity floating_point_v7_1_7.delay [\delay(width=18,length=0)\]
Compiling architecture dsp48e1_v of entity unisim.DSP48E1 [\DSP48E1(acascreg=0,adreg=0,alum...]
Compiling architecture rtl of entity floating_point_v7_1_7.dsp48e1_wrapper [\dsp48e1_wrapper(a_width=25,b_wi...]
Compiling architecture synth of entity xbip_pipe_v3_0_5.xbip_pipe_v3_0_5_viv [\xbip_pipe_v3_0_5_viv(c_has_ce=1...]
Compiling architecture rtl of entity floating_point_v7_1_7.delay [\delay(width=22,length=0)\]
Compiling architecture synth of entity xbip_pipe_v3_0_5.xbip_pipe_v3_0_5_viv [\xbip_pipe_v3_0_5_viv(c_has_ce=1...]
Compiling architecture rtl of entity floating_point_v7_1_7.delay [\delay(width=23,length=0)\]
Compiling architecture synth of entity floating_point_v7_1_7.multadd [\multadd(c_xdevicefamily="zynq",...]
Compiling architecture rtl of entity floating_point_v7_1_7.dsp48e1_wrapper [\dsp48e1_wrapper(a_width=25,b_wi...]
Compiling architecture synth of entity floating_point_v7_1_7.multadd [\multadd(c_xdevicefamily="zynq",...]
Compiling architecture synth of entity xbip_pipe_v3_0_5.xbip_pipe_v3_0_5_viv [\xbip_pipe_v3_0_5_viv(c_latency=...]
Compiling architecture rtl of entity floating_point_v7_1_7.delay [\delay(width=22,length=2)\]
Compiling architecture synth of entity floating_point_v7_1_7.flt_recip_eval [\flt_recip_eval(c_xdevicefamily=...]
Compiling architecture rtl of entity floating_point_v7_1_7.dsp48e1_wrapper [\dsp48e1_wrapper(a_width=25,b_wi...]
Compiling architecture synth of entity xbip_pipe_v3_0_5.xbip_pipe_v3_0_5_viv [\xbip_pipe_v3_0_5_viv(c_has_ce=1...]
Compiling architecture rtl of entity floating_point_v7_1_7.delay [\delay(width=37,length=0)\]
Compiling architecture synth of entity xbip_pipe_v3_0_5.xbip_pipe_v3_0_5_viv [\xbip_pipe_v3_0_5_viv(c_has_ce=1...]
Compiling architecture rtl of entity floating_point_v7_1_7.delay [\delay(width=38,length=0)\]
Compiling architecture synth of entity floating_point_v7_1_7.multadd [\multadd(c_xdevicefamily="zynq",...]
Compiling architecture synth of entity floating_point_v7_1_7.flt_recip_postprocess [\flt_recip_postprocess(c_xdevice...]
Compiling architecture synth of entity xbip_pipe_v3_0_5.xbip_pipe_v3_0_5_viv [\xbip_pipe_v3_0_5_viv(c_latency=...]
Compiling architecture rtl of entity floating_point_v7_1_7.delay [\delay(width=9,length=7)\]
Compiling architecture rtl of entity floating_point_v7_1_7.special_detect [\special_detect(c_xdevicefamily=...]
Compiling architecture synth of entity xbip_pipe_v3_0_5.xbip_pipe_v3_0_5_viv [\xbip_pipe_v3_0_5_viv(c_latency=...]
Compiling architecture rtl of entity floating_point_v7_1_7.delay [\delay(width=2,length=6,fast_inp...]
Compiling architecture synth of entity xbip_pipe_v3_0_5.xbip_pipe_v3_0_5_viv [\xbip_pipe_v3_0_5_viv(c_latency=...]
Compiling architecture rtl of entity floating_point_v7_1_7.delay [\delay(length=6,fast_input=true)...]
Compiling architecture synth of entity floating_point_v7_1_7.flt_recip_specialcase [\flt_recip_specialcase(c_xdevice...]
Compiling architecture synth of entity xbip_pipe_v3_0_5.xbip_pipe_v3_0_5_viv [\xbip_pipe_v3_0_5_viv(c_has_ce=1...]
Compiling architecture rtl of entity floating_point_v7_1_7.delay [\delay(width=2,length=0)\]
Compiling architecture struct of entity floating_point_v7_1_7.carry_chain [\carry_chain(c_xdevicefamily="zy...]
Compiling architecture synth of entity floating_point_v7_1_7.compare_gt [\compare_gt(c_xdevicefamily="zyn...]
Compiling architecture synth of entity xbip_pipe_v3_0_5.xbip_pipe_v3_0_5_viv [\xbip_pipe_v3_0_5_viv(c_latency=...]
Compiling architecture rtl of entity floating_point_v7_1_7.delay [\delay(width=32)\]
Compiling architecture synth of entity floating_point_v7_1_7.flt_recip_recomb [\flt_recip_recomb(c_xdevicefamil...]
Compiling architecture synth of entity floating_point_v7_1_7.flt_recip [\flt_recip(c_xdevicefamily="zynq...]
Compiling architecture synth of entity xbip_pipe_v3_0_5.xbip_pipe_v3_0_5_viv [\xbip_pipe_v3_0_5_viv(c_latency=...]
Compiling architecture xilinx of entity floating_point_v7_1_7.floating_point_v7_1_7_viv [\floating_point_v7_1_7_viv(c_xde...]
Compiling architecture xilinx of entity floating_point_v7_1_7.floating_point_v7_1_7 [\floating_point_v7_1_7(c_xdevice...]
Compiling architecture topp_ap_frecip_8_full_dsp_32_arch of entity xil_defaultlib.topp_ap_frecip_8_full_dsp_32 [topp_ap_frecip_8_full_dsp_32_def...]
Compiling architecture arch of entity xil_defaultlib.topp_frecip_32ns_cud [\topp_frecip_32ns_cud(id=1)\]
Compiling architecture synth of entity xbip_pipe_v3_0_5.xbip_pipe_v3_0_5_viv [\xbip_pipe_v3_0_5_viv(c_has_ce=1...]
Compiling architecture rtl of entity floating_point_v7_1_7.delay [\delay(width=43,length=0)\]
Compiling architecture dsp48e1_v of entity unisim.DSP48E1 [\DSP48E1(adreg=0,alumodereg=0,ca...]
Compiling architecture rtl of entity floating_point_v7_1_7.dsp48e1_wrapper [\dsp48e1_wrapper(a_width=17,b_wi...]
Compiling architecture synth of entity xbip_pipe_v3_0_5.xbip_pipe_v3_0_5_viv [\xbip_pipe_v3_0_5_viv(c_latency=...]
Compiling architecture rtl of entity floating_point_v7_1_7.delay [\delay(length=5)\]
Compiling architecture struct of entity floating_point_v7_1_7.carry_chain [\carry_chain(c_xdevicefamily="zy...]
Compiling architecture synth of entity floating_point_v7_1_7.compare_gt [\compare_gt(c_xdevicefamily="zyn...]
Compiling architecture synth of entity xbip_pipe_v3_0_5.xbip_pipe_v3_0_5_viv [\xbip_pipe_v3_0_5_viv(c_latency=...]
Compiling architecture rtl of entity floating_point_v7_1_7.delay [\delay(width=2,length=5,fast_inp...]
Compiling architecture synth of entity xbip_pipe_v3_0_5.xbip_pipe_v3_0_5_viv [\xbip_pipe_v3_0_5_viv(c_latency=...]
Compiling architecture rtl of entity floating_point_v7_1_7.delay [\delay(length=6)\]
Compiling architecture synth of entity floating_point_v7_1_7.flt_exp_specialcase [\flt_exp_specialcase(c_xdevicefa...]
Compiling architecture struct of entity floating_point_v7_1_7.carry_chain [\carry_chain(c_xdevicefamily="ki...]
Compiling architecture synth of entity floating_point_v7_1_7.compare_eq_im [\compare_eq_im(c_xdevicefamily="...]
Compiling architecture rtl of entity floating_point_v7_1_7.special_detect [\special_detect(a_fw=24,op_delay...]
Compiling architecture rtl of entity floating_point_v7_1_7.delay_s [\delay_s(width=10,length=0)\]
Compiling architecture rtl of entity floating_point_v7_1_7.delay_s [\delay_s(width=9,length=0)\]
Compiling architecture synth of entity xbip_pipe_v3_0_5.xbip_pipe_v3_0_5_viv [\xbip_pipe_v3_0_5_viv(c_latency=...]
Compiling architecture rtl of entity floating_point_v7_1_7.delay [\delay(width=2,fast_input=true)\]
Compiling architecture muxf7_v of entity unisim.MUXF7 [muxf7_default]
Compiling architecture muxf8_v of entity unisim.MUXF8 [muxf8_default]
Compiling architecture synth of entity xbip_pipe_v3_0_5.xbip_pipe_v3_0_5_viv [\xbip_pipe_v3_0_5_viv(c_has_ce=1...]
Compiling architecture rtl of entity floating_point_v7_1_7.delay [\delay(width=6,length=0)\]
Compiling architecture struct of entity floating_point_v7_1_7.carry_chain [\carry_chain(c_xdevicefamily="zy...]
Compiling architecture synth of entity floating_point_v7_1_7.compare_eq_im [\compare_eq_im(c_xdevicefamily="...]
Compiling architecture rtl of entity floating_point_v7_1_7.zero_det_sel [\zero_det_sel(c_xdevicefamily="z...]
Compiling architecture rtl of entity floating_point_v7_1_7.shift_msb_first [\shift_msb_first(a_width=24,resu...]
Compiling architecture synth of entity xbip_pipe_v3_0_5.xbip_pipe_v3_0_5_viv [\xbip_pipe_v3_0_5_viv(c_has_ce=1...]
Compiling architecture rtl of entity floating_point_v7_1_7.delay [\delay(width=35,length=0)\]
Compiling architecture synth of entity xbip_pipe_v3_0_5.xbip_pipe_v3_0_5_viv [\xbip_pipe_v3_0_5_viv(c_latency=...]
Compiling architecture rtl of entity floating_point_v7_1_7.delay [\delay(width=36)\]
Compiling architecture struct of entity floating_point_v7_1_7.carry_chain [\carry_chain(c_xdevicefamily="zy...]
Compiling architecture synth of entity xbip_pipe_v3_0_5.xbip_pipe_v3_0_5_viv [\xbip_pipe_v3_0_5_viv(c_latency=...]
Compiling architecture rtl of entity floating_point_v7_1_7.delay [\delay(width=34)\]
Compiling architecture synth of entity floating_point_v7_1_7.flt_to_fix_conv [\flt_to_fix_conv(c_xdevicefamily...]
Compiling architecture synth of entity xbip_pipe_v3_0_5.xbip_pipe_v3_0_5_viv [\xbip_pipe_v3_0_5_viv(c_has_ce=1...]
Compiling architecture rtl of entity floating_point_v7_1_7.delay [\delay(width=30,length=0)\]
Compiling architecture dsp48e1_v of entity unisim.DSP48E1 [\DSP48E1(acascreg=0,adreg=0,alum...]
Compiling architecture rtl of entity floating_point_v7_1_7.dsp48e1_wrapper [\dsp48e1_wrapper(a_width=30,b_wi...]
Compiling architecture synth of entity floating_point_v7_1_7.flt_log_addsub [\flt_log_addsub(c_xdevicefamily=...]
Compiling architecture dsp48e1_v of entity unisim.DSP48E1 [\DSP48E1(acascreg=0,adreg=0,alum...]
Compiling architecture rtl of entity floating_point_v7_1_7.dsp48e1_wrapper [\dsp48e1_wrapper(a_width=30,b_wi...]
Compiling architecture synth of entity floating_point_v7_1_7.flt_log_addsub [\flt_log_addsub(c_xdevicefamily=...]
Compiling architecture rtl of entity floating_point_v7_1_7.flt_exp_ccm [\flt_exp_ccm(c_xdevicefamily="zy...]
Compiling architecture synth of entity floating_point_v7_1_7.flt_log_addsub [\flt_log_addsub(c_xdevicefamily=...]
Compiling architecture synth of entity floating_point_v7_1_7.flt_log_addsub [\flt_log_addsub(c_xdevicefamily=...]
Compiling architecture rtl of entity floating_point_v7_1_7.flt_exp_ccm [\flt_exp_ccm(c_xdevicefamily="zy...]
Compiling architecture synth of entity xbip_pipe_v3_0_5.xbip_pipe_v3_0_5_viv [\xbip_pipe_v3_0_5_viv(c_latency=...]
Compiling architecture rtl of entity floating_point_v7_1_7.delay [\delay(width=33,length=2)\]
Compiling architecture dsp48e1_v of entity unisim.DSP48E1 [\DSP48E1(adreg=0,dreg=0,inmodere...]
Compiling architecture rtl of entity floating_point_v7_1_7.dsp48e1_wrapper [\dsp48e1_wrapper(a_width=30,b_wi...]
Compiling architecture synth of entity floating_point_v7_1_7.flt_log_addsub [\flt_log_addsub(c_xdevicefamily=...]
Compiling architecture rtl of entity floating_point_v7_1_7.flt_exp_e2A [\flt_exp_e2A(c_xdevicefamily="zy...]
Compiling architecture rtl of entity floating_point_v7_1_7.flt_exp_e2zmzm1 [\flt_exp_e2zmzm1(c_xdevicefamily...]
Compiling architecture synth of entity xbip_pipe_v3_0_5.xbip_pipe_v3_0_5_viv [\xbip_pipe_v3_0_5_viv(c_latency=...]
Compiling architecture rtl of entity floating_point_v7_1_7.delay [\delay(length=3)\]
Compiling architecture rtl of entity floating_point_v7_1_7.dsp48e1_wrapper [\dsp48e1_wrapper(b_width=18,c_wi...]
Compiling architecture synth of entity xbip_pipe_v3_0_5.xbip_pipe_v3_0_5_viv [\xbip_pipe_v3_0_5_viv(c_latency=...]
Compiling architecture rtl of entity floating_point_v7_1_7.delay [\delay(width=14)\]
Compiling architecture synth of entity xbip_pipe_v3_0_5.xbip_pipe_v3_0_5_viv [\xbip_pipe_v3_0_5_viv(c_latency=...]
Compiling architecture rtl of entity floating_point_v7_1_7.delay [\delay(width=25,fast_input=true)...]
Compiling architecture rtl of entity floating_point_v7_1_7.flt_round_bit [\flt_round_bit(c_xdevicefamily="...]
Compiling architecture rtl of entity floating_point_v7_1_7.renorm_and_round_logic [\renorm_and_round_logic(c_xdevic...]
Compiling architecture lut4_v of entity unisim.LUT4 [\LUT4(init="1100110010010110")(0...]
Compiling architecture lut4_v of entity unisim.LUT4 [\LUT4(init="1100110000111100")(0...]
Compiling architecture synth of entity xbip_pipe_v3_0_5.xbip_pipe_v3_0_5_viv [\xbip_pipe_v3_0_5_viv(c_has_ce=1...]
Compiling architecture rtl of entity floating_point_v7_1_7.delay [\delay(width=9,length=0,fast_inp...]
Compiling architecture synth of entity floating_point_v7_1_7.flt_log_addsub [\flt_log_addsub(c_xdevicefamily=...]
Compiling architecture struct of entity floating_point_v7_1_7.carry_chain [\carry_chain(c_xdevicefamily="zy...]
Compiling architecture synth of entity floating_point_v7_1_7.compare_eq_im [\compare_eq_im(c_xdevicefamily="...]
Compiling architecture synth of entity floating_point_v7_1_7.compare_ne_im [\compare_ne_im(c_xdevicefamily="...]
Compiling architecture struct of entity floating_point_v7_1_7.carry_chain [\carry_chain(c_xdevicefamily="zy...]
Compiling architecture synth of entity floating_point_v7_1_7.compare_gt [\compare_gt(c_xdevicefamily="zyn...]
Compiling architecture synth of entity floating_point_v7_1_7.flt_exp_recomb [\flt_exp_recomb(c_xdevicefamily=...]
Compiling architecture synth of entity floating_point_v7_1_7.flt_exp [\flt_exp(c_xdevicefamily="zynq",...]
Compiling architecture synth of entity xbip_pipe_v3_0_5.xbip_pipe_v3_0_5_viv [\xbip_pipe_v3_0_5_viv(c_latency=...]
Compiling architecture xilinx of entity floating_point_v7_1_7.floating_point_v7_1_7_viv [\floating_point_v7_1_7_viv(c_xde...]
Compiling architecture xilinx of entity floating_point_v7_1_7.floating_point_v7_1_7 [\floating_point_v7_1_7(c_xdevice...]
Compiling architecture topp_ap_fexp_7_full_dsp_32_arch of entity xil_defaultlib.topp_ap_fexp_7_full_dsp_32 [topp_ap_fexp_7_full_dsp_32_defau...]
Compiling architecture arch of entity xil_defaultlib.topp_fexp_32ns_32dEe [\topp_fexp_32ns_32dEe(id=1)\]
Compiling architecture rtl of entity xil_defaultlib.topp_mux_164_32_1_1 [\topp_mux_164_32_1_1(id=1,din16_...]
Compiling architecture behav of entity xil_defaultlib.detection_head [detection_head_default]
Compiling architecture rtl of entity xil_defaultlib.fifo_w32_d16_A_shiftReg [fifo_w32_d16_a_shiftreg_default]
Compiling architecture rtl of entity xil_defaultlib.fifo_w32_d16_A [\fifo_w32_d16_A(1,8)\]
Compiling architecture rtl of entity xil_defaultlib.start_for_maxpooleOg_shiftReg [start_for_maxpooleog_shiftreg_de...]
Compiling architecture rtl of entity xil_defaultlib.start_for_maxpooleOg [\start_for_maxpooleOg(1,8)\]
Compiling architecture rtl of entity xil_defaultlib.start_for_conv2_U0_shiftReg [start_for_conv2_u0_shiftreg_defa...]
Compiling architecture rtl of entity xil_defaultlib.start_for_conv2_U0 [\start_for_conv2_U0(1,8)\]
Compiling architecture rtl of entity xil_defaultlib.start_for_maxpoolfYi_shiftReg [start_for_maxpoolfyi_shiftreg_de...]
Compiling architecture rtl of entity xil_defaultlib.start_for_maxpoolfYi [\start_for_maxpoolfYi(1,8)\]
Compiling architecture rtl of entity xil_defaultlib.start_for_conv3_U0_shiftReg [start_for_conv3_u0_shiftreg_defa...]
Compiling architecture rtl of entity xil_defaultlib.start_for_conv3_U0 [\start_for_conv3_U0(1,8)\]
Compiling architecture rtl of entity xil_defaultlib.start_for_conv4_U0_shiftReg [start_for_conv4_u0_shiftreg_defa...]
Compiling architecture rtl of entity xil_defaultlib.start_for_conv4_U0 [\start_for_conv4_U0(1,8)\]
Compiling architecture rtl of entity xil_defaultlib.start_for_conv5_U0_shiftReg [start_for_conv5_u0_shiftreg_defa...]
Compiling architecture rtl of entity xil_defaultlib.start_for_conv5_U0 [\start_for_conv5_U0(1,8)\]
Compiling architecture rtl of entity xil_defaultlib.start_for_detectig8j_shiftReg [start_for_detectig8j_shiftreg_de...]
Compiling architecture rtl of entity xil_defaultlib.start_for_detectig8j [\start_for_detectig8j(1,8)\]
Compiling architecture behav of entity xil_defaultlib.topp [topp_default]
Compiling architecture behav of entity xil_defaultlib.AESL_automem_image_r [aesl_automem_image_r_default]
Compiling architecture behav of entity xil_defaultlib.AESL_automem_output_r [aesl_automem_output_r_default]
Compiling architecture behav of entity xil_defaultlib.apatb_topp_top
Built simulation snapshot topp

****** Webtalk v2018.3 (64-bit)
  **** SW Build 2405991 on Thu Dec  6 23:38:27 MST 2018
  **** IP Build 2404404 on Fri Dec  7 01:43:56 MST 2018
    ** Copyright 1986-2018 Xilinx, Inc. All Rights Reserved.

source Z:/thietkephancunglab/finalprojop/topp/solution1/sim/vhdl/xsim.dir/topp/webtalk/xsim_webtalk.tcl -notrace
INFO: [Common 17-206] Exiting Webtalk at Mon Jun  8 21:04:54 2026...

****** xsim v2018.3 (64-bit)
  **** SW Build 2405991 on Thu Dec  6 23:38:27 MST 2018
  **** IP Build 2404404 on Fri Dec  7 01:43:56 MST 2018
    ** Copyright 1986-2018 Xilinx, Inc. All Rights Reserved.

source xsim.dir/topp/xsim_script.tcl
# xsim {topp} -autoloadwcfg -tclbatch {topp.tcl}
Vivado Simulator 2018.3
Time resolution is 1 ps
source topp.tcl
## log_wave -r /
WARNING: [Simtcl 6-197] One or more HDL objects could not be logged because of object type or size limitations.  To see details please rerun the command with -verbose (-v).
## set designtopgroup [add_wave_group "Design Top Signals"]
## set coutputgroup [add_wave_group "C Outputs" -into $designtopgroup]
## set output_group [add_wave_group output(memory) -into $coutputgroup]
## add_wave /apatb_topp_top/AESL_inst_topp/output_r_we1 -into $output_group -color #ffff00 -radix hex
## add_wave /apatb_topp_top/AESL_inst_topp/output_r_q1 -into $output_group -radix hex
## add_wave /apatb_topp_top/AESL_inst_topp/output_r_d1 -into $output_group -radix hex
## add_wave /apatb_topp_top/AESL_inst_topp/output_r_ce1 -into $output_group -color #ffff00 -radix hex
## add_wave /apatb_topp_top/AESL_inst_topp/output_r_address1 -into $output_group -radix hex
## add_wave /apatb_topp_top/AESL_inst_topp/output_r_we0 -into $output_group -color #ffff00 -radix hex
## add_wave /apatb_topp_top/AESL_inst_topp/output_r_q0 -into $output_group -radix hex
## add_wave /apatb_topp_top/AESL_inst_topp/output_r_d0 -into $output_group -radix hex
## add_wave /apatb_topp_top/AESL_inst_topp/output_r_ce0 -into $output_group -color #ffff00 -radix hex
## add_wave /apatb_topp_top/AESL_inst_topp/output_r_address0 -into $output_group -radix hex
## set cinputgroup [add_wave_group "C Inputs" -into $designtopgroup]
## set image_group [add_wave_group image(memory) -into $cinputgroup]
## add_wave /apatb_topp_top/AESL_inst_topp/image_r_we1 -into $image_group -color #ffff00 -radix hex
## add_wave /apatb_topp_top/AESL_inst_topp/image_r_q1 -into $image_group -radix hex
## add_wave /apatb_topp_top/AESL_inst_topp/image_r_d1 -into $image_group -radix hex
## add_wave /apatb_topp_top/AESL_inst_topp/image_r_ce1 -into $image_group -color #ffff00 -radix hex
## add_wave /apatb_topp_top/AESL_inst_topp/image_r_address1 -into $image_group -radix hex
## add_wave /apatb_topp_top/AESL_inst_topp/image_r_we0 -into $image_group -color #ffff00 -radix hex
## add_wave /apatb_topp_top/AESL_inst_topp/image_r_q0 -into $image_group -radix hex
## add_wave /apatb_topp_top/AESL_inst_topp/image_r_d0 -into $image_group -radix hex
## add_wave /apatb_topp_top/AESL_inst_topp/image_r_ce0 -into $image_group -color #ffff00 -radix hex
## add_wave /apatb_topp_top/AESL_inst_topp/image_r_address0 -into $image_group -radix hex
## set blocksiggroup [add_wave_group "Block-level IO Handshake" -into $designtopgroup]
## add_wave /apatb_topp_top/AESL_inst_topp/ap_start -into $blocksiggroup
## add_wave /apatb_topp_top/AESL_inst_topp/ap_done -into $blocksiggroup
## add_wave /apatb_topp_top/AESL_inst_topp/ap_ready -into $blocksiggroup
## add_wave /apatb_topp_top/AESL_inst_topp/ap_idle -into $blocksiggroup
## set resetgroup [add_wave_group "Reset" -into $designtopgroup]
## add_wave /apatb_topp_top/AESL_inst_topp/ap_rst -into $resetgroup
## set clockgroup [add_wave_group "Clock" -into $designtopgroup]
## add_wave /apatb_topp_top/AESL_inst_topp/ap_clk -into $clockgroup
## set testbenchgroup [add_wave_group "Test Bench Signals"]
## set tbinternalsiggroup [add_wave_group "Internal Signals" -into $testbenchgroup]
## set tb_simstatus_group [add_wave_group "Simulation Status" -into $tbinternalsiggroup]
## set tb_portdepth_group [add_wave_group "Port Depth" -into $tbinternalsiggroup]
## add_wave /apatb_topp_top/AUTOTB_TRANSACTION_NUM -into $tb_simstatus_group -radix hex
## add_wave /apatb_topp_top/ready_cnt -into $tb_simstatus_group -radix hex
## add_wave /apatb_topp_top/done_cnt -into $tb_simstatus_group -radix hex
## add_wave /apatb_topp_top/LENGTH_image_r -into $tb_portdepth_group -radix hex
## add_wave /apatb_topp_top/LENGTH_output_r -into $tb_portdepth_group -radix hex
## set tbcoutputgroup [add_wave_group "C Outputs" -into $testbenchgroup]
## set tb_output_group [add_wave_group output(memory) -into $tbcoutputgroup]
## add_wave /apatb_topp_top/output_r_we1 -into $tb_output_group -color #ffff00 -radix hex
## add_wave /apatb_topp_top/output_r_q1 -into $tb_output_group -radix hex
## add_wave /apatb_topp_top/output_r_d1 -into $tb_output_group -radix hex
## add_wave /apatb_topp_top/output_r_ce1 -into $tb_output_group -color #ffff00 -radix hex
## add_wave /apatb_topp_top/output_r_address1 -into $tb_output_group -radix hex
## add_wave /apatb_topp_top/output_r_we0 -into $tb_output_group -color #ffff00 -radix hex
## add_wave /apatb_topp_top/output_r_q0 -into $tb_output_group -radix hex
## add_wave /apatb_topp_top/output_r_d0 -into $tb_output_group -radix hex
## add_wave /apatb_topp_top/output_r_ce0 -into $tb_output_group -color #ffff00 -radix hex
## add_wave /apatb_topp_top/output_r_address0 -into $tb_output_group -radix hex
## set tbcinputgroup [add_wave_group "C Inputs" -into $testbenchgroup]
## set tb_image_group [add_wave_group image(memory) -into $tbcinputgroup]
## add_wave /apatb_topp_top/image_r_we1 -into $tb_image_group -color #ffff00 -radix hex
## add_wave /apatb_topp_top/image_r_q1 -into $tb_image_group -radix hex
## add_wave /apatb_topp_top/image_r_d1 -into $tb_image_group -radix hex
## add_wave /apatb_topp_top/image_r_ce1 -into $tb_image_group -color #ffff00 -radix hex
## add_wave /apatb_topp_top/image_r_address1 -into $tb_image_group -radix hex
## add_wave /apatb_topp_top/image_r_we0 -into $tb_image_group -color #ffff00 -radix hex
## add_wave /apatb_topp_top/image_r_q0 -into $tb_image_group -radix hex
## add_wave /apatb_topp_top/image_r_d0 -into $tb_image_group -radix hex
## add_wave /apatb_topp_top/image_r_ce0 -into $tb_image_group -color #ffff00 -radix hex
## add_wave /apatb_topp_top/image_r_address0 -into $tb_image_group -radix hex
## save_wave_config topp.wcfg
## run all
Warning: OPMODE Input Warning : The OPMODE 011XX11 with CARRYINSEL  000 to DSP48E1 instance is invalid.
Time: 100010 ps  Iteration: 0  Process: /apatb_topp_top/AESL_inst_topp/detection_head_U0/topp_fexp_32ns_32dEe_U113/topp_ap_fexp_7_full_dsp_32_u/U0/i_synth/exp_op/i_sp_or_dp/OP/i_renorm_and_round/dsp48_e1/dsp48e1_add/DSP48E1_ADD/DSP/prcs_opmode_drc  File: Z:\Vivado\2018.3\data/vhdl/src/unisims/primitive/DSP48E1.vhd
Warning: OPMODE Input Warning : The OPMODE 0110X0X with CARRYINSEL  000 to DSP48E1 instance is invalid.
Time: 100010 ps  Iteration: 0  Process: /apatb_topp_top/AESL_inst_topp/detection_head_U0/topp_fadd_32ns_32bkb_U111/topp_ap_fadd_3_full_dsp_32_u/U0/i_synth/addsub_op/ADDSUB/speed_op/dsp/OP/dsp48e1_body/ALIGN_ADD/DSP2/DSP/prcs_opmode_drc  File: Z:\Vivado\2018.3\data/vhdl/src/unisims/primitive/DSP48E1.vhd
Note: simulation done!
Time: 377305 ns  Iteration: 1  Process: /apatb_topp_top/generate_sim_done_proc  File: Z:/thietkephancunglab/finalprojop/topp/solution1/sim/vhdl/topp.autotb.vhd
Failure: NORMAL EXIT (note: failure is to force the simulator to stop)
Time: 377305 ns  Iteration: 1  Process: /apatb_topp_top/generate_sim_done_proc  File: Z:/thietkephancunglab/finalprojop/topp/solution1/sim/vhdl/topp.autotb.vhd
$finish called at time : 377305 ns
run: Time (s): cpu = 00:00:00 ; elapsed = 00:00:07 . Memory (MB): peak = 217.883 ; gain = 0.000
## quit
INFO: [Common 17-206] Exiting xsim at Mon Jun  8 21:05:06 2026...
Init weights...
Init image...
Run CNN...

Output channel 0

 0.500  0.500  0.500  0.500  0.500  0.500  0.500  0.500 
 0.500  0.500  0.500  0.500  0.500  0.500  0.500  0.500 
 0.500  0.500  0.500  0.500  0.500  0.500  0.500  0.500 
 0.500  0.500  0.500  0.500  0.500  0.500  0.500  0.500 
 0.500  0.500  0.500  0.500  0.500  0.500  0.500  0.500 
 0.500  0.500  0.500  0.500  0.500  0.500  0.500  0.500 
 0.500  0.500  0.500  0.500  0.500  0.500  0.500  0.500 
 0.500  0.500  0.500  0.500  0.500  0.500  0.500  0.500 

Detected cells:

