

================================================================
== Vivado HLS Report for 'conv2'
================================================================
* Date:           Sun Jun  7 19:29:35 2026

* Version:        2018.3 (Build 2405991 on Thu Dec 06 23:56:15 MST 2018)
* Project:        finalproj
* Solution:       nodirective
* Product family: zynq
* Target device:  xc7z020clg484-1


================================================================
== Performance Estimates
================================================================
+ Timing (ns): 
    * Summary: 
    +--------+-------+----------+------------+
    |  Clock | Target| Estimated| Uncertainty|
    +--------+-------+----------+------------+
    |ap_clk  |  10.00|     8.485|        1.25|
    +--------+-------+----------+------------+

+ Latency (clock cycles): 
    * Summary: 
    +----------+----------+----------+----------+---------+
    |       Latency       |       Interval      | Pipeline|
    |    min   |    max   |    min   |    max   |   Type  |
    +----------+----------+----------+----------+---------+
    |  11559665|  11559665|  11559665|  11559665|   none  |
    +----------+----------+----------+----------+---------+

    + Detail: 
        * Instance: 
        N/A

        * Loop: 
        +-----------------------------+----------+----------+----------+-----------+-----------+------+----------+
        |                             |       Latency       | Iteration|  Initiation Interval  | Trip |          |
        |          Loop Name          |    min   |    max   |  Latency |  achieved |   target  | Count| Pipelined|
        +-----------------------------+----------+----------+----------+-----------+-----------+------+----------+
        |- Loop 1                     |  11559664|  11559664|    722479|          -|          -|    16|    no    |
        | + Loop 1.1                  |    722477|    722477|     24913|          -|          -|    29|    no    |
        |  ++ Loop 1.1.1              |     24911|     24911|       859|          -|          -|    29|    no    |
        |   +++ Loop 1.1.1.1          |       856|       856|       107|          -|          -|     8|    no    |
        |    ++++ Loop 1.1.1.1.1      |       105|       105|        35|          -|          -|     3|    no    |
        |     +++++ Loop 1.1.1.1.1.1  |        33|        33|        11|          -|          -|     3|    no    |
        +-----------------------------+----------+----------+----------+-----------+-----------+------+----------+



================================================================
== Utilization Estimates
================================================================
* Summary: 
+-----------------+---------+-------+--------+-------+
|       Name      | BRAM_18K| DSP48E|   FF   |  LUT  |
+-----------------+---------+-------+--------+-------+
|DSP              |        -|      -|       -|      -|
|Expression       |        -|      -|       0|    327|
|FIFO             |        -|      -|       -|      -|
|Instance         |        -|      5|     414|    950|
|Memory           |        -|      -|       -|      -|
|Multiplexer      |        -|      -|       -|    183|
|Register         |        -|      -|     280|      -|
+-----------------+---------+-------+--------+-------+
|Total            |        0|      5|     694|   1460|
+-----------------+---------+-------+--------+-------+
|Available        |      280|    220|  106400|  53200|
+-----------------+---------+-------+--------+-------+
|Utilization (%)  |        0|      2|   ~0   |      2|
+-----------------+---------+-------+--------+-------+

+ Detail: 
    * Instance: 
    +--------------------------+----------------------+---------+-------+-----+-----+
    |         Instance         |        Module        | BRAM_18K| DSP48E|  FF | LUT |
    +--------------------------+----------------------+---------+-------+-----+-----+
    |topp_fadd_32ns_32bkb_U12  |topp_fadd_32ns_32bkb  |        0|      2|  205|  390|
    |topp_fcmp_32ns_32dEe_U14  |topp_fcmp_32ns_32dEe  |        0|      0|   66|  239|
    |topp_fmul_32ns_32cud_U13  |topp_fmul_32ns_32cud  |        0|      3|  143|  321|
    +--------------------------+----------------------+---------+-------+-----+-----+
    |Total                     |                      |        0|      5|  414|  950|
    +--------------------------+----------------------+---------+-------+-----+-----+

    * DSP48: 
    N/A

    * Memory: 
    N/A

    * FIFO: 
    N/A

    * Expression: 
    +---------------------+----------+-------+---+----+------------+------------+
    |    Variable Name    | Operation| DSP48E| FF| LUT| Bitwidth P0| Bitwidth P1|
    +---------------------+----------+-------+---+----+------------+------------+
    |c_7_fu_258_p2        |     +    |      0|  0|  15|           5|           1|
    |ic_5_fu_270_p2       |     +    |      0|  0|  13|           4|           1|
    |kc_4_fu_361_p2       |     +    |      0|  0|  10|           2|           1|
    |kr_4_fu_317_p2       |     +    |      0|  0|  10|           2|           1|
    |next_mul_fu_234_p2   |     +    |      0|  0|  14|          10|           5|
    |oc_5_fu_224_p2       |     +    |      0|  0|  15|           5|           1|
    |r_7_fu_246_p2        |     +    |      0|  0|  15|           5|           1|
    |tmp_36_fu_323_p2     |     +    |      0|  0|  15|           5|           5|
    |tmp_38_fu_367_p2     |     +    |      0|  0|  15|           5|           5|
    |tmp_76_fu_302_p2     |     +    |      0|  0|  21|          15|          15|
    |tmp_79_fu_377_p2     |     +    |      0|  0|  13|          11|          11|
    |tmp_80_fu_390_p2     |     +    |      0|  0|  19|          14|          14|
    |tmp_s_fu_284_p2      |     +    |      0|  0|  14|          10|          10|
    |tmp_78_fu_345_p2     |     -    |      0|  0|  13|          11|          11|
    |tmp_45_fu_436_p2     |    and   |      0|  0|   2|           1|           1|
    |exitcond1_fu_311_p2  |   icmp   |      0|  0|   8|           2|           2|
    |exitcond2_fu_264_p2  |   icmp   |      0|  0|  11|           4|           5|
    |exitcond3_fu_252_p2  |   icmp   |      0|  0|  11|           5|           3|
    |exitcond4_fu_240_p2  |   icmp   |      0|  0|  11|           5|           3|
    |exitcond5_fu_218_p2  |   icmp   |      0|  0|  11|           5|           6|
    |exitcond_fu_355_p2   |   icmp   |      0|  0|   8|           2|           2|
    |notlhs_fu_418_p2     |   icmp   |      0|  0|  11|           8|           2|
    |notrhs_fu_424_p2     |   icmp   |      0|  0|  18|          23|           1|
    |tmp_43_fu_430_p2     |    or    |      0|  0|   2|           1|           1|
    |out_r_d0             |  select  |      0|  0|  32|           1|           1|
    +---------------------+----------+-------+---+----+------------+------------+
    |Total                |          |      0|  0| 327|         161|         109|
    +---------------------+----------+-------+---+----+------------+------------+

    * Multiplexer: 
    +-----------------+----+-----------+-----+-----------+
    |       Name      | LUT| Input Size| Bits| Total Bits|
    +-----------------+----+-----------+-----+-----------+
    |ap_NS_fsm        |  93|         19|    1|         19|
    |c_reg_121        |   9|          2|    5|         10|
    |ic_reg_145       |   9|          2|    4|          8|
    |kc_reg_191       |   9|          2|    2|          4|
    |kr_reg_168       |   9|          2|    2|          4|
    |oc_reg_86        |   9|          2|    5|         10|
    |phi_mul_reg_109  |   9|          2|   10|         20|
    |r_reg_97         |   9|          2|    5|         10|
    |sum9_reg_133     |   9|          2|   32|         64|
    |sum_1_reg_156    |   9|          2|   32|         64|
    |sum_2_reg_179    |   9|          2|   32|         64|
    +-----------------+----+-----------+-----+-----------+
    |Total            | 183|         39|  130|        277|
    +-----------------+----+-----------+-----+-----------+

    * Register: 
    +---------------------+----+----+-----+-----------+
    |         Name        | FF | LUT| Bits| Const Bits|
    +---------------------+----+----+-----+-----------+
    |ap_CS_fsm            |  18|   0|   18|          0|
    |c_7_reg_483          |   5|   0|    5|          0|
    |c_reg_121            |   5|   0|    5|          0|
    |ic_5_reg_491         |   4|   0|    4|          0|
    |ic_reg_145           |   4|   0|    4|          0|
    |kc_4_reg_527         |   2|   0|    2|          0|
    |kc_reg_191           |   2|   0|    2|          0|
    |kr_4_reg_514         |   2|   0|    2|          0|
    |kr_reg_168           |   2|   0|    2|          0|
    |next_mul_reg_467     |  10|   0|   10|          0|
    |oc_5_reg_457         |   5|   0|    5|          0|
    |oc_reg_86            |   5|   0|    5|          0|
    |p1_load_reg_537      |  32|   0|   32|          0|
    |phi_mul_reg_109      |  10|   0|   10|          0|
    |r_7_reg_475          |   5|   0|    5|          0|
    |r_reg_97             |   5|   0|    5|          0|
    |sum9_reg_133         |  32|   0|   32|          0|
    |sum_1_reg_156        |  32|   0|   32|          0|
    |sum_2_reg_179        |  32|   0|   32|          0|
    |tmp_35_cast_reg_496  |   4|   0|   14|         10|
    |tmp_40_reg_542       |  32|   0|   32|          0|
    |tmp_44_reg_501       |   1|   0|    1|          0|
    |tmp_76_reg_506       |  15|   0|   15|          0|
    |tmp_78_reg_519       |  11|   0|   11|          0|
    |tmp_cast_reg_462     |   5|   0|   15|         10|
    +---------------------+----+----+-----+-----------+
    |Total                | 280|   0|  300|         20|
    +---------------------+----+----+-----+-----------+



================================================================
== Interface
================================================================
* Summary: 
+----------------+-----+-----+------------+--------------+--------------+
|    RTL Ports   | Dir | Bits|  Protocol  | Source Object|    C Type    |
+----------------+-----+-----+------------+--------------+--------------+
|ap_clk          |  in |    1| ap_ctrl_hs |     conv2    | return value |
|ap_rst          |  in |    1| ap_ctrl_hs |     conv2    | return value |
|ap_start        |  in |    1| ap_ctrl_hs |     conv2    | return value |
|ap_done         | out |    1| ap_ctrl_hs |     conv2    | return value |
|ap_idle         | out |    1| ap_ctrl_hs |     conv2    | return value |
|ap_ready        | out |    1| ap_ctrl_hs |     conv2    | return value |
|out_r_address0  | out |   14|  ap_memory |     out_r    |     array    |
|out_r_ce0       | out |    1|  ap_memory |     out_r    |     array    |
|out_r_we0       | out |    1|  ap_memory |     out_r    |     array    |
|out_r_d0        | out |   32|  ap_memory |     out_r    |     array    |
|p1_address0     | out |   13|  ap_memory |      p1      |     array    |
|p1_ce0          | out |    1|  ap_memory |      p1      |     array    |
|p1_q0           |  in |   32|  ap_memory |      p1      |     array    |
+----------------+-----+-----+------------+--------------+--------------+

