

================================================================
== Vivado HLS Report for 'conv5'
================================================================
* Date:           Sun Jun  7 19:29:36 2026

* Version:        2018.3 (Build 2405991 on Thu Dec 06 23:56:15 MST 2018)
* Project:        finalproj
* Solution:       nodirective
* Product family: zynq
* Target device:  xc7z020clg484-1


================================================================
== Performance Estimates
================================================================
+ Timing (ns): 
    * Summary: 
    +--------+-------+----------+------------+
    |  Clock | Target| Estimated| Uncertainty|
    +--------+-------+----------+------------+
    |ap_clk  |  10.00|     8.584|        1.25|
    +--------+-------+----------+------------+

+ Latency (clock cycles): 
    * Summary: 
    +---------+---------+---------+---------+---------+
    |      Latency      |      Interval     | Pipeline|
    |   min   |   max   |   min   |   max   |   Type  |
    +---------+---------+---------+---------+---------+
    |  7017025|  7017025|  7017025|  7017025|   none  |
    +---------+---------+---------+---------+---------+

    + Detail: 
        * Instance: 
        N/A

        * Loop: 
        +-----------------------------+---------+---------+----------+-----------+-----------+------+----------+
        |                             |      Latency      | Iteration|  Initiation Interval  | Trip |          |
        |          Loop Name          |   min   |   max   |  Latency |  achieved |   target  | Count| Pipelined|
        +-----------------------------+---------+---------+----------+-----------+-----------+------+----------+
        |- Loop 1                     |  7017024|  7017024|    219282|          -|          -|    32|    no    |
        | + Loop 1.1                  |   219280|   219280|     27410|          -|          -|     8|    no    |
        |  ++ Loop 1.1.1              |    27408|    27408|      3426|          -|          -|     8|    no    |
        |   +++ Loop 1.1.1.1          |     3424|     3424|       107|          -|          -|    32|    no    |
        |    ++++ Loop 1.1.1.1.1      |      105|      105|        35|          -|          -|     3|    no    |
        |     +++++ Loop 1.1.1.1.1.1  |       33|       33|        11|          -|          -|     3|    no    |
        +-----------------------------+---------+---------+----------+-----------+-----------+------+----------+



================================================================
== Utilization Estimates
================================================================
* Summary: 
+-----------------+---------+-------+--------+-------+
|       Name      | BRAM_18K| DSP48E|   FF   |  LUT  |
+-----------------+---------+-------+--------+-------+
|DSP              |        -|      -|       -|      -|
|Expression       |        -|      -|       0|    241|
|FIFO             |        -|      -|       -|      -|
|Instance         |        -|      5|     348|    711|
|Memory           |        -|      -|       -|      -|
|Multiplexer      |        -|      -|       -|    170|
|Register         |        -|      -|     248|      -|
+-----------------+---------+-------+--------+-------+
|Total            |        0|      5|     596|   1122|
+-----------------+---------+-------+--------+-------+
|Available        |      280|    220|  106400|  53200|
+-----------------+---------+-------+--------+-------+
|Utilization (%)  |        0|      2|   ~0   |      2|
+-----------------+---------+-------+--------+-------+

+ Detail: 
    * Instance: 
    +--------------------------+----------------------+---------+-------+-----+-----+
    |         Instance         |        Module        | BRAM_18K| DSP48E|  FF | LUT |
    +--------------------------+----------------------+---------+-------+-----+-----+
    |topp_fadd_32ns_32bkb_U30  |topp_fadd_32ns_32bkb  |        0|      2|  205|  390|
    |topp_fmul_32ns_32cud_U31  |topp_fmul_32ns_32cud  |        0|      3|  143|  321|
    +--------------------------+----------------------+---------+-------+-----+-----+
    |Total                     |                      |        0|      5|  348|  711|
    +--------------------------+----------------------+---------+-------+-----+-----+

    * DSP48: 
    N/A

    * Memory: 
    N/A

    * FIFO: 
    N/A

    * Expression: 
    +---------------------+----------+-------+---+----+------------+------------+
    |    Variable Name    | Operation| DSP48E| FF| LUT| Bitwidth P0| Bitwidth P1|
    +---------------------+----------+-------+---+----+------------+------------+
    |c_4_fu_233_p2        |     +    |      0|  0|  13|           4|           1|
    |ic_2_fu_245_p2       |     +    |      0|  0|  15|           6|           1|
    |kc_1_fu_344_p2       |     +    |      0|  0|  10|           2|           1|
    |kr_1_fu_292_p2       |     +    |      0|  0|  10|           2|           1|
    |oc_2_fu_193_p2       |     +    |      0|  0|  15|           6|           1|
    |r_4_fu_209_p2        |     +    |      0|  0|  13|           4|           1|
    |tmp_15_fu_298_p2     |     +    |      0|  0|  13|           4|           4|
    |tmp_17_fu_350_p2     |     +    |      0|  0|  13|           4|           4|
    |tmp_49_fu_259_p2     |     +    |      0|  0|  15|           8|           8|
    |tmp_50_fu_272_p2     |     +    |      0|  0|  17|          13|          13|
    |tmp_53_fu_328_p2     |     +    |      0|  0|  15|           8|           8|
    |tmp_54_fu_360_p2     |     +    |      0|  0|  15|           8|           8|
    |tmp_55_fu_373_p2     |     +    |      0|  0|  17|          13|          13|
    |exitcond1_fu_286_p2  |   icmp   |      0|  0|   8|           2|           2|
    |exitcond2_fu_239_p2  |   icmp   |      0|  0|  11|           6|           7|
    |exitcond3_fu_227_p2  |   icmp   |      0|  0|  11|           4|           5|
    |exitcond4_fu_203_p2  |   icmp   |      0|  0|  11|           4|           5|
    |exitcond5_fu_187_p2  |   icmp   |      0|  0|  11|           6|           7|
    |exitcond_fu_338_p2   |   icmp   |      0|  0|   8|           2|           2|
    +---------------------+----------+-------+---+----+------------+------------+
    |Total                |          |      0|  0| 241|         106|          92|
    +---------------------+----------+-------+---+----+------------+------------+

    * Multiplexer: 
    +---------------+----+-----------+-----+-----------+
    |      Name     | LUT| Input Size| Bits| Total Bits|
    +---------------+----+-----------+-----+-----------+
    |ap_NS_fsm      |  89|         18|    1|         18|
    |c_reg_95       |   9|          2|    4|          8|
    |ic_reg_120     |   9|          2|    6|         12|
    |kc_reg_166     |   9|          2|    2|          4|
    |kr_reg_143     |   9|          2|    2|          4|
    |oc_reg_72      |   9|          2|    6|         12|
    |r_reg_83       |   9|          2|    4|          8|
    |sum3_reg_107   |   9|          2|   32|         64|
    |sum_1_reg_131  |   9|          2|   32|         64|
    |sum_2_reg_154  |   9|          2|   32|         64|
    +---------------+----+-----------+-----+-----------+
    |Total          | 170|         36|  121|        258|
    +---------------+----+-----------+-----+-----------+

    * Register: 
    +---------------------+----+----+-----+-----------+
    |         Name        | FF | LUT| Bits| Const Bits|
    +---------------------+----+----+-----+-----------+
    |ap_CS_fsm            |  17|   0|   17|          0|
    |c_4_reg_412          |   4|   0|    4|          0|
    |c_reg_95             |   4|   0|    4|          0|
    |f4_load_reg_456      |  32|   0|   32|          0|
    |ic_2_reg_420         |   6|   0|    6|          0|
    |ic_reg_120           |   6|   0|    6|          0|
    |kc_1_reg_446         |   2|   0|    2|          0|
    |kc_reg_166           |   2|   0|    2|          0|
    |kr_1_reg_433         |   2|   0|    2|          0|
    |kr_reg_143           |   2|   0|    2|          0|
    |oc_2_reg_386         |   6|   0|    6|          0|
    |oc_reg_72            |   6|   0|    6|          0|
    |r_4_reg_399          |   4|   0|    4|          0|
    |r_reg_83             |   4|   0|    4|          0|
    |sum3_reg_107         |  32|   0|   32|          0|
    |sum_1_reg_131        |  32|   0|   32|          0|
    |sum_2_reg_154        |  32|   0|   32|          0|
    |tmp_14_cast_reg_425  |   6|   0|   13|          7|
    |tmp_19_reg_461       |  32|   0|   32|          0|
    |tmp_53_reg_438       |   7|   0|    8|          1|
    |tmp_69_cast_reg_404  |   4|   0|    8|          4|
    |tmp_cast_reg_391     |   6|   0|   13|          7|
    +---------------------+----+----+-----+-----------+
    |Total                | 248|   0|  267|         19|
    +---------------------+----+----+-----+-----------+



================================================================
== Interface
================================================================
* Summary: 
+----------------+-----+-----+------------+--------------+--------------+
|    RTL Ports   | Dir | Bits|  Protocol  | Source Object|    C Type    |
+----------------+-----+-----+------------+--------------+--------------+
|ap_clk          |  in |    1| ap_ctrl_hs |     conv5    | return value |
|ap_rst          |  in |    1| ap_ctrl_hs |     conv5    | return value |
|ap_start        |  in |    1| ap_ctrl_hs |     conv5    | return value |
|ap_done         | out |    1| ap_ctrl_hs |     conv5    | return value |
|ap_idle         | out |    1| ap_ctrl_hs |     conv5    | return value |
|ap_ready        | out |    1| ap_ctrl_hs |     conv5    | return value |
|out_r_address0  | out |   11|  ap_memory |     out_r    |     array    |
|out_r_ce0       | out |    1|  ap_memory |     out_r    |     array    |
|out_r_we0       | out |    1|  ap_memory |     out_r    |     array    |
|out_r_d0        | out |   32|  ap_memory |     out_r    |     array    |
|f4_address0     | out |   12|  ap_memory |      f4      |     array    |
|f4_ce0          | out |    1|  ap_memory |      f4      |     array    |
|f4_q0           |  in |   32|  ap_memory |      f4      |     array    |
+----------------+-----+-----+------------+--------------+--------------+

