

================================================================
== Vivado HLS Report for 'conv4'
================================================================
* Date:           Sun Jun  7 19:29:36 2026

* Version:        2018.3 (Build 2405991 on Thu Dec 06 23:56:15 MST 2018)
* Project:        finalproj
* Solution:       nodirective
* Product family: zynq
* Target device:  xc7z020clg484-1


================================================================
== Performance Estimates
================================================================
+ Timing (ns): 
    * Summary: 
    +--------+-------+----------+------------+
    |  Clock | Target| Estimated| Uncertainty|
    +--------+-------+----------+------------+
    |ap_clk  |  10.00|     8.624|        1.25|
    +--------+-------+----------+------------+

+ Latency (clock cycles): 
    * Summary: 
    +----------+----------+----------+----------+---------+
    |       Latency       |       Interval      | Pipeline|
    |    min   |    max   |    min   |    max   |   Type  |
    +----------+----------+----------+----------+---------+
    |  10967105|  10967105|  10967105|  10967105|   none  |
    +----------+----------+----------+----------+---------+

    + Detail: 
        * Instance: 
        N/A

        * Loop: 
        +-----------------------------+----------+----------+----------+-----------+-----------+------+----------+
        |                             |       Latency       | Iteration|  Initiation Interval  | Trip |          |
        |          Loop Name          |    min   |    max   |  Latency |  achieved |   target  | Count| Pipelined|
        +-----------------------------+----------+----------+----------+-----------+-----------+------+----------+
        |- Loop 1                     |  10967104|  10967104|    342722|          -|          -|    32|    no    |
        | + Loop 1.1                  |    342720|    342720|     34272|          -|          -|    10|    no    |
        |  ++ Loop 1.1.1              |     34270|     34270|      3427|          -|          -|    10|    no    |
        |   +++ Loop 1.1.1.1          |      3424|      3424|       107|          -|          -|    32|    no    |
        |    ++++ Loop 1.1.1.1.1      |       105|       105|        35|          -|          -|     3|    no    |
        |     +++++ Loop 1.1.1.1.1.1  |        33|        33|        11|          -|          -|     3|    no    |
        +-----------------------------+----------+----------+----------+-----------+-----------+------+----------+



================================================================
== Utilization Estimates
================================================================
* Summary: 
+-----------------+---------+-------+--------+-------+
|       Name      | BRAM_18K| DSP48E|   FF   |  LUT  |
+-----------------+---------+-------+--------+-------+
|DSP              |        -|      -|       -|      -|
|Expression       |        -|      -|       0|    319|
|FIFO             |        -|      -|       -|      -|
|Instance         |        -|      5|     414|    950|
|Memory           |        -|      -|       -|      -|
|Multiplexer      |        -|      -|       -|    174|
|Register         |        -|      -|     266|      -|
+-----------------+---------+-------+--------+-------+
|Total            |        0|      5|     680|   1443|
+-----------------+---------+-------+--------+-------+
|Available        |      280|    220|  106400|  53200|
+-----------------+---------+-------+--------+-------+
|Utilization (%)  |        0|      2|   ~0   |      2|
+-----------------+---------+-------+--------+-------+

+ Detail: 
    * Instance: 
    +--------------------------+----------------------+---------+-------+-----+-----+
    |         Instance         |        Module        | BRAM_18K| DSP48E|  FF | LUT |
    +--------------------------+----------------------+---------+-------+-----+-----+
    |topp_fadd_32ns_32bkb_U25  |topp_fadd_32ns_32bkb  |        0|      2|  205|  390|
    |topp_fcmp_32ns_32dEe_U27  |topp_fcmp_32ns_32dEe  |        0|      0|   66|  239|
    |topp_fmul_32ns_32cud_U26  |topp_fmul_32ns_32cud  |        0|      3|  143|  321|
    +--------------------------+----------------------+---------+-------+-----+-----+
    |Total                     |                      |        0|      5|  414|  950|
    +--------------------------+----------------------+---------+-------+-----+-----+

    * DSP48: 
    N/A

    * Memory: 
    N/A

    * FIFO: 
    N/A

    * Expression: 
    +---------------------+----------+-------+---+----+------------+------------+
    |    Variable Name    | Operation| DSP48E| FF| LUT| Bitwidth P0| Bitwidth P1|
    +---------------------+----------+-------+---+----+------------+------------+
    |c_5_fu_272_p2        |     +    |      0|  0|  13|           4|           1|
    |ic_3_fu_284_p2       |     +    |      0|  0|  15|           6|           1|
    |kc_2_fu_378_p2       |     +    |      0|  0|  10|           2|           1|
    |kr_2_fu_326_p2       |     +    |      0|  0|  10|           2|           1|
    |oc_3_fu_214_p2       |     +    |      0|  0|  15|           6|           1|
    |r_5_fu_230_p2        |     +    |      0|  0|  13|           4|           1|
    |tmp_22_fu_332_p2     |     +    |      0|  0|  13|           4|           4|
    |tmp_24_fu_384_p2     |     +    |      0|  0|  13|           4|           4|
    |tmp_58_fu_260_p2     |     +    |      0|  0|  15|           8|           8|
    |tmp_59_fu_298_p2     |     +    |      0|  0|  15|           8|           8|
    |tmp_60_fu_311_p2     |     +    |      0|  0|  17|          13|          13|
    |tmp_64_fu_394_p2     |     +    |      0|  0|  15|           9|           9|
    |tmp_65_fu_407_p2     |     +    |      0|  0|  19|          14|          14|
    |tmp_63_fu_362_p2     |     -    |      0|  0|  15|           9|           9|
    |tmp_31_fu_453_p2     |    and   |      0|  0|   2|           1|           1|
    |exitcond1_fu_320_p2  |   icmp   |      0|  0|   8|           2|           2|
    |exitcond2_fu_278_p2  |   icmp   |      0|  0|  11|           6|           7|
    |exitcond3_fu_266_p2  |   icmp   |      0|  0|   9|           4|           4|
    |exitcond4_fu_224_p2  |   icmp   |      0|  0|   9|           4|           4|
    |exitcond5_fu_208_p2  |   icmp   |      0|  0|  11|           6|           7|
    |exitcond_fu_372_p2   |   icmp   |      0|  0|   8|           2|           2|
    |notlhs_fu_435_p2     |   icmp   |      0|  0|  11|           8|           2|
    |notrhs_fu_441_p2     |   icmp   |      0|  0|  18|          23|           1|
    |tmp_29_fu_447_p2     |    or    |      0|  0|   2|           1|           1|
    |out_r_d0             |  select  |      0|  0|  32|           1|           1|
    +---------------------+----------+-------+---+----+------------+------------+
    |Total                |          |      0|  0| 319|         151|         107|
    +---------------------+----------+-------+---+----+------------+------------+

    * Multiplexer: 
    +---------------+----+-----------+-----+-----------+
    |      Name     | LUT| Input Size| Bits| Total Bits|
    +---------------+----+-----------+-----+-----------+
    |ap_NS_fsm      |  93|         19|    1|         19|
    |c_reg_111      |   9|          2|    4|          8|
    |ic_reg_135     |   9|          2|    6|         12|
    |kc_reg_181     |   9|          2|    2|          4|
    |kr_reg_158     |   9|          2|    2|          4|
    |oc_reg_88      |   9|          2|    6|         12|
    |r_reg_99       |   9|          2|    4|          8|
    |sum5_reg_123   |   9|          2|   32|         64|
    |sum_1_reg_146  |   9|          2|   32|         64|
    |sum_2_reg_169  |   9|          2|   32|         64|
    +---------------+----+-----------+-----+-----------+
    |Total          | 174|         37|  121|        259|
    +---------------+----+-----------+-----+-----------+

    * Register: 
    +---------------------+----+----+-----+-----------+
    |         Name        | FF | LUT| Bits| Const Bits|
    +---------------------+----+----+-----+-----------+
    |ap_CS_fsm            |  18|   0|   18|          0|
    |c_5_reg_500          |   4|   0|    4|          0|
    |c_reg_111            |   4|   0|    4|          0|
    |f3_load_reg_554      |  32|   0|   32|          0|
    |ic_3_reg_508         |   6|   0|    6|          0|
    |ic_reg_135           |   6|   0|    6|          0|
    |kc_2_reg_544         |   2|   0|    2|          0|
    |kc_reg_181           |   2|   0|    2|          0|
    |kr_2_reg_531         |   2|   0|    2|          0|
    |kr_reg_158           |   2|   0|    2|          0|
    |oc_3_reg_474         |   6|   0|    6|          0|
    |oc_reg_88            |   6|   0|    6|          0|
    |r_5_reg_487          |   4|   0|    4|          0|
    |r_reg_99             |   4|   0|    4|          0|
    |sum5_reg_123         |  32|   0|   32|          0|
    |sum_1_reg_146        |  32|   0|   32|          0|
    |sum_2_reg_169        |  32|   0|   32|          0|
    |tmp_21_cast_reg_513  |   6|   0|   14|          8|
    |tmp_26_reg_559       |  32|   0|   32|          0|
    |tmp_30_reg_518       |   1|   0|    1|          0|
    |tmp_58_reg_492       |   7|   0|    8|          1|
    |tmp_60_reg_523       |  13|   0|   13|          0|
    |tmp_63_reg_536       |   7|   0|    9|          2|
    |tmp_cast_reg_479     |   6|   0|   13|          7|
    +---------------------+----+----+-----+-----------+
    |Total                | 266|   0|  284|         18|
    +---------------------+----+----+-----+-----------+



================================================================
== Interface
================================================================
* Summary: 
+----------------+-----+-----+------------+--------------+--------------+
|    RTL Ports   | Dir | Bits|  Protocol  | Source Object|    C Type    |
+----------------+-----+-----+------------+--------------+--------------+
|ap_clk          |  in |    1| ap_ctrl_hs |     conv4    | return value |
|ap_rst          |  in |    1| ap_ctrl_hs |     conv4    | return value |
|ap_start        |  in |    1| ap_ctrl_hs |     conv4    | return value |
|ap_done         | out |    1| ap_ctrl_hs |     conv4    | return value |
|ap_idle         | out |    1| ap_ctrl_hs |     conv4    | return value |
|ap_ready        | out |    1| ap_ctrl_hs |     conv4    | return value |
|out_r_address0  | out |   12|  ap_memory |     out_r    |     array    |
|out_r_ce0       | out |    1|  ap_memory |     out_r    |     array    |
|out_r_we0       | out |    1|  ap_memory |     out_r    |     array    |
|out_r_d0        | out |   32|  ap_memory |     out_r    |     array    |
|f3_address0     | out |   13|  ap_memory |      f3      |     array    |
|f3_ce0          | out |    1|  ap_memory |      f3      |     array    |
|f3_q0           |  in |   32|  ap_memory |      f3      |     array    |
+----------------+-----+-----+------------+--------------+--------------+

