

================================================================
== Vivado HLS Report for 'detection_head'
================================================================
* Date:           Sun Jun  7 19:29:37 2026

* Version:        2018.3 (Build 2405991 on Thu Dec 06 23:56:15 MST 2018)
* Project:        finalproj
* Solution:       nodirective
* Product family: zynq
* Target device:  xc7z020clg484-1


================================================================
== Performance Estimates
================================================================
+ Timing (ns): 
    * Summary: 
    +--------+-------+----------+------------+
    |  Clock | Target| Estimated| Uncertainty|
    +--------+-------+----------+------------+
    |ap_clk  |  10.00|     8.677|        1.25|
    +--------+-------+----------+------------+

+ Latency (clock cycles): 
    * Summary: 
    +--------+--------+--------+--------+---------+
    |     Latency     |     Interval    | Pipeline|
    |   min  |   max  |   min  |   max  |   Type  |
    +--------+--------+--------+--------+---------+
    |  393505|  393505|  393505|  393505|   none  |
    +--------+--------+--------+--------+---------+

    + Detail: 
        * Instance: 
        N/A

        * Loop: 
        +---------------------+--------+--------+----------+-----------+-----------+------+----------+
        |                     |     Latency     | Iteration|  Initiation Interval  | Trip |          |
        |      Loop Name      |   min  |   max  |  Latency |  achieved |   target  | Count| Pipelined|
        +---------------------+--------+--------+----------+-----------+-----------+------+----------+
        |- Loop 1             |  393504|  393504|     24594|          -|          -|    16|    no    |
        | + Loop 1.1          |   24592|   24592|      3074|          -|          -|     8|    no    |
        |  ++ Loop 1.1.1      |    3072|    3072|       384|          -|          -|     8|    no    |
        |   +++ Loop 1.1.1.1  |     352|     352|        11|          -|          -|    32|    no    |
        +---------------------+--------+--------+----------+-----------+-----------+------+----------+



================================================================
== Utilization Estimates
================================================================
* Summary: 
+-----------------+---------+-------+--------+-------+
|       Name      | BRAM_18K| DSP48E|   FF   |  LUT  |
+-----------------+---------+-------+--------+-------+
|DSP              |        -|      -|       -|      -|
|Expression       |        -|      -|       0|    177|
|FIFO             |        -|      -|       -|      -|
|Instance         |        -|     12|    1386|   2629|
|Memory           |        -|      -|       -|      -|
|Multiplexer      |        -|      -|       -|    276|
|Register         |        -|      -|     302|      -|
+-----------------+---------+-------+--------+-------+
|Total            |        0|     12|    1688|   3082|
+-----------------+---------+-------+--------+-------+
|Available        |      280|    220|  106400|  53200|
+-----------------+---------+-------+--------+-------+
|Utilization (%)  |        0|      5|       1|      5|
+-----------------+---------+-------+--------+-------+

+ Detail: 
    * Instance: 
    +--------------------------+----------------------+---------+-------+-----+-----+
    |         Instance         |        Module        | BRAM_18K| DSP48E|  FF | LUT |
    +--------------------------+----------------------+---------+-------+-----+-----+
    |topp_fadd_32ns_32bkb_U34  |topp_fadd_32ns_32bkb  |        0|      2|  205|  390|
    |topp_fdiv_32ns_32eOg_U36  |topp_fdiv_32ns_32eOg  |        0|      0|  761|  994|
    |topp_fexp_32ns_32fYi_U37  |topp_fexp_32ns_32fYi  |        0|      7|  277|  924|
    |topp_fmul_32ns_32cud_U35  |topp_fmul_32ns_32cud  |        0|      3|  143|  321|
    +--------------------------+----------------------+---------+-------+-----+-----+
    |Total                     |                      |        0|     12| 1386| 2629|
    +--------------------------+----------------------+---------+-------+-----+-----+

    * DSP48: 
    N/A

    * Memory: 
    N/A

    * FIFO: 
    N/A

    * Expression: 
    +---------------------+----------+-------+---+----+------------+------------+
    |    Variable Name    | Operation| DSP48E| FF| LUT| Bitwidth P0| Bitwidth P1|
    +---------------------+----------+-------+---+----+------------+------------+
    |c_3_fu_196_p2        |     +    |      0|  0|  13|           4|           1|
    |ic_1_fu_243_p2       |     +    |      0|  0|  15|           6|           1|
    |oc_1_fu_156_p2       |     +    |      0|  0|  15|           5|           1|
    |r_3_fu_172_p2        |     +    |      0|  0|  13|           4|           1|
    |tmp_46_fu_206_p2     |     +    |      0|  0|  15|           8|           8|
    |tmp_47_fu_227_p2     |     +    |      0|  0|  12|          12|          12|
    |tmp_48_fu_253_p2     |     +    |      0|  0|  17|          13|          13|
    |exitcond1_fu_190_p2  |   icmp   |      0|  0|  11|           4|           5|
    |exitcond2_fu_166_p2  |   icmp   |      0|  0|  11|           4|           5|
    |exitcond3_fu_150_p2  |   icmp   |      0|  0|  11|           5|           6|
    |exitcond_fu_237_p2   |   icmp   |      0|  0|  11|           6|           7|
    |tmp_neg_i_fu_267_p2  |    xor   |      0|  0|  33|          32|          33|
    +---------------------+----------+-------+---+----+------------+------------+
    |Total                |          |      0|  0| 177|         103|          93|
    +---------------------+----------+-------+---+----+------------+------------+

    * Multiplexer: 
    +------------------+-----+-----------+-----+-----------+
    |       Name       | LUT | Input Size| Bits| Total Bits|
    +------------------+-----+-----------+-----+-----------+
    |ap_NS_fsm         |  201|         46|    1|         46|
    |c_reg_95          |    9|          2|    4|          8|
    |grp_fu_129_p0     |   15|          3|   32|         96|
    |grp_fu_129_p1     |   15|          3|   32|         96|
    |ic_reg_118        |    9|          2|    6|         12|
    |oc_reg_73         |    9|          2|    5|         10|
    |r_reg_84          |    9|          2|    4|          8|
    |x_assign_reg_106  |    9|          2|   32|         64|
    +------------------+-----+-----------+-----+-----------+
    |Total             |  276|         62|  116|        340|
    +------------------+-----+-----------+-----+-----------+

    * Register: 
    +---------------------+----+----+-----+-----------+
    |         Name        | FF | LUT| Bits| Const Bits|
    +---------------------+----+----+-----+-----------+
    |ap_CS_fsm            |  45|   0|   45|          0|
    |c_3_reg_307          |   4|   0|    4|          0|
    |c_reg_95             |   4|   0|    4|          0|
    |f5_load_reg_340      |  32|   0|   32|          0|
    |ic_1_reg_325         |   6|   0|    6|          0|
    |ic_reg_118           |   6|   0|    6|          0|
    |oc_1_reg_281         |   5|   0|    5|          0|
    |oc_reg_73            |   5|   0|    5|          0|
    |out_addr_reg_317     |  10|   0|   10|          0|
    |r_3_reg_294          |   4|   0|    4|          0|
    |r_reg_84             |   4|   0|    4|          0|
    |tmp_12_reg_345       |  32|   0|   32|          0|
    |tmp_1_i_reg_355      |  32|   0|   32|          0|
    |tmp_2_i_reg_360      |  32|   0|   32|          0|
    |tmp_3_i_reg_365      |  32|   0|   32|          0|
    |tmp_60_cast_reg_299  |   4|   0|    8|          4|
    |tmp_63_cast_reg_312  |   8|   0|   13|          5|
    |tmp_cast_reg_286     |   5|   0|   12|          7|
    |x_assign_reg_106     |  32|   0|   32|          0|
    +---------------------+----+----+-----+-----------+
    |Total                | 302|   0|  318|         16|
    +---------------------+----+----+-----+-----------+



================================================================
== Interface
================================================================
* Summary: 
+----------------+-----+-----+------------+----------------+--------------+
|    RTL Ports   | Dir | Bits|  Protocol  |  Source Object |    C Type    |
+----------------+-----+-----+------------+----------------+--------------+
|ap_clk          |  in |    1| ap_ctrl_hs | detection_head | return value |
|ap_rst          |  in |    1| ap_ctrl_hs | detection_head | return value |
|ap_start        |  in |    1| ap_ctrl_hs | detection_head | return value |
|ap_done         | out |    1| ap_ctrl_hs | detection_head | return value |
|ap_idle         | out |    1| ap_ctrl_hs | detection_head | return value |
|ap_ready        | out |    1| ap_ctrl_hs | detection_head | return value |
|out_r_address0  | out |   10|  ap_memory |      out_r     |     array    |
|out_r_ce0       | out |    1|  ap_memory |      out_r     |     array    |
|out_r_we0       | out |    1|  ap_memory |      out_r     |     array    |
|out_r_d0        | out |   32|  ap_memory |      out_r     |     array    |
|f5_address0     | out |   11|  ap_memory |       f5       |     array    |
|f5_ce0          | out |    1|  ap_memory |       f5       |     array    |
|f5_q0           |  in |   32|  ap_memory |       f5       |     array    |
+----------------+-----+-----+------------+----------------+--------------+

