

================================================================
== Vivado HLS Report for 'maxpool2'
================================================================
* Date:           Sun Jun  7 19:29:35 2026

* Version:        2018.3 (Build 2405991 on Thu Dec 06 23:56:15 MST 2018)
* Project:        finalproj
* Solution:       nodirective
* Product family: zynq
* Target device:  xc7z020clg484-1


================================================================
== Performance Estimates
================================================================
+ Timing (ns): 
    * Summary: 
    +--------+-------+----------+------------+
    |  Clock | Target| Estimated| Uncertainty|
    +--------+-------+----------+------------+
    |ap_clk  |  10.00|     8.577|        1.25|
    +--------+-------+----------+------------+

+ Latency (clock cycles): 
    * Summary: 
    +-------+-------+-------+-------+---------+
    |    Latency    |    Interval   | Pipeline|
    |  min  |  max  |  min  |  max  |   Type  |
    +-------+-------+-------+-------+---------+
    |  60065|  60065|  60065|  60065|   none  |
    +-------+-------+-------+-------+---------+

    + Detail: 
        * Instance: 
        N/A

        * Loop: 
        +-------------------------+-------+-------+----------+-----------+-----------+------+----------+
        |                         |    Latency    | Iteration|  Initiation Interval  | Trip |          |
        |        Loop Name        |  min  |  max  |  Latency |  achieved |   target  | Count| Pipelined|
        +-------------------------+-------+-------+----------+-----------+-----------+------+----------+
        |- Loop 1                 |  60064|  60064|      3754|          -|          -|    16|    no    |
        | + Loop 1.1              |   3752|   3752|       268|          -|          -|    14|    no    |
        |  ++ Loop 1.1.1          |    266|    266|        19|          -|          -|    14|    no    |
        |   +++ Loop 1.1.1.1      |     16|     16|         8|          -|          -|     2|    no    |
        |    ++++ Loop 1.1.1.1.1  |      6|      6|         3|          -|          -|     2|    no    |
        +-------------------------+-------+-------+----------+-----------+-----------+------+----------+



================================================================
== Utilization Estimates
================================================================
* Summary: 
+-----------------+---------+-------+--------+-------+
|       Name      | BRAM_18K| DSP48E|   FF   |  LUT  |
+-----------------+---------+-------+--------+-------+
|DSP              |        -|      -|       -|      -|
|Expression       |        -|      0|       0|    371|
|FIFO             |        -|      -|       -|      -|
|Instance         |        -|      0|      66|    239|
|Memory           |        -|      -|       -|      -|
|Multiplexer      |        -|      -|       -|    125|
|Register         |        -|      -|     184|      -|
+-----------------+---------+-------+--------+-------+
|Total            |        0|      0|     250|    735|
+-----------------+---------+-------+--------+-------+
|Available        |      280|    220|  106400|  53200|
+-----------------+---------+-------+--------+-------+
|Utilization (%)  |        0|      0|   ~0   |      1|
+-----------------+---------+-------+--------+-------+

+ Detail: 
    * Instance: 
    +--------------------------+----------------------+---------+-------+----+-----+
    |         Instance         |        Module        | BRAM_18K| DSP48E| FF | LUT |
    +--------------------------+----------------------+---------+-------+----+-----+
    |topp_fcmp_32ns_32dEe_U17  |topp_fcmp_32ns_32dEe  |        0|      0|  66|  239|
    +--------------------------+----------------------+---------+-------+----+-----+
    |Total                     |                      |        0|      0|  66|  239|
    +--------------------------+----------------------+---------+-------+----+-----+

    * DSP48: 
    N/A

    * Memory: 
    N/A

    * FIFO: 
    N/A

    * Expression: 
    +---------------------+----------+-------+---+----+------------+------------+
    |    Variable Name    | Operation| DSP48E| FF| LUT| Bitwidth P0| Bitwidth P1|
    +---------------------+----------+-------+---+----+------------+------------+
    |tmp_22_fu_350_p2     |     *    |      0|  0|  17|           5|           5|
    |tmp_7_fu_231_p2      |     *    |      0|  0|  17|           5|           5|
    |c_1_fu_261_p2        |     +    |      0|  0|  13|           4|           1|
    |ch_1_fu_189_p2       |     +    |      0|  0|  15|           5|           1|
    |i_1_fu_335_p2        |     +    |      0|  0|  10|           2|           1|
    |j_1_fu_393_p2        |     +    |      0|  0|  10|           2|           1|
    |r_1_fu_209_p2        |     +    |      0|  0|  13|           4|           1|
    |tmp_20_fu_360_p2     |     +    |      0|  0|  15|           9|           9|
    |tmp_21_fu_373_p2     |     +    |      0|  0|  17|          13|          13|
    |tmp_23_fu_408_p2     |     +    |      0|  0|  14|          10|          10|
    |tmp_25_fu_425_p2     |     +    |      0|  0|  21|          15|          15|
    |tmp_2_fu_341_p2      |     +    |      0|  0|  15|           5|           5|
    |tmp_3_fu_279_p2      |     +    |      0|  0|  14|          10|          10|
    |tmp_4_fu_399_p2      |     +    |      0|  0|  15|           5|           5|
    |tmp_1_fu_249_p2      |     -    |      0|  0|  15|           9|           9|
    |tmp_16_fu_506_p2     |    and   |      0|  0|   2|           1|           1|
    |tmp_18_fu_512_p2     |    and   |      0|  0|   2|           1|           1|
    |exitcond1_fu_329_p2  |   icmp   |      0|  0|   9|           2|           3|
    |exitcond2_fu_255_p2  |   icmp   |      0|  0|   9|           4|           3|
    |exitcond3_fu_203_p2  |   icmp   |      0|  0|   9|           4|           3|
    |exitcond4_fu_183_p2  |   icmp   |      0|  0|  11|           5|           6|
    |exitcond_fu_387_p2   |   icmp   |      0|  0|   9|           2|           3|
    |notlhs6_fu_488_p2    |   icmp   |      0|  0|  11|           8|           2|
    |notlhs_fu_470_p2     |   icmp   |      0|  0|  11|           8|           2|
    |notrhs7_fu_494_p2    |   icmp   |      0|  0|  18|          23|           1|
    |notrhs_fu_476_p2     |   icmp   |      0|  0|  18|          23|           1|
    |tmp_14_fu_482_p2     |    or    |      0|  0|   2|           1|           1|
    |tmp_15_fu_500_p2     |    or    |      0|  0|   2|           1|           1|
    |tmp_8_fu_296_p2      |    or    |      0|  0|   5|           1|           5|
    |maxv_2_fu_518_p3     |  select  |      0|  0|  32|           1|          32|
    +---------------------+----------+-------+---+----+------------+------------+
    |Total                |          |      0|  0| 371|         188|         156|
    +---------------------+----------+-------+---+----+------------+------------+

    * Multiplexer: 
    +----------------+----+-----------+-----+-----------+
    |      Name      | LUT| Input Size| Bits| Total Bits|
    +----------------+----+-----------+-----+-----------+
    |ap_NS_fsm       |  47|         10|    1|         10|
    |c_reg_121       |   9|          2|    4|          8|
    |ch_reg_98       |   9|          2|    5|         10|
    |f2_address0     |  15|          3|   14|         42|
    |i_reg_144       |   9|          2|    2|          4|
    |j_reg_167       |   9|          2|    2|          4|
    |maxv1_reg_133   |   9|          2|   32|         64|
    |maxv_1_reg_155  |   9|          2|   32|         64|
    |r_reg_110       |   9|          2|    4|          8|
    +----------------+----+-----------+-----+-----------+
    |Total           | 125|         27|   96|        214|
    +----------------+----+-----------+-----+-----------+

    * Register: 
    +-------------------+----+----+-----+-----------+
    |        Name       | FF | LUT| Bits| Const Bits|
    +-------------------+----+----+-----+-----------+
    |ap_CS_fsm          |   9|   0|    9|          0|
    |c_1_reg_569        |   4|   0|    4|          0|
    |c_reg_121          |   4|   0|    4|          0|
    |ch_1_reg_528       |   5|   0|    5|          0|
    |ch_reg_98          |   5|   0|    5|          0|
    |i_1_reg_592        |   2|   0|    2|          0|
    |i_reg_144          |   2|   0|    2|          0|
    |j_1_reg_605        |   2|   0|    2|          0|
    |j_reg_167          |   2|   0|    2|          0|
    |maxv1_reg_133      |  32|   0|   32|          0|
    |maxv_1_reg_155     |  32|   0|   32|          0|
    |r_1_reg_546        |   4|   0|    4|          0|
    |r_reg_110          |   4|   0|    4|          0|
    |tmp_1_reg_561      |   8|   0|    9|          1|
    |tmp_22_reg_597     |  10|   0|   10|          0|
    |tmp_5_reg_551      |   4|   0|    5|          1|
    |tmp_7_reg_556      |   9|   0|   10|          1|
    |tmp_9_reg_574      |   4|   0|    5|          1|
    |tmp_cast3_reg_533  |   5|   0|   15|         10|
    |tmp_cast_reg_538   |   5|   0|   13|          8|
    |v_reg_615          |  32|   0|   32|          0|
    +-------------------+----+----+-----+-----------+
    |Total              | 184|   0|  206|         22|
    +-------------------+----+----+-----+-----------+



================================================================
== Interface
================================================================
* Summary: 
+----------------+-----+-----+------------+--------------+--------------+
|    RTL Ports   | Dir | Bits|  Protocol  | Source Object|    C Type    |
+----------------+-----+-----+------------+--------------+--------------+
|ap_clk          |  in |    1| ap_ctrl_hs |   maxpool2   | return value |
|ap_rst          |  in |    1| ap_ctrl_hs |   maxpool2   | return value |
|ap_start        |  in |    1| ap_ctrl_hs |   maxpool2   | return value |
|ap_done         | out |    1| ap_ctrl_hs |   maxpool2   | return value |
|ap_idle         | out |    1| ap_ctrl_hs |   maxpool2   | return value |
|ap_ready        | out |    1| ap_ctrl_hs |   maxpool2   | return value |
|out_r_address0  | out |   12|  ap_memory |     out_r    |     array    |
|out_r_ce0       | out |    1|  ap_memory |     out_r    |     array    |
|out_r_we0       | out |    1|  ap_memory |     out_r    |     array    |
|out_r_d0        | out |   32|  ap_memory |     out_r    |     array    |
|f2_address0     | out |   14|  ap_memory |      f2      |     array    |
|f2_ce0          | out |    1|  ap_memory |      f2      |     array    |
|f2_q0           |  in |   32|  ap_memory |      f2      |     array    |
+----------------+-----+-----+------------+--------------+--------------+

