

================================================================
== Vivado HLS Report for 'topp'
================================================================
* Date:           Sun Jun  7 19:29:37 2026

* Version:        2018.3 (Build 2405991 on Thu Dec 06 23:56:15 MST 2018)
* Project:        finalproj
* Solution:       nodirective
* Product family: zynq
* Target device:  xc7z020clg484-1


================================================================
== Performance Estimates
================================================================
+ Timing (ns): 
    * Summary: 
    +--------+-------+----------+------------+
    |  Clock | Target| Estimated| Uncertainty|
    +--------+-------+----------+------------+
    |ap_clk  |  10.00|     8.677|        1.25|
    +--------+-------+----------+------------+

+ Latency (clock cycles): 
    * Summary: 
    +----------+----------+----------+----------+---------+
    |       Latency       |       Interval      | Pipeline|
    |    min   |    max   |    min   |    max   |   Type  |
    +----------+----------+----------+----------+---------+
    |  48873231|  48873231|  48873231|  48873231|   none  |
    +----------+----------+----------+----------+---------+

    + Detail: 
        * Instance: 
        +--------------------------+----------------+----------+----------+----------+----------+---------+
        |                          |                |       Latency       |       Interval      | Pipeline|
        |         Instance         |     Module     |    min   |    max   |    min   |    max   |   Type  |
        +--------------------------+----------------+----------+----------+----------+----------+---------+
        |grp_detection_head_fu_40  |detection_head  |    393505|    393505|    393505|    393505|   none  |
        |grp_conv2_fu_48           |conv2           |  11559665|  11559665|  11559665|  11559665|   none  |
        |grp_conv1_fu_56           |conv1           |  10794961|  10794961|  10794961|  10794961|   none  |
        |grp_conv4_fu_64           |conv4           |  10967105|  10967105|  10967105|  10967105|   none  |
        |grp_conv3_fu_72           |conv3           |   7903553|   7903553|   7903553|   7903553|   none  |
        |grp_conv5_fu_80           |conv5           |   7017025|   7017025|   7017025|   7017025|   none  |
        |grp_maxpool1_fu_88        |maxpool1        |    177337|    177337|    177337|    177337|   none  |
        |grp_maxpool2_fu_96        |maxpool2        |     60065|     60065|     60065|     60065|   none  |
        +--------------------------+----------------+----------+----------+----------+----------+---------+

        * Loop: 
        N/A



================================================================
== Utilization Estimates
================================================================
* Summary: 
+-----------------+---------+-------+--------+-------+
|       Name      | BRAM_18K| DSP48E|   FF   |  LUT  |
+-----------------+---------+-------+--------+-------+
|DSP              |        -|      -|       -|      -|
|Expression       |        -|      -|       -|      -|
|FIFO             |        -|      -|       -|      -|
|Instance         |        -|     37|    5557|  11476|
|Memory           |      148|      -|       0|      0|
|Multiplexer      |        -|      -|       -|    358|
|Register         |        -|      -|      24|      -|
+-----------------+---------+-------+--------+-------+
|Total            |      148|     37|    5581|  11834|
+-----------------+---------+-------+--------+-------+
|Available        |      280|    220|  106400|  53200|
+-----------------+---------+-------+--------+-------+
|Utilization (%)  |       52|     16|       5|     22|
+-----------------+---------+-------+--------+-------+

+ Detail: 
    * Instance: 
    +--------------------------+----------------+---------+-------+------+------+
    |         Instance         |     Module     | BRAM_18K| DSP48E|  FF  |  LUT |
    +--------------------------+----------------+---------+-------+------+------+
    |grp_conv1_fu_56           |conv1           |        0|      5|   693|  1440|
    |grp_conv2_fu_48           |conv2           |        0|      5|   694|  1460|
    |grp_conv3_fu_72           |conv3           |        0|      5|   679|  1443|
    |grp_conv4_fu_64           |conv4           |        0|      5|   680|  1443|
    |grp_conv5_fu_80           |conv5           |        0|      5|   596|  1122|
    |grp_detection_head_fu_40  |detection_head  |        0|     12|  1688|  3082|
    |grp_maxpool1_fu_88        |maxpool1        |        0|      0|   277|   751|
    |grp_maxpool2_fu_96        |maxpool2        |        0|      0|   250|   735|
    +--------------------------+----------------+---------+-------+------+------+
    |Total                     |                |        0|     37|  5557| 11476|
    +--------------------------+----------------+---------+-------+------+------+

    * DSP48: 
    N/A

    * Memory: 
    +-------+---------+---------+---+----+-------+-----+------+-------------+
    | Memory|  Module | BRAM_18K| FF| LUT| Words | Bits| Banks| W*Bits*Banks|
    +-------+---------+---------+---+----+-------+-----+------+-------------+
    |f1_U   |topp_f1  |       64|  0|   0|  30752|   32|     1|       984064|
    |f2_U   |topp_f2  |       32|  0|   0|  13456|   32|     1|       430592|
    |f3_U   |topp_f3  |       16|  0|   0|   4608|   32|     1|       147456|
    |f4_U   |topp_f4  |        8|  0|   0|   3200|   32|     1|       102400|
    |f5_U   |topp_f5  |        4|  0|   0|   2048|   32|     1|        65536|
    |p1_U   |topp_p1  |       16|  0|   0|   7688|   32|     1|       246016|
    |p2_U   |topp_p2  |        8|  0|   0|   3136|   32|     1|       100352|
    +-------+---------+---------+---+----+-------+-----+------+-------------+
    |Total  |         |      148|  0|   0|  64888|  224|     7|      2076416|
    +-------+---------+---------+---+----+-------+-----+------+-------------+

    * FIFO: 
    N/A

    * Expression: 
    N/A

    * Multiplexer: 
    +-------------+----+-----------+-----+-----------+
    |     Name    | LUT| Input Size| Bits| Total Bits|
    +-------------+----+-----------+-----+-----------+
    |ap_NS_fsm    |  85|         17|    1|         17|
    |f1_address0  |  15|          3|   15|         45|
    |f1_ce0       |  15|          3|    1|          3|
    |f1_we0       |   9|          2|    1|          2|
    |f2_address0  |  15|          3|   14|         42|
    |f2_ce0       |  15|          3|    1|          3|
    |f2_we0       |   9|          2|    1|          2|
    |f3_address0  |  15|          3|   13|         39|
    |f3_ce0       |  15|          3|    1|          3|
    |f3_we0       |   9|          2|    1|          2|
    |f4_address0  |  15|          3|   12|         36|
    |f4_ce0       |  15|          3|    1|          3|
    |f4_we0       |   9|          2|    1|          2|
    |f5_address0  |  15|          3|   11|         33|
    |f5_ce0       |  15|          3|    1|          3|
    |f5_we0       |   9|          2|    1|          2|
    |p1_address0  |  15|          3|   13|         39|
    |p1_ce0       |  15|          3|    1|          3|
    |p1_we0       |   9|          2|    1|          2|
    |p2_address0  |  15|          3|   12|         36|
    |p2_ce0       |  15|          3|    1|          3|
    |p2_we0       |   9|          2|    1|          2|
    +-------------+----+-----------+-----+-----------+
    |Total        | 358|         73|  105|        322|
    +-------------+----+-----------+-----+-----------+

    * Register: 
    +---------------------------------------+----+----+-----+-----------+
    |                  Name                 | FF | LUT| Bits| Const Bits|
    +---------------------------------------+----+----+-----+-----------+
    |ap_CS_fsm                              |  16|   0|   16|          0|
    |grp_conv1_fu_56_ap_start_reg           |   1|   0|    1|          0|
    |grp_conv2_fu_48_ap_start_reg           |   1|   0|    1|          0|
    |grp_conv3_fu_72_ap_start_reg           |   1|   0|    1|          0|
    |grp_conv4_fu_64_ap_start_reg           |   1|   0|    1|          0|
    |grp_conv5_fu_80_ap_start_reg           |   1|   0|    1|          0|
    |grp_detection_head_fu_40_ap_start_reg  |   1|   0|    1|          0|
    |grp_maxpool1_fu_88_ap_start_reg        |   1|   0|    1|          0|
    |grp_maxpool2_fu_96_ap_start_reg        |   1|   0|    1|          0|
    +---------------------------------------+----+----+-----+-----------+
    |Total                                  |  24|   0|   24|          0|
    +---------------------------------------+----+----+-----+-----------+



================================================================
== Interface
================================================================
* Summary: 
+-------------------+-----+-----+------------+--------------+--------------+
|     RTL Ports     | Dir | Bits|  Protocol  | Source Object|    C Type    |
+-------------------+-----+-----+------------+--------------+--------------+
|ap_clk             |  in |    1| ap_ctrl_hs |     topp     | return value |
|ap_rst             |  in |    1| ap_ctrl_hs |     topp     | return value |
|ap_start           |  in |    1| ap_ctrl_hs |     topp     | return value |
|ap_done            | out |    1| ap_ctrl_hs |     topp     | return value |
|ap_idle            | out |    1| ap_ctrl_hs |     topp     | return value |
|ap_ready           | out |    1| ap_ctrl_hs |     topp     | return value |
|image_r_address0   | out |   14|  ap_memory |    image_r   |     array    |
|image_r_ce0        | out |    1|  ap_memory |    image_r   |     array    |
|image_r_q0         |  in |   32|  ap_memory |    image_r   |     array    |
|output_r_address0  | out |   10|  ap_memory |   output_r   |     array    |
|output_r_ce0       | out |    1|  ap_memory |   output_r   |     array    |
|output_r_we0       | out |    1|  ap_memory |   output_r   |     array    |
|output_r_d0        | out |   32|  ap_memory |   output_r   |     array    |
+-------------------+-----+-----+------------+--------------+--------------+

