==============================================================
File generated on Tue Jun 09 11:53:10 +0700 2026
Vivado(TM) HLS - High-Level Synthesis from C, C++ and SystemC v2018.3 (64-bit)
SW Build 2405991 on Thu Dec  6 23:38:27 MST 2018
IP Build 2404404 on Fri Dec  7 01:43:56 MST 2018
Copyright 1986-2018 Xilinx, Inc. All Rights Reserved.
==============================================================
INFO: [SYN 201-201] Setting up clock 'default' with a period of 10ns.
INFO: [HLS 200-10] Setting target device to 'xc7z020clg484-1'
INFO: [XFORM 203-701] Set the default channel type in dataflow to FIFO.
INFO: [XFORM 203-701] Set default FIFO size in dataflow to 16.
INFO: [XFORM 203-701] Set default FIFO size in dataflow to 2 (for scalar propagation only).
INFO: [XFORM 203-701] Set default FIFO size in dataflow to 16 (for start propagation only).
INFO: [XFORM 203-701] Set default FIFO size in dataflow to 16.
INFO: [XFORM 203-701] Set default FIFO size in dataflow to 2 (for scalar propagation only).
INFO: [XFORM 203-701] Set default FIFO size in dataflow to 16 (for start propagation only).
INFO: [XFORM 203-701] Set the default channel type in dataflow to FIFO.
INFO: [SCHED 204-61] Option 'relax_ii_for_timing' is enabled, will increase II to preserve clock frequency constraints.
INFO: [HLS 200-10] Analyzing design file 'topp.c' ... 
WARNING: [HLS 214-111] Static variables and non-static stream cannot be used inside a dataflow region: topp.c:347:15
WARNING: [HLS 200-471] Dataflow form checks found 1 issue(s) in file topp.c
INFO: [HLS 200-111] Finished Linking Time (s): cpu = 00:00:01 ; elapsed = 00:00:04 . Memory (MB): peak = 104.004 ; gain = 19.023
INFO: [HLS 200-111] Finished Checking Pragmas Time (s): cpu = 00:00:01 ; elapsed = 00:00:04 . Memory (MB): peak = 104.004 ; gain = 19.023
INFO: [HLS 200-10] Starting code transformations ...
INFO: [XFORM 203-603] Inlining function 'sigmoid' into 'detection_head' (topp.c:334).
INFO: [HLS 200-111] Finished Standard Transforms Time (s): cpu = 00:00:01 ; elapsed = 00:00:04 . Memory (MB): peak = 106.082 ; gain = 21.102
INFO: [HLS 200-10] Checking synthesizability ...
INFO: [HLS 200-111] Finished Checking Synthesizability Time (s): cpu = 00:00:01 ; elapsed = 00:00:04 . Memory (MB): peak = 106.414 ; gain = 21.434
INFO: [XFORM 203-502] Unrolling all sub-loops inside loop 'Loop-1.1' (topp.c:321) in function 'detection_head' for pipelining.
INFO: [XFORM 203-502] Unrolling all sub-loops inside loop 'Loop-1.1.1' (topp.c:276) in function 'conv5' for pipelining.
INFO: [XFORM 203-502] Unrolling all sub-loops inside loop 'Loop-1.1.1' (topp.c:234) in function 'conv4' for pipelining.
INFO: [XFORM 203-502] Unrolling all sub-loops inside loop 'Loop-1.1.1' (topp.c:192) in function 'conv3' for pipelining.
INFO: [XFORM 203-502] Unrolling all sub-loops inside loop 'Loop-1.1.1' (topp.c:154) in function 'maxpool2' for pipelining.
INFO: [XFORM 203-502] Unrolling all sub-loops inside loop 'Loop-1.1.1' (topp.c:115) in function 'conv2' for pipelining.
INFO: [XFORM 203-502] Unrolling all sub-loops inside loop 'Loop-1.1.1' (topp.c:79) in function 'maxpool1' for pipelining.
INFO: [XFORM 203-502] Unrolling all sub-loops inside loop 'Loop-1.1.1' (topp.c:37) in function 'conv1' for pipelining.
INFO: [HLS 200-489] Unrolling loop 'Loop-1.1.1' (topp.c:324) in function 'detection_head' completely with a factor of 8.
INFO: [HLS 200-489] Unrolling loop 'Loop-1.1.1.1' (topp.c:328) in function 'detection_head' completely with a factor of 32.
INFO: [HLS 200-489] Unrolling loop 'Loop-1.1.1.1' (topp.c:281) in function 'conv5' completely with a factor of 32.
INFO: [HLS 200-489] Unrolling loop 'Loop-1.1.1.1.1' (topp.c:284) in function 'conv5' completely with a factor of 3.
INFO: [HLS 200-489] Unrolling loop 'Loop-1.1.1.1.1.1' (topp.c:287) in function 'conv5' completely with a factor of 3.
INFO: [HLS 200-489] Unrolling loop 'Loop-1.1.1.1' (topp.c:239) in function 'conv4' completely with a factor of 32.
INFO: [HLS 200-489] Unrolling loop 'Loop-1.1.1.1.1' (topp.c:242) in function 'conv4' completely with a factor of 3.
INFO: [HLS 200-489] Unrolling loop 'Loop-1.1.1.1.1.1' (topp.c:245) in function 'conv4' completely with a factor of 3.
INFO: [HLS 200-489] Unrolling loop 'Loop-1.1.1.1' (topp.c:197) in function 'conv3' completely with a factor of 16.
INFO: [HLS 200-489] Unrolling loop 'Loop-1.1.1.1.1' (topp.c:200) in function 'conv3' completely with a factor of 3.
INFO: [HLS 200-489] Unrolling loop 'Loop-1.1.1.1.1.1' (topp.c:203) in function 'conv3' completely with a factor of 3.
INFO: [HLS 200-489] Unrolling loop 'Loop-1.1.1.1' (topp.c:159) in function 'maxpool2' completely with a factor of 2.
INFO: [HLS 200-489] Unrolling loop 'Loop-1.1.1.1.1' (topp.c:161) in function 'maxpool2' completely with a factor of 2.
INFO: [HLS 200-489] Unrolling loop 'Loop-1.1.1.1' (topp.c:120) in function 'conv2' completely with a factor of 8.
INFO: [HLS 200-489] Unrolling loop 'Loop-1.1.1.1.1' (topp.c:123) in function 'conv2' completely with a factor of 3.
INFO: [HLS 200-489] Unrolling loop 'Loop-1.1.1.1.1.1' (topp.c:126) in function 'conv2' completely with a factor of 3.
INFO: [HLS 200-489] Unrolling loop 'Loop-1.1.1.1' (topp.c:84) in function 'maxpool1' completely with a factor of 2.
INFO: [HLS 200-489] Unrolling loop 'Loop-1.1.1.1.1' (topp.c:86) in function 'maxpool1' completely with a factor of 2.
INFO: [HLS 200-489] Unrolling loop 'Loop-1.1.1.1' (topp.c:42) in function 'conv1' completely with a factor of 3.
INFO: [HLS 200-489] Unrolling loop 'Loop-1.1.1.1.1' (topp.c:45) in function 'conv1' completely with a factor of 3.
INFO: [HLS 200-489] Unrolling loop 'Loop-1.1.1.1.1.1' (topp.c:48) in function 'conv1' completely with a factor of 3.
INFO: [XFORM 203-101] Partitioning array 'f1'  in dimension 3 completely.
INFO: [XFORM 203-101] Partitioning array 'p1'  in dimension 3 completely.
INFO: [XFORM 203-101] Partitioning array 'f2'  in dimension 3 with a cyclic factor 8.
INFO: [XFORM 203-101] Partitioning array 'p2'  in dimension 3 with a cyclic factor 8.
INFO: [XFORM 203-101] Partitioning array 'f3'  in dimension 3 with a cyclic factor 8.
INFO: [XFORM 203-101] Partitioning array 'f4'  in dimension 3 with a cyclic factor 8.
INFO: [XFORM 203-101] Partitioning array 'f5'  in dimension 3 with a cyclic factor 8.
INFO: [XFORM 203-101] Partitioning array 'WH'  in dimension 2 with a cyclic factor 8.
INFO: [XFORM 203-101] Partitioning array 'W5'  in dimension 2 with a cyclic factor 8.
INFO: [XFORM 203-101] Partitioning array 'W4'  in dimension 2 with a cyclic factor 8.
INFO: [XFORM 203-101] Partitioning array 'W3'  in dimension 2 with a cyclic factor 8.
INFO: [XFORM 203-101] Partitioning array 'W2'  in dimension 2 completely.
INFO: [XFORM 203-101] Partitioning array 'image' (topp.c:342) in dimension 3 completely.
INFO: [XFORM 203-101] Partitioning array 'W1'  in dimension 2 completely.
INFO: [XFORM 203-101] Partitioning array 'W5'  in dimension 3 completely.
INFO: [XFORM 203-101] Partitioning array 'W4'  in dimension 3 completely.
INFO: [XFORM 203-101] Partitioning array 'W3'  in dimension 3 completely.
INFO: [XFORM 203-101] Partitioning array 'W2'  in dimension 3 completely.
INFO: [XFORM 203-101] Partitioning array 'W1'  in dimension 3 completely.
INFO: [XFORM 203-101] Partitioning array 'W5'  in dimension 4 completely.
INFO: [XFORM 203-101] Partitioning array 'W4'  in dimension 4 completely.
INFO: [XFORM 203-101] Partitioning array 'W3'  in dimension 4 completely.
INFO: [XFORM 203-101] Partitioning array 'W2'  in dimension 4 completely.
INFO: [XFORM 203-101] Partitioning array 'W1'  in dimension 4 completely.
WARNING: [XFORM 203-713] All the elements of global array 'f1.0'  should be updated in process function 'conv1', otherwise it may not be synthesized correctly.
WARNING: [XFORM 203-713] All the elements of global array 'f1.1'  should be updated in process function 'conv1', otherwise it may not be synthesized correctly.
WARNING: [XFORM 203-713] All the elements of global array 'f1.2'  should be updated in process function 'conv1', otherwise it may not be synthesized correctly.
WARNING: [XFORM 203-713] All the elements of global array 'f1.3'  should be updated in process function 'conv1', otherwise it may not be synthesized correctly.
WARNING: [XFORM 203-713] All the elements of global array 'f1.4'  should be updated in process function 'conv1', otherwise it may not be synthesized correctly.
WARNING: [XFORM 203-713] All the elements of global array 'f1.5'  should be updated in process function 'conv1', otherwise it may not be synthesized correctly.
WARNING: [XFORM 203-713] All the elements of global array 'f1.6'  should be updated in process function 'conv1', otherwise it may not be synthesized correctly.
WARNING: [XFORM 203-713] All the elements of global array 'f1.7'  should be updated in process function 'conv1', otherwise it may not be synthesized correctly.
WARNING: [XFORM 203-713] All the elements of global array 'p1.0'  should be updated in process function 'maxpool1', otherwise it may not be synthesized correctly.
WARNING: [XFORM 203-713] All the elements of global array 'p1.1'  should be updated in process function 'maxpool1', otherwise it may not be synthesized correctly.
WARNING: [XFORM 203-713] All the elements of global array 'p1.2'  should be updated in process function 'maxpool1', otherwise it may not be synthesized correctly.
WARNING: [XFORM 203-713] All the elements of global array 'p1.3'  should be updated in process function 'maxpool1', otherwise it may not be synthesized correctly.
WARNING: [XFORM 203-713] All the elements of global array 'p1.4'  should be updated in process function 'maxpool1', otherwise it may not be synthesized correctly.
WARNING: [XFORM 203-713] All the elements of global array 'p1.5'  should be updated in process function 'maxpool1', otherwise it may not be synthesized correctly.
WARNING: [XFORM 203-713] All the elements of global array 'p1.6'  should be updated in process function 'maxpool1', otherwise it may not be synthesized correctly.
WARNING: [XFORM 203-713] All the elements of global array 'p1.7'  should be updated in process function 'maxpool1', otherwise it may not be synthesized correctly.
WARNING: [XFORM 203-713] All the elements of global array 'f2.0'  should be updated in process function 'conv2', otherwise it may not be synthesized correctly.
WARNING: [XFORM 203-713] All the elements of global array 'f2.1'  should be updated in process function 'conv2', otherwise it may not be synthesized correctly.
WARNING: [XFORM 203-713] All the elements of global array 'f2.2'  should be updated in process function 'conv2', otherwise it may not be synthesized correctly.
WARNING: [XFORM 203-713] All the elements of global array 'f2.3'  should be updated in process function 'conv2', otherwise it may not be synthesized correctly.
WARNING: [XFORM 203-713] All the elements of global array 'f2.4'  should be updated in process function 'conv2', otherwise it may not be synthesized correctly.
WARNING: [XFORM 203-713] All the elements of global array 'f2.5'  should be updated in process function 'conv2', otherwise it may not be synthesized correctly.
WARNING: [XFORM 203-713] All the elements of global array 'f2.6'  should be updated in process function 'conv2', otherwise it may not be synthesized correctly.
WARNING: [XFORM 203-713] All the elements of global array 'f2.7'  should be updated in process function 'conv2', otherwise it may not be synthesized correctly.
WARNING: [XFORM 203-713] All the elements of global array 'p2.0'  should be updated in process function 'maxpool2', otherwise it may not be synthesized correctly.
WARNING: [XFORM 203-713] All the elements of global array 'p2.1'  should be updated in process function 'maxpool2', otherwise it may not be synthesized correctly.
WARNING: [XFORM 203-713] All the elements of global array 'p2.2'  should be updated in process function 'maxpool2', otherwise it may not be synthesized correctly.
WARNING: [XFORM 203-713] All the elements of global array 'p2.3'  should be updated in process function 'maxpool2', otherwise it may not be synthesized correctly.
WARNING: [XFORM 203-713] All the elements of global array 'p2.4'  should be updated in process function 'maxpool2', otherwise it may not be synthesized correctly.
WARNING: [XFORM 203-713] All the elements of global array 'p2.5'  should be updated in process function 'maxpool2', otherwise it may not be synthesized correctly.
WARNING: [XFORM 203-713] All the elements of global array 'p2.6'  should be updated in process function 'maxpool2', otherwise it may not be synthesized correctly.
WARNING: [XFORM 203-713] All the elements of global array 'p2.7'  should be updated in process function 'maxpool2', otherwise it may not be synthesized correctly.
WARNING: [XFORM 203-713] All the elements of global array 'f3.0'  should be updated in process function 'conv3', otherwise it may not be synthesized correctly.
WARNING: [XFORM 203-713] All the elements of global array 'f3.1'  should be updated in process function 'conv3', otherwise it may not be synthesized correctly.
WARNING: [XFORM 203-713] All the elements of global array 'f3.2'  should be updated in process function 'conv3', otherwise it may not be synthesized correctly.
WARNING: [XFORM 203-713] All the elements of global array 'f3.3'  should be updated in process function 'conv3', otherwise it may not be synthesized correctly.
WARNING: [XFORM 203-713] All the elements of global array 'f3.4'  should be updated in process function 'conv3', otherwise it may not be synthesized correctly.
WARNING: [XFORM 203-713] All the elements of global array 'f3.5'  should be updated in process function 'conv3', otherwise it may not be synthesized correctly.
WARNING: [XFORM 203-713] All the elements of global array 'f3.6'  should be updated in process function 'conv3', otherwise it may not be synthesized correctly.
WARNING: [XFORM 203-713] All the elements of global array 'f3.7'  should be updated in process function 'conv3', otherwise it may not be synthesized correctly.
WARNING: [XFORM 203-713] All the elements of global array 'f4.0'  should be updated in process function 'conv4', otherwise it may not be synthesized correctly.
WARNING: [XFORM 203-713] All the elements of global array 'f4.1'  should be updated in process function 'conv4', otherwise it may not be synthesized correctly.
WARNING: [XFORM 203-713] All the elements of global array 'f4.2'  should be updated in process function 'conv4', otherwise it may not be synthesized correctly.
WARNING: [XFORM 203-713] All the elements of global array 'f4.3'  should be updated in process function 'conv4', otherwise it may not be synthesized correctly.
WARNING: [XFORM 203-713] All the elements of global array 'f4.4'  should be updated in process function 'conv4', otherwise it may not be synthesized correctly.
WARNING: [XFORM 203-713] All the elements of global array 'f4.5'  should be updated in process function 'conv4', otherwise it may not be synthesized correctly.
WARNING: [XFORM 203-713] All the elements of global array 'f4.6'  should be updated in process function 'conv4', otherwise it may not be synthesized correctly.
WARNING: [XFORM 203-713] All the elements of global array 'f4.7'  should be updated in process function 'conv4', otherwise it may not be synthesized correctly.
WARNING: [XFORM 203-713] All the elements of global array 'f5.0'  should be updated in process function 'conv5', otherwise it may not be synthesized correctly.
WARNING: [XFORM 203-713] All the elements of global array 'f5.1'  should be updated in process function 'conv5', otherwise it may not be synthesized correctly.
WARNING: [XFORM 203-713] All the elements of global array 'f5.2'  should be updated in process function 'conv5', otherwise it may not be synthesized correctly.
WARNING: [XFORM 203-713] All the elements of global array 'f5.3'  should be updated in process function 'conv5', otherwise it may not be synthesized correctly.
WARNING: [XFORM 203-713] All the elements of global array 'f5.4'  should be updated in process function 'conv5', otherwise it may not be synthesized correctly.
WARNING: [XFORM 203-713] All the elements of global array 'f5.5'  should be updated in process function 'conv5', otherwise it may not be synthesized correctly.
WARNING: [XFORM 203-713] All the elements of global array 'f5.6'  should be updated in process function 'conv5', otherwise it may not be synthesized correctly.
WARNING: [XFORM 203-713] All the elements of global array 'f5.7'  should be updated in process function 'conv5', otherwise it may not be synthesized correctly.
WARNING: [XFORM 203-713] All the elements of global array 'output' should be updated in process function 'detection_head', otherwise it may not be synthesized correctly.
INFO: [XFORM 203-712] Applying dataflow to function 'topp', detected/extracted 8 process function(s): 
	 'conv1'
	 'maxpool1'
	 'conv2'
	 'maxpool2'
	 'conv3'
	 'conv4'
	 'conv5'
	 'detection_head'.
WARNING: [XFORM 203-124] Array  'f5.7.local' : The entries are not accessed in sequential order.
WARNING: [XFORM 203-124] Array  'f5.6.local' : The entries are not accessed in sequential order.
WARNING: [XFORM 203-124] Array  'f5.5.local' : The entries are not accessed in sequential order.
WARNING: [XFORM 203-124] Array  'f5.4.local' : The entries are not accessed in sequential order.
WARNING: [XFORM 203-124] Array  'f5.3.local' : The entries are not accessed in sequential order.
WARNING: [XFORM 203-124] Array  'f5.2.local' : The entries are not accessed in sequential order.
WARNING: [XFORM 203-124] Array  'f5.1.local' : The entries are not accessed in sequential order.
WARNING: [XFORM 203-124] Array  'f5.0.local' : The entries are not accessed in sequential order.
WARNING: [XFORM 203-124] Array  'f4.7.local' : The entries are not accessed in sequential order.
WARNING: [XFORM 203-124] Array  'f4.6.local' : The entries are not accessed in sequential order.
WARNING: [XFORM 203-124] Array  'f4.5.local' : The entries are not accessed in sequential order.
WARNING: [XFORM 203-124] Array  'f4.4.local' : The entries are not accessed in sequential order.
WARNING: [XFORM 203-124] Array  'f4.3.local' : The entries are not accessed in sequential order.
WARNING: [XFORM 203-124] Array  'f4.2.local' : The entries are not accessed in sequential order.
WARNING: [XFORM 203-124] Array  'f4.1.local' : The entries are not accessed in sequential order.
WARNING: [XFORM 203-124] Array  'f4.0.local' : The entries are not accessed in sequential order.
WARNING: [XFORM 203-124] Array  'f3.7.local' : The entries are not accessed in sequential order.
WARNING: [XFORM 203-124] Array  'f3.6.local' : The entries are not accessed in sequential order.
WARNING: [XFORM 203-124] Array  'f3.5.local' : The entries are not accessed in sequential order.
WARNING: [XFORM 203-124] Array  'f3.4.local' : The entries are not accessed in sequential order.
WARNING: [XFORM 203-124] Array  'f3.3.local' : The entries are not accessed in sequential order.
WARNING: [XFORM 203-124] Array  'f3.2.local' : The entries are not accessed in sequential order.
WARNING: [XFORM 203-124] Array  'f3.1.local' : The entries are not accessed in sequential order.
WARNING: [XFORM 203-124] Array  'f3.0.local' : The entries are not accessed in sequential order.
WARNING: [XFORM 203-124] Array  'p2.7.local' : The entries are not accessed in sequential order.
WARNING: [XFORM 203-124] Array  'p2.6.local' : The entries are not accessed in sequential order.
WARNING: [XFORM 203-124] Array  'p2.5.local' : The entries are not accessed in sequential order.
WARNING: [XFORM 203-124] Array  'p2.4.local' : The entries are not accessed in sequential order.
WARNING: [XFORM 203-124] Array  'p2.3.local' : The entries are not accessed in sequential order.
WARNING: [XFORM 203-124] Array  'p2.2.local' : The entries are not accessed in sequential order.
WARNING: [XFORM 203-124] Array  'p2.1.local' : The entries are not accessed in sequential order.
WARNING: [XFORM 203-124] Array  'p2.0.local' : The entries are not accessed in sequential order.
WARNING: [XFORM 203-124] Array  'f2.7.local' : may have improper streaming access(es), possible reasons: (1) some entries are accessed more than once; (2) some entries are not used; (3) the entries are not accessed in sequential order.
WARNING: [XFORM 203-124] Array  'f2.6.local' : may have improper streaming access(es), possible reasons: (1) some entries are accessed more than once; (2) some entries are not used; (3) the entries are not accessed in sequential order.
WARNING: [XFORM 203-124] Array  'f2.5.local' : may have improper streaming access(es), possible reasons: (1) some entries are accessed more than once; (2) some entries are not used; (3) the entries are not accessed in sequential order.
WARNING: [XFORM 203-124] Array  'f2.4.local' : may have improper streaming access(es), possible reasons: (1) some entries are accessed more than once; (2) some entries are not used; (3) the entries are not accessed in sequential order.
WARNING: [XFORM 203-124] Array  'f2.3.local' : may have improper streaming access(es), possible reasons: (1) some entries are accessed more than once; (2) some entries are not used; (3) the entries are not accessed in sequential order.
WARNING: [XFORM 203-124] Array  'f2.2.local' : may have improper streaming access(es), possible reasons: (1) some entries are accessed more than once; (2) some entries are not used; (3) the entries are not accessed in sequential order.
WARNING: [XFORM 203-124] Array  'f2.1.local' : may have improper streaming access(es), possible reasons: (1) some entries are accessed more than once; (2) some entries are not used; (3) the entries are not accessed in sequential order.
WARNING: [XFORM 203-124] Array  'f2.0.local' : may have improper streaming access(es), possible reasons: (1) some entries are accessed more than once; (2) some entries are not used; (3) the entries are not accessed in sequential order.
WARNING: [XFORM 203-124] Array  'p1.7.local' : The entries are not accessed in sequential order.
WARNING: [XFORM 203-124] Array  'p1.6.local' : The entries are not accessed in sequential order.
WARNING: [XFORM 203-124] Array  'p1.5.local' : The entries are not accessed in sequential order.
WARNING: [XFORM 203-124] Array  'p1.4.local' : The entries are not accessed in sequential order.
WARNING: [XFORM 203-124] Array  'p1.3.local' : The entries are not accessed in sequential order.
WARNING: [XFORM 203-124] Array  'p1.2.local' : The entries are not accessed in sequential order.
WARNING: [XFORM 203-124] Array  'p1.1.local' : The entries are not accessed in sequential order.
WARNING: [XFORM 203-124] Array  'p1.0.local' : The entries are not accessed in sequential order.
WARNING: [XFORM 203-124] Array  'f1.7.local' : may have improper streaming access(es), possible reasons: (1) some entries are accessed more than once; (2) some entries are not used; (3) the entries are not accessed in sequential order.
WARNING: [XFORM 203-124] Array  'f1.6.local' : may have improper streaming access(es), possible reasons: (1) some entries are accessed more than once; (2) some entries are not used; (3) the entries are not accessed in sequential order.
WARNING: [XFORM 203-124] Array  'f1.5.local' : may have improper streaming access(es), possible reasons: (1) some entries are accessed more than once; (2) some entries are not used; (3) the entries are not accessed in sequential order.
WARNING: [XFORM 203-124] Array  'f1.4.local' : may have improper streaming access(es), possible reasons: (1) some entries are accessed more than once; (2) some entries are not used; (3) the entries are not accessed in sequential order.
WARNING: [XFORM 203-124] Array  'f1.3.local' : may have improper streaming access(es), possible reasons: (1) some entries are accessed more than once; (2) some entries are not used; (3) the entries are not accessed in sequential order.
WARNING: [XFORM 203-124] Array  'f1.2.local' : may have improper streaming access(es), possible reasons: (1) some entries are accessed more than once; (2) some entries are not used; (3) the entries are not accessed in sequential order.
WARNING: [XFORM 203-124] Array  'f1.1.local' : may have improper streaming access(es), possible reasons: (1) some entries are accessed more than once; (2) some entries are not used; (3) the entries are not accessed in sequential order.
WARNING: [XFORM 203-124] Array  'f1.0.local' : may have improper streaming access(es), possible reasons: (1) some entries are accessed more than once; (2) some entries are not used; (3) the entries are not accessed in sequential order.
INFO: [XFORM 203-603] Inlining function 'aesl_mux_load.8[62 x [62 x float]]P.i3.i64.i64' into 'maxpool1' (topp.c:82).
INFO: [XFORM 203-603] Inlining function 'aesl_mux_load.8[29 x [29 x [2 x float]]]P.i32.i64.i64.i64' into 'maxpool2' (topp.c:157).
INFO: [HLS 200-111] Finished Pre-synthesis Time (s): cpu = 00:00:06 ; elapsed = 00:00:12 . Memory (MB): peak = 135.953 ; gain = 50.973
INFO: [XFORM 203-541] Flattening a loop nest 'Loop-1.1' (topp.c:152:20) in function 'maxpool2'.
INFO: [XFORM 203-541] Flattening a loop nest 'Loop-1' (topp.c:149:14) in function 'maxpool2'.
INFO: [XFORM 203-541] Flattening a loop nest 'Loop-1.1' (topp.c:77:20) in function 'maxpool1'.
INFO: [XFORM 203-541] Flattening a loop nest 'Loop-1' (topp.c:75:14) in function 'maxpool1'.
INFO: [XFORM 203-541] Flattening a loop nest 'Loop-1' (topp.c:319:14) in function 'detection_head'.
INFO: [XFORM 203-541] Flattening a loop nest 'Loop-1.1' (topp.c:274:20) in function 'conv5'.
INFO: [XFORM 203-541] Flattening a loop nest 'Loop-1' (topp.c:272:14) in function 'conv5'.
INFO: [XFORM 203-541] Flattening a loop nest 'Loop-1.1' (topp.c:232:20) in function 'conv4'.
INFO: [XFORM 203-541] Flattening a loop nest 'Loop-1' (topp.c:230:14) in function 'conv4'.
INFO: [XFORM 203-541] Flattening a loop nest 'Loop-1.1' (topp.c:190:20) in function 'conv3'.
INFO: [XFORM 203-541] Flattening a loop nest 'Loop-1' (topp.c:188:14) in function 'conv3'.
INFO: [XFORM 203-541] Flattening a loop nest 'Loop-1.1' (topp.c:113:20) in function 'conv2'.
INFO: [XFORM 203-541] Flattening a loop nest 'Loop-1' (topp.c:111:14) in function 'conv2'.
INFO: [XFORM 203-541] Flattening a loop nest 'Loop-1.1' (topp.c:35:20) in function 'conv1'.
INFO: [XFORM 203-541] Flattening a loop nest 'Loop-1' (topp.c:33:14) in function 'conv1'.
INFO: [HLS 200-111] Finished Architecture Synthesis Time (s): cpu = 00:00:09 ; elapsed = 00:00:16 . Memory (MB): peak = 221.523 ; gain = 136.543
INFO: [HLS 200-10] Starting hardware synthesis ...
INFO: [HLS 200-10] Synthesizing 'topp' ...
WARNING: [SYN 201-107] Renaming port name 'topp/output' to 'topp/output_r' to avoid the conflict with HDL keywords or other object names.
INFO: [HLS 200-10] ----------------------------------------------------------------
INFO: [HLS 200-42] -- Implementing module 'conv1' 
INFO: [HLS 200-10] ----------------------------------------------------------------
INFO: [SCHED 204-11] Starting scheduling ...
INFO: [SCHED 204-61] Pipelining loop 'Loop 1'.
WARNING: [SCHED 204-69] Unable to schedule 'load' operation ('in_0_load_2', topp.c:52) on array 'in_0' due to limited memory ports. Please consider using a memory core with more ports or partitioning the array 'in_0'.
INFO: [SCHED 204-61] Pipelining result : Target II = 1, Final II = 5, Depth = 148.
INFO: [SCHED 204-11] Finished scheduling.
INFO: [HLS 200-111]  Elapsed time: 17.486 seconds; current allocated memory: 176.742 MB.
INFO: [BIND 205-100] Starting micro-architecture generation ...
INFO: [BIND 205-101] Performing variable lifetime analysis.
INFO: [BIND 205-101] Exploring resource sharing.
INFO: [BIND 205-101] Binding ...
INFO: [BIND 205-100] Finished micro-architecture generation.
INFO: [HLS 200-111]  Elapsed time: 0.551 seconds; current allocated memory: 178.416 MB.
INFO: [HLS 200-10] ----------------------------------------------------------------
INFO: [HLS 200-42] -- Implementing module 'maxpool1' 
INFO: [HLS 200-10] ----------------------------------------------------------------
INFO: [SCHED 204-11] Starting scheduling ...
INFO: [SCHED 204-61] Pipelining loop 'Loop 1'.
INFO: [SCHED 204-61] Pipelining result : Target II = 1, Final II = 1, Depth = 3.
INFO: [SCHED 204-11] Finished scheduling.
INFO: [HLS 200-111]  Elapsed time: 0.76 seconds; current allocated memory: 178.713 MB.
INFO: [BIND 205-100] Starting micro-architecture generation ...
INFO: [BIND 205-101] Performing variable lifetime analysis.
INFO: [BIND 205-101] Exploring resource sharing.
INFO: [BIND 205-101] Binding ...
INFO: [BIND 205-100] Finished micro-architecture generation.
INFO: [HLS 200-111]  Elapsed time: 0.2 seconds; current allocated memory: 179.058 MB.
INFO: [HLS 200-10] ----------------------------------------------------------------
INFO: [HLS 200-42] -- Implementing module 'conv2' 
INFO: [HLS 200-10] ----------------------------------------------------------------
INFO: [SCHED 204-11] Starting scheduling ...
INFO: [SCHED 204-61] Pipelining loop 'Loop 1'.
WARNING: [SCHED 204-68] The II Violation in module 'conv2': Unable to enforce a carried dependence constraint (II = 1, distance = 1, offset = 1)
   between fifo read on port 'p1_0' (topp.c:128) and fifo read on port 'p1_0' (topp.c:128).
WARNING: [SCHED 204-68] The II Violation in module 'conv2': Unable to enforce a carried dependence constraint (II = 2, distance = 1, offset = 1)
   between fifo read on port 'p1_0' (topp.c:128) and fifo read on port 'p1_0' (topp.c:128).
WARNING: [SCHED 204-68] The II Violation in module 'conv2': Unable to enforce a carried dependence constraint (II = 3, distance = 1, offset = 1)
   between fifo read on port 'p1_0' (topp.c:128) and fifo read on port 'p1_0' (topp.c:128).
WARNING: [SCHED 204-68] The II Violation in module 'conv2': Unable to enforce a carried dependence constraint (II = 4, distance = 1, offset = 1)
   between fifo read on port 'p1_0' (topp.c:128) and fifo read on port 'p1_0' (topp.c:128).
WARNING: [SCHED 204-68] The II Violation in module 'conv2': Unable to enforce a carried dependence constraint (II = 7, distance = 1, offset = 1)
   between fifo read on port 'p1_0' (topp.c:128) and fifo read on port 'p1_0' (topp.c:128).
WARNING: [SCHED 204-68] The II Violation in module 'conv2': Unable to enforce a carried dependence constraint (II = 8, distance = 1, offset = 1)
   between fifo read on port 'p1_0' (topp.c:128) and fifo read on port 'p1_0' (topp.c:128).
INFO: [SCHED 204-61] Pipelining result : Target II = 1, Final II = 9, Depth = 368.
INFO: [SCHED 204-11] Finished scheduling.
INFO: [HLS 200-111]  Elapsed time: 2.178 seconds; current allocated memory: 180.983 MB.
INFO: [BIND 205-100] Starting micro-architecture generation ...
INFO: [BIND 205-101] Performing variable lifetime analysis.
INFO: [BIND 205-101] Exploring resource sharing.
INFO: [BIND 205-101] Binding ...
INFO: [BIND 205-100] Finished micro-architecture generation.
INFO: [HLS 200-111]  Elapsed time: 1.152 seconds; current allocated memory: 184.310 MB.
INFO: [HLS 200-10] ----------------------------------------------------------------
INFO: [HLS 200-42] -- Implementing module 'maxpool2' 
INFO: [HLS 200-10] ----------------------------------------------------------------
INFO: [SCHED 204-11] Starting scheduling ...
INFO: [SCHED 204-61] Pipelining loop 'Loop 1'.
INFO: [SCHED 204-61] Pipelining result : Target II = 1, Final II = 1, Depth = 3.
INFO: [SCHED 204-11] Finished scheduling.
INFO: [HLS 200-111]  Elapsed time: 1.056 seconds; current allocated memory: 184.649 MB.
INFO: [BIND 205-100] Starting micro-architecture generation ...
INFO: [BIND 205-101] Performing variable lifetime analysis.
INFO: [BIND 205-101] Exploring resource sharing.
INFO: [BIND 205-101] Binding ...
INFO: [BIND 205-100] Finished micro-architecture generation.
INFO: [HLS 200-111]  Elapsed time: 0.195 seconds; current allocated memory: 184.993 MB.
INFO: [HLS 200-10] ----------------------------------------------------------------
INFO: [HLS 200-42] -- Implementing module 'conv3' 
INFO: [HLS 200-10] ----------------------------------------------------------------
INFO: [SCHED 204-11] Starting scheduling ...
INFO: [SCHED 204-61] Pipelining loop 'Loop 1'.
WARNING: [SCHED 204-68] The II Violation in module 'conv3': Unable to enforce a carried dependence constraint (II = 1, distance = 1, offset = 1)
   between fifo read on port 'p2_0' (topp.c:205) and fifo read on port 'p2_0' (topp.c:205).
WARNING: [SCHED 204-68] The II Violation in module 'conv3': Unable to enforce a carried dependence constraint (II = 2, distance = 1, offset = 1)
   between fifo read on port 'p2_0' (topp.c:205) and fifo read on port 'p2_0' (topp.c:205).
WARNING: [SCHED 204-68] The II Violation in module 'conv3': Unable to enforce a carried dependence constraint (II = 3, distance = 1, offset = 1)
   between fifo read on port 'p2_0' (topp.c:205) and fifo read on port 'p2_0' (topp.c:205).
WARNING: [SCHED 204-68] The II Violation in module 'conv3': Unable to enforce a carried dependence constraint (II = 4, distance = 1, offset = 1)
   between fifo read on port 'p2_0' (topp.c:205) and fifo read on port 'p2_0' (topp.c:205).
WARNING: [SCHED 204-68] The II Violation in module 'conv3': Unable to enforce a carried dependence constraint (II = 11, distance = 1, offset = 1)
   between fifo read on port 'p2_0' (topp.c:205) and fifo read on port 'p2_0' (topp.c:205).
WARNING: [SCHED 204-68] The II Violation in module 'conv3': Unable to enforce a carried dependence constraint (II = 15, distance = 1, offset = 1)
   between fifo read on port 'p2_0' (topp.c:205) and fifo read on port 'p2_0' (topp.c:205).
WARNING: [SCHED 204-68] The II Violation in module 'conv3': Unable to enforce a carried dependence constraint (II = 17, distance = 1, offset = 1)
   between fifo read on port 'p2_0' (topp.c:205) and fifo read on port 'p2_0' (topp.c:205).
INFO: [SCHED 204-61] Pipelining result : Target II = 1, Final II = 18, Depth = 728.
INFO: [SCHED 204-11] Finished scheduling.
INFO: [HLS 200-111]  Elapsed time: 4.651 seconds; current allocated memory: 188.692 MB.
INFO: [BIND 205-100] Starting micro-architecture generation ...
INFO: [BIND 205-101] Performing variable lifetime analysis.
INFO: [BIND 205-101] Exploring resource sharing.
INFO: [BIND 205-101] Binding ...
INFO: [BIND 205-100] Finished micro-architecture generation.
INFO: [HLS 200-111]  Elapsed time: 2.67 seconds; current allocated memory: 195.730 MB.
INFO: [HLS 200-10] ----------------------------------------------------------------
INFO: [HLS 200-42] -- Implementing module 'conv4' 
INFO: [HLS 200-10] ----------------------------------------------------------------
INFO: [SCHED 204-11] Starting scheduling ...
INFO: [SCHED 204-61] Pipelining loop 'Loop 1'.
WARNING: [SCHED 204-68] The II Violation in module 'conv4': Unable to enforce a carried dependence constraint (II = 1, distance = 1, offset = 1)
   between fifo read on port 'f3_0' (topp.c:247) and fifo read on port 'f3_0' (topp.c:247).
WARNING: [SCHED 204-68] The II Violation in module 'conv4': Unable to enforce a carried dependence constraint (II = 2, distance = 1, offset = 1)
   between fifo read on port 'f3_0' (topp.c:247) and fifo read on port 'f3_0' (topp.c:247).
WARNING: [SCHED 204-68] The II Violation in module 'conv4': Unable to enforce a carried dependence constraint (II = 3, distance = 1, offset = 1)
   between fifo read on port 'f3_0' (topp.c:247) and fifo read on port 'f3_0' (topp.c:247).
WARNING: [SCHED 204-68] The II Violation in module 'conv4': Unable to enforce a carried dependence constraint (II = 4, distance = 1, offset = 1)
   between fifo read on port 'f3_0' (topp.c:247) and fifo read on port 'f3_0' (topp.c:247).
WARNING: [SCHED 204-68] The II Violation in module 'conv4': Unable to enforce a carried dependence constraint (II = 35, distance = 1, offset = 1)
   between fifo read on port 'f3_0' (topp.c:247) and fifo read on port 'f3_0' (topp.c:247).
INFO: [SCHED 204-61] Pipelining result : Target II = 1, Final II = 36, Depth = 1448.
INFO: [SCHED 204-11] Finished scheduling.
INFO: [HLS 200-111]  Elapsed time: 14.983 seconds; current allocated memory: 203.067 MB.
INFO: [BIND 205-100] Starting micro-architecture generation ...
INFO: [BIND 205-101] Performing variable lifetime analysis.
INFO: [BIND 205-101] Exploring resource sharing.
INFO: [BIND 205-101] Binding ...
INFO: [BIND 205-100] Finished micro-architecture generation.
INFO: [HLS 200-111]  Elapsed time: 7.623 seconds; current allocated memory: 221.806 MB.
INFO: [HLS 200-10] ----------------------------------------------------------------
INFO: [HLS 200-42] -- Implementing module 'conv5' 
INFO: [HLS 200-10] ----------------------------------------------------------------
INFO: [SCHED 204-11] Starting scheduling ...
INFO: [SCHED 204-61] Pipelining loop 'Loop 1'.
WARNING: [SCHED 204-68] The II Violation in module 'conv5': Unable to enforce a carried dependence constraint (II = 1, distance = 1, offset = 1)
   between fifo read on port 'f4_0' (topp.c:289) and fifo read on port 'f4_0' (topp.c:289).
WARNING: [SCHED 204-68] The II Violation in module 'conv5': Unable to enforce a carried dependence constraint (II = 2, distance = 1, offset = 1)
   between fifo read on port 'f4_0' (topp.c:289) and fifo read on port 'f4_0' (topp.c:289).
WARNING: [SCHED 204-68] The II Violation in module 'conv5': Unable to enforce a carried dependence constraint (II = 3, distance = 1, offset = 1)
   between fifo read on port 'f4_0' (topp.c:289) and fifo read on port 'f4_0' (topp.c:289).
WARNING: [SCHED 204-68] The II Violation in module 'conv5': Unable to enforce a carried dependence constraint (II = 4, distance = 1, offset = 1)
   between fifo read on port 'f4_0' (topp.c:289) and fifo read on port 'f4_0' (topp.c:289).
WARNING: [SCHED 204-68] The II Violation in module 'conv5': Unable to enforce a carried dependence constraint (II = 35, distance = 1, offset = 1)
   between fifo read on port 'f4_0' (topp.c:289) and fifo read on port 'f4_0' (topp.c:289).
INFO: [SCHED 204-61] Pipelining result : Target II = 1, Final II = 36, Depth = 1447.
INFO: [SCHED 204-11] Finished scheduling.
INFO: [HLS 200-111]  Elapsed time: 16.375 seconds; current allocated memory: 229.233 MB.
INFO: [BIND 205-100] Starting micro-architecture generation ...
INFO: [BIND 205-101] Performing variable lifetime analysis.
INFO: [BIND 205-101] Exploring resource sharing.
INFO: [BIND 205-101] Binding ...
INFO: [BIND 205-100] Finished micro-architecture generation.
INFO: [HLS 200-111]  Elapsed time: 7.52 seconds; current allocated memory: 247.929 MB.
INFO: [HLS 200-10] ----------------------------------------------------------------
INFO: [HLS 200-42] -- Implementing module 'detection_head' 
INFO: [HLS 200-10] ----------------------------------------------------------------
INFO: [SCHED 204-11] Starting scheduling ...
INFO: [SCHED 204-61] Pipelining loop 'Loop 1'.
WARNING: [SCHED 204-68] The II Violation in module 'detection_head': Unable to enforce a carried dependence constraint (II = 1, distance = 1, offset = 1)
   between fifo read on port 'f5_0' (topp.c:331) and fifo read on port 'f5_0' (topp.c:331).
WARNING: [SCHED 204-68] The II Violation in module 'detection_head': Unable to enforce a carried dependence constraint (II = 2, distance = 1, offset = 1)
   between fifo read on port 'f5_0' (topp.c:331) and fifo read on port 'f5_0' (topp.c:331).
WARNING: [SCHED 204-68] The II Violation in module 'detection_head': Unable to enforce a carried dependence constraint (II = 3, distance = 1, offset = 1)
   between fifo read on port 'f5_0' (topp.c:331) and fifo read on port 'f5_0' (topp.c:331).
WARNING: [SCHED 204-68] The II Violation in module 'detection_head': Unable to enforce a carried dependence constraint (II = 4, distance = 1, offset = 1)
   between fifo read on port 'f5_0' (topp.c:331) and fifo read on port 'f5_0' (topp.c:331).
WARNING: [SCHED 204-68] The II Violation in module 'detection_head': Unable to enforce a carried dependence constraint (II = 19, distance = 1, offset = 1)
   between fifo read on port 'f5_0' (topp.c:331) and fifo read on port 'f5_0' (topp.c:331).
WARNING: [SCHED 204-68] The II Violation in module 'detection_head': Unable to enforce a carried dependence constraint (II = 27, distance = 1, offset = 1)
   between fifo read on port 'f5_0' (topp.c:331) and fifo read on port 'f5_0' (topp.c:331).
WARNING: [SCHED 204-68] The II Violation in module 'detection_head': Unable to enforce a carried dependence constraint (II = 31, distance = 1, offset = 1)
   between fifo read on port 'f5_0' (topp.c:331) and fifo read on port 'f5_0' (topp.c:331).
INFO: [SCHED 204-61] Pipelining result : Target II = 1, Final II = 32, Depth = 225.
INFO: [SCHED 204-11] Finished scheduling.
INFO: [HLS 200-111]  Elapsed time: 9.942 seconds; current allocated memory: 251.949 MB.
INFO: [BIND 205-100] Starting micro-architecture generation ...
INFO: [BIND 205-101] Performing variable lifetime analysis.
INFO: [BIND 205-101] Exploring resource sharing.
INFO: [BIND 205-101] Binding ...
INFO: [BIND 205-100] Finished micro-architecture generation.
INFO: [HLS 200-111]  Elapsed time: 2.613 seconds; current allocated memory: 257.829 MB.
INFO: [HLS 200-10] ----------------------------------------------------------------
INFO: [HLS 200-42] -- Implementing module 'topp' 
INFO: [HLS 200-10] ----------------------------------------------------------------
INFO: [SCHED 204-11] Starting scheduling ...
INFO: [SCHED 204-11] Finished scheduling.
INFO: [HLS 200-111]  Elapsed time: 3.176 seconds; current allocated memory: 258.281 MB.
INFO: [BIND 205-100] Starting micro-architecture generation ...
INFO: [BIND 205-101] Performing variable lifetime analysis.
INFO: [BIND 205-101] Exploring resource sharing.
INFO: [BIND 205-101] Binding ...
INFO: [BIND 205-100] Finished micro-architecture generation.
INFO: [HLS 200-111]  Elapsed time: 0.762 seconds; current allocated memory: 259.845 MB.
INFO: [HLS 200-10] ----------------------------------------------------------------
INFO: [HLS 200-10] -- Generating RTL for module 'conv1' 
INFO: [HLS 200-10] ----------------------------------------------------------------
INFO: [SYN 201-210] Renamed object name 'topp_fadd_32ns_32ns_32_5_full_dsp_1' to 'topp_fadd_32ns_32bkb' due to the length limit 20
INFO: [SYN 201-210] Renamed object name 'topp_fmul_32ns_32ns_32_4_max_dsp_1' to 'topp_fmul_32ns_32cud' due to the length limit 20
INFO: [SYN 201-210] Renamed object name 'topp_fcmp_32ns_32ns_1_1_1' to 'topp_fcmp_32ns_32dEe' due to the length limit 20
INFO: [RTGEN 206-100] Generating core module 'topp_fadd_32ns_32bkb': 6 instance(s).
INFO: [RTGEN 206-100] Generating core module 'topp_fcmp_32ns_32dEe': 1 instance(s).
INFO: [RTGEN 206-100] Generating core module 'topp_fmul_32ns_32cud': 6 instance(s).
INFO: [RTGEN 206-100] Finished creating RTL model for 'conv1'.
INFO: [HLS 200-111]  Elapsed time: 0.789 seconds; current allocated memory: 262.431 MB.
INFO: [HLS 200-10] ----------------------------------------------------------------
INFO: [HLS 200-10] -- Generating RTL for module 'maxpool1' 
INFO: [HLS 200-10] ----------------------------------------------------------------
INFO: [RTGEN 206-100] Finished creating RTL model for 'maxpool1'.
INFO: [HLS 200-111]  Elapsed time: 0.776 seconds; current allocated memory: 263.337 MB.
INFO: [HLS 200-10] ----------------------------------------------------------------
INFO: [HLS 200-10] -- Generating RTL for module 'conv2' 
INFO: [HLS 200-10] ----------------------------------------------------------------
INFO: [RTGEN 206-104] Estimated max fanout for 'conv2' is 5248, found 2 HDL expressions with this fanout: ((1'b0 == ap_block_pp0_stage3_11001) & (1'b1 == ap_CS_fsm_pp0_stage3)), ((1'b0 == ap_block_pp0_stage4_11001) & (1'b1 == ap_CS_fsm_pp0_stage4))
INFO: [RTGEN 206-100] Generating core module 'topp_fadd_32ns_32bkb': 8 instance(s).
INFO: [RTGEN 206-100] Generating core module 'topp_fcmp_32ns_32dEe': 1 instance(s).
INFO: [RTGEN 206-100] Generating core module 'topp_fmul_32ns_32cud': 8 instance(s).
INFO: [RTGEN 206-100] Finished creating RTL model for 'conv2'.
INFO: [HLS 200-111]  Elapsed time: 0.6 seconds; current allocated memory: 268.101 MB.
INFO: [HLS 200-10] ----------------------------------------------------------------
INFO: [HLS 200-10] -- Generating RTL for module 'maxpool2' 
INFO: [HLS 200-10] ----------------------------------------------------------------
INFO: [RTGEN 206-100] Finished creating RTL model for 'maxpool2'.
INFO: [HLS 200-111]  Elapsed time: 1.206 seconds; current allocated memory: 268.808 MB.
INFO: [HLS 200-10] ----------------------------------------------------------------
INFO: [HLS 200-10] -- Generating RTL for module 'conv3' 
INFO: [HLS 200-10] ----------------------------------------------------------------
INFO: [RTGEN 206-104] Estimated max fanout for 'conv3' is 7552, found 2 HDL expressions with this fanout: ((1'b0 == ap_block_pp0_stage3_11001) & (1'b1 == ap_CS_fsm_pp0_stage3)), ((1'b1 == ap_CS_fsm_pp0_stage4) & (1'b0 == ap_block_pp0_stage4_11001))
INFO: [RTGEN 206-100] Generating core module 'topp_fadd_32ns_32bkb': 8 instance(s).
INFO: [RTGEN 206-100] Generating core module 'topp_fcmp_32ns_32dEe': 1 instance(s).
INFO: [RTGEN 206-100] Generating core module 'topp_fmul_32ns_32cud': 8 instance(s).
INFO: [RTGEN 206-100] Finished creating RTL model for 'conv3'.
INFO: [HLS 200-111]  Elapsed time: 0.844 seconds; current allocated memory: 277.252 MB.
INFO: [HLS 200-10] ----------------------------------------------------------------
INFO: [HLS 200-10] -- Generating RTL for module 'conv4' 
INFO: [HLS 200-10] ----------------------------------------------------------------
INFO: [RTGEN 206-104] Estimated max fanout for 'conv4' is 8737 from HDL expression: ((1'b0 == ap_block_pp0_stage0_11001) & (1'b1 == ap_CS_fsm_pp0_stage0))
INFO: [RTGEN 206-100] Generating core module 'topp_fadd_32ns_32bkb': 8 instance(s).
INFO: [RTGEN 206-100] Generating core module 'topp_fcmp_32ns_32dEe': 1 instance(s).
INFO: [RTGEN 206-100] Generating core module 'topp_fmul_32ns_32cud': 8 instance(s).
INFO: [RTGEN 206-100] Finished creating RTL model for 'conv4'.
INFO: [HLS 200-111]  Elapsed time: 3.324 seconds; current allocated memory: 293.012 MB.
INFO: [HLS 200-10] ----------------------------------------------------------------
INFO: [HLS 200-10] -- Generating RTL for module 'conv5' 
INFO: [HLS 200-10] ----------------------------------------------------------------
INFO: [RTGEN 206-104] Estimated max fanout for 'conv5' is 8737 from HDL expression: ((1'b0 == ap_block_pp0_stage0_11001) & (1'b1 == ap_CS_fsm_pp0_stage0))
INFO: [RTGEN 206-100] Generating core module 'topp_fadd_32ns_32bkb': 8 instance(s).
INFO: [RTGEN 206-100] Generating core module 'topp_fmul_32ns_32cud': 8 instance(s).
INFO: [RTGEN 206-100] Finished creating RTL model for 'conv5'.
INFO: [HLS 200-111]  Elapsed time: 5.222 seconds; current allocated memory: 308.672 MB.
INFO: [HLS 200-10] ----------------------------------------------------------------
INFO: [HLS 200-10] -- Generating RTL for module 'detection_head' 
INFO: [HLS 200-10] ----------------------------------------------------------------
INFO: [SYN 201-210] Renamed object name 'topp_fdiv_32ns_32ns_32_16_1' to 'topp_fdiv_32ns_32eOg' due to the length limit 20
INFO: [SYN 201-210] Renamed object name 'topp_fexp_32ns_32ns_32_9_full_dsp_1' to 'topp_fexp_32ns_32fYi' due to the length limit 20
INFO: [RTGEN 206-100] Generating core module 'topp_fadd_32ns_32bkb': 9 instance(s).
INFO: [RTGEN 206-100] Generating core module 'topp_fdiv_32ns_32eOg': 1 instance(s).
INFO: [RTGEN 206-100] Generating core module 'topp_fexp_32ns_32fYi': 1 instance(s).
INFO: [RTGEN 206-100] Generating core module 'topp_fmul_32ns_32cud': 8 instance(s).
INFO: [RTGEN 206-100] Finished creating RTL model for 'detection_head'.
INFO: [HLS 200-111]  Elapsed time: 4.449 seconds; current allocated memory: 315.155 MB.
INFO: [HLS 200-10] ----------------------------------------------------------------
INFO: [HLS 200-10] -- Generating RTL for module 'topp' 
INFO: [HLS 200-10] ----------------------------------------------------------------
INFO: [RTGEN 206-500] Setting interface mode on port 'topp/image_0' to 'ap_memory'.
INFO: [RTGEN 206-500] Setting interface mode on port 'topp/image_1' to 'ap_memory'.
INFO: [RTGEN 206-500] Setting interface mode on port 'topp/image_2' to 'ap_memory'.
INFO: [RTGEN 206-500] Setting interface mode on port 'topp/output_r' to 'ap_memory'.
INFO: [RTGEN 206-500] Setting interface mode on function 'topp' to 'ap_ctrl_hs'.
INFO: [SYN 201-210] Renamed object name 'start_for_maxpool1_U0' to 'start_for_maxpoolg8j' due to the length limit 20
INFO: [SYN 201-210] Renamed object name 'start_for_maxpool2_U0' to 'start_for_maxpoolhbi' due to the length limit 20
INFO: [SYN 201-210] Renamed object name 'start_for_detection_head_U0' to 'start_for_detectiibs' due to the length limit 20
INFO: [RTGEN 206-100] Finished creating RTL model for 'topp'.
INFO: [HLS 200-111]  Elapsed time: 3.251 seconds; current allocated memory: 317.782 MB.
INFO: [RTMG 210-285] Implementing FIFO 'f1_0_local_channel_U(fifo_w32_d16_A)' using Shift Registers.
INFO: [RTMG 210-285] Implementing FIFO 'f1_1_local_channel_U(fifo_w32_d16_A)' using Shift Registers.
INFO: [RTMG 210-285] Implementing FIFO 'f1_2_local_channel_U(fifo_w32_d16_A)' using Shift Registers.
INFO: [RTMG 210-285] Implementing FIFO 'f1_3_local_channel_U(fifo_w32_d16_A)' using Shift Registers.
INFO: [RTMG 210-285] Implementing FIFO 'f1_4_local_channel_U(fifo_w32_d16_A)' using Shift Registers.
INFO: [RTMG 210-285] Implementing FIFO 'f1_5_local_channel_U(fifo_w32_d16_A)' using Shift Registers.
INFO: [RTMG 210-285] Implementing FIFO 'f1_6_local_channel_U(fifo_w32_d16_A)' using Shift Registers.
INFO: [RTMG 210-285] Implementing FIFO 'f1_7_local_channel_U(fifo_w32_d16_A)' using Shift Registers.
INFO: [RTMG 210-285] Implementing FIFO 'p1_0_local_channel_U(fifo_w32_d16_A)' using Shift Registers.
INFO: [RTMG 210-285] Implementing FIFO 'p1_1_local_channel_U(fifo_w32_d16_A)' using Shift Registers.
INFO: [RTMG 210-285] Implementing FIFO 'p1_2_local_channel_U(fifo_w32_d16_A)' using Shift Registers.
INFO: [RTMG 210-285] Implementing FIFO 'p1_3_local_channel_U(fifo_w32_d16_A)' using Shift Registers.
INFO: [RTMG 210-285] Implementing FIFO 'p1_4_local_channel_U(fifo_w32_d16_A)' using Shift Registers.
INFO: [RTMG 210-285] Implementing FIFO 'p1_5_local_channel_U(fifo_w32_d16_A)' using Shift Registers.
INFO: [RTMG 210-285] Implementing FIFO 'p1_6_local_channel_U(fifo_w32_d16_A)' using Shift Registers.
INFO: [RTMG 210-285] Implementing FIFO 'p1_7_local_channel_U(fifo_w32_d16_A)' using Shift Registers.
INFO: [RTMG 210-285] Implementing FIFO 'f2_0_local_channel_U(fifo_w32_d16_A)' using Shift Registers.
INFO: [RTMG 210-285] Implementing FIFO 'f2_1_local_channel_U(fifo_w32_d16_A)' using Shift Registers.
INFO: [RTMG 210-285] Implementing FIFO 'f2_2_local_channel_U(fifo_w32_d16_A)' using Shift Registers.
INFO: [RTMG 210-285] Implementing FIFO 'f2_3_local_channel_U(fifo_w32_d16_A)' using Shift Registers.
INFO: [RTMG 210-285] Implementing FIFO 'f2_4_local_channel_U(fifo_w32_d16_A)' using Shift Registers.
INFO: [RTMG 210-285] Implementing FIFO 'f2_5_local_channel_U(fifo_w32_d16_A)' using Shift Registers.
INFO: [RTMG 210-285] Implementing FIFO 'f2_6_local_channel_U(fifo_w32_d16_A)' using Shift Registers.
INFO: [RTMG 210-285] Implementing FIFO 'f2_7_local_channel_U(fifo_w32_d16_A)' using Shift Registers.
INFO: [RTMG 210-285] Implementing FIFO 'p2_0_local_channel_U(fifo_w32_d16_A)' using Shift Registers.
INFO: [RTMG 210-285] Implementing FIFO 'p2_1_local_channel_U(fifo_w32_d16_A)' using Shift Registers.
INFO: [RTMG 210-285] Implementing FIFO 'p2_2_local_channel_U(fifo_w32_d16_A)' using Shift Registers.
INFO: [RTMG 210-285] Implementing FIFO 'p2_3_local_channel_U(fifo_w32_d16_A)' using Shift Registers.
INFO: [RTMG 210-285] Implementing FIFO 'p2_4_local_channel_U(fifo_w32_d16_A)' using Shift Registers.
INFO: [RTMG 210-285] Implementing FIFO 'p2_5_local_channel_U(fifo_w32_d16_A)' using Shift Registers.
INFO: [RTMG 210-285] Implementing FIFO 'p2_6_local_channel_U(fifo_w32_d16_A)' using Shift Registers.
INFO: [RTMG 210-285] Implementing FIFO 'p2_7_local_channel_U(fifo_w32_d16_A)' using Shift Registers.
INFO: [RTMG 210-285] Implementing FIFO 'f3_0_local_channel_U(fifo_w32_d16_A)' using Shift Registers.
INFO: [RTMG 210-285] Implementing FIFO 'f3_1_local_channel_U(fifo_w32_d16_A)' using Shift Registers.
INFO: [RTMG 210-285] Implementing FIFO 'f3_2_local_channel_U(fifo_w32_d16_A)' using Shift Registers.
INFO: [RTMG 210-285] Implementing FIFO 'f3_3_local_channel_U(fifo_w32_d16_A)' using Shift Registers.
INFO: [RTMG 210-285] Implementing FIFO 'f3_4_local_channel_U(fifo_w32_d16_A)' using Shift Registers.
INFO: [RTMG 210-285] Implementing FIFO 'f3_5_local_channel_U(fifo_w32_d16_A)' using Shift Registers.
INFO: [RTMG 210-285] Implementing FIFO 'f3_6_local_channel_U(fifo_w32_d16_A)' using Shift Registers.
INFO: [RTMG 210-285] Implementing FIFO 'f3_7_local_channel_U(fifo_w32_d16_A)' using Shift Registers.
INFO: [RTMG 210-285] Implementing FIFO 'f4_0_local_channel_U(fifo_w32_d16_A)' using Shift Registers.
INFO: [RTMG 210-285] Implementing FIFO 'f4_1_local_channel_U(fifo_w32_d16_A)' using Shift Registers.
INFO: [RTMG 210-285] Implementing FIFO 'f4_2_local_channel_U(fifo_w32_d16_A)' using Shift Registers.
INFO: [RTMG 210-285] Implementing FIFO 'f4_3_local_channel_U(fifo_w32_d16_A)' using Shift Registers.
INFO: [RTMG 210-285] Implementing FIFO 'f4_4_local_channel_U(fifo_w32_d16_A)' using Shift Registers.
INFO: [RTMG 210-285] Implementing FIFO 'f4_5_local_channel_U(fifo_w32_d16_A)' using Shift Registers.
INFO: [RTMG 210-285] Implementing FIFO 'f4_6_local_channel_U(fifo_w32_d16_A)' using Shift Registers.
INFO: [RTMG 210-285] Implementing FIFO 'f4_7_local_channel_U(fifo_w32_d16_A)' using Shift Registers.
INFO: [RTMG 210-285] Implementing FIFO 'f5_0_local_channel_U(fifo_w32_d16_A)' using Shift Registers.
INFO: [RTMG 210-285] Implementing FIFO 'f5_1_local_channel_U(fifo_w32_d16_A)' using Shift Registers.
INFO: [RTMG 210-285] Implementing FIFO 'f5_2_local_channel_U(fifo_w32_d16_A)' using Shift Registers.
INFO: [RTMG 210-285] Implementing FIFO 'f5_3_local_channel_U(fifo_w32_d16_A)' using Shift Registers.
INFO: [RTMG 210-285] Implementing FIFO 'f5_4_local_channel_U(fifo_w32_d16_A)' using Shift Registers.
INFO: [RTMG 210-285] Implementing FIFO 'f5_5_local_channel_U(fifo_w32_d16_A)' using Shift Registers.
INFO: [RTMG 210-285] Implementing FIFO 'f5_6_local_channel_U(fifo_w32_d16_A)' using Shift Registers.
INFO: [RTMG 210-285] Implementing FIFO 'f5_7_local_channel_U(fifo_w32_d16_A)' using Shift Registers.
INFO: [RTMG 210-285] Implementing FIFO 'start_for_maxpoolg8j_U(start_for_maxpoolg8j)' using Shift Registers.
INFO: [RTMG 210-285] Implementing FIFO 'start_for_conv2_U0_U(start_for_conv2_U0)' using Shift Registers.
INFO: [RTMG 210-285] Implementing FIFO 'start_for_maxpoolhbi_U(start_for_maxpoolhbi)' using Shift Registers.
INFO: [RTMG 210-285] Implementing FIFO 'start_for_conv3_U0_U(start_for_conv3_U0)' using Shift Registers.
INFO: [RTMG 210-285] Implementing FIFO 'start_for_conv4_U0_U(start_for_conv4_U0)' using Shift Registers.
INFO: [RTMG 210-285] Implementing FIFO 'start_for_conv5_U0_U(start_for_conv5_U0)' using Shift Registers.
INFO: [RTMG 210-285] Implementing FIFO 'start_for_detectiibs_U(start_for_detectiibs)' using Shift Registers.
INFO: [HLS 200-111] Finished generating all RTL models Time (s): cpu = 00:01:43 ; elapsed = 00:02:03 . Memory (MB): peak = 473.703 ; gain = 388.723
INFO: [SYSC 207-301] Generating SystemC RTL for topp.
INFO: [VHDL 208-304] Generating VHDL RTL for topp.
INFO: [VLOG 209-307] Generating Verilog RTL for topp.
INFO: [HLS 200-112] Total elapsed time: 123.204 seconds; peak allocated memory: 317.782 MB.
