Copyright 1986-2018 Xilinx, Inc. All Rights Reserved.
-----------------------------------------------------------------------------------------
| Tool Version : Vivado v.2018.3 (win64) Build 2405991 Thu Dec  6 23:38:27 MST 2018
| Date         : Mon Jun  8 20:22:04 2026
| Host         : LAPTOP-UD1UJ2KV running 64-bit major release  (build 9200)
| Command      : report_timing -max_paths 10 -file ./report/topp_timing_paths_routed.rpt
| Design       : bd_0_wrapper
| Device       : 7z020-clg484
| Speed File   : -1  PRODUCTION 1.11 2014-09-11
-----------------------------------------------------------------------------------------

Timing Report

Slack (MET) :             1.185ns  (required time - arrival time)
  Source:                 bd_0_i/hls_inst/U0/grp_conv2_fu_48/topp_fadd_32ns_32bkb_U12/topp_ap_fadd_3_full_dsp_32_u/U0/i_synth/ADDSUB_OP.ADDSUB/SPEED_OP.DSP.OP/DSP48E1_BODY.EXP/BMA_EXP_DELAY/i_pipe/opt_has_pipe.first_q_reg[3]/C
                            (rising edge-triggered cell FDRE clocked by ap_clk  {rise@0.000ns fall@5.000ns period=10.000ns})
  Destination:            bd_0_i/hls_inst/U0/grp_conv2_fu_48/topp_fadd_32ns_32bkb_U12/topp_ap_fadd_3_full_dsp_32_u/U0/i_synth/ADDSUB_OP.ADDSUB/SPEED_OP.DSP.OP/DSP48E1_BODY.ALIGN_ADD/DSP2/DSP/INMODE[1]
                            (rising edge-triggered cell DSP48E1 clocked by ap_clk  {rise@0.000ns fall@5.000ns period=10.000ns})
  Path Group:             ap_clk
  Path Type:              Setup (Max at Slow Process Corner)
  Requirement:            10.000ns  (ap_clk rise@10.000ns - ap_clk rise@0.000ns)
  Data Path Delay:        3.174ns  (logic 0.580ns (18.273%)  route 2.594ns (81.727%))
  Logic Levels:           1  (LUT6=1)
  Clock Path Skew:        -0.049ns (DCD - SCD + CPR)
    Destination Clock Delay (DCD):    0.924ns = ( 10.924 - 10.000 ) 
    Source Clock Delay      (SCD):    0.973ns
    Clock Pessimism Removal (CPR):    0.000ns
  Clock Uncertainty:      0.035ns  ((TSJ^2 + TIJ^2)^1/2 + DJ) / 2 + PE
    Total System Jitter     (TSJ):    0.071ns
    Total Input Jitter      (TIJ):    0.000ns
    Discrete Jitter          (DJ):    0.000ns
    Phase Error              (PE):    0.000ns

    Location             Delay type                Incr(ns)  Path(ns)    Netlist Resource(s)
  -------------------------------------------------------------------    -------------------
                         (clock ap_clk rise edge)     0.000     0.000 r  
                                                      0.000     0.000 r  ap_clk (IN)
                         net (fo=4433, unset)         0.973     0.973    bd_0_i/hls_inst/U0/grp_conv2_fu_48/topp_fadd_32ns_32bkb_U12/topp_ap_fadd_3_full_dsp_32_u/U0/i_synth/ADDSUB_OP.ADDSUB/SPEED_OP.DSP.OP/DSP48E1_BODY.EXP/BMA_EXP_DELAY/i_pipe/aclk
    SLICE_X64Y12         FDRE                                         r  bd_0_i/hls_inst/U0/grp_conv2_fu_48/topp_fadd_32ns_32bkb_U12/topp_ap_fadd_3_full_dsp_32_u/U0/i_synth/ADDSUB_OP.ADDSUB/SPEED_OP.DSP.OP/DSP48E1_BODY.EXP/BMA_EXP_DELAY/i_pipe/opt_has_pipe.first_q_reg[3]/C
  -------------------------------------------------------------------    -------------------
    SLICE_X64Y12         FDRE (Prop_fdre_C_Q)         0.456     1.429 r  bd_0_i/hls_inst/U0/grp_conv2_fu_48/topp_fadd_32ns_32bkb_U12/topp_ap_fadd_3_full_dsp_32_u/U0/i_synth/ADDSUB_OP.ADDSUB/SPEED_OP.DSP.OP/DSP48E1_BODY.EXP/BMA_EXP_DELAY/i_pipe/opt_has_pipe.first_q_reg[3]/Q
                         net (fo=20, routed)          1.308     2.737    bd_0_i/hls_inst/U0/grp_conv2_fu_48/topp_fadd_32ns_32bkb_U12/topp_ap_fadd_3_full_dsp_32_u/U0/i_synth/ADDSUB_OP.ADDSUB/SPEED_OP.DSP.OP/DSP48E1_BODY.EXP/BMA_EXP_DELAY/i_pipe/opt_has_pipe.first_q_reg_n_3_[3]
    SLICE_X79Y14         LUT6 (Prop_lut6_I1_O)        0.124     2.861 r  bd_0_i/hls_inst/U0/grp_conv2_fu_48/topp_fadd_32ns_32bkb_U12/topp_ap_fadd_3_full_dsp_32_u/U0/i_synth/ADDSUB_OP.ADDSUB/SPEED_OP.DSP.OP/DSP48E1_BODY.EXP/BMA_EXP_DELAY/i_pipe/DSP_i_64/O
                         net (fo=2, routed)           1.286     4.147    bd_0_i/hls_inst/U0/grp_conv2_fu_48/topp_fadd_32ns_32bkb_U12/topp_ap_fadd_3_full_dsp_32_u/U0/i_synth/ADDSUB_OP.ADDSUB/SPEED_OP.DSP.OP/DSP48E1_BODY.ALIGN_ADD/DSP2/INMODE[0]
    DSP48_X3Y5           DSP48E1                                      r  bd_0_i/hls_inst/U0/grp_conv2_fu_48/topp_fadd_32ns_32bkb_U12/topp_ap_fadd_3_full_dsp_32_u/U0/i_synth/ADDSUB_OP.ADDSUB/SPEED_OP.DSP.OP/DSP48E1_BODY.ALIGN_ADD/DSP2/DSP/INMODE[1]
  -------------------------------------------------------------------    -------------------

                         (clock ap_clk rise edge)    10.000    10.000 r  
                                                      0.000    10.000 r  ap_clk (IN)
                         net (fo=4433, unset)         0.924    10.924    bd_0_i/hls_inst/U0/grp_conv2_fu_48/topp_fadd_32ns_32bkb_U12/topp_ap_fadd_3_full_dsp_32_u/U0/i_synth/ADDSUB_OP.ADDSUB/SPEED_OP.DSP.OP/DSP48E1_BODY.ALIGN_ADD/DSP2/aclk
    DSP48_X3Y5           DSP48E1                                      r  bd_0_i/hls_inst/U0/grp_conv2_fu_48/topp_fadd_32ns_32bkb_U12/topp_ap_fadd_3_full_dsp_32_u/U0/i_synth/ADDSUB_OP.ADDSUB/SPEED_OP.DSP.OP/DSP48E1_BODY.ALIGN_ADD/DSP2/DSP/CLK
                         clock pessimism              0.000    10.924    
                         clock uncertainty           -0.035    10.889    
    DSP48_X3Y5           DSP48E1 (Setup_dsp48e1_CLK_INMODE[1])
                                                     -5.557     5.332    bd_0_i/hls_inst/U0/grp_conv2_fu_48/topp_fadd_32ns_32bkb_U12/topp_ap_fadd_3_full_dsp_32_u/U0/i_synth/ADDSUB_OP.ADDSUB/SPEED_OP.DSP.OP/DSP48E1_BODY.ALIGN_ADD/DSP2/DSP
  -------------------------------------------------------------------
                         required time                          5.332    
                         arrival time                          -4.147    
  -------------------------------------------------------------------
                         slack                                  1.185    

Slack (MET) :             1.196ns  (required time - arrival time)
  Source:                 bd_0_i/hls_inst/U0/grp_conv3_fu_72/topp_fadd_32ns_32bkb_U20/topp_ap_fadd_3_full_dsp_32_u/U0/i_synth/ADDSUB_OP.ADDSUB/SPEED_OP.DSP.OP/DSP48E1_BODY.EXP/BMA_EXP_DELAY/i_pipe/opt_has_pipe.first_q_reg[5]/C
                            (rising edge-triggered cell FDRE clocked by ap_clk  {rise@0.000ns fall@5.000ns period=10.000ns})
  Destination:            bd_0_i/hls_inst/U0/grp_conv3_fu_72/topp_fadd_32ns_32bkb_U20/topp_ap_fadd_3_full_dsp_32_u/U0/i_synth/ADDSUB_OP.ADDSUB/SPEED_OP.DSP.OP/DSP48E1_BODY.ALIGN_ADD/DSP2/DSP/INMODE[1]
                            (rising edge-triggered cell DSP48E1 clocked by ap_clk  {rise@0.000ns fall@5.000ns period=10.000ns})
  Path Group:             ap_clk
  Path Type:              Setup (Max at Slow Process Corner)
  Requirement:            10.000ns  (ap_clk rise@10.000ns - ap_clk rise@0.000ns)
  Data Path Delay:        3.163ns  (logic 0.580ns (18.337%)  route 2.583ns (81.663%))
  Logic Levels:           1  (LUT6=1)
  Clock Path Skew:        -0.049ns (DCD - SCD + CPR)
    Destination Clock Delay (DCD):    0.924ns = ( 10.924 - 10.000 ) 
    Source Clock Delay      (SCD):    0.973ns
    Clock Pessimism Removal (CPR):    0.000ns
  Clock Uncertainty:      0.035ns  ((TSJ^2 + TIJ^2)^1/2 + DJ) / 2 + PE
    Total System Jitter     (TSJ):    0.071ns
    Total Input Jitter      (TIJ):    0.000ns
    Discrete Jitter          (DJ):    0.000ns
    Phase Error              (PE):    0.000ns

    Location             Delay type                Incr(ns)  Path(ns)    Netlist Resource(s)
  -------------------------------------------------------------------    -------------------
                         (clock ap_clk rise edge)     0.000     0.000 r  
                                                      0.000     0.000 r  ap_clk (IN)
                         net (fo=4433, unset)         0.973     0.973    bd_0_i/hls_inst/U0/grp_conv3_fu_72/topp_fadd_32ns_32bkb_U20/topp_ap_fadd_3_full_dsp_32_u/U0/i_synth/ADDSUB_OP.ADDSUB/SPEED_OP.DSP.OP/DSP48E1_BODY.EXP/BMA_EXP_DELAY/i_pipe/aclk
    SLICE_X60Y45         FDRE                                         r  bd_0_i/hls_inst/U0/grp_conv3_fu_72/topp_fadd_32ns_32bkb_U20/topp_ap_fadd_3_full_dsp_32_u/U0/i_synth/ADDSUB_OP.ADDSUB/SPEED_OP.DSP.OP/DSP48E1_BODY.EXP/BMA_EXP_DELAY/i_pipe/opt_has_pipe.first_q_reg[5]/C
  -------------------------------------------------------------------    -------------------
    SLICE_X60Y45         FDRE (Prop_fdre_C_Q)         0.456     1.429 r  bd_0_i/hls_inst/U0/grp_conv3_fu_72/topp_fadd_32ns_32bkb_U20/topp_ap_fadd_3_full_dsp_32_u/U0/i_synth/ADDSUB_OP.ADDSUB/SPEED_OP.DSP.OP/DSP48E1_BODY.EXP/BMA_EXP_DELAY/i_pipe/opt_has_pipe.first_q_reg[5]/Q
                         net (fo=18, routed)          1.578     3.007    bd_0_i/hls_inst/U0/grp_conv3_fu_72/topp_fadd_32ns_32bkb_U20/topp_ap_fadd_3_full_dsp_32_u/U0/i_synth/ADDSUB_OP.ADDSUB/SPEED_OP.DSP.OP/DSP48E1_BODY.EXP/BMA_EXP_DELAY/i_pipe/align_dist[5]
    SLICE_X40Y44         LUT6 (Prop_lut6_I0_O)        0.124     3.131 r  bd_0_i/hls_inst/U0/grp_conv3_fu_72/topp_fadd_32ns_32bkb_U20/topp_ap_fadd_3_full_dsp_32_u/U0/i_synth/ADDSUB_OP.ADDSUB/SPEED_OP.DSP.OP/DSP48E1_BODY.EXP/BMA_EXP_DELAY/i_pipe/DSP_i_64/O
                         net (fo=2, routed)           1.005     4.136    bd_0_i/hls_inst/U0/grp_conv3_fu_72/topp_fadd_32ns_32bkb_U20/topp_ap_fadd_3_full_dsp_32_u/U0/i_synth/ADDSUB_OP.ADDSUB/SPEED_OP.DSP.OP/DSP48E1_BODY.ALIGN_ADD/DSP2/INMODE[0]
    DSP48_X2Y17          DSP48E1                                      r  bd_0_i/hls_inst/U0/grp_conv3_fu_72/topp_fadd_32ns_32bkb_U20/topp_ap_fadd_3_full_dsp_32_u/U0/i_synth/ADDSUB_OP.ADDSUB/SPEED_OP.DSP.OP/DSP48E1_BODY.ALIGN_ADD/DSP2/DSP/INMODE[1]
  -------------------------------------------------------------------    -------------------

                         (clock ap_clk rise edge)    10.000    10.000 r  
                                                      0.000    10.000 r  ap_clk (IN)
                         net (fo=4433, unset)         0.924    10.924    bd_0_i/hls_inst/U0/grp_conv3_fu_72/topp_fadd_32ns_32bkb_U20/topp_ap_fadd_3_full_dsp_32_u/U0/i_synth/ADDSUB_OP.ADDSUB/SPEED_OP.DSP.OP/DSP48E1_BODY.ALIGN_ADD/DSP2/aclk
    DSP48_X2Y17          DSP48E1                                      r  bd_0_i/hls_inst/U0/grp_conv3_fu_72/topp_fadd_32ns_32bkb_U20/topp_ap_fadd_3_full_dsp_32_u/U0/i_synth/ADDSUB_OP.ADDSUB/SPEED_OP.DSP.OP/DSP48E1_BODY.ALIGN_ADD/DSP2/DSP/CLK
                         clock pessimism              0.000    10.924    
                         clock uncertainty           -0.035    10.889    
    DSP48_X2Y17          DSP48E1 (Setup_dsp48e1_CLK_INMODE[1])
                                                     -5.557     5.332    bd_0_i/hls_inst/U0/grp_conv3_fu_72/topp_fadd_32ns_32bkb_U20/topp_ap_fadd_3_full_dsp_32_u/U0/i_synth/ADDSUB_OP.ADDSUB/SPEED_OP.DSP.OP/DSP48E1_BODY.ALIGN_ADD/DSP2/DSP
  -------------------------------------------------------------------
                         required time                          5.332    
                         arrival time                          -4.136    
  -------------------------------------------------------------------
                         slack                                  1.196    

Slack (MET) :             1.344ns  (required time - arrival time)
  Source:                 bd_0_i/hls_inst/U0/grp_conv2_fu_48/topp_fadd_32ns_32bkb_U12/topp_ap_fadd_3_full_dsp_32_u/U0/i_synth/ADDSUB_OP.ADDSUB/SPEED_OP.DSP.OP/DSP48E1_BODY.EXP/BMA_EXP_DELAY/i_pipe/opt_has_pipe.first_q_reg[3]/C
                            (rising edge-triggered cell FDRE clocked by ap_clk  {rise@0.000ns fall@5.000ns period=10.000ns})
  Destination:            bd_0_i/hls_inst/U0/grp_conv2_fu_48/topp_fadd_32ns_32bkb_U12/topp_ap_fadd_3_full_dsp_32_u/U0/i_synth/ADDSUB_OP.ADDSUB/SPEED_OP.DSP.OP/DSP48E1_BODY.ALIGN_ADD/DSP2/DSP/INMODE[2]
                            (rising edge-triggered cell DSP48E1 clocked by ap_clk  {rise@0.000ns fall@5.000ns period=10.000ns})
  Path Group:             ap_clk
  Path Type:              Setup (Max at Slow Process Corner)
  Requirement:            10.000ns  (ap_clk rise@10.000ns - ap_clk rise@0.000ns)
  Data Path Delay:        3.015ns  (logic 0.580ns (19.238%)  route 2.435ns (80.762%))
  Logic Levels:           1  (LUT6=1)
  Clock Path Skew:        -0.049ns (DCD - SCD + CPR)
    Destination Clock Delay (DCD):    0.924ns = ( 10.924 - 10.000 ) 
    Source Clock Delay      (SCD):    0.973ns
    Clock Pessimism Removal (CPR):    0.000ns
  Clock Uncertainty:      0.035ns  ((TSJ^2 + TIJ^2)^1/2 + DJ) / 2 + PE
    Total System Jitter     (TSJ):    0.071ns
    Total Input Jitter      (TIJ):    0.000ns
    Discrete Jitter          (DJ):    0.000ns
    Phase Error              (PE):    0.000ns

    Location             Delay type                Incr(ns)  Path(ns)    Netlist Resource(s)
  -------------------------------------------------------------------    -------------------
                         (clock ap_clk rise edge)     0.000     0.000 r  
                                                      0.000     0.000 r  ap_clk (IN)
                         net (fo=4433, unset)         0.973     0.973    bd_0_i/hls_inst/U0/grp_conv2_fu_48/topp_fadd_32ns_32bkb_U12/topp_ap_fadd_3_full_dsp_32_u/U0/i_synth/ADDSUB_OP.ADDSUB/SPEED_OP.DSP.OP/DSP48E1_BODY.EXP/BMA_EXP_DELAY/i_pipe/aclk
    SLICE_X64Y12         FDRE                                         r  bd_0_i/hls_inst/U0/grp_conv2_fu_48/topp_fadd_32ns_32bkb_U12/topp_ap_fadd_3_full_dsp_32_u/U0/i_synth/ADDSUB_OP.ADDSUB/SPEED_OP.DSP.OP/DSP48E1_BODY.EXP/BMA_EXP_DELAY/i_pipe/opt_has_pipe.first_q_reg[3]/C
  -------------------------------------------------------------------    -------------------
    SLICE_X64Y12         FDRE (Prop_fdre_C_Q)         0.456     1.429 r  bd_0_i/hls_inst/U0/grp_conv2_fu_48/topp_fadd_32ns_32bkb_U12/topp_ap_fadd_3_full_dsp_32_u/U0/i_synth/ADDSUB_OP.ADDSUB/SPEED_OP.DSP.OP/DSP48E1_BODY.EXP/BMA_EXP_DELAY/i_pipe/opt_has_pipe.first_q_reg[3]/Q
                         net (fo=20, routed)          1.308     2.737    bd_0_i/hls_inst/U0/grp_conv2_fu_48/topp_fadd_32ns_32bkb_U12/topp_ap_fadd_3_full_dsp_32_u/U0/i_synth/ADDSUB_OP.ADDSUB/SPEED_OP.DSP.OP/DSP48E1_BODY.EXP/BMA_EXP_DELAY/i_pipe/opt_has_pipe.first_q_reg_n_3_[3]
    SLICE_X79Y14         LUT6 (Prop_lut6_I1_O)        0.124     2.861 r  bd_0_i/hls_inst/U0/grp_conv2_fu_48/topp_fadd_32ns_32bkb_U12/topp_ap_fadd_3_full_dsp_32_u/U0/i_synth/ADDSUB_OP.ADDSUB/SPEED_OP.DSP.OP/DSP48E1_BODY.EXP/BMA_EXP_DELAY/i_pipe/DSP_i_64/O
                         net (fo=2, routed)           1.127     3.988    bd_0_i/hls_inst/U0/grp_conv2_fu_48/topp_fadd_32ns_32bkb_U12/topp_ap_fadd_3_full_dsp_32_u/U0/i_synth/ADDSUB_OP.ADDSUB/SPEED_OP.DSP.OP/DSP48E1_BODY.ALIGN_ADD/DSP2/INMODE[0]
    DSP48_X3Y5           DSP48E1                                      r  bd_0_i/hls_inst/U0/grp_conv2_fu_48/topp_fadd_32ns_32bkb_U12/topp_ap_fadd_3_full_dsp_32_u/U0/i_synth/ADDSUB_OP.ADDSUB/SPEED_OP.DSP.OP/DSP48E1_BODY.ALIGN_ADD/DSP2/DSP/INMODE[2]
  -------------------------------------------------------------------    -------------------

                         (clock ap_clk rise edge)    10.000    10.000 r  
                                                      0.000    10.000 r  ap_clk (IN)
                         net (fo=4433, unset)         0.924    10.924    bd_0_i/hls_inst/U0/grp_conv2_fu_48/topp_fadd_32ns_32bkb_U12/topp_ap_fadd_3_full_dsp_32_u/U0/i_synth/ADDSUB_OP.ADDSUB/SPEED_OP.DSP.OP/DSP48E1_BODY.ALIGN_ADD/DSP2/aclk
    DSP48_X3Y5           DSP48E1                                      r  bd_0_i/hls_inst/U0/grp_conv2_fu_48/topp_fadd_32ns_32bkb_U12/topp_ap_fadd_3_full_dsp_32_u/U0/i_synth/ADDSUB_OP.ADDSUB/SPEED_OP.DSP.OP/DSP48E1_BODY.ALIGN_ADD/DSP2/DSP/CLK
                         clock pessimism              0.000    10.924    
                         clock uncertainty           -0.035    10.889    
    DSP48_X3Y5           DSP48E1 (Setup_dsp48e1_CLK_INMODE[2])
                                                     -5.557     5.332    bd_0_i/hls_inst/U0/grp_conv2_fu_48/topp_fadd_32ns_32bkb_U12/topp_ap_fadd_3_full_dsp_32_u/U0/i_synth/ADDSUB_OP.ADDSUB/SPEED_OP.DSP.OP/DSP48E1_BODY.ALIGN_ADD/DSP2/DSP
  -------------------------------------------------------------------
                         required time                          5.332    
                         arrival time                          -3.988    
  -------------------------------------------------------------------
                         slack                                  1.344    

Slack (MET) :             1.367ns  (required time - arrival time)
  Source:                 bd_0_i/hls_inst/U0/grp_conv2_fu_48/topp_fadd_32ns_32bkb_U12/topp_ap_fadd_3_full_dsp_32_u/U0/i_synth/ADDSUB_OP.ADDSUB/SPEED_OP.DSP.OP/DSP48E1_BODY.EXP/NUMB_CMP/NOT_FAST.CMP/C_CHAIN/CHAIN_GEN[15].CARRYS_DEL.NEED_DEL.CARRYS_FD/C
                            (rising edge-triggered cell FDRE clocked by ap_clk  {rise@0.000ns fall@5.000ns period=10.000ns})
  Destination:            bd_0_i/hls_inst/U0/grp_conv2_fu_48/topp_fadd_32ns_32bkb_U12/topp_ap_fadd_3_full_dsp_32_u/U0/i_synth/ADDSUB_OP.ADDSUB/SPEED_OP.DSP.OP/DSP48E1_BODY.ALIGN_ADD/DSP2/DSP/A[3]
                            (rising edge-triggered cell DSP48E1 clocked by ap_clk  {rise@0.000ns fall@5.000ns period=10.000ns})
  Path Group:             ap_clk
  Path Type:              Setup (Max at Slow Process Corner)
  Requirement:            10.000ns  (ap_clk rise@10.000ns - ap_clk rise@0.000ns)
  Data Path Delay:        3.075ns  (logic 0.642ns (20.881%)  route 2.433ns (79.119%))
  Logic Levels:           1  (LUT3=1)
  Clock Path Skew:        -0.049ns (DCD - SCD + CPR)
    Destination Clock Delay (DCD):    0.924ns = ( 10.924 - 10.000 ) 
    Source Clock Delay      (SCD):    0.973ns
    Clock Pessimism Removal (CPR):    0.000ns
  Clock Uncertainty:      0.035ns  ((TSJ^2 + TIJ^2)^1/2 + DJ) / 2 + PE
    Total System Jitter     (TSJ):    0.071ns
    Total Input Jitter      (TIJ):    0.000ns
    Discrete Jitter          (DJ):    0.000ns
    Phase Error              (PE):    0.000ns

    Location             Delay type                Incr(ns)  Path(ns)    Netlist Resource(s)
  -------------------------------------------------------------------    -------------------
                         (clock ap_clk rise edge)     0.000     0.000 r  
                                                      0.000     0.000 r  ap_clk (IN)
                         net (fo=4433, unset)         0.973     0.973    bd_0_i/hls_inst/U0/grp_conv2_fu_48/topp_fadd_32ns_32bkb_U12/topp_ap_fadd_3_full_dsp_32_u/U0/i_synth/ADDSUB_OP.ADDSUB/SPEED_OP.DSP.OP/DSP48E1_BODY.EXP/NUMB_CMP/NOT_FAST.CMP/C_CHAIN/aclk
    SLICE_X66Y14         FDRE                                         r  bd_0_i/hls_inst/U0/grp_conv2_fu_48/topp_fadd_32ns_32bkb_U12/topp_ap_fadd_3_full_dsp_32_u/U0/i_synth/ADDSUB_OP.ADDSUB/SPEED_OP.DSP.OP/DSP48E1_BODY.EXP/NUMB_CMP/NOT_FAST.CMP/C_CHAIN/CHAIN_GEN[15].CARRYS_DEL.NEED_DEL.CARRYS_FD/C
  -------------------------------------------------------------------    -------------------
    SLICE_X66Y14         FDRE (Prop_fdre_C_Q)         0.518     1.491 r  bd_0_i/hls_inst/U0/grp_conv2_fu_48/topp_fadd_32ns_32bkb_U12/topp_ap_fadd_3_full_dsp_32_u/U0/i_synth/ADDSUB_OP.ADDSUB/SPEED_OP.DSP.OP/DSP48E1_BODY.EXP/NUMB_CMP/NOT_FAST.CMP/C_CHAIN/CHAIN_GEN[15].CARRYS_DEL.NEED_DEL.CARRYS_FD/Q
                         net (fo=54, routed)          1.305     2.796    bd_0_i/hls_inst/U0/grp_conv2_fu_48/topp_fadd_32ns_32bkb_U12/topp_ap_fadd_3_full_dsp_32_u/U0/i_synth/ADDSUB_OP.ADDSUB/SPEED_OP.DSP.OP/A_IP_DELAY/i_pipe/CARRY_OUT
    SLICE_X74Y9          LUT3 (Prop_lut3_I1_O)        0.124     2.920 r  bd_0_i/hls_inst/U0/grp_conv2_fu_48/topp_fadd_32ns_32bkb_U12/topp_ap_fadd_3_full_dsp_32_u/U0/i_synth/ADDSUB_OP.ADDSUB/SPEED_OP.DSP.OP/A_IP_DELAY/i_pipe/DSP_i_37/O
                         net (fo=1, routed)           1.127     4.048    bd_0_i/hls_inst/U0/grp_conv2_fu_48/topp_fadd_32ns_32bkb_U12/topp_ap_fadd_3_full_dsp_32_u/U0/i_synth/ADDSUB_OP.ADDSUB/SPEED_OP.DSP.OP/DSP48E1_BODY.ALIGN_ADD/DSP2/DSP_3[3]
    DSP48_X3Y5           DSP48E1                                      r  bd_0_i/hls_inst/U0/grp_conv2_fu_48/topp_fadd_32ns_32bkb_U12/topp_ap_fadd_3_full_dsp_32_u/U0/i_synth/ADDSUB_OP.ADDSUB/SPEED_OP.DSP.OP/DSP48E1_BODY.ALIGN_ADD/DSP2/DSP/A[3]
  -------------------------------------------------------------------    -------------------

                         (clock ap_clk rise edge)    10.000    10.000 r  
                                                      0.000    10.000 r  ap_clk (IN)
                         net (fo=4433, unset)         0.924    10.924    bd_0_i/hls_inst/U0/grp_conv2_fu_48/topp_fadd_32ns_32bkb_U12/topp_ap_fadd_3_full_dsp_32_u/U0/i_synth/ADDSUB_OP.ADDSUB/SPEED_OP.DSP.OP/DSP48E1_BODY.ALIGN_ADD/DSP2/aclk
    DSP48_X3Y5           DSP48E1                                      r  bd_0_i/hls_inst/U0/grp_conv2_fu_48/topp_fadd_32ns_32bkb_U12/topp_ap_fadd_3_full_dsp_32_u/U0/i_synth/ADDSUB_OP.ADDSUB/SPEED_OP.DSP.OP/DSP48E1_BODY.ALIGN_ADD/DSP2/DSP/CLK
                         clock pessimism              0.000    10.924    
                         clock uncertainty           -0.035    10.889    
    DSP48_X3Y5           DSP48E1 (Setup_dsp48e1_CLK_A[3])
                                                     -5.474     5.415    bd_0_i/hls_inst/U0/grp_conv2_fu_48/topp_fadd_32ns_32bkb_U12/topp_ap_fadd_3_full_dsp_32_u/U0/i_synth/ADDSUB_OP.ADDSUB/SPEED_OP.DSP.OP/DSP48E1_BODY.ALIGN_ADD/DSP2/DSP
  -------------------------------------------------------------------
                         required time                          5.415    
                         arrival time                          -4.048    
  -------------------------------------------------------------------
                         slack                                  1.367    

Slack (MET) :             1.375ns  (required time - arrival time)
  Source:                 bd_0_i/hls_inst/U0/grp_conv1_fu_56/topp_fadd_32ns_32bkb_U1/topp_ap_fadd_3_full_dsp_32_u/U0/i_synth/ADDSUB_OP.ADDSUB/SPEED_OP.DSP.OP/DSP48E1_BODY.EXP/NUMB_CMP/NOT_FAST.CMP/C_CHAIN/CHAIN_GEN[15].CARRYS_DEL.NEED_DEL.CARRYS_FD/C
                            (rising edge-triggered cell FDRE clocked by ap_clk  {rise@0.000ns fall@5.000ns period=10.000ns})
  Destination:            bd_0_i/hls_inst/U0/grp_conv1_fu_56/topp_fadd_32ns_32bkb_U1/topp_ap_fadd_3_full_dsp_32_u/U0/i_synth/ADDSUB_OP.ADDSUB/SPEED_OP.DSP.OP/DSP48E1_BODY.ALIGN_ADD/DSP2/DSP/D[5]
                            (rising edge-triggered cell DSP48E1 clocked by ap_clk  {rise@0.000ns fall@5.000ns period=10.000ns})
  Path Group:             ap_clk
  Path Type:              Setup (Max at Slow Process Corner)
  Requirement:            10.000ns  (ap_clk rise@10.000ns - ap_clk rise@0.000ns)
  Data Path Delay:        3.199ns  (logic 0.580ns (18.131%)  route 2.619ns (81.869%))
  Logic Levels:           1  (LUT3=1)
  Clock Path Skew:        -0.049ns (DCD - SCD + CPR)
    Destination Clock Delay (DCD):    0.924ns = ( 10.924 - 10.000 ) 
    Source Clock Delay      (SCD):    0.973ns
    Clock Pessimism Removal (CPR):    0.000ns
  Clock Uncertainty:      0.035ns  ((TSJ^2 + TIJ^2)^1/2 + DJ) / 2 + PE
    Total System Jitter     (TSJ):    0.071ns
    Total Input Jitter      (TIJ):    0.000ns
    Discrete Jitter          (DJ):    0.000ns
    Phase Error              (PE):    0.000ns

    Location             Delay type                Incr(ns)  Path(ns)    Netlist Resource(s)
  -------------------------------------------------------------------    -------------------
                         (clock ap_clk rise edge)     0.000     0.000 r  
                                                      0.000     0.000 r  ap_clk (IN)
                         net (fo=4433, unset)         0.973     0.973    bd_0_i/hls_inst/U0/grp_conv1_fu_56/topp_fadd_32ns_32bkb_U1/topp_ap_fadd_3_full_dsp_32_u/U0/i_synth/ADDSUB_OP.ADDSUB/SPEED_OP.DSP.OP/DSP48E1_BODY.EXP/NUMB_CMP/NOT_FAST.CMP/C_CHAIN/aclk
    SLICE_X40Y34         FDRE                                         r  bd_0_i/hls_inst/U0/grp_conv1_fu_56/topp_fadd_32ns_32bkb_U1/topp_ap_fadd_3_full_dsp_32_u/U0/i_synth/ADDSUB_OP.ADDSUB/SPEED_OP.DSP.OP/DSP48E1_BODY.EXP/NUMB_CMP/NOT_FAST.CMP/C_CHAIN/CHAIN_GEN[15].CARRYS_DEL.NEED_DEL.CARRYS_FD/C
  -------------------------------------------------------------------    -------------------
    SLICE_X40Y34         FDRE (Prop_fdre_C_Q)         0.456     1.429 r  bd_0_i/hls_inst/U0/grp_conv1_fu_56/topp_fadd_32ns_32bkb_U1/topp_ap_fadd_3_full_dsp_32_u/U0/i_synth/ADDSUB_OP.ADDSUB/SPEED_OP.DSP.OP/DSP48E1_BODY.EXP/NUMB_CMP/NOT_FAST.CMP/C_CHAIN/CHAIN_GEN[15].CARRYS_DEL.NEED_DEL.CARRYS_FD/Q
                         net (fo=54, routed)          1.542     2.971    bd_0_i/hls_inst/U0/grp_conv1_fu_56/topp_fadd_32ns_32bkb_U1/topp_ap_fadd_3_full_dsp_32_u/U0/i_synth/ADDSUB_OP.ADDSUB/SPEED_OP.DSP.OP/A_IP_DELAY/i_pipe/CARRY_OUT
    SLICE_X37Y33         LUT3 (Prop_lut3_I1_O)        0.124     3.095 r  bd_0_i/hls_inst/U0/grp_conv1_fu_56/topp_fadd_32ns_32bkb_U1/topp_ap_fadd_3_full_dsp_32_u/U0/i_synth/ADDSUB_OP.ADDSUB/SPEED_OP.DSP.OP/A_IP_DELAY/i_pipe/DSP_i_21/O
                         net (fo=2, routed)           1.077     4.172    bd_0_i/hls_inst/U0/grp_conv1_fu_56/topp_fadd_32ns_32bkb_U1/topp_ap_fadd_3_full_dsp_32_u/U0/i_synth/ADDSUB_OP.ADDSUB/SPEED_OP.DSP.OP/DSP48E1_BODY.ALIGN_ADD/DSP2/DSP_3[19]
    DSP48_X2Y12          DSP48E1                                      r  bd_0_i/hls_inst/U0/grp_conv1_fu_56/topp_fadd_32ns_32bkb_U1/topp_ap_fadd_3_full_dsp_32_u/U0/i_synth/ADDSUB_OP.ADDSUB/SPEED_OP.DSP.OP/DSP48E1_BODY.ALIGN_ADD/DSP2/DSP/D[5]
  -------------------------------------------------------------------    -------------------

                         (clock ap_clk rise edge)    10.000    10.000 r  
                                                      0.000    10.000 r  ap_clk (IN)
                         net (fo=4433, unset)         0.924    10.924    bd_0_i/hls_inst/U0/grp_conv1_fu_56/topp_fadd_32ns_32bkb_U1/topp_ap_fadd_3_full_dsp_32_u/U0/i_synth/ADDSUB_OP.ADDSUB/SPEED_OP.DSP.OP/DSP48E1_BODY.ALIGN_ADD/DSP2/aclk
    DSP48_X2Y12          DSP48E1                                      r  bd_0_i/hls_inst/U0/grp_conv1_fu_56/topp_fadd_32ns_32bkb_U1/topp_ap_fadd_3_full_dsp_32_u/U0/i_synth/ADDSUB_OP.ADDSUB/SPEED_OP.DSP.OP/DSP48E1_BODY.ALIGN_ADD/DSP2/DSP/CLK
                         clock pessimism              0.000    10.924    
                         clock uncertainty           -0.035    10.889    
    DSP48_X2Y12          DSP48E1 (Setup_dsp48e1_CLK_D[5])
                                                     -5.342     5.547    bd_0_i/hls_inst/U0/grp_conv1_fu_56/topp_fadd_32ns_32bkb_U1/topp_ap_fadd_3_full_dsp_32_u/U0/i_synth/ADDSUB_OP.ADDSUB/SPEED_OP.DSP.OP/DSP48E1_BODY.ALIGN_ADD/DSP2/DSP
  -------------------------------------------------------------------
                         required time                          5.547    
                         arrival time                          -4.172    
  -------------------------------------------------------------------
                         slack                                  1.375    

Slack (MET) :             1.435ns  (required time - arrival time)
  Source:                 bd_0_i/hls_inst/U0/grp_conv2_fu_48/c_reg_121_reg[0]/C
                            (rising edge-triggered cell FDRE clocked by ap_clk  {rise@0.000ns fall@5.000ns period=10.000ns})
  Destination:            bd_0_i/hls_inst/U0/p1_U/topp_p1_ram_U/ram_reg_1/ADDRARDADDR[13]
                            (rising edge-triggered cell RAMB36E1 clocked by ap_clk  {rise@0.000ns fall@5.000ns period=10.000ns})
  Path Group:             ap_clk
  Path Type:              Setup (Max at Slow Process Corner)
  Requirement:            10.000ns  (ap_clk rise@10.000ns - ap_clk rise@0.000ns)
  Data Path Delay:        7.915ns  (logic 3.009ns (38.016%)  route 4.906ns (61.984%))
  Logic Levels:           7  (CARRY4=4 LUT3=1 LUT4=2)
  Clock Path Skew:        -0.049ns (DCD - SCD + CPR)
    Destination Clock Delay (DCD):    0.924ns = ( 10.924 - 10.000 ) 
    Source Clock Delay      (SCD):    0.973ns
    Clock Pessimism Removal (CPR):    0.000ns
  Clock Uncertainty:      0.035ns  ((TSJ^2 + TIJ^2)^1/2 + DJ) / 2 + PE
    Total System Jitter     (TSJ):    0.071ns
    Total Input Jitter      (TIJ):    0.000ns
    Discrete Jitter          (DJ):    0.000ns
    Phase Error              (PE):    0.000ns

    Location             Delay type                Incr(ns)  Path(ns)    Netlist Resource(s)
  -------------------------------------------------------------------    -------------------
                         (clock ap_clk rise edge)     0.000     0.000 r  
                                                      0.000     0.000 r  ap_clk (IN)
                         net (fo=4433, unset)         0.973     0.973    bd_0_i/hls_inst/U0/grp_conv2_fu_48/ap_clk
    SLICE_X59Y25         FDRE                                         r  bd_0_i/hls_inst/U0/grp_conv2_fu_48/c_reg_121_reg[0]/C
  -------------------------------------------------------------------    -------------------
    SLICE_X59Y25         FDRE (Prop_fdre_C_Q)         0.456     1.429 r  bd_0_i/hls_inst/U0/grp_conv2_fu_48/c_reg_121_reg[0]/Q
                         net (fo=13, routed)          1.353     2.782    bd_0_i/hls_inst/U0/grp_conv2_fu_48/c_reg_121[0]
    SLICE_X59Y21         LUT4 (Prop_lut4_I0_O)        0.150     2.932 r  bd_0_i/hls_inst/U0/grp_conv2_fu_48/ram_reg_0_i_33/O
                         net (fo=2, routed)           0.521     3.453    bd_0_i/hls_inst/U0/grp_conv2_fu_48/ram_reg_0_i_33_n_3
    SLICE_X58Y22         LUT4 (Prop_lut4_I2_O)        0.326     3.779 r  bd_0_i/hls_inst/U0/grp_conv2_fu_48/ram_reg_0_i_29/O
                         net (fo=1, routed)           0.000     3.779    bd_0_i/hls_inst/U0/grp_conv2_fu_48/ram_reg_0_i_29_n_3
    SLICE_X58Y22         CARRY4 (Prop_carry4_S[3]_CO[3])
                                                      0.376     4.155 r  bd_0_i/hls_inst/U0/grp_conv2_fu_48/ram_reg_0_i_25__0/CO[3]
                         net (fo=1, routed)           0.000     4.155    bd_0_i/hls_inst/U0/grp_conv2_fu_48/ram_reg_0_i_25__0_n_3
    SLICE_X58Y23         CARRY4 (Prop_carry4_CI_O[0])
                                                      0.219     4.374 r  bd_0_i/hls_inst/U0/grp_conv2_fu_48/ram_reg_0_i_24__0/O[0]
                         net (fo=1, routed)           0.591     4.965    bd_0_i/hls_inst/U0/grp_conv2_fu_48/tmp_79_fu_377_p2[4]
    SLICE_X59Y23         CARRY4 (Prop_carry4_S[1]_CO[3])
                                                      0.845     5.810 r  bd_0_i/hls_inst/U0/grp_conv2_fu_48/ram_reg_0_i_19__2/CO[3]
                         net (fo=1, routed)           0.000     5.810    bd_0_i/hls_inst/U0/grp_conv2_fu_48/ram_reg_0_i_19__2_n_3
    SLICE_X59Y24         CARRY4 (Prop_carry4_CI_O[1])
                                                      0.334     6.144 r  bd_0_i/hls_inst/U0/grp_conv2_fu_48/ram_reg_0_i_17__3/O[1]
                         net (fo=1, routed)           0.693     6.837    bd_0_i/hls_inst/U0/grp_maxpool1_fu_88/p1_address0[9]
    SLICE_X52Y24         LUT3 (Prop_lut3_I2_O)        0.303     7.140 r  bd_0_i/hls_inst/U0/grp_maxpool1_fu_88/ram_reg_0_i_3__1/O
                         net (fo=8, routed)           1.748     8.888    bd_0_i/hls_inst/U0/p1_U/topp_p1_ram_U/ram_reg_0_1[11]
    RAMB36_X1Y2          RAMB36E1                                     r  bd_0_i/hls_inst/U0/p1_U/topp_p1_ram_U/ram_reg_1/ADDRARDADDR[13]
  -------------------------------------------------------------------    -------------------

                         (clock ap_clk rise edge)    10.000    10.000 r  
                                                      0.000    10.000 r  ap_clk (IN)
                         net (fo=4433, unset)         0.924    10.924    bd_0_i/hls_inst/U0/p1_U/topp_p1_ram_U/ap_clk
    RAMB36_X1Y2          RAMB36E1                                     r  bd_0_i/hls_inst/U0/p1_U/topp_p1_ram_U/ram_reg_1/CLKARDCLK
                         clock pessimism              0.000    10.924    
                         clock uncertainty           -0.035    10.889    
    RAMB36_X1Y2          RAMB36E1 (Setup_ramb36e1_CLKARDCLK_ADDRARDADDR[13])
                                                     -0.566    10.323    bd_0_i/hls_inst/U0/p1_U/topp_p1_ram_U/ram_reg_1
  -------------------------------------------------------------------
                         required time                         10.323    
                         arrival time                          -8.888    
  -------------------------------------------------------------------
                         slack                                  1.435    

Slack (MET) :             1.449ns  (required time - arrival time)
  Source:                 bd_0_i/hls_inst/U0/grp_conv3_fu_72/topp_fadd_32ns_32bkb_U20/topp_ap_fadd_3_full_dsp_32_u/U0/i_synth/ADDSUB_OP.ADDSUB/SPEED_OP.DSP.OP/DSP48E1_BODY.EXP/NUMB_CMP/NOT_FAST.CMP/C_CHAIN/CHAIN_GEN[15].CARRYS_DEL.NEED_DEL.CARRYS_FD/C
                            (rising edge-triggered cell FDRE clocked by ap_clk  {rise@0.000ns fall@5.000ns period=10.000ns})
  Destination:            bd_0_i/hls_inst/U0/grp_conv3_fu_72/topp_fadd_32ns_32bkb_U20/topp_ap_fadd_3_full_dsp_32_u/U0/i_synth/ADDSUB_OP.ADDSUB/SPEED_OP.DSP.OP/DSP48E1_BODY.ALIGN_ADD/DSP2/DSP/A[5]
                            (rising edge-triggered cell DSP48E1 clocked by ap_clk  {rise@0.000ns fall@5.000ns period=10.000ns})
  Path Group:             ap_clk
  Path Type:              Setup (Max at Slow Process Corner)
  Requirement:            10.000ns  (ap_clk rise@10.000ns - ap_clk rise@0.000ns)
  Data Path Delay:        2.993ns  (logic 0.580ns (19.375%)  route 2.413ns (80.625%))
  Logic Levels:           1  (LUT3=1)
  Clock Path Skew:        -0.049ns (DCD - SCD + CPR)
    Destination Clock Delay (DCD):    0.924ns = ( 10.924 - 10.000 ) 
    Source Clock Delay      (SCD):    0.973ns
    Clock Pessimism Removal (CPR):    0.000ns
  Clock Uncertainty:      0.035ns  ((TSJ^2 + TIJ^2)^1/2 + DJ) / 2 + PE
    Total System Jitter     (TSJ):    0.071ns
    Total Input Jitter      (TIJ):    0.000ns
    Discrete Jitter          (DJ):    0.000ns
    Phase Error              (PE):    0.000ns

    Location             Delay type                Incr(ns)  Path(ns)    Netlist Resource(s)
  -------------------------------------------------------------------    -------------------
                         (clock ap_clk rise edge)     0.000     0.000 r  
                                                      0.000     0.000 r  ap_clk (IN)
                         net (fo=4433, unset)         0.973     0.973    bd_0_i/hls_inst/U0/grp_conv3_fu_72/topp_fadd_32ns_32bkb_U20/topp_ap_fadd_3_full_dsp_32_u/U0/i_synth/ADDSUB_OP.ADDSUB/SPEED_OP.DSP.OP/DSP48E1_BODY.EXP/NUMB_CMP/NOT_FAST.CMP/C_CHAIN/aclk
    SLICE_X63Y42         FDRE                                         r  bd_0_i/hls_inst/U0/grp_conv3_fu_72/topp_fadd_32ns_32bkb_U20/topp_ap_fadd_3_full_dsp_32_u/U0/i_synth/ADDSUB_OP.ADDSUB/SPEED_OP.DSP.OP/DSP48E1_BODY.EXP/NUMB_CMP/NOT_FAST.CMP/C_CHAIN/CHAIN_GEN[15].CARRYS_DEL.NEED_DEL.CARRYS_FD/C
  -------------------------------------------------------------------    -------------------
    SLICE_X63Y42         FDRE (Prop_fdre_C_Q)         0.456     1.429 r  bd_0_i/hls_inst/U0/grp_conv3_fu_72/topp_fadd_32ns_32bkb_U20/topp_ap_fadd_3_full_dsp_32_u/U0/i_synth/ADDSUB_OP.ADDSUB/SPEED_OP.DSP.OP/DSP48E1_BODY.EXP/NUMB_CMP/NOT_FAST.CMP/C_CHAIN/CHAIN_GEN[15].CARRYS_DEL.NEED_DEL.CARRYS_FD/Q
                         net (fo=54, routed)          1.246     2.675    bd_0_i/hls_inst/U0/grp_conv3_fu_72/topp_fadd_32ns_32bkb_U20/topp_ap_fadd_3_full_dsp_32_u/U0/i_synth/ADDSUB_OP.ADDSUB/SPEED_OP.DSP.OP/A_IP_DELAY/i_pipe/CARRY_OUT
    SLICE_X56Y39         LUT3 (Prop_lut3_I1_O)        0.124     2.799 r  bd_0_i/hls_inst/U0/grp_conv3_fu_72/topp_fadd_32ns_32bkb_U20/topp_ap_fadd_3_full_dsp_32_u/U0/i_synth/ADDSUB_OP.ADDSUB/SPEED_OP.DSP.OP/A_IP_DELAY/i_pipe/DSP_i_35/O
                         net (fo=1, routed)           1.167     3.966    bd_0_i/hls_inst/U0/grp_conv3_fu_72/topp_fadd_32ns_32bkb_U20/topp_ap_fadd_3_full_dsp_32_u/U0/i_synth/ADDSUB_OP.ADDSUB/SPEED_OP.DSP.OP/DSP48E1_BODY.ALIGN_ADD/DSP2/DSP_3[5]
    DSP48_X2Y17          DSP48E1                                      r  bd_0_i/hls_inst/U0/grp_conv3_fu_72/topp_fadd_32ns_32bkb_U20/topp_ap_fadd_3_full_dsp_32_u/U0/i_synth/ADDSUB_OP.ADDSUB/SPEED_OP.DSP.OP/DSP48E1_BODY.ALIGN_ADD/DSP2/DSP/A[5]
  -------------------------------------------------------------------    -------------------

                         (clock ap_clk rise edge)    10.000    10.000 r  
                                                      0.000    10.000 r  ap_clk (IN)
                         net (fo=4433, unset)         0.924    10.924    bd_0_i/hls_inst/U0/grp_conv3_fu_72/topp_fadd_32ns_32bkb_U20/topp_ap_fadd_3_full_dsp_32_u/U0/i_synth/ADDSUB_OP.ADDSUB/SPEED_OP.DSP.OP/DSP48E1_BODY.ALIGN_ADD/DSP2/aclk
    DSP48_X2Y17          DSP48E1                                      r  bd_0_i/hls_inst/U0/grp_conv3_fu_72/topp_fadd_32ns_32bkb_U20/topp_ap_fadd_3_full_dsp_32_u/U0/i_synth/ADDSUB_OP.ADDSUB/SPEED_OP.DSP.OP/DSP48E1_BODY.ALIGN_ADD/DSP2/DSP/CLK
                         clock pessimism              0.000    10.924    
                         clock uncertainty           -0.035    10.889    
    DSP48_X2Y17          DSP48E1 (Setup_dsp48e1_CLK_A[5])
                                                     -5.474     5.415    bd_0_i/hls_inst/U0/grp_conv3_fu_72/topp_fadd_32ns_32bkb_U20/topp_ap_fadd_3_full_dsp_32_u/U0/i_synth/ADDSUB_OP.ADDSUB/SPEED_OP.DSP.OP/DSP48E1_BODY.ALIGN_ADD/DSP2/DSP
  -------------------------------------------------------------------
                         required time                          5.415    
                         arrival time                          -3.966    
  -------------------------------------------------------------------
                         slack                                  1.449    

Slack (MET) :             1.486ns  (required time - arrival time)
  Source:                 bd_0_i/hls_inst/U0/grp_conv3_fu_72/topp_fadd_32ns_32bkb_U20/topp_ap_fadd_3_full_dsp_32_u/U0/i_synth/ADDSUB_OP.ADDSUB/SPEED_OP.DSP.OP/DSP48E1_BODY.EXP/BMA_EXP_DELAY/i_pipe/opt_has_pipe.first_q_reg[5]/C
                            (rising edge-triggered cell FDRE clocked by ap_clk  {rise@0.000ns fall@5.000ns period=10.000ns})
  Destination:            bd_0_i/hls_inst/U0/grp_conv3_fu_72/topp_fadd_32ns_32bkb_U20/topp_ap_fadd_3_full_dsp_32_u/U0/i_synth/ADDSUB_OP.ADDSUB/SPEED_OP.DSP.OP/DSP48E1_BODY.ALIGN_ADD/DSP2/DSP/INMODE[2]
                            (rising edge-triggered cell DSP48E1 clocked by ap_clk  {rise@0.000ns fall@5.000ns period=10.000ns})
  Path Group:             ap_clk
  Path Type:              Setup (Max at Slow Process Corner)
  Requirement:            10.000ns  (ap_clk rise@10.000ns - ap_clk rise@0.000ns)
  Data Path Delay:        2.873ns  (logic 0.580ns (20.187%)  route 2.293ns (79.813%))
  Logic Levels:           1  (LUT6=1)
  Clock Path Skew:        -0.049ns (DCD - SCD + CPR)
    Destination Clock Delay (DCD):    0.924ns = ( 10.924 - 10.000 ) 
    Source Clock Delay      (SCD):    0.973ns
    Clock Pessimism Removal (CPR):    0.000ns
  Clock Uncertainty:      0.035ns  ((TSJ^2 + TIJ^2)^1/2 + DJ) / 2 + PE
    Total System Jitter     (TSJ):    0.071ns
    Total Input Jitter      (TIJ):    0.000ns
    Discrete Jitter          (DJ):    0.000ns
    Phase Error              (PE):    0.000ns

    Location             Delay type                Incr(ns)  Path(ns)    Netlist Resource(s)
  -------------------------------------------------------------------    -------------------
                         (clock ap_clk rise edge)     0.000     0.000 r  
                                                      0.000     0.000 r  ap_clk (IN)
                         net (fo=4433, unset)         0.973     0.973    bd_0_i/hls_inst/U0/grp_conv3_fu_72/topp_fadd_32ns_32bkb_U20/topp_ap_fadd_3_full_dsp_32_u/U0/i_synth/ADDSUB_OP.ADDSUB/SPEED_OP.DSP.OP/DSP48E1_BODY.EXP/BMA_EXP_DELAY/i_pipe/aclk
    SLICE_X60Y45         FDRE                                         r  bd_0_i/hls_inst/U0/grp_conv3_fu_72/topp_fadd_32ns_32bkb_U20/topp_ap_fadd_3_full_dsp_32_u/U0/i_synth/ADDSUB_OP.ADDSUB/SPEED_OP.DSP.OP/DSP48E1_BODY.EXP/BMA_EXP_DELAY/i_pipe/opt_has_pipe.first_q_reg[5]/C
  -------------------------------------------------------------------    -------------------
    SLICE_X60Y45         FDRE (Prop_fdre_C_Q)         0.456     1.429 r  bd_0_i/hls_inst/U0/grp_conv3_fu_72/topp_fadd_32ns_32bkb_U20/topp_ap_fadd_3_full_dsp_32_u/U0/i_synth/ADDSUB_OP.ADDSUB/SPEED_OP.DSP.OP/DSP48E1_BODY.EXP/BMA_EXP_DELAY/i_pipe/opt_has_pipe.first_q_reg[5]/Q
                         net (fo=18, routed)          1.578     3.007    bd_0_i/hls_inst/U0/grp_conv3_fu_72/topp_fadd_32ns_32bkb_U20/topp_ap_fadd_3_full_dsp_32_u/U0/i_synth/ADDSUB_OP.ADDSUB/SPEED_OP.DSP.OP/DSP48E1_BODY.EXP/BMA_EXP_DELAY/i_pipe/align_dist[5]
    SLICE_X40Y44         LUT6 (Prop_lut6_I0_O)        0.124     3.131 r  bd_0_i/hls_inst/U0/grp_conv3_fu_72/topp_fadd_32ns_32bkb_U20/topp_ap_fadd_3_full_dsp_32_u/U0/i_synth/ADDSUB_OP.ADDSUB/SPEED_OP.DSP.OP/DSP48E1_BODY.EXP/BMA_EXP_DELAY/i_pipe/DSP_i_64/O
                         net (fo=2, routed)           0.715     3.846    bd_0_i/hls_inst/U0/grp_conv3_fu_72/topp_fadd_32ns_32bkb_U20/topp_ap_fadd_3_full_dsp_32_u/U0/i_synth/ADDSUB_OP.ADDSUB/SPEED_OP.DSP.OP/DSP48E1_BODY.ALIGN_ADD/DSP2/INMODE[0]
    DSP48_X2Y17          DSP48E1                                      r  bd_0_i/hls_inst/U0/grp_conv3_fu_72/topp_fadd_32ns_32bkb_U20/topp_ap_fadd_3_full_dsp_32_u/U0/i_synth/ADDSUB_OP.ADDSUB/SPEED_OP.DSP.OP/DSP48E1_BODY.ALIGN_ADD/DSP2/DSP/INMODE[2]
  -------------------------------------------------------------------    -------------------

                         (clock ap_clk rise edge)    10.000    10.000 r  
                                                      0.000    10.000 r  ap_clk (IN)
                         net (fo=4433, unset)         0.924    10.924    bd_0_i/hls_inst/U0/grp_conv3_fu_72/topp_fadd_32ns_32bkb_U20/topp_ap_fadd_3_full_dsp_32_u/U0/i_synth/ADDSUB_OP.ADDSUB/SPEED_OP.DSP.OP/DSP48E1_BODY.ALIGN_ADD/DSP2/aclk
    DSP48_X2Y17          DSP48E1                                      r  bd_0_i/hls_inst/U0/grp_conv3_fu_72/topp_fadd_32ns_32bkb_U20/topp_ap_fadd_3_full_dsp_32_u/U0/i_synth/ADDSUB_OP.ADDSUB/SPEED_OP.DSP.OP/DSP48E1_BODY.ALIGN_ADD/DSP2/DSP/CLK
                         clock pessimism              0.000    10.924    
                         clock uncertainty           -0.035    10.889    
    DSP48_X2Y17          DSP48E1 (Setup_dsp48e1_CLK_INMODE[2])
                                                     -5.557     5.332    bd_0_i/hls_inst/U0/grp_conv3_fu_72/topp_fadd_32ns_32bkb_U20/topp_ap_fadd_3_full_dsp_32_u/U0/i_synth/ADDSUB_OP.ADDSUB/SPEED_OP.DSP.OP/DSP48E1_BODY.ALIGN_ADD/DSP2/DSP
  -------------------------------------------------------------------
                         required time                          5.332    
                         arrival time                          -3.846    
  -------------------------------------------------------------------
                         slack                                  1.486    

Slack (MET) :             1.487ns  (required time - arrival time)
  Source:                 bd_0_i/hls_inst/U0/grp_conv3_fu_72/topp_fadd_32ns_32bkb_U20/topp_ap_fadd_3_full_dsp_32_u/U0/i_synth/ADDSUB_OP.ADDSUB/SPEED_OP.DSP.OP/DSP48E1_BODY.EXP/NUMB_CMP/NOT_FAST.CMP/C_CHAIN/CHAIN_GEN[15].CARRYS_DEL.NEED_DEL.CARRYS_FD/C
                            (rising edge-triggered cell FDRE clocked by ap_clk  {rise@0.000ns fall@5.000ns period=10.000ns})
  Destination:            bd_0_i/hls_inst/U0/grp_conv3_fu_72/topp_fadd_32ns_32bkb_U20/topp_ap_fadd_3_full_dsp_32_u/U0/i_synth/ADDSUB_OP.ADDSUB/SPEED_OP.DSP.OP/DSP48E1_BODY.ALIGN_ADD/DSP2/DSP/D[2]
                            (rising edge-triggered cell DSP48E1 clocked by ap_clk  {rise@0.000ns fall@5.000ns period=10.000ns})
  Path Group:             ap_clk
  Path Type:              Setup (Max at Slow Process Corner)
  Requirement:            10.000ns  (ap_clk rise@10.000ns - ap_clk rise@0.000ns)
  Data Path Delay:        3.087ns  (logic 0.580ns (18.786%)  route 2.507ns (81.214%))
  Logic Levels:           1  (LUT3=1)
  Clock Path Skew:        -0.049ns (DCD - SCD + CPR)
    Destination Clock Delay (DCD):    0.924ns = ( 10.924 - 10.000 ) 
    Source Clock Delay      (SCD):    0.973ns
    Clock Pessimism Removal (CPR):    0.000ns
  Clock Uncertainty:      0.035ns  ((TSJ^2 + TIJ^2)^1/2 + DJ) / 2 + PE
    Total System Jitter     (TSJ):    0.071ns
    Total Input Jitter      (TIJ):    0.000ns
    Discrete Jitter          (DJ):    0.000ns
    Phase Error              (PE):    0.000ns

    Location             Delay type                Incr(ns)  Path(ns)    Netlist Resource(s)
  -------------------------------------------------------------------    -------------------
                         (clock ap_clk rise edge)     0.000     0.000 r  
                                                      0.000     0.000 r  ap_clk (IN)
                         net (fo=4433, unset)         0.973     0.973    bd_0_i/hls_inst/U0/grp_conv3_fu_72/topp_fadd_32ns_32bkb_U20/topp_ap_fadd_3_full_dsp_32_u/U0/i_synth/ADDSUB_OP.ADDSUB/SPEED_OP.DSP.OP/DSP48E1_BODY.EXP/NUMB_CMP/NOT_FAST.CMP/C_CHAIN/aclk
    SLICE_X63Y42         FDRE                                         r  bd_0_i/hls_inst/U0/grp_conv3_fu_72/topp_fadd_32ns_32bkb_U20/topp_ap_fadd_3_full_dsp_32_u/U0/i_synth/ADDSUB_OP.ADDSUB/SPEED_OP.DSP.OP/DSP48E1_BODY.EXP/NUMB_CMP/NOT_FAST.CMP/C_CHAIN/CHAIN_GEN[15].CARRYS_DEL.NEED_DEL.CARRYS_FD/C
  -------------------------------------------------------------------    -------------------
    SLICE_X63Y42         FDRE (Prop_fdre_C_Q)         0.456     1.429 r  bd_0_i/hls_inst/U0/grp_conv3_fu_72/topp_fadd_32ns_32bkb_U20/topp_ap_fadd_3_full_dsp_32_u/U0/i_synth/ADDSUB_OP.ADDSUB/SPEED_OP.DSP.OP/DSP48E1_BODY.EXP/NUMB_CMP/NOT_FAST.CMP/C_CHAIN/CHAIN_GEN[15].CARRYS_DEL.NEED_DEL.CARRYS_FD/Q
                         net (fo=54, routed)          0.906     2.335    bd_0_i/hls_inst/U0/grp_conv3_fu_72/topp_fadd_32ns_32bkb_U20/topp_ap_fadd_3_full_dsp_32_u/U0/i_synth/ADDSUB_OP.ADDSUB/SPEED_OP.DSP.OP/A_IP_DELAY/i_pipe/CARRY_OUT
    SLICE_X55Y43         LUT3 (Prop_lut3_I1_O)        0.124     2.459 r  bd_0_i/hls_inst/U0/grp_conv3_fu_72/topp_fadd_32ns_32bkb_U20/topp_ap_fadd_3_full_dsp_32_u/U0/i_synth/ADDSUB_OP.ADDSUB/SPEED_OP.DSP.OP/A_IP_DELAY/i_pipe/DSP_i_24/O
                         net (fo=2, routed)           1.601     4.060    bd_0_i/hls_inst/U0/grp_conv3_fu_72/topp_fadd_32ns_32bkb_U20/topp_ap_fadd_3_full_dsp_32_u/U0/i_synth/ADDSUB_OP.ADDSUB/SPEED_OP.DSP.OP/DSP48E1_BODY.ALIGN_ADD/DSP2/DSP_3[16]
    DSP48_X2Y17          DSP48E1                                      r  bd_0_i/hls_inst/U0/grp_conv3_fu_72/topp_fadd_32ns_32bkb_U20/topp_ap_fadd_3_full_dsp_32_u/U0/i_synth/ADDSUB_OP.ADDSUB/SPEED_OP.DSP.OP/DSP48E1_BODY.ALIGN_ADD/DSP2/DSP/D[2]
  -------------------------------------------------------------------    -------------------

                         (clock ap_clk rise edge)    10.000    10.000 r  
                                                      0.000    10.000 r  ap_clk (IN)
                         net (fo=4433, unset)         0.924    10.924    bd_0_i/hls_inst/U0/grp_conv3_fu_72/topp_fadd_32ns_32bkb_U20/topp_ap_fadd_3_full_dsp_32_u/U0/i_synth/ADDSUB_OP.ADDSUB/SPEED_OP.DSP.OP/DSP48E1_BODY.ALIGN_ADD/DSP2/aclk
    DSP48_X2Y17          DSP48E1                                      r  bd_0_i/hls_inst/U0/grp_conv3_fu_72/topp_fadd_32ns_32bkb_U20/topp_ap_fadd_3_full_dsp_32_u/U0/i_synth/ADDSUB_OP.ADDSUB/SPEED_OP.DSP.OP/DSP48E1_BODY.ALIGN_ADD/DSP2/DSP/CLK
                         clock pessimism              0.000    10.924    
                         clock uncertainty           -0.035    10.889    
    DSP48_X2Y17          DSP48E1 (Setup_dsp48e1_CLK_D[2])
                                                     -5.342     5.547    bd_0_i/hls_inst/U0/grp_conv3_fu_72/topp_fadd_32ns_32bkb_U20/topp_ap_fadd_3_full_dsp_32_u/U0/i_synth/ADDSUB_OP.ADDSUB/SPEED_OP.DSP.OP/DSP48E1_BODY.ALIGN_ADD/DSP2/DSP
  -------------------------------------------------------------------
                         required time                          5.547    
                         arrival time                          -4.060    
  -------------------------------------------------------------------
                         slack                                  1.487    

Slack (MET) :             1.492ns  (required time - arrival time)
  Source:                 bd_0_i/hls_inst/U0/grp_conv2_fu_48/c_reg_121_reg[0]/C
                            (rising edge-triggered cell FDRE clocked by ap_clk  {rise@0.000ns fall@5.000ns period=10.000ns})
  Destination:            bd_0_i/hls_inst/U0/p1_U/topp_p1_ram_U/ram_reg_2/ADDRARDADDR[13]
                            (rising edge-triggered cell RAMB36E1 clocked by ap_clk  {rise@0.000ns fall@5.000ns period=10.000ns})
  Path Group:             ap_clk
  Path Type:              Setup (Max at Slow Process Corner)
  Requirement:            10.000ns  (ap_clk rise@10.000ns - ap_clk rise@0.000ns)
  Data Path Delay:        7.858ns  (logic 3.009ns (38.292%)  route 4.849ns (61.708%))
  Logic Levels:           7  (CARRY4=4 LUT3=1 LUT4=2)
  Clock Path Skew:        -0.049ns (DCD - SCD + CPR)
    Destination Clock Delay (DCD):    0.924ns = ( 10.924 - 10.000 ) 
    Source Clock Delay      (SCD):    0.973ns
    Clock Pessimism Removal (CPR):    0.000ns
  Clock Uncertainty:      0.035ns  ((TSJ^2 + TIJ^2)^1/2 + DJ) / 2 + PE
    Total System Jitter     (TSJ):    0.071ns
    Total Input Jitter      (TIJ):    0.000ns
    Discrete Jitter          (DJ):    0.000ns
    Phase Error              (PE):    0.000ns

    Location             Delay type                Incr(ns)  Path(ns)    Netlist Resource(s)
  -------------------------------------------------------------------    -------------------
                         (clock ap_clk rise edge)     0.000     0.000 r  
                                                      0.000     0.000 r  ap_clk (IN)
                         net (fo=4433, unset)         0.973     0.973    bd_0_i/hls_inst/U0/grp_conv2_fu_48/ap_clk
    SLICE_X59Y25         FDRE                                         r  bd_0_i/hls_inst/U0/grp_conv2_fu_48/c_reg_121_reg[0]/C
  -------------------------------------------------------------------    -------------------
    SLICE_X59Y25         FDRE (Prop_fdre_C_Q)         0.456     1.429 r  bd_0_i/hls_inst/U0/grp_conv2_fu_48/c_reg_121_reg[0]/Q
                         net (fo=13, routed)          1.353     2.782    bd_0_i/hls_inst/U0/grp_conv2_fu_48/c_reg_121[0]
    SLICE_X59Y21         LUT4 (Prop_lut4_I0_O)        0.150     2.932 r  bd_0_i/hls_inst/U0/grp_conv2_fu_48/ram_reg_0_i_33/O
                         net (fo=2, routed)           0.521     3.453    bd_0_i/hls_inst/U0/grp_conv2_fu_48/ram_reg_0_i_33_n_3
    SLICE_X58Y22         LUT4 (Prop_lut4_I2_O)        0.326     3.779 r  bd_0_i/hls_inst/U0/grp_conv2_fu_48/ram_reg_0_i_29/O
                         net (fo=1, routed)           0.000     3.779    bd_0_i/hls_inst/U0/grp_conv2_fu_48/ram_reg_0_i_29_n_3
    SLICE_X58Y22         CARRY4 (Prop_carry4_S[3]_CO[3])
                                                      0.376     4.155 r  bd_0_i/hls_inst/U0/grp_conv2_fu_48/ram_reg_0_i_25__0/CO[3]
                         net (fo=1, routed)           0.000     4.155    bd_0_i/hls_inst/U0/grp_conv2_fu_48/ram_reg_0_i_25__0_n_3
    SLICE_X58Y23         CARRY4 (Prop_carry4_CI_O[0])
                                                      0.219     4.374 r  bd_0_i/hls_inst/U0/grp_conv2_fu_48/ram_reg_0_i_24__0/O[0]
                         net (fo=1, routed)           0.591     4.965    bd_0_i/hls_inst/U0/grp_conv2_fu_48/tmp_79_fu_377_p2[4]
    SLICE_X59Y23         CARRY4 (Prop_carry4_S[1]_CO[3])
                                                      0.845     5.810 r  bd_0_i/hls_inst/U0/grp_conv2_fu_48/ram_reg_0_i_19__2/CO[3]
                         net (fo=1, routed)           0.000     5.810    bd_0_i/hls_inst/U0/grp_conv2_fu_48/ram_reg_0_i_19__2_n_3
    SLICE_X59Y24         CARRY4 (Prop_carry4_CI_O[1])
                                                      0.334     6.144 r  bd_0_i/hls_inst/U0/grp_conv2_fu_48/ram_reg_0_i_17__3/O[1]
                         net (fo=1, routed)           0.693     6.837    bd_0_i/hls_inst/U0/grp_maxpool1_fu_88/p1_address0[9]
    SLICE_X52Y24         LUT3 (Prop_lut3_I2_O)        0.303     7.140 r  bd_0_i/hls_inst/U0/grp_maxpool1_fu_88/ram_reg_0_i_3__1/O
                         net (fo=8, routed)           1.691     8.831    bd_0_i/hls_inst/U0/p1_U/topp_p1_ram_U/ram_reg_0_1[11]
    RAMB36_X1Y3          RAMB36E1                                     r  bd_0_i/hls_inst/U0/p1_U/topp_p1_ram_U/ram_reg_2/ADDRARDADDR[13]
  -------------------------------------------------------------------    -------------------

                         (clock ap_clk rise edge)    10.000    10.000 r  
                                                      0.000    10.000 r  ap_clk (IN)
                         net (fo=4433, unset)         0.924    10.924    bd_0_i/hls_inst/U0/p1_U/topp_p1_ram_U/ap_clk
    RAMB36_X1Y3          RAMB36E1                                     r  bd_0_i/hls_inst/U0/p1_U/topp_p1_ram_U/ram_reg_2/CLKARDCLK
                         clock pessimism              0.000    10.924    
                         clock uncertainty           -0.035    10.889    
    RAMB36_X1Y3          RAMB36E1 (Setup_ramb36e1_CLKARDCLK_ADDRARDADDR[13])
                                                     -0.566    10.323    bd_0_i/hls_inst/U0/p1_U/topp_p1_ram_U/ram_reg_2
  -------------------------------------------------------------------
                         required time                         10.323    
                         arrival time                          -8.831    
  -------------------------------------------------------------------
                         slack                                  1.492    




