

================================================================
== Vivado HLS Report for 'conv1'
================================================================
* Date:           Mon Jun  8 20:55:46 2026

* Version:        2018.3 (Build 2405991 on Thu Dec 06 23:56:15 MST 2018)
* Project:        topp
* Solution:       solution1
* Product family: zynq
* Target device:  xc7z020clg484-1


================================================================
== Performance Estimates
================================================================
+ Timing (ns): 
    * Summary: 
    +--------+-------+----------+------------+
    |  Clock | Target| Estimated| Uncertainty|
    +--------+-------+----------+------------+
    |ap_clk  |  10.00|     6.878|        1.25|
    +--------+-------+----------+------------+

+ Latency (clock cycles): 
    * Summary: 
    +-------+-------+-------+-------+---------+
    |    Latency    |    Interval   | Pipeline|
    |  min  |  max  |  min  |  max  |   Type  |
    +-------+-------+-------+-------+---------+
    |  20481|  57345|  20481|  57345|   none  |
    +-------+-------+-------+-------+---------+

    + Detail: 
        * Instance: 
        N/A

        * Loop: 
        +-------------+-------+-------+----------+-----------+-----------+------+----------+
        |             |    Latency    | Iteration|  Initiation Interval  | Trip |          |
        |  Loop Name  |  min  |  max  |  Latency |  achieved |   target  | Count| Pipelined|
        +-------------+-------+-------+----------+-----------+-----------+------+----------+
        |- Loop 1     |  20480|  57344|  5 ~ 14  |          -|          -|  4096|    no    |
        | + Loop 1.1  |      8|      8|         2|          1|          1|     8|    yes   |
        +-------------+-------+-------+----------+-----------+-----------+------+----------+



================================================================
== Utilization Estimates
================================================================
* Summary: 
+-----------------+---------+-------+--------+-------+
|       Name      | BRAM_18K| DSP48E|   FF   |  LUT  |
+-----------------+---------+-------+--------+-------+
|DSP              |        -|      -|       -|      -|
|Expression       |        -|      -|       0|    238|
|FIFO             |        -|      -|       -|      -|
|Instance         |        -|      -|       -|      -|
|Memory           |        3|      -|       0|      0|
|Multiplexer      |        -|      -|       -|    197|
|Register         |        -|      -|     120|      -|
+-----------------+---------+-------+--------+-------+
|Total            |        3|      0|     120|    435|
+-----------------+---------+-------+--------+-------+
|Available        |      280|    220|  106400|  53200|
+-----------------+---------+-------+--------+-------+
|Utilization (%)  |        1|      0|   ~0   |   ~0  |
+-----------------+---------+-------+--------+-------+

+ Detail: 
    * Instance: 
    N/A

    * DSP48: 
    N/A

    * Memory: 
    +---------------+-------------------+---------+---+----+------+-----+------+-------------+
    |     Memory    |       Module      | BRAM_18K| FF| LUT| Words| Bits| Banks| W*Bits*Banks|
    +---------------+-------------------+---------+---+----+------+-----+------+-------------+
    |linbu_4_1_0_U  |conv1_linbu_4_1_0  |        1|  0|   0|    64|   32|     1|         2048|
    |linbu_4_1_1_U  |conv1_linbu_4_1_0  |        1|  0|   0|    64|   32|     1|         2048|
    |linbu_4_1_2_U  |conv1_linbu_4_1_0  |        1|  0|   0|    64|   32|     1|         2048|
    +---------------+-------------------+---------+---+----+------+-----+------+-------------+
    |Total          |                   |        3|  0|   0|   192|   96|     3|         6144|
    +---------------+-------------------+---------+---+----+------+-----+------+-------------+

    * FIFO: 
    N/A

    * Expression: 
    +----------------------------------+----------+-------+---+----+------------+------------+
    |           Variable Name          | Operation| DSP48E| FF| LUT| Bitwidth P0| Bitwidth P1|
    +----------------------------------+----------+-------+---+----+------------+------------+
    |c_1_fu_481_p2                     |     +    |      0|  0|  15|           7|           1|
    |indvar_flatten_next_fu_296_p2     |     +    |      0|  0|  17|          13|           1|
    |oc_2_fu_471_p2                    |     +    |      0|  0|  13|           4|           1|
    |r_1_fu_302_p2                     |     +    |      0|  0|  15|           1|           7|
    |tmp_2_fu_449_p2                   |     +    |      0|  0|  21|           2|          15|
    |tmp_7_fu_406_p2                   |     +    |      0|  0|  19|          14|          14|
    |tmp_s_fu_439_p2                   |     +    |      0|  0|  21|           1|          15|
    |tmp_9_fu_428_p2                   |     -    |      0|  0|  21|          15|          15|
    |ap_block_pp0_stage0_01001         |    and   |      0|  0|   2|           1|           1|
    |or_cond_fu_386_p2                 |    and   |      0|  0|   2|           1|           1|
    |exitcond3_fu_465_p2               |   icmp   |      0|  0|  11|           4|           5|
    |exitcond_flatten_fu_290_p2        |   icmp   |      0|  0|  13|          13|          14|
    |exitcond_fu_308_p2                |   icmp   |      0|  0|  11|           7|           8|
    |icmp10_fu_380_p2                  |   icmp   |      0|  0|  11|           6|           1|
    |icmp9_fu_356_p2                   |   icmp   |      0|  0|  11|           6|           1|
    |icmp_fu_340_p2                    |   icmp   |      0|  0|  11|           6|           1|
    |ap_block_state1                   |    or    |      0|  0|   2|           1|           1|
    |ap_block_state7_pp0_stage0_iter1  |    or    |      0|  0|   2|           1|           1|
    |c_mid2_fu_314_p3                  |  select  |      0|  0|   7|           1|           1|
    |tmp_mid2_fu_362_p3                |  select  |      0|  0|   2|           1|           1|
    |tmp_mid2_v_fu_322_p3              |  select  |      0|  0|   7|           1|           7|
    |ap_enable_pp0                     |    xor   |      0|  0|   2|           1|           2|
    |ap_enable_reg_pp0_iter1           |    xor   |      0|  0|   2|           2|           1|
    +----------------------------------+----------+-------+---+----+------------+------------+
    |Total                             |          |      0|  0| 238|         109|         115|
    +----------------------------------+----------+-------+---+----+------------+------------+

    * Multiplexer: 
    +-------------------------+----+-----------+-----+-----------+
    |           Name          | LUT| Input Size| Bits| Total Bits|
    +-------------------------+----+-----------+-----+-----------+
    |ap_NS_fsm                |  41|          8|    1|          8|
    |ap_done                  |   9|          2|    1|          2|
    |ap_enable_reg_pp0_iter1  |  15|          3|    1|          3|
    |c_reg_268                |   9|          2|    7|         14|
    |in_r_address0            |  15|          3|   14|         42|
    |indvar_flatten_reg_246   |   9|          2|   13|         26|
    |oc_reg_279               |   9|          2|    4|          8|
    |out_0_blk_n              |   9|          2|    1|          2|
    |out_1_blk_n              |   9|          2|    1|          2|
    |out_2_blk_n              |   9|          2|    1|          2|
    |out_3_blk_n              |   9|          2|    1|          2|
    |out_4_blk_n              |   9|          2|    1|          2|
    |out_5_blk_n              |   9|          2|    1|          2|
    |out_6_blk_n              |   9|          2|    1|          2|
    |out_7_blk_n              |   9|          2|    1|          2|
    |r_reg_257                |   9|          2|    7|         14|
    |real_start               |   9|          2|    1|          2|
    +-------------------------+----+-----------+-----+-----------+
    |Total                    | 197|         42|   57|        135|
    +-------------------------+----+-----------+-----+-----------+

    * Register: 
    +-----------------------------+----+----+-----+-----------+
    |             Name            | FF | LUT| Bits| Const Bits|
    +-----------------------------+----+----+-----+-----------+
    |ap_CS_fsm                    |   7|   0|    7|          0|
    |ap_done_reg                  |   1|   0|    1|          0|
    |ap_enable_reg_pp0_iter0      |   1|   0|    1|          0|
    |ap_enable_reg_pp0_iter1      |   1|   0|    1|          0|
    |c_mid2_reg_494               |   7|   0|    7|          0|
    |c_reg_268                    |   7|   0|    7|          0|
    |in_load_reg_532              |  32|   0|   32|          0|
    |indvar_flatten_next_reg_489  |  13|   0|   13|          0|
    |indvar_flatten_reg_246       |  13|   0|   13|          0|
    |oc_reg_279                   |   4|   0|    4|          0|
    |or_cond_reg_507              |   1|   0|    1|          0|
    |r_reg_257                    |   7|   0|    7|          0|
    |start_once_reg               |   1|   0|    1|          0|
    |tmp_63_reg_546               |   3|   0|    3|          0|
    |tmp_9_reg_511                |  15|   0|   15|          0|
    |tmp_mid2_v_reg_501           |   7|   0|    7|          0|
    +-----------------------------+----+----+-----+-----------+
    |Total                        | 120|   0|  120|          0|
    +-----------------------------+----+----+-----+-----------+



================================================================
== Interface
================================================================
* Summary: 
+---------------+-----+-----+------------+--------------+--------------+
|   RTL Ports   | Dir | Bits|  Protocol  | Source Object|    C Type    |
+---------------+-----+-----+------------+--------------+--------------+
|ap_clk         |  in |    1| ap_ctrl_hs |     conv1    | return value |
|ap_rst         |  in |    1| ap_ctrl_hs |     conv1    | return value |
|ap_start       |  in |    1| ap_ctrl_hs |     conv1    | return value |
|start_full_n   |  in |    1| ap_ctrl_hs |     conv1    | return value |
|ap_done        | out |    1| ap_ctrl_hs |     conv1    | return value |
|ap_continue    |  in |    1| ap_ctrl_hs |     conv1    | return value |
|ap_idle        | out |    1| ap_ctrl_hs |     conv1    | return value |
|ap_ready       | out |    1| ap_ctrl_hs |     conv1    | return value |
|start_out      | out |    1| ap_ctrl_hs |     conv1    | return value |
|start_write    | out |    1| ap_ctrl_hs |     conv1    | return value |
|in_r_address0  | out |   14|  ap_memory |     in_r     |     array    |
|in_r_ce0       | out |    1|  ap_memory |     in_r     |     array    |
|in_r_q0        |  in |   32|  ap_memory |     in_r     |     array    |
|in_r_address1  | out |   14|  ap_memory |     in_r     |     array    |
|in_r_ce1       | out |    1|  ap_memory |     in_r     |     array    |
|in_r_q1        |  in |   32|  ap_memory |     in_r     |     array    |
|out_0_din      | out |   32|   ap_fifo  |     out_0    |    pointer   |
|out_0_full_n   |  in |    1|   ap_fifo  |     out_0    |    pointer   |
|out_0_write    | out |    1|   ap_fifo  |     out_0    |    pointer   |
|out_1_din      | out |   32|   ap_fifo  |     out_1    |    pointer   |
|out_1_full_n   |  in |    1|   ap_fifo  |     out_1    |    pointer   |
|out_1_write    | out |    1|   ap_fifo  |     out_1    |    pointer   |
|out_2_din      | out |   32|   ap_fifo  |     out_2    |    pointer   |
|out_2_full_n   |  in |    1|   ap_fifo  |     out_2    |    pointer   |
|out_2_write    | out |    1|   ap_fifo  |     out_2    |    pointer   |
|out_3_din      | out |   32|   ap_fifo  |     out_3    |    pointer   |
|out_3_full_n   |  in |    1|   ap_fifo  |     out_3    |    pointer   |
|out_3_write    | out |    1|   ap_fifo  |     out_3    |    pointer   |
|out_4_din      | out |   32|   ap_fifo  |     out_4    |    pointer   |
|out_4_full_n   |  in |    1|   ap_fifo  |     out_4    |    pointer   |
|out_4_write    | out |    1|   ap_fifo  |     out_4    |    pointer   |
|out_5_din      | out |   32|   ap_fifo  |     out_5    |    pointer   |
|out_5_full_n   |  in |    1|   ap_fifo  |     out_5    |    pointer   |
|out_5_write    | out |    1|   ap_fifo  |     out_5    |    pointer   |
|out_6_din      | out |   32|   ap_fifo  |     out_6    |    pointer   |
|out_6_full_n   |  in |    1|   ap_fifo  |     out_6    |    pointer   |
|out_6_write    | out |    1|   ap_fifo  |     out_6    |    pointer   |
|out_7_din      | out |   32|   ap_fifo  |     out_7    |    pointer   |
|out_7_full_n   |  in |    1|   ap_fifo  |     out_7    |    pointer   |
|out_7_write    | out |    1|   ap_fifo  |     out_7    |    pointer   |
+---------------+-----+-----+------------+--------------+--------------+

