

================================================================
== Vivado HLS Report for 'conv3'
================================================================
* Date:           Mon Jun  8 20:55:51 2026

* Version:        2018.3 (Build 2405991 on Thu Dec 06 23:56:15 MST 2018)
* Project:        topp
* Solution:       solution1
* Product family: zynq
* Target device:  xc7z020clg484-1


================================================================
== Performance Estimates
================================================================
+ Timing (ns): 
    * Summary: 
    +--------+-------+----------+------------+
    |  Clock | Target| Estimated| Uncertainty|
    +--------+-------+----------+------------+
    |ap_clk  |  10.00|     5.956|        1.25|
    +--------+-------+----------+------------+

+ Latency (clock cycles): 
    * Summary: 
    +-----+------+-----+------+---------+
    |   Latency  |  Interval  | Pipeline|
    | min |  max | min |  max |   Type  |
    +-----+------+-----+------+---------+
    |  589|  7057|  589|  7057|   none  |
    +-----+------+-----+------+---------+

    + Detail: 
        * Instance: 
        N/A

        * Loop: 
        +-------------+-----+------+----------+-----------+-----------+------+----------+
        |             |   Latency  | Iteration|  Initiation Interval  | Trip |          |
        |  Loop Name  | min |  max |  Latency |  achieved |   target  | Count| Pipelined|
        +-------------+-----+------+----------+-----------+-----------+------+----------+
        |- Loop 1     |  588|  7056|  3 ~ 36  |          -|          -|   196|    no    |
        | + Loop 1.1  |   32|    32|         2|          1|          1|    32|    yes   |
        +-------------+-----+------+----------+-----------+-----------+------+----------+



================================================================
== Utilization Estimates
================================================================
* Summary: 
+-----------------+---------+-------+--------+-------+
|       Name      | BRAM_18K| DSP48E|   FF   |  LUT  |
+-----------------+---------+-------+--------+-------+
|DSP              |        -|      -|       -|      -|
|Expression       |        -|      -|       0|    140|
|FIFO             |        -|      -|       -|      -|
|Instance         |        -|      -|       -|      -|
|Memory           |        0|      -|    1024|    112|
|Multiplexer      |        -|      -|       -|    246|
|Register         |        -|      -|      55|      -|
+-----------------+---------+-------+--------+-------+
|Total            |        0|      0|    1079|    498|
+-----------------+---------+-------+--------+-------+
|Available        |      280|    220|  106400|  53200|
+-----------------+---------+-------+--------+-------+
|Utilization (%)  |        0|      0|       1|   ~0  |
+-----------------+---------+-------+--------+-------+

+ Detail: 
    * Instance: 
    N/A

    * DSP48: 
    N/A

    * Memory: 
    +-----------------+---------------------+---------+----+----+------+-----+------+-------------+
    |      Memory     |        Module       | BRAM_18K| FF | LUT| Words| Bits| Banks| W*Bits*Banks|
    +-----------------+---------------------+---------+----+----+------+-----+------+-------------+
    |linbu_6_1_0_0_U  |conv3_linbu_6_1_0_0  |        0|  64|   7|    14|   32|     1|          448|
    |linbu_6_1_1_0_U  |conv3_linbu_6_1_0_0  |        0|  64|   7|    14|   32|     1|          448|
    |linbu_6_1_2_0_U  |conv3_linbu_6_1_0_0  |        0|  64|   7|    14|   32|     1|          448|
    |linbu_6_1_3_0_U  |conv3_linbu_6_1_0_0  |        0|  64|   7|    14|   32|     1|          448|
    |linbu_6_1_4_0_U  |conv3_linbu_6_1_0_0  |        0|  64|   7|    14|   32|     1|          448|
    |linbu_6_1_5_0_U  |conv3_linbu_6_1_0_0  |        0|  64|   7|    14|   32|     1|          448|
    |linbu_6_1_6_0_U  |conv3_linbu_6_1_0_0  |        0|  64|   7|    14|   32|     1|          448|
    |linbu_6_1_7_0_U  |conv3_linbu_6_1_0_0  |        0|  64|   7|    14|   32|     1|          448|
    |linbu_6_1_0_1_U  |conv3_linbu_6_1_0_0  |        0|  64|   7|    14|   32|     1|          448|
    |linbu_6_1_1_1_U  |conv3_linbu_6_1_0_0  |        0|  64|   7|    14|   32|     1|          448|
    |linbu_6_1_2_1_U  |conv3_linbu_6_1_0_0  |        0|  64|   7|    14|   32|     1|          448|
    |linbu_6_1_3_1_U  |conv3_linbu_6_1_0_0  |        0|  64|   7|    14|   32|     1|          448|
    |linbu_6_1_4_1_U  |conv3_linbu_6_1_0_0  |        0|  64|   7|    14|   32|     1|          448|
    |linbu_6_1_5_1_U  |conv3_linbu_6_1_0_0  |        0|  64|   7|    14|   32|     1|          448|
    |linbu_6_1_6_1_U  |conv3_linbu_6_1_0_0  |        0|  64|   7|    14|   32|     1|          448|
    |linbu_6_1_7_1_U  |conv3_linbu_6_1_0_0  |        0|  64|   7|    14|   32|     1|          448|
    +-----------------+---------------------+---------+----+----+------+-----+------+-------------+
    |Total            |                     |        0|1024| 112|   224|  512|    16|         7168|
    +-----------------+---------------------+---------+----+----+------+-----+------+-------------+

    * FIFO: 
    N/A

    * Expression: 
    +----------------------------------+----------+-------+---+----+------------+------------+
    |           Variable Name          | Operation| DSP48E| FF| LUT| Bitwidth P0| Bitwidth P1|
    +----------------------------------+----------+-------+---+----+------------+------------+
    |c_fu_646_p2                       |     +    |      0|  0|  13|           4|           1|
    |indvar_flatten_next_fu_522_p2     |     +    |      0|  0|  15|           8|           1|
    |oc_fu_636_p2                      |     +    |      0|  0|  15|           6|           1|
    |r_fu_528_p2                       |     +    |      0|  0|  13|           4|           1|
    |ap_block_pp0_stage0_01001         |    and   |      0|  0|   2|           1|           1|
    |or_cond_i_fu_624_p2               |    and   |      0|  0|   2|           1|           1|
    |exitcond3_i_fu_630_p2             |   icmp   |      0|  0|  11|           6|           7|
    |exitcond5_i_fu_534_p2             |   icmp   |      0|  0|   9|           4|           3|
    |exitcond_flatten_fu_516_p2        |   icmp   |      0|  0|  11|           8|           7|
    |icmp5_fu_574_p2                   |   icmp   |      0|  0|   9|           3|           1|
    |icmp6_fu_618_p2                   |   icmp   |      0|  0|   9|           3|           1|
    |icmp_fu_558_p2                    |   icmp   |      0|  0|   9|           3|           1|
    |ap_block_state1                   |    or    |      0|  0|   2|           1|           1|
    |ap_block_state2                   |    or    |      0|  0|   2|           1|           1|
    |ap_block_state3                   |    or    |      0|  0|   2|           1|           1|
    |ap_block_state5_pp0_stage0_iter1  |    or    |      0|  0|   2|           1|           1|
    |c_i_mid2_fu_540_p3                |  select  |      0|  0|   4|           1|           1|
    |r_i_mid2_fu_588_p3                |  select  |      0|  0|   4|           1|           4|
    |tmp_i_mid2_fu_580_p3              |  select  |      0|  0|   2|           1|           1|
    |ap_enable_pp0                     |    xor   |      0|  0|   2|           1|           2|
    |ap_enable_reg_pp0_iter1           |    xor   |      0|  0|   2|           2|           1|
    +----------------------------------+----------+-------+---+----+------------+------------+
    |Total                             |          |      0|  0| 140|          61|          39|
    +----------------------------------+----------+-------+---+----+------------+------------+

    * Multiplexer: 
    +-------------------------+----+-----------+-----+-----------+
    |           Name          | LUT| Input Size| Bits| Total Bits|
    +-------------------------+----+-----------+-----+-----------+
    |ap_NS_fsm                |  33|          6|    1|          6|
    |ap_done                  |   9|          2|    1|          2|
    |ap_enable_reg_pp0_iter1  |  15|          3|    1|          3|
    |c_i_reg_494              |   9|          2|    4|          8|
    |indvar_flatten_reg_472   |   9|          2|    8|         16|
    |oc_i_reg_505             |   9|          2|    6|         12|
    |out_0_blk_n              |   9|          2|    1|          2|
    |out_1_blk_n              |   9|          2|    1|          2|
    |out_2_blk_n              |   9|          2|    1|          2|
    |out_3_blk_n              |   9|          2|    1|          2|
    |out_4_blk_n              |   9|          2|    1|          2|
    |out_5_blk_n              |   9|          2|    1|          2|
    |out_6_blk_n              |   9|          2|    1|          2|
    |out_7_blk_n              |   9|          2|    1|          2|
    |p2_0_blk_n               |   9|          2|    1|          2|
    |p2_1_blk_n               |   9|          2|    1|          2|
    |p2_2_blk_n               |   9|          2|    1|          2|
    |p2_3_blk_n               |   9|          2|    1|          2|
    |p2_4_blk_n               |   9|          2|    1|          2|
    |p2_5_blk_n               |   9|          2|    1|          2|
    |p2_6_blk_n               |   9|          2|    1|          2|
    |p2_7_blk_n               |   9|          2|    1|          2|
    |r_i_reg_483              |   9|          2|    4|          8|
    |real_start               |   9|          2|    1|          2|
    +-------------------------+----+-----------+-----+-----------+
    |Total                    | 246|         53|   42|         89|
    +-------------------------+----+-----------+-----+-----------+

    * Register: 
    +-----------------------------+---+----+-----+-----------+
    |             Name            | FF| LUT| Bits| Const Bits|
    +-----------------------------+---+----+-----+-----------+
    |ap_CS_fsm                    |  5|   0|    5|          0|
    |ap_done_reg                  |  1|   0|    1|          0|
    |ap_enable_reg_pp0_iter0      |  1|   0|    1|          0|
    |ap_enable_reg_pp0_iter1      |  1|   0|    1|          0|
    |c_i_mid2_reg_659             |  4|   0|    4|          0|
    |c_i_reg_494                  |  4|   0|    4|          0|
    |indvar_flatten_next_reg_654  |  8|   0|    8|          0|
    |indvar_flatten_reg_472       |  8|   0|    8|          0|
    |oc_i_reg_505                 |  6|   0|    6|          0|
    |or_cond_i_reg_681            |  1|   0|    1|          0|
    |r_i_mid2_reg_664             |  4|   0|    4|          0|
    |r_i_reg_483                  |  4|   0|    4|          0|
    |start_once_reg               |  1|   0|    1|          0|
    |tmp_27_i_reg_669             |  4|   0|   64|         60|
    |tmp_55_reg_694               |  3|   0|    3|          0|
    +-----------------------------+---+----+-----+-----------+
    |Total                        | 55|   0|  115|         60|
    +-----------------------------+---+----+-----+-----------+



================================================================
== Interface
================================================================
* Summary: 
+--------------+-----+-----+------------+--------------+--------------+
|   RTL Ports  | Dir | Bits|  Protocol  | Source Object|    C Type    |
+--------------+-----+-----+------------+--------------+--------------+
|ap_clk        |  in |    1| ap_ctrl_hs |     conv3    | return value |
|ap_rst        |  in |    1| ap_ctrl_hs |     conv3    | return value |
|ap_start      |  in |    1| ap_ctrl_hs |     conv3    | return value |
|start_full_n  |  in |    1| ap_ctrl_hs |     conv3    | return value |
|ap_done       | out |    1| ap_ctrl_hs |     conv3    | return value |
|ap_continue   |  in |    1| ap_ctrl_hs |     conv3    | return value |
|ap_idle       | out |    1| ap_ctrl_hs |     conv3    | return value |
|ap_ready      | out |    1| ap_ctrl_hs |     conv3    | return value |
|start_out     | out |    1| ap_ctrl_hs |     conv3    | return value |
|start_write   | out |    1| ap_ctrl_hs |     conv3    | return value |
|out_0_din     | out |   32|   ap_fifo  |     out_0    |    pointer   |
|out_0_full_n  |  in |    1|   ap_fifo  |     out_0    |    pointer   |
|out_0_write   | out |    1|   ap_fifo  |     out_0    |    pointer   |
|out_1_din     | out |   32|   ap_fifo  |     out_1    |    pointer   |
|out_1_full_n  |  in |    1|   ap_fifo  |     out_1    |    pointer   |
|out_1_write   | out |    1|   ap_fifo  |     out_1    |    pointer   |
|out_2_din     | out |   32|   ap_fifo  |     out_2    |    pointer   |
|out_2_full_n  |  in |    1|   ap_fifo  |     out_2    |    pointer   |
|out_2_write   | out |    1|   ap_fifo  |     out_2    |    pointer   |
|out_3_din     | out |   32|   ap_fifo  |     out_3    |    pointer   |
|out_3_full_n  |  in |    1|   ap_fifo  |     out_3    |    pointer   |
|out_3_write   | out |    1|   ap_fifo  |     out_3    |    pointer   |
|out_4_din     | out |   32|   ap_fifo  |     out_4    |    pointer   |
|out_4_full_n  |  in |    1|   ap_fifo  |     out_4    |    pointer   |
|out_4_write   | out |    1|   ap_fifo  |     out_4    |    pointer   |
|out_5_din     | out |   32|   ap_fifo  |     out_5    |    pointer   |
|out_5_full_n  |  in |    1|   ap_fifo  |     out_5    |    pointer   |
|out_5_write   | out |    1|   ap_fifo  |     out_5    |    pointer   |
|out_6_din     | out |   32|   ap_fifo  |     out_6    |    pointer   |
|out_6_full_n  |  in |    1|   ap_fifo  |     out_6    |    pointer   |
|out_6_write   | out |    1|   ap_fifo  |     out_6    |    pointer   |
|out_7_din     | out |   32|   ap_fifo  |     out_7    |    pointer   |
|out_7_full_n  |  in |    1|   ap_fifo  |     out_7    |    pointer   |
|out_7_write   | out |    1|   ap_fifo  |     out_7    |    pointer   |
|p2_0_dout     |  in |   32|   ap_fifo  |     p2_0     |    pointer   |
|p2_0_empty_n  |  in |    1|   ap_fifo  |     p2_0     |    pointer   |
|p2_0_read     | out |    1|   ap_fifo  |     p2_0     |    pointer   |
|p2_1_dout     |  in |   32|   ap_fifo  |     p2_1     |    pointer   |
|p2_1_empty_n  |  in |    1|   ap_fifo  |     p2_1     |    pointer   |
|p2_1_read     | out |    1|   ap_fifo  |     p2_1     |    pointer   |
|p2_2_dout     |  in |   32|   ap_fifo  |     p2_2     |    pointer   |
|p2_2_empty_n  |  in |    1|   ap_fifo  |     p2_2     |    pointer   |
|p2_2_read     | out |    1|   ap_fifo  |     p2_2     |    pointer   |
|p2_3_dout     |  in |   32|   ap_fifo  |     p2_3     |    pointer   |
|p2_3_empty_n  |  in |    1|   ap_fifo  |     p2_3     |    pointer   |
|p2_3_read     | out |    1|   ap_fifo  |     p2_3     |    pointer   |
|p2_4_dout     |  in |   32|   ap_fifo  |     p2_4     |    pointer   |
|p2_4_empty_n  |  in |    1|   ap_fifo  |     p2_4     |    pointer   |
|p2_4_read     | out |    1|   ap_fifo  |     p2_4     |    pointer   |
|p2_5_dout     |  in |   32|   ap_fifo  |     p2_5     |    pointer   |
|p2_5_empty_n  |  in |    1|   ap_fifo  |     p2_5     |    pointer   |
|p2_5_read     | out |    1|   ap_fifo  |     p2_5     |    pointer   |
|p2_6_dout     |  in |   32|   ap_fifo  |     p2_6     |    pointer   |
|p2_6_empty_n  |  in |    1|   ap_fifo  |     p2_6     |    pointer   |
|p2_6_read     | out |    1|   ap_fifo  |     p2_6     |    pointer   |
|p2_7_dout     |  in |   32|   ap_fifo  |     p2_7     |    pointer   |
|p2_7_empty_n  |  in |    1|   ap_fifo  |     p2_7     |    pointer   |
|p2_7_read     | out |    1|   ap_fifo  |     p2_7     |    pointer   |
+--------------+-----+-----+------------+--------------+--------------+

