

================================================================
== Vivado HLS Report for 'conv4'
================================================================
* Date:           Mon Jun  8 20:55:51 2026

* Version:        2018.3 (Build 2405991 on Thu Dec 06 23:56:15 MST 2018)
* Project:        topp
* Solution:       solution1
* Product family: zynq
* Target device:  xc7z020clg484-1


================================================================
== Performance Estimates
================================================================
+ Timing (ns): 
    * Summary: 
    +--------+-------+----------+------------+
    |  Clock | Target| Estimated| Uncertainty|
    +--------+-------+----------+------------+
    |ap_clk  |  10.00|     5.956|        1.25|
    +--------+-------+----------+------------+

+ Latency (clock cycles): 
    * Summary: 
    +-----+------+-----+------+---------+
    |   Latency  |  Interval  | Pipeline|
    | min |  max | min |  max |   Type  |
    +-----+------+-----+------+---------+
    |  721|  5473|  721|  5473|   none  |
    +-----+------+-----+------+---------+

    + Detail: 
        * Instance: 
        N/A

        * Loop: 
        +-------------+-----+------+----------+-----------+-----------+------+----------+
        |             |   Latency  | Iteration|  Initiation Interval  | Trip |          |
        |  Loop Name  | min |  max |  Latency |  achieved |   target  | Count| Pipelined|
        +-------------+-----+------+----------+-----------+-----------+------+----------+
        |- Loop 1     |  720|  5472|  5 ~ 38  |          -|          -|   144|    no    |
        | + Loop 1.1  |   32|    32|         2|          1|          1|    32|    yes   |
        +-------------+-----+------+----------+-----------+-----------+------+----------+



================================================================
== Utilization Estimates
================================================================
* Summary: 
+-----------------+---------+-------+--------+-------+
|       Name      | BRAM_18K| DSP48E|   FF   |  LUT  |
+-----------------+---------+-------+--------+-------+
|DSP              |        -|      -|       -|      -|
|Expression       |        -|      -|       0|    140|
|FIFO             |        -|      -|       -|      -|
|Instance         |        -|      -|       -|      -|
|Memory           |        0|      -|    2048|    192|
|Multiplexer      |        -|      -|       -|    254|
|Register         |        -|      -|      57|      -|
+-----------------+---------+-------+--------+-------+
|Total            |        0|      0|    2105|    586|
+-----------------+---------+-------+--------+-------+
|Available        |      280|    220|  106400|  53200|
+-----------------+---------+-------+--------+-------+
|Utilization (%)  |        0|      0|       1|      1|
+-----------------+---------+-------+--------+-------+

+ Detail: 
    * Instance: 
    N/A

    * DSP48: 
    N/A

    * Memory: 
    +-----------------+---------------------+---------+----+----+------+-----+------+-------------+
    |      Memory     |        Module       | BRAM_18K| FF | LUT| Words| Bits| Banks| W*Bits*Banks|
    +-----------------+---------------------+---------+----+----+------+-----+------+-------------+
    |linbu_7_1_0_0_U  |conv4_linbu_7_1_0_0  |        0|  64|   6|    12|   32|     1|          384|
    |linbu_7_1_1_0_U  |conv4_linbu_7_1_0_0  |        0|  64|   6|    12|   32|     1|          384|
    |linbu_7_1_2_0_U  |conv4_linbu_7_1_0_0  |        0|  64|   6|    12|   32|     1|          384|
    |linbu_7_1_3_0_U  |conv4_linbu_7_1_0_0  |        0|  64|   6|    12|   32|     1|          384|
    |linbu_7_1_4_0_U  |conv4_linbu_7_1_0_0  |        0|  64|   6|    12|   32|     1|          384|
    |linbu_7_1_5_0_U  |conv4_linbu_7_1_0_0  |        0|  64|   6|    12|   32|     1|          384|
    |linbu_7_1_6_0_U  |conv4_linbu_7_1_0_0  |        0|  64|   6|    12|   32|     1|          384|
    |linbu_7_1_7_0_U  |conv4_linbu_7_1_0_0  |        0|  64|   6|    12|   32|     1|          384|
    |linbu_7_1_0_1_U  |conv4_linbu_7_1_0_0  |        0|  64|   6|    12|   32|     1|          384|
    |linbu_7_1_1_1_U  |conv4_linbu_7_1_0_0  |        0|  64|   6|    12|   32|     1|          384|
    |linbu_7_1_2_1_U  |conv4_linbu_7_1_0_0  |        0|  64|   6|    12|   32|     1|          384|
    |linbu_7_1_3_1_U  |conv4_linbu_7_1_0_0  |        0|  64|   6|    12|   32|     1|          384|
    |linbu_7_1_4_1_U  |conv4_linbu_7_1_0_0  |        0|  64|   6|    12|   32|     1|          384|
    |linbu_7_1_5_1_U  |conv4_linbu_7_1_0_0  |        0|  64|   6|    12|   32|     1|          384|
    |linbu_7_1_6_1_U  |conv4_linbu_7_1_0_0  |        0|  64|   6|    12|   32|     1|          384|
    |linbu_7_1_7_1_U  |conv4_linbu_7_1_0_0  |        0|  64|   6|    12|   32|     1|          384|
    |linbu_7_1_0_2_U  |conv4_linbu_7_1_0_0  |        0|  64|   6|    12|   32|     1|          384|
    |linbu_7_1_1_2_U  |conv4_linbu_7_1_0_0  |        0|  64|   6|    12|   32|     1|          384|
    |linbu_7_1_2_2_U  |conv4_linbu_7_1_0_0  |        0|  64|   6|    12|   32|     1|          384|
    |linbu_7_1_3_2_U  |conv4_linbu_7_1_0_0  |        0|  64|   6|    12|   32|     1|          384|
    |linbu_7_1_4_2_U  |conv4_linbu_7_1_0_0  |        0|  64|   6|    12|   32|     1|          384|
    |linbu_7_1_5_2_U  |conv4_linbu_7_1_0_0  |        0|  64|   6|    12|   32|     1|          384|
    |linbu_7_1_6_2_U  |conv4_linbu_7_1_0_0  |        0|  64|   6|    12|   32|     1|          384|
    |linbu_7_1_7_2_U  |conv4_linbu_7_1_0_0  |        0|  64|   6|    12|   32|     1|          384|
    |linbu_7_1_0_3_U  |conv4_linbu_7_1_0_0  |        0|  64|   6|    12|   32|     1|          384|
    |linbu_7_1_1_3_U  |conv4_linbu_7_1_0_0  |        0|  64|   6|    12|   32|     1|          384|
    |linbu_7_1_2_3_U  |conv4_linbu_7_1_0_0  |        0|  64|   6|    12|   32|     1|          384|
    |linbu_7_1_3_3_U  |conv4_linbu_7_1_0_0  |        0|  64|   6|    12|   32|     1|          384|
    |linbu_7_1_4_3_U  |conv4_linbu_7_1_0_0  |        0|  64|   6|    12|   32|     1|          384|
    |linbu_7_1_5_3_U  |conv4_linbu_7_1_0_0  |        0|  64|   6|    12|   32|     1|          384|
    |linbu_7_1_6_3_U  |conv4_linbu_7_1_0_0  |        0|  64|   6|    12|   32|     1|          384|
    |linbu_7_1_7_3_U  |conv4_linbu_7_1_0_0  |        0|  64|   6|    12|   32|     1|          384|
    +-----------------+---------------------+---------+----+----+------+-----+------+-------------+
    |Total            |                     |        0|2048| 192|   384| 1024|    32|        12288|
    +-----------------+---------------------+---------+----+----+------+-----+------+-------------+

    * FIFO: 
    N/A

    * Expression: 
    +----------------------------------+----------+-------+---+----+------------+------------+
    |           Variable Name          | Operation| DSP48E| FF| LUT| Bitwidth P0| Bitwidth P1|
    +----------------------------------+----------+-------+---+----+------------+------------+
    |c_fu_902_p2                       |     +    |      0|  0|  13|           4|           1|
    |indvar_flatten_next_fu_778_p2     |     +    |      0|  0|  15|           8|           1|
    |oc_fu_892_p2                      |     +    |      0|  0|  15|           6|           1|
    |r_fu_784_p2                       |     +    |      0|  0|  13|           4|           1|
    |ap_block_pp0_stage0_01001         |    and   |      0|  0|   2|           1|           1|
    |or_cond_i_fu_880_p2               |    and   |      0|  0|   2|           1|           1|
    |exitcond3_i_fu_886_p2             |   icmp   |      0|  0|  11|           6|           7|
    |exitcond5_i_fu_790_p2             |   icmp   |      0|  0|   9|           4|           4|
    |exitcond_flatten_fu_772_p2        |   icmp   |      0|  0|  11|           8|           8|
    |icmp3_fu_830_p2                   |   icmp   |      0|  0|   9|           3|           1|
    |icmp4_fu_874_p2                   |   icmp   |      0|  0|   9|           3|           1|
    |icmp_fu_814_p2                    |   icmp   |      0|  0|   9|           3|           1|
    |ap_block_state1                   |    or    |      0|  0|   2|           1|           1|
    |ap_block_state2                   |    or    |      0|  0|   2|           1|           1|
    |ap_block_state3                   |    or    |      0|  0|   2|           1|           1|
    |ap_block_state7_pp0_stage0_iter1  |    or    |      0|  0|   2|           1|           1|
    |c_i_mid2_fu_796_p3                |  select  |      0|  0|   4|           1|           1|
    |r_i_mid2_fu_844_p3                |  select  |      0|  0|   4|           1|           4|
    |tmp_i_mid2_fu_836_p3              |  select  |      0|  0|   2|           1|           1|
    |ap_enable_pp0                     |    xor   |      0|  0|   2|           1|           2|
    |ap_enable_reg_pp0_iter1           |    xor   |      0|  0|   2|           2|           1|
    +----------------------------------+----------+-------+---+----+------------+------------+
    |Total                             |          |      0|  0| 140|          61|          41|
    +----------------------------------+----------+-------+---+----+------------+------------+

    * Multiplexer: 
    +-------------------------+----+-----------+-----+-----------+
    |           Name          | LUT| Input Size| Bits| Total Bits|
    +-------------------------+----+-----------+-----+-----------+
    |ap_NS_fsm                |  41|          8|    1|          8|
    |ap_done                  |   9|          2|    1|          2|
    |ap_enable_reg_pp0_iter1  |  15|          3|    1|          3|
    |c_i_reg_750              |   9|          2|    4|          8|
    |f3_0_blk_n               |   9|          2|    1|          2|
    |f3_1_blk_n               |   9|          2|    1|          2|
    |f3_2_blk_n               |   9|          2|    1|          2|
    |f3_3_blk_n               |   9|          2|    1|          2|
    |f3_4_blk_n               |   9|          2|    1|          2|
    |f3_5_blk_n               |   9|          2|    1|          2|
    |f3_6_blk_n               |   9|          2|    1|          2|
    |f3_7_blk_n               |   9|          2|    1|          2|
    |indvar_flatten_reg_728   |   9|          2|    8|         16|
    |oc_i_reg_761             |   9|          2|    6|         12|
    |out_0_blk_n              |   9|          2|    1|          2|
    |out_1_blk_n              |   9|          2|    1|          2|
    |out_2_blk_n              |   9|          2|    1|          2|
    |out_3_blk_n              |   9|          2|    1|          2|
    |out_4_blk_n              |   9|          2|    1|          2|
    |out_5_blk_n              |   9|          2|    1|          2|
    |out_6_blk_n              |   9|          2|    1|          2|
    |out_7_blk_n              |   9|          2|    1|          2|
    |r_i_reg_739              |   9|          2|    4|          8|
    |real_start               |   9|          2|    1|          2|
    +-------------------------+----+-----------+-----+-----------+
    |Total                    | 254|         55|   42|         91|
    +-------------------------+----+-----------+-----+-----------+

    * Register: 
    +-----------------------------+---+----+-----+-----------+
    |             Name            | FF| LUT| Bits| Const Bits|
    +-----------------------------+---+----+-----+-----------+
    |ap_CS_fsm                    |  7|   0|    7|          0|
    |ap_done_reg                  |  1|   0|    1|          0|
    |ap_enable_reg_pp0_iter0      |  1|   0|    1|          0|
    |ap_enable_reg_pp0_iter1      |  1|   0|    1|          0|
    |c_i_mid2_reg_915             |  4|   0|    4|          0|
    |c_i_reg_750                  |  4|   0|    4|          0|
    |indvar_flatten_next_reg_910  |  8|   0|    8|          0|
    |indvar_flatten_reg_728       |  8|   0|    8|          0|
    |oc_i_reg_761                 |  6|   0|    6|          0|
    |or_cond_i_reg_953            |  1|   0|    1|          0|
    |r_i_mid2_reg_920             |  4|   0|    4|          0|
    |r_i_reg_739                  |  4|   0|    4|          0|
    |start_once_reg               |  1|   0|    1|          0|
    |tmp_19_i_reg_925             |  4|   0|   64|         60|
    |tmp_52_reg_966               |  3|   0|    3|          0|
    +-----------------------------+---+----+-----+-----------+
    |Total                        | 57|   0|  117|         60|
    +-----------------------------+---+----+-----+-----------+



================================================================
== Interface
================================================================
* Summary: 
+--------------+-----+-----+------------+--------------+--------------+
|   RTL Ports  | Dir | Bits|  Protocol  | Source Object|    C Type    |
+--------------+-----+-----+------------+--------------+--------------+
|ap_clk        |  in |    1| ap_ctrl_hs |     conv4    | return value |
|ap_rst        |  in |    1| ap_ctrl_hs |     conv4    | return value |
|ap_start      |  in |    1| ap_ctrl_hs |     conv4    | return value |
|start_full_n  |  in |    1| ap_ctrl_hs |     conv4    | return value |
|ap_done       | out |    1| ap_ctrl_hs |     conv4    | return value |
|ap_continue   |  in |    1| ap_ctrl_hs |     conv4    | return value |
|ap_idle       | out |    1| ap_ctrl_hs |     conv4    | return value |
|ap_ready      | out |    1| ap_ctrl_hs |     conv4    | return value |
|start_out     | out |    1| ap_ctrl_hs |     conv4    | return value |
|start_write   | out |    1| ap_ctrl_hs |     conv4    | return value |
|out_0_din     | out |   32|   ap_fifo  |     out_0    |    pointer   |
|out_0_full_n  |  in |    1|   ap_fifo  |     out_0    |    pointer   |
|out_0_write   | out |    1|   ap_fifo  |     out_0    |    pointer   |
|out_1_din     | out |   32|   ap_fifo  |     out_1    |    pointer   |
|out_1_full_n  |  in |    1|   ap_fifo  |     out_1    |    pointer   |
|out_1_write   | out |    1|   ap_fifo  |     out_1    |    pointer   |
|out_2_din     | out |   32|   ap_fifo  |     out_2    |    pointer   |
|out_2_full_n  |  in |    1|   ap_fifo  |     out_2    |    pointer   |
|out_2_write   | out |    1|   ap_fifo  |     out_2    |    pointer   |
|out_3_din     | out |   32|   ap_fifo  |     out_3    |    pointer   |
|out_3_full_n  |  in |    1|   ap_fifo  |     out_3    |    pointer   |
|out_3_write   | out |    1|   ap_fifo  |     out_3    |    pointer   |
|out_4_din     | out |   32|   ap_fifo  |     out_4    |    pointer   |
|out_4_full_n  |  in |    1|   ap_fifo  |     out_4    |    pointer   |
|out_4_write   | out |    1|   ap_fifo  |     out_4    |    pointer   |
|out_5_din     | out |   32|   ap_fifo  |     out_5    |    pointer   |
|out_5_full_n  |  in |    1|   ap_fifo  |     out_5    |    pointer   |
|out_5_write   | out |    1|   ap_fifo  |     out_5    |    pointer   |
|out_6_din     | out |   32|   ap_fifo  |     out_6    |    pointer   |
|out_6_full_n  |  in |    1|   ap_fifo  |     out_6    |    pointer   |
|out_6_write   | out |    1|   ap_fifo  |     out_6    |    pointer   |
|out_7_din     | out |   32|   ap_fifo  |     out_7    |    pointer   |
|out_7_full_n  |  in |    1|   ap_fifo  |     out_7    |    pointer   |
|out_7_write   | out |    1|   ap_fifo  |     out_7    |    pointer   |
|f3_0_dout     |  in |   32|   ap_fifo  |     f3_0     |    pointer   |
|f3_0_empty_n  |  in |    1|   ap_fifo  |     f3_0     |    pointer   |
|f3_0_read     | out |    1|   ap_fifo  |     f3_0     |    pointer   |
|f3_1_dout     |  in |   32|   ap_fifo  |     f3_1     |    pointer   |
|f3_1_empty_n  |  in |    1|   ap_fifo  |     f3_1     |    pointer   |
|f3_1_read     | out |    1|   ap_fifo  |     f3_1     |    pointer   |
|f3_2_dout     |  in |   32|   ap_fifo  |     f3_2     |    pointer   |
|f3_2_empty_n  |  in |    1|   ap_fifo  |     f3_2     |    pointer   |
|f3_2_read     | out |    1|   ap_fifo  |     f3_2     |    pointer   |
|f3_3_dout     |  in |   32|   ap_fifo  |     f3_3     |    pointer   |
|f3_3_empty_n  |  in |    1|   ap_fifo  |     f3_3     |    pointer   |
|f3_3_read     | out |    1|   ap_fifo  |     f3_3     |    pointer   |
|f3_4_dout     |  in |   32|   ap_fifo  |     f3_4     |    pointer   |
|f3_4_empty_n  |  in |    1|   ap_fifo  |     f3_4     |    pointer   |
|f3_4_read     | out |    1|   ap_fifo  |     f3_4     |    pointer   |
|f3_5_dout     |  in |   32|   ap_fifo  |     f3_5     |    pointer   |
|f3_5_empty_n  |  in |    1|   ap_fifo  |     f3_5     |    pointer   |
|f3_5_read     | out |    1|   ap_fifo  |     f3_5     |    pointer   |
|f3_6_dout     |  in |   32|   ap_fifo  |     f3_6     |    pointer   |
|f3_6_empty_n  |  in |    1|   ap_fifo  |     f3_6     |    pointer   |
|f3_6_read     | out |    1|   ap_fifo  |     f3_6     |    pointer   |
|f3_7_dout     |  in |   32|   ap_fifo  |     f3_7     |    pointer   |
|f3_7_empty_n  |  in |    1|   ap_fifo  |     f3_7     |    pointer   |
|f3_7_read     | out |    1|   ap_fifo  |     f3_7     |    pointer   |
+--------------+-----+-----+------------+--------------+--------------+

