

================================================================
== Vivado HLS Report for 'conv2'
================================================================
* Date:           Mon Jun  8 20:55:49 2026

* Version:        2018.3 (Build 2405991 on Thu Dec 06 23:56:15 MST 2018)
* Project:        topp
* Solution:       solution1
* Product family: zynq
* Target device:  xc7z020clg484-1


================================================================
== Performance Estimates
================================================================
+ Timing (ns): 
    * Summary: 
    +--------+-------+----------+------------+
    |  Clock | Target| Estimated| Uncertainty|
    +--------+-------+----------+------------+
    |ap_clk  |  10.00|     6.830|        1.25|
    +--------+-------+----------+------------+

+ Latency (clock cycles): 
    * Summary: 
    +------+-------+------+-------+---------+
    |    Latency   |   Interval   | Pipeline|
    |  min |  max  |  min |  max  |   Type  |
    +------+-------+------+-------+---------+
    |  1923|  18260|  1923|  18260|   none  |
    +------+-------+------+-------+---------+

    + Detail: 
        * Instance: 
        N/A

        * Loop: 
        +-------------+------+-------+----------+-----------+-----------+------+----------+
        |             |    Latency   | Iteration|  Initiation Interval  | Trip |          |
        |  Loop Name  |  min |  max  |  Latency |  achieved |   target  | Count| Pipelined|
        +-------------+------+-------+----------+-----------+-----------+------+----------+
        |- Loop 1     |  1922|  18259|  2 ~ 19  |          -|          -|   961|    no    |
        | + Loop 1.1  |    16|     16|         2|          1|          1|    16|    yes   |
        +-------------+------+-------+----------+-----------+-----------+------+----------+



================================================================
== Utilization Estimates
================================================================
* Summary: 
+-----------------+---------+-------+--------+-------+
|       Name      | BRAM_18K| DSP48E|   FF   |  LUT  |
+-----------------+---------+-------+--------+-------+
|DSP              |        -|      -|       -|      -|
|Expression       |        -|      -|       0|    147|
|FIFO             |        -|      -|       -|      -|
|Instance         |        -|      -|       -|      -|
|Memory           |        0|      -|     512|    128|
|Multiplexer      |        -|      -|       -|    240|
|Register         |        -|      -|      56|      -|
+-----------------+---------+-------+--------+-------+
|Total            |        0|      0|     568|    515|
+-----------------+---------+-------+--------+-------+
|Available        |      280|    220|  106400|  53200|
+-----------------+---------+-------+--------+-------+
|Utilization (%)  |        0|      0|   ~0   |   ~0  |
+-----------------+---------+-------+--------+-------+

+ Detail: 
    * Instance: 
    N/A

    * DSP48: 
    N/A

    * Memory: 
    +---------------+-------------------+---------+----+----+------+-----+------+-------------+
    |     Memory    |       Module      | BRAM_18K| FF | LUT| Words| Bits| Banks| W*Bits*Banks|
    +---------------+-------------------+---------+----+----+------+-----+------+-------------+
    |linbu_5_1_0_U  |conv2_linbu_5_1_0  |        0|  64|  16|    31|   32|     1|          992|
    |linbu_5_1_1_U  |conv2_linbu_5_1_0  |        0|  64|  16|    31|   32|     1|          992|
    |linbu_5_1_2_U  |conv2_linbu_5_1_0  |        0|  64|  16|    31|   32|     1|          992|
    |linbu_5_1_3_U  |conv2_linbu_5_1_0  |        0|  64|  16|    31|   32|     1|          992|
    |linbu_5_1_4_U  |conv2_linbu_5_1_0  |        0|  64|  16|    31|   32|     1|          992|
    |linbu_5_1_5_U  |conv2_linbu_5_1_0  |        0|  64|  16|    31|   32|     1|          992|
    |linbu_5_1_6_U  |conv2_linbu_5_1_0  |        0|  64|  16|    31|   32|     1|          992|
    |linbu_5_1_7_U  |conv2_linbu_5_1_0  |        0|  64|  16|    31|   32|     1|          992|
    +---------------+-------------------+---------+----+----+------+-----+------+-------------+
    |Total          |                   |        0| 512| 128|   248|  256|     8|         7936|
    +---------------+-------------------+---------+----+----+------+-----+------+-------------+

    * FIFO: 
    N/A

    * Expression: 
    +----------------------------------+----------+-------+---+----+------------+------------+
    |           Variable Name          | Operation| DSP48E| FF| LUT| Bitwidth P0| Bitwidth P1|
    +----------------------------------+----------+-------+---+----+------------+------------+
    |c_fu_516_p2                       |     +    |      0|  0|  15|           5|           1|
    |indvar_flatten_next_fu_392_p2     |     +    |      0|  0|  14|          10|           1|
    |oc_fu_506_p2                      |     +    |      0|  0|  15|           5|           1|
    |r_fu_398_p2                       |     +    |      0|  0|  15|           5|           1|
    |ap_block_pp0_stage0_01001         |    and   |      0|  0|   2|           1|           1|
    |or_cond_i_fu_494_p2               |    and   |      0|  0|   2|           1|           1|
    |exitcond3_i_fu_500_p2             |   icmp   |      0|  0|  11|           5|           6|
    |exitcond5_i_fu_404_p2             |   icmp   |      0|  0|  11|           5|           2|
    |exitcond_flatten_fu_386_p2        |   icmp   |      0|  0|  13|          10|           7|
    |icmp7_fu_444_p2                   |   icmp   |      0|  0|   9|           4|           1|
    |icmp8_fu_488_p2                   |   icmp   |      0|  0|   9|           4|           1|
    |icmp_fu_428_p2                    |   icmp   |      0|  0|   9|           4|           1|
    |ap_block_state1                   |    or    |      0|  0|   2|           1|           1|
    |ap_block_state2                   |    or    |      0|  0|   2|           1|           1|
    |ap_block_state4_pp0_stage0_iter1  |    or    |      0|  0|   2|           1|           1|
    |c_i_mid2_fu_410_p3                |  select  |      0|  0|   5|           1|           1|
    |r_i_mid2_fu_458_p3                |  select  |      0|  0|   5|           1|           5|
    |tmp_i_mid2_fu_450_p3              |  select  |      0|  0|   2|           1|           1|
    |ap_enable_pp0                     |    xor   |      0|  0|   2|           1|           2|
    |ap_enable_reg_pp0_iter1           |    xor   |      0|  0|   2|           2|           1|
    +----------------------------------+----------+-------+---+----+------------+------------+
    |Total                             |          |      0|  0| 147|          68|          37|
    +----------------------------------+----------+-------+---+----+------------+------------+

    * Multiplexer: 
    +-------------------------+----+-----------+-----+-----------+
    |           Name          | LUT| Input Size| Bits| Total Bits|
    +-------------------------+----+-----------+-----+-----------+
    |ap_NS_fsm                |  27|          5|    1|          5|
    |ap_done                  |   9|          2|    1|          2|
    |ap_enable_reg_pp0_iter1  |  15|          3|    1|          3|
    |c_i_reg_364              |   9|          2|    5|         10|
    |indvar_flatten_reg_342   |   9|          2|   10|         20|
    |oc_i_reg_375             |   9|          2|    5|         10|
    |out_0_blk_n              |   9|          2|    1|          2|
    |out_1_blk_n              |   9|          2|    1|          2|
    |out_2_blk_n              |   9|          2|    1|          2|
    |out_3_blk_n              |   9|          2|    1|          2|
    |out_4_blk_n              |   9|          2|    1|          2|
    |out_5_blk_n              |   9|          2|    1|          2|
    |out_6_blk_n              |   9|          2|    1|          2|
    |out_7_blk_n              |   9|          2|    1|          2|
    |p1_0_blk_n               |   9|          2|    1|          2|
    |p1_1_blk_n               |   9|          2|    1|          2|
    |p1_2_blk_n               |   9|          2|    1|          2|
    |p1_3_blk_n               |   9|          2|    1|          2|
    |p1_4_blk_n               |   9|          2|    1|          2|
    |p1_5_blk_n               |   9|          2|    1|          2|
    |p1_6_blk_n               |   9|          2|    1|          2|
    |p1_7_blk_n               |   9|          2|    1|          2|
    |r_i_reg_353              |   9|          2|    5|         10|
    |real_start               |   9|          2|    1|          2|
    +-------------------------+----+-----------+-----+-----------+
    |Total                    | 240|         52|   45|         94|
    +-------------------------+----+-----------+-----+-----------+

    * Register: 
    +-----------------------------+----+----+-----+-----------+
    |             Name            | FF | LUT| Bits| Const Bits|
    +-----------------------------+----+----+-----+-----------+
    |ap_CS_fsm                    |   4|   0|    4|          0|
    |ap_done_reg                  |   1|   0|    1|          0|
    |ap_enable_reg_pp0_iter0      |   1|   0|    1|          0|
    |ap_enable_reg_pp0_iter1      |   1|   0|    1|          0|
    |c_i_mid2_reg_530             |   5|   0|    5|          0|
    |c_i_reg_364                  |   5|   0|    5|          0|
    |indvar_flatten_next_reg_525  |  10|   0|   10|          0|
    |indvar_flatten_reg_342       |  10|   0|   10|          0|
    |oc_i_reg_375                 |   5|   0|    5|          0|
    |r_i_mid2_reg_535             |   5|   0|    5|          0|
    |r_i_reg_353                  |   5|   0|    5|          0|
    |start_once_reg               |   1|   0|    1|          0|
    |tmp_58_reg_553               |   3|   0|    3|          0|
    +-----------------------------+----+----+-----+-----------+
    |Total                        |  56|   0|   56|          0|
    +-----------------------------+----+----+-----+-----------+



================================================================
== Interface
================================================================
* Summary: 
+--------------+-----+-----+------------+--------------+--------------+
|   RTL Ports  | Dir | Bits|  Protocol  | Source Object|    C Type    |
+--------------+-----+-----+------------+--------------+--------------+
|ap_clk        |  in |    1| ap_ctrl_hs |     conv2    | return value |
|ap_rst        |  in |    1| ap_ctrl_hs |     conv2    | return value |
|ap_start      |  in |    1| ap_ctrl_hs |     conv2    | return value |
|start_full_n  |  in |    1| ap_ctrl_hs |     conv2    | return value |
|ap_done       | out |    1| ap_ctrl_hs |     conv2    | return value |
|ap_continue   |  in |    1| ap_ctrl_hs |     conv2    | return value |
|ap_idle       | out |    1| ap_ctrl_hs |     conv2    | return value |
|ap_ready      | out |    1| ap_ctrl_hs |     conv2    | return value |
|start_out     | out |    1| ap_ctrl_hs |     conv2    | return value |
|start_write   | out |    1| ap_ctrl_hs |     conv2    | return value |
|out_0_din     | out |   32|   ap_fifo  |     out_0    |    pointer   |
|out_0_full_n  |  in |    1|   ap_fifo  |     out_0    |    pointer   |
|out_0_write   | out |    1|   ap_fifo  |     out_0    |    pointer   |
|out_1_din     | out |   32|   ap_fifo  |     out_1    |    pointer   |
|out_1_full_n  |  in |    1|   ap_fifo  |     out_1    |    pointer   |
|out_1_write   | out |    1|   ap_fifo  |     out_1    |    pointer   |
|out_2_din     | out |   32|   ap_fifo  |     out_2    |    pointer   |
|out_2_full_n  |  in |    1|   ap_fifo  |     out_2    |    pointer   |
|out_2_write   | out |    1|   ap_fifo  |     out_2    |    pointer   |
|out_3_din     | out |   32|   ap_fifo  |     out_3    |    pointer   |
|out_3_full_n  |  in |    1|   ap_fifo  |     out_3    |    pointer   |
|out_3_write   | out |    1|   ap_fifo  |     out_3    |    pointer   |
|out_4_din     | out |   32|   ap_fifo  |     out_4    |    pointer   |
|out_4_full_n  |  in |    1|   ap_fifo  |     out_4    |    pointer   |
|out_4_write   | out |    1|   ap_fifo  |     out_4    |    pointer   |
|out_5_din     | out |   32|   ap_fifo  |     out_5    |    pointer   |
|out_5_full_n  |  in |    1|   ap_fifo  |     out_5    |    pointer   |
|out_5_write   | out |    1|   ap_fifo  |     out_5    |    pointer   |
|out_6_din     | out |   32|   ap_fifo  |     out_6    |    pointer   |
|out_6_full_n  |  in |    1|   ap_fifo  |     out_6    |    pointer   |
|out_6_write   | out |    1|   ap_fifo  |     out_6    |    pointer   |
|out_7_din     | out |   32|   ap_fifo  |     out_7    |    pointer   |
|out_7_full_n  |  in |    1|   ap_fifo  |     out_7    |    pointer   |
|out_7_write   | out |    1|   ap_fifo  |     out_7    |    pointer   |
|p1_0_dout     |  in |   32|   ap_fifo  |     p1_0     |    pointer   |
|p1_0_empty_n  |  in |    1|   ap_fifo  |     p1_0     |    pointer   |
|p1_0_read     | out |    1|   ap_fifo  |     p1_0     |    pointer   |
|p1_1_dout     |  in |   32|   ap_fifo  |     p1_1     |    pointer   |
|p1_1_empty_n  |  in |    1|   ap_fifo  |     p1_1     |    pointer   |
|p1_1_read     | out |    1|   ap_fifo  |     p1_1     |    pointer   |
|p1_2_dout     |  in |   32|   ap_fifo  |     p1_2     |    pointer   |
|p1_2_empty_n  |  in |    1|   ap_fifo  |     p1_2     |    pointer   |
|p1_2_read     | out |    1|   ap_fifo  |     p1_2     |    pointer   |
|p1_3_dout     |  in |   32|   ap_fifo  |     p1_3     |    pointer   |
|p1_3_empty_n  |  in |    1|   ap_fifo  |     p1_3     |    pointer   |
|p1_3_read     | out |    1|   ap_fifo  |     p1_3     |    pointer   |
|p1_4_dout     |  in |   32|   ap_fifo  |     p1_4     |    pointer   |
|p1_4_empty_n  |  in |    1|   ap_fifo  |     p1_4     |    pointer   |
|p1_4_read     | out |    1|   ap_fifo  |     p1_4     |    pointer   |
|p1_5_dout     |  in |   32|   ap_fifo  |     p1_5     |    pointer   |
|p1_5_empty_n  |  in |    1|   ap_fifo  |     p1_5     |    pointer   |
|p1_5_read     | out |    1|   ap_fifo  |     p1_5     |    pointer   |
|p1_6_dout     |  in |   32|   ap_fifo  |     p1_6     |    pointer   |
|p1_6_empty_n  |  in |    1|   ap_fifo  |     p1_6     |    pointer   |
|p1_6_read     | out |    1|   ap_fifo  |     p1_6     |    pointer   |
|p1_7_dout     |  in |   32|   ap_fifo  |     p1_7     |    pointer   |
|p1_7_empty_n  |  in |    1|   ap_fifo  |     p1_7     |    pointer   |
|p1_7_read     | out |    1|   ap_fifo  |     p1_7     |    pointer   |
+--------------+-----+-----+------------+--------------+--------------+

