

================================================================
== Vivado HLS Report for 'maxpool1'
================================================================
* Date:           Mon Jun  8 20:55:47 2026

* Version:        2018.3 (Build 2405991 on Thu Dec 06 23:56:15 MST 2018)
* Project:        topp
* Solution:       solution1
* Product family: zynq
* Target device:  xc7z020clg484-1


================================================================
== Performance Estimates
================================================================
+ Timing (ns): 
    * Summary: 
    +--------+-------+----------+------------+
    |  Clock | Target| Estimated| Uncertainty|
    +--------+-------+----------+------------+
    |ap_clk  |  10.00|     3.634|        1.25|
    +--------+-------+----------+------------+

+ Latency (clock cycles): 
    * Summary: 
    +-------+-------+-------+-------+---------+
    |    Latency    |    Interval   | Pipeline|
    |  min  |  max  |  min  |  max  |   Type  |
    +-------+-------+-------+-------+---------+
    |  23809|  23809|  23809|  23809|   none  |
    +-------+-------+-------+-------+---------+

    + Detail: 
        * Instance: 
        N/A

        * Loop: 
        +--------------+-------+-------+----------+-----------+-----------+------+----------+
        |              |    Latency    | Iteration|  Initiation Interval  | Trip |          |
        |   Loop Name  |  min  |  max  |  Latency |  achieved |   target  | Count| Pipelined|
        +--------------+-------+-------+----------+-----------+-----------+------+----------+
        |- Loop 1      |  23808|  23808|       768|          -|          -|    31|    no    |
        | + Loop 1.1   |     24|     24|         3|          -|          -|     8|    no    |
        | + Loop 1.2   |     24|     24|         3|          -|          -|     8|    no    |
        | + Loop 1.3   |     24|     24|         3|          -|          -|     8|    no    |
        | + Loop 1.4   |     24|     24|         3|          -|          -|     8|    no    |
        | + Loop 1.5   |     24|     24|         3|          -|          -|     8|    no    |
        | + Loop 1.6   |     24|     24|         3|          -|          -|     8|    no    |
        | + Loop 1.7   |     24|     24|         3|          -|          -|     8|    no    |
        | + Loop 1.8   |     24|     24|         3|          -|          -|     8|    no    |
        | + Loop 1.9   |     24|     24|         3|          -|          -|     8|    no    |
        | + Loop 1.10  |     24|     24|         3|          -|          -|     8|    no    |
        | + Loop 1.11  |     24|     24|         3|          -|          -|     8|    no    |
        | + Loop 1.12  |     24|     24|         3|          -|          -|     8|    no    |
        | + Loop 1.13  |     24|     24|         3|          -|          -|     8|    no    |
        | + Loop 1.14  |     24|     24|         3|          -|          -|     8|    no    |
        | + Loop 1.15  |     24|     24|         3|          -|          -|     8|    no    |
        | + Loop 1.16  |     24|     24|         3|          -|          -|     8|    no    |
        | + Loop 1.17  |     24|     24|         3|          -|          -|     8|    no    |
        | + Loop 1.18  |     24|     24|         3|          -|          -|     8|    no    |
        | + Loop 1.19  |     24|     24|         3|          -|          -|     8|    no    |
        | + Loop 1.20  |     24|     24|         3|          -|          -|     8|    no    |
        | + Loop 1.21  |     24|     24|         3|          -|          -|     8|    no    |
        | + Loop 1.22  |     24|     24|         3|          -|          -|     8|    no    |
        | + Loop 1.23  |     24|     24|         3|          -|          -|     8|    no    |
        | + Loop 1.24  |     24|     24|         3|          -|          -|     8|    no    |
        | + Loop 1.25  |     24|     24|         3|          -|          -|     8|    no    |
        | + Loop 1.26  |     24|     24|         3|          -|          -|     8|    no    |
        | + Loop 1.27  |     24|     24|         3|          -|          -|     8|    no    |
        | + Loop 1.28  |     24|     24|         3|          -|          -|     8|    no    |
        | + Loop 1.29  |     24|     24|         3|          -|          -|     8|    no    |
        | + Loop 1.30  |     24|     24|         3|          -|          -|     8|    no    |
        | + Loop 1.31  |     16|     16|         2|          -|          -|     8|    no    |
        +--------------+-------+-------+----------+-----------+-----------+------+----------+



================================================================
== Utilization Estimates
================================================================
* Summary: 
+-----------------+---------+-------+--------+-------+
|       Name      | BRAM_18K| DSP48E|   FF   |  LUT  |
+-----------------+---------+-------+--------+-------+
|DSP              |        -|      -|       -|      -|
|Expression       |        -|      -|       0|   1454|
|FIFO             |        -|      -|       -|      -|
|Instance         |        -|      -|       -|      -|
|Memory           |        -|      -|       -|      -|
|Multiplexer      |        -|      -|       -|   3294|
|Register         |        -|      -|    1439|      -|
+-----------------+---------+-------+--------+-------+
|Total            |        0|      0|    1439|   4748|
+-----------------+---------+-------+--------+-------+
|Available        |      280|    220|  106400|  53200|
+-----------------+---------+-------+--------+-------+
|Utilization (%)  |        0|      0|       1|      8|
+-----------------+---------+-------+--------+-------+

+ Detail: 
    * Instance: 
    N/A

    * DSP48: 
    N/A

    * Memory: 
    N/A

    * FIFO: 
    N/A

    * Expression: 
    +----------------------------------+----------+-------+---+----+------------+------------+
    |           Variable Name          | Operation| DSP48E| FF| LUT| Bitwidth P0| Bitwidth P1|
    +----------------------------------+----------+-------+---+----+------------+------------+
    |ch_2_10_i_fu_1635_p2              |     +    |      0|  0|  13|           4|           1|
    |ch_2_11_i_fu_1651_p2              |     +    |      0|  0|  13|           4|           1|
    |ch_2_12_i_fu_1667_p2              |     +    |      0|  0|  13|           4|           1|
    |ch_2_13_i_fu_1683_p2              |     +    |      0|  0|  13|           4|           1|
    |ch_2_14_i_fu_1699_p2              |     +    |      0|  0|  13|           4|           1|
    |ch_2_15_i_fu_1715_p2              |     +    |      0|  0|  13|           4|           1|
    |ch_2_16_i_fu_1731_p2              |     +    |      0|  0|  13|           4|           1|
    |ch_2_17_i_fu_1747_p2              |     +    |      0|  0|  13|           4|           1|
    |ch_2_18_i_fu_1763_p2              |     +    |      0|  0|  13|           4|           1|
    |ch_2_19_i_fu_1779_p2              |     +    |      0|  0|  13|           4|           1|
    |ch_2_1_i_fu_1475_p2               |     +    |      0|  0|  13|           4|           1|
    |ch_2_20_i_fu_1795_p2              |     +    |      0|  0|  13|           4|           1|
    |ch_2_21_i_fu_1811_p2              |     +    |      0|  0|  13|           4|           1|
    |ch_2_22_i_fu_1827_p2              |     +    |      0|  0|  13|           4|           1|
    |ch_2_23_i_fu_1843_p2              |     +    |      0|  0|  13|           4|           1|
    |ch_2_24_i_fu_1859_p2              |     +    |      0|  0|  13|           4|           1|
    |ch_2_25_i_fu_1875_p2              |     +    |      0|  0|  13|           4|           1|
    |ch_2_26_i_fu_1891_p2              |     +    |      0|  0|  13|           4|           1|
    |ch_2_27_i_fu_1907_p2              |     +    |      0|  0|  13|           4|           1|
    |ch_2_28_i_fu_1923_p2              |     +    |      0|  0|  13|           4|           1|
    |ch_2_29_i_fu_1939_p2              |     +    |      0|  0|  13|           4|           1|
    |ch_2_2_i_fu_1491_p2               |     +    |      0|  0|  13|           4|           1|
    |ch_2_3_i_fu_1507_p2               |     +    |      0|  0|  13|           4|           1|
    |ch_2_4_i_fu_1523_p2               |     +    |      0|  0|  13|           4|           1|
    |ch_2_5_i_fu_1539_p2               |     +    |      0|  0|  13|           4|           1|
    |ch_2_6_i_fu_1555_p2               |     +    |      0|  0|  13|           4|           1|
    |ch_2_7_i_fu_1571_p2               |     +    |      0|  0|  13|           4|           1|
    |ch_2_8_i_fu_1587_p2               |     +    |      0|  0|  13|           4|           1|
    |ch_2_9_i_fu_1603_p2               |     +    |      0|  0|  13|           4|           1|
    |ch_2_i_511_fu_1619_p2             |     +    |      0|  0|  13|           4|           1|
    |ch_2_i_fu_1459_p2                 |     +    |      0|  0|  13|           4|           1|
    |r_fu_1447_p2                      |     +    |      0|  0|  15|           5|           1|
    |ap_condition_2424                 |    and   |      0|  0|   2|           1|           1|
    |ap_condition_2485                 |    and   |      0|  0|   2|           1|           1|
    |ap_condition_2538                 |    and   |      0|  0|   2|           1|           1|
    |ap_condition_2591                 |    and   |      0|  0|   2|           1|           1|
    |ap_condition_2644                 |    and   |      0|  0|   2|           1|           1|
    |ap_condition_2697                 |    and   |      0|  0|   2|           1|           1|
    |ap_condition_2750                 |    and   |      0|  0|   2|           1|           1|
    |ap_condition_2803                 |    and   |      0|  0|   2|           1|           1|
    |ap_condition_2856                 |    and   |      0|  0|   2|           1|           1|
    |ap_condition_2909                 |    and   |      0|  0|   2|           1|           1|
    |ap_condition_2962                 |    and   |      0|  0|   2|           1|           1|
    |ap_condition_3015                 |    and   |      0|  0|   2|           1|           1|
    |ap_condition_3068                 |    and   |      0|  0|   2|           1|           1|
    |ap_condition_3121                 |    and   |      0|  0|   2|           1|           1|
    |ap_condition_3174                 |    and   |      0|  0|   2|           1|           1|
    |ap_condition_3227                 |    and   |      0|  0|   2|           1|           1|
    |ap_condition_3280                 |    and   |      0|  0|   2|           1|           1|
    |ap_condition_3333                 |    and   |      0|  0|   2|           1|           1|
    |ap_condition_3386                 |    and   |      0|  0|   2|           1|           1|
    |ap_condition_3439                 |    and   |      0|  0|   2|           1|           1|
    |ap_condition_3492                 |    and   |      0|  0|   2|           1|           1|
    |ap_condition_3545                 |    and   |      0|  0|   2|           1|           1|
    |ap_condition_3598                 |    and   |      0|  0|   2|           1|           1|
    |ap_condition_3651                 |    and   |      0|  0|   2|           1|           1|
    |ap_condition_3704                 |    and   |      0|  0|   2|           1|           1|
    |ap_condition_3757                 |    and   |      0|  0|   2|           1|           1|
    |ap_condition_3810                 |    and   |      0|  0|   2|           1|           1|
    |ap_condition_3863                 |    and   |      0|  0|   2|           1|           1|
    |ap_condition_3916                 |    and   |      0|  0|   2|           1|           1|
    |ap_condition_3969                 |    and   |      0|  0|   2|           1|           1|
    |ap_condition_4022                 |    and   |      0|  0|   2|           1|           1|
    |ap_predicate_op1036_read_state54  |    and   |      0|  0|   2|           1|           1|
    |ap_predicate_op1038_read_state54  |    and   |      0|  0|   2|           1|           1|
    |ap_predicate_op1040_read_state54  |    and   |      0|  0|   2|           1|           1|
    |ap_predicate_op1042_read_state54  |    and   |      0|  0|   2|           1|           1|
    |ap_predicate_op1044_read_state54  |    and   |      0|  0|   2|           1|           1|
    |ap_predicate_op1046_read_state54  |    and   |      0|  0|   2|           1|           1|
    |ap_predicate_op1048_read_state54  |    and   |      0|  0|   2|           1|           1|
    |ap_predicate_op1050_read_state54  |    and   |      0|  0|   2|           1|           1|
    |ap_predicate_op1089_read_state57  |    and   |      0|  0|   2|           1|           1|
    |ap_predicate_op1091_read_state57  |    and   |      0|  0|   2|           1|           1|
    |ap_predicate_op1093_read_state57  |    and   |      0|  0|   2|           1|           1|
    |ap_predicate_op1095_read_state57  |    and   |      0|  0|   2|           1|           1|
    |ap_predicate_op1097_read_state57  |    and   |      0|  0|   2|           1|           1|
    |ap_predicate_op1099_read_state57  |    and   |      0|  0|   2|           1|           1|
    |ap_predicate_op1101_read_state57  |    and   |      0|  0|   2|           1|           1|
    |ap_predicate_op1103_read_state57  |    and   |      0|  0|   2|           1|           1|
    |ap_predicate_op1142_read_state60  |    and   |      0|  0|   2|           1|           1|
    |ap_predicate_op1144_read_state60  |    and   |      0|  0|   2|           1|           1|
    |ap_predicate_op1146_read_state60  |    and   |      0|  0|   2|           1|           1|
    |ap_predicate_op1148_read_state60  |    and   |      0|  0|   2|           1|           1|
    |ap_predicate_op1150_read_state60  |    and   |      0|  0|   2|           1|           1|
    |ap_predicate_op1152_read_state60  |    and   |      0|  0|   2|           1|           1|
    |ap_predicate_op1154_read_state60  |    and   |      0|  0|   2|           1|           1|
    |ap_predicate_op1156_read_state60  |    and   |      0|  0|   2|           1|           1|
    |ap_predicate_op1195_read_state63  |    and   |      0|  0|   2|           1|           1|
    |ap_predicate_op1197_read_state63  |    and   |      0|  0|   2|           1|           1|
    |ap_predicate_op1199_read_state63  |    and   |      0|  0|   2|           1|           1|
    |ap_predicate_op1201_read_state63  |    and   |      0|  0|   2|           1|           1|
    |ap_predicate_op1203_read_state63  |    and   |      0|  0|   2|           1|           1|
    |ap_predicate_op1205_read_state63  |    and   |      0|  0|   2|           1|           1|
    |ap_predicate_op1207_read_state63  |    and   |      0|  0|   2|           1|           1|
    |ap_predicate_op1209_read_state63  |    and   |      0|  0|   2|           1|           1|
    |ap_predicate_op1248_read_state66  |    and   |      0|  0|   2|           1|           1|
    |ap_predicate_op1250_read_state66  |    and   |      0|  0|   2|           1|           1|
    |ap_predicate_op1252_read_state66  |    and   |      0|  0|   2|           1|           1|
    |ap_predicate_op1254_read_state66  |    and   |      0|  0|   2|           1|           1|
    |ap_predicate_op1256_read_state66  |    and   |      0|  0|   2|           1|           1|
    |ap_predicate_op1258_read_state66  |    and   |      0|  0|   2|           1|           1|
    |ap_predicate_op1260_read_state66  |    and   |      0|  0|   2|           1|           1|
    |ap_predicate_op1262_read_state66  |    and   |      0|  0|   2|           1|           1|
    |ap_predicate_op1301_read_state69  |    and   |      0|  0|   2|           1|           1|
    |ap_predicate_op1303_read_state69  |    and   |      0|  0|   2|           1|           1|
    |ap_predicate_op1305_read_state69  |    and   |      0|  0|   2|           1|           1|
    |ap_predicate_op1307_read_state69  |    and   |      0|  0|   2|           1|           1|
    |ap_predicate_op1309_read_state69  |    and   |      0|  0|   2|           1|           1|
    |ap_predicate_op1311_read_state69  |    and   |      0|  0|   2|           1|           1|
    |ap_predicate_op1313_read_state69  |    and   |      0|  0|   2|           1|           1|
    |ap_predicate_op1315_read_state69  |    and   |      0|  0|   2|           1|           1|
    |ap_predicate_op1354_read_state72  |    and   |      0|  0|   2|           1|           1|
    |ap_predicate_op1356_read_state72  |    and   |      0|  0|   2|           1|           1|
    |ap_predicate_op1358_read_state72  |    and   |      0|  0|   2|           1|           1|
    |ap_predicate_op135_read_state3    |    and   |      0|  0|   2|           1|           1|
    |ap_predicate_op1360_read_state72  |    and   |      0|  0|   2|           1|           1|
    |ap_predicate_op1362_read_state72  |    and   |      0|  0|   2|           1|           1|
    |ap_predicate_op1364_read_state72  |    and   |      0|  0|   2|           1|           1|
    |ap_predicate_op1366_read_state72  |    and   |      0|  0|   2|           1|           1|
    |ap_predicate_op1368_read_state72  |    and   |      0|  0|   2|           1|           1|
    |ap_predicate_op137_read_state3    |    and   |      0|  0|   2|           1|           1|
    |ap_predicate_op139_read_state3    |    and   |      0|  0|   2|           1|           1|
    |ap_predicate_op1407_read_state75  |    and   |      0|  0|   2|           1|           1|
    |ap_predicate_op1409_read_state75  |    and   |      0|  0|   2|           1|           1|
    |ap_predicate_op1411_read_state75  |    and   |      0|  0|   2|           1|           1|
    |ap_predicate_op1413_read_state75  |    and   |      0|  0|   2|           1|           1|
    |ap_predicate_op1415_read_state75  |    and   |      0|  0|   2|           1|           1|
    |ap_predicate_op1417_read_state75  |    and   |      0|  0|   2|           1|           1|
    |ap_predicate_op1419_read_state75  |    and   |      0|  0|   2|           1|           1|
    |ap_predicate_op141_read_state3    |    and   |      0|  0|   2|           1|           1|
    |ap_predicate_op1421_read_state75  |    and   |      0|  0|   2|           1|           1|
    |ap_predicate_op143_read_state3    |    and   |      0|  0|   2|           1|           1|
    |ap_predicate_op145_read_state3    |    and   |      0|  0|   2|           1|           1|
    |ap_predicate_op1460_read_state78  |    and   |      0|  0|   2|           1|           1|
    |ap_predicate_op1462_read_state78  |    and   |      0|  0|   2|           1|           1|
    |ap_predicate_op1464_read_state78  |    and   |      0|  0|   2|           1|           1|
    |ap_predicate_op1466_read_state78  |    and   |      0|  0|   2|           1|           1|
    |ap_predicate_op1468_read_state78  |    and   |      0|  0|   2|           1|           1|
    |ap_predicate_op1470_read_state78  |    and   |      0|  0|   2|           1|           1|
    |ap_predicate_op1472_read_state78  |    and   |      0|  0|   2|           1|           1|
    |ap_predicate_op1474_read_state78  |    and   |      0|  0|   2|           1|           1|
    |ap_predicate_op147_read_state3    |    and   |      0|  0|   2|           1|           1|
    |ap_predicate_op149_read_state3    |    and   |      0|  0|   2|           1|           1|
    |ap_predicate_op1513_read_state81  |    and   |      0|  0|   2|           1|           1|
    |ap_predicate_op1515_read_state81  |    and   |      0|  0|   2|           1|           1|
    |ap_predicate_op1517_read_state81  |    and   |      0|  0|   2|           1|           1|
    |ap_predicate_op1519_read_state81  |    and   |      0|  0|   2|           1|           1|
    |ap_predicate_op1521_read_state81  |    and   |      0|  0|   2|           1|           1|
    |ap_predicate_op1523_read_state81  |    and   |      0|  0|   2|           1|           1|
    |ap_predicate_op1525_read_state81  |    and   |      0|  0|   2|           1|           1|
    |ap_predicate_op1527_read_state81  |    and   |      0|  0|   2|           1|           1|
    |ap_predicate_op1566_read_state84  |    and   |      0|  0|   2|           1|           1|
    |ap_predicate_op1568_read_state84  |    and   |      0|  0|   2|           1|           1|
    |ap_predicate_op1570_read_state84  |    and   |      0|  0|   2|           1|           1|
    |ap_predicate_op1572_read_state84  |    and   |      0|  0|   2|           1|           1|
    |ap_predicate_op1574_read_state84  |    and   |      0|  0|   2|           1|           1|
    |ap_predicate_op1576_read_state84  |    and   |      0|  0|   2|           1|           1|
    |ap_predicate_op1578_read_state84  |    and   |      0|  0|   2|           1|           1|
    |ap_predicate_op1580_read_state84  |    and   |      0|  0|   2|           1|           1|
    |ap_predicate_op1619_read_state87  |    and   |      0|  0|   2|           1|           1|
    |ap_predicate_op1621_read_state87  |    and   |      0|  0|   2|           1|           1|
    |ap_predicate_op1623_read_state87  |    and   |      0|  0|   2|           1|           1|
    |ap_predicate_op1625_read_state87  |    and   |      0|  0|   2|           1|           1|
    |ap_predicate_op1627_read_state87  |    and   |      0|  0|   2|           1|           1|
    |ap_predicate_op1629_read_state87  |    and   |      0|  0|   2|           1|           1|
    |ap_predicate_op1631_read_state87  |    and   |      0|  0|   2|           1|           1|
    |ap_predicate_op1633_read_state87  |    and   |      0|  0|   2|           1|           1|
    |ap_predicate_op1672_read_state90  |    and   |      0|  0|   2|           1|           1|
    |ap_predicate_op1674_read_state90  |    and   |      0|  0|   2|           1|           1|
    |ap_predicate_op1676_read_state90  |    and   |      0|  0|   2|           1|           1|
    |ap_predicate_op1678_read_state90  |    and   |      0|  0|   2|           1|           1|
    |ap_predicate_op1680_read_state90  |    and   |      0|  0|   2|           1|           1|
    |ap_predicate_op1682_read_state90  |    and   |      0|  0|   2|           1|           1|
    |ap_predicate_op1684_read_state90  |    and   |      0|  0|   2|           1|           1|
    |ap_predicate_op1686_read_state90  |    and   |      0|  0|   2|           1|           1|
    |ap_predicate_op1725_read_state93  |    and   |      0|  0|   2|           1|           1|
    |ap_predicate_op1727_read_state93  |    and   |      0|  0|   2|           1|           1|
    |ap_predicate_op1729_read_state93  |    and   |      0|  0|   2|           1|           1|
    |ap_predicate_op1731_read_state93  |    and   |      0|  0|   2|           1|           1|
    |ap_predicate_op1733_read_state93  |    and   |      0|  0|   2|           1|           1|
    |ap_predicate_op1735_read_state93  |    and   |      0|  0|   2|           1|           1|
    |ap_predicate_op1737_read_state93  |    and   |      0|  0|   2|           1|           1|
    |ap_predicate_op1739_read_state93  |    and   |      0|  0|   2|           1|           1|
    |ap_predicate_op188_read_state6    |    and   |      0|  0|   2|           1|           1|
    |ap_predicate_op190_read_state6    |    and   |      0|  0|   2|           1|           1|
    |ap_predicate_op192_read_state6    |    and   |      0|  0|   2|           1|           1|
    |ap_predicate_op194_read_state6    |    and   |      0|  0|   2|           1|           1|
    |ap_predicate_op196_read_state6    |    and   |      0|  0|   2|           1|           1|
    |ap_predicate_op198_read_state6    |    and   |      0|  0|   2|           1|           1|
    |ap_predicate_op200_read_state6    |    and   |      0|  0|   2|           1|           1|
    |ap_predicate_op202_read_state6    |    and   |      0|  0|   2|           1|           1|
    |ap_predicate_op241_read_state9    |    and   |      0|  0|   2|           1|           1|
    |ap_predicate_op243_read_state9    |    and   |      0|  0|   2|           1|           1|
    |ap_predicate_op245_read_state9    |    and   |      0|  0|   2|           1|           1|
    |ap_predicate_op247_read_state9    |    and   |      0|  0|   2|           1|           1|
    |ap_predicate_op249_read_state9    |    and   |      0|  0|   2|           1|           1|
    |ap_predicate_op251_read_state9    |    and   |      0|  0|   2|           1|           1|
    |ap_predicate_op253_read_state9    |    and   |      0|  0|   2|           1|           1|
    |ap_predicate_op255_read_state9    |    and   |      0|  0|   2|           1|           1|
    |ap_predicate_op294_read_state12   |    and   |      0|  0|   2|           1|           1|
    |ap_predicate_op296_read_state12   |    and   |      0|  0|   2|           1|           1|
    |ap_predicate_op298_read_state12   |    and   |      0|  0|   2|           1|           1|
    |ap_predicate_op300_read_state12   |    and   |      0|  0|   2|           1|           1|
    |ap_predicate_op302_read_state12   |    and   |      0|  0|   2|           1|           1|
    |ap_predicate_op304_read_state12   |    and   |      0|  0|   2|           1|           1|
    |ap_predicate_op306_read_state12   |    and   |      0|  0|   2|           1|           1|
    |ap_predicate_op308_read_state12   |    and   |      0|  0|   2|           1|           1|
    |ap_predicate_op347_read_state15   |    and   |      0|  0|   2|           1|           1|
    |ap_predicate_op349_read_state15   |    and   |      0|  0|   2|           1|           1|
    |ap_predicate_op351_read_state15   |    and   |      0|  0|   2|           1|           1|
    |ap_predicate_op353_read_state15   |    and   |      0|  0|   2|           1|           1|
    |ap_predicate_op355_read_state15   |    and   |      0|  0|   2|           1|           1|
    |ap_predicate_op357_read_state15   |    and   |      0|  0|   2|           1|           1|
    |ap_predicate_op359_read_state15   |    and   |      0|  0|   2|           1|           1|
    |ap_predicate_op361_read_state15   |    and   |      0|  0|   2|           1|           1|
    |ap_predicate_op400_read_state18   |    and   |      0|  0|   2|           1|           1|
    |ap_predicate_op402_read_state18   |    and   |      0|  0|   2|           1|           1|
    |ap_predicate_op404_read_state18   |    and   |      0|  0|   2|           1|           1|
    |ap_predicate_op406_read_state18   |    and   |      0|  0|   2|           1|           1|
    |ap_predicate_op408_read_state18   |    and   |      0|  0|   2|           1|           1|
    |ap_predicate_op410_read_state18   |    and   |      0|  0|   2|           1|           1|
    |ap_predicate_op412_read_state18   |    and   |      0|  0|   2|           1|           1|
    |ap_predicate_op414_read_state18   |    and   |      0|  0|   2|           1|           1|
    |ap_predicate_op453_read_state21   |    and   |      0|  0|   2|           1|           1|
    |ap_predicate_op455_read_state21   |    and   |      0|  0|   2|           1|           1|
    |ap_predicate_op457_read_state21   |    and   |      0|  0|   2|           1|           1|
    |ap_predicate_op459_read_state21   |    and   |      0|  0|   2|           1|           1|
    |ap_predicate_op461_read_state21   |    and   |      0|  0|   2|           1|           1|
    |ap_predicate_op463_read_state21   |    and   |      0|  0|   2|           1|           1|
    |ap_predicate_op465_read_state21   |    and   |      0|  0|   2|           1|           1|
    |ap_predicate_op467_read_state21   |    and   |      0|  0|   2|           1|           1|
    |ap_predicate_op506_read_state24   |    and   |      0|  0|   2|           1|           1|
    |ap_predicate_op508_read_state24   |    and   |      0|  0|   2|           1|           1|
    |ap_predicate_op510_read_state24   |    and   |      0|  0|   2|           1|           1|
    |ap_predicate_op512_read_state24   |    and   |      0|  0|   2|           1|           1|
    |ap_predicate_op514_read_state24   |    and   |      0|  0|   2|           1|           1|
    |ap_predicate_op516_read_state24   |    and   |      0|  0|   2|           1|           1|
    |ap_predicate_op518_read_state24   |    and   |      0|  0|   2|           1|           1|
    |ap_predicate_op520_read_state24   |    and   |      0|  0|   2|           1|           1|
    |ap_predicate_op559_read_state27   |    and   |      0|  0|   2|           1|           1|
    |ap_predicate_op561_read_state27   |    and   |      0|  0|   2|           1|           1|
    |ap_predicate_op563_read_state27   |    and   |      0|  0|   2|           1|           1|
    |ap_predicate_op565_read_state27   |    and   |      0|  0|   2|           1|           1|
    |ap_predicate_op567_read_state27   |    and   |      0|  0|   2|           1|           1|
    |ap_predicate_op569_read_state27   |    and   |      0|  0|   2|           1|           1|
    |ap_predicate_op571_read_state27   |    and   |      0|  0|   2|           1|           1|
    |ap_predicate_op573_read_state27   |    and   |      0|  0|   2|           1|           1|
    |ap_predicate_op612_read_state30   |    and   |      0|  0|   2|           1|           1|
    |ap_predicate_op614_read_state30   |    and   |      0|  0|   2|           1|           1|
    |ap_predicate_op616_read_state30   |    and   |      0|  0|   2|           1|           1|
    |ap_predicate_op618_read_state30   |    and   |      0|  0|   2|           1|           1|
    |ap_predicate_op620_read_state30   |    and   |      0|  0|   2|           1|           1|
    |ap_predicate_op622_read_state30   |    and   |      0|  0|   2|           1|           1|
    |ap_predicate_op624_read_state30   |    and   |      0|  0|   2|           1|           1|
    |ap_predicate_op626_read_state30   |    and   |      0|  0|   2|           1|           1|
    |ap_predicate_op665_read_state33   |    and   |      0|  0|   2|           1|           1|
    |ap_predicate_op667_read_state33   |    and   |      0|  0|   2|           1|           1|
    |ap_predicate_op669_read_state33   |    and   |      0|  0|   2|           1|           1|
    |ap_predicate_op671_read_state33   |    and   |      0|  0|   2|           1|           1|
    |ap_predicate_op673_read_state33   |    and   |      0|  0|   2|           1|           1|
    |ap_predicate_op675_read_state33   |    and   |      0|  0|   2|           1|           1|
    |ap_predicate_op677_read_state33   |    and   |      0|  0|   2|           1|           1|
    |ap_predicate_op679_read_state33   |    and   |      0|  0|   2|           1|           1|
    |ap_predicate_op718_read_state36   |    and   |      0|  0|   2|           1|           1|
    |ap_predicate_op720_read_state36   |    and   |      0|  0|   2|           1|           1|
    |ap_predicate_op722_read_state36   |    and   |      0|  0|   2|           1|           1|
    |ap_predicate_op724_read_state36   |    and   |      0|  0|   2|           1|           1|
    |ap_predicate_op726_read_state36   |    and   |      0|  0|   2|           1|           1|
    |ap_predicate_op728_read_state36   |    and   |      0|  0|   2|           1|           1|
    |ap_predicate_op730_read_state36   |    and   |      0|  0|   2|           1|           1|
    |ap_predicate_op732_read_state36   |    and   |      0|  0|   2|           1|           1|
    |ap_predicate_op771_read_state39   |    and   |      0|  0|   2|           1|           1|
    |ap_predicate_op773_read_state39   |    and   |      0|  0|   2|           1|           1|
    |ap_predicate_op775_read_state39   |    and   |      0|  0|   2|           1|           1|
    |ap_predicate_op777_read_state39   |    and   |      0|  0|   2|           1|           1|
    |ap_predicate_op779_read_state39   |    and   |      0|  0|   2|           1|           1|
    |ap_predicate_op781_read_state39   |    and   |      0|  0|   2|           1|           1|
    |ap_predicate_op783_read_state39   |    and   |      0|  0|   2|           1|           1|
    |ap_predicate_op785_read_state39   |    and   |      0|  0|   2|           1|           1|
    |ap_predicate_op824_read_state42   |    and   |      0|  0|   2|           1|           1|
    |ap_predicate_op826_read_state42   |    and   |      0|  0|   2|           1|           1|
    |ap_predicate_op828_read_state42   |    and   |      0|  0|   2|           1|           1|
    |ap_predicate_op830_read_state42   |    and   |      0|  0|   2|           1|           1|
    |ap_predicate_op832_read_state42   |    and   |      0|  0|   2|           1|           1|
    |ap_predicate_op834_read_state42   |    and   |      0|  0|   2|           1|           1|
    |ap_predicate_op836_read_state42   |    and   |      0|  0|   2|           1|           1|
    |ap_predicate_op838_read_state42   |    and   |      0|  0|   2|           1|           1|
    |ap_predicate_op877_read_state45   |    and   |      0|  0|   2|           1|           1|
    |ap_predicate_op879_read_state45   |    and   |      0|  0|   2|           1|           1|
    |ap_predicate_op881_read_state45   |    and   |      0|  0|   2|           1|           1|
    |ap_predicate_op883_read_state45   |    and   |      0|  0|   2|           1|           1|
    |ap_predicate_op885_read_state45   |    and   |      0|  0|   2|           1|           1|
    |ap_predicate_op887_read_state45   |    and   |      0|  0|   2|           1|           1|
    |ap_predicate_op889_read_state45   |    and   |      0|  0|   2|           1|           1|
    |ap_predicate_op891_read_state45   |    and   |      0|  0|   2|           1|           1|
    |ap_predicate_op930_read_state48   |    and   |      0|  0|   2|           1|           1|
    |ap_predicate_op932_read_state48   |    and   |      0|  0|   2|           1|           1|
    |ap_predicate_op934_read_state48   |    and   |      0|  0|   2|           1|           1|
    |ap_predicate_op936_read_state48   |    and   |      0|  0|   2|           1|           1|
    |ap_predicate_op938_read_state48   |    and   |      0|  0|   2|           1|           1|
    |ap_predicate_op940_read_state48   |    and   |      0|  0|   2|           1|           1|
    |ap_predicate_op942_read_state48   |    and   |      0|  0|   2|           1|           1|
    |ap_predicate_op944_read_state48   |    and   |      0|  0|   2|           1|           1|
    |ap_predicate_op983_read_state51   |    and   |      0|  0|   2|           1|           1|
    |ap_predicate_op985_read_state51   |    and   |      0|  0|   2|           1|           1|
    |ap_predicate_op987_read_state51   |    and   |      0|  0|   2|           1|           1|
    |ap_predicate_op989_read_state51   |    and   |      0|  0|   2|           1|           1|
    |ap_predicate_op991_read_state51   |    and   |      0|  0|   2|           1|           1|
    |ap_predicate_op993_read_state51   |    and   |      0|  0|   2|           1|           1|
    |ap_predicate_op995_read_state51   |    and   |      0|  0|   2|           1|           1|
    |ap_predicate_op997_read_state51   |    and   |      0|  0|   2|           1|           1|
    |exitcond2_i_fu_1441_p2            |   icmp   |      0|  0|  11|           5|           2|
    |exitcond_10_i_fu_1613_p2          |   icmp   |      0|  0|  11|           4|           5|
    |exitcond_11_i_fu_1629_p2          |   icmp   |      0|  0|  11|           4|           5|
    |exitcond_12_i_fu_1645_p2          |   icmp   |      0|  0|  11|           4|           5|
    |exitcond_13_i_fu_1677_p2          |   icmp   |      0|  0|  11|           4|           5|
    |exitcond_14_i_fu_1693_p2          |   icmp   |      0|  0|  11|           4|           5|
    |exitcond_15_i_fu_1709_p2          |   icmp   |      0|  0|  11|           4|           5|
    |exitcond_16_i_fu_1725_p2          |   icmp   |      0|  0|  11|           4|           5|
    |exitcond_17_i_fu_1741_p2          |   icmp   |      0|  0|  11|           4|           5|
    |exitcond_18_i_fu_1757_p2          |   icmp   |      0|  0|  11|           4|           5|
    |exitcond_19_i_fu_1773_p2          |   icmp   |      0|  0|  11|           4|           5|
    |exitcond_1_i_fu_1469_p2           |   icmp   |      0|  0|  11|           4|           5|
    |exitcond_20_i_fu_1789_p2          |   icmp   |      0|  0|  11|           4|           5|
    |exitcond_21_i_fu_1805_p2          |   icmp   |      0|  0|  11|           4|           5|
    |exitcond_22_i_fu_1821_p2          |   icmp   |      0|  0|  11|           4|           5|
    |exitcond_23_i_fu_1837_p2          |   icmp   |      0|  0|  11|           4|           5|
    |exitcond_24_i_fu_1853_p2          |   icmp   |      0|  0|  11|           4|           5|
    |exitcond_25_i_fu_1869_p2          |   icmp   |      0|  0|  11|           4|           5|
    |exitcond_26_i_fu_1885_p2          |   icmp   |      0|  0|  11|           4|           5|
    |exitcond_27_i_fu_1901_p2          |   icmp   |      0|  0|  11|           4|           5|
    |exitcond_28_i_fu_1917_p2          |   icmp   |      0|  0|  11|           4|           5|
    |exitcond_29_i_fu_1933_p2          |   icmp   |      0|  0|  11|           4|           5|
    |exitcond_2_i_fu_1485_p2           |   icmp   |      0|  0|  11|           4|           5|
    |exitcond_3_i_fu_1501_p2           |   icmp   |      0|  0|  11|           4|           5|
    |exitcond_4_i_fu_1517_p2           |   icmp   |      0|  0|  11|           4|           5|
    |exitcond_5_i_fu_1533_p2           |   icmp   |      0|  0|  11|           4|           5|
    |exitcond_6_i_fu_1549_p2           |   icmp   |      0|  0|  11|           4|           5|
    |exitcond_7_i_fu_1565_p2           |   icmp   |      0|  0|  11|           4|           5|
    |exitcond_8_i_fu_1581_p2           |   icmp   |      0|  0|  11|           4|           5|
    |exitcond_9_i_fu_1597_p2           |   icmp   |      0|  0|  11|           4|           5|
    |exitcond_i_541_fu_1661_p2         |   icmp   |      0|  0|  11|           4|           5|
    |exitcond_i_fu_1453_p2             |   icmp   |      0|  0|  11|           4|           5|
    |ap_block_state1                   |    or    |      0|  0|   2|           1|           1|
    |ap_block_state10                  |    or    |      0|  0|   2|           1|           1|
    |ap_block_state12                  |    or    |      0|  0|   2|           1|           1|
    |ap_block_state13                  |    or    |      0|  0|   2|           1|           1|
    |ap_block_state15                  |    or    |      0|  0|   2|           1|           1|
    |ap_block_state16                  |    or    |      0|  0|   2|           1|           1|
    |ap_block_state18                  |    or    |      0|  0|   2|           1|           1|
    |ap_block_state19                  |    or    |      0|  0|   2|           1|           1|
    |ap_block_state21                  |    or    |      0|  0|   2|           1|           1|
    |ap_block_state22                  |    or    |      0|  0|   2|           1|           1|
    |ap_block_state24                  |    or    |      0|  0|   2|           1|           1|
    |ap_block_state25                  |    or    |      0|  0|   2|           1|           1|
    |ap_block_state27                  |    or    |      0|  0|   2|           1|           1|
    |ap_block_state28                  |    or    |      0|  0|   2|           1|           1|
    |ap_block_state3                   |    or    |      0|  0|   2|           1|           1|
    |ap_block_state30                  |    or    |      0|  0|   2|           1|           1|
    |ap_block_state31                  |    or    |      0|  0|   2|           1|           1|
    |ap_block_state33                  |    or    |      0|  0|   2|           1|           1|
    |ap_block_state34                  |    or    |      0|  0|   2|           1|           1|
    |ap_block_state36                  |    or    |      0|  0|   2|           1|           1|
    |ap_block_state37                  |    or    |      0|  0|   2|           1|           1|
    |ap_block_state39                  |    or    |      0|  0|   2|           1|           1|
    |ap_block_state4                   |    or    |      0|  0|   2|           1|           1|
    |ap_block_state40                  |    or    |      0|  0|   2|           1|           1|
    |ap_block_state42                  |    or    |      0|  0|   2|           1|           1|
    |ap_block_state43                  |    or    |      0|  0|   2|           1|           1|
    |ap_block_state45                  |    or    |      0|  0|   2|           1|           1|
    |ap_block_state46                  |    or    |      0|  0|   2|           1|           1|
    |ap_block_state48                  |    or    |      0|  0|   2|           1|           1|
    |ap_block_state49                  |    or    |      0|  0|   2|           1|           1|
    |ap_block_state51                  |    or    |      0|  0|   2|           1|           1|
    |ap_block_state52                  |    or    |      0|  0|   2|           1|           1|
    |ap_block_state54                  |    or    |      0|  0|   2|           1|           1|
    |ap_block_state55                  |    or    |      0|  0|   2|           1|           1|
    |ap_block_state57                  |    or    |      0|  0|   2|           1|           1|
    |ap_block_state58                  |    or    |      0|  0|   2|           1|           1|
    |ap_block_state6                   |    or    |      0|  0|   2|           1|           1|
    |ap_block_state60                  |    or    |      0|  0|   2|           1|           1|
    |ap_block_state61                  |    or    |      0|  0|   2|           1|           1|
    |ap_block_state63                  |    or    |      0|  0|   2|           1|           1|
    |ap_block_state64                  |    or    |      0|  0|   2|           1|           1|
    |ap_block_state66                  |    or    |      0|  0|   2|           1|           1|
    |ap_block_state67                  |    or    |      0|  0|   2|           1|           1|
    |ap_block_state69                  |    or    |      0|  0|   2|           1|           1|
    |ap_block_state7                   |    or    |      0|  0|   2|           1|           1|
    |ap_block_state70                  |    or    |      0|  0|   2|           1|           1|
    |ap_block_state72                  |    or    |      0|  0|   2|           1|           1|
    |ap_block_state73                  |    or    |      0|  0|   2|           1|           1|
    |ap_block_state75                  |    or    |      0|  0|   2|           1|           1|
    |ap_block_state76                  |    or    |      0|  0|   2|           1|           1|
    |ap_block_state78                  |    or    |      0|  0|   2|           1|           1|
    |ap_block_state79                  |    or    |      0|  0|   2|           1|           1|
    |ap_block_state81                  |    or    |      0|  0|   2|           1|           1|
    |ap_block_state82                  |    or    |      0|  0|   2|           1|           1|
    |ap_block_state84                  |    or    |      0|  0|   2|           1|           1|
    |ap_block_state85                  |    or    |      0|  0|   2|           1|           1|
    |ap_block_state87                  |    or    |      0|  0|   2|           1|           1|
    |ap_block_state88                  |    or    |      0|  0|   2|           1|           1|
    |ap_block_state9                   |    or    |      0|  0|   2|           1|           1|
    |ap_block_state90                  |    or    |      0|  0|   2|           1|           1|
    |ap_block_state91                  |    or    |      0|  0|   2|           1|           1|
    |ap_block_state93                  |    or    |      0|  0|   2|           1|           1|
    |ap_block_state94                  |    or    |      0|  0|   2|           1|           1|
    +----------------------------------+----------+-------+---+----+------------+------------+
    |Total                             |          |      0|  0|1454|         600|         531|
    +----------------------------------+----------+-------+---+----+------------+------------+

    * Multiplexer: 
    +------------------------------+-----+-----------+-----+-----------+
    |             Name             | LUT | Input Size| Bits| Total Bits|
    +------------------------------+-----+-----------+-----+-----------+
    |UnifiedRetVal_i_i14_reg_212   |   41|          8|   32|        256|
    |UnifiedRetVal_i_i15_reg_252   |   41|          8|   32|        256|
    |UnifiedRetVal_i_i16_reg_292   |   41|          8|   32|        256|
    |UnifiedRetVal_i_i17_reg_1372  |   41|          8|   32|        256|
    |UnifiedRetVal_i_i18_reg_332   |   41|          8|   32|        256|
    |UnifiedRetVal_i_i19_reg_372   |   41|          8|   32|        256|
    |UnifiedRetVal_i_i20_reg_412   |   41|          8|   32|        256|
    |UnifiedRetVal_i_i21_reg_452   |   41|          8|   32|        256|
    |UnifiedRetVal_i_i22_reg_492   |   41|          8|   32|        256|
    |UnifiedRetVal_i_i23_reg_532   |   41|          8|   32|        256|
    |UnifiedRetVal_i_i24_reg_572   |   41|          8|   32|        256|
    |UnifiedRetVal_i_i25_reg_612   |   41|          8|   32|        256|
    |UnifiedRetVal_i_i26_reg_652   |   41|          8|   32|        256|
    |UnifiedRetVal_i_i27_reg_692   |   41|          8|   32|        256|
    |UnifiedRetVal_i_i28_reg_732   |   41|          8|   32|        256|
    |UnifiedRetVal_i_i29_reg_772   |   41|          8|   32|        256|
    |UnifiedRetVal_i_i30_reg_812   |   41|          8|   32|        256|
    |UnifiedRetVal_i_i31_reg_852   |   41|          8|   32|        256|
    |UnifiedRetVal_i_i32_reg_892   |   41|          8|   32|        256|
    |UnifiedRetVal_i_i33_reg_932   |   41|          8|   32|        256|
    |UnifiedRetVal_i_i34_reg_972   |   41|          8|   32|        256|
    |UnifiedRetVal_i_i35_reg_1332  |   41|          8|   32|        256|
    |UnifiedRetVal_i_i36_reg_1012  |   41|          8|   32|        256|
    |UnifiedRetVal_i_i37_reg_1052  |   41|          8|   32|        256|
    |UnifiedRetVal_i_i38_reg_1092  |   41|          8|   32|        256|
    |UnifiedRetVal_i_i39_reg_1132  |   41|          8|   32|        256|
    |UnifiedRetVal_i_i40_reg_1172  |   41|          8|   32|        256|
    |UnifiedRetVal_i_i41_reg_1212  |   41|          8|   32|        256|
    |UnifiedRetVal_i_i42_reg_1252  |   41|          8|   32|        256|
    |UnifiedRetVal_i_i43_reg_1292  |   41|          8|   32|        256|
    |UnifiedRetVal_i_i_reg_1412    |   41|          8|   32|        256|
    |ap_NS_fsm                     |  413|         95|    1|         95|
    |ap_done                       |    9|          2|    1|          2|
    |ch_10_i_reg_601               |    9|          2|    4|          8|
    |ch_11_i_reg_641               |    9|          2|    4|          8|
    |ch_12_i_reg_681               |    9|          2|    4|          8|
    |ch_13_i_reg_721               |    9|          2|    4|          8|
    |ch_14_i_reg_761               |    9|          2|    4|          8|
    |ch_15_i_reg_801               |    9|          2|    4|          8|
    |ch_16_i_reg_841               |    9|          2|    4|          8|
    |ch_17_i_reg_881               |    9|          2|    4|          8|
    |ch_18_i_reg_921               |    9|          2|    4|          8|
    |ch_19_i_reg_961               |    9|          2|    4|          8|
    |ch_1_i_reg_241                |    9|          2|    4|          8|
    |ch_20_i_reg_1001              |    9|          2|    4|          8|
    |ch_21_i_reg_1041              |    9|          2|    4|          8|
    |ch_22_i_reg_1081              |    9|          2|    4|          8|
    |ch_23_i_reg_1121              |    9|          2|    4|          8|
    |ch_24_i_reg_1161              |    9|          2|    4|          8|
    |ch_25_i_reg_1201              |    9|          2|    4|          8|
    |ch_26_i_reg_1241              |    9|          2|    4|          8|
    |ch_27_i_reg_1281              |    9|          2|    4|          8|
    |ch_28_i_reg_1321              |    9|          2|    4|          8|
    |ch_29_i_reg_1361              |    9|          2|    4|          8|
    |ch_30_i_reg_1401              |    9|          2|    4|          8|
    |ch_3_i_reg_321                |    9|          2|    4|          8|
    |ch_4_i_reg_361                |    9|          2|    4|          8|
    |ch_5_i_reg_401                |    9|          2|    4|          8|
    |ch_6_i_reg_441                |    9|          2|    4|          8|
    |ch_7_i_reg_481                |    9|          2|    4|          8|
    |ch_8_i_reg_521                |    9|          2|    4|          8|
    |ch_9_i_reg_561                |    9|          2|    4|          8|
    |ch_i_429_reg_281              |    9|          2|    4|          8|
    |ch_i_reg_201                  |    9|          2|    4|          8|
    |f1_0_blk_n                    |    9|          2|    1|          2|
    |f1_1_blk_n                    |    9|          2|    1|          2|
    |f1_2_blk_n                    |    9|          2|    1|          2|
    |f1_3_blk_n                    |    9|          2|    1|          2|
    |f1_4_blk_n                    |    9|          2|    1|          2|
    |f1_5_blk_n                    |    9|          2|    1|          2|
    |f1_6_blk_n                    |    9|          2|    1|          2|
    |f1_7_blk_n                    |    9|          2|    1|          2|
    |out_0_blk_n                   |    9|          2|    1|          2|
    |out_0_din                     |  145|         32|   32|       1024|
    |out_1_blk_n                   |    9|          2|    1|          2|
    |out_1_din                     |  145|         32|   32|       1024|
    |out_2_blk_n                   |    9|          2|    1|          2|
    |out_2_din                     |  145|         32|   32|       1024|
    |out_3_blk_n                   |    9|          2|    1|          2|
    |out_3_din                     |  145|         32|   32|       1024|
    |out_4_blk_n                   |    9|          2|    1|          2|
    |out_4_din                     |  145|         32|   32|       1024|
    |out_5_blk_n                   |    9|          2|    1|          2|
    |out_5_din                     |  145|         32|   32|       1024|
    |out_6_blk_n                   |    9|          2|    1|          2|
    |out_6_din                     |  145|         32|   32|       1024|
    |out_7_blk_n                   |    9|          2|    1|          2|
    |out_7_din                     |  145|         32|   32|       1024|
    |r_i_reg_190                   |    9|          2|    5|         10|
    |real_start                    |    9|          2|    1|          2|
    +------------------------------+-----+-----------+-----+-----------+
    |Total                         | 3294|        699| 1396|      16517|
    +------------------------------+-----+-----------+-----+-----------+

    * Register: 
    +------------------------------+----+----+-----+-----------+
    |             Name             | FF | LUT| Bits| Const Bits|
    +------------------------------+----+----+-----+-----------+
    |UnifiedRetVal_i_i14_reg_212   |  32|   0|   32|          0|
    |UnifiedRetVal_i_i15_reg_252   |  32|   0|   32|          0|
    |UnifiedRetVal_i_i16_reg_292   |  32|   0|   32|          0|
    |UnifiedRetVal_i_i17_reg_1372  |  32|   0|   32|          0|
    |UnifiedRetVal_i_i18_reg_332   |  32|   0|   32|          0|
    |UnifiedRetVal_i_i19_reg_372   |  32|   0|   32|          0|
    |UnifiedRetVal_i_i20_reg_412   |  32|   0|   32|          0|
    |UnifiedRetVal_i_i21_reg_452   |  32|   0|   32|          0|
    |UnifiedRetVal_i_i22_reg_492   |  32|   0|   32|          0|
    |UnifiedRetVal_i_i23_reg_532   |  32|   0|   32|          0|
    |UnifiedRetVal_i_i24_reg_572   |  32|   0|   32|          0|
    |UnifiedRetVal_i_i25_reg_612   |  32|   0|   32|          0|
    |UnifiedRetVal_i_i26_reg_652   |  32|   0|   32|          0|
    |UnifiedRetVal_i_i27_reg_692   |  32|   0|   32|          0|
    |UnifiedRetVal_i_i28_reg_732   |  32|   0|   32|          0|
    |UnifiedRetVal_i_i29_reg_772   |  32|   0|   32|          0|
    |UnifiedRetVal_i_i30_reg_812   |  32|   0|   32|          0|
    |UnifiedRetVal_i_i31_reg_852   |  32|   0|   32|          0|
    |UnifiedRetVal_i_i32_reg_892   |  32|   0|   32|          0|
    |UnifiedRetVal_i_i33_reg_932   |  32|   0|   32|          0|
    |UnifiedRetVal_i_i34_reg_972   |  32|   0|   32|          0|
    |UnifiedRetVal_i_i35_reg_1332  |  32|   0|   32|          0|
    |UnifiedRetVal_i_i36_reg_1012  |  32|   0|   32|          0|
    |UnifiedRetVal_i_i37_reg_1052  |  32|   0|   32|          0|
    |UnifiedRetVal_i_i38_reg_1092  |  32|   0|   32|          0|
    |UnifiedRetVal_i_i39_reg_1132  |  32|   0|   32|          0|
    |UnifiedRetVal_i_i40_reg_1172  |  32|   0|   32|          0|
    |UnifiedRetVal_i_i41_reg_1212  |  32|   0|   32|          0|
    |UnifiedRetVal_i_i42_reg_1252  |  32|   0|   32|          0|
    |UnifiedRetVal_i_i43_reg_1292  |  32|   0|   32|          0|
    |UnifiedRetVal_i_i_reg_1412    |  32|   0|   32|          0|
    |ap_CS_fsm                     |  94|   0|   94|          0|
    |ap_done_reg                   |   1|   0|    1|          0|
    |ch_10_i_reg_601               |   4|   0|    4|          0|
    |ch_11_i_reg_641               |   4|   0|    4|          0|
    |ch_12_i_reg_681               |   4|   0|    4|          0|
    |ch_13_i_reg_721               |   4|   0|    4|          0|
    |ch_14_i_reg_761               |   4|   0|    4|          0|
    |ch_15_i_reg_801               |   4|   0|    4|          0|
    |ch_16_i_reg_841               |   4|   0|    4|          0|
    |ch_17_i_reg_881               |   4|   0|    4|          0|
    |ch_18_i_reg_921               |   4|   0|    4|          0|
    |ch_19_i_reg_961               |   4|   0|    4|          0|
    |ch_1_i_reg_241                |   4|   0|    4|          0|
    |ch_20_i_reg_1001              |   4|   0|    4|          0|
    |ch_21_i_reg_1041              |   4|   0|    4|          0|
    |ch_22_i_reg_1081              |   4|   0|    4|          0|
    |ch_23_i_reg_1121              |   4|   0|    4|          0|
    |ch_24_i_reg_1161              |   4|   0|    4|          0|
    |ch_25_i_reg_1201              |   4|   0|    4|          0|
    |ch_26_i_reg_1241              |   4|   0|    4|          0|
    |ch_27_i_reg_1281              |   4|   0|    4|          0|
    |ch_28_i_reg_1321              |   4|   0|    4|          0|
    |ch_29_i_reg_1361              |   4|   0|    4|          0|
    |ch_2_10_i_reg_2532            |   4|   0|    4|          0|
    |ch_2_11_i_reg_2584            |   4|   0|    4|          0|
    |ch_2_12_i_reg_2636            |   4|   0|    4|          0|
    |ch_2_13_i_reg_2688            |   4|   0|    4|          0|
    |ch_2_14_i_reg_2740            |   4|   0|    4|          0|
    |ch_2_15_i_reg_2792            |   4|   0|    4|          0|
    |ch_2_16_i_reg_2844            |   4|   0|    4|          0|
    |ch_2_17_i_reg_2896            |   4|   0|    4|          0|
    |ch_2_18_i_reg_2948            |   4|   0|    4|          0|
    |ch_2_19_i_reg_3000            |   4|   0|    4|          0|
    |ch_2_1_i_reg_2012             |   4|   0|    4|          0|
    |ch_2_20_i_reg_3052            |   4|   0|    4|          0|
    |ch_2_21_i_reg_3104            |   4|   0|    4|          0|
    |ch_2_22_i_reg_3156            |   4|   0|    4|          0|
    |ch_2_23_i_reg_3208            |   4|   0|    4|          0|
    |ch_2_24_i_reg_3260            |   4|   0|    4|          0|
    |ch_2_25_i_reg_3312            |   4|   0|    4|          0|
    |ch_2_26_i_reg_3364            |   4|   0|    4|          0|
    |ch_2_27_i_reg_3416            |   4|   0|    4|          0|
    |ch_2_28_i_reg_3468            |   4|   0|    4|          0|
    |ch_2_29_i_reg_3520            |   4|   0|    4|          0|
    |ch_2_2_i_reg_2064             |   4|   0|    4|          0|
    |ch_2_3_i_reg_2116             |   4|   0|    4|          0|
    |ch_2_4_i_reg_2168             |   4|   0|    4|          0|
    |ch_2_5_i_reg_2220             |   4|   0|    4|          0|
    |ch_2_6_i_reg_2272             |   4|   0|    4|          0|
    |ch_2_7_i_reg_2324             |   4|   0|    4|          0|
    |ch_2_8_i_reg_2376             |   4|   0|    4|          0|
    |ch_2_9_i_reg_2428             |   4|   0|    4|          0|
    |ch_2_i_511_reg_2480           |   4|   0|    4|          0|
    |ch_2_i_reg_1960               |   4|   0|    4|          0|
    |ch_30_i_reg_1401              |   4|   0|    4|          0|
    |ch_3_i_reg_321                |   4|   0|    4|          0|
    |ch_4_i_reg_361                |   4|   0|    4|          0|
    |ch_5_i_reg_401                |   4|   0|    4|          0|
    |ch_6_i_reg_441                |   4|   0|    4|          0|
    |ch_7_i_reg_481                |   4|   0|    4|          0|
    |ch_8_i_reg_521                |   4|   0|    4|          0|
    |ch_9_i_reg_561                |   4|   0|    4|          0|
    |ch_i_429_reg_281              |   4|   0|    4|          0|
    |ch_i_reg_201                  |   4|   0|    4|          0|
    |r_i_reg_190                   |   5|   0|    5|          0|
    |r_reg_1952                    |   5|   0|    5|          0|
    |start_once_reg                |   1|   0|    1|          0|
    |tmp_14_reg_2017               |   3|   0|    3|          0|
    |tmp_15_reg_2069               |   3|   0|    3|          0|
    |tmp_16_reg_2121               |   3|   0|    3|          0|
    |tmp_17_reg_2173               |   3|   0|    3|          0|
    |tmp_18_reg_2225               |   3|   0|    3|          0|
    |tmp_19_reg_2277               |   3|   0|    3|          0|
    |tmp_20_reg_2329               |   3|   0|    3|          0|
    |tmp_21_reg_2381               |   3|   0|    3|          0|
    |tmp_22_reg_2433               |   3|   0|    3|          0|
    |tmp_23_reg_2485               |   3|   0|    3|          0|
    |tmp_24_reg_2537               |   3|   0|    3|          0|
    |tmp_25_reg_2589               |   3|   0|    3|          0|
    |tmp_26_reg_2641               |   3|   0|    3|          0|
    |tmp_27_reg_2693               |   3|   0|    3|          0|
    |tmp_28_reg_2745               |   3|   0|    3|          0|
    |tmp_29_reg_2797               |   3|   0|    3|          0|
    |tmp_30_reg_2849               |   3|   0|    3|          0|
    |tmp_31_reg_2901               |   3|   0|    3|          0|
    |tmp_32_reg_2953               |   3|   0|    3|          0|
    |tmp_33_reg_3005               |   3|   0|    3|          0|
    |tmp_34_reg_3057               |   3|   0|    3|          0|
    |tmp_35_reg_3109               |   3|   0|    3|          0|
    |tmp_36_reg_3161               |   3|   0|    3|          0|
    |tmp_37_reg_3213               |   3|   0|    3|          0|
    |tmp_38_reg_3265               |   3|   0|    3|          0|
    |tmp_39_reg_3317               |   3|   0|    3|          0|
    |tmp_40_reg_3369               |   3|   0|    3|          0|
    |tmp_41_reg_3421               |   3|   0|    3|          0|
    |tmp_42_reg_3473               |   3|   0|    3|          0|
    |tmp_43_reg_3525               |   3|   0|    3|          0|
    |tmp_reg_1965                  |   3|   0|    3|          0|
    +------------------------------+----+----+-----+-----------+
    |Total                         |1439|   0| 1439|          0|
    +------------------------------+----+----+-----+-----------+



================================================================
== Interface
================================================================
* Summary: 
+--------------+-----+-----+------------+--------------+--------------+
|   RTL Ports  | Dir | Bits|  Protocol  | Source Object|    C Type    |
+--------------+-----+-----+------------+--------------+--------------+
|ap_clk        |  in |    1| ap_ctrl_hs |   maxpool1   | return value |
|ap_rst        |  in |    1| ap_ctrl_hs |   maxpool1   | return value |
|ap_start      |  in |    1| ap_ctrl_hs |   maxpool1   | return value |
|start_full_n  |  in |    1| ap_ctrl_hs |   maxpool1   | return value |
|ap_done       | out |    1| ap_ctrl_hs |   maxpool1   | return value |
|ap_continue   |  in |    1| ap_ctrl_hs |   maxpool1   | return value |
|ap_idle       | out |    1| ap_ctrl_hs |   maxpool1   | return value |
|ap_ready      | out |    1| ap_ctrl_hs |   maxpool1   | return value |
|start_out     | out |    1| ap_ctrl_hs |   maxpool1   | return value |
|start_write   | out |    1| ap_ctrl_hs |   maxpool1   | return value |
|out_0_din     | out |   32|   ap_fifo  |     out_0    |    pointer   |
|out_0_full_n  |  in |    1|   ap_fifo  |     out_0    |    pointer   |
|out_0_write   | out |    1|   ap_fifo  |     out_0    |    pointer   |
|out_1_din     | out |   32|   ap_fifo  |     out_1    |    pointer   |
|out_1_full_n  |  in |    1|   ap_fifo  |     out_1    |    pointer   |
|out_1_write   | out |    1|   ap_fifo  |     out_1    |    pointer   |
|out_2_din     | out |   32|   ap_fifo  |     out_2    |    pointer   |
|out_2_full_n  |  in |    1|   ap_fifo  |     out_2    |    pointer   |
|out_2_write   | out |    1|   ap_fifo  |     out_2    |    pointer   |
|out_3_din     | out |   32|   ap_fifo  |     out_3    |    pointer   |
|out_3_full_n  |  in |    1|   ap_fifo  |     out_3    |    pointer   |
|out_3_write   | out |    1|   ap_fifo  |     out_3    |    pointer   |
|out_4_din     | out |   32|   ap_fifo  |     out_4    |    pointer   |
|out_4_full_n  |  in |    1|   ap_fifo  |     out_4    |    pointer   |
|out_4_write   | out |    1|   ap_fifo  |     out_4    |    pointer   |
|out_5_din     | out |   32|   ap_fifo  |     out_5    |    pointer   |
|out_5_full_n  |  in |    1|   ap_fifo  |     out_5    |    pointer   |
|out_5_write   | out |    1|   ap_fifo  |     out_5    |    pointer   |
|out_6_din     | out |   32|   ap_fifo  |     out_6    |    pointer   |
|out_6_full_n  |  in |    1|   ap_fifo  |     out_6    |    pointer   |
|out_6_write   | out |    1|   ap_fifo  |     out_6    |    pointer   |
|out_7_din     | out |   32|   ap_fifo  |     out_7    |    pointer   |
|out_7_full_n  |  in |    1|   ap_fifo  |     out_7    |    pointer   |
|out_7_write   | out |    1|   ap_fifo  |     out_7    |    pointer   |
|f1_0_dout     |  in |   32|   ap_fifo  |     f1_0     |    pointer   |
|f1_0_empty_n  |  in |    1|   ap_fifo  |     f1_0     |    pointer   |
|f1_0_read     | out |    1|   ap_fifo  |     f1_0     |    pointer   |
|f1_1_dout     |  in |   32|   ap_fifo  |     f1_1     |    pointer   |
|f1_1_empty_n  |  in |    1|   ap_fifo  |     f1_1     |    pointer   |
|f1_1_read     | out |    1|   ap_fifo  |     f1_1     |    pointer   |
|f1_2_dout     |  in |   32|   ap_fifo  |     f1_2     |    pointer   |
|f1_2_empty_n  |  in |    1|   ap_fifo  |     f1_2     |    pointer   |
|f1_2_read     | out |    1|   ap_fifo  |     f1_2     |    pointer   |
|f1_3_dout     |  in |   32|   ap_fifo  |     f1_3     |    pointer   |
|f1_3_empty_n  |  in |    1|   ap_fifo  |     f1_3     |    pointer   |
|f1_3_read     | out |    1|   ap_fifo  |     f1_3     |    pointer   |
|f1_4_dout     |  in |   32|   ap_fifo  |     f1_4     |    pointer   |
|f1_4_empty_n  |  in |    1|   ap_fifo  |     f1_4     |    pointer   |
|f1_4_read     | out |    1|   ap_fifo  |     f1_4     |    pointer   |
|f1_5_dout     |  in |   32|   ap_fifo  |     f1_5     |    pointer   |
|f1_5_empty_n  |  in |    1|   ap_fifo  |     f1_5     |    pointer   |
|f1_5_read     | out |    1|   ap_fifo  |     f1_5     |    pointer   |
|f1_6_dout     |  in |   32|   ap_fifo  |     f1_6     |    pointer   |
|f1_6_empty_n  |  in |    1|   ap_fifo  |     f1_6     |    pointer   |
|f1_6_read     | out |    1|   ap_fifo  |     f1_6     |    pointer   |
|f1_7_dout     |  in |   32|   ap_fifo  |     f1_7     |    pointer   |
|f1_7_empty_n  |  in |    1|   ap_fifo  |     f1_7     |    pointer   |
|f1_7_read     | out |    1|   ap_fifo  |     f1_7     |    pointer   |
+--------------+-----+-----+------------+--------------+--------------+

