

================================================================
== Vivado HLS Report for 'conv4'
================================================================
* Date:           Tue Jun  9 11:54:52 2026

* Version:        2018.3 (Build 2405991 on Thu Dec 06 23:56:15 MST 2018)
* Project:        finalproj
* Solution:       solution1
* Product family: zynq
* Target device:  xc7z020clg484-1


================================================================
== Performance Estimates
================================================================
+ Timing (ns): 
    * Summary: 
    +--------+-------+----------+------------+
    |  Clock | Target| Estimated| Uncertainty|
    +--------+-------+----------+------------+
    |ap_clk  |  10.00|     9.489|        1.25|
    +--------+-------+----------+------------+

+ Latency (clock cycles): 
    * Summary: 
    +--------+--------+--------+--------+---------+
    |     Latency     |     Interval    | Pipeline|
    |   min  |   max  |   min  |   max  |   Type  |
    +--------+--------+--------+--------+---------+
    |  116613|  116613|  116613|  116613|   none  |
    +--------+--------+--------+--------+---------+

    + Detail: 
        * Instance: 
        N/A

        * Loop: 
        +----------+--------+--------+----------+-----------+-----------+------+----------+
        |          |     Latency     | Iteration|  Initiation Interval  | Trip |          |
        | Loop Name|   min  |   max  |  Latency |  achieved |   target  | Count| Pipelined|
        +----------+--------+--------+----------+-----------+-----------+------+----------+
        |- Loop 1  |  116611|  116611|      1448|         36|          1|  3200|    yes   |
        +----------+--------+--------+----------+-----------+-----------+------+----------+



================================================================
== Utilization Estimates
================================================================
* Summary: 
+-----------------+---------+-------+--------+-------+
|       Name      | BRAM_18K| DSP48E|   FF   |  LUT  |
+-----------------+---------+-------+--------+-------+
|DSP              |        -|      -|       -|      -|
|Expression       |        -|      -|       0|    159|
|FIFO             |        -|      -|       -|      -|
|Instance         |        -|     40|    2850|   5927|
|Memory           |        -|      -|       -|      -|
|Multiplexer      |        -|      -|       -|   2238|
|Register         |        0|      -|   29674|   9944|
+-----------------+---------+-------+--------+-------+
|Total            |        0|     40|   32524|  18268|
+-----------------+---------+-------+--------+-------+
|Available        |      280|    220|  106400|  53200|
+-----------------+---------+-------+--------+-------+
|Utilization (%)  |        0|     18|      30|     34|
+-----------------+---------+-------+--------+-------+

+ Detail: 
    * Instance: 
    +---------------------------+----------------------+---------+-------+-----+-----+
    |          Instance         |        Module        | BRAM_18K| DSP48E|  FF | LUT |
    +---------------------------+----------------------+---------+-------+-----+-----+
    |topp_fadd_32ns_32bkb_U126  |topp_fadd_32ns_32bkb  |        0|      2|  205|  390|
    |topp_fadd_32ns_32bkb_U127  |topp_fadd_32ns_32bkb  |        0|      2|  205|  390|
    |topp_fadd_32ns_32bkb_U128  |topp_fadd_32ns_32bkb  |        0|      2|  205|  390|
    |topp_fadd_32ns_32bkb_U129  |topp_fadd_32ns_32bkb  |        0|      2|  205|  390|
    |topp_fadd_32ns_32bkb_U130  |topp_fadd_32ns_32bkb  |        0|      2|  205|  390|
    |topp_fadd_32ns_32bkb_U131  |topp_fadd_32ns_32bkb  |        0|      2|  205|  390|
    |topp_fadd_32ns_32bkb_U132  |topp_fadd_32ns_32bkb  |        0|      2|  205|  390|
    |topp_fadd_32ns_32bkb_U133  |topp_fadd_32ns_32bkb  |        0|      2|  205|  390|
    |topp_fcmp_32ns_32dEe_U142  |topp_fcmp_32ns_32dEe  |        0|      0|   66|  239|
    |topp_fmul_32ns_32cud_U134  |topp_fmul_32ns_32cud  |        0|      3|  143|  321|
    |topp_fmul_32ns_32cud_U135  |topp_fmul_32ns_32cud  |        0|      3|  143|  321|
    |topp_fmul_32ns_32cud_U136  |topp_fmul_32ns_32cud  |        0|      3|  143|  321|
    |topp_fmul_32ns_32cud_U137  |topp_fmul_32ns_32cud  |        0|      3|  143|  321|
    |topp_fmul_32ns_32cud_U138  |topp_fmul_32ns_32cud  |        0|      3|  143|  321|
    |topp_fmul_32ns_32cud_U139  |topp_fmul_32ns_32cud  |        0|      3|  143|  321|
    |topp_fmul_32ns_32cud_U140  |topp_fmul_32ns_32cud  |        0|      3|  143|  321|
    |topp_fmul_32ns_32cud_U141  |topp_fmul_32ns_32cud  |        0|      3|  143|  321|
    +---------------------------+----------------------+---------+-------+-----+-----+
    |Total                      |                      |        0|     40| 2850| 5927|
    +---------------------------+----------------------+---------+-------+-----+-----+

    * DSP48: 
    N/A

    * Memory: 
    N/A

    * FIFO: 
    N/A

    * Expression: 
    +--------------------------------------+----------+-------+---+----+------------+------------+
    |             Variable Name            | Operation| DSP48E| FF| LUT| Bitwidth P0| Bitwidth P1|
    +--------------------------------------+----------+-------+---+----+------------+------------+
    |indvar_flatten_next4_fu_691_p2        |     +    |      0|  0|  12|          12|           1|
    |indvar_flatten_op_fu_721_p2           |     +    |      0|  0|  15|           8|           1|
    |oc_fu_697_p2                          |     +    |      0|  0|  15|           1|           6|
    |ap_block_pp0_stage0_11001             |    and   |      0|  0|   2|           1|           1|
    |ap_block_pp0_stage10_11001            |    and   |      0|  0|   2|           1|           1|
    |tmp_4_fu_770_p2                       |    and   |      0|  0|   2|           1|           1|
    |exitcond_flatten4_fu_685_p2           |   icmp   |      0|  0|  13|          12|          11|
    |exitcond_flatten_fu_703_p2            |   icmp   |      0|  0|  11|           8|           7|
    |notlhs_fu_752_p2                      |   icmp   |      0|  0|  11|           8|           2|
    |notrhs_fu_758_p2                      |   icmp   |      0|  0|  18|          23|           1|
    |ap_block_pp0_stage7_01001             |    or    |      0|  0|   2|           1|           1|
    |ap_block_state1                       |    or    |      0|  0|   2|           1|           1|
    |ap_block_state10_pp0_stage8_iter0     |    or    |      0|  0|   2|           1|           1|
    |ap_block_state1449_pp0_stage7_iter40  |    or    |      0|  0|   2|           1|           1|
    |tmp_2_fu_764_p2                       |    or    |      0|  0|   2|           1|           1|
    |arrayNo_trunc_i_mid2_3_fu_709_p3      |  select  |      0|  0|   6|           1|           6|
    |indvar_flatten_next_fu_727_p3         |  select  |      0|  0|   8|           1|           1|
    |sum_3_i_fu_776_p3                     |  select  |      0|  0|  32|           1|           1|
    |ap_enable_pp0                         |    xor   |      0|  0|   2|           1|           2|
    +--------------------------------------+----------+-------+---+----+------------+------------+
    |Total                                 |          |      0|  0| 159|          84|          47|
    +--------------------------------------+----------+-------+---+----+------------+------------+

    * Multiplexer: 
    +------------------------------------------+-----+-----------+-----+-----------+
    |                   Name                   | LUT | Input Size| Bits| Total Bits|
    +------------------------------------------+-----+-----------+-----+-----------+
    |ap_NS_fsm                                 |  173|         39|    1|         39|
    |ap_done                                   |    9|          2|    1|          2|
    |ap_enable_reg_pp0_iter40                  |    9|          2|    1|          2|
    |ap_phi_mux_indvar_flatten4_phi_fu_210_p4  |    9|          2|   12|         24|
    |ap_phi_mux_indvar_flatten_phi_fu_232_p4   |    9|          2|    8|         16|
    |ap_phi_mux_oc_i_phi_fu_221_p4             |    9|          2|    6|         12|
    |f3_0_blk_n                                |    9|          2|    1|          2|
    |f3_1_blk_n                                |    9|          2|    1|          2|
    |f3_2_blk_n                                |    9|          2|    1|          2|
    |f3_3_blk_n                                |    9|          2|    1|          2|
    |f3_4_blk_n                                |    9|          2|    1|          2|
    |f3_5_blk_n                                |    9|          2|    1|          2|
    |f3_6_blk_n                                |    9|          2|    1|          2|
    |f3_7_blk_n                                |    9|          2|    1|          2|
    |grp_fu_240_p0                             |   38|          7|   32|        224|
    |grp_fu_240_p1                             |  165|         37|   32|       1184|
    |grp_fu_245_p0                             |   38|          7|   32|        224|
    |grp_fu_245_p1                             |  165|         37|   32|       1184|
    |grp_fu_249_p0                             |   38|          7|   32|        224|
    |grp_fu_249_p1                             |  165|         37|   32|       1184|
    |grp_fu_253_p0                             |   38|          7|   32|        224|
    |grp_fu_253_p1                             |  165|         37|   32|       1184|
    |grp_fu_257_p0                             |   38|          7|   32|        224|
    |grp_fu_257_p1                             |  165|         37|   32|       1184|
    |grp_fu_261_p0                             |   38|          7|   32|        224|
    |grp_fu_261_p1                             |  165|         37|   32|       1184|
    |grp_fu_265_p0                             |   38|          7|   32|        224|
    |grp_fu_265_p1                             |  165|         37|   32|       1184|
    |grp_fu_269_p0                             |   38|          7|   32|        224|
    |grp_fu_269_p1                             |  165|         37|   32|       1184|
    |grp_fu_273_p0                             |   27|          5|   32|        160|
    |grp_fu_278_p0                             |   27|          5|   32|        160|
    |grp_fu_283_p0                             |   27|          5|   32|        160|
    |grp_fu_288_p0                             |   27|          5|   32|        160|
    |grp_fu_293_p0                             |   27|          5|   32|        160|
    |grp_fu_298_p0                             |   27|          5|   32|        160|
    |grp_fu_303_p0                             |   27|          5|   32|        160|
    |grp_fu_308_p0                             |   27|          5|   32|        160|
    |indvar_flatten4_reg_206                   |    9|          2|   12|         24|
    |indvar_flatten_reg_228                    |    9|          2|    8|         16|
    |oc_i_reg_217                              |    9|          2|    6|         12|
    |out_0_blk_n                               |    9|          2|    1|          2|
    |out_1_blk_n                               |    9|          2|    1|          2|
    |out_2_blk_n                               |    9|          2|    1|          2|
    |out_3_blk_n                               |    9|          2|    1|          2|
    |out_4_blk_n                               |    9|          2|    1|          2|
    |out_5_blk_n                               |    9|          2|    1|          2|
    |out_6_blk_n                               |    9|          2|    1|          2|
    |out_7_blk_n                               |    9|          2|    1|          2|
    |real_start                                |    9|          2|    1|          2|
    +------------------------------------------+-----+-----------+-----+-----------+
    |Total                                     | 2238|        481|  840|      12725|
    +------------------------------------------+-----+-----------+-----+-----------+

    * Register: 
    +---------------------------------------+-----+----+-----+-----------+
    |                  Name                 |  FF | LUT| Bits| Const Bits|
    +---------------------------------------+-----+----+-----+-----------+
    |ap_CS_fsm                              |   38|   0|   38|          0|
    |ap_done_reg                            |    1|   0|    1|          0|
    |ap_enable_reg_pp0_iter0                |    1|   0|    1|          0|
    |ap_enable_reg_pp0_iter1                |    1|   0|    1|          0|
    |ap_enable_reg_pp0_iter10               |    1|   0|    1|          0|
    |ap_enable_reg_pp0_iter11               |    1|   0|    1|          0|
    |ap_enable_reg_pp0_iter12               |    1|   0|    1|          0|
    |ap_enable_reg_pp0_iter13               |    1|   0|    1|          0|
    |ap_enable_reg_pp0_iter14               |    1|   0|    1|          0|
    |ap_enable_reg_pp0_iter15               |    1|   0|    1|          0|
    |ap_enable_reg_pp0_iter16               |    1|   0|    1|          0|
    |ap_enable_reg_pp0_iter17               |    1|   0|    1|          0|
    |ap_enable_reg_pp0_iter18               |    1|   0|    1|          0|
    |ap_enable_reg_pp0_iter19               |    1|   0|    1|          0|
    |ap_enable_reg_pp0_iter2                |    1|   0|    1|          0|
    |ap_enable_reg_pp0_iter20               |    1|   0|    1|          0|
    |ap_enable_reg_pp0_iter21               |    1|   0|    1|          0|
    |ap_enable_reg_pp0_iter22               |    1|   0|    1|          0|
    |ap_enable_reg_pp0_iter23               |    1|   0|    1|          0|
    |ap_enable_reg_pp0_iter24               |    1|   0|    1|          0|
    |ap_enable_reg_pp0_iter25               |    1|   0|    1|          0|
    |ap_enable_reg_pp0_iter26               |    1|   0|    1|          0|
    |ap_enable_reg_pp0_iter27               |    1|   0|    1|          0|
    |ap_enable_reg_pp0_iter28               |    1|   0|    1|          0|
    |ap_enable_reg_pp0_iter29               |    1|   0|    1|          0|
    |ap_enable_reg_pp0_iter3                |    1|   0|    1|          0|
    |ap_enable_reg_pp0_iter30               |    1|   0|    1|          0|
    |ap_enable_reg_pp0_iter31               |    1|   0|    1|          0|
    |ap_enable_reg_pp0_iter32               |    1|   0|    1|          0|
    |ap_enable_reg_pp0_iter33               |    1|   0|    1|          0|
    |ap_enable_reg_pp0_iter34               |    1|   0|    1|          0|
    |ap_enable_reg_pp0_iter35               |    1|   0|    1|          0|
    |ap_enable_reg_pp0_iter36               |    1|   0|    1|          0|
    |ap_enable_reg_pp0_iter37               |    1|   0|    1|          0|
    |ap_enable_reg_pp0_iter38               |    1|   0|    1|          0|
    |ap_enable_reg_pp0_iter39               |    1|   0|    1|          0|
    |ap_enable_reg_pp0_iter4                |    1|   0|    1|          0|
    |ap_enable_reg_pp0_iter40               |    1|   0|    1|          0|
    |ap_enable_reg_pp0_iter5                |    1|   0|    1|          0|
    |ap_enable_reg_pp0_iter6                |    1|   0|    1|          0|
    |ap_enable_reg_pp0_iter7                |    1|   0|    1|          0|
    |ap_enable_reg_pp0_iter8                |    1|   0|    1|          0|
    |ap_enable_reg_pp0_iter9                |    1|   0|    1|          0|
    |arrayNo_trunc_i_mid2_3_reg_798         |    6|   0|    6|          0|
    |exitcond_flatten4_reg_784              |    1|   0|    1|          0|
    |exitcond_flatten_reg_793               |    1|   0|    1|          0|
    |indvar_flatten4_reg_206                |   12|   0|   12|          0|
    |indvar_flatten_next4_reg_788           |   12|   0|   12|          0|
    |indvar_flatten_next_reg_807            |    8|   0|    8|          0|
    |indvar_flatten_reg_228                 |    8|   0|    8|          0|
    |oc_i_reg_217                           |    6|   0|    6|          0|
    |reg_318                                |   32|   0|   32|          0|
    |reg_323                                |   32|   0|   32|          0|
    |reg_328                                |   32|   0|   32|          0|
    |reg_333                                |   32|   0|   32|          0|
    |reg_338                                |   32|   0|   32|          0|
    |reg_343                                |   32|   0|   32|          0|
    |reg_348                                |   32|   0|   32|          0|
    |reg_353                                |   32|   0|   32|          0|
    |reg_358                                |   32|   0|   32|          0|
    |reg_363                                |   32|   0|   32|          0|
    |reg_368                                |   32|   0|   32|          0|
    |reg_373                                |   32|   0|   32|          0|
    |reg_378                                |   32|   0|   32|          0|
    |reg_383                                |   32|   0|   32|          0|
    |reg_388                                |   32|   0|   32|          0|
    |reg_393                                |   32|   0|   32|          0|
    |reg_398                                |   32|   0|   32|          0|
    |reg_403                                |   32|   0|   32|          0|
    |reg_408                                |   32|   0|   32|          0|
    |reg_413                                |   32|   0|   32|          0|
    |reg_418                                |   32|   0|   32|          0|
    |reg_423                                |   32|   0|   32|          0|
    |reg_428                                |   32|   0|   32|          0|
    |reg_433                                |   32|   0|   32|          0|
    |reg_438                                |   32|   0|   32|          0|
    |reg_443                                |   32|   0|   32|          0|
    |reg_448                                |   32|   0|   32|          0|
    |reg_453                                |   32|   0|   32|          0|
    |reg_458                                |   32|   0|   32|          0|
    |reg_463                                |   32|   0|   32|          0|
    |reg_468                                |   32|   0|   32|          0|
    |reg_473                                |   32|   0|   32|          0|
    |reg_478                                |   32|   0|   32|          0|
    |reg_484                                |   32|   0|   32|          0|
    |reg_489                                |   32|   0|   32|          0|
    |reg_494                                |   32|   0|   32|          0|
    |reg_499                                |   32|   0|   32|          0|
    |reg_504                                |   32|   0|   32|          0|
    |reg_509                                |   32|   0|   32|          0|
    |reg_514                                |   32|   0|   32|          0|
    |reg_519                                |   32|   0|   32|          0|
    |reg_524                                |   32|   0|   32|          0|
    |reg_529                                |   32|   0|   32|          0|
    |reg_534                                |   32|   0|   32|          0|
    |reg_539                                |   32|   0|   32|          0|
    |reg_544                                |   32|   0|   32|          0|
    |reg_549                                |   32|   0|   32|          0|
    |reg_554                                |   32|   0|   32|          0|
    |reg_559                                |   32|   0|   32|          0|
    |reg_564                                |   32|   0|   32|          0|
    |reg_569                                |   32|   0|   32|          0|
    |reg_574                                |   32|   0|   32|          0|
    |reg_579                                |   32|   0|   32|          0|
    |reg_584                                |   32|   0|   32|          0|
    |reg_589                                |   32|   0|   32|          0|
    |reg_594                                |   32|   0|   32|          0|
    |reg_599                                |   32|   0|   32|          0|
    |reg_604                                |   32|   0|   32|          0|
    |reg_609                                |   32|   0|   32|          0|
    |reg_614                                |   32|   0|   32|          0|
    |reg_619                                |   32|   0|   32|          0|
    |reg_624                                |   32|   0|   32|          0|
    |reg_629                                |   32|   0|   32|          0|
    |reg_634                                |   32|   0|   32|          0|
    |reg_639                                |   32|   0|   32|          0|
    |reg_644                                |   32|   0|   32|          0|
    |reg_649                                |   32|   0|   32|          0|
    |reg_654                                |   32|   0|   32|          0|
    |reg_659                                |   32|   0|   32|          0|
    |reg_664                                |   32|   0|   32|          0|
    |reg_669                                |   32|   0|   32|          0|
    |reg_674                                |   32|   0|   32|          0|
    |reg_679                                |   32|   0|   32|          0|
    |start_once_reg                         |    1|   0|    1|          0|
    |sum_3_i_reg_2277                       |   32|   0|   32|          0|
    |sum_4_11_2_2_i_reg_2252                |   32|   0|   32|          0|
    |sum_4_15_2_2_i_reg_2257                |   32|   0|   32|          0|
    |sum_4_19_2_2_i_reg_2262                |   32|   0|   32|          0|
    |sum_4_23_2_2_i_reg_2267                |   32|   0|   32|          0|
    |sum_4_27_2_2_i_reg_2272                |   32|   0|   32|          0|
    |sum_4_3_2_2_i_reg_2242                 |   32|   0|   32|          0|
    |sum_4_7_2_2_i_reg_2247                 |   32|   0|   32|          0|
    |tmp_1_reg_803                          |    3|   0|    3|          0|
    |tmp_46_0_0_1_i_reg_847                 |   32|   0|   32|          0|
    |tmp_46_0_0_2_i_reg_887                 |   32|   0|   32|          0|
    |tmp_46_0_1_1_i_reg_967                 |   32|   0|   32|          0|
    |tmp_46_0_1_i_reg_927                   |   32|   0|   32|          0|
    |tmp_46_0_2_1_i_reg_1082                |   32|   0|   32|          0|
    |tmp_46_0_2_2_i_reg_1122                |   32|   0|   32|          0|
    |tmp_46_0_2_i_reg_1042                  |   32|   0|   32|          0|
    |tmp_46_10_0_1_i_reg_1212               |   32|   0|   32|          0|
    |tmp_46_10_0_2_i_reg_1252               |   32|   0|   32|          0|
    |tmp_46_10_0_i_reg_1172                 |   32|   0|   32|          0|
    |tmp_46_10_1_1_i_reg_1332               |   32|   0|   32|          0|
    |tmp_46_10_1_2_i_reg_1372               |   32|   0|   32|          0|
    |tmp_46_10_1_i_reg_1292                 |   32|   0|   32|          0|
    |tmp_46_10_2_1_i_reg_1452               |   32|   0|   32|          0|
    |tmp_46_10_2_2_i_reg_1492               |   32|   0|   32|          0|
    |tmp_46_10_2_i_reg_1412                 |   32|   0|   32|          0|
    |tmp_46_11_0_1_i_reg_1217               |   32|   0|   32|          0|
    |tmp_46_11_0_2_i_reg_1257               |   32|   0|   32|          0|
    |tmp_46_11_0_i_reg_1177                 |   32|   0|   32|          0|
    |tmp_46_11_1_1_i_reg_1337               |   32|   0|   32|          0|
    |tmp_46_11_1_2_i_reg_1377               |   32|   0|   32|          0|
    |tmp_46_11_1_i_reg_1297                 |   32|   0|   32|          0|
    |tmp_46_11_2_1_i_reg_1457               |   32|   0|   32|          0|
    |tmp_46_11_2_2_i_reg_1497               |   32|   0|   32|          0|
    |tmp_46_11_2_i_reg_1417                 |   32|   0|   32|          0|
    |tmp_46_12_0_1_i_reg_1222               |   32|   0|   32|          0|
    |tmp_46_12_0_2_i_reg_1262               |   32|   0|   32|          0|
    |tmp_46_12_0_i_reg_1182                 |   32|   0|   32|          0|
    |tmp_46_12_1_1_i_reg_1342               |   32|   0|   32|          0|
    |tmp_46_12_1_2_i_reg_1382               |   32|   0|   32|          0|
    |tmp_46_12_1_i_reg_1302                 |   32|   0|   32|          0|
    |tmp_46_12_2_1_i_reg_1462               |   32|   0|   32|          0|
    |tmp_46_12_2_2_i_reg_1502               |   32|   0|   32|          0|
    |tmp_46_12_2_i_reg_1422                 |   32|   0|   32|          0|
    |tmp_46_13_0_1_i_reg_1227               |   32|   0|   32|          0|
    |tmp_46_13_0_2_i_reg_1267               |   32|   0|   32|          0|
    |tmp_46_13_0_i_reg_1187                 |   32|   0|   32|          0|
    |tmp_46_13_1_1_i_reg_1347               |   32|   0|   32|          0|
    |tmp_46_13_1_2_i_reg_1387               |   32|   0|   32|          0|
    |tmp_46_13_1_i_reg_1307                 |   32|   0|   32|          0|
    |tmp_46_13_2_1_i_reg_1467               |   32|   0|   32|          0|
    |tmp_46_13_2_2_i_reg_1507               |   32|   0|   32|          0|
    |tmp_46_13_2_i_reg_1427                 |   32|   0|   32|          0|
    |tmp_46_14_0_1_i_reg_1232               |   32|   0|   32|          0|
    |tmp_46_14_0_2_i_reg_1272               |   32|   0|   32|          0|
    |tmp_46_14_0_i_reg_1192                 |   32|   0|   32|          0|
    |tmp_46_14_1_1_i_reg_1352               |   32|   0|   32|          0|
    |tmp_46_14_1_2_i_reg_1392               |   32|   0|   32|          0|
    |tmp_46_14_1_i_reg_1312                 |   32|   0|   32|          0|
    |tmp_46_14_2_1_i_reg_1472               |   32|   0|   32|          0|
    |tmp_46_14_2_2_i_reg_1512               |   32|   0|   32|          0|
    |tmp_46_14_2_i_reg_1432                 |   32|   0|   32|          0|
    |tmp_46_15_0_1_i_reg_1237               |   32|   0|   32|          0|
    |tmp_46_15_0_2_i_reg_1277               |   32|   0|   32|          0|
    |tmp_46_15_0_i_reg_1197                 |   32|   0|   32|          0|
    |tmp_46_15_1_1_i_reg_1357               |   32|   0|   32|          0|
    |tmp_46_15_1_2_i_reg_1397               |   32|   0|   32|          0|
    |tmp_46_15_1_i_reg_1317                 |   32|   0|   32|          0|
    |tmp_46_15_2_1_i_reg_1477               |   32|   0|   32|          0|
    |tmp_46_15_2_2_i_reg_1517               |   32|   0|   32|          0|
    |tmp_46_15_2_i_reg_1437                 |   32|   0|   32|          0|
    |tmp_46_16_0_1_i_reg_1562               |   32|   0|   32|          0|
    |tmp_46_16_0_2_i_reg_1602               |   32|   0|   32|          0|
    |tmp_46_16_0_i_reg_1522                 |   32|   0|   32|          0|
    |tmp_46_16_1_1_i_reg_1682               |   32|   0|   32|          0|
    |tmp_46_16_1_2_i_reg_1722               |   32|   0|   32|          0|
    |tmp_46_16_1_i_reg_1642                 |   32|   0|   32|          0|
    |tmp_46_16_2_1_i_reg_1802               |   32|   0|   32|          0|
    |tmp_46_16_2_2_i_reg_1842               |   32|   0|   32|          0|
    |tmp_46_16_2_i_reg_1762                 |   32|   0|   32|          0|
    |tmp_46_17_0_1_i_reg_1567               |   32|   0|   32|          0|
    |tmp_46_17_0_2_i_reg_1607               |   32|   0|   32|          0|
    |tmp_46_17_0_i_reg_1527                 |   32|   0|   32|          0|
    |tmp_46_17_1_1_i_reg_1687               |   32|   0|   32|          0|
    |tmp_46_17_1_2_i_reg_1727               |   32|   0|   32|          0|
    |tmp_46_17_1_i_reg_1647                 |   32|   0|   32|          0|
    |tmp_46_17_2_1_i_reg_1807               |   32|   0|   32|          0|
    |tmp_46_17_2_2_i_reg_1847               |   32|   0|   32|          0|
    |tmp_46_17_2_i_reg_1767                 |   32|   0|   32|          0|
    |tmp_46_18_0_1_i_reg_1572               |   32|   0|   32|          0|
    |tmp_46_18_0_2_i_reg_1612               |   32|   0|   32|          0|
    |tmp_46_18_0_i_reg_1532                 |   32|   0|   32|          0|
    |tmp_46_18_1_1_i_reg_1692               |   32|   0|   32|          0|
    |tmp_46_18_1_2_i_reg_1732               |   32|   0|   32|          0|
    |tmp_46_18_1_i_reg_1652                 |   32|   0|   32|          0|
    |tmp_46_18_2_1_i_reg_1812               |   32|   0|   32|          0|
    |tmp_46_18_2_2_i_reg_1852               |   32|   0|   32|          0|
    |tmp_46_18_2_i_reg_1772                 |   32|   0|   32|          0|
    |tmp_46_19_0_1_i_reg_1577               |   32|   0|   32|          0|
    |tmp_46_19_0_2_i_reg_1617               |   32|   0|   32|          0|
    |tmp_46_19_0_i_reg_1537                 |   32|   0|   32|          0|
    |tmp_46_19_1_1_i_reg_1697               |   32|   0|   32|          0|
    |tmp_46_19_1_2_i_reg_1737               |   32|   0|   32|          0|
    |tmp_46_19_1_i_reg_1657                 |   32|   0|   32|          0|
    |tmp_46_19_2_1_i_reg_1817               |   32|   0|   32|          0|
    |tmp_46_19_2_2_i_reg_1857               |   32|   0|   32|          0|
    |tmp_46_19_2_i_reg_1777                 |   32|   0|   32|          0|
    |tmp_46_1_0_1_i_reg_852                 |   32|   0|   32|          0|
    |tmp_46_1_0_1_i_reg_852_pp0_iter1_reg   |   32|   0|   32|          0|
    |tmp_46_1_0_2_i_reg_892                 |   32|   0|   32|          0|
    |tmp_46_1_0_2_i_reg_892_pp0_iter1_reg   |   32|   0|   32|          0|
    |tmp_46_1_0_i_reg_812                   |   32|   0|   32|          0|
    |tmp_46_1_0_i_reg_812_pp0_iter1_reg     |   32|   0|   32|          0|
    |tmp_46_1_1_1_i_reg_972                 |   32|   0|   32|          0|
    |tmp_46_1_1_1_i_reg_972_pp0_iter1_reg   |   32|   0|   32|          0|
    |tmp_46_1_1_2_i_reg_1007                |   32|   0|   32|          0|
    |tmp_46_1_1_2_i_reg_1007_pp0_iter1_reg  |   32|   0|   32|          0|
    |tmp_46_1_1_i_reg_932                   |   32|   0|   32|          0|
    |tmp_46_1_1_i_reg_932_pp0_iter1_reg     |   32|   0|   32|          0|
    |tmp_46_1_2_1_i_reg_1087                |   32|   0|   32|          0|
    |tmp_46_1_2_2_i_reg_1127                |   32|   0|   32|          0|
    |tmp_46_1_2_i_reg_1047                  |   32|   0|   32|          0|
    |tmp_46_20_0_1_i_reg_1582               |   32|   0|   32|          0|
    |tmp_46_20_0_2_i_reg_1622               |   32|   0|   32|          0|
    |tmp_46_20_0_i_reg_1542                 |   32|   0|   32|          0|
    |tmp_46_20_1_1_i_reg_1702               |   32|   0|   32|          0|
    |tmp_46_20_1_2_i_reg_1742               |   32|   0|   32|          0|
    |tmp_46_20_1_i_reg_1662                 |   32|   0|   32|          0|
    |tmp_46_20_2_1_i_reg_1822               |   32|   0|   32|          0|
    |tmp_46_20_2_2_i_reg_1862               |   32|   0|   32|          0|
    |tmp_46_20_2_i_reg_1782                 |   32|   0|   32|          0|
    |tmp_46_21_0_1_i_reg_1587               |   32|   0|   32|          0|
    |tmp_46_21_0_2_i_reg_1627               |   32|   0|   32|          0|
    |tmp_46_21_0_i_reg_1547                 |   32|   0|   32|          0|
    |tmp_46_21_1_1_i_reg_1707               |   32|   0|   32|          0|
    |tmp_46_21_1_2_i_reg_1747               |   32|   0|   32|          0|
    |tmp_46_21_1_i_reg_1667                 |   32|   0|   32|          0|
    |tmp_46_21_2_1_i_reg_1827               |   32|   0|   32|          0|
    |tmp_46_21_2_2_i_reg_1867               |   32|   0|   32|          0|
    |tmp_46_21_2_i_reg_1787                 |   32|   0|   32|          0|
    |tmp_46_22_0_1_i_reg_1592               |   32|   0|   32|          0|
    |tmp_46_22_0_2_i_reg_1632               |   32|   0|   32|          0|
    |tmp_46_22_0_i_reg_1552                 |   32|   0|   32|          0|
    |tmp_46_22_1_1_i_reg_1712               |   32|   0|   32|          0|
    |tmp_46_22_1_2_i_reg_1752               |   32|   0|   32|          0|
    |tmp_46_22_1_i_reg_1672                 |   32|   0|   32|          0|
    |tmp_46_22_2_1_i_reg_1832               |   32|   0|   32|          0|
    |tmp_46_22_2_2_i_reg_1872               |   32|   0|   32|          0|
    |tmp_46_22_2_i_reg_1792                 |   32|   0|   32|          0|
    |tmp_46_23_0_1_i_reg_1597               |   32|   0|   32|          0|
    |tmp_46_23_0_2_i_reg_1637               |   32|   0|   32|          0|
    |tmp_46_23_0_i_reg_1557                 |   32|   0|   32|          0|
    |tmp_46_23_1_1_i_reg_1717               |   32|   0|   32|          0|
    |tmp_46_23_1_2_i_reg_1757               |   32|   0|   32|          0|
    |tmp_46_23_1_i_reg_1677                 |   32|   0|   32|          0|
    |tmp_46_23_2_1_i_reg_1837               |   32|   0|   32|          0|
    |tmp_46_23_2_2_i_reg_1877               |   32|   0|   32|          0|
    |tmp_46_23_2_i_reg_1797                 |   32|   0|   32|          0|
    |tmp_46_24_0_1_i_reg_1922               |   32|   0|   32|          0|
    |tmp_46_24_0_2_i_reg_1962               |   32|   0|   32|          0|
    |tmp_46_24_0_i_reg_1882                 |   32|   0|   32|          0|
    |tmp_46_24_1_1_i_reg_2042               |   32|   0|   32|          0|
    |tmp_46_24_1_2_i_reg_2082               |   32|   0|   32|          0|
    |tmp_46_24_1_i_reg_2002                 |   32|   0|   32|          0|
    |tmp_46_24_2_1_i_reg_2162               |   32|   0|   32|          0|
    |tmp_46_24_2_2_i_reg_2202               |   32|   0|   32|          0|
    |tmp_46_24_2_i_reg_2122                 |   32|   0|   32|          0|
    |tmp_46_25_0_1_i_reg_1927               |   32|   0|   32|          0|
    |tmp_46_25_0_2_i_reg_1967               |   32|   0|   32|          0|
    |tmp_46_25_0_i_reg_1887                 |   32|   0|   32|          0|
    |tmp_46_25_1_1_i_reg_2047               |   32|   0|   32|          0|
    |tmp_46_25_1_2_i_reg_2087               |   32|   0|   32|          0|
    |tmp_46_25_1_i_reg_2007                 |   32|   0|   32|          0|
    |tmp_46_25_2_1_i_reg_2167               |   32|   0|   32|          0|
    |tmp_46_25_2_2_i_reg_2207               |   32|   0|   32|          0|
    |tmp_46_25_2_i_reg_2127                 |   32|   0|   32|          0|
    |tmp_46_26_0_1_i_reg_1932               |   32|   0|   32|          0|
    |tmp_46_26_0_2_i_reg_1972               |   32|   0|   32|          0|
    |tmp_46_26_0_i_reg_1892                 |   32|   0|   32|          0|
    |tmp_46_26_1_1_i_reg_2052               |   32|   0|   32|          0|
    |tmp_46_26_1_2_i_reg_2092               |   32|   0|   32|          0|
    |tmp_46_26_1_i_reg_2012                 |   32|   0|   32|          0|
    |tmp_46_26_2_1_i_reg_2172               |   32|   0|   32|          0|
    |tmp_46_26_2_2_i_reg_2212               |   32|   0|   32|          0|
    |tmp_46_26_2_i_reg_2132                 |   32|   0|   32|          0|
    |tmp_46_27_0_1_i_reg_1937               |   32|   0|   32|          0|
    |tmp_46_27_0_2_i_reg_1977               |   32|   0|   32|          0|
    |tmp_46_27_0_i_reg_1897                 |   32|   0|   32|          0|
    |tmp_46_27_1_1_i_reg_2057               |   32|   0|   32|          0|
    |tmp_46_27_1_2_i_reg_2097               |   32|   0|   32|          0|
    |tmp_46_27_1_i_reg_2017                 |   32|   0|   32|          0|
    |tmp_46_27_2_1_i_reg_2177               |   32|   0|   32|          0|
    |tmp_46_27_2_2_i_reg_2217               |   32|   0|   32|          0|
    |tmp_46_27_2_i_reg_2137                 |   32|   0|   32|          0|
    |tmp_46_28_0_1_i_reg_1942               |   32|   0|   32|          0|
    |tmp_46_28_0_2_i_reg_1982               |   32|   0|   32|          0|
    |tmp_46_28_0_i_reg_1902                 |   32|   0|   32|          0|
    |tmp_46_28_1_1_i_reg_2062               |   32|   0|   32|          0|
    |tmp_46_28_1_2_i_reg_2102               |   32|   0|   32|          0|
    |tmp_46_28_1_i_reg_2022                 |   32|   0|   32|          0|
    |tmp_46_28_2_1_i_reg_2182               |   32|   0|   32|          0|
    |tmp_46_28_2_2_i_reg_2222               |   32|   0|   32|          0|
    |tmp_46_28_2_i_reg_2142                 |   32|   0|   32|          0|
    |tmp_46_29_0_1_i_reg_1947               |   32|   0|   32|          0|
    |tmp_46_29_0_2_i_reg_1987               |   32|   0|   32|          0|
    |tmp_46_29_0_i_reg_1907                 |   32|   0|   32|          0|
    |tmp_46_29_1_1_i_reg_2067               |   32|   0|   32|          0|
    |tmp_46_29_1_2_i_reg_2107               |   32|   0|   32|          0|
    |tmp_46_29_1_i_reg_2027                 |   32|   0|   32|          0|
    |tmp_46_29_2_1_i_reg_2187               |   32|   0|   32|          0|
    |tmp_46_29_2_2_i_reg_2227               |   32|   0|   32|          0|
    |tmp_46_29_2_i_reg_2147                 |   32|   0|   32|          0|
    |tmp_46_2_0_1_i_reg_857                 |   32|   0|   32|          0|
    |tmp_46_2_0_2_i_reg_897                 |   32|   0|   32|          0|
    |tmp_46_2_0_i_reg_817                   |   32|   0|   32|          0|
    |tmp_46_2_1_1_i_reg_977                 |   32|   0|   32|          0|
    |tmp_46_2_1_2_i_reg_1012                |   32|   0|   32|          0|
    |tmp_46_2_1_i_reg_937                   |   32|   0|   32|          0|
    |tmp_46_2_2_1_i_reg_1092                |   32|   0|   32|          0|
    |tmp_46_2_2_2_i_reg_1132                |   32|   0|   32|          0|
    |tmp_46_2_2_i_reg_1052                  |   32|   0|   32|          0|
    |tmp_46_30_0_1_i_reg_1952               |   32|   0|   32|          0|
    |tmp_46_30_0_2_i_reg_1992               |   32|   0|   32|          0|
    |tmp_46_30_0_i_reg_1912                 |   32|   0|   32|          0|
    |tmp_46_30_1_1_i_reg_2072               |   32|   0|   32|          0|
    |tmp_46_30_1_2_i_reg_2112               |   32|   0|   32|          0|
    |tmp_46_30_1_i_reg_2032                 |   32|   0|   32|          0|
    |tmp_46_30_2_1_i_reg_2192               |   32|   0|   32|          0|
    |tmp_46_30_2_2_i_reg_2232               |   32|   0|   32|          0|
    |tmp_46_30_2_i_reg_2152                 |   32|   0|   32|          0|
    |tmp_46_31_0_1_i_reg_1957               |   32|   0|   32|          0|
    |tmp_46_31_0_2_i_reg_1997               |   32|   0|   32|          0|
    |tmp_46_31_0_i_reg_1917                 |   32|   0|   32|          0|
    |tmp_46_31_1_1_i_reg_2077               |   32|   0|   32|          0|
    |tmp_46_31_1_2_i_reg_2117               |   32|   0|   32|          0|
    |tmp_46_31_1_i_reg_2037                 |   32|   0|   32|          0|
    |tmp_46_31_2_1_i_reg_2197               |   32|   0|   32|          0|
    |tmp_46_31_2_2_i_reg_2237               |   32|   0|   32|          0|
    |tmp_46_31_2_i_reg_2157                 |   32|   0|   32|          0|
    |tmp_46_3_0_1_i_reg_862                 |   32|   0|   32|          0|
    |tmp_46_3_0_2_i_reg_902                 |   32|   0|   32|          0|
    |tmp_46_3_0_i_reg_822                   |   32|   0|   32|          0|
    |tmp_46_3_1_1_i_reg_982                 |   32|   0|   32|          0|
    |tmp_46_3_1_2_i_reg_1017                |   32|   0|   32|          0|
    |tmp_46_3_1_i_reg_942                   |   32|   0|   32|          0|
    |tmp_46_3_2_1_i_reg_1097                |   32|   0|   32|          0|
    |tmp_46_3_2_2_i_reg_1137                |   32|   0|   32|          0|
    |tmp_46_3_2_i_reg_1057                  |   32|   0|   32|          0|
    |tmp_46_4_0_1_i_reg_867                 |   32|   0|   32|          0|
    |tmp_46_4_0_2_i_reg_907                 |   32|   0|   32|          0|
    |tmp_46_4_0_i_reg_827                   |   32|   0|   32|          0|
    |tmp_46_4_1_1_i_reg_987                 |   32|   0|   32|          0|
    |tmp_46_4_1_2_i_reg_1022                |   32|   0|   32|          0|
    |tmp_46_4_1_i_reg_947                   |   32|   0|   32|          0|
    |tmp_46_4_2_1_i_reg_1102                |   32|   0|   32|          0|
    |tmp_46_4_2_2_i_reg_1142                |   32|   0|   32|          0|
    |tmp_46_4_2_i_reg_1062                  |   32|   0|   32|          0|
    |tmp_46_5_0_1_i_reg_872                 |   32|   0|   32|          0|
    |tmp_46_5_0_2_i_reg_912                 |   32|   0|   32|          0|
    |tmp_46_5_0_i_reg_832                   |   32|   0|   32|          0|
    |tmp_46_5_1_1_i_reg_992                 |   32|   0|   32|          0|
    |tmp_46_5_1_2_i_reg_1027                |   32|   0|   32|          0|
    |tmp_46_5_1_i_reg_952                   |   32|   0|   32|          0|
    |tmp_46_5_2_1_i_reg_1107                |   32|   0|   32|          0|
    |tmp_46_5_2_2_i_reg_1147                |   32|   0|   32|          0|
    |tmp_46_5_2_i_reg_1067                  |   32|   0|   32|          0|
    |tmp_46_6_0_1_i_reg_877                 |   32|   0|   32|          0|
    |tmp_46_6_0_2_i_reg_917                 |   32|   0|   32|          0|
    |tmp_46_6_0_i_reg_837                   |   32|   0|   32|          0|
    |tmp_46_6_1_1_i_reg_997                 |   32|   0|   32|          0|
    |tmp_46_6_1_2_i_reg_1032                |   32|   0|   32|          0|
    |tmp_46_6_1_i_reg_957                   |   32|   0|   32|          0|
    |tmp_46_6_2_1_i_reg_1112                |   32|   0|   32|          0|
    |tmp_46_6_2_2_i_reg_1152                |   32|   0|   32|          0|
    |tmp_46_6_2_i_reg_1072                  |   32|   0|   32|          0|
    |tmp_46_7_0_1_i_reg_882                 |   32|   0|   32|          0|
    |tmp_46_7_0_2_i_reg_922                 |   32|   0|   32|          0|
    |tmp_46_7_0_i_reg_842                   |   32|   0|   32|          0|
    |tmp_46_7_1_1_i_reg_1002                |   32|   0|   32|          0|
    |tmp_46_7_1_2_i_reg_1037                |   32|   0|   32|          0|
    |tmp_46_7_1_i_reg_962                   |   32|   0|   32|          0|
    |tmp_46_7_2_1_i_reg_1117                |   32|   0|   32|          0|
    |tmp_46_7_2_2_i_reg_1157                |   32|   0|   32|          0|
    |tmp_46_7_2_i_reg_1077                  |   32|   0|   32|          0|
    |tmp_46_8_0_1_i_reg_1202                |   32|   0|   32|          0|
    |tmp_46_8_0_2_i_reg_1242                |   32|   0|   32|          0|
    |tmp_46_8_0_i_reg_1162                  |   32|   0|   32|          0|
    |tmp_46_8_1_1_i_reg_1322                |   32|   0|   32|          0|
    |tmp_46_8_1_2_i_reg_1362                |   32|   0|   32|          0|
    |tmp_46_8_1_i_reg_1282                  |   32|   0|   32|          0|
    |tmp_46_8_2_1_i_reg_1442                |   32|   0|   32|          0|
    |tmp_46_8_2_2_i_reg_1482                |   32|   0|   32|          0|
    |tmp_46_8_2_i_reg_1402                  |   32|   0|   32|          0|
    |tmp_46_9_0_1_i_reg_1207                |   32|   0|   32|          0|
    |tmp_46_9_0_2_i_reg_1247                |   32|   0|   32|          0|
    |tmp_46_9_0_i_reg_1167                  |   32|   0|   32|          0|
    |tmp_46_9_1_1_i_reg_1327                |   32|   0|   32|          0|
    |tmp_46_9_1_2_i_reg_1367                |   32|   0|   32|          0|
    |tmp_46_9_1_i_reg_1287                  |   32|   0|   32|          0|
    |tmp_46_9_2_1_i_reg_1447                |   32|   0|   32|          0|
    |tmp_46_9_2_2_i_reg_1487                |   32|   0|   32|          0|
    |tmp_46_9_2_i_reg_1407                  |   32|   0|   32|          0|
    |exitcond_flatten4_reg_784              |   64|  64|    1|          0|
    |tmp_1_reg_803                          |   64|  64|    3|          0|
    |tmp_46_10_0_1_i_reg_1212               |   64|  32|   32|          0|
    |tmp_46_10_0_2_i_reg_1252               |   64|  32|   32|          0|
    |tmp_46_10_0_i_reg_1172                 |   64|  32|   32|          0|
    |tmp_46_10_1_1_i_reg_1332               |   64|  32|   32|          0|
    |tmp_46_10_1_2_i_reg_1372               |   64|  32|   32|          0|
    |tmp_46_10_1_i_reg_1292                 |   64|  32|   32|          0|
    |tmp_46_10_2_1_i_reg_1452               |   64|  32|   32|          0|
    |tmp_46_10_2_2_i_reg_1492               |   64|  32|   32|          0|
    |tmp_46_10_2_i_reg_1412                 |   64|  32|   32|          0|
    |tmp_46_11_0_1_i_reg_1217               |   64|  32|   32|          0|
    |tmp_46_11_0_2_i_reg_1257               |   64|  32|   32|          0|
    |tmp_46_11_0_i_reg_1177                 |   64|  32|   32|          0|
    |tmp_46_11_1_1_i_reg_1337               |   64|  32|   32|          0|
    |tmp_46_11_1_2_i_reg_1377               |   64|  32|   32|          0|
    |tmp_46_11_1_i_reg_1297                 |   64|  32|   32|          0|
    |tmp_46_11_2_1_i_reg_1457               |   64|  32|   32|          0|
    |tmp_46_11_2_2_i_reg_1497               |   64|  32|   32|          0|
    |tmp_46_11_2_i_reg_1417                 |   64|  32|   32|          0|
    |tmp_46_12_0_1_i_reg_1222               |   64|  32|   32|          0|
    |tmp_46_12_0_2_i_reg_1262               |   64|  32|   32|          0|
    |tmp_46_12_0_i_reg_1182                 |   64|  32|   32|          0|
    |tmp_46_12_1_1_i_reg_1342               |   64|  32|   32|          0|
    |tmp_46_12_1_2_i_reg_1382               |   64|  32|   32|          0|
    |tmp_46_12_1_i_reg_1302                 |   64|  32|   32|          0|
    |tmp_46_12_2_1_i_reg_1462               |   64|  32|   32|          0|
    |tmp_46_12_2_2_i_reg_1502               |   64|  32|   32|          0|
    |tmp_46_12_2_i_reg_1422                 |   64|  32|   32|          0|
    |tmp_46_13_0_1_i_reg_1227               |   64|  32|   32|          0|
    |tmp_46_13_0_2_i_reg_1267               |   64|  32|   32|          0|
    |tmp_46_13_0_i_reg_1187                 |   64|  32|   32|          0|
    |tmp_46_13_1_1_i_reg_1347               |   64|  32|   32|          0|
    |tmp_46_13_1_2_i_reg_1387               |   64|  32|   32|          0|
    |tmp_46_13_1_i_reg_1307                 |   64|  32|   32|          0|
    |tmp_46_13_2_1_i_reg_1467               |   64|  32|   32|          0|
    |tmp_46_13_2_2_i_reg_1507               |   64|  32|   32|          0|
    |tmp_46_13_2_i_reg_1427                 |   64|  32|   32|          0|
    |tmp_46_14_0_1_i_reg_1232               |   64|  32|   32|          0|
    |tmp_46_14_0_2_i_reg_1272               |   64|  32|   32|          0|
    |tmp_46_14_0_i_reg_1192                 |   64|  32|   32|          0|
    |tmp_46_14_1_1_i_reg_1352               |   64|  32|   32|          0|
    |tmp_46_14_1_2_i_reg_1392               |   64|  32|   32|          0|
    |tmp_46_14_1_i_reg_1312                 |   64|  32|   32|          0|
    |tmp_46_14_2_1_i_reg_1472               |   64|  32|   32|          0|
    |tmp_46_14_2_2_i_reg_1512               |   64|  32|   32|          0|
    |tmp_46_14_2_i_reg_1432                 |   64|  32|   32|          0|
    |tmp_46_15_0_1_i_reg_1237               |   64|  32|   32|          0|
    |tmp_46_15_0_2_i_reg_1277               |   64|  32|   32|          0|
    |tmp_46_15_0_i_reg_1197                 |   64|  32|   32|          0|
    |tmp_46_15_1_1_i_reg_1357               |   64|  32|   32|          0|
    |tmp_46_15_1_2_i_reg_1397               |   64|  32|   32|          0|
    |tmp_46_15_1_i_reg_1317                 |   64|  32|   32|          0|
    |tmp_46_15_2_1_i_reg_1477               |   64|  32|   32|          0|
    |tmp_46_15_2_2_i_reg_1517               |   64|  32|   32|          0|
    |tmp_46_15_2_i_reg_1437                 |   64|  32|   32|          0|
    |tmp_46_16_0_1_i_reg_1562               |   64|  32|   32|          0|
    |tmp_46_16_0_2_i_reg_1602               |   64|  32|   32|          0|
    |tmp_46_16_0_i_reg_1522                 |   64|  32|   32|          0|
    |tmp_46_16_1_1_i_reg_1682               |   64|  32|   32|          0|
    |tmp_46_16_1_2_i_reg_1722               |   64|  32|   32|          0|
    |tmp_46_16_1_i_reg_1642                 |   64|  32|   32|          0|
    |tmp_46_16_2_1_i_reg_1802               |   64|  32|   32|          0|
    |tmp_46_16_2_2_i_reg_1842               |   64|  32|   32|          0|
    |tmp_46_16_2_i_reg_1762                 |   64|  32|   32|          0|
    |tmp_46_17_0_1_i_reg_1567               |   64|  32|   32|          0|
    |tmp_46_17_0_2_i_reg_1607               |   64|  32|   32|          0|
    |tmp_46_17_0_i_reg_1527                 |   64|  32|   32|          0|
    |tmp_46_17_1_1_i_reg_1687               |   64|  32|   32|          0|
    |tmp_46_17_1_2_i_reg_1727               |   64|  32|   32|          0|
    |tmp_46_17_1_i_reg_1647                 |   64|  32|   32|          0|
    |tmp_46_17_2_1_i_reg_1807               |   64|  32|   32|          0|
    |tmp_46_17_2_2_i_reg_1847               |   64|  32|   32|          0|
    |tmp_46_17_2_i_reg_1767                 |   64|  32|   32|          0|
    |tmp_46_18_0_1_i_reg_1572               |   64|  32|   32|          0|
    |tmp_46_18_0_2_i_reg_1612               |   64|  32|   32|          0|
    |tmp_46_18_0_i_reg_1532                 |   64|  32|   32|          0|
    |tmp_46_18_1_1_i_reg_1692               |   64|  32|   32|          0|
    |tmp_46_18_1_2_i_reg_1732               |   64|  32|   32|          0|
    |tmp_46_18_1_i_reg_1652                 |   64|  32|   32|          0|
    |tmp_46_18_2_1_i_reg_1812               |   64|  32|   32|          0|
    |tmp_46_18_2_2_i_reg_1852               |   64|  32|   32|          0|
    |tmp_46_18_2_i_reg_1772                 |   64|  32|   32|          0|
    |tmp_46_19_0_1_i_reg_1577               |   64|  32|   32|          0|
    |tmp_46_19_0_2_i_reg_1617               |   64|  32|   32|          0|
    |tmp_46_19_0_i_reg_1537                 |   64|  32|   32|          0|
    |tmp_46_19_1_1_i_reg_1697               |   64|  32|   32|          0|
    |tmp_46_19_1_2_i_reg_1737               |   64|  32|   32|          0|
    |tmp_46_19_1_i_reg_1657                 |   64|  32|   32|          0|
    |tmp_46_19_2_1_i_reg_1817               |   64|  32|   32|          0|
    |tmp_46_19_2_2_i_reg_1857               |   64|  32|   32|          0|
    |tmp_46_19_2_i_reg_1777                 |   64|  32|   32|          0|
    |tmp_46_1_2_1_i_reg_1087                |   64|  32|   32|          0|
    |tmp_46_1_2_2_i_reg_1127                |   64|  32|   32|          0|
    |tmp_46_1_2_i_reg_1047                  |   64|  32|   32|          0|
    |tmp_46_20_0_1_i_reg_1582               |   64|  32|   32|          0|
    |tmp_46_20_0_2_i_reg_1622               |   64|  32|   32|          0|
    |tmp_46_20_0_i_reg_1542                 |   64|  32|   32|          0|
    |tmp_46_20_1_1_i_reg_1702               |   64|  32|   32|          0|
    |tmp_46_20_1_2_i_reg_1742               |   64|  32|   32|          0|
    |tmp_46_20_1_i_reg_1662                 |   64|  32|   32|          0|
    |tmp_46_20_2_1_i_reg_1822               |   64|  32|   32|          0|
    |tmp_46_20_2_2_i_reg_1862               |   64|  32|   32|          0|
    |tmp_46_20_2_i_reg_1782                 |   64|  32|   32|          0|
    |tmp_46_21_0_1_i_reg_1587               |   64|  32|   32|          0|
    |tmp_46_21_0_2_i_reg_1627               |   64|  32|   32|          0|
    |tmp_46_21_0_i_reg_1547                 |   64|  32|   32|          0|
    |tmp_46_21_1_1_i_reg_1707               |   64|  32|   32|          0|
    |tmp_46_21_1_2_i_reg_1747               |   64|  32|   32|          0|
    |tmp_46_21_1_i_reg_1667                 |   64|  32|   32|          0|
    |tmp_46_21_2_1_i_reg_1827               |   64|  32|   32|          0|
    |tmp_46_21_2_2_i_reg_1867               |   64|  32|   32|          0|
    |tmp_46_21_2_i_reg_1787                 |   64|  32|   32|          0|
    |tmp_46_22_0_1_i_reg_1592               |   64|  32|   32|          0|
    |tmp_46_22_0_2_i_reg_1632               |   64|  32|   32|          0|
    |tmp_46_22_0_i_reg_1552                 |   64|  32|   32|          0|
    |tmp_46_22_1_1_i_reg_1712               |   64|  32|   32|          0|
    |tmp_46_22_1_2_i_reg_1752               |   64|  32|   32|          0|
    |tmp_46_22_1_i_reg_1672                 |   64|  32|   32|          0|
    |tmp_46_22_2_1_i_reg_1832               |   64|  32|   32|          0|
    |tmp_46_22_2_2_i_reg_1872               |   64|  32|   32|          0|
    |tmp_46_22_2_i_reg_1792                 |   64|  32|   32|          0|
    |tmp_46_23_0_1_i_reg_1597               |   64|  32|   32|          0|
    |tmp_46_23_0_2_i_reg_1637               |   64|  32|   32|          0|
    |tmp_46_23_0_i_reg_1557                 |   64|  32|   32|          0|
    |tmp_46_23_1_1_i_reg_1717               |   64|  32|   32|          0|
    |tmp_46_23_1_2_i_reg_1757               |   64|  32|   32|          0|
    |tmp_46_23_1_i_reg_1677                 |   64|  32|   32|          0|
    |tmp_46_23_2_1_i_reg_1837               |   64|  32|   32|          0|
    |tmp_46_23_2_2_i_reg_1877               |   64|  32|   32|          0|
    |tmp_46_23_2_i_reg_1797                 |   64|  32|   32|          0|
    |tmp_46_24_0_1_i_reg_1922               |   64|  32|   32|          0|
    |tmp_46_24_0_2_i_reg_1962               |   64|  32|   32|          0|
    |tmp_46_24_0_i_reg_1882                 |   64|  32|   32|          0|
    |tmp_46_24_1_1_i_reg_2042               |   64|  32|   32|          0|
    |tmp_46_24_1_2_i_reg_2082               |   64|  32|   32|          0|
    |tmp_46_24_1_i_reg_2002                 |   64|  32|   32|          0|
    |tmp_46_24_2_1_i_reg_2162               |   64|  32|   32|          0|
    |tmp_46_24_2_2_i_reg_2202               |   64|  32|   32|          0|
    |tmp_46_24_2_i_reg_2122                 |   64|  32|   32|          0|
    |tmp_46_25_0_1_i_reg_1927               |   64|  32|   32|          0|
    |tmp_46_25_0_2_i_reg_1967               |   64|  32|   32|          0|
    |tmp_46_25_0_i_reg_1887                 |   64|  32|   32|          0|
    |tmp_46_25_1_1_i_reg_2047               |   64|  32|   32|          0|
    |tmp_46_25_1_2_i_reg_2087               |   64|  32|   32|          0|
    |tmp_46_25_1_i_reg_2007                 |   64|  32|   32|          0|
    |tmp_46_25_2_1_i_reg_2167               |   64|  32|   32|          0|
    |tmp_46_25_2_2_i_reg_2207               |   64|  32|   32|          0|
    |tmp_46_25_2_i_reg_2127                 |   64|  32|   32|          0|
    |tmp_46_26_0_1_i_reg_1932               |   64|  32|   32|          0|
    |tmp_46_26_0_2_i_reg_1972               |   64|  32|   32|          0|
    |tmp_46_26_0_i_reg_1892                 |   64|  32|   32|          0|
    |tmp_46_26_1_1_i_reg_2052               |   64|  32|   32|          0|
    |tmp_46_26_1_2_i_reg_2092               |   64|  32|   32|          0|
    |tmp_46_26_1_i_reg_2012                 |   64|  32|   32|          0|
    |tmp_46_26_2_1_i_reg_2172               |   64|  32|   32|          0|
    |tmp_46_26_2_2_i_reg_2212               |   64|  32|   32|          0|
    |tmp_46_26_2_i_reg_2132                 |   64|  32|   32|          0|
    |tmp_46_27_0_1_i_reg_1937               |   64|  40|   32|          0|
    |tmp_46_27_0_2_i_reg_1977               |   64|  40|   32|          0|
    |tmp_46_27_0_i_reg_1897                 |   64|  40|   32|          0|
    |tmp_46_27_1_1_i_reg_2057               |   64|  40|   32|          0|
    |tmp_46_27_1_2_i_reg_2097               |   64|  40|   32|          0|
    |tmp_46_27_1_i_reg_2017                 |   64|  40|   32|          0|
    |tmp_46_27_2_1_i_reg_2177               |   64|  40|   32|          0|
    |tmp_46_27_2_2_i_reg_2217               |   64|  48|   32|          0|
    |tmp_46_27_2_i_reg_2137                 |   64|  40|   32|          0|
    |tmp_46_28_0_1_i_reg_1942               |   64|  48|   32|          0|
    |tmp_46_28_0_2_i_reg_1982               |   64|  48|   32|          0|
    |tmp_46_28_0_i_reg_1902                 |   64|  48|   32|          0|
    |tmp_46_28_1_1_i_reg_2062               |   64|  48|   32|          0|
    |tmp_46_28_1_2_i_reg_2102               |   64|  48|   32|          0|
    |tmp_46_28_1_i_reg_2022                 |   64|  48|   32|          0|
    |tmp_46_28_2_1_i_reg_2182               |   64|  56|   32|          0|
    |tmp_46_28_2_2_i_reg_2222               |   64|  56|   32|          0|
    |tmp_46_28_2_i_reg_2142                 |   64|  56|   32|          0|
    |tmp_46_29_0_1_i_reg_1947               |   64|  56|   32|          0|
    |tmp_46_29_0_2_i_reg_1987               |   64|  56|   32|          0|
    |tmp_46_29_0_i_reg_1907                 |   64|  56|   32|          0|
    |tmp_46_29_1_1_i_reg_2067               |   64|  64|   32|          0|
    |tmp_46_29_1_2_i_reg_2107               |   64|  64|   32|          0|
    |tmp_46_29_1_i_reg_2027                 |   64|  56|   32|          0|
    |tmp_46_29_2_1_i_reg_2187               |   64|  64|   32|          0|
    |tmp_46_29_2_2_i_reg_2227               |   64|  64|   32|          0|
    |tmp_46_29_2_i_reg_2147                 |   64|  64|   32|          0|
    |tmp_46_2_0_1_i_reg_857                 |   64|  32|   32|          0|
    |tmp_46_2_0_2_i_reg_897                 |   64|  32|   32|          0|
    |tmp_46_2_0_i_reg_817                   |   64|  32|   32|          0|
    |tmp_46_2_1_1_i_reg_977                 |   64|  32|   32|          0|
    |tmp_46_2_1_2_i_reg_1012                |   64|  32|   32|          0|
    |tmp_46_2_1_i_reg_937                   |   64|  32|   32|          0|
    |tmp_46_2_2_1_i_reg_1092                |   64|  32|   32|          0|
    |tmp_46_2_2_2_i_reg_1132                |   64|  32|   32|          0|
    |tmp_46_2_2_i_reg_1052                  |   64|  32|   32|          0|
    |tmp_46_30_0_1_i_reg_1952               |   64|  64|   32|          0|
    |tmp_46_30_0_2_i_reg_1992               |   64|  64|   32|          0|
    |tmp_46_30_0_i_reg_1912                 |   64|  64|   32|          0|
    |tmp_46_30_1_1_i_reg_2072               |   64|  64|   32|          0|
    |tmp_46_30_1_2_i_reg_2112               |   64|  64|   32|          0|
    |tmp_46_30_1_i_reg_2032                 |   64|  64|   32|          0|
    |tmp_46_30_2_1_i_reg_2192               |   64|  64|   32|          0|
    |tmp_46_30_2_2_i_reg_2232               |   64|  64|   32|          0|
    |tmp_46_30_2_i_reg_2152                 |   64|  64|   32|          0|
    |tmp_46_31_0_1_i_reg_1957               |   64|  64|   32|          0|
    |tmp_46_31_0_2_i_reg_1997               |   64|  64|   32|          0|
    |tmp_46_31_0_i_reg_1917                 |   64|  64|   32|          0|
    |tmp_46_31_1_1_i_reg_2077               |   64|  64|   32|          0|
    |tmp_46_31_1_2_i_reg_2117               |   64|  64|   32|          0|
    |tmp_46_31_1_i_reg_2037                 |   64|  64|   32|          0|
    |tmp_46_31_2_1_i_reg_2197               |   64|  64|   32|          0|
    |tmp_46_31_2_2_i_reg_2237               |   64|  64|   32|          0|
    |tmp_46_31_2_i_reg_2157                 |   64|  64|   32|          0|
    |tmp_46_3_0_1_i_reg_862                 |   64|  32|   32|          0|
    |tmp_46_3_0_2_i_reg_902                 |   64|  32|   32|          0|
    |tmp_46_3_0_i_reg_822                   |   64|  32|   32|          0|
    |tmp_46_3_1_1_i_reg_982                 |   64|  32|   32|          0|
    |tmp_46_3_1_2_i_reg_1017                |   64|  32|   32|          0|
    |tmp_46_3_1_i_reg_942                   |   64|  32|   32|          0|
    |tmp_46_3_2_1_i_reg_1097                |   64|  32|   32|          0|
    |tmp_46_3_2_2_i_reg_1137                |   64|  32|   32|          0|
    |tmp_46_3_2_i_reg_1057                  |   64|  32|   32|          0|
    |tmp_46_4_0_1_i_reg_867                 |   64|  32|   32|          0|
    |tmp_46_4_0_2_i_reg_907                 |   64|  32|   32|          0|
    |tmp_46_4_0_i_reg_827                   |   64|  32|   32|          0|
    |tmp_46_4_1_1_i_reg_987                 |   64|  32|   32|          0|
    |tmp_46_4_1_2_i_reg_1022                |   64|  32|   32|          0|
    |tmp_46_4_1_i_reg_947                   |   64|  32|   32|          0|
    |tmp_46_4_2_1_i_reg_1102                |   64|  32|   32|          0|
    |tmp_46_4_2_2_i_reg_1142                |   64|  32|   32|          0|
    |tmp_46_4_2_i_reg_1062                  |   64|  32|   32|          0|
    |tmp_46_5_0_1_i_reg_872                 |   64|  32|   32|          0|
    |tmp_46_5_0_2_i_reg_912                 |   64|  32|   32|          0|
    |tmp_46_5_0_i_reg_832                   |   64|  32|   32|          0|
    |tmp_46_5_1_1_i_reg_992                 |   64|  32|   32|          0|
    |tmp_46_5_1_2_i_reg_1027                |   64|  32|   32|          0|
    |tmp_46_5_1_i_reg_952                   |   64|  32|   32|          0|
    |tmp_46_5_2_1_i_reg_1107                |   64|  32|   32|          0|
    |tmp_46_5_2_2_i_reg_1147                |   64|  32|   32|          0|
    |tmp_46_5_2_i_reg_1067                  |   64|  32|   32|          0|
    |tmp_46_6_0_1_i_reg_877                 |   64|  32|   32|          0|
    |tmp_46_6_0_2_i_reg_917                 |   64|  32|   32|          0|
    |tmp_46_6_0_i_reg_837                   |   64|  32|   32|          0|
    |tmp_46_6_1_1_i_reg_997                 |   64|  32|   32|          0|
    |tmp_46_6_1_2_i_reg_1032                |   64|  32|   32|          0|
    |tmp_46_6_1_i_reg_957                   |   64|  32|   32|          0|
    |tmp_46_6_2_1_i_reg_1112                |   64|  32|   32|          0|
    |tmp_46_6_2_2_i_reg_1152                |   64|  32|   32|          0|
    |tmp_46_6_2_i_reg_1072                  |   64|  32|   32|          0|
    |tmp_46_7_0_1_i_reg_882                 |   64|  32|   32|          0|
    |tmp_46_7_0_2_i_reg_922                 |   64|  32|   32|          0|
    |tmp_46_7_0_i_reg_842                   |   64|  32|   32|          0|
    |tmp_46_7_1_1_i_reg_1002                |   64|  32|   32|          0|
    |tmp_46_7_1_2_i_reg_1037                |   64|  32|   32|          0|
    |tmp_46_7_1_i_reg_962                   |   64|  32|   32|          0|
    |tmp_46_7_2_1_i_reg_1117                |   64|  32|   32|          0|
    |tmp_46_7_2_2_i_reg_1157                |   64|  32|   32|          0|
    |tmp_46_7_2_i_reg_1077                  |   64|  32|   32|          0|
    |tmp_46_8_0_1_i_reg_1202                |   64|  32|   32|          0|
    |tmp_46_8_0_2_i_reg_1242                |   64|  32|   32|          0|
    |tmp_46_8_0_i_reg_1162                  |   64|  32|   32|          0|
    |tmp_46_8_1_1_i_reg_1322                |   64|  32|   32|          0|
    |tmp_46_8_1_2_i_reg_1362                |   64|  32|   32|          0|
    |tmp_46_8_1_i_reg_1282                  |   64|  32|   32|          0|
    |tmp_46_8_2_1_i_reg_1442                |   64|  32|   32|          0|
    |tmp_46_8_2_2_i_reg_1482                |   64|  32|   32|          0|
    |tmp_46_8_2_i_reg_1402                  |   64|  32|   32|          0|
    |tmp_46_9_0_1_i_reg_1207                |   64|  32|   32|          0|
    |tmp_46_9_0_2_i_reg_1247                |   64|  32|   32|          0|
    |tmp_46_9_0_i_reg_1167                  |   64|  32|   32|          0|
    |tmp_46_9_1_1_i_reg_1327                |   64|  32|   32|          0|
    |tmp_46_9_1_2_i_reg_1367                |   64|  32|   32|          0|
    |tmp_46_9_1_i_reg_1287                  |   64|  32|   32|          0|
    |tmp_46_9_2_1_i_reg_1447                |   64|  32|   32|          0|
    |tmp_46_9_2_2_i_reg_1487                |   64|  32|   32|          0|
    |tmp_46_9_2_i_reg_1407                  |   64|  32|   32|          0|
    +---------------------------------------+-----+----+-----+-----------+
    |Total                                  |29674|9944|20814|          0|
    +---------------------------------------+-----+----+-----+-----------+



================================================================
== Interface
================================================================
* Summary: 
+--------------+-----+-----+------------+--------------+--------------+
|   RTL Ports  | Dir | Bits|  Protocol  | Source Object|    C Type    |
+--------------+-----+-----+------------+--------------+--------------+
|ap_clk        |  in |    1| ap_ctrl_hs |     conv4    | return value |
|ap_rst        |  in |    1| ap_ctrl_hs |     conv4    | return value |
|ap_start      |  in |    1| ap_ctrl_hs |     conv4    | return value |
|start_full_n  |  in |    1| ap_ctrl_hs |     conv4    | return value |
|ap_done       | out |    1| ap_ctrl_hs |     conv4    | return value |
|ap_continue   |  in |    1| ap_ctrl_hs |     conv4    | return value |
|ap_idle       | out |    1| ap_ctrl_hs |     conv4    | return value |
|ap_ready      | out |    1| ap_ctrl_hs |     conv4    | return value |
|start_out     | out |    1| ap_ctrl_hs |     conv4    | return value |
|start_write   | out |    1| ap_ctrl_hs |     conv4    | return value |
|out_0_din     | out |   32|   ap_fifo  |     out_0    |    pointer   |
|out_0_full_n  |  in |    1|   ap_fifo  |     out_0    |    pointer   |
|out_0_write   | out |    1|   ap_fifo  |     out_0    |    pointer   |
|out_1_din     | out |   32|   ap_fifo  |     out_1    |    pointer   |
|out_1_full_n  |  in |    1|   ap_fifo  |     out_1    |    pointer   |
|out_1_write   | out |    1|   ap_fifo  |     out_1    |    pointer   |
|out_2_din     | out |   32|   ap_fifo  |     out_2    |    pointer   |
|out_2_full_n  |  in |    1|   ap_fifo  |     out_2    |    pointer   |
|out_2_write   | out |    1|   ap_fifo  |     out_2    |    pointer   |
|out_3_din     | out |   32|   ap_fifo  |     out_3    |    pointer   |
|out_3_full_n  |  in |    1|   ap_fifo  |     out_3    |    pointer   |
|out_3_write   | out |    1|   ap_fifo  |     out_3    |    pointer   |
|out_4_din     | out |   32|   ap_fifo  |     out_4    |    pointer   |
|out_4_full_n  |  in |    1|   ap_fifo  |     out_4    |    pointer   |
|out_4_write   | out |    1|   ap_fifo  |     out_4    |    pointer   |
|out_5_din     | out |   32|   ap_fifo  |     out_5    |    pointer   |
|out_5_full_n  |  in |    1|   ap_fifo  |     out_5    |    pointer   |
|out_5_write   | out |    1|   ap_fifo  |     out_5    |    pointer   |
|out_6_din     | out |   32|   ap_fifo  |     out_6    |    pointer   |
|out_6_full_n  |  in |    1|   ap_fifo  |     out_6    |    pointer   |
|out_6_write   | out |    1|   ap_fifo  |     out_6    |    pointer   |
|out_7_din     | out |   32|   ap_fifo  |     out_7    |    pointer   |
|out_7_full_n  |  in |    1|   ap_fifo  |     out_7    |    pointer   |
|out_7_write   | out |    1|   ap_fifo  |     out_7    |    pointer   |
|f3_0_dout     |  in |   32|   ap_fifo  |     f3_0     |    pointer   |
|f3_0_empty_n  |  in |    1|   ap_fifo  |     f3_0     |    pointer   |
|f3_0_read     | out |    1|   ap_fifo  |     f3_0     |    pointer   |
|f3_1_dout     |  in |   32|   ap_fifo  |     f3_1     |    pointer   |
|f3_1_empty_n  |  in |    1|   ap_fifo  |     f3_1     |    pointer   |
|f3_1_read     | out |    1|   ap_fifo  |     f3_1     |    pointer   |
|f3_2_dout     |  in |   32|   ap_fifo  |     f3_2     |    pointer   |
|f3_2_empty_n  |  in |    1|   ap_fifo  |     f3_2     |    pointer   |
|f3_2_read     | out |    1|   ap_fifo  |     f3_2     |    pointer   |
|f3_3_dout     |  in |   32|   ap_fifo  |     f3_3     |    pointer   |
|f3_3_empty_n  |  in |    1|   ap_fifo  |     f3_3     |    pointer   |
|f3_3_read     | out |    1|   ap_fifo  |     f3_3     |    pointer   |
|f3_4_dout     |  in |   32|   ap_fifo  |     f3_4     |    pointer   |
|f3_4_empty_n  |  in |    1|   ap_fifo  |     f3_4     |    pointer   |
|f3_4_read     | out |    1|   ap_fifo  |     f3_4     |    pointer   |
|f3_5_dout     |  in |   32|   ap_fifo  |     f3_5     |    pointer   |
|f3_5_empty_n  |  in |    1|   ap_fifo  |     f3_5     |    pointer   |
|f3_5_read     | out |    1|   ap_fifo  |     f3_5     |    pointer   |
|f3_6_dout     |  in |   32|   ap_fifo  |     f3_6     |    pointer   |
|f3_6_empty_n  |  in |    1|   ap_fifo  |     f3_6     |    pointer   |
|f3_6_read     | out |    1|   ap_fifo  |     f3_6     |    pointer   |
|f3_7_dout     |  in |   32|   ap_fifo  |     f3_7     |    pointer   |
|f3_7_empty_n  |  in |    1|   ap_fifo  |     f3_7     |    pointer   |
|f3_7_read     | out |    1|   ap_fifo  |     f3_7     |    pointer   |
+--------------+-----+-----+------------+--------------+--------------+

