

================================================================
== Vivado HLS Report for 'conv3'
================================================================
* Date:           Tue Jun  9 11:54:48 2026

* Version:        2018.3 (Build 2405991 on Thu Dec 06 23:56:15 MST 2018)
* Project:        finalproj
* Solution:       solution1
* Product family: zynq
* Target device:  xc7z020clg484-1


================================================================
== Performance Estimates
================================================================
+ Timing (ns): 
    * Summary: 
    +--------+-------+----------+------------+
    |  Clock | Target| Estimated| Uncertainty|
    +--------+-------+----------+------------+
    |ap_clk  |  10.00|     9.379|        1.25|
    +--------+-------+----------+------------+

+ Latency (clock cycles): 
    * Summary: 
    +-------+-------+-------+-------+---------+
    |    Latency    |    Interval   | Pipeline|
    |  min  |  max  |  min  |  max  |   Type  |
    +-------+-------+-------+-------+---------+
    |  83655|  83655|  83655|  83655|   none  |
    +-------+-------+-------+-------+---------+

    + Detail: 
        * Instance: 
        N/A

        * Loop: 
        +----------+-------+-------+----------+-----------+-----------+------+----------+
        |          |    Latency    | Iteration|  Initiation Interval  | Trip |          |
        | Loop Name|  min  |  max  |  Latency |  achieved |   target  | Count| Pipelined|
        +----------+-------+-------+----------+-----------+-----------+------+----------+
        |- Loop 1  |  83653|  83653|       728|         18|          1|  4608|    yes   |
        +----------+-------+-------+----------+-----------+-----------+------+----------+



================================================================
== Utilization Estimates
================================================================
* Summary: 
+-----------------+---------+-------+--------+-------+
|       Name      | BRAM_18K| DSP48E|   FF   |  LUT  |
+-----------------+---------+-------+--------+-------+
|DSP              |        -|      -|       -|      -|
|Expression       |        -|      -|       0|    164|
|FIFO             |        -|      -|       -|      -|
|Instance         |        -|     40|    2850|   5927|
|Memory           |        -|      -|       -|      -|
|Multiplexer      |        -|      -|       -|   1702|
|Register         |        0|      -|   16762|   5040|
+-----------------+---------+-------+--------+-------+
|Total            |        0|     40|   19612|  12833|
+-----------------+---------+-------+--------+-------+
|Available        |      280|    220|  106400|  53200|
+-----------------+---------+-------+--------+-------+
|Utilization (%)  |        0|     18|      18|     24|
+-----------------+---------+-------+--------+-------+

+ Detail: 
    * Instance: 
    +---------------------------+----------------------+---------+-------+-----+-----+
    |          Instance         |        Module        | BRAM_18K| DSP48E|  FF | LUT |
    +---------------------------+----------------------+---------+-------+-----+-----+
    |topp_fadd_32ns_32bkb_U93   |topp_fadd_32ns_32bkb  |        0|      2|  205|  390|
    |topp_fadd_32ns_32bkb_U94   |topp_fadd_32ns_32bkb  |        0|      2|  205|  390|
    |topp_fadd_32ns_32bkb_U95   |topp_fadd_32ns_32bkb  |        0|      2|  205|  390|
    |topp_fadd_32ns_32bkb_U96   |topp_fadd_32ns_32bkb  |        0|      2|  205|  390|
    |topp_fadd_32ns_32bkb_U97   |topp_fadd_32ns_32bkb  |        0|      2|  205|  390|
    |topp_fadd_32ns_32bkb_U98   |topp_fadd_32ns_32bkb  |        0|      2|  205|  390|
    |topp_fadd_32ns_32bkb_U99   |topp_fadd_32ns_32bkb  |        0|      2|  205|  390|
    |topp_fadd_32ns_32bkb_U100  |topp_fadd_32ns_32bkb  |        0|      2|  205|  390|
    |topp_fcmp_32ns_32dEe_U109  |topp_fcmp_32ns_32dEe  |        0|      0|   66|  239|
    |topp_fmul_32ns_32cud_U101  |topp_fmul_32ns_32cud  |        0|      3|  143|  321|
    |topp_fmul_32ns_32cud_U102  |topp_fmul_32ns_32cud  |        0|      3|  143|  321|
    |topp_fmul_32ns_32cud_U103  |topp_fmul_32ns_32cud  |        0|      3|  143|  321|
    |topp_fmul_32ns_32cud_U104  |topp_fmul_32ns_32cud  |        0|      3|  143|  321|
    |topp_fmul_32ns_32cud_U105  |topp_fmul_32ns_32cud  |        0|      3|  143|  321|
    |topp_fmul_32ns_32cud_U106  |topp_fmul_32ns_32cud  |        0|      3|  143|  321|
    |topp_fmul_32ns_32cud_U107  |topp_fmul_32ns_32cud  |        0|      3|  143|  321|
    |topp_fmul_32ns_32cud_U108  |topp_fmul_32ns_32cud  |        0|      3|  143|  321|
    +---------------------------+----------------------+---------+-------+-----+-----+
    |Total                      |                      |        0|     40| 2850| 5927|
    +---------------------------+----------------------+---------+-------+-----+-----+

    * DSP48: 
    N/A

    * Memory: 
    N/A

    * FIFO: 
    N/A

    * Expression: 
    +-------------------------------------+----------+-------+---+----+------------+------------+
    |            Variable Name            | Operation| DSP48E| FF| LUT| Bitwidth P0| Bitwidth P1|
    +-------------------------------------+----------+-------+---+----+------------+------------+
    |indvar_flatten_next5_fu_732_p2       |     +    |      0|  0|  17|          13|           1|
    |indvar_flatten_op_fu_762_p2          |     +    |      0|  0|  15|           8|           1|
    |oc_fu_738_p2                         |     +    |      0|  0|  15|           1|           6|
    |ap_block_pp0_stage0_11001            |    and   |      0|  0|   2|           1|           1|
    |ap_block_pp0_stage10_11001           |    and   |      0|  0|   2|           1|           1|
    |tmp_8_fu_811_p2                      |    and   |      0|  0|   2|           1|           1|
    |exitcond_flatten5_fu_726_p2          |   icmp   |      0|  0|  13|          13|          13|
    |exitcond_flatten_fu_744_p2           |   icmp   |      0|  0|  11|           8|           8|
    |notlhs_fu_793_p2                     |   icmp   |      0|  0|  11|           8|           2|
    |notrhs_fu_799_p2                     |   icmp   |      0|  0|  18|          23|           1|
    |ap_block_pp0_stage7_01001            |    or    |      0|  0|   2|           1|           1|
    |ap_block_state1                      |    or    |      0|  0|   2|           1|           1|
    |ap_block_state10_pp0_stage8_iter0    |    or    |      0|  0|   2|           1|           1|
    |ap_block_state729_pp0_stage7_iter40  |    or    |      0|  0|   2|           1|           1|
    |tmp_6_fu_805_p2                      |    or    |      0|  0|   2|           1|           1|
    |arrayNo_trunc_i_mid2_4_fu_750_p3     |  select  |      0|  0|   6|           1|           6|
    |indvar_flatten_next_fu_768_p3        |  select  |      0|  0|   8|           1|           1|
    |sum_3_i_fu_817_p3                    |  select  |      0|  0|  32|           1|           1|
    |ap_enable_pp0                        |    xor   |      0|  0|   2|           1|           2|
    +-------------------------------------+----------+-------+---+----+------------+------------+
    |Total                                |          |      0|  0| 164|          86|          50|
    +-------------------------------------+----------+-------+---+----+------------+------------+

    * Multiplexer: 
    +------------------------------------------+-----+-----------+-----+-----------+
    |                   Name                   | LUT | Input Size| Bits| Total Bits|
    +------------------------------------------+-----+-----------+-----+-----------+
    |ap_NS_fsm                                 |  101|         21|    1|         21|
    |ap_done                                   |    9|          2|    1|          2|
    |ap_enable_reg_pp0_iter40                  |    9|          2|    1|          2|
    |ap_phi_mux_indvar_flatten5_phi_fu_210_p4  |    9|          2|   13|         26|
    |ap_phi_mux_indvar_flatten_phi_fu_232_p4   |    9|          2|    8|         16|
    |ap_phi_mux_oc_i_phi_fu_221_p4             |    9|          2|    6|         12|
    |grp_fu_240_p0                             |   41|          8|   32|        256|
    |grp_fu_240_p1                             |   93|         19|   32|        608|
    |grp_fu_245_p0                             |   41|          8|   32|        256|
    |grp_fu_245_p1                             |   93|         19|   32|        608|
    |grp_fu_249_p0                             |   41|          8|   32|        256|
    |grp_fu_249_p1                             |   93|         19|   32|        608|
    |grp_fu_253_p0                             |   41|          8|   32|        256|
    |grp_fu_253_p1                             |   93|         19|   32|        608|
    |grp_fu_257_p0                             |   41|          8|   32|        256|
    |grp_fu_257_p1                             |   93|         19|   32|        608|
    |grp_fu_261_p0                             |   41|          8|   32|        256|
    |grp_fu_261_p1                             |   93|         19|   32|        608|
    |grp_fu_265_p0                             |   41|          8|   32|        256|
    |grp_fu_265_p1                             |   93|         19|   32|        608|
    |grp_fu_269_p0                             |   41|          8|   32|        256|
    |grp_fu_269_p1                             |   93|         19|   32|        608|
    |grp_fu_273_p0                             |   38|          7|   32|        224|
    |grp_fu_278_p0                             |   38|          7|   32|        224|
    |grp_fu_283_p0                             |   38|          7|   32|        224|
    |grp_fu_288_p0                             |   38|          7|   32|        224|
    |grp_fu_293_p0                             |   38|          7|   32|        224|
    |grp_fu_298_p0                             |   38|          7|   32|        224|
    |grp_fu_303_p0                             |   38|          7|   32|        224|
    |grp_fu_308_p0                             |   38|          7|   32|        224|
    |indvar_flatten5_reg_206                   |    9|          2|   13|         26|
    |indvar_flatten_reg_228                    |    9|          2|    8|         16|
    |oc_i_reg_217                              |    9|          2|    6|         12|
    |out_0_blk_n                               |    9|          2|    1|          2|
    |out_1_blk_n                               |    9|          2|    1|          2|
    |out_2_blk_n                               |    9|          2|    1|          2|
    |out_3_blk_n                               |    9|          2|    1|          2|
    |out_4_blk_n                               |    9|          2|    1|          2|
    |out_5_blk_n                               |    9|          2|    1|          2|
    |out_6_blk_n                               |    9|          2|    1|          2|
    |out_7_blk_n                               |    9|          2|    1|          2|
    |p2_0_blk_n                                |    9|          2|    1|          2|
    |p2_1_blk_n                                |    9|          2|    1|          2|
    |p2_2_blk_n                                |    9|          2|    1|          2|
    |p2_3_blk_n                                |    9|          2|    1|          2|
    |p2_4_blk_n                                |    9|          2|    1|          2|
    |p2_5_blk_n                                |    9|          2|    1|          2|
    |p2_6_blk_n                                |    9|          2|    1|          2|
    |p2_7_blk_n                                |    9|          2|    1|          2|
    |real_start                                |    9|          2|    1|          2|
    +------------------------------------------+-----+-----------+-----+-----------+
    |Total                                     | 1702|        343|  842|       8871|
    +------------------------------------------+-----+-----------+-----+-----------+

    * Register: 
    +---------------------------------------+-----+----+-----+-----------+
    |                  Name                 |  FF | LUT| Bits| Const Bits|
    +---------------------------------------+-----+----+-----+-----------+
    |ap_CS_fsm                              |   20|   0|   20|          0|
    |ap_done_reg                            |    1|   0|    1|          0|
    |ap_enable_reg_pp0_iter0                |    1|   0|    1|          0|
    |ap_enable_reg_pp0_iter1                |    1|   0|    1|          0|
    |ap_enable_reg_pp0_iter10               |    1|   0|    1|          0|
    |ap_enable_reg_pp0_iter11               |    1|   0|    1|          0|
    |ap_enable_reg_pp0_iter12               |    1|   0|    1|          0|
    |ap_enable_reg_pp0_iter13               |    1|   0|    1|          0|
    |ap_enable_reg_pp0_iter14               |    1|   0|    1|          0|
    |ap_enable_reg_pp0_iter15               |    1|   0|    1|          0|
    |ap_enable_reg_pp0_iter16               |    1|   0|    1|          0|
    |ap_enable_reg_pp0_iter17               |    1|   0|    1|          0|
    |ap_enable_reg_pp0_iter18               |    1|   0|    1|          0|
    |ap_enable_reg_pp0_iter19               |    1|   0|    1|          0|
    |ap_enable_reg_pp0_iter2                |    1|   0|    1|          0|
    |ap_enable_reg_pp0_iter20               |    1|   0|    1|          0|
    |ap_enable_reg_pp0_iter21               |    1|   0|    1|          0|
    |ap_enable_reg_pp0_iter22               |    1|   0|    1|          0|
    |ap_enable_reg_pp0_iter23               |    1|   0|    1|          0|
    |ap_enable_reg_pp0_iter24               |    1|   0|    1|          0|
    |ap_enable_reg_pp0_iter25               |    1|   0|    1|          0|
    |ap_enable_reg_pp0_iter26               |    1|   0|    1|          0|
    |ap_enable_reg_pp0_iter27               |    1|   0|    1|          0|
    |ap_enable_reg_pp0_iter28               |    1|   0|    1|          0|
    |ap_enable_reg_pp0_iter29               |    1|   0|    1|          0|
    |ap_enable_reg_pp0_iter3                |    1|   0|    1|          0|
    |ap_enable_reg_pp0_iter30               |    1|   0|    1|          0|
    |ap_enable_reg_pp0_iter31               |    1|   0|    1|          0|
    |ap_enable_reg_pp0_iter32               |    1|   0|    1|          0|
    |ap_enable_reg_pp0_iter33               |    1|   0|    1|          0|
    |ap_enable_reg_pp0_iter34               |    1|   0|    1|          0|
    |ap_enable_reg_pp0_iter35               |    1|   0|    1|          0|
    |ap_enable_reg_pp0_iter36               |    1|   0|    1|          0|
    |ap_enable_reg_pp0_iter37               |    1|   0|    1|          0|
    |ap_enable_reg_pp0_iter38               |    1|   0|    1|          0|
    |ap_enable_reg_pp0_iter39               |    1|   0|    1|          0|
    |ap_enable_reg_pp0_iter4                |    1|   0|    1|          0|
    |ap_enable_reg_pp0_iter40               |    1|   0|    1|          0|
    |ap_enable_reg_pp0_iter5                |    1|   0|    1|          0|
    |ap_enable_reg_pp0_iter6                |    1|   0|    1|          0|
    |ap_enable_reg_pp0_iter7                |    1|   0|    1|          0|
    |ap_enable_reg_pp0_iter8                |    1|   0|    1|          0|
    |ap_enable_reg_pp0_iter9                |    1|   0|    1|          0|
    |arrayNo_trunc_i_mid2_4_reg_839         |    6|   0|    6|          0|
    |exitcond_flatten5_reg_825              |    1|   0|    1|          0|
    |exitcond_flatten_reg_834               |    1|   0|    1|          0|
    |indvar_flatten5_reg_206                |   13|   0|   13|          0|
    |indvar_flatten_next5_reg_829           |   13|   0|   13|          0|
    |indvar_flatten_next_reg_848            |    8|   0|    8|          0|
    |indvar_flatten_reg_228                 |    8|   0|    8|          0|
    |oc_i_reg_217                           |    6|   0|    6|          0|
    |p2_0_read_16_reg_1338                  |   32|   0|   32|          0|
    |p2_0_read_17_reg_1418                  |   32|   0|   32|          0|
    |p2_1_read_16_reg_1348                  |   32|   0|   32|          0|
    |p2_1_read_17_reg_1428                  |   32|   0|   32|          0|
    |p2_2_read_16_reg_1358                  |   32|   0|   32|          0|
    |p2_2_read_17_reg_1438                  |   32|   0|   32|          0|
    |p2_3_read_16_reg_1368                  |   32|   0|   32|          0|
    |p2_3_read_17_reg_1448                  |   32|   0|   32|          0|
    |p2_4_read_16_reg_1378                  |   32|   0|   32|          0|
    |p2_4_read_17_reg_1458                  |   32|   0|   32|          0|
    |p2_5_read_16_reg_1388                  |   32|   0|   32|          0|
    |p2_5_read_17_reg_1468                  |   32|   0|   32|          0|
    |p2_6_read_16_reg_1398                  |   32|   0|   32|          0|
    |p2_6_read_17_reg_1478                  |   32|   0|   32|          0|
    |p2_7_read_16_reg_1408                  |   32|   0|   32|          0|
    |p2_7_read_17_reg_1488                  |   32|   0|   32|          0|
    |reg_318                                |   32|   0|   32|          0|
    |reg_323                                |   32|   0|   32|          0|
    |reg_328                                |   32|   0|   32|          0|
    |reg_333                                |   32|   0|   32|          0|
    |reg_338                                |   32|   0|   32|          0|
    |reg_343                                |   32|   0|   32|          0|
    |reg_348                                |   32|   0|   32|          0|
    |reg_353                                |   32|   0|   32|          0|
    |reg_358                                |   32|   0|   32|          0|
    |reg_363                                |   32|   0|   32|          0|
    |reg_368                                |   32|   0|   32|          0|
    |reg_373                                |   32|   0|   32|          0|
    |reg_378                                |   32|   0|   32|          0|
    |reg_383                                |   32|   0|   32|          0|
    |reg_388                                |   32|   0|   32|          0|
    |reg_393                                |   32|   0|   32|          0|
    |reg_398                                |   32|   0|   32|          0|
    |reg_403                                |   32|   0|   32|          0|
    |reg_408                                |   32|   0|   32|          0|
    |reg_413                                |   32|   0|   32|          0|
    |reg_418                                |   32|   0|   32|          0|
    |reg_423                                |   32|   0|   32|          0|
    |reg_428                                |   32|   0|   32|          0|
    |reg_433                                |   32|   0|   32|          0|
    |reg_438                                |   32|   0|   32|          0|
    |reg_443                                |   32|   0|   32|          0|
    |reg_448                                |   32|   0|   32|          0|
    |reg_453                                |   32|   0|   32|          0|
    |reg_458                                |   32|   0|   32|          0|
    |reg_463                                |   32|   0|   32|          0|
    |reg_468                                |   32|   0|   32|          0|
    |reg_473                                |   32|   0|   32|          0|
    |reg_478                                |   32|   0|   32|          0|
    |reg_483                                |   32|   0|   32|          0|
    |reg_488                                |   32|   0|   32|          0|
    |reg_493                                |   32|   0|   32|          0|
    |reg_498                                |   32|   0|   32|          0|
    |reg_503                                |   32|   0|   32|          0|
    |reg_509                                |   32|   0|   32|          0|
    |reg_514                                |   32|   0|   32|          0|
    |reg_519                                |   32|   0|   32|          0|
    |reg_524                                |   32|   0|   32|          0|
    |reg_529                                |   32|   0|   32|          0|
    |reg_534                                |   32|   0|   32|          0|
    |reg_540                                |   32|   0|   32|          0|
    |reg_545                                |   32|   0|   32|          0|
    |reg_550                                |   32|   0|   32|          0|
    |reg_555                                |   32|   0|   32|          0|
    |reg_560                                |   32|   0|   32|          0|
    |reg_565                                |   32|   0|   32|          0|
    |reg_571                                |   32|   0|   32|          0|
    |reg_576                                |   32|   0|   32|          0|
    |reg_581                                |   32|   0|   32|          0|
    |reg_586                                |   32|   0|   32|          0|
    |reg_591                                |   32|   0|   32|          0|
    |reg_596                                |   32|   0|   32|          0|
    |reg_602                                |   32|   0|   32|          0|
    |reg_607                                |   32|   0|   32|          0|
    |reg_612                                |   32|   0|   32|          0|
    |reg_617                                |   32|   0|   32|          0|
    |reg_622                                |   32|   0|   32|          0|
    |reg_627                                |   32|   0|   32|          0|
    |reg_633                                |   32|   0|   32|          0|
    |reg_638                                |   32|   0|   32|          0|
    |reg_643                                |   32|   0|   32|          0|
    |reg_648                                |   32|   0|   32|          0|
    |reg_653                                |   32|   0|   32|          0|
    |reg_658                                |   32|   0|   32|          0|
    |reg_664                                |   32|   0|   32|          0|
    |reg_669                                |   32|   0|   32|          0|
    |reg_674                                |   32|   0|   32|          0|
    |reg_679                                |   32|   0|   32|          0|
    |reg_684                                |   32|   0|   32|          0|
    |reg_689                                |   32|   0|   32|          0|
    |reg_695                                |   32|   0|   32|          0|
    |reg_700                                |   32|   0|   32|          0|
    |reg_706                                |   32|   0|   32|          0|
    |reg_711                                |   32|   0|   32|          0|
    |reg_716                                |   32|   0|   32|          0|
    |reg_721                                |   32|   0|   32|          0|
    |start_once_reg                         |    1|   0|    1|          0|
    |sum_3_i_reg_1653                       |   32|   0|   32|          0|
    |tmp_56_0_0_1_i_reg_893                 |   32|   0|   32|          0|
    |tmp_56_0_0_2_i_reg_933                 |   32|   0|   32|          0|
    |tmp_56_0_0_i_reg_853                   |   32|   0|   32|          0|
    |tmp_56_0_1_1_i_reg_1013                |   32|   0|   32|          0|
    |tmp_56_0_1_2_i_reg_1053                |   32|   0|   32|          0|
    |tmp_56_0_1_2_i_reg_1053_pp0_iter1_reg  |   32|   0|   32|          0|
    |tmp_56_0_1_i_reg_973                   |   32|   0|   32|          0|
    |tmp_56_0_2_1_i_reg_1133                |   32|   0|   32|          0|
    |tmp_56_0_2_1_i_reg_1133_pp0_iter1_reg  |   32|   0|   32|          0|
    |tmp_56_0_2_2_i_reg_1173                |   32|   0|   32|          0|
    |tmp_56_0_2_i_reg_1093                  |   32|   0|   32|          0|
    |tmp_56_0_2_i_reg_1093_pp0_iter1_reg    |   32|   0|   32|          0|
    |tmp_56_10_0_1_i_reg_1263               |   32|   0|   32|          0|
    |tmp_56_10_0_2_i_reg_1303               |   32|   0|   32|          0|
    |tmp_56_10_0_i_reg_1223                 |   32|   0|   32|          0|
    |tmp_56_10_1_1_i_reg_1433               |   32|   0|   32|          0|
    |tmp_56_10_1_2_i_reg_1503               |   32|   0|   32|          0|
    |tmp_56_10_1_i_reg_1353                 |   32|   0|   32|          0|
    |tmp_56_10_2_1_i_reg_1583               |   32|   0|   32|          0|
    |tmp_56_10_2_2_i_reg_1623               |   32|   0|   32|          0|
    |tmp_56_10_2_i_reg_1543                 |   32|   0|   32|          0|
    |tmp_56_11_0_1_i_reg_1268               |   32|   0|   32|          0|
    |tmp_56_11_0_2_i_reg_1308               |   32|   0|   32|          0|
    |tmp_56_11_0_i_reg_1228                 |   32|   0|   32|          0|
    |tmp_56_11_1_1_i_reg_1443               |   32|   0|   32|          0|
    |tmp_56_11_1_2_i_reg_1508               |   32|   0|   32|          0|
    |tmp_56_11_1_i_reg_1363                 |   32|   0|   32|          0|
    |tmp_56_11_2_1_i_reg_1588               |   32|   0|   32|          0|
    |tmp_56_11_2_2_i_reg_1628               |   32|   0|   32|          0|
    |tmp_56_11_2_i_reg_1548                 |   32|   0|   32|          0|
    |tmp_56_12_0_1_i_reg_1273               |   32|   0|   32|          0|
    |tmp_56_12_0_2_i_reg_1313               |   32|   0|   32|          0|
    |tmp_56_12_0_i_reg_1233                 |   32|   0|   32|          0|
    |tmp_56_12_1_1_i_reg_1453               |   32|   0|   32|          0|
    |tmp_56_12_1_2_i_reg_1513               |   32|   0|   32|          0|
    |tmp_56_12_1_i_reg_1373                 |   32|   0|   32|          0|
    |tmp_56_12_2_1_i_reg_1593               |   32|   0|   32|          0|
    |tmp_56_12_2_2_i_reg_1633               |   32|   0|   32|          0|
    |tmp_56_12_2_i_reg_1553                 |   32|   0|   32|          0|
    |tmp_56_13_0_1_i_reg_1278               |   32|   0|   32|          0|
    |tmp_56_13_0_2_i_reg_1318               |   32|   0|   32|          0|
    |tmp_56_13_0_i_reg_1238                 |   32|   0|   32|          0|
    |tmp_56_13_1_1_i_reg_1463               |   32|   0|   32|          0|
    |tmp_56_13_1_2_i_reg_1518               |   32|   0|   32|          0|
    |tmp_56_13_1_i_reg_1383                 |   32|   0|   32|          0|
    |tmp_56_13_2_1_i_reg_1598               |   32|   0|   32|          0|
    |tmp_56_13_2_2_i_reg_1638               |   32|   0|   32|          0|
    |tmp_56_13_2_i_reg_1558                 |   32|   0|   32|          0|
    |tmp_56_14_0_1_i_reg_1283               |   32|   0|   32|          0|
    |tmp_56_14_0_2_i_reg_1323               |   32|   0|   32|          0|
    |tmp_56_14_0_i_reg_1243                 |   32|   0|   32|          0|
    |tmp_56_14_1_1_i_reg_1473               |   32|   0|   32|          0|
    |tmp_56_14_1_2_i_reg_1523               |   32|   0|   32|          0|
    |tmp_56_14_1_i_reg_1393                 |   32|   0|   32|          0|
    |tmp_56_14_2_1_i_reg_1603               |   32|   0|   32|          0|
    |tmp_56_14_2_2_i_reg_1643               |   32|   0|   32|          0|
    |tmp_56_14_2_i_reg_1563                 |   32|   0|   32|          0|
    |tmp_56_15_0_1_i_reg_1288               |   32|   0|   32|          0|
    |tmp_56_15_0_2_i_reg_1328               |   32|   0|   32|          0|
    |tmp_56_15_0_i_reg_1248                 |   32|   0|   32|          0|
    |tmp_56_15_1_1_i_reg_1483               |   32|   0|   32|          0|
    |tmp_56_15_1_2_i_reg_1528               |   32|   0|   32|          0|
    |tmp_56_15_1_i_reg_1403                 |   32|   0|   32|          0|
    |tmp_56_15_2_1_i_reg_1608               |   32|   0|   32|          0|
    |tmp_56_15_2_2_i_reg_1648               |   32|   0|   32|          0|
    |tmp_56_15_2_i_reg_1568                 |   32|   0|   32|          0|
    |tmp_56_1_0_1_i_reg_898                 |   32|   0|   32|          0|
    |tmp_56_1_0_2_i_reg_938                 |   32|   0|   32|          0|
    |tmp_56_1_0_i_reg_858                   |   32|   0|   32|          0|
    |tmp_56_1_1_1_i_reg_1018                |   32|   0|   32|          0|
    |tmp_56_1_1_2_i_reg_1058                |   32|   0|   32|          0|
    |tmp_56_1_1_i_reg_978                   |   32|   0|   32|          0|
    |tmp_56_1_2_1_i_reg_1138                |   32|   0|   32|          0|
    |tmp_56_1_2_2_i_reg_1178                |   32|   0|   32|          0|
    |tmp_56_1_2_i_reg_1098                  |   32|   0|   32|          0|
    |tmp_56_2_0_1_i_reg_903                 |   32|   0|   32|          0|
    |tmp_56_2_0_2_i_reg_943                 |   32|   0|   32|          0|
    |tmp_56_2_0_i_reg_863                   |   32|   0|   32|          0|
    |tmp_56_2_1_1_i_reg_1023                |   32|   0|   32|          0|
    |tmp_56_2_1_2_i_reg_1063                |   32|   0|   32|          0|
    |tmp_56_2_1_i_reg_983                   |   32|   0|   32|          0|
    |tmp_56_2_2_1_i_reg_1143                |   32|   0|   32|          0|
    |tmp_56_2_2_2_i_reg_1183                |   32|   0|   32|          0|
    |tmp_56_2_2_i_reg_1103                  |   32|   0|   32|          0|
    |tmp_56_3_0_1_i_reg_908                 |   32|   0|   32|          0|
    |tmp_56_3_0_2_i_reg_948                 |   32|   0|   32|          0|
    |tmp_56_3_0_i_reg_868                   |   32|   0|   32|          0|
    |tmp_56_3_1_1_i_reg_1028                |   32|   0|   32|          0|
    |tmp_56_3_1_2_i_reg_1068                |   32|   0|   32|          0|
    |tmp_56_3_1_i_reg_988                   |   32|   0|   32|          0|
    |tmp_56_3_2_1_i_reg_1148                |   32|   0|   32|          0|
    |tmp_56_3_2_2_i_reg_1188                |   32|   0|   32|          0|
    |tmp_56_3_2_i_reg_1108                  |   32|   0|   32|          0|
    |tmp_56_4_0_1_i_reg_913                 |   32|   0|   32|          0|
    |tmp_56_4_0_2_i_reg_953                 |   32|   0|   32|          0|
    |tmp_56_4_0_i_reg_873                   |   32|   0|   32|          0|
    |tmp_56_4_1_1_i_reg_1033                |   32|   0|   32|          0|
    |tmp_56_4_1_2_i_reg_1073                |   32|   0|   32|          0|
    |tmp_56_4_1_i_reg_993                   |   32|   0|   32|          0|
    |tmp_56_4_2_1_i_reg_1153                |   32|   0|   32|          0|
    |tmp_56_4_2_2_i_reg_1193                |   32|   0|   32|          0|
    |tmp_56_4_2_i_reg_1113                  |   32|   0|   32|          0|
    |tmp_56_5_0_1_i_reg_918                 |   32|   0|   32|          0|
    |tmp_56_5_0_2_i_reg_958                 |   32|   0|   32|          0|
    |tmp_56_5_0_i_reg_878                   |   32|   0|   32|          0|
    |tmp_56_5_1_1_i_reg_1038                |   32|   0|   32|          0|
    |tmp_56_5_1_2_i_reg_1078                |   32|   0|   32|          0|
    |tmp_56_5_1_i_reg_998                   |   32|   0|   32|          0|
    |tmp_56_5_2_1_i_reg_1158                |   32|   0|   32|          0|
    |tmp_56_5_2_2_i_reg_1198                |   32|   0|   32|          0|
    |tmp_56_5_2_i_reg_1118                  |   32|   0|   32|          0|
    |tmp_56_6_0_1_i_reg_923                 |   32|   0|   32|          0|
    |tmp_56_6_0_2_i_reg_963                 |   32|   0|   32|          0|
    |tmp_56_6_0_i_reg_883                   |   32|   0|   32|          0|
    |tmp_56_6_1_1_i_reg_1043                |   32|   0|   32|          0|
    |tmp_56_6_1_2_i_reg_1083                |   32|   0|   32|          0|
    |tmp_56_6_1_i_reg_1003                  |   32|   0|   32|          0|
    |tmp_56_6_2_1_i_reg_1163                |   32|   0|   32|          0|
    |tmp_56_6_2_2_i_reg_1203                |   32|   0|   32|          0|
    |tmp_56_6_2_i_reg_1123                  |   32|   0|   32|          0|
    |tmp_56_7_0_1_i_reg_928                 |   32|   0|   32|          0|
    |tmp_56_7_0_2_i_reg_968                 |   32|   0|   32|          0|
    |tmp_56_7_0_i_reg_888                   |   32|   0|   32|          0|
    |tmp_56_7_1_1_i_reg_1048                |   32|   0|   32|          0|
    |tmp_56_7_1_2_i_reg_1088                |   32|   0|   32|          0|
    |tmp_56_7_1_i_reg_1008                  |   32|   0|   32|          0|
    |tmp_56_7_2_1_i_reg_1168                |   32|   0|   32|          0|
    |tmp_56_7_2_2_i_reg_1208                |   32|   0|   32|          0|
    |tmp_56_7_2_i_reg_1128                  |   32|   0|   32|          0|
    |tmp_56_8_0_1_i_reg_1253                |   32|   0|   32|          0|
    |tmp_56_8_0_2_i_reg_1293                |   32|   0|   32|          0|
    |tmp_56_8_0_i_reg_1213                  |   32|   0|   32|          0|
    |tmp_56_8_1_1_i_reg_1413                |   32|   0|   32|          0|
    |tmp_56_8_1_2_i_reg_1493                |   32|   0|   32|          0|
    |tmp_56_8_1_i_reg_1333                  |   32|   0|   32|          0|
    |tmp_56_8_2_1_i_reg_1573                |   32|   0|   32|          0|
    |tmp_56_8_2_2_i_reg_1613                |   32|   0|   32|          0|
    |tmp_56_8_2_i_reg_1533                  |   32|   0|   32|          0|
    |tmp_56_9_0_1_i_reg_1258                |   32|   0|   32|          0|
    |tmp_56_9_0_2_i_reg_1298                |   32|   0|   32|          0|
    |tmp_56_9_0_i_reg_1218                  |   32|   0|   32|          0|
    |tmp_56_9_1_1_i_reg_1423                |   32|   0|   32|          0|
    |tmp_56_9_1_2_i_reg_1498                |   32|   0|   32|          0|
    |tmp_56_9_1_i_reg_1343                  |   32|   0|   32|          0|
    |tmp_56_9_2_1_i_reg_1578                |   32|   0|   32|          0|
    |tmp_56_9_2_2_i_reg_1618                |   32|   0|   32|          0|
    |tmp_56_9_2_i_reg_1538                  |   32|   0|   32|          0|
    |tmp_9_reg_844                          |    3|   0|    3|          0|
    |exitcond_flatten5_reg_825              |   64|  64|    1|          0|
    |tmp_56_0_2_2_i_reg_1173                |   64|  32|   32|          0|
    |tmp_56_10_0_1_i_reg_1263               |   64|  32|   32|          0|
    |tmp_56_10_0_2_i_reg_1303               |   64|  32|   32|          0|
    |tmp_56_10_0_i_reg_1223                 |   64|  32|   32|          0|
    |tmp_56_10_1_1_i_reg_1433               |   64|  32|   32|          0|
    |tmp_56_10_1_2_i_reg_1503               |   64|  32|   32|          0|
    |tmp_56_10_1_i_reg_1353                 |   64|  32|   32|          0|
    |tmp_56_10_2_1_i_reg_1583               |   64|  32|   32|          0|
    |tmp_56_10_2_2_i_reg_1623               |   64|  32|   32|          0|
    |tmp_56_10_2_i_reg_1543                 |   64|  32|   32|          0|
    |tmp_56_11_0_1_i_reg_1268               |   64|  32|   32|          0|
    |tmp_56_11_0_2_i_reg_1308               |   64|  32|   32|          0|
    |tmp_56_11_0_i_reg_1228                 |   64|  32|   32|          0|
    |tmp_56_11_1_1_i_reg_1443               |   64|  32|   32|          0|
    |tmp_56_11_1_2_i_reg_1508               |   64|  32|   32|          0|
    |tmp_56_11_1_i_reg_1363                 |   64|  32|   32|          0|
    |tmp_56_11_2_1_i_reg_1588               |   64|  32|   32|          0|
    |tmp_56_11_2_2_i_reg_1628               |   64|  32|   32|          0|
    |tmp_56_11_2_i_reg_1548                 |   64|  32|   32|          0|
    |tmp_56_12_0_1_i_reg_1273               |   64|  32|   32|          0|
    |tmp_56_12_0_2_i_reg_1313               |   64|  32|   32|          0|
    |tmp_56_12_0_i_reg_1233                 |   64|  32|   32|          0|
    |tmp_56_12_1_1_i_reg_1453               |   64|  32|   32|          0|
    |tmp_56_12_1_2_i_reg_1513               |   64|  32|   32|          0|
    |tmp_56_12_1_i_reg_1373                 |   64|  32|   32|          0|
    |tmp_56_12_2_1_i_reg_1593               |   64|  32|   32|          0|
    |tmp_56_12_2_2_i_reg_1633               |   64|  32|   32|          0|
    |tmp_56_12_2_i_reg_1553                 |   64|  32|   32|          0|
    |tmp_56_13_0_1_i_reg_1278               |   64|  32|   32|          0|
    |tmp_56_13_0_2_i_reg_1318               |   64|  32|   32|          0|
    |tmp_56_13_0_i_reg_1238                 |   64|  32|   32|          0|
    |tmp_56_13_1_1_i_reg_1463               |   64|  40|   32|          0|
    |tmp_56_13_1_2_i_reg_1518               |   64|  40|   32|          0|
    |tmp_56_13_1_i_reg_1383                 |   64|  32|   32|          0|
    |tmp_56_13_2_1_i_reg_1598               |   64|  40|   32|          0|
    |tmp_56_13_2_2_i_reg_1638               |   64|  48|   32|          0|
    |tmp_56_13_2_i_reg_1558                 |   64|  40|   32|          0|
    |tmp_56_14_0_1_i_reg_1283               |   64|  48|   32|          0|
    |tmp_56_14_0_2_i_reg_1323               |   64|  56|   32|          0|
    |tmp_56_14_0_i_reg_1243                 |   64|  48|   32|          0|
    |tmp_56_14_1_1_i_reg_1473               |   64|  56|   32|          0|
    |tmp_56_14_1_2_i_reg_1523               |   64|  56|   32|          0|
    |tmp_56_14_1_i_reg_1393                 |   64|  56|   32|          0|
    |tmp_56_14_2_1_i_reg_1603               |   64|  64|   32|          0|
    |tmp_56_14_2_2_i_reg_1643               |   64|  64|   32|          0|
    |tmp_56_14_2_i_reg_1563                 |   64|  64|   32|          0|
    |tmp_56_15_0_1_i_reg_1288               |   64|  64|   32|          0|
    |tmp_56_15_0_2_i_reg_1328               |   64|  64|   32|          0|
    |tmp_56_15_0_i_reg_1248                 |   64|  64|   32|          0|
    |tmp_56_15_1_1_i_reg_1483               |   64|  64|   32|          0|
    |tmp_56_15_1_2_i_reg_1528               |   64|  64|   32|          0|
    |tmp_56_15_1_i_reg_1403                 |   64|  64|   32|          0|
    |tmp_56_15_2_1_i_reg_1608               |   64|  64|   32|          0|
    |tmp_56_15_2_2_i_reg_1648               |   64|  64|   32|          0|
    |tmp_56_15_2_i_reg_1568                 |   64|  64|   32|          0|
    |tmp_56_1_0_1_i_reg_898                 |   64|  32|   32|          0|
    |tmp_56_1_0_2_i_reg_938                 |   64|  32|   32|          0|
    |tmp_56_1_0_i_reg_858                   |   64|  32|   32|          0|
    |tmp_56_1_1_1_i_reg_1018                |   64|  32|   32|          0|
    |tmp_56_1_1_2_i_reg_1058                |   64|  32|   32|          0|
    |tmp_56_1_1_i_reg_978                   |   64|  32|   32|          0|
    |tmp_56_1_2_1_i_reg_1138                |   64|  32|   32|          0|
    |tmp_56_1_2_2_i_reg_1178                |   64|  32|   32|          0|
    |tmp_56_1_2_i_reg_1098                  |   64|  32|   32|          0|
    |tmp_56_2_0_1_i_reg_903                 |   64|  32|   32|          0|
    |tmp_56_2_0_2_i_reg_943                 |   64|  32|   32|          0|
    |tmp_56_2_0_i_reg_863                   |   64|  32|   32|          0|
    |tmp_56_2_1_1_i_reg_1023                |   64|  32|   32|          0|
    |tmp_56_2_1_2_i_reg_1063                |   64|  32|   32|          0|
    |tmp_56_2_1_i_reg_983                   |   64|  32|   32|          0|
    |tmp_56_2_2_1_i_reg_1143                |   64|  32|   32|          0|
    |tmp_56_2_2_2_i_reg_1183                |   64|  32|   32|          0|
    |tmp_56_2_2_i_reg_1103                  |   64|  32|   32|          0|
    |tmp_56_3_0_1_i_reg_908                 |   64|  32|   32|          0|
    |tmp_56_3_0_2_i_reg_948                 |   64|  32|   32|          0|
    |tmp_56_3_0_i_reg_868                   |   64|  32|   32|          0|
    |tmp_56_3_1_1_i_reg_1028                |   64|  32|   32|          0|
    |tmp_56_3_1_2_i_reg_1068                |   64|  32|   32|          0|
    |tmp_56_3_1_i_reg_988                   |   64|  32|   32|          0|
    |tmp_56_3_2_1_i_reg_1148                |   64|  32|   32|          0|
    |tmp_56_3_2_2_i_reg_1188                |   64|  32|   32|          0|
    |tmp_56_3_2_i_reg_1108                  |   64|  32|   32|          0|
    |tmp_56_4_0_1_i_reg_913                 |   64|  32|   32|          0|
    |tmp_56_4_0_2_i_reg_953                 |   64|  32|   32|          0|
    |tmp_56_4_0_i_reg_873                   |   64|  32|   32|          0|
    |tmp_56_4_1_1_i_reg_1033                |   64|  32|   32|          0|
    |tmp_56_4_1_2_i_reg_1073                |   64|  32|   32|          0|
    |tmp_56_4_1_i_reg_993                   |   64|  32|   32|          0|
    |tmp_56_4_2_1_i_reg_1153                |   64|  32|   32|          0|
    |tmp_56_4_2_2_i_reg_1193                |   64|  32|   32|          0|
    |tmp_56_4_2_i_reg_1113                  |   64|  32|   32|          0|
    |tmp_56_5_0_1_i_reg_918                 |   64|  32|   32|          0|
    |tmp_56_5_0_2_i_reg_958                 |   64|  32|   32|          0|
    |tmp_56_5_0_i_reg_878                   |   64|  32|   32|          0|
    |tmp_56_5_1_1_i_reg_1038                |   64|  32|   32|          0|
    |tmp_56_5_1_2_i_reg_1078                |   64|  32|   32|          0|
    |tmp_56_5_1_i_reg_998                   |   64|  32|   32|          0|
    |tmp_56_5_2_1_i_reg_1158                |   64|  32|   32|          0|
    |tmp_56_5_2_2_i_reg_1198                |   64|  32|   32|          0|
    |tmp_56_5_2_i_reg_1118                  |   64|  32|   32|          0|
    |tmp_56_6_0_1_i_reg_923                 |   64|  32|   32|          0|
    |tmp_56_6_0_2_i_reg_963                 |   64|  32|   32|          0|
    |tmp_56_6_0_i_reg_883                   |   64|  32|   32|          0|
    |tmp_56_6_1_1_i_reg_1043                |   64|  32|   32|          0|
    |tmp_56_6_1_2_i_reg_1083                |   64|  32|   32|          0|
    |tmp_56_6_1_i_reg_1003                  |   64|  32|   32|          0|
    |tmp_56_6_2_1_i_reg_1163                |   64|  32|   32|          0|
    |tmp_56_6_2_2_i_reg_1203                |   64|  32|   32|          0|
    |tmp_56_6_2_i_reg_1123                  |   64|  32|   32|          0|
    |tmp_56_7_0_1_i_reg_928                 |   64|  32|   32|          0|
    |tmp_56_7_0_2_i_reg_968                 |   64|  32|   32|          0|
    |tmp_56_7_0_i_reg_888                   |   64|  32|   32|          0|
    |tmp_56_7_1_1_i_reg_1048                |   64|  32|   32|          0|
    |tmp_56_7_1_2_i_reg_1088                |   64|  32|   32|          0|
    |tmp_56_7_1_i_reg_1008                  |   64|  32|   32|          0|
    |tmp_56_7_2_1_i_reg_1168                |   64|  32|   32|          0|
    |tmp_56_7_2_2_i_reg_1208                |   64|  32|   32|          0|
    |tmp_56_7_2_i_reg_1128                  |   64|  32|   32|          0|
    |tmp_56_8_0_1_i_reg_1253                |   64|  32|   32|          0|
    |tmp_56_8_0_2_i_reg_1293                |   64|  32|   32|          0|
    |tmp_56_8_0_i_reg_1213                  |   64|  32|   32|          0|
    |tmp_56_8_1_1_i_reg_1413                |   64|  32|   32|          0|
    |tmp_56_8_1_2_i_reg_1493                |   64|  32|   32|          0|
    |tmp_56_8_1_i_reg_1333                  |   64|  32|   32|          0|
    |tmp_56_8_2_1_i_reg_1573                |   64|  32|   32|          0|
    |tmp_56_8_2_2_i_reg_1613                |   64|  32|   32|          0|
    |tmp_56_8_2_i_reg_1533                  |   64|  32|   32|          0|
    |tmp_56_9_0_1_i_reg_1258                |   64|  32|   32|          0|
    |tmp_56_9_0_2_i_reg_1298                |   64|  32|   32|          0|
    |tmp_56_9_0_i_reg_1218                  |   64|  32|   32|          0|
    |tmp_56_9_1_1_i_reg_1423                |   64|  32|   32|          0|
    |tmp_56_9_1_2_i_reg_1498                |   64|  32|   32|          0|
    |tmp_56_9_1_i_reg_1343                  |   64|  32|   32|          0|
    |tmp_56_9_2_1_i_reg_1578                |   64|  32|   32|          0|
    |tmp_56_9_2_2_i_reg_1618                |   64|  32|   32|          0|
    |tmp_56_9_2_i_reg_1538                  |   64|  32|   32|          0|
    |tmp_9_reg_844                          |   64|  64|    3|          0|
    +---------------------------------------+-----+----+-----+-----------+
    |Total                                  |16762|5040|12286|          0|
    +---------------------------------------+-----+----+-----+-----------+



================================================================
== Interface
================================================================
* Summary: 
+--------------+-----+-----+------------+--------------+--------------+
|   RTL Ports  | Dir | Bits|  Protocol  | Source Object|    C Type    |
+--------------+-----+-----+------------+--------------+--------------+
|ap_clk        |  in |    1| ap_ctrl_hs |     conv3    | return value |
|ap_rst        |  in |    1| ap_ctrl_hs |     conv3    | return value |
|ap_start      |  in |    1| ap_ctrl_hs |     conv3    | return value |
|start_full_n  |  in |    1| ap_ctrl_hs |     conv3    | return value |
|ap_done       | out |    1| ap_ctrl_hs |     conv3    | return value |
|ap_continue   |  in |    1| ap_ctrl_hs |     conv3    | return value |
|ap_idle       | out |    1| ap_ctrl_hs |     conv3    | return value |
|ap_ready      | out |    1| ap_ctrl_hs |     conv3    | return value |
|start_out     | out |    1| ap_ctrl_hs |     conv3    | return value |
|start_write   | out |    1| ap_ctrl_hs |     conv3    | return value |
|out_0_din     | out |   32|   ap_fifo  |     out_0    |    pointer   |
|out_0_full_n  |  in |    1|   ap_fifo  |     out_0    |    pointer   |
|out_0_write   | out |    1|   ap_fifo  |     out_0    |    pointer   |
|out_1_din     | out |   32|   ap_fifo  |     out_1    |    pointer   |
|out_1_full_n  |  in |    1|   ap_fifo  |     out_1    |    pointer   |
|out_1_write   | out |    1|   ap_fifo  |     out_1    |    pointer   |
|out_2_din     | out |   32|   ap_fifo  |     out_2    |    pointer   |
|out_2_full_n  |  in |    1|   ap_fifo  |     out_2    |    pointer   |
|out_2_write   | out |    1|   ap_fifo  |     out_2    |    pointer   |
|out_3_din     | out |   32|   ap_fifo  |     out_3    |    pointer   |
|out_3_full_n  |  in |    1|   ap_fifo  |     out_3    |    pointer   |
|out_3_write   | out |    1|   ap_fifo  |     out_3    |    pointer   |
|out_4_din     | out |   32|   ap_fifo  |     out_4    |    pointer   |
|out_4_full_n  |  in |    1|   ap_fifo  |     out_4    |    pointer   |
|out_4_write   | out |    1|   ap_fifo  |     out_4    |    pointer   |
|out_5_din     | out |   32|   ap_fifo  |     out_5    |    pointer   |
|out_5_full_n  |  in |    1|   ap_fifo  |     out_5    |    pointer   |
|out_5_write   | out |    1|   ap_fifo  |     out_5    |    pointer   |
|out_6_din     | out |   32|   ap_fifo  |     out_6    |    pointer   |
|out_6_full_n  |  in |    1|   ap_fifo  |     out_6    |    pointer   |
|out_6_write   | out |    1|   ap_fifo  |     out_6    |    pointer   |
|out_7_din     | out |   32|   ap_fifo  |     out_7    |    pointer   |
|out_7_full_n  |  in |    1|   ap_fifo  |     out_7    |    pointer   |
|out_7_write   | out |    1|   ap_fifo  |     out_7    |    pointer   |
|p2_0_dout     |  in |   32|   ap_fifo  |     p2_0     |    pointer   |
|p2_0_empty_n  |  in |    1|   ap_fifo  |     p2_0     |    pointer   |
|p2_0_read     | out |    1|   ap_fifo  |     p2_0     |    pointer   |
|p2_1_dout     |  in |   32|   ap_fifo  |     p2_1     |    pointer   |
|p2_1_empty_n  |  in |    1|   ap_fifo  |     p2_1     |    pointer   |
|p2_1_read     | out |    1|   ap_fifo  |     p2_1     |    pointer   |
|p2_2_dout     |  in |   32|   ap_fifo  |     p2_2     |    pointer   |
|p2_2_empty_n  |  in |    1|   ap_fifo  |     p2_2     |    pointer   |
|p2_2_read     | out |    1|   ap_fifo  |     p2_2     |    pointer   |
|p2_3_dout     |  in |   32|   ap_fifo  |     p2_3     |    pointer   |
|p2_3_empty_n  |  in |    1|   ap_fifo  |     p2_3     |    pointer   |
|p2_3_read     | out |    1|   ap_fifo  |     p2_3     |    pointer   |
|p2_4_dout     |  in |   32|   ap_fifo  |     p2_4     |    pointer   |
|p2_4_empty_n  |  in |    1|   ap_fifo  |     p2_4     |    pointer   |
|p2_4_read     | out |    1|   ap_fifo  |     p2_4     |    pointer   |
|p2_5_dout     |  in |   32|   ap_fifo  |     p2_5     |    pointer   |
|p2_5_empty_n  |  in |    1|   ap_fifo  |     p2_5     |    pointer   |
|p2_5_read     | out |    1|   ap_fifo  |     p2_5     |    pointer   |
|p2_6_dout     |  in |   32|   ap_fifo  |     p2_6     |    pointer   |
|p2_6_empty_n  |  in |    1|   ap_fifo  |     p2_6     |    pointer   |
|p2_6_read     | out |    1|   ap_fifo  |     p2_6     |    pointer   |
|p2_7_dout     |  in |   32|   ap_fifo  |     p2_7     |    pointer   |
|p2_7_empty_n  |  in |    1|   ap_fifo  |     p2_7     |    pointer   |
|p2_7_read     | out |    1|   ap_fifo  |     p2_7     |    pointer   |
+--------------+-----+-----+------------+--------------+--------------+

