

================================================================
== Vivado HLS Report for 'topp'
================================================================
* Date:           Tue Jun  9 11:55:06 2026

* Version:        2018.3 (Build 2405991 on Thu Dec 06 23:56:15 MST 2018)
* Project:        finalproj
* Solution:       solution1
* Product family: zynq
* Target device:  xc7z020clg484-1


================================================================
== Performance Estimates
================================================================
+ Timing (ns): 
    * Summary: 
    +--------+-------+----------+------------+
    |  Clock | Target| Estimated| Uncertainty|
    +--------+-------+----------+------------+
    |ap_clk  |  10.00|     9.489|        1.25|
    +--------+-------+----------+------------+

+ Latency (clock cycles): 
    * Summary: 
    +--------+--------+--------+--------+----------+
    |     Latency     |     Interval    | Pipeline |
    |   min  |   max  |   min  |   max  |   Type   |
    +--------+--------+--------+--------+----------+
    |  158119|  158119|  153905|  153905| dataflow |
    +--------+--------+--------+--------+----------+

    + Detail: 
        * Instance: 
        +-------------------+----------------+--------+--------+--------+--------+---------+
        |                   |                |     Latency     |     Interval    | Pipeline|
        |      Instance     |     Module     |   min  |   max  |   min  |   max  |   Type  |
        +-------------------+----------------+--------+--------+--------+--------+---------+
        |detection_head_U0  |detection_head  |    4290|    4290|    4290|    4290|   none  |
        |conv4_U0           |conv4           |  116613|  116613|  116613|  116613|   none  |
        |conv5_U0           |conv5           |   75140|   75140|   75140|   75140|   none  |
        |conv3_U0           |conv3           |   83655|   83655|   83655|   83655|   none  |
        |conv2_U0           |conv2           |  121464|  121464|  121464|  121464|   none  |
        |conv1_U0           |conv1           |  153904|  153904|  153904|  153904|   none  |
        |maxpool1_U0        |maxpool1        |    7691|    7691|    7691|    7691|   none  |
        |maxpool2_U0        |maxpool2        |    3139|    3139|    3139|    3139|   none  |
        +-------------------+----------------+--------+--------+--------+--------+---------+

        * Loop: 
        N/A



================================================================
== Utilization Estimates
================================================================
* Summary: 
+-----------------+---------+-------+--------+-------+
|       Name      | BRAM_18K| DSP48E|   FF   |  LUT  |
+-----------------+---------+-------+--------+-------+
|DSP              |        -|      -|       -|      -|
|Expression       |        -|      -|       0|      2|
|FIFO             |        0|      -|     392|   2744|
|Instance         |        0|    239|  131092|  82210|
|Memory           |        -|      -|       -|      -|
|Multiplexer      |        -|      -|       -|      -|
|Register         |        -|      -|       -|      -|
+-----------------+---------+-------+--------+-------+
|Total            |        0|    239|  131484|  84956|
+-----------------+---------+-------+--------+-------+
|Available        |      280|    220|  106400|  53200|
+-----------------+---------+-------+--------+-------+
|Utilization (%)  |        0|    108|     123|    159|
+-----------------+---------+-------+--------+-------+

+ Detail: 
    * Instance: 
    +-------------------+----------------+---------+-------+-------+-------+
    |      Instance     |     Module     | BRAM_18K| DSP48E|   FF  |  LUT  |
    +-------------------+----------------+---------+-------+-------+-------+
    |conv1_U0           |conv1           |        0|     30|   6693|   6644|
    |conv2_U0           |conv2           |        0|     40|  13367|   9997|
    |conv3_U0           |conv3           |        0|     40|  19612|  12833|
    |conv4_U0           |conv4           |        0|     40|  32524|  18268|
    |conv5_U0           |conv5           |        0|     40|  32426|  17964|
    |detection_head_U0  |detection_head  |        0|     49|  26251|  15719|
    |maxpool1_U0        |maxpool1        |        0|      0|    110|    395|
    |maxpool2_U0        |maxpool2        |        0|      0|    109|    390|
    +-------------------+----------------+---------+-------+-------+-------+
    |Total              |                |        0|    239| 131092|  82210|
    +-------------------+----------------+---------+-------+-------+-------+

    * DSP48: 
    N/A

    * Memory: 
    N/A

    * FIFO: 
    +----------------------+---------+---+----+------+-----+---------+
    |         Name         | BRAM_18K| FF| LUT| Depth| Bits| Size:D*B|
    +----------------------+---------+---+----+------+-----+---------+
    |f1_0_local_channel_U  |        0|  7|  49|    16|   32|      512|
    |f1_1_local_channel_U  |        0|  7|  49|    16|   32|      512|
    |f1_2_local_channel_U  |        0|  7|  49|    16|   32|      512|
    |f1_3_local_channel_U  |        0|  7|  49|    16|   32|      512|
    |f1_4_local_channel_U  |        0|  7|  49|    16|   32|      512|
    |f1_5_local_channel_U  |        0|  7|  49|    16|   32|      512|
    |f1_6_local_channel_U  |        0|  7|  49|    16|   32|      512|
    |f1_7_local_channel_U  |        0|  7|  49|    16|   32|      512|
    |f2_0_local_channel_U  |        0|  7|  49|    16|   32|      512|
    |f2_1_local_channel_U  |        0|  7|  49|    16|   32|      512|
    |f2_2_local_channel_U  |        0|  7|  49|    16|   32|      512|
    |f2_3_local_channel_U  |        0|  7|  49|    16|   32|      512|
    |f2_4_local_channel_U  |        0|  7|  49|    16|   32|      512|
    |f2_5_local_channel_U  |        0|  7|  49|    16|   32|      512|
    |f2_6_local_channel_U  |        0|  7|  49|    16|   32|      512|
    |f2_7_local_channel_U  |        0|  7|  49|    16|   32|      512|
    |f3_0_local_channel_U  |        0|  7|  49|    16|   32|      512|
    |f3_1_local_channel_U  |        0|  7|  49|    16|   32|      512|
    |f3_2_local_channel_U  |        0|  7|  49|    16|   32|      512|
    |f3_3_local_channel_U  |        0|  7|  49|    16|   32|      512|
    |f3_4_local_channel_U  |        0|  7|  49|    16|   32|      512|
    |f3_5_local_channel_U  |        0|  7|  49|    16|   32|      512|
    |f3_6_local_channel_U  |        0|  7|  49|    16|   32|      512|
    |f3_7_local_channel_U  |        0|  7|  49|    16|   32|      512|
    |f4_0_local_channel_U  |        0|  7|  49|    16|   32|      512|
    |f4_1_local_channel_U  |        0|  7|  49|    16|   32|      512|
    |f4_2_local_channel_U  |        0|  7|  49|    16|   32|      512|
    |f4_3_local_channel_U  |        0|  7|  49|    16|   32|      512|
    |f4_4_local_channel_U  |        0|  7|  49|    16|   32|      512|
    |f4_5_local_channel_U  |        0|  7|  49|    16|   32|      512|
    |f4_6_local_channel_U  |        0|  7|  49|    16|   32|      512|
    |f4_7_local_channel_U  |        0|  7|  49|    16|   32|      512|
    |f5_0_local_channel_U  |        0|  7|  49|    16|   32|      512|
    |f5_1_local_channel_U  |        0|  7|  49|    16|   32|      512|
    |f5_2_local_channel_U  |        0|  7|  49|    16|   32|      512|
    |f5_3_local_channel_U  |        0|  7|  49|    16|   32|      512|
    |f5_4_local_channel_U  |        0|  7|  49|    16|   32|      512|
    |f5_5_local_channel_U  |        0|  7|  49|    16|   32|      512|
    |f5_6_local_channel_U  |        0|  7|  49|    16|   32|      512|
    |f5_7_local_channel_U  |        0|  7|  49|    16|   32|      512|
    |p1_0_local_channel_U  |        0|  7|  49|    16|   32|      512|
    |p1_1_local_channel_U  |        0|  7|  49|    16|   32|      512|
    |p1_2_local_channel_U  |        0|  7|  49|    16|   32|      512|
    |p1_3_local_channel_U  |        0|  7|  49|    16|   32|      512|
    |p1_4_local_channel_U  |        0|  7|  49|    16|   32|      512|
    |p1_5_local_channel_U  |        0|  7|  49|    16|   32|      512|
    |p1_6_local_channel_U  |        0|  7|  49|    16|   32|      512|
    |p1_7_local_channel_U  |        0|  7|  49|    16|   32|      512|
    |p2_0_local_channel_U  |        0|  7|  49|    16|   32|      512|
    |p2_1_local_channel_U  |        0|  7|  49|    16|   32|      512|
    |p2_2_local_channel_U  |        0|  7|  49|    16|   32|      512|
    |p2_3_local_channel_U  |        0|  7|  49|    16|   32|      512|
    |p2_4_local_channel_U  |        0|  7|  49|    16|   32|      512|
    |p2_5_local_channel_U  |        0|  7|  49|    16|   32|      512|
    |p2_6_local_channel_U  |        0|  7|  49|    16|   32|      512|
    |p2_7_local_channel_U  |        0|  7|  49|    16|   32|      512|
    +----------------------+---------+---+----+------+-----+---------+
    |Total                 |        0|392|2744|   896| 1792|    28672|
    +----------------------+---------+---+----+------+-----+---------+

    * Expression: 
    +--------------+----------+-------+---+----+------------+------------+
    | Variable Name| Operation| DSP48E| FF| LUT| Bitwidth P0| Bitwidth P1|
    +--------------+----------+-------+---+----+------------+------------+
    |ap_idle       |    and   |      0|  0|   2|           1|           1|
    +--------------+----------+-------+---+----+------------+------------+
    |Total         |          |      0|  0|   2|           1|           1|
    +--------------+----------+-------+---+----+------------+------------+

    * Multiplexer: 
    N/A

    * Register: 
    N/A



================================================================
== Interface
================================================================
* Summary: 
+-------------------+-----+-----+------------+--------------+--------------+
|     RTL Ports     | Dir | Bits|  Protocol  | Source Object|    C Type    |
+-------------------+-----+-----+------------+--------------+--------------+
|image_0_address0   | out |   12|  ap_memory |    image_0   |     array    |
|image_0_ce0        | out |    1|  ap_memory |    image_0   |     array    |
|image_0_d0         | out |   32|  ap_memory |    image_0   |     array    |
|image_0_q0         |  in |   32|  ap_memory |    image_0   |     array    |
|image_0_we0        | out |    1|  ap_memory |    image_0   |     array    |
|image_0_address1   | out |   12|  ap_memory |    image_0   |     array    |
|image_0_ce1        | out |    1|  ap_memory |    image_0   |     array    |
|image_0_d1         | out |   32|  ap_memory |    image_0   |     array    |
|image_0_q1         |  in |   32|  ap_memory |    image_0   |     array    |
|image_0_we1        | out |    1|  ap_memory |    image_0   |     array    |
|image_1_address0   | out |   12|  ap_memory |    image_1   |     array    |
|image_1_ce0        | out |    1|  ap_memory |    image_1   |     array    |
|image_1_d0         | out |   32|  ap_memory |    image_1   |     array    |
|image_1_q0         |  in |   32|  ap_memory |    image_1   |     array    |
|image_1_we0        | out |    1|  ap_memory |    image_1   |     array    |
|image_1_address1   | out |   12|  ap_memory |    image_1   |     array    |
|image_1_ce1        | out |    1|  ap_memory |    image_1   |     array    |
|image_1_d1         | out |   32|  ap_memory |    image_1   |     array    |
|image_1_q1         |  in |   32|  ap_memory |    image_1   |     array    |
|image_1_we1        | out |    1|  ap_memory |    image_1   |     array    |
|image_2_address0   | out |   12|  ap_memory |    image_2   |     array    |
|image_2_ce0        | out |    1|  ap_memory |    image_2   |     array    |
|image_2_d0         | out |   32|  ap_memory |    image_2   |     array    |
|image_2_q0         |  in |   32|  ap_memory |    image_2   |     array    |
|image_2_we0        | out |    1|  ap_memory |    image_2   |     array    |
|image_2_address1   | out |   12|  ap_memory |    image_2   |     array    |
|image_2_ce1        | out |    1|  ap_memory |    image_2   |     array    |
|image_2_d1         | out |   32|  ap_memory |    image_2   |     array    |
|image_2_q1         |  in |   32|  ap_memory |    image_2   |     array    |
|image_2_we1        | out |    1|  ap_memory |    image_2   |     array    |
|output_r_address0  | out |   10|  ap_memory |   output_r   |     array    |
|output_r_ce0       | out |    1|  ap_memory |   output_r   |     array    |
|output_r_d0        | out |   32|  ap_memory |   output_r   |     array    |
|output_r_q0        |  in |   32|  ap_memory |   output_r   |     array    |
|output_r_we0       | out |    1|  ap_memory |   output_r   |     array    |
|output_r_address1  | out |   10|  ap_memory |   output_r   |     array    |
|output_r_ce1       | out |    1|  ap_memory |   output_r   |     array    |
|output_r_d1        | out |   32|  ap_memory |   output_r   |     array    |
|output_r_q1        |  in |   32|  ap_memory |   output_r   |     array    |
|output_r_we1       | out |    1|  ap_memory |   output_r   |     array    |
|ap_clk             |  in |    1| ap_ctrl_hs |     topp     | return value |
|ap_rst             |  in |    1| ap_ctrl_hs |     topp     | return value |
|ap_start           |  in |    1| ap_ctrl_hs |     topp     | return value |
|ap_done            | out |    1| ap_ctrl_hs |     topp     | return value |
|ap_ready           | out |    1| ap_ctrl_hs |     topp     | return value |
|ap_idle            | out |    1| ap_ctrl_hs |     topp     | return value |
+-------------------+-----+-----+------------+--------------+--------------+

