

================================================================
== Vivado HLS Report for 'conv4'
================================================================
* Date:           Tue Jun  9 11:04:42 2026

* Version:        2018.3 (Build 2405991 on Thu Dec 06 23:56:15 MST 2018)
* Project:        topp
* Solution:       solution2
* Product family: zynq
* Target device:  xc7z020clg484-1


================================================================
== Performance Estimates
================================================================
+ Timing (ns): 
    * Summary: 
    +--------+-------+----------+------------+
    |  Clock | Target| Estimated| Uncertainty|
    +--------+-------+----------+------------+
    |ap_clk  |  10.00|     7.256|        1.25|
    +--------+-------+----------+------------+

+ Latency (clock cycles): 
    * Summary: 
    +-------+----------+-------+----------+---------+
    |      Latency     |     Interval     | Pipeline|
    |  min  |    max   |  min  |    max   |   Type  |
    +-------+----------+-------+----------+---------+
    |  37321|  14759881|  37321|  14759881|   none  |
    +-------+----------+-------+----------+---------+

    + Detail: 
        * Instance: 
        N/A

        * Loop: 
        +-----------------------------+--------+----------+----------------+-----------+-----------+------+----------+
        |                             |      Latency      |    Iteration   |  Initiation Interval  | Trip |          |
        |          Loop Name          |   min  |    max   |     Latency    |  achieved |   target  | Count| Pipelined|
        +-----------------------------+--------+----------+----------------+-----------+-----------+------+----------+
        |- Loop 1                     |   37320|  14759880| 3110 ~ 1229990 |          -|          -|    12|    no    |
        | + Loop 1.1                  |    3108|   1229988|  259 ~ 102499  |          -|          -|    12|    no    |
        |  ++ Loop 1.1.1              |     256|       256|               8|          -|          -|    32|    no    |
        |  ++ Loop 1.1.2              |  102240|    102240|            3195|          -|          -|    32|    no    |
        |   +++ Loop 1.1.2.1          |    3192|      3192|            1064|          -|          -|     3|    no    |
        |    ++++ Loop 1.1.2.1.1      |    1062|      1062|             354|          -|          -|     3|    no    |
        |     +++++ Loop 1.1.2.1.1.1  |     352|       352|              11|          -|          -|    32|    no    |
        +-----------------------------+--------+----------+----------------+-----------+-----------+------+----------+



================================================================
== Utilization Estimates
================================================================
* Summary: 
+-----------------+---------+-------+--------+-------+
|       Name      | BRAM_18K| DSP48E|   FF   |  LUT  |
+-----------------+---------+-------+--------+-------+
|DSP              |        -|      -|       -|      -|
|Expression       |        -|      -|       0|    325|
|FIFO             |        -|      -|       -|      -|
|Instance         |        -|      5|     414|    950|
|Memory           |        4|      -|       0|      0|
|Multiplexer      |        -|      -|       -|    426|
|Register         |        -|      -|     425|      -|
+-----------------+---------+-------+--------+-------+
|Total            |        4|      5|     839|   1701|
+-----------------+---------+-------+--------+-------+
|Available        |      280|    220|  106400|  53200|
+-----------------+---------+-------+--------+-------+
|Utilization (%)  |        1|      2|   ~0   |      3|
+-----------------+---------+-------+--------+-------+

+ Detail: 
    * Instance: 
    +--------------------------+----------------------+---------+-------+-----+-----+
    |         Instance         |        Module        | BRAM_18K| DSP48E|  FF | LUT |
    +--------------------------+----------------------+---------+-------+-----+-----+
    |topp_fadd_32ns_32bkb_U31  |topp_fadd_32ns_32bkb  |        0|      2|  205|  390|
    |topp_fcmp_32ns_32dEe_U33  |topp_fcmp_32ns_32dEe  |        0|      0|   66|  239|
    |topp_fmul_32ns_32cud_U32  |topp_fmul_32ns_32cud  |        0|      3|  143|  321|
    +--------------------------+----------------------+---------+-------+-----+-----+
    |Total                     |                      |        0|      5|  414|  950|
    +--------------------------+----------------------+---------+-------+-----+-----+

    * DSP48: 
    N/A

    * Memory: 
    +-------------+-----------------+---------+---+----+------+-----+------+-------------+
    |    Memory   |      Module     | BRAM_18K| FF| LUT| Words| Bits| Banks| W*Bits*Banks|
    +-------------+-----------------+---------+---+----+------+-----+------+-------------+
    |linbu_7_0_U  |conv4_linbu_7_0  |        1|  0|   0|   384|   32|     1|        12288|
    |linbu_7_1_U  |conv4_linbu_7_0  |        1|  0|   0|   384|   32|     1|        12288|
    |win_buf_U    |conv4_win_buf    |        2|  0|   0|   288|   32|     1|         9216|
    +-------------+-----------------+---------+---+----+------+-----+------+-------------+
    |Total        |                 |        4|  0|   0|  1056|   96|     3|        33792|
    +-------------+-----------------+---------+---+----+------+-----+------+-------------+

    * FIFO: 
    N/A

    * Expression: 
    +-----------------------+----------+-------+---+----+------------+------------+
    |     Variable Name     | Operation| DSP48E| FF| LUT| Bitwidth P0| Bitwidth P1|
    +-----------------------+----------+-------+---+----+------------+------------+
    |c_fu_398_p2            |     +    |      0|  0|  13|           4|           1|
    |ic_2_fu_628_p2         |     +    |      0|  0|  15|           6|           1|
    |ic_fu_422_p2           |     +    |      0|  0|  15|           6|           1|
    |kc_fu_599_p2           |     +    |      0|  0|  10|           2|           1|
    |kr_fu_565_p2           |     +    |      0|  0|  10|           2|           1|
    |oc_fu_553_p2           |     +    |      0|  0|  15|           6|           1|
    |r_fu_370_p2            |     +    |      0|  0|  13|           4|           1|
    |tmp_24_fu_527_p2       |     +    |      0|  0|  14|          10|          10|
    |tmp_29_fu_482_p2       |     +    |      0|  0|  15|           8|           8|
    |tmp_35_fu_609_p2       |     +    |      0|  0|  15|           5|           5|
    |tmp_38_fu_638_p2       |     +    |      0|  0|  14|          10|          10|
    |tmp_34_fu_587_p2       |     -    |      0|  0|  15|           5|           5|
    |or_cond_i_fu_464_p2    |    and   |      0|  0|   2|           1|           1|
    |tmp_50_fu_684_p2       |    and   |      0|  0|   2|           1|           1|
    |exitcond1_i_fu_593_p2  |   icmp   |      0|  0|   8|           2|           2|
    |exitcond2_i_fu_559_p2  |   icmp   |      0|  0|   8|           2|           2|
    |exitcond3_i_fu_547_p2  |   icmp   |      0|  0|  11|           6|           7|
    |exitcond4_i_fu_416_p2  |   icmp   |      0|  0|  11|           6|           7|
    |exitcond5_i_fu_392_p2  |   icmp   |      0|  0|   9|           4|           4|
    |exitcond6_i_fu_364_p2  |   icmp   |      0|  0|   9|           4|           4|
    |exitcond_i_fu_622_p2   |   icmp   |      0|  0|  11|           6|           7|
    |icmp2_fu_458_p2        |   icmp   |      0|  0|   9|           3|           1|
    |icmp_fu_386_p2         |   icmp   |      0|  0|   9|           3|           1|
    |notlhs_fu_666_p2       |   icmp   |      0|  0|  11|           8|           2|
    |notrhs_fu_672_p2       |   icmp   |      0|  0|  18|          23|           1|
    |ap_block_state1        |    or    |      0|  0|   2|           1|           1|
    |tmp_s_fu_678_p2        |    or    |      0|  0|   2|           1|           1|
    |out_r_din              |  select  |      0|  0|  32|           1|           1|
    |tmp_25_fu_428_p2       |    xor   |      0|  0|   7|           6|           7|
    +-----------------------+----------+-------+---+----+------------+------------+
    |Total                  |          |      0|  0| 325|         146|          95|
    +-----------------------+----------+-------+---+----+------------+------------+

    * Multiplexer: 
    +--------------------+-----+-----------+-----+-----------+
    |        Name        | LUT | Input Size| Bits| Total Bits|
    +--------------------+-----+-----------+-----+-----------+
    |ap_NS_fsm           |  125|         27|    1|         27|
    |ap_done             |    9|          2|    1|          2|
    |c_i_reg_232         |    9|          2|    4|          8|
    |f3_blk_n            |    9|          2|    1|          2|
    |ic_1_i_reg_313      |    9|          2|    6|         12|
    |ic_i_reg_244        |    9|          2|    6|         12|
    |kc_i_reg_290        |    9|          2|    2|          4|
    |kr_i_reg_267        |    9|          2|    2|          4|
    |linbu_7_0_address0  |   15|          3|    9|         27|
    |linbu_7_1_address0  |   15|          3|    9|         27|
    |oc_i_reg_256        |    9|          2|    6|         12|
    |out_r_blk_n         |    9|          2|    1|          2|
    |r_i_reg_221         |    9|          2|    4|          8|
    |real_start          |    9|          2|    1|          2|
    |reg_352             |    9|          2|   32|         64|
    |sum4_i_reg_278      |    9|          2|   32|         64|
    |sum_1_i_reg_301     |    9|          2|   32|         64|
    |sum_2_i_reg_324     |    9|          2|   32|         64|
    |win_buf_address0    |   44|          9|    9|         81|
    |win_buf_address1    |   44|          9|    9|         81|
    |win_buf_d0          |   27|          5|   32|        160|
    |win_buf_d1          |   21|          4|   32|        128|
    +--------------------+-----+-----------+-----+-----------+
    |Total               |  426|         90|  263|        855|
    +--------------------+-----+-----------+-----+-----------+

    * Register: 
    +-------------------------+----+----+-----+-----------+
    |           Name          | FF | LUT| Bits| Const Bits|
    +-------------------------+----+----+-----+-----------+
    |ap_CS_fsm                |  26|   0|   26|          0|
    |ap_done_reg              |   1|   0|    1|          0|
    |c_i_reg_232              |   4|   0|    4|          0|
    |c_reg_714                |   4|   0|    4|          0|
    |ic_1_i_reg_313           |   6|   0|    6|          0|
    |ic_2_reg_839             |   6|   0|    6|          0|
    |ic_i_reg_244             |   6|   0|    6|          0|
    |ic_reg_727               |   6|   0|    6|          0|
    |icmp_reg_706             |   1|   0|    1|          0|
    |kc_i_reg_290             |   2|   0|    2|          0|
    |kc_reg_826               |   2|   0|    2|          0|
    |kr_i_reg_267             |   2|   0|    2|          0|
    |kr_reg_808               |   2|   0|    2|          0|
    |linbu_7_0_addr_reg_787   |   9|   0|    9|          0|
    |linbu_7_1_addr_reg_792   |   9|   0|    9|          0|
    |oc_i_reg_256             |   6|   0|    6|          0|
    |oc_reg_800               |   6|   0|    6|          0|
    |or_cond_i_reg_750        |   1|   0|    1|          0|
    |r_i_reg_221              |   4|   0|    4|          0|
    |r_reg_701                |   4|   0|    4|          0|
    |reg_352                  |  32|   0|   32|          0|
    |reg_359                  |  32|   0|   32|          0|
    |start_once_reg           |   1|   0|    1|          0|
    |sum4_i_reg_278           |  32|   0|   32|          0|
    |sum_1_i_reg_301          |  32|   0|   32|          0|
    |sum_2_i_reg_324          |  32|   0|   32|          0|
    |tmp_23_cast_reg_719      |   4|   0|   10|          6|
    |tmp_25_reg_732           |   6|   0|    6|          0|
    |tmp_34_reg_813           |   5|   0|    5|          0|
    |tmp_37_cast_reg_831      |   5|   0|   10|          5|
    |tmp_49_reg_818           |   1|   0|    1|          0|
    |tmp_56_i_reg_849         |  32|   0|   32|          0|
    |win_buf_addr_11_reg_744  |   6|   0|    9|          3|
    |win_buf_addr_12_reg_754  |   6|   0|    9|          3|
    |win_buf_addr_14_reg_760  |   8|   0|    9|          1|
    |win_buf_addr_15_reg_765  |   8|   0|    9|          1|
    |win_buf_addr_17_reg_771  |   6|   0|    9|          3|
    |win_buf_addr_reg_738     |   6|   0|    9|          3|
    |win_buf_load_8_reg_777   |  32|   0|   32|          0|
    |win_buf_load_9_reg_782   |  32|   0|   32|          0|
    +-------------------------+----+----+-----+-----------+
    |Total                    | 425|   0|  450|         25|
    +-------------------------+----+----+-----+-----------+



================================================================
== Interface
================================================================
* Summary: 
+--------------+-----+-----+------------+--------------+--------------+
|   RTL Ports  | Dir | Bits|  Protocol  | Source Object|    C Type    |
+--------------+-----+-----+------------+--------------+--------------+
|ap_clk        |  in |    1| ap_ctrl_hs |     conv4    | return value |
|ap_rst        |  in |    1| ap_ctrl_hs |     conv4    | return value |
|ap_start      |  in |    1| ap_ctrl_hs |     conv4    | return value |
|start_full_n  |  in |    1| ap_ctrl_hs |     conv4    | return value |
|ap_done       | out |    1| ap_ctrl_hs |     conv4    | return value |
|ap_continue   |  in |    1| ap_ctrl_hs |     conv4    | return value |
|ap_idle       | out |    1| ap_ctrl_hs |     conv4    | return value |
|ap_ready      | out |    1| ap_ctrl_hs |     conv4    | return value |
|start_out     | out |    1| ap_ctrl_hs |     conv4    | return value |
|start_write   | out |    1| ap_ctrl_hs |     conv4    | return value |
|out_r_din     | out |   32|   ap_fifo  |     out_r    |    pointer   |
|out_r_full_n  |  in |    1|   ap_fifo  |     out_r    |    pointer   |
|out_r_write   | out |    1|   ap_fifo  |     out_r    |    pointer   |
|f3_dout       |  in |   32|   ap_fifo  |      f3      |    pointer   |
|f3_empty_n    |  in |    1|   ap_fifo  |      f3      |    pointer   |
|f3_read       | out |    1|   ap_fifo  |      f3      |    pointer   |
+--------------+-----+-----+------------+--------------+--------------+

