

================================================================
== Vivado HLS Report for 'conv3'
================================================================
* Date:           Tue Jun  9 11:04:41 2026

* Version:        2018.3 (Build 2405991 on Thu Dec 06 23:56:15 MST 2018)
* Project:        topp
* Solution:       solution2
* Product family: zynq
* Target device:  xc7z020clg484-1


================================================================
== Performance Estimates
================================================================
+ Timing (ns): 
    * Summary: 
    +--------+-------+----------+------------+
    |  Clock | Target| Estimated| Uncertainty|
    +--------+-------+----------+------------+
    |ap_clk  |  10.00|     7.256|        1.25|
    +--------+-------+----------+------------+

+ Latency (clock cycles): 
    * Summary: 
    +-------+----------+-------+----------+---------+
    |      Latency     |     Interval     | Pipeline|
    |  min  |    max   |  min  |    max   |   Type  |
    +-------+----------+-------+----------+---------+
    |  25705|  10129897|  25705|  10129897|   none  |
    +-------+----------+-------+----------+---------+

    + Detail: 
        * Instance: 
        N/A

        * Loop: 
        +-----------------------------+-------+----------+---------------+-----------+-----------+------+----------+
        |                             |      Latency     |   Iteration   |  Initiation Interval  | Trip |          |
        |          Loop Name          |  min  |    max   |    Latency    |  achieved |   target  | Count| Pipelined|
        +-----------------------------+-------+----------+---------------+-----------+-----------+------+----------+
        |- Loop 1                     |  25704|  10129896| 1836 ~ 723564 |          -|          -|    14|    no    |
        | + Loop 1.1                  |   1834|    723562|  131 ~ 51683  |          -|          -|    14|    no    |
        |  ++ Loop 1.1.1              |    128|       128|              8|          -|          -|    16|    no    |
        |  ++ Loop 1.1.2              |  51552|     51552|           1611|          -|          -|    32|    no    |
        |   +++ Loop 1.1.2.1          |   1608|      1608|            536|          -|          -|     3|    no    |
        |    ++++ Loop 1.1.2.1.1      |    534|       534|            178|          -|          -|     3|    no    |
        |     +++++ Loop 1.1.2.1.1.1  |    176|       176|             11|          -|          -|    16|    no    |
        +-----------------------------+-------+----------+---------------+-----------+-----------+------+----------+



================================================================
== Utilization Estimates
================================================================
* Summary: 
+-----------------+---------+-------+--------+-------+
|       Name      | BRAM_18K| DSP48E|   FF   |  LUT  |
+-----------------+---------+-------+--------+-------+
|DSP              |        -|      -|       -|      -|
|Expression       |        -|      -|       0|    326|
|FIFO             |        -|      -|       -|      -|
|Instance         |        -|      5|     414|    950|
|Memory           |        4|      -|       0|      0|
|Multiplexer      |        -|      -|       -|    426|
|Register         |        -|      -|     412|      -|
+-----------------+---------+-------+--------+-------+
|Total            |        4|      5|     826|   1702|
+-----------------+---------+-------+--------+-------+
|Available        |      280|    220|  106400|  53200|
+-----------------+---------+-------+--------+-------+
|Utilization (%)  |        1|      2|   ~0   |      3|
+-----------------+---------+-------+--------+-------+

+ Detail: 
    * Instance: 
    +--------------------------+----------------------+---------+-------+-----+-----+
    |         Instance         |        Module        | BRAM_18K| DSP48E|  FF | LUT |
    +--------------------------+----------------------+---------+-------+-----+-----+
    |topp_fadd_32ns_32bkb_U24  |topp_fadd_32ns_32bkb  |        0|      2|  205|  390|
    |topp_fcmp_32ns_32dEe_U26  |topp_fcmp_32ns_32dEe  |        0|      0|   66|  239|
    |topp_fmul_32ns_32cud_U25  |topp_fmul_32ns_32cud  |        0|      3|  143|  321|
    +--------------------------+----------------------+---------+-------+-----+-----+
    |Total                     |                      |        0|      5|  414|  950|
    +--------------------------+----------------------+---------+-------+-----+-----+

    * DSP48: 
    N/A

    * Memory: 
    +-------------+-----------------+---------+---+----+------+-----+------+-------------+
    |    Memory   |      Module     | BRAM_18K| FF| LUT| Words| Bits| Banks| W*Bits*Banks|
    +-------------+-----------------+---------+---+----+------+-----+------+-------------+
    |linbu_6_0_U  |conv3_linbu_6_0  |        1|  0|   0|   224|   32|     1|         7168|
    |linbu_6_1_U  |conv3_linbu_6_0  |        1|  0|   0|   224|   32|     1|         7168|
    |win_buf_U    |conv3_win_buf    |        2|  0|   0|   144|   32|     1|         4608|
    +-------------+-----------------+---------+---+----+------+-----+------+-------------+
    |Total        |                 |        4|  0|   0|   592|   96|     3|        18944|
    +-------------+-----------------+---------+---+----+------+-----+------+-------------+

    * FIFO: 
    N/A

    * Expression: 
    +-----------------------+----------+-------+---+----+------------+------------+
    |     Variable Name     | Operation| DSP48E| FF| LUT| Bitwidth P0| Bitwidth P1|
    +-----------------------+----------+-------+---+----+------------+------------+
    |c_fu_404_p2            |     +    |      0|  0|  13|           4|           1|
    |ic_3_fu_634_p2         |     +    |      0|  0|  15|           5|           1|
    |ic_fu_428_p2           |     +    |      0|  0|  15|           5|           1|
    |kc_fu_605_p2           |     +    |      0|  0|  10|           2|           1|
    |kr_fu_571_p2           |     +    |      0|  0|  10|           2|           1|
    |oc_fu_559_p2           |     +    |      0|  0|  15|           6|           1|
    |r_fu_376_p2            |     +    |      0|  0|  13|           4|           1|
    |tmp_41_fu_533_p2       |     +    |      0|  0|  15|           9|           9|
    |tmp_46_fu_488_p2       |     +    |      0|  0|  15|           7|           7|
    |tmp_52_fu_615_p2       |     +    |      0|  0|  15|           5|           5|
    |tmp_55_fu_644_p2       |     +    |      0|  0|  15|           9|           9|
    |tmp_51_fu_593_p2       |     -    |      0|  0|  15|           5|           5|
    |or_cond_i_fu_470_p2    |    and   |      0|  0|   2|           1|           1|
    |tmp_54_fu_690_p2       |    and   |      0|  0|   2|           1|           1|
    |exitcond1_i_fu_599_p2  |   icmp   |      0|  0|   8|           2|           2|
    |exitcond2_i_fu_565_p2  |   icmp   |      0|  0|   8|           2|           2|
    |exitcond3_i_fu_553_p2  |   icmp   |      0|  0|  11|           6|           7|
    |exitcond4_i_fu_422_p2  |   icmp   |      0|  0|  11|           5|           6|
    |exitcond5_i_fu_398_p2  |   icmp   |      0|  0|   9|           4|           3|
    |exitcond6_i_fu_370_p2  |   icmp   |      0|  0|   9|           4|           3|
    |exitcond_i_fu_628_p2   |   icmp   |      0|  0|  11|           5|           6|
    |icmp3_fu_464_p2        |   icmp   |      0|  0|   9|           3|           1|
    |icmp_fu_392_p2         |   icmp   |      0|  0|   9|           3|           1|
    |notlhs_fu_672_p2       |   icmp   |      0|  0|  11|           8|           2|
    |notrhs_fu_678_p2       |   icmp   |      0|  0|  18|          23|           1|
    |ap_block_state1        |    or    |      0|  0|   2|           1|           1|
    |tmp_s_fu_684_p2        |    or    |      0|  0|   2|           1|           1|
    |out_r_din              |  select  |      0|  0|  32|           1|           1|
    |tmp_42_fu_434_p2       |    xor   |      0|  0|   6|           5|           6|
    +-----------------------+----------+-------+---+----+------------+------------+
    |Total                  |          |      0|  0| 326|         138|          87|
    +-----------------------+----------+-------+---+----+------------+------------+

    * Multiplexer: 
    +--------------------+-----+-----------+-----+-----------+
    |        Name        | LUT | Input Size| Bits| Total Bits|
    +--------------------+-----+-----------+-----+-----------+
    |ap_NS_fsm           |  125|         27|    1|         27|
    |ap_done             |    9|          2|    1|          2|
    |c_i_reg_238         |    9|          2|    4|          8|
    |ic_1_i_reg_319      |    9|          2|    5|         10|
    |ic_i_reg_250        |    9|          2|    5|         10|
    |kc_i_reg_296        |    9|          2|    2|          4|
    |kr_i_reg_273        |    9|          2|    2|          4|
    |linbu_6_0_address0  |   15|          3|    8|         24|
    |linbu_6_1_address0  |   15|          3|    8|         24|
    |oc_i_reg_262        |    9|          2|    6|         12|
    |out_r_blk_n         |    9|          2|    1|          2|
    |p2_blk_n            |    9|          2|    1|          2|
    |r_i_reg_227         |    9|          2|    4|          8|
    |real_start          |    9|          2|    1|          2|
    |reg_358             |    9|          2|   32|         64|
    |sum6_i_reg_284      |    9|          2|   32|         64|
    |sum_1_i_reg_307     |    9|          2|   32|         64|
    |sum_2_i_reg_330     |    9|          2|   32|         64|
    |win_buf_address0    |   44|          9|    8|         72|
    |win_buf_address1    |   44|          9|    8|         72|
    |win_buf_d0          |   27|          5|   32|        160|
    |win_buf_d1          |   21|          4|   32|        128|
    +--------------------+-----+-----------+-----+-----------+
    |Total               |  426|         90|  257|        827|
    +--------------------+-----+-----------+-----+-----------+

    * Register: 
    +-------------------------+----+----+-----+-----------+
    |           Name          | FF | LUT| Bits| Const Bits|
    +-------------------------+----+----+-----+-----------+
    |ap_CS_fsm                |  26|   0|   26|          0|
    |ap_done_reg              |   1|   0|    1|          0|
    |c_i_reg_238              |   4|   0|    4|          0|
    |c_reg_720                |   4|   0|    4|          0|
    |ic_1_i_reg_319           |   5|   0|    5|          0|
    |ic_3_reg_845             |   5|   0|    5|          0|
    |ic_i_reg_250             |   5|   0|    5|          0|
    |ic_reg_733               |   5|   0|    5|          0|
    |icmp_reg_712             |   1|   0|    1|          0|
    |kc_i_reg_296             |   2|   0|    2|          0|
    |kc_reg_832               |   2|   0|    2|          0|
    |kr_i_reg_273             |   2|   0|    2|          0|
    |kr_reg_814               |   2|   0|    2|          0|
    |linbu_6_0_addr_reg_793   |   8|   0|    8|          0|
    |linbu_6_1_addr_reg_798   |   8|   0|    8|          0|
    |oc_i_reg_262             |   6|   0|    6|          0|
    |oc_reg_806               |   6|   0|    6|          0|
    |or_cond_i_reg_756        |   1|   0|    1|          0|
    |r_i_reg_227              |   4|   0|    4|          0|
    |r_reg_707                |   4|   0|    4|          0|
    |reg_358                  |  32|   0|   32|          0|
    |reg_365                  |  32|   0|   32|          0|
    |start_once_reg           |   1|   0|    1|          0|
    |sum6_i_reg_284           |  32|   0|   32|          0|
    |sum_1_i_reg_307          |  32|   0|   32|          0|
    |sum_2_i_reg_330          |  32|   0|   32|          0|
    |tmp_40_cast_reg_725      |   4|   0|    9|          5|
    |tmp_42_reg_738           |   5|   0|    5|          0|
    |tmp_51_reg_819           |   5|   0|    5|          0|
    |tmp_53_reg_824           |   1|   0|    1|          0|
    |tmp_57_cast_reg_837      |   5|   0|    9|          4|
    |tmp_69_i_reg_855         |  32|   0|   32|          0|
    |win_buf_addr_20_reg_750  |   5|   0|    8|          3|
    |win_buf_addr_21_reg_760  |   5|   0|    8|          3|
    |win_buf_addr_23_reg_766  |   7|   0|    8|          1|
    |win_buf_addr_24_reg_771  |   7|   0|    8|          1|
    |win_buf_addr_26_reg_777  |   5|   0|    8|          3|
    |win_buf_addr_reg_744     |   5|   0|    8|          3|
    |win_buf_load_14_reg_783  |  32|   0|   32|          0|
    |win_buf_load_15_reg_788  |  32|   0|   32|          0|
    +-------------------------+----+----+-----+-----------+
    |Total                    | 412|   0|  435|         23|
    +-------------------------+----+----+-----+-----------+



================================================================
== Interface
================================================================
* Summary: 
+--------------+-----+-----+------------+--------------+--------------+
|   RTL Ports  | Dir | Bits|  Protocol  | Source Object|    C Type    |
+--------------+-----+-----+------------+--------------+--------------+
|ap_clk        |  in |    1| ap_ctrl_hs |     conv3    | return value |
|ap_rst        |  in |    1| ap_ctrl_hs |     conv3    | return value |
|ap_start      |  in |    1| ap_ctrl_hs |     conv3    | return value |
|start_full_n  |  in |    1| ap_ctrl_hs |     conv3    | return value |
|ap_done       | out |    1| ap_ctrl_hs |     conv3    | return value |
|ap_continue   |  in |    1| ap_ctrl_hs |     conv3    | return value |
|ap_idle       | out |    1| ap_ctrl_hs |     conv3    | return value |
|ap_ready      | out |    1| ap_ctrl_hs |     conv3    | return value |
|start_out     | out |    1| ap_ctrl_hs |     conv3    | return value |
|start_write   | out |    1| ap_ctrl_hs |     conv3    | return value |
|out_r_din     | out |   32|   ap_fifo  |     out_r    |    pointer   |
|out_r_full_n  |  in |    1|   ap_fifo  |     out_r    |    pointer   |
|out_r_write   | out |    1|   ap_fifo  |     out_r    |    pointer   |
|p2_dout       |  in |   32|   ap_fifo  |      p2      |    pointer   |
|p2_empty_n    |  in |    1|   ap_fifo  |      p2      |    pointer   |
|p2_read       | out |    1|   ap_fifo  |      p2      |    pointer   |
+--------------+-----+-----+------------+--------------+--------------+

