

================================================================
== Vivado HLS Report for 'conv2'
================================================================
* Date:           Tue Jun  9 11:04:41 2026

* Version:        2018.3 (Build 2405991 on Thu Dec 06 23:56:15 MST 2018)
* Project:        topp
* Solution:       solution2
* Product family: zynq
* Target device:  xc7z020clg484-1


================================================================
== Performance Estimates
================================================================
+ Timing (ns): 
    * Summary: 
    +--------+-------+----------+------------+
    |  Clock | Target| Estimated| Uncertainty|
    +--------+-------+----------+------------+
    |ap_clk  |  10.00|     7.256|        1.25|
    +--------+-------+----------+------------+

+ Latency (clock cycles): 
    * Summary: 
    +-------+----------+-------+----------+---------+
    |      Latency     |     Interval     | Pipeline|
    |  min  |    max   |  min  |    max   |   Type  |
    +-------+----------+-------+----------+---------+
    |  64450|  12657394|  64450|  12657394|   none  |
    +-------+----------+-------+----------+---------+

    + Detail: 
        * Instance: 
        N/A

        * Loop: 
        +-----------------------------+-------+----------+---------------+-----------+-----------+------+----------+
        |                             |      Latency     |   Iteration   |  Initiation Interval  | Trip |          |
        |          Loop Name          |  min  |    max   |    Latency    |  achieved |   target  | Count| Pipelined|
        +-----------------------------+-------+----------+---------------+-----------+-----------+------+----------+
        |- Loop 1                     |  64449|  12657393| 2079 ~ 408303 |          -|          -|    31|    no    |
        | + Loop 1.1                  |   2077|    408301|   67 ~ 13171  |          -|          -|    31|    no    |
        |  ++ Loop 1.1.1              |     64|        64|              8|          -|          -|     8|    no    |
        |  ++ Loop 1.1.2              |  13104|     13104|            819|          -|          -|    16|    no    |
        |   +++ Loop 1.1.2.1          |    816|       816|            272|          -|          -|     3|    no    |
        |    ++++ Loop 1.1.2.1.1      |    270|       270|             90|          -|          -|     3|    no    |
        |     +++++ Loop 1.1.2.1.1.1  |     88|        88|             11|          -|          -|     8|    no    |
        +-----------------------------+-------+----------+---------------+-----------+-----------+------+----------+



================================================================
== Utilization Estimates
================================================================
* Summary: 
+-----------------+---------+-------+--------+-------+
|       Name      | BRAM_18K| DSP48E|   FF   |  LUT  |
+-----------------+---------+-------+--------+-------+
|DSP              |        -|      -|       -|      -|
|Expression       |        -|      -|       0|    329|
|FIFO             |        -|      -|       -|      -|
|Instance         |        -|      5|     414|    950|
|Memory           |        4|      -|       0|      0|
|Multiplexer      |        -|      -|       -|    426|
|Register         |        -|      -|     404|      -|
+-----------------+---------+-------+--------+-------+
|Total            |        4|      5|     818|   1705|
+-----------------+---------+-------+--------+-------+
|Available        |      280|    220|  106400|  53200|
+-----------------+---------+-------+--------+-------+
|Utilization (%)  |        1|      2|   ~0   |      3|
+-----------------+---------+-------+--------+-------+

+ Detail: 
    * Instance: 
    +--------------------------+----------------------+---------+-------+-----+-----+
    |         Instance         |        Module        | BRAM_18K| DSP48E|  FF | LUT |
    +--------------------------+----------------------+---------+-------+-----+-----+
    |topp_fadd_32ns_32bkb_U14  |topp_fadd_32ns_32bkb  |        0|      2|  205|  390|
    |topp_fcmp_32ns_32dEe_U16  |topp_fcmp_32ns_32dEe  |        0|      0|   66|  239|
    |topp_fmul_32ns_32cud_U15  |topp_fmul_32ns_32cud  |        0|      3|  143|  321|
    +--------------------------+----------------------+---------+-------+-----+-----+
    |Total                     |                      |        0|      5|  414|  950|
    +--------------------------+----------------------+---------+-------+-----+-----+

    * DSP48: 
    N/A

    * Memory: 
    +-------------+-----------------+---------+---+----+------+-----+------+-------------+
    |    Memory   |      Module     | BRAM_18K| FF| LUT| Words| Bits| Banks| W*Bits*Banks|
    +-------------+-----------------+---------+---+----+------+-----+------+-------------+
    |linbu_5_0_U  |conv2_linbu_5_0  |        1|  0|   0|   248|   32|     1|         7936|
    |linbu_5_1_U  |conv2_linbu_5_0  |        1|  0|   0|   248|   32|     1|         7936|
    |win_buf_U    |conv2_win_buf    |        2|  0|   0|    72|   32|     1|         2304|
    +-------------+-----------------+---------+---+----+------+-----+------+-------------+
    |Total        |                 |        4|  0|   0|   568|   96|     3|        18176|
    +-------------+-----------------+---------+---+----+------+-----+------+-------------+

    * FIFO: 
    N/A

    * Expression: 
    +-----------------------+----------+-------+---+----+------------+------------+
    |     Variable Name     | Operation| DSP48E| FF| LUT| Bitwidth P0| Bitwidth P1|
    +-----------------------+----------+-------+---+----+------------+------------+
    |c_fu_398_p2            |     +    |      0|  0|  15|           5|           1|
    |ic_4_fu_628_p2         |     +    |      0|  0|  13|           4|           1|
    |ic_fu_422_p2           |     +    |      0|  0|  13|           4|           1|
    |kc_fu_599_p2           |     +    |      0|  0|  10|           2|           1|
    |kr_fu_565_p2           |     +    |      0|  0|  10|           2|           1|
    |oc_fu_553_p2           |     +    |      0|  0|  15|           5|           1|
    |r_fu_370_p2            |     +    |      0|  0|  15|           5|           1|
    |tmp_56_fu_527_p2       |     +    |      0|  0|  15|           9|           9|
    |tmp_65_fu_482_p2       |     +    |      0|  0|  15|           6|           6|
    |tmp_71_fu_609_p2       |     +    |      0|  0|  15|           5|           5|
    |tmp_72_fu_638_p2       |     +    |      0|  0|  15|           8|           8|
    |tmp_70_fu_587_p2       |     -    |      0|  0|  15|           5|           5|
    |or_cond_i_fu_464_p2    |    and   |      0|  0|   2|           1|           1|
    |tmp_61_fu_684_p2       |    and   |      0|  0|   2|           1|           1|
    |exitcond1_i_fu_593_p2  |   icmp   |      0|  0|   8|           2|           2|
    |exitcond2_i_fu_559_p2  |   icmp   |      0|  0|   8|           2|           2|
    |exitcond3_i_fu_547_p2  |   icmp   |      0|  0|  11|           5|           6|
    |exitcond4_i_fu_416_p2  |   icmp   |      0|  0|  11|           4|           5|
    |exitcond5_i_fu_392_p2  |   icmp   |      0|  0|  11|           5|           2|
    |exitcond6_i_fu_364_p2  |   icmp   |      0|  0|  11|           5|           2|
    |exitcond_i_fu_622_p2   |   icmp   |      0|  0|  11|           4|           5|
    |icmp4_fu_458_p2        |   icmp   |      0|  0|   9|           4|           1|
    |icmp_fu_386_p2         |   icmp   |      0|  0|   9|           4|           1|
    |notlhs_fu_666_p2       |   icmp   |      0|  0|  11|           8|           2|
    |notrhs_fu_672_p2       |   icmp   |      0|  0|  18|          23|           1|
    |ap_block_state1        |    or    |      0|  0|   2|           1|           1|
    |tmp_57_fu_678_p2       |    or    |      0|  0|   2|           1|           1|
    |out_r_din              |  select  |      0|  0|  32|           1|           1|
    |tmp_59_fu_428_p2       |    xor   |      0|  0|   5|           4|           5|
    +-----------------------+----------+-------+---+----+------------+------------+
    |Total                  |          |      0|  0| 329|         135|          79|
    +-----------------------+----------+-------+---+----+------------+------------+

    * Multiplexer: 
    +--------------------+-----+-----------+-----+-----------+
    |        Name        | LUT | Input Size| Bits| Total Bits|
    +--------------------+-----+-----------+-----+-----------+
    |ap_NS_fsm           |  125|         27|    1|         27|
    |ap_done             |    9|          2|    1|          2|
    |c_i_reg_232         |    9|          2|    5|         10|
    |ic_1_i_reg_313      |    9|          2|    4|          8|
    |ic_i_reg_244        |    9|          2|    4|          8|
    |kc_i_reg_290        |    9|          2|    2|          4|
    |kr_i_reg_267        |    9|          2|    2|          4|
    |linbu_5_0_address0  |   15|          3|    8|         24|
    |linbu_5_1_address0  |   15|          3|    8|         24|
    |oc_i_reg_256        |    9|          2|    5|         10|
    |out_r_blk_n         |    9|          2|    1|          2|
    |p1_blk_n            |    9|          2|    1|          2|
    |r_i_reg_221         |    9|          2|    5|         10|
    |real_start          |    9|          2|    1|          2|
    |reg_352             |    9|          2|   32|         64|
    |sum8_i_reg_278      |    9|          2|   32|         64|
    |sum_1_i_reg_301     |    9|          2|   32|         64|
    |sum_2_i_reg_324     |    9|          2|   32|         64|
    |win_buf_address0    |   44|          9|    7|         63|
    |win_buf_address1    |   44|          9|    7|         63|
    |win_buf_d0          |   27|          5|   32|        160|
    |win_buf_d1          |   21|          4|   32|        128|
    +--------------------+-----+-----------+-----+-----------+
    |Total               |  426|         90|  254|        807|
    +--------------------+-----+-----------+-----+-----------+

    * Register: 
    +-------------------------+----+----+-----+-----------+
    |           Name          | FF | LUT| Bits| Const Bits|
    +-------------------------+----+----+-----+-----------+
    |ap_CS_fsm                |  26|   0|   26|          0|
    |ap_done_reg              |   1|   0|    1|          0|
    |c_i_reg_232              |   5|   0|    5|          0|
    |c_reg_714                |   5|   0|    5|          0|
    |ic_1_i_reg_313           |   4|   0|    4|          0|
    |ic_4_reg_839             |   4|   0|    4|          0|
    |ic_i_reg_244             |   4|   0|    4|          0|
    |ic_reg_727               |   4|   0|    4|          0|
    |icmp_reg_706             |   1|   0|    1|          0|
    |kc_i_reg_290             |   2|   0|    2|          0|
    |kc_reg_826               |   2|   0|    2|          0|
    |kr_i_reg_267             |   2|   0|    2|          0|
    |kr_reg_808               |   2|   0|    2|          0|
    |linbu_5_0_addr_reg_787   |   8|   0|    8|          0|
    |linbu_5_1_addr_reg_792   |   8|   0|    8|          0|
    |oc_i_reg_256             |   5|   0|    5|          0|
    |oc_reg_800               |   5|   0|    5|          0|
    |or_cond_i_reg_750        |   1|   0|    1|          0|
    |r_i_reg_221              |   5|   0|    5|          0|
    |r_reg_701                |   5|   0|    5|          0|
    |reg_352                  |  32|   0|   32|          0|
    |reg_359                  |  32|   0|   32|          0|
    |start_once_reg           |   1|   0|    1|          0|
    |sum8_i_reg_278           |  32|   0|   32|          0|
    |sum_1_i_reg_301          |  32|   0|   32|          0|
    |sum_2_i_reg_324          |  32|   0|   32|          0|
    |tmp_58_reg_818           |   1|   0|    1|          0|
    |tmp_59_reg_732           |   4|   0|    4|          0|
    |tmp_60_cast_reg_719      |   5|   0|    9|          4|
    |tmp_70_reg_813           |   5|   0|    5|          0|
    |tmp_78_cast_reg_831      |   5|   0|    8|          3|
    |tmp_82_i_reg_849         |  32|   0|   32|          0|
    |win_buf_addr_29_reg_744  |   4|   0|    7|          3|
    |win_buf_addr_30_reg_754  |   4|   0|    7|          3|
    |win_buf_addr_32_reg_760  |   6|   0|    7|          1|
    |win_buf_addr_33_reg_765  |   6|   0|    7|          1|
    |win_buf_addr_35_reg_771  |   4|   0|    7|          3|
    |win_buf_addr_reg_738     |   4|   0|    7|          3|
    |win_buf_load_20_reg_777  |  32|   0|   32|          0|
    |win_buf_load_21_reg_782  |  32|   0|   32|          0|
    +-------------------------+----+----+-----+-----------+
    |Total                    | 404|   0|  425|         21|
    +-------------------------+----+----+-----+-----------+



================================================================
== Interface
================================================================
* Summary: 
+--------------+-----+-----+------------+--------------+--------------+
|   RTL Ports  | Dir | Bits|  Protocol  | Source Object|    C Type    |
+--------------+-----+-----+------------+--------------+--------------+
|ap_clk        |  in |    1| ap_ctrl_hs |     conv2    | return value |
|ap_rst        |  in |    1| ap_ctrl_hs |     conv2    | return value |
|ap_start      |  in |    1| ap_ctrl_hs |     conv2    | return value |
|start_full_n  |  in |    1| ap_ctrl_hs |     conv2    | return value |
|ap_done       | out |    1| ap_ctrl_hs |     conv2    | return value |
|ap_continue   |  in |    1| ap_ctrl_hs |     conv2    | return value |
|ap_idle       | out |    1| ap_ctrl_hs |     conv2    | return value |
|ap_ready      | out |    1| ap_ctrl_hs |     conv2    | return value |
|start_out     | out |    1| ap_ctrl_hs |     conv2    | return value |
|start_write   | out |    1| ap_ctrl_hs |     conv2    | return value |
|out_r_din     | out |   32|   ap_fifo  |     out_r    |    pointer   |
|out_r_full_n  |  in |    1|   ap_fifo  |     out_r    |    pointer   |
|out_r_write   | out |    1|   ap_fifo  |     out_r    |    pointer   |
|p1_dout       |  in |   32|   ap_fifo  |      p1      |    pointer   |
|p1_empty_n    |  in |    1|   ap_fifo  |      p1      |    pointer   |
|p1_read       | out |    1|   ap_fifo  |      p1      |    pointer   |
+--------------+-----+-----+------------+--------------+--------------+

