

================================================================
== Vivado HLS Report for 'detection_head'
================================================================
* Date:           Tue Jun  9 11:04:43 2026

* Version:        2018.3 (Build 2405991 on Thu Dec 06 23:56:15 MST 2018)
* Project:        topp
* Solution:       solution2
* Product family: zynq
* Target device:  xc7z020clg484-1


================================================================
== Performance Estimates
================================================================
+ Timing (ns): 
    * Summary: 
    +--------+-------+----------+------------+
    |  Clock | Target| Estimated| Uncertainty|
    +--------+-------+----------+------------+
    |ap_clk  |  10.00|     8.677|        1.25|
    +--------+-------+----------+------------+

+ Latency (clock cycles): 
    * Summary: 
    +--------+--------+--------+--------+---------+
    |     Latency     |     Interval    | Pipeline|
    |   min  |   max  |   min  |   max  |   Type  |
    +--------+--------+--------+--------+---------+
    |  309521|  309521|  309521|  309521|   none  |
    +--------+--------+--------+--------+---------+

    + Detail: 
        * Instance: 
        N/A

        * Loop: 
        +---------------------+--------+--------+----------+-----------+-----------+------+----------+
        |                     |     Latency     | Iteration|  Initiation Interval  | Trip |          |
        |      Loop Name      |   min  |   max  |  Latency |  achieved |   target  | Count| Pipelined|
        +---------------------+--------+--------+----------+-----------+-----------+------+----------+
        |- Loop 1             |  309520|  309520|     38690|          -|          -|     8|    no    |
        | + Loop 1.1          |   38688|   38688|      4836|          -|          -|     8|    no    |
        |  ++ Loop 1.1.1      |      16|      16|         1|          -|          -|    16|    no    |
        |  ++ Loop 1.1.2      |    4288|    4288|       134|          -|          -|    32|    no    |
        |   +++ Loop 1.1.2.1  |     128|     128|         8|          -|          -|    16|    no    |
        |  ++ Loop 1.1.3      |     528|     528|        33|          -|          -|    16|    no    |
        +---------------------+--------+--------+----------+-----------+-----------+------+----------+



================================================================
== Utilization Estimates
================================================================
* Summary: 
+-----------------+---------+-------+--------+-------+
|       Name      | BRAM_18K| DSP48E|   FF   |  LUT  |
+-----------------+---------+-------+--------+-------+
|DSP              |        -|      -|       -|      -|
|Expression       |        -|      -|       0|    216|
|FIFO             |        -|      -|       -|      -|
|Instance         |        -|     12|    1386|   2629|
|Memory           |        0|      -|      64|      8|
|Multiplexer      |        -|      -|       -|    365|
|Register         |        -|      -|     324|      -|
+-----------------+---------+-------+--------+-------+
|Total            |        0|     12|    1774|   3218|
+-----------------+---------+-------+--------+-------+
|Available        |      280|    220|  106400|  53200|
+-----------------+---------+-------+--------+-------+
|Utilization (%)  |        0|      5|       1|      6|
+-----------------+---------+-------+--------+-------+

+ Detail: 
    * Instance: 
    +--------------------------+----------------------+---------+-------+-----+-----+
    |         Instance         |        Module        | BRAM_18K| DSP48E|  FF | LUT |
    +--------------------------+----------------------+---------+-------+-----+-----+
    |topp_fadd_32ns_32bkb_U43  |topp_fadd_32ns_32bkb  |        0|      2|  205|  390|
    |topp_fdiv_32ns_32eOg_U45  |topp_fdiv_32ns_32eOg  |        0|      0|  761|  994|
    |topp_fexp_32ns_32fYi_U46  |topp_fexp_32ns_32fYi  |        0|      7|  277|  924|
    |topp_fmul_32ns_32cud_U44  |topp_fmul_32ns_32cud  |        0|      3|  143|  321|
    +--------------------------+----------------------+---------+-------+-----+-----+
    |Total                     |                      |        0|     12| 1386| 2629|
    +--------------------------+----------------------+---------+-------+-----+-----+

    * DSP48: 
    N/A

    * Memory: 
    +-------+--------------------+---------+----+----+------+-----+------+-------------+
    | Memory|       Module       | BRAM_18K| FF | LUT| Words| Bits| Banks| W*Bits*Banks|
    +-------+--------------------+---------+----+----+------+-----+------+-------------+
    |sum_U  |detection_head_sum  |        0|  64|   8|    16|   32|     1|          512|
    +-------+--------------------+---------+----+----+------+-----+------+-------------+
    |Total  |                    |        0|  64|   8|    16|   32|     1|          512|
    +-------+--------------------+---------+----+----+------+-----+------+-------------+

    * FIFO: 
    N/A

    * Expression: 
    +-----------------------+----------+-------+---+----+------------+------------+
    |     Variable Name     | Operation| DSP48E| FF| LUT| Bitwidth P0| Bitwidth P1|
    +-----------------------+----------+-------+---+----+------------+------------+
    |c_fu_240_p2            |     +    |      0|  0|  13|           4|           1|
    |ic_fu_286_p2           |     +    |      0|  0|  15|           6|           1|
    |oc_1_fu_315_p2         |     +    |      0|  0|  15|           5|           1|
    |oc_2_fu_298_p2         |     +    |      0|  0|  15|           5|           1|
    |oc_fu_252_p2           |     +    |      0|  0|  15|           5|           1|
    |r_fu_216_p2            |     +    |      0|  0|  13|           4|           1|
    |tmp_2_fu_267_p2        |     +    |      0|  0|  15|           8|           8|
    |tmp_5_fu_330_p2        |     +    |      0|  0|  12|          12|          12|
    |ap_block_state5        |    and   |      0|  0|   2|           1|           1|
    |exitcond1_i_fu_292_p2  |   icmp   |      0|  0|  11|           5|           6|
    |exitcond2_i_fu_280_p2  |   icmp   |      0|  0|  11|           6|           7|
    |exitcond3_i_fu_246_p2  |   icmp   |      0|  0|  11|           5|           6|
    |exitcond4_i_fu_234_p2  |   icmp   |      0|  0|  11|           4|           5|
    |exitcond5_i_fu_210_p2  |   icmp   |      0|  0|  11|           4|           5|
    |exitcond_i_fu_309_p2   |   icmp   |      0|  0|  11|           5|           6|
    |ap_block_state1        |    or    |      0|  0|   2|           1|           1|
    |tmp_neg_i_i_fu_339_p2  |    xor   |      0|  0|  33|          32|          33|
    +-----------------------+----------+-------+---+----+------------+------------+
    |Total                  |          |      0|  0| 216|         112|          96|
    +-----------------------+----------+-------+---+----+------------+------------+

    * Multiplexer: 
    +----------------+-----+-----------+-----+-----------+
    |      Name      | LUT | Input Size| Bits| Total Bits|
    +----------------+-----+-----------+-----+-----------+
    |ap_NS_fsm       |  221|         51|    1|         51|
    |ap_done         |    9|          2|    1|          2|
    |c_i_reg_123     |    9|          2|    4|          8|
    |f5_blk_n        |    9|          2|    1|          2|
    |grp_fu_179_p0   |   15|          3|   32|         96|
    |grp_fu_179_p1   |   15|          3|   32|         96|
    |ic_i_reg_146    |    9|          2|    6|         12|
    |oc_1_i_reg_157  |    9|          2|    5|         10|
    |oc_2_i_reg_168  |    9|          2|    5|         10|
    |oc_i_reg_135    |    9|          2|    5|         10|
    |r_i_reg_112     |    9|          2|    4|          8|
    |sum_address0    |   27|          5|    4|         20|
    |sum_d0          |   15|          3|   32|         96|
    +----------------+-----+-----------+-----+-----------+
    |Total           |  365|         81|  132|        421|
    +----------------+-----+-----------+-----+-----------+

    * Register: 
    +--------------------+----+----+-----+-----------+
    |        Name        | FF | LUT| Bits| Const Bits|
    +--------------------+----+----+-----+-----------+
    |ap_CS_fsm           |  50|   0|   50|          0|
    |ap_done_reg         |   1|   0|    1|          0|
    |c_i_reg_123         |   4|   0|    4|          0|
    |c_reg_370           |   4|   0|    4|          0|
    |ic_i_reg_146        |   6|   0|    6|          0|
    |ic_reg_391          |   6|   0|    6|          0|
    |oc_1_i_reg_157      |   5|   0|    5|          0|
    |oc_1_reg_422        |   5|   0|    5|          0|
    |oc_2_i_reg_168      |   5|   0|    5|          0|
    |oc_2_reg_409        |   5|   0|    5|          0|
    |oc_i_reg_135        |   5|   0|    5|          0|
    |r_i_reg_112         |   4|   0|    4|          0|
    |r_reg_357           |   4|   0|    4|          0|
    |reg_199             |  32|   0|   32|          0|
    |reg_204             |  32|   0|   32|          0|
    |sum_addr_2_reg_414  |   4|   0|    4|          0|
    |tmp_1_cast_reg_362  |   4|   0|    8|          4|
    |tmp_1_i_i_reg_442   |  32|   0|   32|          0|
    |tmp_30_i_reg_401    |  32|   0|   32|          0|
    |tmp_3_i_i_reg_447   |  32|   0|   32|          0|
    |tmp_4_cast_reg_383  |   8|   0|   12|          4|
    |tmp_5_reg_427       |  12|   0|   12|          0|
    |val_reg_396         |  32|   0|   32|          0|
    +--------------------+----+----+-----+-----------+
    |Total               | 324|   0|  332|          8|
    +--------------------+----+----+-----+-----------+



================================================================
== Interface
================================================================
* Summary: 
+----------------+-----+-----+------------+----------------+--------------+
|    RTL Ports   | Dir | Bits|  Protocol  |  Source Object |    C Type    |
+----------------+-----+-----+------------+----------------+--------------+
|ap_clk          |  in |    1| ap_ctrl_hs | detection_head | return value |
|ap_rst          |  in |    1| ap_ctrl_hs | detection_head | return value |
|ap_start        |  in |    1| ap_ctrl_hs | detection_head | return value |
|ap_done         | out |    1| ap_ctrl_hs | detection_head | return value |
|ap_continue     |  in |    1| ap_ctrl_hs | detection_head | return value |
|ap_idle         | out |    1| ap_ctrl_hs | detection_head | return value |
|ap_ready        | out |    1| ap_ctrl_hs | detection_head | return value |
|out_r_address0  | out |   10|  ap_memory |      out_r     |     array    |
|out_r_ce0       | out |    1|  ap_memory |      out_r     |     array    |
|out_r_we0       | out |    1|  ap_memory |      out_r     |     array    |
|out_r_d0        | out |   32|  ap_memory |      out_r     |     array    |
|f5_dout         |  in |   32|   ap_fifo  |       f5       |    pointer   |
|f5_empty_n      |  in |    1|   ap_fifo  |       f5       |    pointer   |
|f5_read         | out |    1|   ap_fifo  |       f5       |    pointer   |
+----------------+-----+-----+------------+----------------+--------------+

