

================================================================
== Vivado HLS Report for 'maxpool2'
================================================================
* Date:           Tue Jun  9 11:04:41 2026

* Version:        2018.3 (Build 2405991 on Thu Dec 06 23:56:15 MST 2018)
* Project:        topp
* Solution:       solution2
* Product family: zynq
* Target device:  xc7z020clg484-1


================================================================
== Performance Estimates
================================================================
+ Timing (ns): 
    * Summary: 
    +--------+-------+----------+------------+
    |  Clock | Target| Estimated| Uncertainty|
    +--------+-------+----------+------------+
    |ap_clk  |  10.00|     8.465|        1.25|
    +--------+-------+----------+------------+

+ Latency (clock cycles): 
    * Summary: 
    +-------+-------+-------+-------+---------+
    |    Latency    |    Interval   | Pipeline|
    |  min  |  max  |  min  |  max  |   Type  |
    +-------+-------+-------+-------+---------+
    |  19237|  19237|  19237|  19237|   none  |
    +-------+-------+-------+-------+---------+

    + Detail: 
        * Instance: 
        N/A

        * Loop: 
        +-----------------+-------+-------+----------+-----------+-----------+------+----------+
        |                 |    Latency    | Iteration|  Initiation Interval  | Trip |          |
        |    Loop Name    |  min  |  max  |  Latency |  achieved |   target  | Count| Pipelined|
        +-----------------+-------+-------+----------+-----------+-----------+------+----------+
        |- Loop 1         |  19236|  19236|      1374|          -|          -|    14|    no    |
        | + Loop 1.1      |   1372|   1372|        98|          -|          -|    14|    no    |
        |  ++ Loop 1.1.1  |     96|     96|         6|          -|          -|    16|    no    |
        +-----------------+-------+-------+----------+-----------+-----------+------+----------+



================================================================
== Utilization Estimates
================================================================
* Summary: 
+-----------------+---------+-------+--------+-------+
|       Name      | BRAM_18K| DSP48E|   FF   |  LUT  |
+-----------------+---------+-------+--------+-------+
|DSP              |        -|      -|       -|      -|
|Expression       |        -|      -|       0|    368|
|FIFO             |        -|      -|       -|      -|
|Instance         |        -|      0|      66|    239|
|Memory           |        -|      -|       -|      -|
|Multiplexer      |        -|      -|       -|    146|
|Register         |        -|      -|     197|      -|
+-----------------+---------+-------+--------+-------+
|Total            |        0|      0|     263|    753|
+-----------------+---------+-------+--------+-------+
|Available        |      280|    220|  106400|  53200|
+-----------------+---------+-------+--------+-------+
|Utilization (%)  |        0|      0|   ~0   |      1|
+-----------------+---------+-------+--------+-------+

+ Detail: 
    * Instance: 
    +--------------------------+----------------------+---------+-------+----+-----+
    |         Instance         |        Module        | BRAM_18K| DSP48E| FF | LUT |
    +--------------------------+----------------------+---------+-------+----+-----+
    |topp_fcmp_32ns_32dEe_U21  |topp_fcmp_32ns_32dEe  |        0|      0|  66|  239|
    +--------------------------+----------------------+---------+-------+----+-----+
    |Total                     |                      |        0|      0|  66|  239|
    +--------------------------+----------------------+---------+-------+----+-----+

    * DSP48: 
    N/A

    * Memory: 
    N/A

    * FIFO: 
    N/A

    * Expression: 
    +-----------------------+----------+-------+---+----+------------+------------+
    |     Variable Name     | Operation| DSP48E| FF| LUT| Bitwidth P0| Bitwidth P1|
    +-----------------------+----------+-------+---+----+------------+------------+
    |c_fu_122_p2            |     +    |      0|  0|  13|           4|           1|
    |ch_fu_134_p2           |     +    |      0|  0|  15|           5|           1|
    |r_fu_110_p2            |     +    |      0|  0|  13|           4|           1|
    |ap_block_state4        |    and   |      0|  0|   2|           1|           1|
    |tmp_13_fu_301_p2       |    and   |      0|  0|   2|           1|           1|
    |tmp_15_fu_307_p2       |    and   |      0|  0|   2|           1|           1|
    |tmp_22_fu_391_p2       |    and   |      0|  0|   2|           1|           1|
    |tmp_24_fu_397_p2       |    and   |      0|  0|   2|           1|           1|
    |tmp_6_fu_211_p2        |    and   |      0|  0|   2|           1|           1|
    |tmp_8_fu_217_p2        |    and   |      0|  0|   2|           1|           1|
    |exitcond1_i_fu_116_p2  |   icmp   |      0|  0|   9|           4|           3|
    |exitcond2_i_fu_104_p2  |   icmp   |      0|  0|   9|           4|           3|
    |exitcond_i_fu_128_p2   |   icmp   |      0|  0|  11|           5|           6|
    |notlhs1_fu_193_p2      |   icmp   |      0|  0|  11|           8|           2|
    |notlhs3_fu_265_p2      |   icmp   |      0|  0|  11|           8|           2|
    |notlhs5_fu_283_p2      |   icmp   |      0|  0|  11|           8|           2|
    |notlhs7_fu_355_p2      |   icmp   |      0|  0|  11|           8|           2|
    |notlhs9_fu_373_p2      |   icmp   |      0|  0|  11|           8|           2|
    |notlhs_fu_175_p2       |   icmp   |      0|  0|  11|           8|           2|
    |notrhs1_fu_379_p2      |   icmp   |      0|  0|  18|          23|           1|
    |notrhs2_fu_199_p2      |   icmp   |      0|  0|  18|          23|           1|
    |notrhs4_fu_271_p2      |   icmp   |      0|  0|  18|          23|           1|
    |notrhs6_fu_289_p2      |   icmp   |      0|  0|  18|          23|           1|
    |notrhs8_fu_361_p2      |   icmp   |      0|  0|  18|          23|           1|
    |notrhs_fu_181_p2       |   icmp   |      0|  0|  18|          23|           1|
    |ap_block_state1        |    or    |      0|  0|   2|           1|           1|
    |tmp_10_fu_277_p2       |    or    |      0|  0|   2|           1|           1|
    |tmp_12_fu_295_p2       |    or    |      0|  0|   2|           1|           1|
    |tmp_19_fu_367_p2       |    or    |      0|  0|   2|           1|           1|
    |tmp_21_fu_385_p2       |    or    |      0|  0|   2|           1|           1|
    |tmp_4_fu_187_p2        |    or    |      0|  0|   2|           1|           1|
    |tmp_5_fu_205_p2        |    or    |      0|  0|   2|           1|           1|
    |maxv_2_fu_223_p3       |  select  |      0|  0|  32|           1|          32|
    |maxv_4_fu_313_p3       |  select  |      0|  0|  32|           1|          32|
    |maxv_6_fu_403_p3       |  select  |      0|  0|  32|           1|          32|
    +-----------------------+----------+-------+---+----+------------+------------+
    |Total                  |          |      0|  0| 368|         229|         143|
    +-----------------------+----------+-------+---+----+------------+------------+

    * Multiplexer: 
    +--------------+----+-----------+-----+-----------+
    |     Name     | LUT| Input Size| Bits| Total Bits|
    +--------------+----+-----------+-----+-----------+
    |ap_NS_fsm     |  47|         10|    1|         10|
    |ap_done       |   9|          2|    1|          2|
    |c_i_reg_72    |   9|          2|    4|          8|
    |ch_i_reg_83   |   9|          2|    5|         10|
    |f2_blk_n      |   9|          2|    1|          2|
    |grp_fu_94_p0  |  15|          3|   32|         96|
    |grp_fu_94_p1  |  21|          4|   32|        128|
    |out_r_blk_n   |   9|          2|    1|          2|
    |r_i_reg_61    |   9|          2|    4|          8|
    |real_start    |   9|          2|    1|          2|
    +--------------+----+-----------+-----+-----------+
    |Total         | 146|         31|   82|        268|
    +--------------+----+-----------+-----+-----------+

    * Register: 
    +----------------+----+----+-----+-----------+
    |      Name      | FF | LUT| Bits| Const Bits|
    +----------------+----+----+-----+-----------+
    |ap_CS_fsm       |   9|   0|    9|          0|
    |ap_done_reg     |   1|   0|    1|          0|
    |c_i_reg_72      |   4|   0|    4|          0|
    |c_reg_421       |   4|   0|    4|          0|
    |ch_i_reg_83     |   5|   0|    5|          0|
    |ch_reg_429      |   5|   0|    5|          0|
    |maxv_2_reg_441  |  32|   0|   32|          0|
    |maxv_4_reg_448  |  32|   0|   32|          0|
    |maxv_6_reg_455  |  32|   0|   32|          0|
    |r_i_reg_61      |   4|   0|    4|          0|
    |r_reg_413       |   4|   0|    4|          0|
    |reg_98          |  32|   0|   32|          0|
    |start_once_reg  |   1|   0|    1|          0|
    |v1_reg_434      |  32|   0|   32|          0|
    +----------------+----+----+-----+-----------+
    |Total           | 197|   0|  197|          0|
    +----------------+----+----+-----+-----------+



================================================================
== Interface
================================================================
* Summary: 
+--------------+-----+-----+------------+--------------+--------------+
|   RTL Ports  | Dir | Bits|  Protocol  | Source Object|    C Type    |
+--------------+-----+-----+------------+--------------+--------------+
|ap_clk        |  in |    1| ap_ctrl_hs |   maxpool2   | return value |
|ap_rst        |  in |    1| ap_ctrl_hs |   maxpool2   | return value |
|ap_start      |  in |    1| ap_ctrl_hs |   maxpool2   | return value |
|start_full_n  |  in |    1| ap_ctrl_hs |   maxpool2   | return value |
|ap_done       | out |    1| ap_ctrl_hs |   maxpool2   | return value |
|ap_continue   |  in |    1| ap_ctrl_hs |   maxpool2   | return value |
|ap_idle       | out |    1| ap_ctrl_hs |   maxpool2   | return value |
|ap_ready      | out |    1| ap_ctrl_hs |   maxpool2   | return value |
|start_out     | out |    1| ap_ctrl_hs |   maxpool2   | return value |
|start_write   | out |    1| ap_ctrl_hs |   maxpool2   | return value |
|out_r_din     | out |   32|   ap_fifo  |     out_r    |    pointer   |
|out_r_full_n  |  in |    1|   ap_fifo  |     out_r    |    pointer   |
|out_r_write   | out |    1|   ap_fifo  |     out_r    |    pointer   |
|f2_dout       |  in |   32|   ap_fifo  |      f2      |    pointer   |
|f2_empty_n    |  in |    1|   ap_fifo  |      f2      |    pointer   |
|f2_read       | out |    1|   ap_fifo  |      f2      |    pointer   |
+--------------+-----+-----+------------+--------------+--------------+

