

================================================================
== Vivado HLS Report for 'conv1'
================================================================
* Date:           Mon Jun  8 20:55:46 2026

* Version:        2018.3 (Build 2405991 on Thu Dec 06 23:56:15 MST 2018)
* Project:        topp
* Solution:       solution1
* Product family: zynq
* Target device:  xc7z020clg484-1


================================================================
== Performance Estimates
================================================================
+ Timing (ns): 
    * Summary: 
    +--------+-------+----------+------------+
    |  Clock | Target| Estimated| Uncertainty|
    +--------+-------+----------+------------+
    |ap_clk  |  10.00|     6.878|        1.25|
    +--------+-------+----------+------------+

+ Latency (clock cycles): 
    * Summary: 
    +-------+-------+-------+-------+---------+
    |    Latency    |    Interval   | Pipeline|
    |  min  |  max  |  min  |  max  |   Type  |
    +-------+-------+-------+-------+---------+
    |  20481|  57345|  20481|  57345|   none  |
    +-------+-------+-------+-------+---------+

    + Detail: 
        * Instance: 
        N/A

        * Loop: 
        +-------------+-------+-------+----------+-----------+-----------+------+----------+
        |             |    Latency    | Iteration|  Initiation Interval  | Trip |          |
        |  Loop Name  |  min  |  max  |  Latency |  achieved |   target  | Count| Pipelined|
        +-------------+-------+-------+----------+-----------+-----------+------+----------+
        |- Loop 1     |  20480|  57344|  5 ~ 14  |          -|          -|  4096|    no    |
        | + Loop 1.1  |      8|      8|         2|          1|          1|     8|    yes   |
        +-------------+-------+-------+----------+-----------+-----------+------+----------+



================================================================
== Utilization Estimates
================================================================
* Summary: 
+-----------------+---------+-------+--------+-------+
|       Name      | BRAM_18K| DSP48E|   FF   |  LUT  |
+-----------------+---------+-------+--------+-------+
|DSP              |        -|      -|       -|      -|
|Expression       |        -|      -|       0|    238|
|FIFO             |        -|      -|       -|      -|
|Instance         |        -|      -|       -|      -|
|Memory           |        3|      -|       0|      0|
|Multiplexer      |        -|      -|       -|    197|
|Register         |        -|      -|     120|      -|
+-----------------+---------+-------+--------+-------+
|Total            |        3|      0|     120|    435|
+-----------------+---------+-------+--------+-------+
|Available        |      280|    220|  106400|  53200|
+-----------------+---------+-------+--------+-------+
|Utilization (%)  |        1|      0|   ~0   |   ~0  |
+-----------------+---------+-------+--------+-------+

+ Detail: 
    * Instance: 
    N/A

    * DSP48: 
    N/A

    * Memory: 
    +---------------+-------------------+---------+---+----+------+-----+------+-------------+
    |     Memory    |       Module      | BRAM_18K| FF| LUT| Words| Bits| Banks| W*Bits*Banks|
    +---------------+-------------------+---------+---+----+------+-----+------+-------------+
    |linbu_4_1_0_U  |conv1_linbu_4_1_0  |        1|  0|   0|    64|   32|     1|         2048|
    |linbu_4_1_1_U  |conv1_linbu_4_1_0  |        1|  0|   0|    64|   32|     1|         2048|
    |linbu_4_1_2_U  |conv1_linbu_4_1_0  |        1|  0|   0|    64|   32|     1|         2048|
    +---------------+-------------------+---------+---+----+------+-----+------+-------------+
    |Total          |                   |        3|  0|   0|   192|   96|     3|         6144|
    +---------------+-------------------+---------+---+----+------+-----+------+-------------+

    * FIFO: 
    N/A

    * Expression: 
    +----------------------------------+----------+-------+---+----+------------+------------+
    |           Variable Name          | Operation| DSP48E| FF| LUT| Bitwidth P0| Bitwidth P1|
    +----------------------------------+----------+-------+---+----+------------+------------+
    |c_1_fu_481_p2                     |     +    |      0|  0|  15|           7|           1|
    |indvar_flatten_next_fu_296_p2     |     +    |      0|  0|  17|          13|           1|
    |oc_2_fu_471_p2                    |     +    |      0|  0|  13|           4|           1|
    |r_1_fu_302_p2                     |     +    |      0|  0|  15|           1|           7|
    |tmp_2_fu_449_p2                   |     +    |      0|  0|  21|           2|          15|
    |tmp_7_fu_406_p2                   |     +    |      0|  0|  19|          14|          14|
    |tmp_s_fu_439_p2                   |     +    |      0|  0|  21|           1|          15|
    |tmp_9_fu_428_p2                   |     -    |      0|  0|  21|          15|          15|
    |ap_block_pp0_stage0_01001         |    and   |      0|  0|   2|           1|           1|
    |or_cond_fu_386_p2                 |    and   |      0|  0|   2|           1|           1|
    |exitcond3_fu_465_p2               |   icmp   |      0|  0|  11|           4|           5|
    |exitcond_flatten_fu_290_p2        |   icmp   |      0|  0|  13|          13|          14|
    |exitcond_fu_308_p2                |   icmp   |      0|  0|  11|           7|           8|
    |icmp10_fu_380_p2                  |   icmp   |      0|  0|  11|           6|           1|
    |icmp9_fu_356_p2                   |   icmp   |      0|  0|  11|           6|           1|
    |icmp_fu_340_p2                    |   icmp   |      0|  0|  11|           6|           1|
    |ap_block_state1                   |    or    |      0|  0|   2|           1|           1|
    |ap_block_state7_pp0_stage0_iter1  |    or    |      0|  0|   2|           1|           1|
    |c_mid2_fu_314_p3                  |  select  |      0|  0|   7|           1|           1|
    |tmp_mid2_fu_362_p3                |  select  |      0|  0|   2|           1|           1|
    |tmp_mid2_v_fu_322_p3              |  select  |      0|  0|   7|           1|           7|
    |ap_enable_pp0                     |    xor   |      0|  0|   2|           1|           2|
    |ap_enable_reg_pp0_iter1           |    xor   |      0|  0|   2|           2|           1|
    +----------------------------------+----------+-------+---+----+------------+------------+
    |Total                             |          |      0|  0| 238|         109|         115|
    +----------------------------------+----------+-------+---+----+------------+------------+

    * Multiplexer: 
    +-------------------------+----+-----------+-----+-----------+
    |           Name          | LUT| Input Size| Bits| Total Bits|
    +-------------------------+----+-----------+-----+-----------+
    |ap_NS_fsm                |  41|          8|    1|          8|
    |ap_done                  |   9|          2|    1|          2|
    |ap_enable_reg_pp0_iter1  |  15|          3|    1|          3|
    |c_reg_268                |   9|          2|    7|         14|
    |in_r_address0            |  15|          3|   14|         42|
    |indvar_flatten_reg_246   |   9|          2|   13|         26|
    |oc_reg_279               |   9|          2|    4|          8|
    |out_0_blk_n              |   9|          2|    1|          2|
    |out_1_blk_n              |   9|          2|    1|          2|
    |out_2_blk_n              |   9|          2|    1|          2|
    |out_3_blk_n              |   9|          2|    1|          2|
    |out_4_blk_n              |   9|          2|    1|          2|
    |out_5_blk_n              |   9|          2|    1|          2|
    |out_6_blk_n              |   9|          2|    1|          2|
    |out_7_blk_n              |   9|          2|    1|          2|
    |r_reg_257                |   9|          2|    7|         14|
    |real_start               |   9|          2|    1|          2|
    +-------------------------+----+-----------+-----+-----------+
    |Total                    | 197|         42|   57|        135|
    +-------------------------+----+-----------+-----+-----------+

    * Register: 
    +-----------------------------+----+----+-----+-----------+
    |             Name            | FF | LUT| Bits| Const Bits|
    +-----------------------------+----+----+-----+-----------+
    |ap_CS_fsm                    |   7|   0|    7|          0|
    |ap_done_reg                  |   1|   0|    1|          0|
    |ap_enable_reg_pp0_iter0      |   1|   0|    1|          0|
    |ap_enable_reg_pp0_iter1      |   1|   0|    1|          0|
    |c_mid2_reg_494               |   7|   0|    7|          0|
    |c_reg_268                    |   7|   0|    7|          0|
    |in_load_reg_532              |  32|   0|   32|          0|
    |indvar_flatten_next_reg_489  |  13|   0|   13|          0|
    |indvar_flatten_reg_246       |  13|   0|   13|          0|
    |oc_reg_279                   |   4|   0|    4|          0|
    |or_cond_reg_507              |   1|   0|    1|          0|
    |r_reg_257                    |   7|   0|    7|          0|
    |start_once_reg               |   1|   0|    1|          0|
    |tmp_63_reg_546               |   3|   0|    3|          0|
    |tmp_9_reg_511                |  15|   0|   15|          0|
    |tmp_mid2_v_reg_501           |   7|   0|    7|          0|
    +-----------------------------+----+----+-----+-----------+
    |Total                        | 120|   0|  120|          0|
    +-----------------------------+----+----+-----+-----------+



================================================================
== Interface
================================================================
* Summary: 
+---------------+-----+-----+------------+--------------+--------------+
|   RTL Ports   | Dir | Bits|  Protocol  | Source Object|    C Type    |
+---------------+-----+-----+------------+--------------+--------------+
|ap_clk         |  in |    1| ap_ctrl_hs |     conv1    | return value |
|ap_rst         |  in |    1| ap_ctrl_hs |     conv1    | return value |
|ap_start       |  in |    1| ap_ctrl_hs |     conv1    | return value |
|start_full_n   |  in |    1| ap_ctrl_hs |     conv1    | return value |
|ap_done        | out |    1| ap_ctrl_hs |     conv1    | return value |
|ap_continue    |  in |    1| ap_ctrl_hs |     conv1    | return value |
|ap_idle        | out |    1| ap_ctrl_hs |     conv1    | return value |
|ap_ready       | out |    1| ap_ctrl_hs |     conv1    | return value |
|start_out      | out |    1| ap_ctrl_hs |     conv1    | return value |
|start_write    | out |    1| ap_ctrl_hs |     conv1    | return value |
|in_r_address0  | out |   14|  ap_memory |     in_r     |     array    |
|in_r_ce0       | out |    1|  ap_memory |     in_r     |     array    |
|in_r_q0        |  in |   32|  ap_memory |     in_r     |     array    |
|in_r_address1  | out |   14|  ap_memory |     in_r     |     array    |
|in_r_ce1       | out |    1|  ap_memory |     in_r     |     array    |
|in_r_q1        |  in |   32|  ap_memory |     in_r     |     array    |
|out_0_din      | out |   32|   ap_fifo  |     out_0    |    pointer   |
|out_0_full_n   |  in |    1|   ap_fifo  |     out_0    |    pointer   |
|out_0_write    | out |    1|   ap_fifo  |     out_0    |    pointer   |
|out_1_din      | out |   32|   ap_fifo  |     out_1    |    pointer   |
|out_1_full_n   |  in |    1|   ap_fifo  |     out_1    |    pointer   |
|out_1_write    | out |    1|   ap_fifo  |     out_1    |    pointer   |
|out_2_din      | out |   32|   ap_fifo  |     out_2    |    pointer   |
|out_2_full_n   |  in |    1|   ap_fifo  |     out_2    |    pointer   |
|out_2_write    | out |    1|   ap_fifo  |     out_2    |    pointer   |
|out_3_din      | out |   32|   ap_fifo  |     out_3    |    pointer   |
|out_3_full_n   |  in |    1|   ap_fifo  |     out_3    |    pointer   |
|out_3_write    | out |    1|   ap_fifo  |     out_3    |    pointer   |
|out_4_din      | out |   32|   ap_fifo  |     out_4    |    pointer   |
|out_4_full_n   |  in |    1|   ap_fifo  |     out_4    |    pointer   |
|out_4_write    | out |    1|   ap_fifo  |     out_4    |    pointer   |
|out_5_din      | out |   32|   ap_fifo  |     out_5    |    pointer   |
|out_5_full_n   |  in |    1|   ap_fifo  |     out_5    |    pointer   |
|out_5_write    | out |    1|   ap_fifo  |     out_5    |    pointer   |
|out_6_din      | out |   32|   ap_fifo  |     out_6    |    pointer   |
|out_6_full_n   |  in |    1|   ap_fifo  |     out_6    |    pointer   |
|out_6_write    | out |    1|   ap_fifo  |     out_6    |    pointer   |
|out_7_din      | out |   32|   ap_fifo  |     out_7    |    pointer   |
|out_7_full_n   |  in |    1|   ap_fifo  |     out_7    |    pointer   |
|out_7_write    | out |    1|   ap_fifo  |     out_7    |    pointer   |
+---------------+-----+-----+------------+--------------+--------------+

============================================================
+ Verbose Summary: Synthesis Manager
============================================================
InlineROM: 1
ExposeGlobal: 0
============================================================
+ Verbose Summary: CDFG Model
============================================================
IsTopModel: 0
ResetActiveHigh: 1
IsCombinational: 2
IsDatapathOnly: 0
HasWiredReturn: 1
HasMFsm: 0
HasVarLatency: 1
IsPipeline: 0
IsRtlPipelined: 0
IsInstanceOverlapped: 0
IsDontTouch: 0
HasImplIP: 0
IsGatedGlobalClock: 0

+ Individual pipeline summary: 
  * Pipeline-0: initiation interval (II) = 1, depth = 2


============================================================
+ Verbose Summary: Schedule
============================================================
* Number of FSM states : 8
* Pipeline : 1
  Pipeline-0 : II = 1, D = 2, States = { 6 7 }
* Dataflow Pipeline: 0

* FSM state transitions: 
1 --> 
	2  / true
2 --> 
	3  / (!exitcond_flatten)
3 --> 
	4  / true
4 --> 
	5  / true
5 --> 
	8  / (!or_cond)
	6  / (or_cond)
6 --> 
	8  / (exitcond3)
	7  / (!exitcond3)
7 --> 
	6  / true
8 --> 
	2  / true

* FSM state operations: 

State 1 <SV = 0> <Delay = 1.76>
ST_1 : Operation 9 [1/1] (0.00ns)   --->   "%empty = call i32 (...)* @_ssdm_op_SpecInterface(float* %out_7, [8 x i8]* @ap_fifo_str, i32 0, i32 0, [1 x i8]* @p_str, i32 0, i32 0, [1 x i8]* @p_str, [1 x i8]* @p_str, [1 x i8]* @p_str, i32 2, i32 2, i32 16, i32 16, [1 x i8]* @p_str, [1 x i8]* @p_str)"   --->   Operation 9 'specinterface' 'empty' <Predicate = true> <Delay = 0.00>
ST_1 : Operation 10 [1/1] (0.00ns)   --->   "%empty_809 = call i32 (...)* @_ssdm_op_SpecInterface(float* %out_6, [8 x i8]* @ap_fifo_str, i32 0, i32 0, [1 x i8]* @p_str, i32 0, i32 0, [1 x i8]* @p_str, [1 x i8]* @p_str, [1 x i8]* @p_str, i32 2, i32 2, i32 16, i32 16, [1 x i8]* @p_str, [1 x i8]* @p_str)"   --->   Operation 10 'specinterface' 'empty_809' <Predicate = true> <Delay = 0.00>
ST_1 : Operation 11 [1/1] (0.00ns)   --->   "%empty_810 = call i32 (...)* @_ssdm_op_SpecInterface(float* %out_5, [8 x i8]* @ap_fifo_str, i32 0, i32 0, [1 x i8]* @p_str, i32 0, i32 0, [1 x i8]* @p_str, [1 x i8]* @p_str, [1 x i8]* @p_str, i32 2, i32 2, i32 16, i32 16, [1 x i8]* @p_str, [1 x i8]* @p_str)"   --->   Operation 11 'specinterface' 'empty_810' <Predicate = true> <Delay = 0.00>
ST_1 : Operation 12 [1/1] (0.00ns)   --->   "%empty_811 = call i32 (...)* @_ssdm_op_SpecInterface(float* %out_4, [8 x i8]* @ap_fifo_str, i32 0, i32 0, [1 x i8]* @p_str, i32 0, i32 0, [1 x i8]* @p_str, [1 x i8]* @p_str, [1 x i8]* @p_str, i32 2, i32 2, i32 16, i32 16, [1 x i8]* @p_str, [1 x i8]* @p_str)"   --->   Operation 12 'specinterface' 'empty_811' <Predicate = true> <Delay = 0.00>
ST_1 : Operation 13 [1/1] (0.00ns)   --->   "%empty_812 = call i32 (...)* @_ssdm_op_SpecInterface(float* %out_3, [8 x i8]* @ap_fifo_str, i32 0, i32 0, [1 x i8]* @p_str, i32 0, i32 0, [1 x i8]* @p_str, [1 x i8]* @p_str, [1 x i8]* @p_str, i32 2, i32 2, i32 16, i32 16, [1 x i8]* @p_str, [1 x i8]* @p_str)"   --->   Operation 13 'specinterface' 'empty_812' <Predicate = true> <Delay = 0.00>
ST_1 : Operation 14 [1/1] (0.00ns)   --->   "%empty_813 = call i32 (...)* @_ssdm_op_SpecInterface(float* %out_2, [8 x i8]* @ap_fifo_str, i32 0, i32 0, [1 x i8]* @p_str, i32 0, i32 0, [1 x i8]* @p_str, [1 x i8]* @p_str, [1 x i8]* @p_str, i32 2, i32 2, i32 16, i32 16, [1 x i8]* @p_str, [1 x i8]* @p_str)"   --->   Operation 14 'specinterface' 'empty_813' <Predicate = true> <Delay = 0.00>
ST_1 : Operation 15 [1/1] (0.00ns)   --->   "%empty_814 = call i32 (...)* @_ssdm_op_SpecInterface(float* %out_1, [8 x i8]* @ap_fifo_str, i32 0, i32 0, [1 x i8]* @p_str, i32 0, i32 0, [1 x i8]* @p_str, [1 x i8]* @p_str, [1 x i8]* @p_str, i32 2, i32 2, i32 16, i32 16, [1 x i8]* @p_str, [1 x i8]* @p_str)"   --->   Operation 15 'specinterface' 'empty_814' <Predicate = true> <Delay = 0.00>
ST_1 : Operation 16 [1/1] (0.00ns)   --->   "%empty_815 = call i32 (...)* @_ssdm_op_SpecInterface(float* %out_0, [8 x i8]* @ap_fifo_str, i32 0, i32 0, [1 x i8]* @p_str, i32 0, i32 0, [1 x i8]* @p_str, [1 x i8]* @p_str, [1 x i8]* @p_str, i32 2, i32 2, i32 16, i32 16, [1 x i8]* @p_str, [1 x i8]* @p_str)"   --->   Operation 16 'specinterface' 'empty_815' <Predicate = true> <Delay = 0.00>
ST_1 : Operation 17 [1/1] (1.76ns)   --->   "br label %.preheader10" [topp.c:39]   --->   Operation 17 'br' <Predicate = true> <Delay = 1.76>

State 2 <SV = 1> <Delay = 4.90>
ST_2 : Operation 18 [1/1] (0.00ns)   --->   "%indvar_flatten = phi i13 [ 0, %0 ], [ %indvar_flatten_next, %.loopexit ]"   --->   Operation 18 'phi' 'indvar_flatten' <Predicate = true> <Delay = 0.00>
ST_2 : Operation 19 [1/1] (0.00ns)   --->   "%r = phi i7 [ 0, %0 ], [ %tmp_mid2_v, %.loopexit ]" [topp.c:54]   --->   Operation 19 'phi' 'r' <Predicate = true> <Delay = 0.00>
ST_2 : Operation 20 [1/1] (0.00ns)   --->   "%c = phi i7 [ 0, %0 ], [ %c_1, %.loopexit ]"   --->   Operation 20 'phi' 'c' <Predicate = true> <Delay = 0.00>
ST_2 : Operation 21 [1/1] (2.09ns)   --->   "%exitcond_flatten = icmp eq i13 %indvar_flatten, -4096"   --->   Operation 21 'icmp' 'exitcond_flatten' <Predicate = true> <Delay = 2.09> <Core = "Cmp">   --->   Core 25 'Cmp' <Latency = 0> <II = 1> <Delay = 1.42> <FuncUnit> <Opcode : 'icmp'> <InPorts = 2> <OutPorts = 1>
ST_2 : Operation 22 [1/1] (0.00ns)   --->   "%empty_816 = call i32 (...)* @_ssdm_op_SpecLoopTripCount(i64 4096, i64 4096, i64 4096)"   --->   Operation 22 'speclooptripcount' 'empty_816' <Predicate = true> <Delay = 0.00>
ST_2 : Operation 23 [1/1] (1.67ns)   --->   "%indvar_flatten_next = add i13 %indvar_flatten, 1"   --->   Operation 23 'add' 'indvar_flatten_next' <Predicate = true> <Delay = 1.67> <Core = "AddSub">   --->   Core 14 'AddSub' <Latency = 0> <II = 1> <Delay = 1.94> <FuncUnit> <Opcode : 'add' 'sub'> <InPorts = 2> <OutPorts = 1>
ST_2 : Operation 24 [1/1] (0.00ns)   --->   "br i1 %exitcond_flatten, label %1, label %.preheader10.preheader"   --->   Operation 24 'br' <Predicate = true> <Delay = 0.00>
ST_2 : Operation 25 [1/1] (1.87ns)   --->   "%r_1 = add i7 1, %r" [topp.c:39]   --->   Operation 25 'add' 'r_1' <Predicate = (!exitcond_flatten)> <Delay = 1.87> <Core = "AddSub">   --->   Core 14 'AddSub' <Latency = 0> <II = 1> <Delay = 1.94> <FuncUnit> <Opcode : 'add' 'sub'> <InPorts = 2> <OutPorts = 1>
ST_2 : Operation 26 [1/1] (1.48ns)   --->   "%exitcond = icmp eq i7 %c, -64" [topp.c:40]   --->   Operation 26 'icmp' 'exitcond' <Predicate = (!exitcond_flatten)> <Delay = 1.48> <Core = "Cmp">   --->   Core 25 'Cmp' <Latency = 0> <II = 1> <Delay = 1.42> <FuncUnit> <Opcode : 'icmp'> <InPorts = 2> <OutPorts = 1>
ST_2 : Operation 27 [1/1] (0.99ns)   --->   "%c_mid2 = select i1 %exitcond, i7 0, i7 %c" [topp.c:40]   --->   Operation 27 'select' 'c_mid2' <Predicate = (!exitcond_flatten)> <Delay = 0.99> <Core = "Sel">   --->   Core 26 'Sel' <Latency = 0> <II = 1> <Delay = 0.99> <FuncUnit> <Opcode : 'select'> <InPorts = 3> <OutPorts = 1>
ST_2 : Operation 28 [1/1] (0.99ns)   --->   "%tmp_mid2_v = select i1 %exitcond, i7 %r_1, i7 %r" [topp.c:54]   --->   Operation 28 'select' 'tmp_mid2_v' <Predicate = (!exitcond_flatten)> <Delay = 0.99> <Core = "Sel">   --->   Core 26 'Sel' <Latency = 0> <II = 1> <Delay = 0.99> <FuncUnit> <Opcode : 'select'> <InPorts = 3> <OutPorts = 1>
ST_2 : Operation 29 [1/1] (0.00ns)   --->   "%tmp_59 = call i6 @_ssdm_op_PartSelect.i6.i7.i32.i32(i7 %r_1, i32 1, i32 6)" [topp.c:67]   --->   Operation 29 'partselect' 'tmp_59' <Predicate = (!exitcond_flatten)> <Delay = 0.00>
ST_2 : Operation 30 [1/1] (1.42ns)   --->   "%icmp = icmp ne i6 %tmp_59, 0" [topp.c:67]   --->   Operation 30 'icmp' 'icmp' <Predicate = (!exitcond_flatten)> <Delay = 1.42> <Core = "Cmp">   --->   Core 25 'Cmp' <Latency = 0> <II = 1> <Delay = 1.42> <FuncUnit> <Opcode : 'icmp'> <InPorts = 2> <OutPorts = 1>
ST_2 : Operation 31 [1/1] (0.00ns)   --->   "%tmp_60 = call i6 @_ssdm_op_PartSelect.i6.i7.i32.i32(i7 %r, i32 1, i32 6)" [topp.c:67]   --->   Operation 31 'partselect' 'tmp_60' <Predicate = (!exitcond_flatten)> <Delay = 0.00>
ST_2 : Operation 32 [1/1] (1.42ns)   --->   "%icmp9 = icmp ne i6 %tmp_60, 0" [topp.c:67]   --->   Operation 32 'icmp' 'icmp9' <Predicate = (!exitcond_flatten)> <Delay = 1.42> <Core = "Cmp">   --->   Core 25 'Cmp' <Latency = 0> <II = 1> <Delay = 1.42> <FuncUnit> <Opcode : 'icmp'> <InPorts = 2> <OutPorts = 1>
ST_2 : Operation 33 [1/1] (0.00ns) (grouped into LUT with out node or_cond)   --->   "%tmp_mid2 = select i1 %exitcond, i1 %icmp, i1 %icmp9" [topp.c:67]   --->   Operation 33 'select' 'tmp_mid2' <Predicate = (!exitcond_flatten)> <Delay = 0.00> <Core = "Sel">   --->   Core 26 'Sel' <Latency = 0> <II = 1> <Delay = 0.99> <FuncUnit> <Opcode : 'select'> <InPorts = 3> <OutPorts = 1>
ST_2 : Operation 34 [1/1] (0.00ns)   --->   "%tmp_62 = call i6 @_ssdm_op_PartSelect.i6.i7.i32.i32(i7 %c_mid2, i32 1, i32 6)" [topp.c:67]   --->   Operation 34 'partselect' 'tmp_62' <Predicate = (!exitcond_flatten)> <Delay = 0.00>
ST_2 : Operation 35 [1/1] (1.42ns)   --->   "%icmp10 = icmp ne i6 %tmp_62, 0" [topp.c:67]   --->   Operation 35 'icmp' 'icmp10' <Predicate = (!exitcond_flatten)> <Delay = 1.42> <Core = "Cmp">   --->   Core 25 'Cmp' <Latency = 0> <II = 1> <Delay = 1.42> <FuncUnit> <Opcode : 'icmp'> <InPorts = 2> <OutPorts = 1>
ST_2 : Operation 36 [1/1] (0.99ns) (out node of the LUT)   --->   "%or_cond = and i1 %tmp_mid2, %icmp10" [topp.c:67]   --->   Operation 36 'and' 'or_cond' <Predicate = (!exitcond_flatten)> <Delay = 0.99> <Core = "LogicGate">   --->   Core 27 'LogicGate' <Latency = 0> <II = 1> <Delay = 0.97> <FuncUnit> <Opcode : 'and' 'or' 'xor'> <InPorts = 2> <OutPorts = 1>
ST_2 : Operation 37 [1/1] (0.00ns)   --->   "ret void" [topp.c:87]   --->   Operation 37 'ret' <Predicate = (exitcond_flatten)> <Delay = 0.00>

State 3 <SV = 2> <Delay = 6.87>
ST_3 : Operation 38 [1/1] (0.00ns)   --->   "%tmp = call i13 @_ssdm_op_BitConcatenate.i13.i7.i6(i7 %tmp_mid2_v, i6 0)" [topp.c:54]   --->   Operation 38 'bitconcatenate' 'tmp' <Predicate = true> <Delay = 0.00>
ST_3 : Operation 39 [1/1] (0.00ns)   --->   "%tmp_6_cast = zext i13 %tmp to i14" [topp.c:67]   --->   Operation 39 'zext' 'tmp_6_cast' <Predicate = true> <Delay = 0.00>
ST_3 : Operation 40 [1/1] (0.00ns)   --->   "%tmp_1_cast = zext i7 %c_mid2 to i14" [topp.c:54]   --->   Operation 40 'zext' 'tmp_1_cast' <Predicate = true> <Delay = 0.00>
ST_3 : Operation 41 [1/1] (1.67ns)   --->   "%tmp_7 = add i14 %tmp_6_cast, %tmp_1_cast" [topp.c:54]   --->   Operation 41 'add' 'tmp_7' <Predicate = true> <Delay = 1.67> <Core = "AddSub">   --->   Core 14 'AddSub' <Latency = 0> <II = 1> <Delay = 1.94> <FuncUnit> <Opcode : 'add' 'sub'> <InPorts = 2> <OutPorts = 1>
ST_3 : Operation 42 [1/1] (0.00ns)   --->   "%tmp_7_cast = zext i14 %tmp_7 to i15" [topp.c:54]   --->   Operation 42 'zext' 'tmp_7_cast' <Predicate = true> <Delay = 0.00>
ST_3 : Operation 43 [1/1] (0.00ns)   --->   "%tmp_61 = trunc i14 %tmp_7 to i13" [topp.c:54]   --->   Operation 43 'trunc' 'tmp_61' <Predicate = true> <Delay = 0.00>
ST_3 : Operation 44 [1/1] (0.00ns)   --->   "%p_shl_cast = call i15 @_ssdm_op_BitConcatenate.i15.i13.i2(i13 %tmp_61, i2 0)" [topp.c:54]   --->   Operation 44 'bitconcatenate' 'p_shl_cast' <Predicate = true> <Delay = 0.00>
ST_3 : Operation 45 [1/1] (1.94ns)   --->   "%tmp_9 = sub i15 %p_shl_cast, %tmp_7_cast" [topp.c:54]   --->   Operation 45 'sub' 'tmp_9' <Predicate = true> <Delay = 1.94> <Core = "AddSub">   --->   Core 14 'AddSub' <Latency = 0> <II = 1> <Delay = 1.94> <FuncUnit> <Opcode : 'add' 'sub'> <InPorts = 2> <OutPorts = 1>
ST_3 : Operation 46 [1/1] (0.00ns)   --->   "%tmp_9_cast = zext i15 %tmp_9 to i64" [topp.c:54]   --->   Operation 46 'zext' 'tmp_9_cast' <Predicate = true> <Delay = 0.00>
ST_3 : Operation 47 [1/1] (0.00ns)   --->   "%in_addr = getelementptr [12288 x float]* %in_r, i64 0, i64 %tmp_9_cast" [topp.c:54]   --->   Operation 47 'getelementptr' 'in_addr' <Predicate = true> <Delay = 0.00>
ST_3 : Operation 48 [2/2] (3.25ns)   --->   "%in_load = load float* %in_addr, align 4" [topp.c:54]   --->   Operation 48 'load' 'in_load' <Predicate = true> <Delay = 3.25> <Core = "RAM">   --->   Core 37 'RAM' <Latency = 1> <II = 1> <Delay = 3.25> <Storage> <Opcode : 'load' 'store'> <Ports = 2> <Width = 32> <Depth = 64> <RAM>

State 4 <SV = 3> <Delay = 5.19>
ST_4 : Operation 49 [1/1] (1.94ns)   --->   "%tmp_s = add i15 1, %tmp_9" [topp.c:54]   --->   Operation 49 'add' 'tmp_s' <Predicate = true> <Delay = 1.94> <Core = "AddSub">   --->   Core 14 'AddSub' <Latency = 0> <II = 1> <Delay = 1.94> <FuncUnit> <Opcode : 'add' 'sub'> <InPorts = 2> <OutPorts = 1>
ST_4 : Operation 50 [1/1] (0.00ns)   --->   "%tmp_10_cast = zext i15 %tmp_s to i64" [topp.c:54]   --->   Operation 50 'zext' 'tmp_10_cast' <Predicate = true> <Delay = 0.00>
ST_4 : Operation 51 [1/1] (0.00ns)   --->   "%in_addr_1 = getelementptr [12288 x float]* %in_r, i64 0, i64 %tmp_10_cast" [topp.c:54]   --->   Operation 51 'getelementptr' 'in_addr_1' <Predicate = true> <Delay = 0.00>
ST_4 : Operation 52 [1/1] (1.94ns)   --->   "%tmp_2 = add i15 2, %tmp_9" [topp.c:54]   --->   Operation 52 'add' 'tmp_2' <Predicate = true> <Delay = 1.94> <Core = "AddSub">   --->   Core 14 'AddSub' <Latency = 0> <II = 1> <Delay = 1.94> <FuncUnit> <Opcode : 'add' 'sub'> <InPorts = 2> <OutPorts = 1>
ST_4 : Operation 53 [1/1] (0.00ns)   --->   "%tmp_11_cast = zext i15 %tmp_2 to i64" [topp.c:54]   --->   Operation 53 'zext' 'tmp_11_cast' <Predicate = true> <Delay = 0.00>
ST_4 : Operation 54 [1/1] (0.00ns)   --->   "%in_addr_2 = getelementptr [12288 x float]* %in_r, i64 0, i64 %tmp_11_cast" [topp.c:54]   --->   Operation 54 'getelementptr' 'in_addr_2' <Predicate = true> <Delay = 0.00>
ST_4 : Operation 55 [1/2] (3.25ns)   --->   "%in_load = load float* %in_addr, align 4" [topp.c:54]   --->   Operation 55 'load' 'in_load' <Predicate = true> <Delay = 3.25> <Core = "RAM">   --->   Core 37 'RAM' <Latency = 1> <II = 1> <Delay = 3.25> <Storage> <Opcode : 'load' 'store'> <Ports = 2> <Width = 32> <Depth = 64> <RAM>
ST_4 : Operation 56 [2/2] (3.25ns)   --->   "%in_load_1 = load float* %in_addr_1, align 4" [topp.c:54]   --->   Operation 56 'load' 'in_load_1' <Predicate = true> <Delay = 3.25> <Core = "RAM">   --->   Core 37 'RAM' <Latency = 1> <II = 1> <Delay = 3.25> <Storage> <Opcode : 'load' 'store'> <Ports = 2> <Width = 32> <Depth = 64> <RAM>
ST_4 : Operation 57 [2/2] (3.25ns)   --->   "%in_load_2 = load float* %in_addr_2, align 4" [topp.c:54]   --->   Operation 57 'load' 'in_load_2' <Predicate = true> <Delay = 3.25> <Core = "RAM">   --->   Core 37 'RAM' <Latency = 1> <II = 1> <Delay = 3.25> <Storage> <Opcode : 'load' 'store'> <Ports = 2> <Width = 32> <Depth = 64> <RAM>

State 5 <SV = 4> <Delay = 6.50>
ST_5 : Operation 58 [1/1] (0.00ns)   --->   "%tmp_1 = zext i7 %c_mid2 to i64" [topp.c:52]   --->   Operation 58 'zext' 'tmp_1' <Predicate = true> <Delay = 0.00>
ST_5 : Operation 59 [1/1] (0.00ns)   --->   "%linbu_4_1_0_addr = getelementptr [64 x float]* @linbu_4_1_0, i64 0, i64 %tmp_1" [topp.c:53]   --->   Operation 59 'getelementptr' 'linbu_4_1_0_addr' <Predicate = true> <Delay = 0.00>
ST_5 : Operation 60 [1/1] (3.25ns)   --->   "store float %in_load, float* %linbu_4_1_0_addr, align 4" [topp.c:58]   --->   Operation 60 'store' <Predicate = true> <Delay = 3.25> <Core = "RAM">   --->   Core 37 'RAM' <Latency = 1> <II = 1> <Delay = 3.25> <Storage> <Opcode : 'load' 'store'> <Ports = 2> <Width = 32> <Depth = 64> <RAM>
ST_5 : Operation 61 [1/1] (0.00ns)   --->   "%linbu_4_1_1_addr = getelementptr [64 x float]* @linbu_4_1_1, i64 0, i64 %tmp_1" [topp.c:53]   --->   Operation 61 'getelementptr' 'linbu_4_1_1_addr' <Predicate = true> <Delay = 0.00>
ST_5 : Operation 62 [1/2] (3.25ns)   --->   "%in_load_1 = load float* %in_addr_1, align 4" [topp.c:54]   --->   Operation 62 'load' 'in_load_1' <Predicate = true> <Delay = 3.25> <Core = "RAM">   --->   Core 37 'RAM' <Latency = 1> <II = 1> <Delay = 3.25> <Storage> <Opcode : 'load' 'store'> <Ports = 2> <Width = 32> <Depth = 64> <RAM>
ST_5 : Operation 63 [1/1] (3.25ns)   --->   "store float %in_load_1, float* %linbu_4_1_1_addr, align 4" [topp.c:58]   --->   Operation 63 'store' <Predicate = true> <Delay = 3.25> <Core = "RAM">   --->   Core 37 'RAM' <Latency = 1> <II = 1> <Delay = 3.25> <Storage> <Opcode : 'load' 'store'> <Ports = 2> <Width = 32> <Depth = 64> <RAM>
ST_5 : Operation 64 [1/1] (0.00ns)   --->   "%linbu_4_1_2_addr = getelementptr [64 x float]* @linbu_4_1_2, i64 0, i64 %tmp_1" [topp.c:53]   --->   Operation 64 'getelementptr' 'linbu_4_1_2_addr' <Predicate = true> <Delay = 0.00>
ST_5 : Operation 65 [1/2] (3.25ns)   --->   "%in_load_2 = load float* %in_addr_2, align 4" [topp.c:54]   --->   Operation 65 'load' 'in_load_2' <Predicate = true> <Delay = 3.25> <Core = "RAM">   --->   Core 37 'RAM' <Latency = 1> <II = 1> <Delay = 3.25> <Storage> <Opcode : 'load' 'store'> <Ports = 2> <Width = 32> <Depth = 64> <RAM>
ST_5 : Operation 66 [1/1] (3.25ns)   --->   "store float %in_load_2, float* %linbu_4_1_2_addr, align 4" [topp.c:58]   --->   Operation 66 'store' <Predicate = true> <Delay = 3.25> <Core = "RAM">   --->   Core 37 'RAM' <Latency = 1> <II = 1> <Delay = 3.25> <Storage> <Opcode : 'load' 'store'> <Ports = 2> <Width = 32> <Depth = 64> <RAM>
ST_5 : Operation 67 [1/1] (0.00ns)   --->   "br i1 %or_cond, label %.preheader8.preheader, label %.loopexit" [topp.c:67]   --->   Operation 67 'br' <Predicate = true> <Delay = 0.00>
ST_5 : Operation 68 [1/1] (1.76ns)   --->   "br label %.preheader8" [topp.c:68]   --->   Operation 68 'br' <Predicate = (or_cond)> <Delay = 1.76>

State 6 <SV = 5> <Delay = 1.73>
ST_6 : Operation 69 [1/1] (0.00ns)   --->   "%oc = phi i4 [ %oc_2, %.preheader7.preheader.016 ], [ 0, %.preheader8.preheader ]"   --->   Operation 69 'phi' 'oc' <Predicate = true> <Delay = 0.00>
ST_6 : Operation 70 [1/1] (1.30ns)   --->   "%exitcond3 = icmp eq i4 %oc, -8" [topp.c:68]   --->   Operation 70 'icmp' 'exitcond3' <Predicate = true> <Delay = 1.30> <Core = "Cmp">   --->   Core 25 'Cmp' <Latency = 0> <II = 1> <Delay = 1.42> <FuncUnit> <Opcode : 'icmp'> <InPorts = 2> <OutPorts = 1>
ST_6 : Operation 71 [1/1] (0.00ns)   --->   "%empty_817 = call i32 (...)* @_ssdm_op_SpecLoopTripCount(i64 8, i64 8, i64 8)"   --->   Operation 71 'speclooptripcount' 'empty_817' <Predicate = true> <Delay = 0.00>
ST_6 : Operation 72 [1/1] (1.73ns)   --->   "%oc_2 = add i4 %oc, 1" [topp.c:68]   --->   Operation 72 'add' 'oc_2' <Predicate = true> <Delay = 1.73> <Core = "AddSub">   --->   Core 14 'AddSub' <Latency = 0> <II = 1> <Delay = 1.94> <FuncUnit> <Opcode : 'add' 'sub'> <InPorts = 2> <OutPorts = 1>
ST_6 : Operation 73 [1/1] (0.00ns)   --->   "br i1 %exitcond3, label %.loopexit.loopexit, label %.preheader7.preheader.0" [topp.c:68]   --->   Operation 73 'br' <Predicate = true> <Delay = 0.00>
ST_6 : Operation 74 [1/1] (0.00ns)   --->   "%tmp_63 = trunc i4 %oc to i3" [topp.c:82]   --->   Operation 74 'trunc' 'tmp_63' <Predicate = (!exitcond3)> <Delay = 0.00>
ST_6 : Operation 75 [1/1] (1.36ns)   --->   "switch i3 %tmp_63, label %branch7 [
    i3 0, label %branch0
    i3 1, label %branch1
    i3 2, label %branch2
    i3 3, label %branch3
    i3 -4, label %branch4
    i3 -3, label %branch5
    i3 -2, label %branch6
  ]" [topp.c:82]   --->   Operation 75 'switch' <Predicate = (!exitcond3)> <Delay = 1.36>
ST_6 : Operation 76 [1/1] (0.00ns)   --->   "br label %.preheader7.preheader.016" [topp.c:82]   --->   Operation 76 'br' <Predicate = (!exitcond3 & tmp_63 == 6)> <Delay = 0.00>
ST_6 : Operation 77 [1/1] (0.00ns)   --->   "br label %.preheader7.preheader.016" [topp.c:82]   --->   Operation 77 'br' <Predicate = (!exitcond3 & tmp_63 == 5)> <Delay = 0.00>
ST_6 : Operation 78 [1/1] (0.00ns)   --->   "br label %.preheader7.preheader.016" [topp.c:82]   --->   Operation 78 'br' <Predicate = (!exitcond3 & tmp_63 == 4)> <Delay = 0.00>
ST_6 : Operation 79 [1/1] (0.00ns)   --->   "br label %.preheader7.preheader.016" [topp.c:82]   --->   Operation 79 'br' <Predicate = (!exitcond3 & tmp_63 == 3)> <Delay = 0.00>
ST_6 : Operation 80 [1/1] (0.00ns)   --->   "br label %.preheader7.preheader.016" [topp.c:82]   --->   Operation 80 'br' <Predicate = (!exitcond3 & tmp_63 == 2)> <Delay = 0.00>
ST_6 : Operation 81 [1/1] (0.00ns)   --->   "br label %.preheader7.preheader.016" [topp.c:82]   --->   Operation 81 'br' <Predicate = (!exitcond3 & tmp_63 == 1)> <Delay = 0.00>
ST_6 : Operation 82 [1/1] (0.00ns)   --->   "br label %.preheader7.preheader.016" [topp.c:82]   --->   Operation 82 'br' <Predicate = (!exitcond3 & tmp_63 == 0)> <Delay = 0.00>
ST_6 : Operation 83 [1/1] (0.00ns)   --->   "br label %.preheader7.preheader.016" [topp.c:82]   --->   Operation 83 'br' <Predicate = (!exitcond3 & tmp_63 == 7)> <Delay = 0.00>

State 7 <SV = 6> <Delay = 3.63>
ST_7 : Operation 84 [1/1] (0.00ns)   --->   "%tmp_4 = call i32 (...)* @_ssdm_op_SpecRegionBegin([12 x i8]* @p_str3)" [topp.c:68]   --->   Operation 84 'specregionbegin' 'tmp_4' <Predicate = true> <Delay = 0.00>
ST_7 : Operation 85 [1/1] (0.00ns)   --->   "call void (...)* @_ssdm_op_SpecPipeline(i32 1, i32 1, i32 1, i32 0, [1 x i8]* @p_str1) nounwind" [topp.c:69]   --->   Operation 85 'specpipeline' <Predicate = true> <Delay = 0.00>
ST_7 : Operation 86 [1/1] (3.63ns)   --->   "call void @_ssdm_op_Write.ap_fifo.volatile.floatP(float* %out_6, float 0.000000e+00)" [topp.c:82]   --->   Operation 86 'write' <Predicate = (tmp_63 == 6)> <Delay = 3.63> <Core = "FIFO_SRL">   --->   Core 36 'FIFO_SRL' <Latency = 0> <II = 1> <Delay = 3.63> <Storage> <Opcode : 'read' 'write' 'nbread' 'nbwrite'> <Ports = 0> <Width = 32> <Depth = 0> <FIFO>
ST_7 : Operation 87 [1/1] (3.63ns)   --->   "call void @_ssdm_op_Write.ap_fifo.volatile.floatP(float* %out_5, float 0.000000e+00)" [topp.c:82]   --->   Operation 87 'write' <Predicate = (tmp_63 == 5)> <Delay = 3.63> <Core = "FIFO_SRL">   --->   Core 36 'FIFO_SRL' <Latency = 0> <II = 1> <Delay = 3.63> <Storage> <Opcode : 'read' 'write' 'nbread' 'nbwrite'> <Ports = 0> <Width = 32> <Depth = 0> <FIFO>
ST_7 : Operation 88 [1/1] (3.63ns)   --->   "call void @_ssdm_op_Write.ap_fifo.volatile.floatP(float* %out_4, float 0.000000e+00)" [topp.c:82]   --->   Operation 88 'write' <Predicate = (tmp_63 == 4)> <Delay = 3.63> <Core = "FIFO_SRL">   --->   Core 36 'FIFO_SRL' <Latency = 0> <II = 1> <Delay = 3.63> <Storage> <Opcode : 'read' 'write' 'nbread' 'nbwrite'> <Ports = 0> <Width = 32> <Depth = 0> <FIFO>
ST_7 : Operation 89 [1/1] (3.63ns)   --->   "call void @_ssdm_op_Write.ap_fifo.volatile.floatP(float* %out_3, float 0.000000e+00)" [topp.c:82]   --->   Operation 89 'write' <Predicate = (tmp_63 == 3)> <Delay = 3.63> <Core = "FIFO_SRL">   --->   Core 36 'FIFO_SRL' <Latency = 0> <II = 1> <Delay = 3.63> <Storage> <Opcode : 'read' 'write' 'nbread' 'nbwrite'> <Ports = 0> <Width = 32> <Depth = 0> <FIFO>
ST_7 : Operation 90 [1/1] (3.63ns)   --->   "call void @_ssdm_op_Write.ap_fifo.volatile.floatP(float* %out_2, float 0.000000e+00)" [topp.c:82]   --->   Operation 90 'write' <Predicate = (tmp_63 == 2)> <Delay = 3.63> <Core = "FIFO_SRL">   --->   Core 36 'FIFO_SRL' <Latency = 0> <II = 1> <Delay = 3.63> <Storage> <Opcode : 'read' 'write' 'nbread' 'nbwrite'> <Ports = 0> <Width = 32> <Depth = 0> <FIFO>
ST_7 : Operation 91 [1/1] (3.63ns)   --->   "call void @_ssdm_op_Write.ap_fifo.volatile.floatP(float* %out_1, float 0.000000e+00)" [topp.c:82]   --->   Operation 91 'write' <Predicate = (tmp_63 == 1)> <Delay = 3.63> <Core = "FIFO_SRL">   --->   Core 36 'FIFO_SRL' <Latency = 0> <II = 1> <Delay = 3.63> <Storage> <Opcode : 'read' 'write' 'nbread' 'nbwrite'> <Ports = 0> <Width = 32> <Depth = 0> <FIFO>
ST_7 : Operation 92 [1/1] (3.63ns)   --->   "call void @_ssdm_op_Write.ap_fifo.volatile.floatP(float* %out_0, float 0.000000e+00)" [topp.c:82]   --->   Operation 92 'write' <Predicate = (tmp_63 == 0)> <Delay = 3.63> <Core = "FIFO_SRL">   --->   Core 36 'FIFO_SRL' <Latency = 0> <II = 1> <Delay = 3.63> <Storage> <Opcode : 'read' 'write' 'nbread' 'nbwrite'> <Ports = 0> <Width = 32> <Depth = 0> <FIFO>
ST_7 : Operation 93 [1/1] (3.63ns)   --->   "call void @_ssdm_op_Write.ap_fifo.volatile.floatP(float* %out_7, float 0.000000e+00)" [topp.c:82]   --->   Operation 93 'write' <Predicate = (tmp_63 == 7)> <Delay = 3.63> <Core = "FIFO_SRL">   --->   Core 36 'FIFO_SRL' <Latency = 0> <II = 1> <Delay = 3.63> <Storage> <Opcode : 'read' 'write' 'nbread' 'nbwrite'> <Ports = 0> <Width = 32> <Depth = 0> <FIFO>
ST_7 : Operation 94 [1/1] (0.00ns)   --->   "%empty_818 = call i32 (...)* @_ssdm_op_SpecRegionEnd([12 x i8]* @p_str3, i32 %tmp_4)" [topp.c:83]   --->   Operation 94 'specregionend' 'empty_818' <Predicate = (!exitcond3)> <Delay = 0.00>
ST_7 : Operation 95 [1/1] (0.00ns)   --->   "br label %.preheader8" [topp.c:68]   --->   Operation 95 'br' <Predicate = (!exitcond3)> <Delay = 0.00>

State 8 <SV = 6> <Delay = 1.87>
ST_8 : Operation 96 [1/1] (0.00ns)   --->   "br label %.loopexit"   --->   Operation 96 'br' <Predicate = (or_cond)> <Delay = 0.00>
ST_8 : Operation 97 [1/1] (1.87ns)   --->   "%c_1 = add i7 %c_mid2, 1" [topp.c:40]   --->   Operation 97 'add' 'c_1' <Predicate = true> <Delay = 1.87> <Core = "AddSub">   --->   Core 14 'AddSub' <Latency = 0> <II = 1> <Delay = 1.94> <FuncUnit> <Opcode : 'add' 'sub'> <InPorts = 2> <OutPorts = 1>
ST_8 : Operation 98 [1/1] (0.00ns)   --->   "br label %.preheader10" [topp.c:40]   --->   Operation 98 'br' <Predicate = true> <Delay = 0.00>


============================================================
+ Verbose Summary: Binding
============================================================
STG Binding: 
---------------- STG Properties BEGIN ----------------
- Is combinational: 0
- Is one-state seq: 0
- Is datapath-only: 0
- Is pipelined: 0
- Is top level: 0
Port [ Return ] is wired: 1; IO mode=ap_ctrl_hs:ce=0
Port [ in_r]:  wired=1; compound=1; hidden=0; nouse=0; global=0; static=0; extern=0; dir=0; type=1; pingpong=0; private_global=0; MemPort=[11]; IO mode=ap_memory:ce=0
Port [ out_0]:  wired=1; compound=1; hidden=0; nouse=0; global=0; static=0; extern=0; dir=1; type=3; pingpong=0; private_global=0; IO mode=ap_fifo:ce=0
Port [ out_1]:  wired=1; compound=1; hidden=0; nouse=0; global=0; static=0; extern=0; dir=1; type=3; pingpong=0; private_global=0; IO mode=ap_fifo:ce=0
Port [ out_2]:  wired=1; compound=1; hidden=0; nouse=0; global=0; static=0; extern=0; dir=1; type=3; pingpong=0; private_global=0; IO mode=ap_fifo:ce=0
Port [ out_3]:  wired=1; compound=1; hidden=0; nouse=0; global=0; static=0; extern=0; dir=1; type=3; pingpong=0; private_global=0; IO mode=ap_fifo:ce=0
Port [ out_4]:  wired=1; compound=1; hidden=0; nouse=0; global=0; static=0; extern=0; dir=1; type=3; pingpong=0; private_global=0; IO mode=ap_fifo:ce=0
Port [ out_5]:  wired=1; compound=1; hidden=0; nouse=0; global=0; static=0; extern=0; dir=1; type=3; pingpong=0; private_global=0; IO mode=ap_fifo:ce=0
Port [ out_6]:  wired=1; compound=1; hidden=0; nouse=0; global=0; static=0; extern=0; dir=1; type=3; pingpong=0; private_global=0; IO mode=ap_fifo:ce=0
Port [ out_7]:  wired=1; compound=1; hidden=0; nouse=0; global=0; static=0; extern=0; dir=1; type=3; pingpong=0; private_global=0; IO mode=ap_fifo:ce=0
Port [ linbu_4_1_0]:  wired=0; compound=1; hidden=1; nouse=0; global=1; static=1; extern=0; dir=1; type=1; pingpong=0; private_global=1; linkage=7; visibility=0; MemPort=[03]; IO mode=ap_memory:ce=0
Port [ linbu_4_1_1]:  wired=0; compound=1; hidden=1; nouse=0; global=1; static=1; extern=0; dir=1; type=1; pingpong=0; private_global=1; linkage=7; visibility=0; MemPort=[03]; IO mode=ap_memory:ce=0
Port [ linbu_4_1_2]:  wired=0; compound=1; hidden=1; nouse=0; global=1; static=1; extern=0; dir=1; type=1; pingpong=0; private_global=1; linkage=7; visibility=0; MemPort=[03]; IO mode=ap_memory:ce=0
---------------- STG Properties END ------------------

---------------- Datapath Model BEGIN ----------------

<LifeTime>
<method=bitvector/>
empty               (specinterface    ) [ 000000000]
empty_809           (specinterface    ) [ 000000000]
empty_810           (specinterface    ) [ 000000000]
empty_811           (specinterface    ) [ 000000000]
empty_812           (specinterface    ) [ 000000000]
empty_813           (specinterface    ) [ 000000000]
empty_814           (specinterface    ) [ 000000000]
empty_815           (specinterface    ) [ 000000000]
StgValue_17         (br               ) [ 011111111]
indvar_flatten      (phi              ) [ 001000000]
r                   (phi              ) [ 001000000]
c                   (phi              ) [ 001000000]
exitcond_flatten    (icmp             ) [ 001111111]
empty_816           (speclooptripcount) [ 000000000]
indvar_flatten_next (add              ) [ 011111111]
StgValue_24         (br               ) [ 000000000]
r_1                 (add              ) [ 000000000]
exitcond            (icmp             ) [ 000000000]
c_mid2              (select           ) [ 000111111]
tmp_mid2_v          (select           ) [ 011111111]
tmp_59              (partselect       ) [ 000000000]
icmp                (icmp             ) [ 000000000]
tmp_60              (partselect       ) [ 000000000]
icmp9               (icmp             ) [ 000000000]
tmp_mid2            (select           ) [ 000000000]
tmp_62              (partselect       ) [ 000000000]
icmp10              (icmp             ) [ 000000000]
or_cond             (and              ) [ 000111111]
StgValue_37         (ret              ) [ 000000000]
tmp                 (bitconcatenate   ) [ 000000000]
tmp_6_cast          (zext             ) [ 000000000]
tmp_1_cast          (zext             ) [ 000000000]
tmp_7               (add              ) [ 000000000]
tmp_7_cast          (zext             ) [ 000000000]
tmp_61              (trunc            ) [ 000000000]
p_shl_cast          (bitconcatenate   ) [ 000000000]
tmp_9               (sub              ) [ 000010000]
tmp_9_cast          (zext             ) [ 000000000]
in_addr             (getelementptr    ) [ 000010000]
tmp_s               (add              ) [ 000000000]
tmp_10_cast         (zext             ) [ 000000000]
in_addr_1           (getelementptr    ) [ 000001000]
tmp_2               (add              ) [ 000000000]
tmp_11_cast         (zext             ) [ 000000000]
in_addr_2           (getelementptr    ) [ 000001000]
in_load             (load             ) [ 000001000]
tmp_1               (zext             ) [ 000000000]
linbu_4_1_0_addr    (getelementptr    ) [ 000000000]
StgValue_60         (store            ) [ 000000000]
linbu_4_1_1_addr    (getelementptr    ) [ 000000000]
in_load_1           (load             ) [ 000000000]
StgValue_63         (store            ) [ 000000000]
linbu_4_1_2_addr    (getelementptr    ) [ 000000000]
in_load_2           (load             ) [ 000000000]
StgValue_66         (store            ) [ 000000000]
StgValue_67         (br               ) [ 000000000]
StgValue_68         (br               ) [ 001111111]
oc                  (phi              ) [ 000000100]
exitcond3           (icmp             ) [ 001111111]
empty_817           (speclooptripcount) [ 000000000]
oc_2                (add              ) [ 001111111]
StgValue_73         (br               ) [ 000000000]
tmp_63              (trunc            ) [ 001111111]
StgValue_75         (switch           ) [ 000000000]
StgValue_76         (br               ) [ 000000000]
StgValue_77         (br               ) [ 000000000]
StgValue_78         (br               ) [ 000000000]
StgValue_79         (br               ) [ 000000000]
StgValue_80         (br               ) [ 000000000]
StgValue_81         (br               ) [ 000000000]
StgValue_82         (br               ) [ 000000000]
StgValue_83         (br               ) [ 000000000]
tmp_4               (specregionbegin  ) [ 000000000]
StgValue_85         (specpipeline     ) [ 000000000]
StgValue_86         (write            ) [ 000000000]
StgValue_87         (write            ) [ 000000000]
StgValue_88         (write            ) [ 000000000]
StgValue_89         (write            ) [ 000000000]
StgValue_90         (write            ) [ 000000000]
StgValue_91         (write            ) [ 000000000]
StgValue_92         (write            ) [ 000000000]
StgValue_93         (write            ) [ 000000000]
empty_818           (specregionend    ) [ 000000000]
StgValue_95         (br               ) [ 001111111]
StgValue_96         (br               ) [ 000000000]
c_1                 (add              ) [ 011111111]
StgValue_98         (br               ) [ 011111111]
</LifeTime>

<model>

<comp_list>
<comp id="0" class="1000" name="in_r">
<pin_list>
<pin id="1" dir="1" index="0" bw="1" slack="0"/>
</pin_list>
<bind>
<StgValue><ssdm name="in_r"/><MemPortTyVec>1 1 </MemPortTyVec>
</StgValue>
</bind>
</comp>

<comp id="2" class="1000" name="out_0">
<pin_list>
<pin id="3" dir="1" index="0" bw="1" slack="0"/>
</pin_list>
<bind>
<StgValue><ssdm name="out_0"/></StgValue>
</bind>
</comp>

<comp id="4" class="1000" name="out_1">
<pin_list>
<pin id="5" dir="1" index="0" bw="1" slack="0"/>
</pin_list>
<bind>
<StgValue><ssdm name="out_1"/></StgValue>
</bind>
</comp>

<comp id="6" class="1000" name="out_2">
<pin_list>
<pin id="7" dir="1" index="0" bw="1" slack="0"/>
</pin_list>
<bind>
<StgValue><ssdm name="out_2"/></StgValue>
</bind>
</comp>

<comp id="8" class="1000" name="out_3">
<pin_list>
<pin id="9" dir="1" index="0" bw="1" slack="0"/>
</pin_list>
<bind>
<StgValue><ssdm name="out_3"/></StgValue>
</bind>
</comp>

<comp id="10" class="1000" name="out_4">
<pin_list>
<pin id="11" dir="1" index="0" bw="1" slack="0"/>
</pin_list>
<bind>
<StgValue><ssdm name="out_4"/></StgValue>
</bind>
</comp>

<comp id="12" class="1000" name="out_5">
<pin_list>
<pin id="13" dir="1" index="0" bw="1" slack="0"/>
</pin_list>
<bind>
<StgValue><ssdm name="out_5"/></StgValue>
</bind>
</comp>

<comp id="14" class="1000" name="out_6">
<pin_list>
<pin id="15" dir="1" index="0" bw="1" slack="0"/>
</pin_list>
<bind>
<StgValue><ssdm name="out_6"/></StgValue>
</bind>
</comp>

<comp id="16" class="1000" name="out_7">
<pin_list>
<pin id="17" dir="1" index="0" bw="1" slack="0"/>
</pin_list>
<bind>
<StgValue><ssdm name="out_7"/></StgValue>
</bind>
</comp>

<comp id="18" class="1000" name="linbu_4_1_0">
<pin_list>
<pin id="19" dir="1" index="0" bw="1" slack="0"/>
</pin_list>
<bind>
<StgValue><ssdm name="linbu_4_1_0"/><MemPortTyVec>0 3 </MemPortTyVec>
</StgValue>
</bind>
</comp>

<comp id="20" class="1000" name="linbu_4_1_1">
<pin_list>
<pin id="21" dir="1" index="0" bw="1" slack="0"/>
</pin_list>
<bind>
<StgValue><ssdm name="linbu_4_1_1"/><MemPortTyVec>0 3 </MemPortTyVec>
</StgValue>
</bind>
</comp>

<comp id="22" class="1000" name="linbu_4_1_2">
<pin_list>
<pin id="23" dir="1" index="0" bw="1" slack="0"/>
</pin_list>
<bind>
<StgValue><ssdm name="linbu_4_1_2"/><MemPortTyVec>0 3 </MemPortTyVec>
</StgValue>
</bind>
</comp>

<comp id="24" class="1001" name="const_24">
<pin_list>
<pin id="25" dir="1" index="0" bw="1" slack="2147483647"/>
</pin_list>
<bind>
<StgValue><ssdm name="_ssdm_op_SpecInterface"/></StgValue>
</bind>
</comp>

<comp id="26" class="1001" name="const_26">
<pin_list>
<pin id="27" dir="1" index="0" bw="1" slack="2147483647"/>
</pin_list>
<bind>
<StgValue><ssdm name="ap_fifo_str"/></StgValue>
</bind>
</comp>

<comp id="28" class="1001" name="const_28">
<pin_list>
<pin id="29" dir="1" index="0" bw="1" slack="2147483647"/>
</pin_list>
<bind>
<StgValue><ssdm name=""/></StgValue>
</bind>
</comp>

<comp id="30" class="1001" name="const_30">
<pin_list>
<pin id="31" dir="1" index="0" bw="1" slack="2147483647"/>
</pin_list>
<bind>
<StgValue><ssdm name="p_str"/></StgValue>
</bind>
</comp>

<comp id="32" class="1001" name="const_32">
<pin_list>
<pin id="33" dir="1" index="0" bw="1" slack="2147483647"/>
</pin_list>
<bind>
<StgValue><ssdm name=""/></StgValue>
</bind>
</comp>

<comp id="34" class="1001" name="const_34">
<pin_list>
<pin id="35" dir="1" index="0" bw="1" slack="2147483647"/>
</pin_list>
<bind>
<StgValue><ssdm name=""/></StgValue>
</bind>
</comp>

<comp id="36" class="1001" name="const_36">
<pin_list>
<pin id="37" dir="1" index="0" bw="1" slack="1"/>
</pin_list>
<bind>
<StgValue><ssdm name=""/></StgValue>
</bind>
</comp>

<comp id="38" class="1001" name="const_38">
<pin_list>
<pin id="39" dir="1" index="0" bw="1" slack="0"/>
</pin_list>
<bind>
<StgValue><ssdm name=""/></StgValue>
</bind>
</comp>

<comp id="40" class="1001" name="const_40">
<pin_list>
<pin id="41" dir="1" index="0" bw="1" slack="0"/>
</pin_list>
<bind>
<StgValue><ssdm name=""/></StgValue>
</bind>
</comp>

<comp id="42" class="1001" name="const_42">
<pin_list>
<pin id="43" dir="1" index="0" bw="1" slack="2147483647"/>
</pin_list>
<bind>
<StgValue><ssdm name="_ssdm_op_SpecLoopTripCount"/></StgValue>
</bind>
</comp>

<comp id="44" class="1001" name="const_44">
<pin_list>
<pin id="45" dir="1" index="0" bw="1" slack="2147483647"/>
</pin_list>
<bind>
<StgValue><ssdm name=""/></StgValue>
</bind>
</comp>

<comp id="46" class="1001" name="const_46">
<pin_list>
<pin id="47" dir="1" index="0" bw="1" slack="0"/>
</pin_list>
<bind>
<StgValue><ssdm name=""/></StgValue>
</bind>
</comp>

<comp id="48" class="1001" name="const_48">
<pin_list>
<pin id="49" dir="1" index="0" bw="1" slack="0"/>
</pin_list>
<bind>
<StgValue><ssdm name=""/></StgValue>
</bind>
</comp>

<comp id="50" class="1001" name="const_50">
<pin_list>
<pin id="51" dir="1" index="0" bw="1" slack="0"/>
</pin_list>
<bind>
<StgValue><ssdm name=""/></StgValue>
</bind>
</comp>

<comp id="52" class="1001" name="const_52">
<pin_list>
<pin id="53" dir="1" index="0" bw="1" slack="0"/>
</pin_list>
<bind>
<StgValue><ssdm name="_ssdm_op_PartSelect.i6.i7.i32.i32"/></StgValue>
</bind>
</comp>

<comp id="54" class="1001" name="const_54">
<pin_list>
<pin id="55" dir="1" index="0" bw="1" slack="0"/>
</pin_list>
<bind>
<StgValue><ssdm name=""/></StgValue>
</bind>
</comp>

<comp id="56" class="1001" name="const_56">
<pin_list>
<pin id="57" dir="1" index="0" bw="1" slack="0"/>
</pin_list>
<bind>
<StgValue><ssdm name=""/></StgValue>
</bind>
</comp>

<comp id="58" class="1001" name="const_58">
<pin_list>
<pin id="59" dir="1" index="0" bw="1" slack="0"/>
</pin_list>
<bind>
<StgValue><ssdm name=""/></StgValue>
</bind>
</comp>

<comp id="60" class="1001" name="const_60">
<pin_list>
<pin id="61" dir="1" index="0" bw="1" slack="0"/>
</pin_list>
<bind>
<StgValue><ssdm name="_ssdm_op_BitConcatenate.i13.i7.i6"/></StgValue>
</bind>
</comp>

<comp id="62" class="1001" name="const_62">
<pin_list>
<pin id="63" dir="1" index="0" bw="1" slack="0"/>
</pin_list>
<bind>
<StgValue><ssdm name="_ssdm_op_BitConcatenate.i15.i13.i2"/></StgValue>
</bind>
</comp>

<comp id="64" class="1001" name="const_64">
<pin_list>
<pin id="65" dir="1" index="0" bw="1" slack="0"/>
</pin_list>
<bind>
<StgValue><ssdm name=""/></StgValue>
</bind>
</comp>

<comp id="66" class="1001" name="const_66">
<pin_list>
<pin id="67" dir="1" index="0" bw="1" slack="0"/>
</pin_list>
<bind>
<StgValue><ssdm name=""/></StgValue>
</bind>
</comp>

<comp id="68" class="1001" name="const_68">
<pin_list>
<pin id="69" dir="1" index="0" bw="1" slack="0"/>
</pin_list>
<bind>
<StgValue><ssdm name=""/></StgValue>
</bind>
</comp>

<comp id="70" class="1001" name="const_70">
<pin_list>
<pin id="71" dir="1" index="0" bw="1" slack="0"/>
</pin_list>
<bind>
<StgValue><ssdm name=""/></StgValue>
</bind>
</comp>

<comp id="72" class="1001" name="const_72">
<pin_list>
<pin id="73" dir="1" index="0" bw="1" slack="1"/>
</pin_list>
<bind>
<StgValue><ssdm name=""/></StgValue>
</bind>
</comp>

<comp id="74" class="1001" name="const_74">
<pin_list>
<pin id="75" dir="1" index="0" bw="1" slack="0"/>
</pin_list>
<bind>
<StgValue><ssdm name=""/></StgValue>
</bind>
</comp>

<comp id="76" class="1001" name="const_76">
<pin_list>
<pin id="77" dir="1" index="0" bw="1" slack="2147483647"/>
</pin_list>
<bind>
<StgValue><ssdm name=""/></StgValue>
</bind>
</comp>

<comp id="78" class="1001" name="const_78">
<pin_list>
<pin id="79" dir="1" index="0" bw="1" slack="0"/>
</pin_list>
<bind>
<StgValue><ssdm name=""/></StgValue>
</bind>
</comp>

<comp id="80" class="1001" name="const_80">
<pin_list>
<pin id="81" dir="1" index="0" bw="1" slack="2147483647"/>
</pin_list>
<bind>
<StgValue><ssdm name=""/></StgValue>
</bind>
</comp>

<comp id="82" class="1001" name="const_82">
<pin_list>
<pin id="83" dir="1" index="0" bw="1" slack="2147483647"/>
</pin_list>
<bind>
<StgValue><ssdm name=""/></StgValue>
</bind>
</comp>

<comp id="84" class="1001" name="const_84">
<pin_list>
<pin id="85" dir="1" index="0" bw="1" slack="2147483647"/>
</pin_list>
<bind>
<StgValue><ssdm name=""/></StgValue>
</bind>
</comp>

<comp id="86" class="1001" name="const_86">
<pin_list>
<pin id="87" dir="1" index="0" bw="1" slack="2147483647"/>
</pin_list>
<bind>
<StgValue><ssdm name=""/></StgValue>
</bind>
</comp>

<comp id="88" class="1001" name="const_88">
<pin_list>
<pin id="89" dir="1" index="0" bw="1" slack="2147483647"/>
</pin_list>
<bind>
<StgValue><ssdm name=""/></StgValue>
</bind>
</comp>

<comp id="90" class="1001" name="const_90">
<pin_list>
<pin id="91" dir="1" index="0" bw="1" slack="2147483647"/>
</pin_list>
<bind>
<StgValue><ssdm name=""/></StgValue>
</bind>
</comp>

<comp id="92" class="1001" name="const_92">
<pin_list>
<pin id="93" dir="1" index="0" bw="1" slack="2147483647"/>
</pin_list>
<bind>
<StgValue><ssdm name=""/></StgValue>
</bind>
</comp>

<comp id="94" class="1001" name="const_94">
<pin_list>
<pin id="95" dir="1" index="0" bw="1" slack="2147483647"/>
</pin_list>
<bind>
<StgValue><ssdm name="_ssdm_op_SpecRegionBegin"/></StgValue>
</bind>
</comp>

<comp id="96" class="1001" name="const_96">
<pin_list>
<pin id="97" dir="1" index="0" bw="1" slack="2147483647"/>
</pin_list>
<bind>
<StgValue><ssdm name="p_str3"/></StgValue>
</bind>
</comp>

<comp id="98" class="1001" name="const_98">
<pin_list>
<pin id="99" dir="1" index="0" bw="1" slack="2147483647"/>
</pin_list>
<bind>
<StgValue><ssdm name="_ssdm_op_SpecPipeline"/></StgValue>
</bind>
</comp>

<comp id="100" class="1001" name="const_100">
<pin_list>
<pin id="101" dir="1" index="0" bw="1" slack="2147483647"/>
</pin_list>
<bind>
<StgValue><ssdm name="p_str1"/></StgValue>
</bind>
</comp>

<comp id="102" class="1001" name="const_102">
<pin_list>
<pin id="103" dir="1" index="0" bw="1" slack="0"/>
</pin_list>
<bind>
<StgValue><ssdm name="_ssdm_op_Write.ap_fifo.volatile.floatP"/></StgValue>
</bind>
</comp>

<comp id="104" class="1001" name="const_104">
<pin_list>
<pin id="105" dir="1" index="0" bw="1" slack="0"/>
</pin_list>
<bind>
<StgValue><ssdm name=""/></StgValue>
</bind>
</comp>

<comp id="106" class="1001" name="const_106">
<pin_list>
<pin id="107" dir="1" index="0" bw="1" slack="2147483647"/>
</pin_list>
<bind>
<StgValue><ssdm name="_ssdm_op_SpecRegionEnd"/></StgValue>
</bind>
</comp>

<comp id="108" class="1004" name="StgValue_86_write_fu_108">
<pin_list>
<pin id="109" dir="0" index="0" bw="0" slack="0"/>
<pin id="110" dir="0" index="1" bw="32" slack="0"/>
<pin id="111" dir="0" index="2" bw="32" slack="0"/>
<pin id="112" dir="1" index="3" bw="0" slack="2147483647"/>
</pin_list>
<bind>
<opcode="write(1151) " fcode="write"/>
<opset="StgValue_86/7 "/>
</bind>
</comp>

<comp id="116" class="1004" name="StgValue_87_write_fu_116">
<pin_list>
<pin id="117" dir="0" index="0" bw="0" slack="0"/>
<pin id="118" dir="0" index="1" bw="32" slack="0"/>
<pin id="119" dir="0" index="2" bw="32" slack="0"/>
<pin id="120" dir="1" index="3" bw="0" slack="2147483647"/>
</pin_list>
<bind>
<opcode="write(1151) " fcode="write"/>
<opset="StgValue_87/7 "/>
</bind>
</comp>

<comp id="124" class="1004" name="StgValue_88_write_fu_124">
<pin_list>
<pin id="125" dir="0" index="0" bw="0" slack="0"/>
<pin id="126" dir="0" index="1" bw="32" slack="0"/>
<pin id="127" dir="0" index="2" bw="32" slack="0"/>
<pin id="128" dir="1" index="3" bw="0" slack="2147483647"/>
</pin_list>
<bind>
<opcode="write(1151) " fcode="write"/>
<opset="StgValue_88/7 "/>
</bind>
</comp>

<comp id="132" class="1004" name="StgValue_89_write_fu_132">
<pin_list>
<pin id="133" dir="0" index="0" bw="0" slack="0"/>
<pin id="134" dir="0" index="1" bw="32" slack="0"/>
<pin id="135" dir="0" index="2" bw="32" slack="0"/>
<pin id="136" dir="1" index="3" bw="0" slack="2147483647"/>
</pin_list>
<bind>
<opcode="write(1151) " fcode="write"/>
<opset="StgValue_89/7 "/>
</bind>
</comp>

<comp id="140" class="1004" name="StgValue_90_write_fu_140">
<pin_list>
<pin id="141" dir="0" index="0" bw="0" slack="0"/>
<pin id="142" dir="0" index="1" bw="32" slack="0"/>
<pin id="143" dir="0" index="2" bw="32" slack="0"/>
<pin id="144" dir="1" index="3" bw="0" slack="2147483647"/>
</pin_list>
<bind>
<opcode="write(1151) " fcode="write"/>
<opset="StgValue_90/7 "/>
</bind>
</comp>

<comp id="148" class="1004" name="StgValue_91_write_fu_148">
<pin_list>
<pin id="149" dir="0" index="0" bw="0" slack="0"/>
<pin id="150" dir="0" index="1" bw="32" slack="0"/>
<pin id="151" dir="0" index="2" bw="32" slack="0"/>
<pin id="152" dir="1" index="3" bw="0" slack="2147483647"/>
</pin_list>
<bind>
<opcode="write(1151) " fcode="write"/>
<opset="StgValue_91/7 "/>
</bind>
</comp>

<comp id="156" class="1004" name="StgValue_92_write_fu_156">
<pin_list>
<pin id="157" dir="0" index="0" bw="0" slack="0"/>
<pin id="158" dir="0" index="1" bw="32" slack="0"/>
<pin id="159" dir="0" index="2" bw="32" slack="0"/>
<pin id="160" dir="1" index="3" bw="0" slack="2147483647"/>
</pin_list>
<bind>
<opcode="write(1151) " fcode="write"/>
<opset="StgValue_92/7 "/>
</bind>
</comp>

<comp id="164" class="1004" name="StgValue_93_write_fu_164">
<pin_list>
<pin id="165" dir="0" index="0" bw="0" slack="0"/>
<pin id="166" dir="0" index="1" bw="32" slack="0"/>
<pin id="167" dir="0" index="2" bw="32" slack="0"/>
<pin id="168" dir="1" index="3" bw="0" slack="2147483647"/>
</pin_list>
<bind>
<opcode="write(1151) " fcode="write"/>
<opset="StgValue_93/7 "/>
</bind>
</comp>

<comp id="172" class="1004" name="in_addr_gep_fu_172">
<pin_list>
<pin id="173" dir="0" index="0" bw="32" slack="0"/>
<pin id="174" dir="0" index="1" bw="1" slack="0"/>
<pin id="175" dir="0" index="2" bw="15" slack="0"/>
<pin id="176" dir="1" index="3" bw="14" slack="0"/>
</pin_list>
<bind>
<opcode="getelementptr(29) " fcode="getelementptr"/>
<opset="in_addr/3 "/>
</bind>
</comp>

<comp id="179" class="1004" name="grp_access_fu_179">
<pin_list>
<pin id="180" dir="0" index="0" bw="14" slack="0"/>
<pin id="181" dir="0" index="1" bw="32" slack="2147483647"/>
<pin id="182" dir="0" index="2" bw="0" slack="0"/>
<pin id="200" dir="0" index="4" bw="14" slack="2147483647"/>
<pin id="201" dir="0" index="5" bw="32" slack="2147483647"/>
<pin id="202" dir="0" index="6" bw="0" slack="2147483647"/>
<pin id="183" dir="1" index="3" bw="32" slack="0"/>
<pin id="203" dir="1" index="7" bw="32" slack="0"/>
</pin_list>
<bind>
<opcode="load(27) " fcode="load"/>
<opset="in_load/3 in_load_1/4 in_load_2/4 "/>
</bind>
</comp>

<comp id="185" class="1004" name="in_addr_1_gep_fu_185">
<pin_list>
<pin id="186" dir="0" index="0" bw="32" slack="0"/>
<pin id="187" dir="0" index="1" bw="1" slack="0"/>
<pin id="188" dir="0" index="2" bw="15" slack="0"/>
<pin id="189" dir="1" index="3" bw="14" slack="0"/>
</pin_list>
<bind>
<opcode="getelementptr(29) " fcode="getelementptr"/>
<opset="in_addr_1/4 "/>
</bind>
</comp>

<comp id="192" class="1004" name="in_addr_2_gep_fu_192">
<pin_list>
<pin id="193" dir="0" index="0" bw="32" slack="0"/>
<pin id="194" dir="0" index="1" bw="1" slack="0"/>
<pin id="195" dir="0" index="2" bw="15" slack="0"/>
<pin id="196" dir="1" index="3" bw="14" slack="0"/>
</pin_list>
<bind>
<opcode="getelementptr(29) " fcode="getelementptr"/>
<opset="in_addr_2/4 "/>
</bind>
</comp>

<comp id="205" class="1004" name="linbu_4_1_0_addr_gep_fu_205">
<pin_list>
<pin id="206" dir="0" index="0" bw="32" slack="0"/>
<pin id="207" dir="0" index="1" bw="1" slack="0"/>
<pin id="208" dir="0" index="2" bw="7" slack="0"/>
<pin id="209" dir="1" index="3" bw="6" slack="0"/>
</pin_list>
<bind>
<opcode="getelementptr(29) " fcode="getelementptr"/>
<opset="linbu_4_1_0_addr/5 "/>
</bind>
</comp>

<comp id="212" class="1004" name="StgValue_60_access_fu_212">
<pin_list>
<pin id="213" dir="0" index="0" bw="6" slack="0"/>
<pin id="214" dir="0" index="1" bw="32" slack="1"/>
<pin id="215" dir="0" index="2" bw="0" slack="2147483647"/>
<pin id="216" dir="1" index="3" bw="32" slack="2147483647"/>
</pin_list>
<bind>
<opcode="store(28) " fcode="store"/>
<opset="StgValue_60/5 "/>
</bind>
</comp>

<comp id="218" class="1004" name="linbu_4_1_1_addr_gep_fu_218">
<pin_list>
<pin id="219" dir="0" index="0" bw="32" slack="0"/>
<pin id="220" dir="0" index="1" bw="1" slack="0"/>
<pin id="221" dir="0" index="2" bw="7" slack="0"/>
<pin id="222" dir="1" index="3" bw="6" slack="0"/>
</pin_list>
<bind>
<opcode="getelementptr(29) " fcode="getelementptr"/>
<opset="linbu_4_1_1_addr/5 "/>
</bind>
</comp>

<comp id="225" class="1004" name="StgValue_63_access_fu_225">
<pin_list>
<pin id="226" dir="0" index="0" bw="6" slack="0"/>
<pin id="227" dir="0" index="1" bw="32" slack="0"/>
<pin id="228" dir="0" index="2" bw="0" slack="2147483647"/>
<pin id="229" dir="1" index="3" bw="32" slack="2147483647"/>
</pin_list>
<bind>
<opcode="store(28) " fcode="store"/>
<opset="StgValue_63/5 "/>
</bind>
</comp>

<comp id="232" class="1004" name="linbu_4_1_2_addr_gep_fu_232">
<pin_list>
<pin id="233" dir="0" index="0" bw="32" slack="0"/>
<pin id="234" dir="0" index="1" bw="1" slack="0"/>
<pin id="235" dir="0" index="2" bw="7" slack="0"/>
<pin id="236" dir="1" index="3" bw="6" slack="0"/>
</pin_list>
<bind>
<opcode="getelementptr(29) " fcode="getelementptr"/>
<opset="linbu_4_1_2_addr/5 "/>
</bind>
</comp>

<comp id="239" class="1004" name="StgValue_66_access_fu_239">
<pin_list>
<pin id="240" dir="0" index="0" bw="6" slack="0"/>
<pin id="241" dir="0" index="1" bw="32" slack="0"/>
<pin id="242" dir="0" index="2" bw="0" slack="2147483647"/>
<pin id="243" dir="1" index="3" bw="32" slack="2147483647"/>
</pin_list>
<bind>
<opcode="store(28) " fcode="store"/>
<opset="StgValue_66/5 "/>
</bind>
</comp>

<comp id="246" class="1005" name="indvar_flatten_reg_246">
<pin_list>
<pin id="247" dir="0" index="0" bw="13" slack="1"/>
<pin id="248" dir="1" index="1" bw="13" slack="1"/>
</pin_list>
<bind>
<opset="indvar_flatten (phireg) "/>
</bind>
</comp>

<comp id="250" class="1004" name="indvar_flatten_phi_fu_250">
<pin_list>
<pin id="251" dir="0" index="0" bw="1" slack="1"/>
<pin id="252" dir="0" index="1" bw="0" slack="2147483647"/>
<pin id="253" dir="0" index="2" bw="13" slack="0"/>
<pin id="254" dir="0" index="3" bw="0" slack="2147483647"/>
<pin id="255" dir="1" index="4" bw="13" slack="0"/>
</pin_list>
<bind>
<opcode="phi(47) " fcode="phi"/>
<opset="indvar_flatten/2 "/>
</bind>
</comp>

<comp id="257" class="1005" name="r_reg_257">
<pin_list>
<pin id="258" dir="0" index="0" bw="7" slack="1"/>
<pin id="259" dir="1" index="1" bw="7" slack="1"/>
</pin_list>
<bind>
<opset="r (phireg) "/>
</bind>
</comp>

<comp id="261" class="1004" name="r_phi_fu_261">
<pin_list>
<pin id="262" dir="0" index="0" bw="1" slack="1"/>
<pin id="263" dir="0" index="1" bw="0" slack="2147483647"/>
<pin id="264" dir="0" index="2" bw="7" slack="0"/>
<pin id="265" dir="0" index="3" bw="0" slack="2147483647"/>
<pin id="266" dir="1" index="4" bw="7" slack="0"/>
</pin_list>
<bind>
<opcode="phi(47) " fcode="phi"/>
<opset="r/2 "/>
</bind>
</comp>

<comp id="268" class="1005" name="c_reg_268">
<pin_list>
<pin id="269" dir="0" index="0" bw="7" slack="1"/>
<pin id="270" dir="1" index="1" bw="7" slack="1"/>
</pin_list>
<bind>
<opset="c (phireg) "/>
</bind>
</comp>

<comp id="272" class="1004" name="c_phi_fu_272">
<pin_list>
<pin id="273" dir="0" index="0" bw="1" slack="1"/>
<pin id="274" dir="0" index="1" bw="0" slack="2147483647"/>
<pin id="275" dir="0" index="2" bw="7" slack="1"/>
<pin id="276" dir="0" index="3" bw="0" slack="2147483647"/>
<pin id="277" dir="1" index="4" bw="7" slack="0"/>
</pin_list>
<bind>
<opcode="phi(47) " fcode="phi"/>
<opset="c/2 "/>
</bind>
</comp>

<comp id="279" class="1005" name="oc_reg_279">
<pin_list>
<pin id="280" dir="0" index="0" bw="4" slack="1"/>
<pin id="281" dir="1" index="1" bw="4" slack="1"/>
</pin_list>
<bind>
<opset="oc (phireg) "/>
</bind>
</comp>

<comp id="283" class="1004" name="oc_phi_fu_283">
<pin_list>
<pin id="284" dir="0" index="0" bw="4" slack="0"/>
<pin id="285" dir="0" index="1" bw="0" slack="2147483647"/>
<pin id="286" dir="0" index="2" bw="1" slack="1"/>
<pin id="287" dir="0" index="3" bw="0" slack="2147483647"/>
<pin id="288" dir="1" index="4" bw="4" slack="0"/>
</pin_list>
<bind>
<opcode="phi(47) " fcode="phi"/>
<opset="oc/6 "/>
</bind>
</comp>

<comp id="290" class="1004" name="exitcond_flatten_fu_290">
<pin_list>
<pin id="291" dir="0" index="0" bw="13" slack="0"/>
<pin id="292" dir="0" index="1" bw="13" slack="0"/>
<pin id="293" dir="1" index="2" bw="1" slack="2147483647"/>
</pin_list>
<bind>
<opcode="icmp(45) " fcode="icmp"/>
<opset="exitcond_flatten/2 "/>
</bind>
</comp>

<comp id="296" class="1004" name="indvar_flatten_next_fu_296">
<pin_list>
<pin id="297" dir="0" index="0" bw="13" slack="0"/>
<pin id="298" dir="0" index="1" bw="1" slack="0"/>
<pin id="299" dir="1" index="2" bw="13" slack="0"/>
</pin_list>
<bind>
<opcode="add(8) " fcode="add"/>
<opset="indvar_flatten_next/2 "/>
</bind>
</comp>

<comp id="302" class="1004" name="r_1_fu_302">
<pin_list>
<pin id="303" dir="0" index="0" bw="1" slack="0"/>
<pin id="304" dir="0" index="1" bw="7" slack="0"/>
<pin id="305" dir="1" index="2" bw="7" slack="0"/>
</pin_list>
<bind>
<opcode="add(8) " fcode="add"/>
<opset="r_1/2 "/>
</bind>
</comp>

<comp id="308" class="1004" name="exitcond_fu_308">
<pin_list>
<pin id="309" dir="0" index="0" bw="7" slack="0"/>
<pin id="310" dir="0" index="1" bw="7" slack="0"/>
<pin id="311" dir="1" index="2" bw="1" slack="0"/>
</pin_list>
<bind>
<opcode="icmp(45) " fcode="icmp"/>
<opset="exitcond/2 "/>
</bind>
</comp>

<comp id="314" class="1004" name="c_mid2_fu_314">
<pin_list>
<pin id="315" dir="0" index="0" bw="1" slack="0"/>
<pin id="316" dir="0" index="1" bw="7" slack="0"/>
<pin id="317" dir="0" index="2" bw="7" slack="0"/>
<pin id="318" dir="1" index="3" bw="7" slack="0"/>
</pin_list>
<bind>
<opcode="select(49) " fcode="select"/>
<opset="c_mid2/2 "/>
</bind>
</comp>

<comp id="322" class="1004" name="tmp_mid2_v_fu_322">
<pin_list>
<pin id="323" dir="0" index="0" bw="1" slack="0"/>
<pin id="324" dir="0" index="1" bw="7" slack="0"/>
<pin id="325" dir="0" index="2" bw="7" slack="0"/>
<pin id="326" dir="1" index="3" bw="7" slack="0"/>
</pin_list>
<bind>
<opcode="select(49) " fcode="select"/>
<opset="tmp_mid2_v/2 "/>
</bind>
</comp>

<comp id="330" class="1004" name="tmp_59_fu_330">
<pin_list>
<pin id="331" dir="0" index="0" bw="6" slack="0"/>
<pin id="332" dir="0" index="1" bw="7" slack="0"/>
<pin id="333" dir="0" index="2" bw="1" slack="0"/>
<pin id="334" dir="0" index="3" bw="4" slack="0"/>
<pin id="335" dir="1" index="4" bw="6" slack="0"/>
</pin_list>
<bind>
<opcode="partselect(1002) " fcode="partselect"/>
<opset="tmp_59/2 "/>
</bind>
</comp>

<comp id="340" class="1004" name="icmp_fu_340">
<pin_list>
<pin id="341" dir="0" index="0" bw="6" slack="0"/>
<pin id="342" dir="0" index="1" bw="6" slack="0"/>
<pin id="343" dir="1" index="2" bw="1" slack="0"/>
</pin_list>
<bind>
<opcode="icmp(45) " fcode="icmp"/>
<opset="icmp/2 "/>
</bind>
</comp>

<comp id="346" class="1004" name="tmp_60_fu_346">
<pin_list>
<pin id="347" dir="0" index="0" bw="6" slack="0"/>
<pin id="348" dir="0" index="1" bw="7" slack="0"/>
<pin id="349" dir="0" index="2" bw="1" slack="0"/>
<pin id="350" dir="0" index="3" bw="4" slack="0"/>
<pin id="351" dir="1" index="4" bw="6" slack="0"/>
</pin_list>
<bind>
<opcode="partselect(1002) " fcode="partselect"/>
<opset="tmp_60/2 "/>
</bind>
</comp>

<comp id="356" class="1004" name="icmp9_fu_356">
<pin_list>
<pin id="357" dir="0" index="0" bw="6" slack="0"/>
<pin id="358" dir="0" index="1" bw="6" slack="0"/>
<pin id="359" dir="1" index="2" bw="1" slack="0"/>
</pin_list>
<bind>
<opcode="icmp(45) " fcode="icmp"/>
<opset="icmp9/2 "/>
</bind>
</comp>

<comp id="362" class="1004" name="tmp_mid2_fu_362">
<pin_list>
<pin id="363" dir="0" index="0" bw="1" slack="0"/>
<pin id="364" dir="0" index="1" bw="1" slack="0"/>
<pin id="365" dir="0" index="2" bw="1" slack="0"/>
<pin id="366" dir="1" index="3" bw="1" slack="0"/>
</pin_list>
<bind>
<opcode="select(49) " fcode="select"/>
<opset="tmp_mid2/2 "/>
</bind>
</comp>

<comp id="370" class="1004" name="tmp_62_fu_370">
<pin_list>
<pin id="371" dir="0" index="0" bw="6" slack="0"/>
<pin id="372" dir="0" index="1" bw="7" slack="0"/>
<pin id="373" dir="0" index="2" bw="1" slack="0"/>
<pin id="374" dir="0" index="3" bw="4" slack="0"/>
<pin id="375" dir="1" index="4" bw="6" slack="0"/>
</pin_list>
<bind>
<opcode="partselect(1002) " fcode="partselect"/>
<opset="tmp_62/2 "/>
</bind>
</comp>

<comp id="380" class="1004" name="icmp10_fu_380">
<pin_list>
<pin id="381" dir="0" index="0" bw="6" slack="0"/>
<pin id="382" dir="0" index="1" bw="6" slack="0"/>
<pin id="383" dir="1" index="2" bw="1" slack="0"/>
</pin_list>
<bind>
<opcode="icmp(45) " fcode="icmp"/>
<opset="icmp10/2 "/>
</bind>
</comp>

<comp id="386" class="1004" name="or_cond_fu_386">
<pin_list>
<pin id="387" dir="0" index="0" bw="1" slack="0"/>
<pin id="388" dir="0" index="1" bw="1" slack="0"/>
<pin id="389" dir="1" index="2" bw="1" slack="3"/>
</pin_list>
<bind>
<opcode="and(23) " fcode="and"/>
<opset="or_cond/2 "/>
</bind>
</comp>

<comp id="392" class="1004" name="tmp_fu_392">
<pin_list>
<pin id="393" dir="0" index="0" bw="13" slack="0"/>
<pin id="394" dir="0" index="1" bw="7" slack="1"/>
<pin id="395" dir="0" index="2" bw="1" slack="0"/>
<pin id="396" dir="1" index="3" bw="13" slack="0"/>
</pin_list>
<bind>
<opcode="bitconcatenate(1004) " fcode="bitconcatenate"/>
<opset="tmp/3 "/>
</bind>
</comp>

<comp id="399" class="1004" name="tmp_6_cast_fu_399">
<pin_list>
<pin id="400" dir="0" index="0" bw="13" slack="0"/>
<pin id="401" dir="1" index="1" bw="14" slack="0"/>
</pin_list>
<bind>
<opcode="zext(34) " fcode="zext"/>
<opset="tmp_6_cast/3 "/>
</bind>
</comp>

<comp id="403" class="1004" name="tmp_1_cast_fu_403">
<pin_list>
<pin id="404" dir="0" index="0" bw="7" slack="1"/>
<pin id="405" dir="1" index="1" bw="14" slack="0"/>
</pin_list>
<bind>
<opcode="zext(34) " fcode="zext"/>
<opset="tmp_1_cast/3 "/>
</bind>
</comp>

<comp id="406" class="1004" name="tmp_7_fu_406">
<pin_list>
<pin id="407" dir="0" index="0" bw="13" slack="0"/>
<pin id="408" dir="0" index="1" bw="7" slack="0"/>
<pin id="409" dir="1" index="2" bw="14" slack="0"/>
</pin_list>
<bind>
<opcode="add(8) " fcode="add"/>
<opset="tmp_7/3 "/>
</bind>
</comp>

<comp id="412" class="1004" name="tmp_7_cast_fu_412">
<pin_list>
<pin id="413" dir="0" index="0" bw="14" slack="0"/>
<pin id="414" dir="1" index="1" bw="15" slack="0"/>
</pin_list>
<bind>
<opcode="zext(34) " fcode="zext"/>
<opset="tmp_7_cast/3 "/>
</bind>
</comp>

<comp id="416" class="1004" name="tmp_61_fu_416">
<pin_list>
<pin id="417" dir="0" index="0" bw="14" slack="0"/>
<pin id="418" dir="1" index="1" bw="13" slack="0"/>
</pin_list>
<bind>
<opcode="trunc(33) " fcode="trunc"/>
<opset="tmp_61/3 "/>
</bind>
</comp>

<comp id="420" class="1004" name="p_shl_cast_fu_420">
<pin_list>
<pin id="421" dir="0" index="0" bw="15" slack="0"/>
<pin id="422" dir="0" index="1" bw="13" slack="0"/>
<pin id="423" dir="0" index="2" bw="1" slack="0"/>
<pin id="424" dir="1" index="3" bw="15" slack="0"/>
</pin_list>
<bind>
<opcode="bitconcatenate(1004) " fcode="bitconcatenate"/>
<opset="p_shl_cast/3 "/>
</bind>
</comp>

<comp id="428" class="1004" name="tmp_9_fu_428">
<pin_list>
<pin id="429" dir="0" index="0" bw="15" slack="0"/>
<pin id="430" dir="0" index="1" bw="14" slack="0"/>
<pin id="431" dir="1" index="2" bw="15" slack="0"/>
</pin_list>
<bind>
<opcode="sub(10) " fcode="sub"/>
<opset="tmp_9/3 "/>
</bind>
</comp>

<comp id="434" class="1004" name="tmp_9_cast_fu_434">
<pin_list>
<pin id="435" dir="0" index="0" bw="15" slack="0"/>
<pin id="436" dir="1" index="1" bw="64" slack="0"/>
</pin_list>
<bind>
<opcode="zext(34) " fcode="zext"/>
<opset="tmp_9_cast/3 "/>
</bind>
</comp>

<comp id="439" class="1004" name="tmp_s_fu_439">
<pin_list>
<pin id="440" dir="0" index="0" bw="1" slack="0"/>
<pin id="441" dir="0" index="1" bw="15" slack="1"/>
<pin id="442" dir="1" index="2" bw="15" slack="0"/>
</pin_list>
<bind>
<opcode="add(8) " fcode="add"/>
<opset="tmp_s/4 "/>
</bind>
</comp>

<comp id="444" class="1004" name="tmp_10_cast_fu_444">
<pin_list>
<pin id="445" dir="0" index="0" bw="15" slack="0"/>
<pin id="446" dir="1" index="1" bw="64" slack="0"/>
</pin_list>
<bind>
<opcode="zext(34) " fcode="zext"/>
<opset="tmp_10_cast/4 "/>
</bind>
</comp>

<comp id="449" class="1004" name="tmp_2_fu_449">
<pin_list>
<pin id="450" dir="0" index="0" bw="3" slack="0"/>
<pin id="451" dir="0" index="1" bw="15" slack="1"/>
<pin id="452" dir="1" index="2" bw="15" slack="0"/>
</pin_list>
<bind>
<opcode="add(8) " fcode="add"/>
<opset="tmp_2/4 "/>
</bind>
</comp>

<comp id="454" class="1004" name="tmp_11_cast_fu_454">
<pin_list>
<pin id="455" dir="0" index="0" bw="15" slack="0"/>
<pin id="456" dir="1" index="1" bw="64" slack="0"/>
</pin_list>
<bind>
<opcode="zext(34) " fcode="zext"/>
<opset="tmp_11_cast/4 "/>
</bind>
</comp>

<comp id="459" class="1004" name="tmp_1_fu_459">
<pin_list>
<pin id="460" dir="0" index="0" bw="7" slack="3"/>
<pin id="461" dir="1" index="1" bw="64" slack="0"/>
</pin_list>
<bind>
<opcode="zext(34) " fcode="zext"/>
<opset="tmp_1/5 "/>
</bind>
</comp>

<comp id="465" class="1004" name="exitcond3_fu_465">
<pin_list>
<pin id="466" dir="0" index="0" bw="4" slack="0"/>
<pin id="467" dir="0" index="1" bw="4" slack="0"/>
<pin id="468" dir="1" index="2" bw="1" slack="1"/>
</pin_list>
<bind>
<opcode="icmp(45) " fcode="icmp"/>
<opset="exitcond3/6 "/>
</bind>
</comp>

<comp id="471" class="1004" name="oc_2_fu_471">
<pin_list>
<pin id="472" dir="0" index="0" bw="4" slack="0"/>
<pin id="473" dir="0" index="1" bw="1" slack="0"/>
<pin id="474" dir="1" index="2" bw="4" slack="0"/>
</pin_list>
<bind>
<opcode="add(8) " fcode="add"/>
<opset="oc_2/6 "/>
</bind>
</comp>

<comp id="477" class="1004" name="tmp_63_fu_477">
<pin_list>
<pin id="478" dir="0" index="0" bw="4" slack="0"/>
<pin id="479" dir="1" index="1" bw="3" slack="1"/>
</pin_list>
<bind>
<opcode="trunc(33) " fcode="trunc"/>
<opset="tmp_63/6 "/>
</bind>
</comp>

<comp id="481" class="1004" name="c_1_fu_481">
<pin_list>
<pin id="482" dir="0" index="0" bw="7" slack="5"/>
<pin id="483" dir="0" index="1" bw="1" slack="0"/>
<pin id="484" dir="1" index="2" bw="7" slack="1"/>
</pin_list>
<bind>
<opcode="add(8) " fcode="add"/>
<opset="c_1/8 "/>
</bind>
</comp>

<comp id="489" class="1005" name="indvar_flatten_next_reg_489">
<pin_list>
<pin id="490" dir="0" index="0" bw="13" slack="0"/>
<pin id="491" dir="1" index="1" bw="13" slack="0"/>
</pin_list>
<bind>
<opset="indvar_flatten_next "/>
</bind>
</comp>

<comp id="494" class="1005" name="c_mid2_reg_494">
<pin_list>
<pin id="495" dir="0" index="0" bw="7" slack="1"/>
<pin id="496" dir="1" index="1" bw="7" slack="1"/>
</pin_list>
<bind>
<opset="c_mid2 "/>
</bind>
</comp>

<comp id="501" class="1005" name="tmp_mid2_v_reg_501">
<pin_list>
<pin id="502" dir="0" index="0" bw="7" slack="0"/>
<pin id="503" dir="1" index="1" bw="7" slack="0"/>
</pin_list>
<bind>
<opset="tmp_mid2_v "/>
</bind>
</comp>

<comp id="507" class="1005" name="or_cond_reg_507">
<pin_list>
<pin id="508" dir="0" index="0" bw="1" slack="3"/>
<pin id="509" dir="1" index="1" bw="1" slack="2147483647"/>
</pin_list>
<bind>
<opset="or_cond "/>
</bind>
</comp>

<comp id="511" class="1005" name="tmp_9_reg_511">
<pin_list>
<pin id="512" dir="0" index="0" bw="15" slack="1"/>
<pin id="513" dir="1" index="1" bw="15" slack="1"/>
</pin_list>
<bind>
<opset="tmp_9 "/>
</bind>
</comp>

<comp id="517" class="1005" name="in_addr_reg_517">
<pin_list>
<pin id="518" dir="0" index="0" bw="14" slack="1"/>
<pin id="519" dir="1" index="1" bw="14" slack="1"/>
</pin_list>
<bind>
<opset="in_addr "/>
</bind>
</comp>

<comp id="522" class="1005" name="in_addr_1_reg_522">
<pin_list>
<pin id="523" dir="0" index="0" bw="14" slack="1"/>
<pin id="524" dir="1" index="1" bw="14" slack="1"/>
</pin_list>
<bind>
<opset="in_addr_1 "/>
</bind>
</comp>

<comp id="527" class="1005" name="in_addr_2_reg_527">
<pin_list>
<pin id="528" dir="0" index="0" bw="14" slack="1"/>
<pin id="529" dir="1" index="1" bw="14" slack="1"/>
</pin_list>
<bind>
<opset="in_addr_2 "/>
</bind>
</comp>

<comp id="532" class="1005" name="in_load_reg_532">
<pin_list>
<pin id="533" dir="0" index="0" bw="32" slack="1"/>
<pin id="534" dir="1" index="1" bw="32" slack="1"/>
</pin_list>
<bind>
<opset="in_load "/>
</bind>
</comp>

<comp id="537" class="1005" name="exitcond3_reg_537">
<pin_list>
<pin id="538" dir="0" index="0" bw="1" slack="1"/>
<pin id="539" dir="1" index="1" bw="1" slack="2147483647"/>
</pin_list>
<bind>
<opset="exitcond3 "/>
</bind>
</comp>

<comp id="541" class="1005" name="oc_2_reg_541">
<pin_list>
<pin id="542" dir="0" index="0" bw="4" slack="0"/>
<pin id="543" dir="1" index="1" bw="4" slack="0"/>
</pin_list>
<bind>
<opset="oc_2 "/>
</bind>
</comp>

<comp id="546" class="1005" name="tmp_63_reg_546">
<pin_list>
<pin id="547" dir="0" index="0" bw="3" slack="1"/>
<pin id="548" dir="1" index="1" bw="3" slack="2147483647"/>
</pin_list>
<bind>
<opset="tmp_63 "/>
</bind>
</comp>

<comp id="550" class="1005" name="c_1_reg_550">
<pin_list>
<pin id="551" dir="0" index="0" bw="7" slack="1"/>
<pin id="552" dir="1" index="1" bw="7" slack="1"/>
</pin_list>
<bind>
<opset="c_1 "/>
</bind>
</comp>

</comp_list>

<net_list>
<net id="113"><net_src comp="102" pin="0"/><net_sink comp="108" pin=0"/></net>

<net id="114"><net_src comp="14" pin="0"/><net_sink comp="108" pin=1"/></net>

<net id="115"><net_src comp="104" pin="0"/><net_sink comp="108" pin=2"/></net>

<net id="121"><net_src comp="102" pin="0"/><net_sink comp="116" pin=0"/></net>

<net id="122"><net_src comp="12" pin="0"/><net_sink comp="116" pin=1"/></net>

<net id="123"><net_src comp="104" pin="0"/><net_sink comp="116" pin=2"/></net>

<net id="129"><net_src comp="102" pin="0"/><net_sink comp="124" pin=0"/></net>

<net id="130"><net_src comp="10" pin="0"/><net_sink comp="124" pin=1"/></net>

<net id="131"><net_src comp="104" pin="0"/><net_sink comp="124" pin=2"/></net>

<net id="137"><net_src comp="102" pin="0"/><net_sink comp="132" pin=0"/></net>

<net id="138"><net_src comp="8" pin="0"/><net_sink comp="132" pin=1"/></net>

<net id="139"><net_src comp="104" pin="0"/><net_sink comp="132" pin=2"/></net>

<net id="145"><net_src comp="102" pin="0"/><net_sink comp="140" pin=0"/></net>

<net id="146"><net_src comp="6" pin="0"/><net_sink comp="140" pin=1"/></net>

<net id="147"><net_src comp="104" pin="0"/><net_sink comp="140" pin=2"/></net>

<net id="153"><net_src comp="102" pin="0"/><net_sink comp="148" pin=0"/></net>

<net id="154"><net_src comp="4" pin="0"/><net_sink comp="148" pin=1"/></net>

<net id="155"><net_src comp="104" pin="0"/><net_sink comp="148" pin=2"/></net>

<net id="161"><net_src comp="102" pin="0"/><net_sink comp="156" pin=0"/></net>

<net id="162"><net_src comp="2" pin="0"/><net_sink comp="156" pin=1"/></net>

<net id="163"><net_src comp="104" pin="0"/><net_sink comp="156" pin=2"/></net>

<net id="169"><net_src comp="102" pin="0"/><net_sink comp="164" pin=0"/></net>

<net id="170"><net_src comp="16" pin="0"/><net_sink comp="164" pin=1"/></net>

<net id="171"><net_src comp="104" pin="0"/><net_sink comp="164" pin=2"/></net>

<net id="177"><net_src comp="0" pin="0"/><net_sink comp="172" pin=0"/></net>

<net id="178"><net_src comp="66" pin="0"/><net_sink comp="172" pin=1"/></net>

<net id="184"><net_src comp="172" pin="3"/><net_sink comp="179" pin=0"/></net>

<net id="190"><net_src comp="0" pin="0"/><net_sink comp="185" pin=0"/></net>

<net id="191"><net_src comp="66" pin="0"/><net_sink comp="185" pin=1"/></net>

<net id="197"><net_src comp="0" pin="0"/><net_sink comp="192" pin=0"/></net>

<net id="198"><net_src comp="66" pin="0"/><net_sink comp="192" pin=1"/></net>

<net id="199"><net_src comp="185" pin="3"/><net_sink comp="179" pin=0"/></net>

<net id="204"><net_src comp="192" pin="3"/><net_sink comp="179" pin=2"/></net>

<net id="210"><net_src comp="18" pin="0"/><net_sink comp="205" pin=0"/></net>

<net id="211"><net_src comp="66" pin="0"/><net_sink comp="205" pin=1"/></net>

<net id="217"><net_src comp="205" pin="3"/><net_sink comp="212" pin=0"/></net>

<net id="223"><net_src comp="20" pin="0"/><net_sink comp="218" pin=0"/></net>

<net id="224"><net_src comp="66" pin="0"/><net_sink comp="218" pin=1"/></net>

<net id="230"><net_src comp="179" pin="3"/><net_sink comp="225" pin=1"/></net>

<net id="231"><net_src comp="218" pin="3"/><net_sink comp="225" pin=0"/></net>

<net id="237"><net_src comp="22" pin="0"/><net_sink comp="232" pin=0"/></net>

<net id="238"><net_src comp="66" pin="0"/><net_sink comp="232" pin=1"/></net>

<net id="244"><net_src comp="179" pin="7"/><net_sink comp="239" pin=1"/></net>

<net id="245"><net_src comp="232" pin="3"/><net_sink comp="239" pin=0"/></net>

<net id="249"><net_src comp="36" pin="0"/><net_sink comp="246" pin=0"/></net>

<net id="256"><net_src comp="246" pin="1"/><net_sink comp="250" pin=0"/></net>

<net id="260"><net_src comp="38" pin="0"/><net_sink comp="257" pin=0"/></net>

<net id="267"><net_src comp="257" pin="1"/><net_sink comp="261" pin=0"/></net>

<net id="271"><net_src comp="38" pin="0"/><net_sink comp="268" pin=0"/></net>

<net id="278"><net_src comp="268" pin="1"/><net_sink comp="272" pin=0"/></net>

<net id="282"><net_src comp="72" pin="0"/><net_sink comp="279" pin=0"/></net>

<net id="289"><net_src comp="279" pin="1"/><net_sink comp="283" pin=2"/></net>

<net id="294"><net_src comp="250" pin="4"/><net_sink comp="290" pin=0"/></net>

<net id="295"><net_src comp="40" pin="0"/><net_sink comp="290" pin=1"/></net>

<net id="300"><net_src comp="250" pin="4"/><net_sink comp="296" pin=0"/></net>

<net id="301"><net_src comp="46" pin="0"/><net_sink comp="296" pin=1"/></net>

<net id="306"><net_src comp="48" pin="0"/><net_sink comp="302" pin=0"/></net>

<net id="307"><net_src comp="261" pin="4"/><net_sink comp="302" pin=1"/></net>

<net id="312"><net_src comp="272" pin="4"/><net_sink comp="308" pin=0"/></net>

<net id="313"><net_src comp="50" pin="0"/><net_sink comp="308" pin=1"/></net>

<net id="319"><net_src comp="308" pin="2"/><net_sink comp="314" pin=0"/></net>

<net id="320"><net_src comp="38" pin="0"/><net_sink comp="314" pin=1"/></net>

<net id="321"><net_src comp="272" pin="4"/><net_sink comp="314" pin=2"/></net>

<net id="327"><net_src comp="308" pin="2"/><net_sink comp="322" pin=0"/></net>

<net id="328"><net_src comp="302" pin="2"/><net_sink comp="322" pin=1"/></net>

<net id="329"><net_src comp="261" pin="4"/><net_sink comp="322" pin=2"/></net>

<net id="336"><net_src comp="52" pin="0"/><net_sink comp="330" pin=0"/></net>

<net id="337"><net_src comp="302" pin="2"/><net_sink comp="330" pin=1"/></net>

<net id="338"><net_src comp="54" pin="0"/><net_sink comp="330" pin=2"/></net>

<net id="339"><net_src comp="56" pin="0"/><net_sink comp="330" pin=3"/></net>

<net id="344"><net_src comp="330" pin="4"/><net_sink comp="340" pin=0"/></net>

<net id="345"><net_src comp="58" pin="0"/><net_sink comp="340" pin=1"/></net>

<net id="352"><net_src comp="52" pin="0"/><net_sink comp="346" pin=0"/></net>

<net id="353"><net_src comp="261" pin="4"/><net_sink comp="346" pin=1"/></net>

<net id="354"><net_src comp="54" pin="0"/><net_sink comp="346" pin=2"/></net>

<net id="355"><net_src comp="56" pin="0"/><net_sink comp="346" pin=3"/></net>

<net id="360"><net_src comp="346" pin="4"/><net_sink comp="356" pin=0"/></net>

<net id="361"><net_src comp="58" pin="0"/><net_sink comp="356" pin=1"/></net>

<net id="367"><net_src comp="308" pin="2"/><net_sink comp="362" pin=0"/></net>

<net id="368"><net_src comp="340" pin="2"/><net_sink comp="362" pin=1"/></net>

<net id="369"><net_src comp="356" pin="2"/><net_sink comp="362" pin=2"/></net>

<net id="376"><net_src comp="52" pin="0"/><net_sink comp="370" pin=0"/></net>

<net id="377"><net_src comp="314" pin="3"/><net_sink comp="370" pin=1"/></net>

<net id="378"><net_src comp="54" pin="0"/><net_sink comp="370" pin=2"/></net>

<net id="379"><net_src comp="56" pin="0"/><net_sink comp="370" pin=3"/></net>

<net id="384"><net_src comp="370" pin="4"/><net_sink comp="380" pin=0"/></net>

<net id="385"><net_src comp="58" pin="0"/><net_sink comp="380" pin=1"/></net>

<net id="390"><net_src comp="362" pin="3"/><net_sink comp="386" pin=0"/></net>

<net id="391"><net_src comp="380" pin="2"/><net_sink comp="386" pin=1"/></net>

<net id="397"><net_src comp="60" pin="0"/><net_sink comp="392" pin=0"/></net>

<net id="398"><net_src comp="58" pin="0"/><net_sink comp="392" pin=2"/></net>

<net id="402"><net_src comp="392" pin="3"/><net_sink comp="399" pin=0"/></net>

<net id="410"><net_src comp="399" pin="1"/><net_sink comp="406" pin=0"/></net>

<net id="411"><net_src comp="403" pin="1"/><net_sink comp="406" pin=1"/></net>

<net id="415"><net_src comp="406" pin="2"/><net_sink comp="412" pin=0"/></net>

<net id="419"><net_src comp="406" pin="2"/><net_sink comp="416" pin=0"/></net>

<net id="425"><net_src comp="62" pin="0"/><net_sink comp="420" pin=0"/></net>

<net id="426"><net_src comp="416" pin="1"/><net_sink comp="420" pin=1"/></net>

<net id="427"><net_src comp="64" pin="0"/><net_sink comp="420" pin=2"/></net>

<net id="432"><net_src comp="420" pin="3"/><net_sink comp="428" pin=0"/></net>

<net id="433"><net_src comp="412" pin="1"/><net_sink comp="428" pin=1"/></net>

<net id="437"><net_src comp="428" pin="2"/><net_sink comp="434" pin=0"/></net>

<net id="438"><net_src comp="434" pin="1"/><net_sink comp="172" pin=2"/></net>

<net id="443"><net_src comp="68" pin="0"/><net_sink comp="439" pin=0"/></net>

<net id="447"><net_src comp="439" pin="2"/><net_sink comp="444" pin=0"/></net>

<net id="448"><net_src comp="444" pin="1"/><net_sink comp="185" pin=2"/></net>

<net id="453"><net_src comp="70" pin="0"/><net_sink comp="449" pin=0"/></net>

<net id="457"><net_src comp="449" pin="2"/><net_sink comp="454" pin=0"/></net>

<net id="458"><net_src comp="454" pin="1"/><net_sink comp="192" pin=2"/></net>

<net id="462"><net_src comp="459" pin="1"/><net_sink comp="205" pin=2"/></net>

<net id="463"><net_src comp="459" pin="1"/><net_sink comp="218" pin=2"/></net>

<net id="464"><net_src comp="459" pin="1"/><net_sink comp="232" pin=2"/></net>

<net id="469"><net_src comp="283" pin="4"/><net_sink comp="465" pin=0"/></net>

<net id="470"><net_src comp="74" pin="0"/><net_sink comp="465" pin=1"/></net>

<net id="475"><net_src comp="283" pin="4"/><net_sink comp="471" pin=0"/></net>

<net id="476"><net_src comp="78" pin="0"/><net_sink comp="471" pin=1"/></net>

<net id="480"><net_src comp="283" pin="4"/><net_sink comp="477" pin=0"/></net>

<net id="485"><net_src comp="48" pin="0"/><net_sink comp="481" pin=1"/></net>

<net id="492"><net_src comp="296" pin="2"/><net_sink comp="489" pin=0"/></net>

<net id="493"><net_src comp="489" pin="1"/><net_sink comp="250" pin=2"/></net>

<net id="497"><net_src comp="314" pin="3"/><net_sink comp="494" pin=0"/></net>

<net id="498"><net_src comp="494" pin="1"/><net_sink comp="403" pin=0"/></net>

<net id="499"><net_src comp="494" pin="1"/><net_sink comp="459" pin=0"/></net>

<net id="500"><net_src comp="494" pin="1"/><net_sink comp="481" pin=0"/></net>

<net id="504"><net_src comp="322" pin="3"/><net_sink comp="501" pin=0"/></net>

<net id="505"><net_src comp="501" pin="1"/><net_sink comp="261" pin=2"/></net>

<net id="506"><net_src comp="501" pin="1"/><net_sink comp="392" pin=1"/></net>

<net id="510"><net_src comp="386" pin="2"/><net_sink comp="507" pin=0"/></net>

<net id="514"><net_src comp="428" pin="2"/><net_sink comp="511" pin=0"/></net>

<net id="515"><net_src comp="511" pin="1"/><net_sink comp="439" pin=1"/></net>

<net id="516"><net_src comp="511" pin="1"/><net_sink comp="449" pin=1"/></net>

<net id="520"><net_src comp="172" pin="3"/><net_sink comp="517" pin=0"/></net>

<net id="521"><net_src comp="517" pin="1"/><net_sink comp="179" pin=0"/></net>

<net id="525"><net_src comp="185" pin="3"/><net_sink comp="522" pin=0"/></net>

<net id="526"><net_src comp="522" pin="1"/><net_sink comp="179" pin=0"/></net>

<net id="530"><net_src comp="192" pin="3"/><net_sink comp="527" pin=0"/></net>

<net id="531"><net_src comp="527" pin="1"/><net_sink comp="179" pin=2"/></net>

<net id="535"><net_src comp="179" pin="3"/><net_sink comp="532" pin=0"/></net>

<net id="536"><net_src comp="532" pin="1"/><net_sink comp="212" pin=1"/></net>

<net id="540"><net_src comp="465" pin="2"/><net_sink comp="537" pin=0"/></net>

<net id="544"><net_src comp="471" pin="2"/><net_sink comp="541" pin=0"/></net>

<net id="545"><net_src comp="541" pin="1"/><net_sink comp="283" pin=0"/></net>

<net id="549"><net_src comp="477" pin="1"/><net_sink comp="546" pin=0"/></net>

<net id="553"><net_src comp="481" pin="2"/><net_sink comp="550" pin=0"/></net>

<net id="554"><net_src comp="550" pin="1"/><net_sink comp="272" pin=2"/></net>

</net_list>

</model> 
---------------- Datapath Model END ------------------

* FSMD analyzer results:
  - Output states:
	Port: in_r | {}
	Port: out_0 | {7 }
	Port: out_1 | {7 }
	Port: out_2 | {7 }
	Port: out_3 | {7 }
	Port: out_4 | {7 }
	Port: out_5 | {7 }
	Port: out_6 | {7 }
	Port: out_7 | {7 }
	Port: linbu_4_1_0 | {5 }
	Port: linbu_4_1_1 | {5 }
	Port: linbu_4_1_2 | {5 }
 - Input state : 
	Port: conv1 : in_r | {3 4 5 }
	Port: conv1 : linbu_4_1_0 | {}
	Port: conv1 : linbu_4_1_1 | {}
	Port: conv1 : linbu_4_1_2 | {}
  - Chain level:
	State 1
	State 2
		exitcond_flatten : 1
		indvar_flatten_next : 1
		StgValue_24 : 2
		r_1 : 1
		exitcond : 1
		c_mid2 : 2
		tmp_mid2_v : 2
		tmp_59 : 2
		icmp : 3
		tmp_60 : 1
		icmp9 : 2
		tmp_mid2 : 4
		tmp_62 : 3
		icmp10 : 4
		or_cond : 5
	State 3
		tmp_6_cast : 1
		tmp_7 : 2
		tmp_7_cast : 3
		tmp_61 : 3
		p_shl_cast : 4
		tmp_9 : 5
		tmp_9_cast : 6
		in_addr : 7
		in_load : 8
	State 4
		tmp_10_cast : 1
		in_addr_1 : 2
		tmp_11_cast : 1
		in_addr_2 : 2
		in_load_1 : 3
		in_load_2 : 3
	State 5
		linbu_4_1_0_addr : 1
		StgValue_60 : 2
		linbu_4_1_1_addr : 1
		StgValue_63 : 2
		linbu_4_1_2_addr : 1
		StgValue_66 : 2
	State 6
		exitcond3 : 1
		oc_2 : 1
		StgValue_73 : 2
		tmp_63 : 1
		StgValue_75 : 2
	State 7
		empty_818 : 1
	State 8


============================================================
+ Verbose Summary: Datapath Resource usage 
============================================================

* Functional unit list:
|----------|----------------------------|---------|---------|
| Operation|       Functional Unit      |    FF   |   LUT   |
|----------|----------------------------|---------|---------|
|          | indvar_flatten_next_fu_296 |    0    |    17   |
|          |         r_1_fu_302         |    0    |    15   |
|          |        tmp_7_fu_406        |    0    |    17   |
|    add   |        tmp_s_fu_439        |    0    |    21   |
|          |        tmp_2_fu_449        |    0    |    21   |
|          |         oc_2_fu_471        |    0    |    13   |
|          |         c_1_fu_481         |    0    |    15   |
|----------|----------------------------|---------|---------|
|          |   exitcond_flatten_fu_290  |    0    |    13   |
|          |       exitcond_fu_308      |    0    |    11   |
|   icmp   |         icmp_fu_340        |    0    |    11   |
|          |        icmp9_fu_356        |    0    |    11   |
|          |        icmp10_fu_380       |    0    |    11   |
|          |      exitcond3_fu_465      |    0    |    9    |
|----------|----------------------------|---------|---------|
|    sub   |        tmp_9_fu_428        |    0    |    21   |
|----------|----------------------------|---------|---------|
|          |        c_mid2_fu_314       |    0    |    7    |
|  select  |      tmp_mid2_v_fu_322     |    0    |    7    |
|          |       tmp_mid2_fu_362      |    0    |    2    |
|----------|----------------------------|---------|---------|
|    and   |       or_cond_fu_386       |    0    |    2    |
|----------|----------------------------|---------|---------|
|          |  StgValue_86_write_fu_108  |    0    |    0    |
|          |  StgValue_87_write_fu_116  |    0    |    0    |
|          |  StgValue_88_write_fu_124  |    0    |    0    |
|   write  |  StgValue_89_write_fu_132  |    0    |    0    |
|          |  StgValue_90_write_fu_140  |    0    |    0    |
|          |  StgValue_91_write_fu_148  |    0    |    0    |
|          |  StgValue_92_write_fu_156  |    0    |    0    |
|          |  StgValue_93_write_fu_164  |    0    |    0    |
|----------|----------------------------|---------|---------|
|          |        tmp_59_fu_330       |    0    |    0    |
|partselect|        tmp_60_fu_346       |    0    |    0    |
|          |        tmp_62_fu_370       |    0    |    0    |
|----------|----------------------------|---------|---------|
|bitconcatenate|         tmp_fu_392         |    0    |    0    |
|          |      p_shl_cast_fu_420     |    0    |    0    |
|----------|----------------------------|---------|---------|
|          |      tmp_6_cast_fu_399     |    0    |    0    |
|          |      tmp_1_cast_fu_403     |    0    |    0    |
|          |      tmp_7_cast_fu_412     |    0    |    0    |
|   zext   |      tmp_9_cast_fu_434     |    0    |    0    |
|          |     tmp_10_cast_fu_444     |    0    |    0    |
|          |     tmp_11_cast_fu_454     |    0    |    0    |
|          |        tmp_1_fu_459        |    0    |    0    |
|----------|----------------------------|---------|---------|
|   trunc  |        tmp_61_fu_416       |    0    |    0    |
|          |        tmp_63_fu_477       |    0    |    0    |
|----------|----------------------------|---------|---------|
|   Total  |                            |    0    |   224   |
|----------|----------------------------|---------|---------|

Memories:
N/A

* Register list:
+---------------------------+--------+
|                           |   FF   |
+---------------------------+--------+
|        c_1_reg_550        |    7   |
|       c_mid2_reg_494      |    7   |
|         c_reg_268         |    7   |
|     exitcond3_reg_537     |    1   |
|     in_addr_1_reg_522     |   14   |
|     in_addr_2_reg_527     |   14   |
|      in_addr_reg_517      |   14   |
|      in_load_reg_532      |   32   |
|indvar_flatten_next_reg_489|   13   |
|   indvar_flatten_reg_246  |   13   |
|        oc_2_reg_541       |    4   |
|         oc_reg_279        |    4   |
|      or_cond_reg_507      |    1   |
|         r_reg_257         |    7   |
|       tmp_63_reg_546      |    3   |
|       tmp_9_reg_511       |   15   |
|     tmp_mid2_v_reg_501    |    7   |
+---------------------------+--------+
|           Total           |   163  |
+---------------------------+--------+

* Multiplexer (MUX) list: 
|-------------------|------|------|------|--------||---------||---------|
|        Comp       |  Pin | Size |  BW  | S x BW ||  Delay  ||   LUT   |
|-------------------|------|------|------|--------||---------||---------|
| grp_access_fu_179 |  p0  |   4  |  14  |   56   ||    21   |
| grp_access_fu_179 |  p2  |   2  |   0  |    0   ||    9    |
|-------------------|------|------|------|--------||---------||---------|
|       Total       |      |      |      |   56   ||  3.6295 ||    30   |
|-------------------|------|------|------|--------||---------||---------|



* Summary:
+-----------+--------+--------+--------+
|           |  Delay |   FF   |   LUT  |
+-----------+--------+--------+--------+
|  Function |    -   |    0   |   224  |
|   Memory  |    -   |    -   |    -   |
|Multiplexer|    3   |    -   |   30   |
|  Register |    -   |   163  |    -   |
+-----------+--------+--------+--------+
|   Total   |    3   |   163  |   254  |
+-----------+--------+--------+--------+
