

================================================================
== Vivado HLS Report for 'conv4'
================================================================
* Date:           Mon Jun  8 20:55:42 2026

* Version:        2018.3 (Build 2405991 on Thu Dec 06 23:56:15 MST 2018)
* Project:        topp
* Solution:       solution1
* Product family: zynq
* Target device:  xc7z020clg484-1


================================================================
== Performance Estimates
================================================================
+ Timing (ns): 
    * Summary: 
    +--------+-------+----------+------------+
    |  Clock | Target| Estimated| Uncertainty|
    +--------+-------+----------+------------+
    |ap_clk  |  10.00|     5.956|        1.25|
    +--------+-------+----------+------------+

+ Latency (clock cycles): 
    * Summary: 
    +-----+------+-----+------+---------+
    |   Latency  |  Interval  | Pipeline|
    | min |  max | min |  max |   Type  |
    +-----+------+-----+------+---------+
    |  721|  5473|  721|  5473|   none  |
    +-----+------+-----+------+---------+

    + Detail: 
        * Instance: 
        N/A

        * Loop: 
        +-------------+-----+------+----------+-----------+-----------+------+----------+
        |             |   Latency  | Iteration|  Initiation Interval  | Trip |          |
        |  Loop Name  | min |  max |  Latency |  achieved |   target  | Count| Pipelined|
        +-------------+-----+------+----------+-----------+-----------+------+----------+
        |- Loop 1     |  720|  5472|  5 ~ 38  |          -|          -|   144|    no    |
        | + Loop 1.1  |   32|    32|         2|          1|          1|    32|    yes   |
        +-------------+-----+------+----------+-----------+-----------+------+----------+

============================================================
+ Verbose Summary: Synthesis Manager
============================================================
InlineROM: 1
ExposeGlobal: 0
============================================================
+ Verbose Summary: CDFG Model
============================================================
IsTopModel: 0
ResetActiveHigh: 1
IsCombinational: 2
IsDatapathOnly: 0
HasWiredReturn: 1
HasMFsm: 0
HasVarLatency: 1
IsPipeline: 0
IsRtlPipelined: 0
IsInstanceOverlapped: 0
IsDontTouch: 0
HasImplIP: 0
IsGatedGlobalClock: 0

+ Individual pipeline summary: 
  * Pipeline-0: initiation interval (II) = 1, depth = 2


============================================================
+ Verbose Summary: Schedule
============================================================
* Number of FSM states : 8
* Pipeline : 1
  Pipeline-0 : II = 1, D = 2, States = { 6 7 }
* Dataflow Pipeline: 0

* FSM state transitions: 
1 --> 
	2  / true
2 --> 
	3  / (!exitcond_flatten)
3 --> 
	4  / true
4 --> 
	5  / true
5 --> 
	8  / (!or_cond_i)
	6  / (or_cond_i)
6 --> 
	8  / (exitcond3_i)
	7  / (!exitcond3_i)
7 --> 
	6  / true
8 --> 
	2  / true

* FSM state operations: 

State 1 <SV = 0> <Delay = 1.76>
ST_1 : Operation 9 [1/1] (0.00ns)   --->   "%empty = call i32 (...)* @_ssdm_op_SpecInterface(float* %f3_7, [8 x i8]* @ap_fifo_str, i32 0, i32 0, [1 x i8]* @p_str, i32 0, i32 0, [1 x i8]* @p_str, [1 x i8]* @p_str, [1 x i8]* @p_str, i32 2, i32 2, i32 16, i32 16, [1 x i8]* @p_str, [1 x i8]* @p_str)"   --->   Operation 9 'specinterface' 'empty' <Predicate = true> <Delay = 0.00>
ST_1 : Operation 10 [1/1] (0.00ns)   --->   "%empty_758 = call i32 (...)* @_ssdm_op_SpecInterface(float* %f3_6, [8 x i8]* @ap_fifo_str, i32 0, i32 0, [1 x i8]* @p_str, i32 0, i32 0, [1 x i8]* @p_str, [1 x i8]* @p_str, [1 x i8]* @p_str, i32 2, i32 2, i32 16, i32 16, [1 x i8]* @p_str, [1 x i8]* @p_str)"   --->   Operation 10 'specinterface' 'empty_758' <Predicate = true> <Delay = 0.00>
ST_1 : Operation 11 [1/1] (0.00ns)   --->   "%empty_759 = call i32 (...)* @_ssdm_op_SpecInterface(float* %f3_5, [8 x i8]* @ap_fifo_str, i32 0, i32 0, [1 x i8]* @p_str, i32 0, i32 0, [1 x i8]* @p_str, [1 x i8]* @p_str, [1 x i8]* @p_str, i32 2, i32 2, i32 16, i32 16, [1 x i8]* @p_str, [1 x i8]* @p_str)"   --->   Operation 11 'specinterface' 'empty_759' <Predicate = true> <Delay = 0.00>
ST_1 : Operation 12 [1/1] (0.00ns)   --->   "%empty_760 = call i32 (...)* @_ssdm_op_SpecInterface(float* %f3_4, [8 x i8]* @ap_fifo_str, i32 0, i32 0, [1 x i8]* @p_str, i32 0, i32 0, [1 x i8]* @p_str, [1 x i8]* @p_str, [1 x i8]* @p_str, i32 2, i32 2, i32 16, i32 16, [1 x i8]* @p_str, [1 x i8]* @p_str)"   --->   Operation 12 'specinterface' 'empty_760' <Predicate = true> <Delay = 0.00>
ST_1 : Operation 13 [1/1] (0.00ns)   --->   "%empty_761 = call i32 (...)* @_ssdm_op_SpecInterface(float* %f3_3, [8 x i8]* @ap_fifo_str, i32 0, i32 0, [1 x i8]* @p_str, i32 0, i32 0, [1 x i8]* @p_str, [1 x i8]* @p_str, [1 x i8]* @p_str, i32 2, i32 2, i32 16, i32 16, [1 x i8]* @p_str, [1 x i8]* @p_str)"   --->   Operation 13 'specinterface' 'empty_761' <Predicate = true> <Delay = 0.00>
ST_1 : Operation 14 [1/1] (0.00ns)   --->   "%empty_762 = call i32 (...)* @_ssdm_op_SpecInterface(float* %f3_2, [8 x i8]* @ap_fifo_str, i32 0, i32 0, [1 x i8]* @p_str, i32 0, i32 0, [1 x i8]* @p_str, [1 x i8]* @p_str, [1 x i8]* @p_str, i32 2, i32 2, i32 16, i32 16, [1 x i8]* @p_str, [1 x i8]* @p_str)"   --->   Operation 14 'specinterface' 'empty_762' <Predicate = true> <Delay = 0.00>
ST_1 : Operation 15 [1/1] (0.00ns)   --->   "%empty_763 = call i32 (...)* @_ssdm_op_SpecInterface(float* %f3_1, [8 x i8]* @ap_fifo_str, i32 0, i32 0, [1 x i8]* @p_str, i32 0, i32 0, [1 x i8]* @p_str, [1 x i8]* @p_str, [1 x i8]* @p_str, i32 2, i32 2, i32 16, i32 16, [1 x i8]* @p_str, [1 x i8]* @p_str)"   --->   Operation 15 'specinterface' 'empty_763' <Predicate = true> <Delay = 0.00>
ST_1 : Operation 16 [1/1] (0.00ns)   --->   "%empty_764 = call i32 (...)* @_ssdm_op_SpecInterface(float* %f3_0, [8 x i8]* @ap_fifo_str, i32 0, i32 0, [1 x i8]* @p_str, i32 0, i32 0, [1 x i8]* @p_str, [1 x i8]* @p_str, [1 x i8]* @p_str, i32 2, i32 2, i32 16, i32 16, [1 x i8]* @p_str, [1 x i8]* @p_str)"   --->   Operation 16 'specinterface' 'empty_764' <Predicate = true> <Delay = 0.00>
ST_1 : Operation 17 [1/1] (0.00ns)   --->   "%empty_765 = call i32 (...)* @_ssdm_op_SpecInterface(float* %out_7, [8 x i8]* @ap_fifo_str, i32 0, i32 0, [1 x i8]* @p_str, i32 0, i32 0, [1 x i8]* @p_str, [1 x i8]* @p_str, [1 x i8]* @p_str, i32 2, i32 2, i32 16, i32 16, [1 x i8]* @p_str, [1 x i8]* @p_str)"   --->   Operation 17 'specinterface' 'empty_765' <Predicate = true> <Delay = 0.00>
ST_1 : Operation 18 [1/1] (0.00ns)   --->   "%empty_766 = call i32 (...)* @_ssdm_op_SpecInterface(float* %out_6, [8 x i8]* @ap_fifo_str, i32 0, i32 0, [1 x i8]* @p_str, i32 0, i32 0, [1 x i8]* @p_str, [1 x i8]* @p_str, [1 x i8]* @p_str, i32 2, i32 2, i32 16, i32 16, [1 x i8]* @p_str, [1 x i8]* @p_str)"   --->   Operation 18 'specinterface' 'empty_766' <Predicate = true> <Delay = 0.00>
ST_1 : Operation 19 [1/1] (0.00ns)   --->   "%empty_767 = call i32 (...)* @_ssdm_op_SpecInterface(float* %out_5, [8 x i8]* @ap_fifo_str, i32 0, i32 0, [1 x i8]* @p_str, i32 0, i32 0, [1 x i8]* @p_str, [1 x i8]* @p_str, [1 x i8]* @p_str, i32 2, i32 2, i32 16, i32 16, [1 x i8]* @p_str, [1 x i8]* @p_str)"   --->   Operation 19 'specinterface' 'empty_767' <Predicate = true> <Delay = 0.00>
ST_1 : Operation 20 [1/1] (0.00ns)   --->   "%empty_768 = call i32 (...)* @_ssdm_op_SpecInterface(float* %out_4, [8 x i8]* @ap_fifo_str, i32 0, i32 0, [1 x i8]* @p_str, i32 0, i32 0, [1 x i8]* @p_str, [1 x i8]* @p_str, [1 x i8]* @p_str, i32 2, i32 2, i32 16, i32 16, [1 x i8]* @p_str, [1 x i8]* @p_str)"   --->   Operation 20 'specinterface' 'empty_768' <Predicate = true> <Delay = 0.00>
ST_1 : Operation 21 [1/1] (0.00ns)   --->   "%empty_769 = call i32 (...)* @_ssdm_op_SpecInterface(float* %out_3, [8 x i8]* @ap_fifo_str, i32 0, i32 0, [1 x i8]* @p_str, i32 0, i32 0, [1 x i8]* @p_str, [1 x i8]* @p_str, [1 x i8]* @p_str, i32 2, i32 2, i32 16, i32 16, [1 x i8]* @p_str, [1 x i8]* @p_str)"   --->   Operation 21 'specinterface' 'empty_769' <Predicate = true> <Delay = 0.00>
ST_1 : Operation 22 [1/1] (0.00ns)   --->   "%empty_770 = call i32 (...)* @_ssdm_op_SpecInterface(float* %out_2, [8 x i8]* @ap_fifo_str, i32 0, i32 0, [1 x i8]* @p_str, i32 0, i32 0, [1 x i8]* @p_str, [1 x i8]* @p_str, [1 x i8]* @p_str, i32 2, i32 2, i32 16, i32 16, [1 x i8]* @p_str, [1 x i8]* @p_str)"   --->   Operation 22 'specinterface' 'empty_770' <Predicate = true> <Delay = 0.00>
ST_1 : Operation 23 [1/1] (0.00ns)   --->   "%empty_771 = call i32 (...)* @_ssdm_op_SpecInterface(float* %out_1, [8 x i8]* @ap_fifo_str, i32 0, i32 0, [1 x i8]* @p_str, i32 0, i32 0, [1 x i8]* @p_str, [1 x i8]* @p_str, [1 x i8]* @p_str, i32 2, i32 2, i32 16, i32 16, [1 x i8]* @p_str, [1 x i8]* @p_str)"   --->   Operation 23 'specinterface' 'empty_771' <Predicate = true> <Delay = 0.00>
ST_1 : Operation 24 [1/1] (0.00ns)   --->   "%empty_772 = call i32 (...)* @_ssdm_op_SpecInterface(float* %out_0, [8 x i8]* @ap_fifo_str, i32 0, i32 0, [1 x i8]* @p_str, i32 0, i32 0, [1 x i8]* @p_str, [1 x i8]* @p_str, [1 x i8]* @p_str, i32 2, i32 2, i32 16, i32 16, [1 x i8]* @p_str, [1 x i8]* @p_str)"   --->   Operation 24 'specinterface' 'empty_772' <Predicate = true> <Delay = 0.00>
ST_1 : Operation 25 [1/1] (1.76ns)   --->   "br label %.preheader10.i" [topp.c:294]   --->   Operation 25 'br' <Predicate = true> <Delay = 1.76>

State 2 <SV = 1> <Delay = 5.95>
ST_2 : Operation 26 [1/1] (0.00ns)   --->   "%indvar_flatten = phi i8 [ 0, %entry ], [ %indvar_flatten_next, %.loopexit.i ]"   --->   Operation 26 'phi' 'indvar_flatten' <Predicate = true> <Delay = 0.00>
ST_2 : Operation 27 [1/1] (0.00ns)   --->   "%r_i = phi i4 [ 0, %entry ], [ %r_i_mid2, %.loopexit.i ]" [topp.c:295]   --->   Operation 27 'phi' 'r_i' <Predicate = true> <Delay = 0.00>
ST_2 : Operation 28 [1/1] (0.00ns)   --->   "%c_i = phi i4 [ 0, %entry ], [ %c, %.loopexit.i ]"   --->   Operation 28 'phi' 'c_i' <Predicate = true> <Delay = 0.00>
ST_2 : Operation 29 [1/1] (1.55ns)   --->   "%exitcond_flatten = icmp eq i8 %indvar_flatten, -112"   --->   Operation 29 'icmp' 'exitcond_flatten' <Predicate = true> <Delay = 1.55> <Core = "Cmp">   --->   Core 25 'Cmp' <Latency = 0> <II = 1> <Delay = 1.13> <FuncUnit> <Opcode : 'icmp'> <InPorts = 2> <OutPorts = 1>
ST_2 : Operation 30 [1/1] (1.91ns)   --->   "%indvar_flatten_next = add i8 %indvar_flatten, 1"   --->   Operation 30 'add' 'indvar_flatten_next' <Predicate = true> <Delay = 1.91> <Core = "AddSub">   --->   Core 14 'AddSub' <Latency = 0> <II = 1> <Delay = 1.73> <FuncUnit> <Opcode : 'add' 'sub'> <InPorts = 2> <OutPorts = 1>
ST_2 : Operation 31 [1/1] (0.00ns)   --->   "br i1 %exitcond_flatten, label %conv4.exit, label %.preheader10.preheader.i"   --->   Operation 31 'br' <Predicate = true> <Delay = 0.00>
ST_2 : Operation 32 [1/1] (1.73ns)   --->   "%r = add i4 %r_i, 1" [topp.c:294]   --->   Operation 32 'add' 'r' <Predicate = (!exitcond_flatten)> <Delay = 1.73> <Core = "AddSub">   --->   Core 14 'AddSub' <Latency = 0> <II = 1> <Delay = 1.73> <FuncUnit> <Opcode : 'add' 'sub'> <InPorts = 2> <OutPorts = 1>
ST_2 : Operation 33 [1/1] (1.30ns)   --->   "%exitcond5_i = icmp eq i4 %c_i, -4" [topp.c:295]   --->   Operation 33 'icmp' 'exitcond5_i' <Predicate = (!exitcond_flatten)> <Delay = 1.30> <Core = "Cmp">   --->   Core 25 'Cmp' <Latency = 0> <II = 1> <Delay = 1.13> <FuncUnit> <Opcode : 'icmp'> <InPorts = 2> <OutPorts = 1>
ST_2 : Operation 34 [1/1] (1.02ns)   --->   "%c_i_mid2 = select i1 %exitcond5_i, i4 0, i4 %c_i" [topp.c:295]   --->   Operation 34 'select' 'c_i_mid2' <Predicate = (!exitcond_flatten)> <Delay = 1.02> <Core = "Sel">   --->   Core 26 'Sel' <Latency = 0> <II = 1> <Delay = 1.02> <FuncUnit> <Opcode : 'select'> <InPorts = 3> <OutPorts = 1>
ST_2 : Operation 35 [1/1] (0.00ns)   --->   "%tmp = call i3 @_ssdm_op_PartSelect.i3.i4.i32.i32(i4 %r, i32 1, i32 3)" [topp.c:317]   --->   Operation 35 'partselect' 'tmp' <Predicate = (!exitcond_flatten)> <Delay = 0.00>
ST_2 : Operation 36 [1/1] (1.13ns)   --->   "%icmp = icmp ne i3 %tmp, 0" [topp.c:317]   --->   Operation 36 'icmp' 'icmp' <Predicate = (!exitcond_flatten)> <Delay = 1.13> <Core = "Cmp">   --->   Core 25 'Cmp' <Latency = 0> <II = 1> <Delay = 1.13> <FuncUnit> <Opcode : 'icmp'> <InPorts = 2> <OutPorts = 1>
ST_2 : Operation 37 [1/1] (0.00ns)   --->   "%tmp_50 = call i3 @_ssdm_op_PartSelect.i3.i4.i32.i32(i4 %r_i, i32 1, i32 3)" [topp.c:317]   --->   Operation 37 'partselect' 'tmp_50' <Predicate = (!exitcond_flatten)> <Delay = 0.00>
ST_2 : Operation 38 [1/1] (1.13ns)   --->   "%icmp3 = icmp ne i3 %tmp_50, 0" [topp.c:317]   --->   Operation 38 'icmp' 'icmp3' <Predicate = (!exitcond_flatten)> <Delay = 1.13> <Core = "Cmp">   --->   Core 25 'Cmp' <Latency = 0> <II = 1> <Delay = 1.13> <FuncUnit> <Opcode : 'icmp'> <InPorts = 2> <OutPorts = 1>
ST_2 : Operation 39 [1/1] (0.00ns) (grouped into LUT with out node or_cond_i)   --->   "%tmp_i_mid2 = select i1 %exitcond5_i, i1 %icmp, i1 %icmp3" [topp.c:317]   --->   Operation 39 'select' 'tmp_i_mid2' <Predicate = (!exitcond_flatten)> <Delay = 0.00> <Core = "Sel">   --->   Core 26 'Sel' <Latency = 0> <II = 1> <Delay = 1.02> <FuncUnit> <Opcode : 'select'> <InPorts = 3> <OutPorts = 1>
ST_2 : Operation 40 [1/1] (1.02ns)   --->   "%r_i_mid2 = select i1 %exitcond5_i, i4 %r, i4 %r_i" [topp.c:295]   --->   Operation 40 'select' 'r_i_mid2' <Predicate = (!exitcond_flatten)> <Delay = 1.02> <Core = "Sel">   --->   Core 26 'Sel' <Latency = 0> <II = 1> <Delay = 1.02> <FuncUnit> <Opcode : 'select'> <InPorts = 3> <OutPorts = 1>
ST_2 : Operation 41 [1/1] (0.00ns)   --->   "%tmp_19_i = zext i4 %c_i_mid2 to i64" [topp.c:305]   --->   Operation 41 'zext' 'tmp_19_i' <Predicate = (!exitcond_flatten)> <Delay = 0.00>
ST_2 : Operation 42 [1/1] (0.00ns)   --->   "%linbu_7_1_0_0_addr = getelementptr [12 x float]* @linbu_7_1_0_0, i64 0, i64 %tmp_19_i" [topp.c:306]   --->   Operation 42 'getelementptr' 'linbu_7_1_0_0_addr' <Predicate = (!exitcond_flatten)> <Delay = 0.00>
ST_2 : Operation 43 [1/1] (3.63ns)   --->   "%win_buf_2_2_0_0 = call float @_ssdm_op_Read.ap_fifo.volatile.floatP(float* %f3_0)" [topp.c:307]   --->   Operation 43 'read' 'win_buf_2_2_0_0' <Predicate = (!exitcond_flatten)> <Delay = 3.63> <Core = "FIFO_SRL">   --->   Core 36 'FIFO_SRL' <Latency = 0> <II = 1> <Delay = 3.63> <Storage> <Opcode : 'read' 'write' 'nbread' 'nbwrite'> <Ports = 0> <Width = 32> <Depth = 0> <FIFO>
ST_2 : Operation 44 [1/1] (2.32ns)   --->   "store float %win_buf_2_2_0_0, float* %linbu_7_1_0_0_addr, align 16" [topp.c:310]   --->   Operation 44 'store' <Predicate = (!exitcond_flatten)> <Delay = 2.32> <Core = "RAM">   --->   Core 37 'RAM' <Latency = 1> <II = 1> <Delay = 2.32> <Storage> <Opcode : 'load' 'store'> <Ports = 2> <Width = 32> <Depth = 12> <RAM>
ST_2 : Operation 45 [1/1] (0.00ns)   --->   "%linbu_7_1_1_0_addr = getelementptr [12 x float]* @linbu_7_1_1_0, i64 0, i64 %tmp_19_i" [topp.c:306]   --->   Operation 45 'getelementptr' 'linbu_7_1_1_0_addr' <Predicate = (!exitcond_flatten)> <Delay = 0.00>
ST_2 : Operation 46 [1/1] (3.63ns)   --->   "%win_buf_2_2_1_0 = call float @_ssdm_op_Read.ap_fifo.volatile.floatP(float* %f3_1)" [topp.c:307]   --->   Operation 46 'read' 'win_buf_2_2_1_0' <Predicate = (!exitcond_flatten)> <Delay = 3.63> <Core = "FIFO_SRL">   --->   Core 36 'FIFO_SRL' <Latency = 0> <II = 1> <Delay = 3.63> <Storage> <Opcode : 'read' 'write' 'nbread' 'nbwrite'> <Ports = 0> <Width = 32> <Depth = 0> <FIFO>
ST_2 : Operation 47 [1/1] (2.32ns)   --->   "store float %win_buf_2_2_1_0, float* %linbu_7_1_1_0_addr, align 16" [topp.c:310]   --->   Operation 47 'store' <Predicate = (!exitcond_flatten)> <Delay = 2.32> <Core = "RAM">   --->   Core 37 'RAM' <Latency = 1> <II = 1> <Delay = 2.32> <Storage> <Opcode : 'load' 'store'> <Ports = 2> <Width = 32> <Depth = 12> <RAM>
ST_2 : Operation 48 [1/1] (0.00ns)   --->   "%linbu_7_1_2_0_addr = getelementptr [12 x float]* @linbu_7_1_2_0, i64 0, i64 %tmp_19_i" [topp.c:306]   --->   Operation 48 'getelementptr' 'linbu_7_1_2_0_addr' <Predicate = (!exitcond_flatten)> <Delay = 0.00>
ST_2 : Operation 49 [1/1] (3.63ns)   --->   "%win_buf_2_2_2_0 = call float @_ssdm_op_Read.ap_fifo.volatile.floatP(float* %f3_2)" [topp.c:307]   --->   Operation 49 'read' 'win_buf_2_2_2_0' <Predicate = (!exitcond_flatten)> <Delay = 3.63> <Core = "FIFO_SRL">   --->   Core 36 'FIFO_SRL' <Latency = 0> <II = 1> <Delay = 3.63> <Storage> <Opcode : 'read' 'write' 'nbread' 'nbwrite'> <Ports = 0> <Width = 32> <Depth = 0> <FIFO>
ST_2 : Operation 50 [1/1] (2.32ns)   --->   "store float %win_buf_2_2_2_0, float* %linbu_7_1_2_0_addr, align 16" [topp.c:310]   --->   Operation 50 'store' <Predicate = (!exitcond_flatten)> <Delay = 2.32> <Core = "RAM">   --->   Core 37 'RAM' <Latency = 1> <II = 1> <Delay = 2.32> <Storage> <Opcode : 'load' 'store'> <Ports = 2> <Width = 32> <Depth = 12> <RAM>
ST_2 : Operation 51 [1/1] (0.00ns)   --->   "%linbu_7_1_3_0_addr = getelementptr [12 x float]* @linbu_7_1_3_0, i64 0, i64 %tmp_19_i" [topp.c:306]   --->   Operation 51 'getelementptr' 'linbu_7_1_3_0_addr' <Predicate = (!exitcond_flatten)> <Delay = 0.00>
ST_2 : Operation 52 [1/1] (3.63ns)   --->   "%win_buf_2_2_3_0 = call float @_ssdm_op_Read.ap_fifo.volatile.floatP(float* %f3_3)" [topp.c:307]   --->   Operation 52 'read' 'win_buf_2_2_3_0' <Predicate = (!exitcond_flatten)> <Delay = 3.63> <Core = "FIFO_SRL">   --->   Core 36 'FIFO_SRL' <Latency = 0> <II = 1> <Delay = 3.63> <Storage> <Opcode : 'read' 'write' 'nbread' 'nbwrite'> <Ports = 0> <Width = 32> <Depth = 0> <FIFO>
ST_2 : Operation 53 [1/1] (2.32ns)   --->   "store float %win_buf_2_2_3_0, float* %linbu_7_1_3_0_addr, align 16" [topp.c:310]   --->   Operation 53 'store' <Predicate = (!exitcond_flatten)> <Delay = 2.32> <Core = "RAM">   --->   Core 37 'RAM' <Latency = 1> <II = 1> <Delay = 2.32> <Storage> <Opcode : 'load' 'store'> <Ports = 2> <Width = 32> <Depth = 12> <RAM>
ST_2 : Operation 54 [1/1] (0.00ns)   --->   "%linbu_7_1_4_0_addr = getelementptr [12 x float]* @linbu_7_1_4_0, i64 0, i64 %tmp_19_i" [topp.c:306]   --->   Operation 54 'getelementptr' 'linbu_7_1_4_0_addr' <Predicate = (!exitcond_flatten)> <Delay = 0.00>
ST_2 : Operation 55 [1/1] (3.63ns)   --->   "%win_buf_2_2_4_0 = call float @_ssdm_op_Read.ap_fifo.volatile.floatP(float* %f3_4)" [topp.c:307]   --->   Operation 55 'read' 'win_buf_2_2_4_0' <Predicate = (!exitcond_flatten)> <Delay = 3.63> <Core = "FIFO_SRL">   --->   Core 36 'FIFO_SRL' <Latency = 0> <II = 1> <Delay = 3.63> <Storage> <Opcode : 'read' 'write' 'nbread' 'nbwrite'> <Ports = 0> <Width = 32> <Depth = 0> <FIFO>
ST_2 : Operation 56 [1/1] (2.32ns)   --->   "store float %win_buf_2_2_4_0, float* %linbu_7_1_4_0_addr, align 16" [topp.c:310]   --->   Operation 56 'store' <Predicate = (!exitcond_flatten)> <Delay = 2.32> <Core = "RAM">   --->   Core 37 'RAM' <Latency = 1> <II = 1> <Delay = 2.32> <Storage> <Opcode : 'load' 'store'> <Ports = 2> <Width = 32> <Depth = 12> <RAM>
ST_2 : Operation 57 [1/1] (0.00ns)   --->   "%linbu_7_1_5_0_addr = getelementptr [12 x float]* @linbu_7_1_5_0, i64 0, i64 %tmp_19_i" [topp.c:306]   --->   Operation 57 'getelementptr' 'linbu_7_1_5_0_addr' <Predicate = (!exitcond_flatten)> <Delay = 0.00>
ST_2 : Operation 58 [1/1] (3.63ns)   --->   "%win_buf_2_2_5_0 = call float @_ssdm_op_Read.ap_fifo.volatile.floatP(float* %f3_5)" [topp.c:307]   --->   Operation 58 'read' 'win_buf_2_2_5_0' <Predicate = (!exitcond_flatten)> <Delay = 3.63> <Core = "FIFO_SRL">   --->   Core 36 'FIFO_SRL' <Latency = 0> <II = 1> <Delay = 3.63> <Storage> <Opcode : 'read' 'write' 'nbread' 'nbwrite'> <Ports = 0> <Width = 32> <Depth = 0> <FIFO>
ST_2 : Operation 59 [1/1] (2.32ns)   --->   "store float %win_buf_2_2_5_0, float* %linbu_7_1_5_0_addr, align 16" [topp.c:310]   --->   Operation 59 'store' <Predicate = (!exitcond_flatten)> <Delay = 2.32> <Core = "RAM">   --->   Core 37 'RAM' <Latency = 1> <II = 1> <Delay = 2.32> <Storage> <Opcode : 'load' 'store'> <Ports = 2> <Width = 32> <Depth = 12> <RAM>
ST_2 : Operation 60 [1/1] (0.00ns)   --->   "%linbu_7_1_6_0_addr = getelementptr [12 x float]* @linbu_7_1_6_0, i64 0, i64 %tmp_19_i" [topp.c:306]   --->   Operation 60 'getelementptr' 'linbu_7_1_6_0_addr' <Predicate = (!exitcond_flatten)> <Delay = 0.00>
ST_2 : Operation 61 [1/1] (3.63ns)   --->   "%win_buf_2_2_6_0 = call float @_ssdm_op_Read.ap_fifo.volatile.floatP(float* %f3_6)" [topp.c:307]   --->   Operation 61 'read' 'win_buf_2_2_6_0' <Predicate = (!exitcond_flatten)> <Delay = 3.63> <Core = "FIFO_SRL">   --->   Core 36 'FIFO_SRL' <Latency = 0> <II = 1> <Delay = 3.63> <Storage> <Opcode : 'read' 'write' 'nbread' 'nbwrite'> <Ports = 0> <Width = 32> <Depth = 0> <FIFO>
ST_2 : Operation 62 [1/1] (2.32ns)   --->   "store float %win_buf_2_2_6_0, float* %linbu_7_1_6_0_addr, align 16" [topp.c:310]   --->   Operation 62 'store' <Predicate = (!exitcond_flatten)> <Delay = 2.32> <Core = "RAM">   --->   Core 37 'RAM' <Latency = 1> <II = 1> <Delay = 2.32> <Storage> <Opcode : 'load' 'store'> <Ports = 2> <Width = 32> <Depth = 12> <RAM>
ST_2 : Operation 63 [1/1] (0.00ns)   --->   "%linbu_7_1_7_0_addr = getelementptr [12 x float]* @linbu_7_1_7_0, i64 0, i64 %tmp_19_i" [topp.c:306]   --->   Operation 63 'getelementptr' 'linbu_7_1_7_0_addr' <Predicate = (!exitcond_flatten)> <Delay = 0.00>
ST_2 : Operation 64 [1/1] (3.63ns)   --->   "%win_buf_2_2_7_0 = call float @_ssdm_op_Read.ap_fifo.volatile.floatP(float* %f3_7)" [topp.c:307]   --->   Operation 64 'read' 'win_buf_2_2_7_0' <Predicate = (!exitcond_flatten)> <Delay = 3.63> <Core = "FIFO_SRL">   --->   Core 36 'FIFO_SRL' <Latency = 0> <II = 1> <Delay = 3.63> <Storage> <Opcode : 'read' 'write' 'nbread' 'nbwrite'> <Ports = 0> <Width = 32> <Depth = 0> <FIFO>
ST_2 : Operation 65 [1/1] (2.32ns)   --->   "store float %win_buf_2_2_7_0, float* %linbu_7_1_7_0_addr, align 16" [topp.c:310]   --->   Operation 65 'store' <Predicate = (!exitcond_flatten)> <Delay = 2.32> <Core = "RAM">   --->   Core 37 'RAM' <Latency = 1> <II = 1> <Delay = 2.32> <Storage> <Opcode : 'load' 'store'> <Ports = 2> <Width = 32> <Depth = 12> <RAM>
ST_2 : Operation 66 [1/1] (0.00ns)   --->   "%tmp_51 = call i3 @_ssdm_op_PartSelect.i3.i4.i32.i32(i4 %c_i_mid2, i32 1, i32 3)" [topp.c:317]   --->   Operation 66 'partselect' 'tmp_51' <Predicate = (!exitcond_flatten)> <Delay = 0.00>
ST_2 : Operation 67 [1/1] (1.13ns)   --->   "%icmp4 = icmp ne i3 %tmp_51, 0" [topp.c:317]   --->   Operation 67 'icmp' 'icmp4' <Predicate = (!exitcond_flatten)> <Delay = 1.13> <Core = "Cmp">   --->   Core 25 'Cmp' <Latency = 0> <II = 1> <Delay = 1.13> <FuncUnit> <Opcode : 'icmp'> <InPorts = 2> <OutPorts = 1>
ST_2 : Operation 68 [1/1] (0.99ns) (out node of the LUT)   --->   "%or_cond_i = and i1 %tmp_i_mid2, %icmp4" [topp.c:317]   --->   Operation 68 'and' 'or_cond_i' <Predicate = (!exitcond_flatten)> <Delay = 0.99> <Core = "LogicGate">   --->   Core 27 'LogicGate' <Latency = 0> <II = 1> <Delay = 0.97> <FuncUnit> <Opcode : 'and' 'or' 'xor'> <InPorts = 2> <OutPorts = 1>
ST_2 : Operation 69 [1/1] (0.00ns)   --->   "ret void"   --->   Operation 69 'ret' <Predicate = (exitcond_flatten)> <Delay = 0.00>

State 3 <SV = 2> <Delay = 5.95>
ST_3 : Operation 70 [1/1] (0.00ns)   --->   "%linbu_7_1_0_1_addr = getelementptr [12 x float]* @linbu_7_1_0_1, i64 0, i64 %tmp_19_i" [topp.c:306]   --->   Operation 70 'getelementptr' 'linbu_7_1_0_1_addr' <Predicate = true> <Delay = 0.00>
ST_3 : Operation 71 [1/1] (3.63ns)   --->   "%win_buf_2_2_0_1 = call float @_ssdm_op_Read.ap_fifo.volatile.floatP(float* %f3_0)" [topp.c:307]   --->   Operation 71 'read' 'win_buf_2_2_0_1' <Predicate = true> <Delay = 3.63> <Core = "FIFO_SRL">   --->   Core 36 'FIFO_SRL' <Latency = 0> <II = 1> <Delay = 3.63> <Storage> <Opcode : 'read' 'write' 'nbread' 'nbwrite'> <Ports = 0> <Width = 32> <Depth = 0> <FIFO>
ST_3 : Operation 72 [1/1] (2.32ns)   --->   "store float %win_buf_2_2_0_1, float* %linbu_7_1_0_1_addr, align 16" [topp.c:310]   --->   Operation 72 'store' <Predicate = true> <Delay = 2.32> <Core = "RAM">   --->   Core 37 'RAM' <Latency = 1> <II = 1> <Delay = 2.32> <Storage> <Opcode : 'load' 'store'> <Ports = 2> <Width = 32> <Depth = 12> <RAM>
ST_3 : Operation 73 [1/1] (0.00ns)   --->   "%linbu_7_1_1_1_addr = getelementptr [12 x float]* @linbu_7_1_1_1, i64 0, i64 %tmp_19_i" [topp.c:306]   --->   Operation 73 'getelementptr' 'linbu_7_1_1_1_addr' <Predicate = true> <Delay = 0.00>
ST_3 : Operation 74 [1/1] (3.63ns)   --->   "%win_buf_2_2_1_1 = call float @_ssdm_op_Read.ap_fifo.volatile.floatP(float* %f3_1)" [topp.c:307]   --->   Operation 74 'read' 'win_buf_2_2_1_1' <Predicate = true> <Delay = 3.63> <Core = "FIFO_SRL">   --->   Core 36 'FIFO_SRL' <Latency = 0> <II = 1> <Delay = 3.63> <Storage> <Opcode : 'read' 'write' 'nbread' 'nbwrite'> <Ports = 0> <Width = 32> <Depth = 0> <FIFO>
ST_3 : Operation 75 [1/1] (2.32ns)   --->   "store float %win_buf_2_2_1_1, float* %linbu_7_1_1_1_addr, align 4" [topp.c:310]   --->   Operation 75 'store' <Predicate = true> <Delay = 2.32> <Core = "RAM">   --->   Core 37 'RAM' <Latency = 1> <II = 1> <Delay = 2.32> <Storage> <Opcode : 'load' 'store'> <Ports = 2> <Width = 32> <Depth = 12> <RAM>
ST_3 : Operation 76 [1/1] (0.00ns)   --->   "%linbu_7_1_2_1_addr = getelementptr [12 x float]* @linbu_7_1_2_1, i64 0, i64 %tmp_19_i" [topp.c:306]   --->   Operation 76 'getelementptr' 'linbu_7_1_2_1_addr' <Predicate = true> <Delay = 0.00>
ST_3 : Operation 77 [1/1] (3.63ns)   --->   "%win_buf_2_2_2_1 = call float @_ssdm_op_Read.ap_fifo.volatile.floatP(float* %f3_2)" [topp.c:307]   --->   Operation 77 'read' 'win_buf_2_2_2_1' <Predicate = true> <Delay = 3.63> <Core = "FIFO_SRL">   --->   Core 36 'FIFO_SRL' <Latency = 0> <II = 1> <Delay = 3.63> <Storage> <Opcode : 'read' 'write' 'nbread' 'nbwrite'> <Ports = 0> <Width = 32> <Depth = 0> <FIFO>
ST_3 : Operation 78 [1/1] (2.32ns)   --->   "store float %win_buf_2_2_2_1, float* %linbu_7_1_2_1_addr, align 8" [topp.c:310]   --->   Operation 78 'store' <Predicate = true> <Delay = 2.32> <Core = "RAM">   --->   Core 37 'RAM' <Latency = 1> <II = 1> <Delay = 2.32> <Storage> <Opcode : 'load' 'store'> <Ports = 2> <Width = 32> <Depth = 12> <RAM>
ST_3 : Operation 79 [1/1] (0.00ns)   --->   "%linbu_7_1_3_1_addr = getelementptr [12 x float]* @linbu_7_1_3_1, i64 0, i64 %tmp_19_i" [topp.c:306]   --->   Operation 79 'getelementptr' 'linbu_7_1_3_1_addr' <Predicate = true> <Delay = 0.00>
ST_3 : Operation 80 [1/1] (3.63ns)   --->   "%win_buf_2_2_3_1 = call float @_ssdm_op_Read.ap_fifo.volatile.floatP(float* %f3_3)" [topp.c:307]   --->   Operation 80 'read' 'win_buf_2_2_3_1' <Predicate = true> <Delay = 3.63> <Core = "FIFO_SRL">   --->   Core 36 'FIFO_SRL' <Latency = 0> <II = 1> <Delay = 3.63> <Storage> <Opcode : 'read' 'write' 'nbread' 'nbwrite'> <Ports = 0> <Width = 32> <Depth = 0> <FIFO>
ST_3 : Operation 81 [1/1] (2.32ns)   --->   "store float %win_buf_2_2_3_1, float* %linbu_7_1_3_1_addr, align 4" [topp.c:310]   --->   Operation 81 'store' <Predicate = true> <Delay = 2.32> <Core = "RAM">   --->   Core 37 'RAM' <Latency = 1> <II = 1> <Delay = 2.32> <Storage> <Opcode : 'load' 'store'> <Ports = 2> <Width = 32> <Depth = 12> <RAM>
ST_3 : Operation 82 [1/1] (0.00ns)   --->   "%linbu_7_1_4_1_addr = getelementptr [12 x float]* @linbu_7_1_4_1, i64 0, i64 %tmp_19_i" [topp.c:306]   --->   Operation 82 'getelementptr' 'linbu_7_1_4_1_addr' <Predicate = true> <Delay = 0.00>
ST_3 : Operation 83 [1/1] (3.63ns)   --->   "%win_buf_2_2_4_1 = call float @_ssdm_op_Read.ap_fifo.volatile.floatP(float* %f3_4)" [topp.c:307]   --->   Operation 83 'read' 'win_buf_2_2_4_1' <Predicate = true> <Delay = 3.63> <Core = "FIFO_SRL">   --->   Core 36 'FIFO_SRL' <Latency = 0> <II = 1> <Delay = 3.63> <Storage> <Opcode : 'read' 'write' 'nbread' 'nbwrite'> <Ports = 0> <Width = 32> <Depth = 0> <FIFO>
ST_3 : Operation 84 [1/1] (2.32ns)   --->   "store float %win_buf_2_2_4_1, float* %linbu_7_1_4_1_addr, align 16" [topp.c:310]   --->   Operation 84 'store' <Predicate = true> <Delay = 2.32> <Core = "RAM">   --->   Core 37 'RAM' <Latency = 1> <II = 1> <Delay = 2.32> <Storage> <Opcode : 'load' 'store'> <Ports = 2> <Width = 32> <Depth = 12> <RAM>
ST_3 : Operation 85 [1/1] (0.00ns)   --->   "%linbu_7_1_5_1_addr = getelementptr [12 x float]* @linbu_7_1_5_1, i64 0, i64 %tmp_19_i" [topp.c:306]   --->   Operation 85 'getelementptr' 'linbu_7_1_5_1_addr' <Predicate = true> <Delay = 0.00>
ST_3 : Operation 86 [1/1] (3.63ns)   --->   "%win_buf_2_2_5_1 = call float @_ssdm_op_Read.ap_fifo.volatile.floatP(float* %f3_5)" [topp.c:307]   --->   Operation 86 'read' 'win_buf_2_2_5_1' <Predicate = true> <Delay = 3.63> <Core = "FIFO_SRL">   --->   Core 36 'FIFO_SRL' <Latency = 0> <II = 1> <Delay = 3.63> <Storage> <Opcode : 'read' 'write' 'nbread' 'nbwrite'> <Ports = 0> <Width = 32> <Depth = 0> <FIFO>
ST_3 : Operation 87 [1/1] (2.32ns)   --->   "store float %win_buf_2_2_5_1, float* %linbu_7_1_5_1_addr, align 4" [topp.c:310]   --->   Operation 87 'store' <Predicate = true> <Delay = 2.32> <Core = "RAM">   --->   Core 37 'RAM' <Latency = 1> <II = 1> <Delay = 2.32> <Storage> <Opcode : 'load' 'store'> <Ports = 2> <Width = 32> <Depth = 12> <RAM>
ST_3 : Operation 88 [1/1] (0.00ns)   --->   "%linbu_7_1_6_1_addr = getelementptr [12 x float]* @linbu_7_1_6_1, i64 0, i64 %tmp_19_i" [topp.c:306]   --->   Operation 88 'getelementptr' 'linbu_7_1_6_1_addr' <Predicate = true> <Delay = 0.00>
ST_3 : Operation 89 [1/1] (3.63ns)   --->   "%win_buf_2_2_6_1 = call float @_ssdm_op_Read.ap_fifo.volatile.floatP(float* %f3_6)" [topp.c:307]   --->   Operation 89 'read' 'win_buf_2_2_6_1' <Predicate = true> <Delay = 3.63> <Core = "FIFO_SRL">   --->   Core 36 'FIFO_SRL' <Latency = 0> <II = 1> <Delay = 3.63> <Storage> <Opcode : 'read' 'write' 'nbread' 'nbwrite'> <Ports = 0> <Width = 32> <Depth = 0> <FIFO>
ST_3 : Operation 90 [1/1] (2.32ns)   --->   "store float %win_buf_2_2_6_1, float* %linbu_7_1_6_1_addr, align 8" [topp.c:310]   --->   Operation 90 'store' <Predicate = true> <Delay = 2.32> <Core = "RAM">   --->   Core 37 'RAM' <Latency = 1> <II = 1> <Delay = 2.32> <Storage> <Opcode : 'load' 'store'> <Ports = 2> <Width = 32> <Depth = 12> <RAM>
ST_3 : Operation 91 [1/1] (0.00ns)   --->   "%linbu_7_1_7_1_addr = getelementptr [12 x float]* @linbu_7_1_7_1, i64 0, i64 %tmp_19_i" [topp.c:306]   --->   Operation 91 'getelementptr' 'linbu_7_1_7_1_addr' <Predicate = true> <Delay = 0.00>
ST_3 : Operation 92 [1/1] (3.63ns)   --->   "%win_buf_2_2_7_1 = call float @_ssdm_op_Read.ap_fifo.volatile.floatP(float* %f3_7)" [topp.c:307]   --->   Operation 92 'read' 'win_buf_2_2_7_1' <Predicate = true> <Delay = 3.63> <Core = "FIFO_SRL">   --->   Core 36 'FIFO_SRL' <Latency = 0> <II = 1> <Delay = 3.63> <Storage> <Opcode : 'read' 'write' 'nbread' 'nbwrite'> <Ports = 0> <Width = 32> <Depth = 0> <FIFO>
ST_3 : Operation 93 [1/1] (2.32ns)   --->   "store float %win_buf_2_2_7_1, float* %linbu_7_1_7_1_addr, align 4" [topp.c:310]   --->   Operation 93 'store' <Predicate = true> <Delay = 2.32> <Core = "RAM">   --->   Core 37 'RAM' <Latency = 1> <II = 1> <Delay = 2.32> <Storage> <Opcode : 'load' 'store'> <Ports = 2> <Width = 32> <Depth = 12> <RAM>

State 4 <SV = 3> <Delay = 5.95>
ST_4 : Operation 94 [1/1] (0.00ns)   --->   "%linbu_7_1_0_2_addr = getelementptr [12 x float]* @linbu_7_1_0_2, i64 0, i64 %tmp_19_i" [topp.c:306]   --->   Operation 94 'getelementptr' 'linbu_7_1_0_2_addr' <Predicate = true> <Delay = 0.00>
ST_4 : Operation 95 [1/1] (3.63ns)   --->   "%win_buf_2_2_0_2 = call float @_ssdm_op_Read.ap_fifo.volatile.floatP(float* %f3_0)" [topp.c:307]   --->   Operation 95 'read' 'win_buf_2_2_0_2' <Predicate = true> <Delay = 3.63> <Core = "FIFO_SRL">   --->   Core 36 'FIFO_SRL' <Latency = 0> <II = 1> <Delay = 3.63> <Storage> <Opcode : 'read' 'write' 'nbread' 'nbwrite'> <Ports = 0> <Width = 32> <Depth = 0> <FIFO>
ST_4 : Operation 96 [1/1] (2.32ns)   --->   "store float %win_buf_2_2_0_2, float* %linbu_7_1_0_2_addr, align 16" [topp.c:310]   --->   Operation 96 'store' <Predicate = true> <Delay = 2.32> <Core = "RAM">   --->   Core 37 'RAM' <Latency = 1> <II = 1> <Delay = 2.32> <Storage> <Opcode : 'load' 'store'> <Ports = 2> <Width = 32> <Depth = 12> <RAM>
ST_4 : Operation 97 [1/1] (0.00ns)   --->   "%linbu_7_1_1_2_addr = getelementptr [12 x float]* @linbu_7_1_1_2, i64 0, i64 %tmp_19_i" [topp.c:306]   --->   Operation 97 'getelementptr' 'linbu_7_1_1_2_addr' <Predicate = true> <Delay = 0.00>
ST_4 : Operation 98 [1/1] (3.63ns)   --->   "%win_buf_2_2_1_2 = call float @_ssdm_op_Read.ap_fifo.volatile.floatP(float* %f3_1)" [topp.c:307]   --->   Operation 98 'read' 'win_buf_2_2_1_2' <Predicate = true> <Delay = 3.63> <Core = "FIFO_SRL">   --->   Core 36 'FIFO_SRL' <Latency = 0> <II = 1> <Delay = 3.63> <Storage> <Opcode : 'read' 'write' 'nbread' 'nbwrite'> <Ports = 0> <Width = 32> <Depth = 0> <FIFO>
ST_4 : Operation 99 [1/1] (2.32ns)   --->   "store float %win_buf_2_2_1_2, float* %linbu_7_1_1_2_addr, align 8" [topp.c:310]   --->   Operation 99 'store' <Predicate = true> <Delay = 2.32> <Core = "RAM">   --->   Core 37 'RAM' <Latency = 1> <II = 1> <Delay = 2.32> <Storage> <Opcode : 'load' 'store'> <Ports = 2> <Width = 32> <Depth = 12> <RAM>
ST_4 : Operation 100 [1/1] (0.00ns)   --->   "%linbu_7_1_2_2_addr = getelementptr [12 x float]* @linbu_7_1_2_2, i64 0, i64 %tmp_19_i" [topp.c:306]   --->   Operation 100 'getelementptr' 'linbu_7_1_2_2_addr' <Predicate = true> <Delay = 0.00>
ST_4 : Operation 101 [1/1] (3.63ns)   --->   "%win_buf_2_2_2_2 = call float @_ssdm_op_Read.ap_fifo.volatile.floatP(float* %f3_2)" [topp.c:307]   --->   Operation 101 'read' 'win_buf_2_2_2_2' <Predicate = true> <Delay = 3.63> <Core = "FIFO_SRL">   --->   Core 36 'FIFO_SRL' <Latency = 0> <II = 1> <Delay = 3.63> <Storage> <Opcode : 'read' 'write' 'nbread' 'nbwrite'> <Ports = 0> <Width = 32> <Depth = 0> <FIFO>
ST_4 : Operation 102 [1/1] (2.32ns)   --->   "store float %win_buf_2_2_2_2, float* %linbu_7_1_2_2_addr, align 8" [topp.c:310]   --->   Operation 102 'store' <Predicate = true> <Delay = 2.32> <Core = "RAM">   --->   Core 37 'RAM' <Latency = 1> <II = 1> <Delay = 2.32> <Storage> <Opcode : 'load' 'store'> <Ports = 2> <Width = 32> <Depth = 12> <RAM>
ST_4 : Operation 103 [1/1] (0.00ns)   --->   "%linbu_7_1_3_2_addr = getelementptr [12 x float]* @linbu_7_1_3_2, i64 0, i64 %tmp_19_i" [topp.c:306]   --->   Operation 103 'getelementptr' 'linbu_7_1_3_2_addr' <Predicate = true> <Delay = 0.00>
ST_4 : Operation 104 [1/1] (3.63ns)   --->   "%win_buf_2_2_3_2 = call float @_ssdm_op_Read.ap_fifo.volatile.floatP(float* %f3_3)" [topp.c:307]   --->   Operation 104 'read' 'win_buf_2_2_3_2' <Predicate = true> <Delay = 3.63> <Core = "FIFO_SRL">   --->   Core 36 'FIFO_SRL' <Latency = 0> <II = 1> <Delay = 3.63> <Storage> <Opcode : 'read' 'write' 'nbread' 'nbwrite'> <Ports = 0> <Width = 32> <Depth = 0> <FIFO>
ST_4 : Operation 105 [1/1] (2.32ns)   --->   "store float %win_buf_2_2_3_2, float* %linbu_7_1_3_2_addr, align 8" [topp.c:310]   --->   Operation 105 'store' <Predicate = true> <Delay = 2.32> <Core = "RAM">   --->   Core 37 'RAM' <Latency = 1> <II = 1> <Delay = 2.32> <Storage> <Opcode : 'load' 'store'> <Ports = 2> <Width = 32> <Depth = 12> <RAM>
ST_4 : Operation 106 [1/1] (0.00ns)   --->   "%linbu_7_1_4_2_addr = getelementptr [12 x float]* @linbu_7_1_4_2, i64 0, i64 %tmp_19_i" [topp.c:306]   --->   Operation 106 'getelementptr' 'linbu_7_1_4_2_addr' <Predicate = true> <Delay = 0.00>
ST_4 : Operation 107 [1/1] (3.63ns)   --->   "%win_buf_2_2_4_2 = call float @_ssdm_op_Read.ap_fifo.volatile.floatP(float* %f3_4)" [topp.c:307]   --->   Operation 107 'read' 'win_buf_2_2_4_2' <Predicate = true> <Delay = 3.63> <Core = "FIFO_SRL">   --->   Core 36 'FIFO_SRL' <Latency = 0> <II = 1> <Delay = 3.63> <Storage> <Opcode : 'read' 'write' 'nbread' 'nbwrite'> <Ports = 0> <Width = 32> <Depth = 0> <FIFO>
ST_4 : Operation 108 [1/1] (2.32ns)   --->   "store float %win_buf_2_2_4_2, float* %linbu_7_1_4_2_addr, align 16" [topp.c:310]   --->   Operation 108 'store' <Predicate = true> <Delay = 2.32> <Core = "RAM">   --->   Core 37 'RAM' <Latency = 1> <II = 1> <Delay = 2.32> <Storage> <Opcode : 'load' 'store'> <Ports = 2> <Width = 32> <Depth = 12> <RAM>
ST_4 : Operation 109 [1/1] (0.00ns)   --->   "%linbu_7_1_5_2_addr = getelementptr [12 x float]* @linbu_7_1_5_2, i64 0, i64 %tmp_19_i" [topp.c:306]   --->   Operation 109 'getelementptr' 'linbu_7_1_5_2_addr' <Predicate = true> <Delay = 0.00>
ST_4 : Operation 110 [1/1] (3.63ns)   --->   "%win_buf_2_2_5_2 = call float @_ssdm_op_Read.ap_fifo.volatile.floatP(float* %f3_5)" [topp.c:307]   --->   Operation 110 'read' 'win_buf_2_2_5_2' <Predicate = true> <Delay = 3.63> <Core = "FIFO_SRL">   --->   Core 36 'FIFO_SRL' <Latency = 0> <II = 1> <Delay = 3.63> <Storage> <Opcode : 'read' 'write' 'nbread' 'nbwrite'> <Ports = 0> <Width = 32> <Depth = 0> <FIFO>
ST_4 : Operation 111 [1/1] (2.32ns)   --->   "store float %win_buf_2_2_5_2, float* %linbu_7_1_5_2_addr, align 8" [topp.c:310]   --->   Operation 111 'store' <Predicate = true> <Delay = 2.32> <Core = "RAM">   --->   Core 37 'RAM' <Latency = 1> <II = 1> <Delay = 2.32> <Storage> <Opcode : 'load' 'store'> <Ports = 2> <Width = 32> <Depth = 12> <RAM>
ST_4 : Operation 112 [1/1] (0.00ns)   --->   "%linbu_7_1_6_2_addr = getelementptr [12 x float]* @linbu_7_1_6_2, i64 0, i64 %tmp_19_i" [topp.c:306]   --->   Operation 112 'getelementptr' 'linbu_7_1_6_2_addr' <Predicate = true> <Delay = 0.00>
ST_4 : Operation 113 [1/1] (3.63ns)   --->   "%win_buf_2_2_6_2 = call float @_ssdm_op_Read.ap_fifo.volatile.floatP(float* %f3_6)" [topp.c:307]   --->   Operation 113 'read' 'win_buf_2_2_6_2' <Predicate = true> <Delay = 3.63> <Core = "FIFO_SRL">   --->   Core 36 'FIFO_SRL' <Latency = 0> <II = 1> <Delay = 3.63> <Storage> <Opcode : 'read' 'write' 'nbread' 'nbwrite'> <Ports = 0> <Width = 32> <Depth = 0> <FIFO>
ST_4 : Operation 114 [1/1] (2.32ns)   --->   "store float %win_buf_2_2_6_2, float* %linbu_7_1_6_2_addr, align 8" [topp.c:310]   --->   Operation 114 'store' <Predicate = true> <Delay = 2.32> <Core = "RAM">   --->   Core 37 'RAM' <Latency = 1> <II = 1> <Delay = 2.32> <Storage> <Opcode : 'load' 'store'> <Ports = 2> <Width = 32> <Depth = 12> <RAM>
ST_4 : Operation 115 [1/1] (0.00ns)   --->   "%linbu_7_1_7_2_addr = getelementptr [12 x float]* @linbu_7_1_7_2, i64 0, i64 %tmp_19_i" [topp.c:306]   --->   Operation 115 'getelementptr' 'linbu_7_1_7_2_addr' <Predicate = true> <Delay = 0.00>
ST_4 : Operation 116 [1/1] (3.63ns)   --->   "%win_buf_2_2_7_2 = call float @_ssdm_op_Read.ap_fifo.volatile.floatP(float* %f3_7)" [topp.c:307]   --->   Operation 116 'read' 'win_buf_2_2_7_2' <Predicate = true> <Delay = 3.63> <Core = "FIFO_SRL">   --->   Core 36 'FIFO_SRL' <Latency = 0> <II = 1> <Delay = 3.63> <Storage> <Opcode : 'read' 'write' 'nbread' 'nbwrite'> <Ports = 0> <Width = 32> <Depth = 0> <FIFO>
ST_4 : Operation 117 [1/1] (2.32ns)   --->   "store float %win_buf_2_2_7_2, float* %linbu_7_1_7_2_addr, align 8" [topp.c:310]   --->   Operation 117 'store' <Predicate = true> <Delay = 2.32> <Core = "RAM">   --->   Core 37 'RAM' <Latency = 1> <II = 1> <Delay = 2.32> <Storage> <Opcode : 'load' 'store'> <Ports = 2> <Width = 32> <Depth = 12> <RAM>

State 5 <SV = 4> <Delay = 5.95>
ST_5 : Operation 118 [1/1] (0.00ns)   --->   "%linbu_7_1_0_3_addr = getelementptr [12 x float]* @linbu_7_1_0_3, i64 0, i64 %tmp_19_i" [topp.c:306]   --->   Operation 118 'getelementptr' 'linbu_7_1_0_3_addr' <Predicate = true> <Delay = 0.00>
ST_5 : Operation 119 [1/1] (3.63ns)   --->   "%win_buf_2_2_0_3 = call float @_ssdm_op_Read.ap_fifo.volatile.floatP(float* %f3_0)" [topp.c:307]   --->   Operation 119 'read' 'win_buf_2_2_0_3' <Predicate = true> <Delay = 3.63> <Core = "FIFO_SRL">   --->   Core 36 'FIFO_SRL' <Latency = 0> <II = 1> <Delay = 3.63> <Storage> <Opcode : 'read' 'write' 'nbread' 'nbwrite'> <Ports = 0> <Width = 32> <Depth = 0> <FIFO>
ST_5 : Operation 120 [1/1] (2.32ns)   --->   "store float %win_buf_2_2_0_3, float* %linbu_7_1_0_3_addr, align 16" [topp.c:310]   --->   Operation 120 'store' <Predicate = true> <Delay = 2.32> <Core = "RAM">   --->   Core 37 'RAM' <Latency = 1> <II = 1> <Delay = 2.32> <Storage> <Opcode : 'load' 'store'> <Ports = 2> <Width = 32> <Depth = 12> <RAM>
ST_5 : Operation 121 [1/1] (0.00ns)   --->   "%linbu_7_1_1_3_addr = getelementptr [12 x float]* @linbu_7_1_1_3, i64 0, i64 %tmp_19_i" [topp.c:306]   --->   Operation 121 'getelementptr' 'linbu_7_1_1_3_addr' <Predicate = true> <Delay = 0.00>
ST_5 : Operation 122 [1/1] (3.63ns)   --->   "%win_buf_2_2_1_3 = call float @_ssdm_op_Read.ap_fifo.volatile.floatP(float* %f3_1)" [topp.c:307]   --->   Operation 122 'read' 'win_buf_2_2_1_3' <Predicate = true> <Delay = 3.63> <Core = "FIFO_SRL">   --->   Core 36 'FIFO_SRL' <Latency = 0> <II = 1> <Delay = 3.63> <Storage> <Opcode : 'read' 'write' 'nbread' 'nbwrite'> <Ports = 0> <Width = 32> <Depth = 0> <FIFO>
ST_5 : Operation 123 [1/1] (2.32ns)   --->   "store float %win_buf_2_2_1_3, float* %linbu_7_1_1_3_addr, align 4" [topp.c:310]   --->   Operation 123 'store' <Predicate = true> <Delay = 2.32> <Core = "RAM">   --->   Core 37 'RAM' <Latency = 1> <II = 1> <Delay = 2.32> <Storage> <Opcode : 'load' 'store'> <Ports = 2> <Width = 32> <Depth = 12> <RAM>
ST_5 : Operation 124 [1/1] (0.00ns)   --->   "%linbu_7_1_2_3_addr = getelementptr [12 x float]* @linbu_7_1_2_3, i64 0, i64 %tmp_19_i" [topp.c:306]   --->   Operation 124 'getelementptr' 'linbu_7_1_2_3_addr' <Predicate = true> <Delay = 0.00>
ST_5 : Operation 125 [1/1] (3.63ns)   --->   "%win_buf_2_2_2_3 = call float @_ssdm_op_Read.ap_fifo.volatile.floatP(float* %f3_2)" [topp.c:307]   --->   Operation 125 'read' 'win_buf_2_2_2_3' <Predicate = true> <Delay = 3.63> <Core = "FIFO_SRL">   --->   Core 36 'FIFO_SRL' <Latency = 0> <II = 1> <Delay = 3.63> <Storage> <Opcode : 'read' 'write' 'nbread' 'nbwrite'> <Ports = 0> <Width = 32> <Depth = 0> <FIFO>
ST_5 : Operation 126 [1/1] (2.32ns)   --->   "store float %win_buf_2_2_2_3, float* %linbu_7_1_2_3_addr, align 8" [topp.c:310]   --->   Operation 126 'store' <Predicate = true> <Delay = 2.32> <Core = "RAM">   --->   Core 37 'RAM' <Latency = 1> <II = 1> <Delay = 2.32> <Storage> <Opcode : 'load' 'store'> <Ports = 2> <Width = 32> <Depth = 12> <RAM>
ST_5 : Operation 127 [1/1] (0.00ns)   --->   "%linbu_7_1_3_3_addr = getelementptr [12 x float]* @linbu_7_1_3_3, i64 0, i64 %tmp_19_i" [topp.c:306]   --->   Operation 127 'getelementptr' 'linbu_7_1_3_3_addr' <Predicate = true> <Delay = 0.00>
ST_5 : Operation 128 [1/1] (3.63ns)   --->   "%win_buf_2_2_3_3 = call float @_ssdm_op_Read.ap_fifo.volatile.floatP(float* %f3_3)" [topp.c:307]   --->   Operation 128 'read' 'win_buf_2_2_3_3' <Predicate = true> <Delay = 3.63> <Core = "FIFO_SRL">   --->   Core 36 'FIFO_SRL' <Latency = 0> <II = 1> <Delay = 3.63> <Storage> <Opcode : 'read' 'write' 'nbread' 'nbwrite'> <Ports = 0> <Width = 32> <Depth = 0> <FIFO>
ST_5 : Operation 129 [1/1] (2.32ns)   --->   "store float %win_buf_2_2_3_3, float* %linbu_7_1_3_3_addr, align 4" [topp.c:310]   --->   Operation 129 'store' <Predicate = true> <Delay = 2.32> <Core = "RAM">   --->   Core 37 'RAM' <Latency = 1> <II = 1> <Delay = 2.32> <Storage> <Opcode : 'load' 'store'> <Ports = 2> <Width = 32> <Depth = 12> <RAM>
ST_5 : Operation 130 [1/1] (0.00ns)   --->   "%linbu_7_1_4_3_addr = getelementptr [12 x float]* @linbu_7_1_4_3, i64 0, i64 %tmp_19_i" [topp.c:306]   --->   Operation 130 'getelementptr' 'linbu_7_1_4_3_addr' <Predicate = true> <Delay = 0.00>
ST_5 : Operation 131 [1/1] (3.63ns)   --->   "%win_buf_2_2_4_3 = call float @_ssdm_op_Read.ap_fifo.volatile.floatP(float* %f3_4)" [topp.c:307]   --->   Operation 131 'read' 'win_buf_2_2_4_3' <Predicate = true> <Delay = 3.63> <Core = "FIFO_SRL">   --->   Core 36 'FIFO_SRL' <Latency = 0> <II = 1> <Delay = 3.63> <Storage> <Opcode : 'read' 'write' 'nbread' 'nbwrite'> <Ports = 0> <Width = 32> <Depth = 0> <FIFO>
ST_5 : Operation 132 [1/1] (2.32ns)   --->   "store float %win_buf_2_2_4_3, float* %linbu_7_1_4_3_addr, align 16" [topp.c:310]   --->   Operation 132 'store' <Predicate = true> <Delay = 2.32> <Core = "RAM">   --->   Core 37 'RAM' <Latency = 1> <II = 1> <Delay = 2.32> <Storage> <Opcode : 'load' 'store'> <Ports = 2> <Width = 32> <Depth = 12> <RAM>
ST_5 : Operation 133 [1/1] (0.00ns)   --->   "%linbu_7_1_5_3_addr = getelementptr [12 x float]* @linbu_7_1_5_3, i64 0, i64 %tmp_19_i" [topp.c:306]   --->   Operation 133 'getelementptr' 'linbu_7_1_5_3_addr' <Predicate = true> <Delay = 0.00>
ST_5 : Operation 134 [1/1] (3.63ns)   --->   "%win_buf_2_2_5_3 = call float @_ssdm_op_Read.ap_fifo.volatile.floatP(float* %f3_5)" [topp.c:307]   --->   Operation 134 'read' 'win_buf_2_2_5_3' <Predicate = true> <Delay = 3.63> <Core = "FIFO_SRL">   --->   Core 36 'FIFO_SRL' <Latency = 0> <II = 1> <Delay = 3.63> <Storage> <Opcode : 'read' 'write' 'nbread' 'nbwrite'> <Ports = 0> <Width = 32> <Depth = 0> <FIFO>
ST_5 : Operation 135 [1/1] (2.32ns)   --->   "store float %win_buf_2_2_5_3, float* %linbu_7_1_5_3_addr, align 4" [topp.c:310]   --->   Operation 135 'store' <Predicate = true> <Delay = 2.32> <Core = "RAM">   --->   Core 37 'RAM' <Latency = 1> <II = 1> <Delay = 2.32> <Storage> <Opcode : 'load' 'store'> <Ports = 2> <Width = 32> <Depth = 12> <RAM>
ST_5 : Operation 136 [1/1] (0.00ns)   --->   "%linbu_7_1_6_3_addr = getelementptr [12 x float]* @linbu_7_1_6_3, i64 0, i64 %tmp_19_i" [topp.c:306]   --->   Operation 136 'getelementptr' 'linbu_7_1_6_3_addr' <Predicate = true> <Delay = 0.00>
ST_5 : Operation 137 [1/1] (3.63ns)   --->   "%win_buf_2_2_6_3 = call float @_ssdm_op_Read.ap_fifo.volatile.floatP(float* %f3_6)" [topp.c:307]   --->   Operation 137 'read' 'win_buf_2_2_6_3' <Predicate = true> <Delay = 3.63> <Core = "FIFO_SRL">   --->   Core 36 'FIFO_SRL' <Latency = 0> <II = 1> <Delay = 3.63> <Storage> <Opcode : 'read' 'write' 'nbread' 'nbwrite'> <Ports = 0> <Width = 32> <Depth = 0> <FIFO>
ST_5 : Operation 138 [1/1] (2.32ns)   --->   "store float %win_buf_2_2_6_3, float* %linbu_7_1_6_3_addr, align 8" [topp.c:310]   --->   Operation 138 'store' <Predicate = true> <Delay = 2.32> <Core = "RAM">   --->   Core 37 'RAM' <Latency = 1> <II = 1> <Delay = 2.32> <Storage> <Opcode : 'load' 'store'> <Ports = 2> <Width = 32> <Depth = 12> <RAM>
ST_5 : Operation 139 [1/1] (0.00ns)   --->   "%linbu_7_1_7_3_addr = getelementptr [12 x float]* @linbu_7_1_7_3, i64 0, i64 %tmp_19_i" [topp.c:306]   --->   Operation 139 'getelementptr' 'linbu_7_1_7_3_addr' <Predicate = true> <Delay = 0.00>
ST_5 : Operation 140 [1/1] (3.63ns)   --->   "%win_buf_2_2_7_3 = call float @_ssdm_op_Read.ap_fifo.volatile.floatP(float* %f3_7)" [topp.c:307]   --->   Operation 140 'read' 'win_buf_2_2_7_3' <Predicate = true> <Delay = 3.63> <Core = "FIFO_SRL">   --->   Core 36 'FIFO_SRL' <Latency = 0> <II = 1> <Delay = 3.63> <Storage> <Opcode : 'read' 'write' 'nbread' 'nbwrite'> <Ports = 0> <Width = 32> <Depth = 0> <FIFO>
ST_5 : Operation 141 [1/1] (2.32ns)   --->   "store float %win_buf_2_2_7_3, float* %linbu_7_1_7_3_addr, align 4" [topp.c:310]   --->   Operation 141 'store' <Predicate = true> <Delay = 2.32> <Core = "RAM">   --->   Core 37 'RAM' <Latency = 1> <II = 1> <Delay = 2.32> <Storage> <Opcode : 'load' 'store'> <Ports = 2> <Width = 32> <Depth = 12> <RAM>
ST_5 : Operation 142 [1/1] (0.00ns)   --->   "br i1 %or_cond_i, label %.preheader8.i.preheader, label %.loopexit.i" [topp.c:317]   --->   Operation 142 'br' <Predicate = true> <Delay = 0.00>
ST_5 : Operation 143 [1/1] (1.76ns)   --->   "br label %.preheader8.i" [topp.c:318]   --->   Operation 143 'br' <Predicate = (or_cond_i)> <Delay = 1.76>

State 6 <SV = 5> <Delay = 2.40>
ST_6 : Operation 144 [1/1] (0.00ns)   --->   "%oc_i = phi i6 [ %oc, %.preheader7.preheader.0312.i ], [ 0, %.preheader8.i.preheader ]"   --->   Operation 144 'phi' 'oc_i' <Predicate = true> <Delay = 0.00>
ST_6 : Operation 145 [1/1] (1.42ns)   --->   "%exitcond3_i = icmp eq i6 %oc_i, -32" [topp.c:318]   --->   Operation 145 'icmp' 'exitcond3_i' <Predicate = true> <Delay = 1.42> <Core = "Cmp">   --->   Core 25 'Cmp' <Latency = 0> <II = 1> <Delay = 1.13> <FuncUnit> <Opcode : 'icmp'> <InPorts = 2> <OutPorts = 1>
ST_6 : Operation 146 [1/1] (0.00ns)   --->   "%empty_773 = call i32 (...)* @_ssdm_op_SpecLoopTripCount(i64 32, i64 32, i64 32)"   --->   Operation 146 'speclooptripcount' 'empty_773' <Predicate = true> <Delay = 0.00>
ST_6 : Operation 147 [1/1] (1.82ns)   --->   "%oc = add i6 %oc_i, 1" [topp.c:318]   --->   Operation 147 'add' 'oc' <Predicate = true> <Delay = 1.82> <Core = "AddSub">   --->   Core 14 'AddSub' <Latency = 0> <II = 1> <Delay = 1.73> <FuncUnit> <Opcode : 'add' 'sub'> <InPorts = 2> <OutPorts = 1>
ST_6 : Operation 148 [1/1] (0.00ns)   --->   "br i1 %exitcond3_i, label %.loopexit.i.loopexit, label %.preheader7.preheader.0.i" [topp.c:318]   --->   Operation 148 'br' <Predicate = true> <Delay = 0.00>
ST_6 : Operation 149 [1/1] (0.00ns)   --->   "%tmp_237_i = call i32 (...)* @_ssdm_op_SpecRegionBegin([12 x i8]* @p_str12)" [topp.c:318]   --->   Operation 149 'specregionbegin' 'tmp_237_i' <Predicate = (!exitcond3_i)> <Delay = 0.00>
ST_6 : Operation 150 [1/1] (0.00ns)   --->   "call void (...)* @_ssdm_op_SpecPipeline(i32 1, i32 1, i32 1, i32 0, [1 x i8]* @p_str1) nounwind" [topp.c:319]   --->   Operation 150 'specpipeline' <Predicate = (!exitcond3_i)> <Delay = 0.00>
ST_6 : Operation 151 [1/1] (0.00ns)   --->   "%tmp_52 = trunc i6 %oc_i to i3" [topp.c:331]   --->   Operation 151 'trunc' 'tmp_52' <Predicate = (!exitcond3_i)> <Delay = 0.00>
ST_6 : Operation 152 [1/1] (1.36ns)   --->   "switch i3 %tmp_52, label %branch7.i [
    i3 0, label %branch0.i
    i3 1, label %branch1.i
    i3 2, label %branch2.i
    i3 3, label %branch3.i
    i3 -4, label %branch4.i
    i3 -3, label %branch5.i
    i3 -2, label %branch6.i
  ]" [topp.c:331]   --->   Operation 152 'switch' <Predicate = (!exitcond3_i)> <Delay = 1.36>
ST_6 : Operation 153 [1/1] (0.00ns)   --->   "br label %.preheader7.preheader.0312.i" [topp.c:331]   --->   Operation 153 'br' <Predicate = (!exitcond3_i & tmp_52 == 6)> <Delay = 0.00>
ST_6 : Operation 154 [1/1] (0.00ns)   --->   "br label %.preheader7.preheader.0312.i" [topp.c:331]   --->   Operation 154 'br' <Predicate = (!exitcond3_i & tmp_52 == 5)> <Delay = 0.00>
ST_6 : Operation 155 [1/1] (0.00ns)   --->   "br label %.preheader7.preheader.0312.i" [topp.c:331]   --->   Operation 155 'br' <Predicate = (!exitcond3_i & tmp_52 == 4)> <Delay = 0.00>
ST_6 : Operation 156 [1/1] (0.00ns)   --->   "br label %.preheader7.preheader.0312.i" [topp.c:331]   --->   Operation 156 'br' <Predicate = (!exitcond3_i & tmp_52 == 3)> <Delay = 0.00>
ST_6 : Operation 157 [1/1] (0.00ns)   --->   "br label %.preheader7.preheader.0312.i" [topp.c:331]   --->   Operation 157 'br' <Predicate = (!exitcond3_i & tmp_52 == 2)> <Delay = 0.00>
ST_6 : Operation 158 [1/1] (0.00ns)   --->   "br label %.preheader7.preheader.0312.i" [topp.c:331]   --->   Operation 158 'br' <Predicate = (!exitcond3_i & tmp_52 == 1)> <Delay = 0.00>
ST_6 : Operation 159 [1/1] (0.00ns)   --->   "br label %.preheader7.preheader.0312.i" [topp.c:331]   --->   Operation 159 'br' <Predicate = (!exitcond3_i & tmp_52 == 0)> <Delay = 0.00>
ST_6 : Operation 160 [1/1] (0.00ns)   --->   "br label %.preheader7.preheader.0312.i" [topp.c:331]   --->   Operation 160 'br' <Predicate = (!exitcond3_i & tmp_52 == 7)> <Delay = 0.00>

State 7 <SV = 6> <Delay = 3.63>
ST_7 : Operation 161 [1/1] (3.63ns)   --->   "call void @_ssdm_op_Write.ap_fifo.volatile.floatP(float* %out_6, float 0.000000e+00)" [topp.c:331]   --->   Operation 161 'write' <Predicate = (tmp_52 == 6)> <Delay = 3.63> <Core = "FIFO_SRL">   --->   Core 36 'FIFO_SRL' <Latency = 0> <II = 1> <Delay = 3.63> <Storage> <Opcode : 'read' 'write' 'nbread' 'nbwrite'> <Ports = 0> <Width = 32> <Depth = 0> <FIFO>
ST_7 : Operation 162 [1/1] (3.63ns)   --->   "call void @_ssdm_op_Write.ap_fifo.volatile.floatP(float* %out_5, float 0.000000e+00)" [topp.c:331]   --->   Operation 162 'write' <Predicate = (tmp_52 == 5)> <Delay = 3.63> <Core = "FIFO_SRL">   --->   Core 36 'FIFO_SRL' <Latency = 0> <II = 1> <Delay = 3.63> <Storage> <Opcode : 'read' 'write' 'nbread' 'nbwrite'> <Ports = 0> <Width = 32> <Depth = 0> <FIFO>
ST_7 : Operation 163 [1/1] (3.63ns)   --->   "call void @_ssdm_op_Write.ap_fifo.volatile.floatP(float* %out_4, float 0.000000e+00)" [topp.c:331]   --->   Operation 163 'write' <Predicate = (tmp_52 == 4)> <Delay = 3.63> <Core = "FIFO_SRL">   --->   Core 36 'FIFO_SRL' <Latency = 0> <II = 1> <Delay = 3.63> <Storage> <Opcode : 'read' 'write' 'nbread' 'nbwrite'> <Ports = 0> <Width = 32> <Depth = 0> <FIFO>
ST_7 : Operation 164 [1/1] (3.63ns)   --->   "call void @_ssdm_op_Write.ap_fifo.volatile.floatP(float* %out_3, float 0.000000e+00)" [topp.c:331]   --->   Operation 164 'write' <Predicate = (tmp_52 == 3)> <Delay = 3.63> <Core = "FIFO_SRL">   --->   Core 36 'FIFO_SRL' <Latency = 0> <II = 1> <Delay = 3.63> <Storage> <Opcode : 'read' 'write' 'nbread' 'nbwrite'> <Ports = 0> <Width = 32> <Depth = 0> <FIFO>
ST_7 : Operation 165 [1/1] (3.63ns)   --->   "call void @_ssdm_op_Write.ap_fifo.volatile.floatP(float* %out_2, float 0.000000e+00)" [topp.c:331]   --->   Operation 165 'write' <Predicate = (tmp_52 == 2)> <Delay = 3.63> <Core = "FIFO_SRL">   --->   Core 36 'FIFO_SRL' <Latency = 0> <II = 1> <Delay = 3.63> <Storage> <Opcode : 'read' 'write' 'nbread' 'nbwrite'> <Ports = 0> <Width = 32> <Depth = 0> <FIFO>
ST_7 : Operation 166 [1/1] (3.63ns)   --->   "call void @_ssdm_op_Write.ap_fifo.volatile.floatP(float* %out_1, float 0.000000e+00)" [topp.c:331]   --->   Operation 166 'write' <Predicate = (tmp_52 == 1)> <Delay = 3.63> <Core = "FIFO_SRL">   --->   Core 36 'FIFO_SRL' <Latency = 0> <II = 1> <Delay = 3.63> <Storage> <Opcode : 'read' 'write' 'nbread' 'nbwrite'> <Ports = 0> <Width = 32> <Depth = 0> <FIFO>
ST_7 : Operation 167 [1/1] (3.63ns)   --->   "call void @_ssdm_op_Write.ap_fifo.volatile.floatP(float* %out_0, float 0.000000e+00)" [topp.c:331]   --->   Operation 167 'write' <Predicate = (tmp_52 == 0)> <Delay = 3.63> <Core = "FIFO_SRL">   --->   Core 36 'FIFO_SRL' <Latency = 0> <II = 1> <Delay = 3.63> <Storage> <Opcode : 'read' 'write' 'nbread' 'nbwrite'> <Ports = 0> <Width = 32> <Depth = 0> <FIFO>
ST_7 : Operation 168 [1/1] (3.63ns)   --->   "call void @_ssdm_op_Write.ap_fifo.volatile.floatP(float* %out_7, float 0.000000e+00)" [topp.c:331]   --->   Operation 168 'write' <Predicate = (tmp_52 == 7)> <Delay = 3.63> <Core = "FIFO_SRL">   --->   Core 36 'FIFO_SRL' <Latency = 0> <II = 1> <Delay = 3.63> <Storage> <Opcode : 'read' 'write' 'nbread' 'nbwrite'> <Ports = 0> <Width = 32> <Depth = 0> <FIFO>
ST_7 : Operation 169 [1/1] (0.00ns)   --->   "%empty_774 = call i32 (...)* @_ssdm_op_SpecRegionEnd([12 x i8]* @p_str12, i32 %tmp_237_i)" [topp.c:332]   --->   Operation 169 'specregionend' 'empty_774' <Predicate = (!exitcond3_i)> <Delay = 0.00>
ST_7 : Operation 170 [1/1] (0.00ns)   --->   "br label %.preheader8.i" [topp.c:318]   --->   Operation 170 'br' <Predicate = (!exitcond3_i)> <Delay = 0.00>

State 8 <SV = 6> <Delay = 1.73>
ST_8 : Operation 171 [1/1] (0.00ns)   --->   "br label %.loopexit.i"   --->   Operation 171 'br' <Predicate = (or_cond_i)> <Delay = 0.00>
ST_8 : Operation 172 [1/1] (1.73ns)   --->   "%c = add i4 %c_i_mid2, 1" [topp.c:295]   --->   Operation 172 'add' 'c' <Predicate = true> <Delay = 1.73> <Core = "AddSub">   --->   Core 14 'AddSub' <Latency = 0> <II = 1> <Delay = 1.73> <FuncUnit> <Opcode : 'add' 'sub'> <InPorts = 2> <OutPorts = 1>
ST_8 : Operation 173 [1/1] (0.00ns)   --->   "br label %.preheader10.i" [topp.c:295]   --->   Operation 173 'br' <Predicate = true> <Delay = 0.00>


============================================================
+ Verbose Summary: Timing violations
============================================================
Target clock period: 10ns, clock uncertainty: 1.25ns.

 <State 1>: 1.77ns
The critical path consists of the following:
	multiplexor before 'phi' operation ('indvar_flatten') with incoming values : ('indvar_flatten_next') [67]  (1.77 ns)

 <State 2>: 5.96ns
The critical path consists of the following:
	fifo read on port 'f3_0' (topp.c:307) [85]  (3.63 ns)
	'store' operation (topp.c:310) of variable 'win_buf[2][2][0][0]', topp.c:307 on array 'linbu_7_1_0_0' [86]  (2.32 ns)

 <State 3>: 5.96ns
The critical path consists of the following:
	fifo read on port 'f3_0' (topp.c:307) [109]  (3.63 ns)
	'store' operation (topp.c:310) of variable 'win_buf[2][2][0][1]', topp.c:307 on array 'linbu_7_1_0_1' [110]  (2.32 ns)

 <State 4>: 5.96ns
The critical path consists of the following:
	fifo read on port 'f3_0' (topp.c:307) [133]  (3.63 ns)
	'store' operation (topp.c:310) of variable 'win_buf[2][2][0][2]', topp.c:307 on array 'linbu_7_1_0_2' [134]  (2.32 ns)

 <State 5>: 5.96ns
The critical path consists of the following:
	fifo read on port 'f3_0' (topp.c:307) [157]  (3.63 ns)
	'store' operation (topp.c:310) of variable 'win_buf[2][2][0][3]', topp.c:307 on array 'linbu_7_1_0_3' [158]  (2.32 ns)

 <State 6>: 2.4ns
The critical path consists of the following:
	'icmp' operation ('exitcond3_i', topp.c:318) [188]  (1.43 ns)
	blocking operation 0.978 ns on control path)

 <State 7>: 3.63ns
The critical path consists of the following:
	fifo write on port 'out_6' (topp.c:331) [198]  (3.63 ns)

 <State 8>: 1.74ns
The critical path consists of the following:
	'add' operation ('c', topp.c:295) [227]  (1.74 ns)


============================================================
+ Verbose Summary: Binding
============================================================
N/A
* FSMD analyzer results:
  - Output states:
 - Input state : 
  - Chain level:
	State 1
	State 2
	State 3
	State 4
	State 5
	State 6
	State 7
	State 8


============================================================
+ Verbose Summary: Datapath Resource usage 
============================================================
N/A
