

================================================================
== Vivado HLS Report for 'conv4'
================================================================
* Date:           Tue Jun  9 10:57:31 2026

* Version:        2018.3 (Build 2405991 on Thu Dec 06 23:56:15 MST 2018)
* Project:        topp
* Solution:       nodirective
* Product family: zynq
* Target device:  xc7z020clg484-1


================================================================
== Performance Estimates
================================================================
+ Timing (ns): 
    * Summary: 
    +--------+-------+----------+------------+
    |  Clock | Target| Estimated| Uncertainty|
    +--------+-------+----------+------------+
    |ap_clk  |  10.00|     7.256|        1.25|
    +--------+-------+----------+------------+

+ Latency (clock cycles): 
    * Summary: 
    +-------+----------+-------+----------+---------+
    |      Latency     |     Interval     | Pipeline|
    |  min  |    max   |  min  |    max   |   Type  |
    +-------+----------+-------+----------+---------+
    |  37321|  14759881|  37321|  14759881|   none  |
    +-------+----------+-------+----------+---------+

    + Detail: 
        * Instance: 
        N/A

        * Loop: 
        +-----------------------------+--------+----------+----------------+-----------+-----------+------+----------+
        |                             |      Latency      |    Iteration   |  Initiation Interval  | Trip |          |
        |          Loop Name          |   min  |    max   |     Latency    |  achieved |   target  | Count| Pipelined|
        +-----------------------------+--------+----------+----------------+-----------+-----------+------+----------+
        |- Loop 1                     |   37320|  14759880| 3110 ~ 1229990 |          -|          -|    12|    no    |
        | + Loop 1.1                  |    3108|   1229988|  259 ~ 102499  |          -|          -|    12|    no    |
        |  ++ Loop 1.1.1              |     256|       256|               8|          -|          -|    32|    no    |
        |  ++ Loop 1.1.2              |  102240|    102240|            3195|          -|          -|    32|    no    |
        |   +++ Loop 1.1.2.1          |    3192|      3192|            1064|          -|          -|     3|    no    |
        |    ++++ Loop 1.1.2.1.1      |    1062|      1062|             354|          -|          -|     3|    no    |
        |     +++++ Loop 1.1.2.1.1.1  |     352|       352|              11|          -|          -|    32|    no    |
        +-----------------------------+--------+----------+----------------+-----------+-----------+------+----------+



================================================================
== Utilization Estimates
================================================================
* Summary: 
+-----------------+---------+-------+--------+-------+
|       Name      | BRAM_18K| DSP48E|   FF   |  LUT  |
+-----------------+---------+-------+--------+-------+
|DSP              |        -|      -|       -|      -|
|Expression       |        -|      -|       0|    447|
|FIFO             |        -|      -|       -|      -|
|Instance         |        -|      5|     414|    950|
|Memory           |        4|      -|       0|      0|
|Multiplexer      |        -|      -|       -|    390|
|Register         |        -|      -|     480|      -|
+-----------------+---------+-------+--------+-------+
|Total            |        4|      5|     894|   1787|
+-----------------+---------+-------+--------+-------+
|Available        |      280|    220|  106400|  53200|
+-----------------+---------+-------+--------+-------+
|Utilization (%)  |        1|      2|   ~0   |      3|
+-----------------+---------+-------+--------+-------+

+ Detail: 
    * Instance: 
    +--------------------------+----------------------+---------+-------+-----+-----+
    |         Instance         |        Module        | BRAM_18K| DSP48E|  FF | LUT |
    +--------------------------+----------------------+---------+-------+-----+-----+
    |topp_fadd_32ns_32bkb_U33  |topp_fadd_32ns_32bkb  |        0|      2|  205|  390|
    |topp_fcmp_32ns_32dEe_U35  |topp_fcmp_32ns_32dEe  |        0|      0|   66|  239|
    |topp_fmul_32ns_32cud_U34  |topp_fmul_32ns_32cud  |        0|      3|  143|  321|
    +--------------------------+----------------------+---------+-------+-----+-----+
    |Total                     |                      |        0|      5|  414|  950|
    +--------------------------+----------------------+---------+-------+-----+-----+

    * DSP48: 
    N/A

    * Memory: 
    +-------------+-----------------+---------+---+----+------+-----+------+-------------+
    |    Memory   |      Module     | BRAM_18K| FF| LUT| Words| Bits| Banks| W*Bits*Banks|
    +-------------+-----------------+---------+---+----+------+-----+------+-------------+
    |linbu_7_0_U  |conv4_linbu_7_0  |        1|  0|   0|   384|   32|     1|        12288|
    |linbu_7_1_U  |conv4_linbu_7_0  |        1|  0|   0|   384|   32|     1|        12288|
    |win_buf_U    |conv4_win_buf    |        2|  0|   0|   288|   32|     1|         9216|
    +-------------+-----------------+---------+---+----+------+-----+------+-------------+
    |Total        |                 |        4|  0|   0|  1056|   96|     3|        33792|
    +-------------+-----------------+---------+---+----+------+-----+------+-------------+

    * FIFO: 
    N/A

    * Expression: 
    +---------------------+----------+-------+---+----+------------+------------+
    |    Variable Name    | Operation| DSP48E| FF| LUT| Bitwidth P0| Bitwidth P1|
    +---------------------+----------+-------+---+----+------------+------------+
    |c_5_fu_478_p2        |     +    |      0|  0|  13|           4|           1|
    |ic_4_fu_519_p2       |     +    |      0|  0|  15|           6|           1|
    |ic_5_fu_775_p2       |     +    |      0|  0|  15|           6|           1|
    |kc_2_fu_746_p2       |     +    |      0|  0|  10|           2|           1|
    |kr_2_fu_712_p2       |     +    |      0|  0|  10|           2|           1|
    |oc_7_fu_686_p2       |     +    |      0|  0|  15|           6|           1|
    |r_5_fu_388_p2        |     +    |      0|  0|  13|           4|           1|
    |tmp_118_fu_466_p2    |     +    |      0|  0|  15|           8|           8|
    |tmp_119_fu_488_p2    |     +    |      0|  0|  15|           9|           9|
    |tmp_121_fu_651_p2    |     +    |      0|  0|  19|          14|          14|
    |tmp_122_fu_656_p2    |     +    |      0|  0|  14|          10|          10|
    |tmp_126_fu_602_p2    |     +    |      0|  0|  15|           8|           8|
    |tmp_129_fu_576_p2    |     +    |      0|  0|  15|           8|           8|
    |tmp_130_fu_696_p2    |     +    |      0|  0|  17|          13|          13|
    |tmp_133_fu_756_p2    |     +    |      0|  0|  15|           5|           5|
    |tmp_134_fu_785_p2    |     +    |      0|  0|  14|          10|          10|
    |tmp_28_fu_440_p2     |     +    |      0|  0|  15|           5|           3|
    |tmp_33_fu_566_p2     |     +    |      0|  0|  13|           4|           3|
    |tmp_115_fu_418_p2    |     -    |      0|  0|  15|           9|           9|
    |tmp_132_fu_734_p2    |     -    |      0|  0|  15|           5|           5|
    |or_cond_fu_561_p2    |    and   |      0|  0|   2|           1|           1|
    |tmp_67_fu_831_p2     |    and   |      0|  0|   2|           1|           1|
    |exitcond1_fu_740_p2  |   icmp   |      0|  0|   8|           2|           2|
    |exitcond2_fu_706_p2  |   icmp   |      0|  0|   8|           2|           2|
    |exitcond3_fu_680_p2  |   icmp   |      0|  0|  11|           6|           7|
    |exitcond4_fu_513_p2  |   icmp   |      0|  0|  11|           6|           7|
    |exitcond5_fu_472_p2  |   icmp   |      0|  0|   9|           4|           4|
    |exitcond6_fu_382_p2  |   icmp   |      0|  0|   9|           4|           4|
    |exitcond_fu_769_p2   |   icmp   |      0|  0|  11|           6|           7|
    |icmp2_fu_555_p2      |   icmp   |      0|  0|   9|           3|           1|
    |icmp_fu_434_p2       |   icmp   |      0|  0|   9|           3|           1|
    |notlhs_fu_813_p2     |   icmp   |      0|  0|  11|           8|           2|
    |notrhs_fu_819_p2     |   icmp   |      0|  0|  18|          23|           1|
    |tmp_65_fu_825_p2     |    or    |      0|  0|   2|           1|           1|
    |out_r_d0             |  select  |      0|  0|  32|           1|           1|
    |tmp_123_fu_525_p2    |    xor   |      0|  0|   7|           6|           7|
    +---------------------+----------+-------+---+----+------------+------------+
    |Total                |          |      0|  0| 447|         215|         161|
    +---------------------+----------+-------+---+----+------------+------------+

    * Multiplexer: 
    +--------------------+-----+-----------+-----+-----------+
    |        Name        | LUT | Input Size| Bits| Total Bits|
    +--------------------+-----+-----------+-----+-----------+
    |ap_NS_fsm           |  125|         27|    1|         27|
    |c_reg_246           |    9|          2|    4|          8|
    |ic_1_reg_327        |    9|          2|    6|         12|
    |ic_reg_258          |    9|          2|    6|         12|
    |kc_reg_304          |    9|          2|    2|          4|
    |kr_reg_281          |    9|          2|    2|          4|
    |linbu_7_0_address0  |   15|          3|    9|         27|
    |linbu_7_1_address0  |   15|          3|    9|         27|
    |oc_reg_270          |    9|          2|    6|         12|
    |r_reg_235           |    9|          2|    4|          8|
    |reg_366             |    9|          2|   32|         64|
    |sum4_reg_292        |    9|          2|   32|         64|
    |sum_1_reg_315       |    9|          2|   32|         64|
    |sum_2_reg_338       |    9|          2|   32|         64|
    |win_buf_address0    |   44|          9|    9|         81|
    |win_buf_address1    |   44|          9|    9|         81|
    |win_buf_d0          |   27|          5|   32|        160|
    |win_buf_d1          |   21|          4|   32|        128|
    +--------------------+-----+-----------+-----+-----------+
    |Total               |  390|         82|  259|        847|
    +--------------------+-----+-----------+-----+-----------+

    * Register: 
    +-------------------------+----+----+-----+-----------+
    |           Name          | FF | LUT| Bits| Const Bits|
    +-------------------------+----+----+-----+-----------+
    |ap_CS_fsm                |  26|   0|   26|          0|
    |c_5_reg_871              |   4|   0|    4|          0|
    |c_reg_246                |   4|   0|    4|          0|
    |ic_1_reg_327             |   6|   0|    6|          0|
    |ic_4_reg_889             |   6|   0|    6|          0|
    |ic_5_reg_1021            |   6|   0|    6|          0|
    |ic_reg_258               |   6|   0|    6|          0|
    |icmp_reg_858             |   1|   0|    1|          0|
    |kc_2_reg_1008            |   2|   0|    2|          0|
    |kc_reg_304               |   2|   0|    2|          0|
    |kr_2_reg_990             |   2|   0|    2|          0|
    |kr_reg_281               |   2|   0|    2|          0|
    |linbu_7_0_addr_reg_959   |   9|   0|    9|          0|
    |linbu_7_1_addr_reg_964   |   9|   0|    9|          0|
    |oc_7_reg_977             |   6|   0|    6|          0|
    |oc_reg_270               |   6|   0|    6|          0|
    |or_cond_reg_912          |   1|   0|    1|          0|
    |out_addr_reg_982         |  12|   0|   12|          0|
    |r_5_reg_848              |   4|   0|    4|          0|
    |r_reg_235                |   4|   0|    4|          0|
    |reg_366                  |  32|   0|   32|          0|
    |reg_373                  |  32|   0|   32|          0|
    |sum4_reg_292             |  32|   0|   32|          0|
    |sum_1_reg_315            |  32|   0|   32|          0|
    |sum_2_reg_338            |  32|   0|   32|          0|
    |tmp_115_reg_853          |   7|   0|    9|          2|
    |tmp_118_reg_863          |   7|   0|    8|          1|
    |tmp_121_reg_954          |  14|   0|   14|          0|
    |tmp_123_reg_894          |   6|   0|    6|          0|
    |tmp_132_reg_995          |   5|   0|    5|          0|
    |tmp_142_cast_reg_876     |   9|   0|   14|          5|
    |tmp_144_cast_reg_881     |   4|   0|   10|          6|
    |tmp_157_cast_reg_916     |   8|   0|   13|          5|
    |tmp_163_cast_reg_1013    |   5|   0|   10|          5|
    |tmp_39_reg_1031          |  32|   0|   32|          0|
    |tmp_66_reg_1000          |   1|   0|    1|          0|
    |win_buf_addr_11_reg_906  |   6|   0|    9|          3|
    |win_buf_addr_12_reg_921  |   6|   0|    9|          3|
    |win_buf_addr_14_reg_927  |   8|   0|    9|          1|
    |win_buf_addr_15_reg_932  |   8|   0|    9|          1|
    |win_buf_addr_17_reg_938  |   6|   0|    9|          3|
    |win_buf_addr_reg_900     |   6|   0|    9|          3|
    |win_buf_load_8_reg_944   |  32|   0|   32|          0|
    |win_buf_load_9_reg_949   |  32|   0|   32|          0|
    +-------------------------+----+----+-----+-----------+
    |Total                    | 480|   0|  518|         38|
    +-------------------------+----+----+-----+-----------+



================================================================
== Interface
================================================================
* Summary: 
+----------------+-----+-----+------------+--------------+--------------+
|    RTL Ports   | Dir | Bits|  Protocol  | Source Object|    C Type    |
+----------------+-----+-----+------------+--------------+--------------+
|ap_clk          |  in |    1| ap_ctrl_hs |     conv4    | return value |
|ap_rst          |  in |    1| ap_ctrl_hs |     conv4    | return value |
|ap_start        |  in |    1| ap_ctrl_hs |     conv4    | return value |
|ap_done         | out |    1| ap_ctrl_hs |     conv4    | return value |
|ap_idle         | out |    1| ap_ctrl_hs |     conv4    | return value |
|ap_ready        | out |    1| ap_ctrl_hs |     conv4    | return value |
|out_r_address0  | out |   12|  ap_memory |     out_r    |     array    |
|out_r_ce0       | out |    1|  ap_memory |     out_r    |     array    |
|out_r_we0       | out |    1|  ap_memory |     out_r    |     array    |
|out_r_d0        | out |   32|  ap_memory |     out_r    |     array    |
|f3_address0     | out |   13|  ap_memory |      f3      |     array    |
|f3_ce0          | out |    1|  ap_memory |      f3      |     array    |
|f3_q0           |  in |   32|  ap_memory |      f3      |     array    |
+----------------+-----+-----+------------+--------------+--------------+

