

================================================================
== Vivado HLS Report for 'conv1'
================================================================
* Date:           Tue Jun  9 10:57:29 2026

* Version:        2018.3 (Build 2405991 on Thu Dec 06 23:56:15 MST 2018)
* Project:        topp
* Solution:       nodirective
* Product family: zynq
* Target device:  xc7z020clg484-1


================================================================
== Performance Estimates
================================================================
+ Timing (ns): 
    * Summary: 
    +--------+-------+----------+------------+
    |  Clock | Target| Estimated| Uncertainty|
    +--------+-------+----------+------------+
    |ap_clk  |  10.00|     8.024|        1.25|
    +--------+-------+----------+------------+

+ Latency (clock cycles): 
    * Summary: 
    +--------+---------+--------+---------+---------+
    |      Latency     |     Interval     | Pipeline|
    |   min  |   max   |   min  |   max   |   Type  |
    +--------+---------+--------+---------+---------+
    |  110721|  9842817|  110721|  9842817|   none  |
    +--------+---------+--------+---------+---------+

    + Detail: 
        * Instance: 
        N/A

        * Loop: 
        +-----------------------------+--------+---------+---------------+-----------+-----------+------+----------+
        |                             |      Latency     |   Iteration   |  Initiation Interval  | Trip |          |
        |          Loop Name          |   min  |   max   |    Latency    |  achieved |   target  | Count| Pipelined|
        +-----------------------------+--------+---------+---------------+-----------+-----------+------+----------+
        |- Loop 1                     |  110720|  9842816| 1730 ~ 153794 |          -|          -|    64|    no    |
        | + Loop 1.1                  |    1728|   153792|   27 ~ 2403   |          -|          -|    64|    no    |
        |  ++ Loop 1.1.1              |      24|       24|              8|          -|          -|     3|    no    |
        |  ++ Loop 1.1.2              |    2376|     2376|            297|          -|          -|     8|    no    |
        |   +++ Loop 1.1.2.1          |     294|      294|             98|          -|          -|     3|    no    |
        |    ++++ Loop 1.1.2.1.1      |      96|       96|             32|          -|          -|     3|    no    |
        |     +++++ Loop 1.1.2.1.1.1  |      30|       30|             10|          -|          -|     3|    no    |
        +-----------------------------+--------+---------+---------------+-----------+-----------+------+----------+



================================================================
== Utilization Estimates
================================================================
* Summary: 
+-----------------+---------+-------+--------+-------+
|       Name      | BRAM_18K| DSP48E|   FF   |  LUT  |
+-----------------+---------+-------+--------+-------+
|DSP              |        -|      -|       -|      -|
|Expression       |        -|      -|       0|    558|
|FIFO             |        -|      -|       -|      -|
|Instance         |        -|      5|     414|    950|
|Memory           |        4|      -|       0|      0|
|Multiplexer      |        -|      -|       -|    386|
|Register         |        -|      -|     484|      -|
+-----------------+---------+-------+--------+-------+
|Total            |        4|      5|     898|   1894|
+-----------------+---------+-------+--------+-------+
|Available        |      280|    220|  106400|  53200|
+-----------------+---------+-------+--------+-------+
|Utilization (%)  |        1|      2|   ~0   |      3|
+-----------------+---------+-------+--------+-------+

+ Detail: 
    * Instance: 
    +-------------------------+----------------------+---------+-------+-----+-----+
    |         Instance        |        Module        | BRAM_18K| DSP48E|  FF | LUT |
    +-------------------------+----------------------+---------+-------+-----+-----+
    |topp_fadd_32ns_32bkb_U1  |topp_fadd_32ns_32bkb  |        0|      2|  205|  390|
    |topp_fcmp_32ns_32dEe_U3  |topp_fcmp_32ns_32dEe  |        0|      0|   66|  239|
    |topp_fmul_32ns_32cud_U2  |topp_fmul_32ns_32cud  |        0|      3|  143|  321|
    +-------------------------+----------------------+---------+-------+-----+-----+
    |Total                    |                      |        0|      5|  414|  950|
    +-------------------------+----------------------+---------+-------+-----+-----+

    * DSP48: 
    N/A

    * Memory: 
    +-------------+-----------------+---------+---+----+------+-----+------+-------------+
    |    Memory   |      Module     | BRAM_18K| FF| LUT| Words| Bits| Banks| W*Bits*Banks|
    +-------------+-----------------+---------+---+----+------+-----+------+-------------+
    |linbu_4_0_U  |conv1_linbu_4_0  |        1|  0|   0|   192|   32|     1|         6144|
    |linbu_4_1_U  |conv1_linbu_4_0  |        1|  0|   0|   192|   32|     1|         6144|
    |win_buf_U    |conv1_win_buf    |        2|  0|   0|    27|   32|     1|          864|
    +-------------+-----------------+---------+---+----+------+-----+------+-------------+
    |Total        |                 |        4|  0|   0|   411|   96|     3|        13152|
    +-------------+-----------------+---------+---+----+------+-----+------+-------------+

    * FIFO: 
    N/A

    * Expression: 
    +---------------------+----------+-------+---+----+------------+------------+
    |    Variable Name    | Operation| DSP48E| FF| LUT| Bitwidth P0| Bitwidth P1|
    +---------------------+----------+-------+---+----+------------+------------+
    |c_8_fu_457_p2        |     +    |      0|  0|  15|           7|           1|
    |ic_10_fu_518_p2      |     +    |      0|  0|  10|           2|           1|
    |ic_11_fu_796_p2      |     +    |      0|  0|  10|           2|           1|
    |kc_5_fu_763_p2       |     +    |      0|  0|  10|           2|           1|
    |kr_5_fu_725_p2       |     +    |      0|  0|  10|           2|           1|
    |oc_10_fu_699_p2      |     +    |      0|  0|  13|           4|           1|
    |r_8_fu_385_p2        |     +    |      0|  0|  15|           7|           1|
    |tmp_177_fu_485_p2    |     +    |      0|  0|  19|          14|          14|
    |tmp_179_fu_654_p2    |     +    |      0|  0|  15|           9|           9|
    |tmp_180_fu_659_p2    |     +    |      0|  0|  21|          15|          15|
    |tmp_181_fu_532_p2    |     +    |      0|  0|  12|           3|           2|
    |tmp_182_fu_543_p2    |     +    |      0|  0|  13|           4|           3|
    |tmp_184_fu_664_p2    |     +    |      0|  0|  13|           4|           4|
    |tmp_185_fu_611_p2    |     +    |      0|  0|  15|           5|           4|
    |tmp_186_fu_622_p2    |     +    |      0|  0|  15|           5|           5|
    |tmp_187_fu_679_p2    |     +    |      0|  0|  15|           5|           5|
    |tmp_189_fu_585_p2    |     +    |      0|  0|  17|          13|          13|
    |tmp_190_fu_709_p2    |     +    |      0|  0|  23|          16|          16|
    |tmp_193_fu_773_p2    |     +    |      0|  0|  15|           6|           6|
    |tmp_195_fu_806_p2    |     +    |      0|  0|  15|           6|           6|
    |tmp_64_fu_419_p2     |     +    |      0|  0|  15|           7|           3|
    |tmp_69_fu_575_p2     |     +    |      0|  0|  15|           7|           3|
    |tmp_174_fu_445_p2    |     -    |      0|  0|  17|          13|          13|
    |tmp_176_fu_479_p2    |     -    |      0|  0|  15|           9|           9|
    |tmp_178_fu_506_p2    |     -    |      0|  0|  21|          15|          15|
    |tmp_192_fu_747_p2    |     -    |      0|  0|  15|           5|           5|
    |tmp_194_fu_784_p2    |     -    |      0|  0|  15|           6|           6|
    |or_cond_fu_570_p2    |    and   |      0|  0|   2|           1|           1|
    |tmp_82_fu_852_p2     |    and   |      0|  0|   2|           1|           1|
    |exitcond1_fu_757_p2  |   icmp   |      0|  0|   8|           2|           2|
    |exitcond2_fu_719_p2  |   icmp   |      0|  0|   8|           2|           2|
    |exitcond3_fu_693_p2  |   icmp   |      0|  0|  11|           4|           5|
    |exitcond4_fu_512_p2  |   icmp   |      0|  0|   8|           2|           2|
    |exitcond5_fu_451_p2  |   icmp   |      0|  0|  11|           7|           8|
    |exitcond6_fu_379_p2  |   icmp   |      0|  0|  11|           7|           8|
    |exitcond_fu_790_p2   |   icmp   |      0|  0|   8|           2|           2|
    |icmp5_fu_564_p2      |   icmp   |      0|  0|  11|           6|           1|
    |icmp_fu_413_p2       |   icmp   |      0|  0|  11|           6|           1|
    |notlhs_fu_834_p2     |   icmp   |      0|  0|  11|           8|           2|
    |notrhs_fu_840_p2     |   icmp   |      0|  0|  18|          23|           1|
    |tmp_80_fu_846_p2     |    or    |      0|  0|   2|           1|           1|
    |out_r_d0             |  select  |      0|  0|  32|           1|           1|
    +---------------------+----------+-------+---+----+------------+------------+
    |Total                |          |      0|  0| 558|         266|         201|
    +---------------------+----------+-------+---+----+------------+------------+

    * Multiplexer: 
    +--------------------+-----+-----------+-----+-----------+
    |        Name        | LUT | Input Size| Bits| Total Bits|
    +--------------------+-----+-----------+-----+-----------+
    |ap_NS_fsm           |  121|         26|    1|         26|
    |c_reg_246           |    9|          2|    7|         14|
    |ic_1_reg_327        |    9|          2|    2|          4|
    |ic_reg_258          |    9|          2|    2|          4|
    |kc_reg_304          |    9|          2|    2|          4|
    |kr_reg_281          |    9|          2|    2|          4|
    |linbu_4_0_address0  |   15|          3|    8|         24|
    |linbu_4_1_address0  |   15|          3|    8|         24|
    |oc_reg_270          |    9|          2|    4|          8|
    |r_reg_235           |    9|          2|    7|         14|
    |reg_367             |    9|          2|   32|         64|
    |sum7_reg_292        |    9|          2|   32|         64|
    |sum_1_reg_315       |    9|          2|   32|         64|
    |sum_2_reg_338       |    9|          2|   32|         64|
    |win_buf_address0    |   44|          9|    5|         45|
    |win_buf_address1    |   44|          9|    5|         45|
    |win_buf_d0          |   27|          5|   32|        160|
    |win_buf_d1          |   21|          4|   32|        128|
    +--------------------+-----+-----------+-----+-----------+
    |Total               |  386|         81|  245|        760|
    +--------------------+-----+-----------+-----+-----------+

    * Register: 
    +-------------------------+----+----+-----+-----------+
    |           Name          | FF | LUT| Bits| Const Bits|
    +-------------------------+----+----+-----+-----------+
    |ap_CS_fsm                |  25|   0|   25|          0|
    |c_8_reg_892              |   7|   0|    7|          0|
    |c_reg_246                |   7|   0|    7|          0|
    |ic_10_reg_910            |   2|   0|    2|          0|
    |ic_11_reg_1052           |   2|   0|    2|          0|
    |ic_1_reg_327             |   2|   0|    2|          0|
    |ic_reg_258               |   2|   0|    2|          0|
    |icmp_reg_879             |   1|   0|    1|          0|
    |kc_5_reg_1039            |   2|   0|    2|          0|
    |kc_reg_304               |   2|   0|    2|          0|
    |kr_5_reg_1021            |   2|   0|    2|          0|
    |kr_reg_281               |   2|   0|    2|          0|
    |linbu_4_0_addr_reg_990   |   8|   0|    8|          0|
    |linbu_4_1_addr_reg_995   |   8|   0|    8|          0|
    |oc_10_reg_1008           |   4|   0|    4|          0|
    |oc_reg_270               |   4|   0|    4|          0|
    |or_cond_reg_932          |   1|   0|    1|          0|
    |out_addr_reg_1013        |  15|   0|   15|          0|
    |r_8_reg_869              |   7|   0|    7|          0|
    |r_reg_235                |   7|   0|    7|          0|
    |reg_367                  |  32|   0|   32|          0|
    |reg_374                  |  32|   0|   32|          0|
    |sum7_reg_292             |  32|   0|   32|          0|
    |sum_1_reg_315            |  32|   0|   32|          0|
    |sum_2_reg_338            |  32|   0|   32|          0|
    |tmp_174_reg_884          |  12|   0|   13|          1|
    |tmp_176_reg_897          |   9|   0|    9|          0|
    |tmp_178_reg_902          |  15|   0|   15|          0|
    |tmp_179_reg_980          |   9|   0|    9|          0|
    |tmp_180_reg_985          |  15|   0|   15|          0|
    |tmp_194_reg_1044         |   6|   0|    6|          0|
    |tmp_223_cast_reg_874     |   7|   0|   14|          7|
    |tmp_244_cast_reg_936     |  13|   0|   16|          3|
    |tmp_247_cast_reg_1026    |   6|   0|    6|          0|
    |tmp_68_cast8_reg_915     |   2|   0|    4|          2|
    |tmp_68_cast9_reg_941     |   2|   0|    5|          3|
    |tmp_75_reg_1062          |  32|   0|   32|          0|
    |tmp_81_reg_1031          |   1|   0|    1|          0|
    |win_buf_addr_38_reg_926  |   4|   0|    5|          1|
    |win_buf_addr_39_reg_947  |   2|   0|    5|          3|
    |win_buf_addr_41_reg_953  |   5|   0|    5|          0|
    |win_buf_addr_42_reg_958  |   5|   0|    5|          0|
    |win_buf_addr_44_reg_964  |   2|   0|    5|          3|
    |win_buf_addr_reg_920     |   3|   0|    5|          2|
    |win_buf_load_26_reg_970  |  32|   0|   32|          0|
    |win_buf_load_27_reg_975  |  32|   0|   32|          0|
    +-------------------------+----+----+-----+-----------+
    |Total                    | 484|   0|  509|         25|
    +-------------------------+----+----+-----+-----------+



================================================================
== Interface
================================================================
* Summary: 
+----------------+-----+-----+------------+--------------+--------------+
|    RTL Ports   | Dir | Bits|  Protocol  | Source Object|    C Type    |
+----------------+-----+-----+------------+--------------+--------------+
|ap_clk          |  in |    1| ap_ctrl_hs |     conv1    | return value |
|ap_rst          |  in |    1| ap_ctrl_hs |     conv1    | return value |
|ap_start        |  in |    1| ap_ctrl_hs |     conv1    | return value |
|ap_done         | out |    1| ap_ctrl_hs |     conv1    | return value |
|ap_idle         | out |    1| ap_ctrl_hs |     conv1    | return value |
|ap_ready        | out |    1| ap_ctrl_hs |     conv1    | return value |
|in_r_address0   | out |   14|  ap_memory |     in_r     |     array    |
|in_r_ce0        | out |    1|  ap_memory |     in_r     |     array    |
|in_r_q0         |  in |   32|  ap_memory |     in_r     |     array    |
|out_r_address0  | out |   15|  ap_memory |     out_r    |     array    |
|out_r_ce0       | out |    1|  ap_memory |     out_r    |     array    |
|out_r_we0       | out |    1|  ap_memory |     out_r    |     array    |
|out_r_d0        | out |   32|  ap_memory |     out_r    |     array    |
+----------------+-----+-----+------------+--------------+--------------+

