

================================================================
== Vivado HLS Report for 'detection_head'
================================================================
* Date:           Tue Jun  9 10:57:32 2026

* Version:        2018.3 (Build 2405991 on Thu Dec 06 23:56:15 MST 2018)
* Project:        topp
* Solution:       nodirective
* Product family: zynq
* Target device:  xc7z020clg484-1


================================================================
== Performance Estimates
================================================================
+ Timing (ns): 
    * Summary: 
    +--------+-------+----------+------------+
    |  Clock | Target| Estimated| Uncertainty|
    +--------+-------+----------+------------+
    |ap_clk  |  10.00|     8.677|        1.25|
    +--------+-------+----------+------------+

+ Latency (clock cycles): 
    * Summary: 
    +--------+--------+--------+--------+---------+
    |     Latency     |     Interval    | Pipeline|
    |   min  |   max  |   min  |   max  |   Type  |
    +--------+--------+--------+--------+---------+
    |  311569|  311569|  311569|  311569|   none  |
    +--------+--------+--------+--------+---------+

    + Detail: 
        * Instance: 
        N/A

        * Loop: 
        +---------------------+--------+--------+----------+-----------+-----------+------+----------+
        |                     |     Latency     | Iteration|  Initiation Interval  | Trip |          |
        |      Loop Name      |   min  |   max  |  Latency |  achieved |   target  | Count| Pipelined|
        +---------------------+--------+--------+----------+-----------+-----------+------+----------+
        |- Loop 1             |  311568|  311568|     38946|          -|          -|     8|    no    |
        | + Loop 1.1          |   38944|   38944|      4868|          -|          -|     8|    no    |
        |  ++ Loop 1.1.1      |      16|      16|         1|          -|          -|    16|    no    |
        |  ++ Loop 1.1.2      |    4320|    4320|       135|          -|          -|    32|    no    |
        |   +++ Loop 1.1.2.1  |     128|     128|         8|          -|          -|    16|    no    |
        |  ++ Loop 1.1.3      |     528|     528|        33|          -|          -|    16|    no    |
        +---------------------+--------+--------+----------+-----------+-----------+------+----------+



================================================================
== Utilization Estimates
================================================================
* Summary: 
+-----------------+---------+-------+--------+-------+
|       Name      | BRAM_18K| DSP48E|   FF   |  LUT  |
+-----------------+---------+-------+--------+-------+
|DSP              |        -|      -|       -|      -|
|Expression       |        -|      -|       0|    229|
|FIFO             |        -|      -|       -|      -|
|Instance         |        -|     12|    1386|   2629|
|Memory           |        0|      -|      64|      8|
|Multiplexer      |        -|      -|       -|    351|
|Register         |        -|      -|     332|      -|
+-----------------+---------+-------+--------+-------+
|Total            |        0|     12|    1782|   3217|
+-----------------+---------+-------+--------+-------+
|Available        |      280|    220|  106400|  53200|
+-----------------+---------+-------+--------+-------+
|Utilization (%)  |        0|      5|       1|      6|
+-----------------+---------+-------+--------+-------+

+ Detail: 
    * Instance: 
    +--------------------------+----------------------+---------+-------+-----+-----+
    |         Instance         |        Module        | BRAM_18K| DSP48E|  FF | LUT |
    +--------------------------+----------------------+---------+-------+-----+-----+
    |topp_fadd_32ns_32bkb_U45  |topp_fadd_32ns_32bkb  |        0|      2|  205|  390|
    |topp_fdiv_32ns_32fYi_U47  |topp_fdiv_32ns_32fYi  |        0|      0|  761|  994|
    |topp_fexp_32ns_32g8j_U48  |topp_fexp_32ns_32g8j  |        0|      7|  277|  924|
    |topp_fmul_32ns_32cud_U46  |topp_fmul_32ns_32cud  |        0|      3|  143|  321|
    +--------------------------+----------------------+---------+-------+-----+-----+
    |Total                     |                      |        0|     12| 1386| 2629|
    +--------------------------+----------------------+---------+-------+-----+-----+

    * DSP48: 
    N/A

    * Memory: 
    +-------+--------------------+---------+----+----+------+-----+------+-------------+
    | Memory|       Module       | BRAM_18K| FF | LUT| Words| Bits| Banks| W*Bits*Banks|
    +-------+--------------------+---------+----+----+------+-----+------+-------------+
    |sum_U  |detection_head_sum  |        0|  64|   8|    16|   32|     1|          512|
    +-------+--------------------+---------+----+----+------+-----+------+-------------+
    |Total  |                    |        0|  64|   8|    16|   32|     1|          512|
    +-------+--------------------+---------+----+----+------+-----+------+-------------+

    * FIFO: 
    N/A

    * Expression: 
    +---------------------+----------+-------+---+----+------------+------------+
    |    Variable Name    | Operation| DSP48E| FF| LUT| Bitwidth P0| Bitwidth P1|
    +---------------------+----------+-------+---+----+------------+------------+
    |c_3_fu_235_p2        |     +    |      0|  0|  13|           4|           1|
    |ic_1_fu_289_p2       |     +    |      0|  0|  15|           6|           1|
    |oc_3_fu_247_p2       |     +    |      0|  0|  15|           5|           1|
    |oc_4_fu_332_p2       |     +    |      0|  0|  15|           5|           1|
    |oc_5_fu_315_p2       |     +    |      0|  0|  15|           5|           1|
    |r_3_fu_211_p2        |     +    |      0|  0|  13|           4|           1|
    |tmp_93_fu_299_p2     |     +    |      0|  0|  17|          13|          13|
    |tmp_94_fu_347_p2     |     +    |      0|  0|  12|          12|          12|
    |tmp_s_fu_262_p2      |     +    |      0|  0|  15|           8|           8|
    |exitcond1_fu_309_p2  |   icmp   |      0|  0|  11|           5|           6|
    |exitcond2_fu_283_p2  |   icmp   |      0|  0|  11|           6|           7|
    |exitcond3_fu_241_p2  |   icmp   |      0|  0|  11|           5|           6|
    |exitcond4_fu_229_p2  |   icmp   |      0|  0|  11|           4|           5|
    |exitcond5_fu_205_p2  |   icmp   |      0|  0|  11|           4|           5|
    |exitcond_fu_326_p2   |   icmp   |      0|  0|  11|           5|           6|
    |tmp_neg_i_fu_356_p2  |    xor   |      0|  0|  33|          32|          33|
    +---------------------+----------+-------+---+----+------------+------------+
    |Total                |          |      0|  0| 229|         123|         107|
    +---------------------+----------+-------+---+----+------------+------------+

    * Multiplexer: 
    +---------------+-----+-----------+-----+-----------+
    |      Name     | LUT | Input Size| Bits| Total Bits|
    +---------------+-----+-----------+-----+-----------+
    |ap_NS_fsm      |  225|         52|    1|         52|
    |c_reg_118      |    9|          2|    4|          8|
    |grp_fu_174_p0  |   15|          3|   32|         96|
    |grp_fu_174_p1  |   15|          3|   32|         96|
    |ic_reg_141     |    9|          2|    6|         12|
    |oc_1_reg_152   |    9|          2|    5|         10|
    |oc_2_reg_163   |    9|          2|    5|         10|
    |oc_reg_130     |    9|          2|    5|         10|
    |r_reg_107      |    9|          2|    4|          8|
    |sum_address0   |   27|          5|    4|         20|
    |sum_d0         |   15|          3|   32|         96|
    +---------------+-----+-----------+-----+-----------+
    |Total          |  351|         78|  130|        418|
    +---------------+-----+-----------+-----+-----------+

    * Register: 
    +----------------------+----+----+-----+-----------+
    |         Name         | FF | LUT| Bits| Const Bits|
    +----------------------+----+----+-----+-----------+
    |ap_CS_fsm             |  51|   0|   51|          0|
    |c_3_reg_387           |   4|   0|    4|          0|
    |c_reg_118             |   4|   0|    4|          0|
    |ic_1_reg_413          |   6|   0|    6|          0|
    |ic_reg_141            |   6|   0|    6|          0|
    |oc_1_reg_152          |   5|   0|    5|          0|
    |oc_2_reg_163          |   5|   0|    5|          0|
    |oc_4_reg_449          |   5|   0|    5|          0|
    |oc_5_reg_436          |   5|   0|    5|          0|
    |oc_reg_130            |   5|   0|    5|          0|
    |r_3_reg_374           |   4|   0|    4|          0|
    |r_reg_107             |   4|   0|    4|          0|
    |reg_194               |  32|   0|   32|          0|
    |reg_199               |  32|   0|   32|          0|
    |sum_addr_2_reg_441    |   4|   0|    4|          0|
    |tmp_101_cast_reg_400  |   8|   0|   13|          5|
    |tmp_103_cast_reg_405  |   8|   0|   12|          4|
    |tmp_12_reg_428        |  32|   0|   32|          0|
    |tmp_1_i_reg_469       |  32|   0|   32|          0|
    |tmp_3_i_reg_474       |  32|   0|   32|          0|
    |tmp_94_reg_454        |  12|   0|   12|          0|
    |tmp_98_cast_reg_379   |   4|   0|    8|          4|
    |val_reg_423           |  32|   0|   32|          0|
    +----------------------+----+----+-----+-----------+
    |Total                 | 332|   0|  345|         13|
    +----------------------+----+----+-----+-----------+



================================================================
== Interface
================================================================
* Summary: 
+----------------+-----+-----+------------+----------------+--------------+
|    RTL Ports   | Dir | Bits|  Protocol  |  Source Object |    C Type    |
+----------------+-----+-----+------------+----------------+--------------+
|ap_clk          |  in |    1| ap_ctrl_hs | detection_head | return value |
|ap_rst          |  in |    1| ap_ctrl_hs | detection_head | return value |
|ap_start        |  in |    1| ap_ctrl_hs | detection_head | return value |
|ap_done         | out |    1| ap_ctrl_hs | detection_head | return value |
|ap_idle         | out |    1| ap_ctrl_hs | detection_head | return value |
|ap_ready        | out |    1| ap_ctrl_hs | detection_head | return value |
|out_r_address0  | out |   10|  ap_memory |      out_r     |     array    |
|out_r_ce0       | out |    1|  ap_memory |      out_r     |     array    |
|out_r_we0       | out |    1|  ap_memory |      out_r     |     array    |
|out_r_d0        | out |   32|  ap_memory |      out_r     |     array    |
|f5_address0     | out |   11|  ap_memory |       f5       |     array    |
|f5_ce0          | out |    1|  ap_memory |       f5       |     array    |
|f5_q0           |  in |   32|  ap_memory |       f5       |     array    |
+----------------+-----+-----+------------+----------------+--------------+

