

================================================================
== Vivado HLS Report for 'conv3'
================================================================
* Date:           Tue Jun  9 11:01:38 2026

* Version:        2018.3 (Build 2405991 on Thu Dec 06 23:56:15 MST 2018)
* Project:        topp
* Solution:       solution1
* Product family: zynq
* Target device:  xc7z020clg484-1


================================================================
== Performance Estimates
================================================================
+ Timing (ns): 
    * Summary: 
    +--------+-------+----------+------------+
    |  Clock | Target| Estimated| Uncertainty|
    +--------+-------+----------+------------+
    |ap_clk  |  10.00|     7.256|        1.25|
    +--------+-------+----------+------------+

+ Latency (clock cycles): 
    * Summary: 
    +-------+----------+-------+----------+---------+
    |      Latency     |     Interval     | Pipeline|
    |  min  |    max   |  min  |    max   |   Type  |
    +-------+----------+-------+----------+---------+
    |  25705|  10129897|  25705|  10129897|   none  |
    +-------+----------+-------+----------+---------+

    + Detail: 
        * Instance: 
        N/A

        * Loop: 
        +-----------------------------+-------+----------+---------------+-----------+-----------+------+----------+
        |                             |      Latency     |   Iteration   |  Initiation Interval  | Trip |          |
        |          Loop Name          |  min  |    max   |    Latency    |  achieved |   target  | Count| Pipelined|
        +-----------------------------+-------+----------+---------------+-----------+-----------+------+----------+
        |- Loop 1                     |  25704|  10129896| 1836 ~ 723564 |          -|          -|    14|    no    |
        | + Loop 1.1                  |   1834|    723562|  131 ~ 51683  |          -|          -|    14|    no    |
        |  ++ Loop 1.1.1              |    128|       128|              8|          -|          -|    16|    no    |
        |  ++ Loop 1.1.2              |  51552|     51552|           1611|          -|          -|    32|    no    |
        |   +++ Loop 1.1.2.1          |   1608|      1608|            536|          -|          -|     3|    no    |
        |    ++++ Loop 1.1.2.1.1      |    534|       534|            178|          -|          -|     3|    no    |
        |     +++++ Loop 1.1.2.1.1.1  |    176|       176|             11|          -|          -|    16|    no    |
        +-----------------------------+-------+----------+---------------+-----------+-----------+------+----------+

============================================================
+ Verbose Summary: Synthesis Manager
============================================================
InlineROM: 1
ExposeGlobal: 0
============================================================
+ Verbose Summary: CDFG Model
============================================================
IsTopModel: 0
ResetActiveHigh: 1
IsCombinational: 2
IsDatapathOnly: 0
HasWiredReturn: 1
HasMFsm: 0
HasVarLatency: 1
IsPipeline: 0
IsRtlPipelined: 0
IsInstanceOverlapped: 0
IsDontTouch: 0
HasImplIP: 0
IsGatedGlobalClock: 0


============================================================
+ Verbose Summary: Schedule
============================================================
* Number of FSM states : 26
* Pipeline : 0
* Dataflow Pipeline: 0

* FSM state transitions: 
1 --> 
	2  / true
2 --> 
	3  / (!exitcond6_i)
3 --> 
	4  / (!exitcond5_i)
	2  / (exitcond5_i)
4 --> 
	5  / (!exitcond4_i)
	12  / (exitcond4_i)
5 --> 
	6  / true
6 --> 
	7  / true
7 --> 
	8  / true
8 --> 
	9  / true
9 --> 
	10  / true
10 --> 
	11  / true
11 --> 
	4  / true
12 --> 
	13  / (or_cond_i & !exitcond3_i)
	3  / (exitcond3_i) | (!or_cond_i)
13 --> 
	26  / (exitcond2_i)
	14  / (!exitcond2_i)
14 --> 
	15  / (!exitcond1_i)
	13  / (exitcond1_i)
15 --> 
	16  / (!exitcond_i)
	14  / (exitcond_i)
16 --> 
	17  / true
17 --> 
	18  / true
18 --> 
	19  / true
19 --> 
	20  / true
20 --> 
	21  / true
21 --> 
	22  / true
22 --> 
	23  / true
23 --> 
	24  / true
24 --> 
	25  / true
25 --> 
	15  / true
26 --> 
	12  / true

* FSM state operations: 

State 1 <SV = 0> <Delay = 1.76>
ST_1 : Operation 27 [1/1] (0.00ns)   --->   "%win_buf = alloca [144 x float], align 4" [topp.c:228]   --->   Operation 27 'alloca' 'win_buf' <Predicate = true> <Delay = 0.00> <Core = "RAM">   --->   Core 37 'RAM' <Latency = 1> <II = 1> <Delay = 3.25> <Storage> <Opcode : 'load' 'store'> <Ports = 2> <Width = 32> <Depth = 4608> <RAM>
ST_1 : Operation 28 [1/1] (1.76ns)   --->   "br label %.loopexit11" [topp.c:238]   --->   Operation 28 'br' <Predicate = true> <Delay = 1.76>

State 2 <SV = 1> <Delay = 3.55>
ST_2 : Operation 29 [1/1] (0.00ns)   --->   "%r_i = phi i4 [ 0, %entry ], [ %r, %.loopexit11.loopexit ]"   --->   Operation 29 'phi' 'r_i' <Predicate = true> <Delay = 0.00>
ST_2 : Operation 30 [1/1] (0.00ns)   --->   "%r_cast_i = zext i4 %r_i to i5" [topp.c:238]   --->   Operation 30 'zext' 'r_cast_i' <Predicate = true> <Delay = 0.00>
ST_2 : Operation 31 [1/1] (1.30ns)   --->   "%exitcond6_i = icmp eq i4 %r_i, -2" [topp.c:238]   --->   Operation 31 'icmp' 'exitcond6_i' <Predicate = true> <Delay = 1.30> <Core = "Cmp">   --->   Core 25 'Cmp' <Latency = 0> <II = 1> <Delay = 2.44> <FuncUnit> <Opcode : 'icmp'> <InPorts = 2> <OutPorts = 1>
ST_2 : Operation 32 [1/1] (0.00ns)   --->   "%empty = call i32 (...)* @_ssdm_op_SpecLoopTripCount(i64 14, i64 14, i64 14)"   --->   Operation 32 'speclooptripcount' 'empty' <Predicate = true> <Delay = 0.00>
ST_2 : Operation 33 [1/1] (1.73ns)   --->   "%r = add i4 %r_i, 1" [topp.c:238]   --->   Operation 33 'add' 'r' <Predicate = true> <Delay = 1.73> <Core = "AddSub">   --->   Core 14 'AddSub' <Latency = 0> <II = 1> <Delay = 1.82> <FuncUnit> <Opcode : 'add' 'sub'> <InPorts = 2> <OutPorts = 1>
ST_2 : Operation 34 [1/1] (0.00ns)   --->   "br i1 %exitcond6_i, label %conv3.exit, label %.preheader10.preheader.i" [topp.c:238]   --->   Operation 34 'br' <Predicate = true> <Delay = 0.00>
ST_2 : Operation 35 [1/1] (0.00ns)   --->   "%tmp_s = call i8 @_ssdm_op_BitConcatenate.i8.i4.i4(i4 %r_i, i4 0)" [topp.c:238]   --->   Operation 35 'bitconcatenate' 'tmp_s' <Predicate = (!exitcond6_i)> <Delay = 0.00>
ST_2 : Operation 36 [1/1] (0.00ns)   --->   "%p_shl2_cast = zext i8 %tmp_s to i9" [topp.c:238]   --->   Operation 36 'zext' 'p_shl2_cast' <Predicate = (!exitcond6_i)> <Delay = 0.00>
ST_2 : Operation 37 [1/1] (0.00ns)   --->   "%tmp_124 = call i5 @_ssdm_op_BitConcatenate.i5.i4.i1(i4 %r_i, i1 false)" [topp.c:238]   --->   Operation 37 'bitconcatenate' 'tmp_124' <Predicate = (!exitcond6_i)> <Delay = 0.00>
ST_2 : Operation 38 [1/1] (0.00ns)   --->   "%p_shl3_cast = zext i5 %tmp_124 to i9" [topp.c:251]   --->   Operation 38 'zext' 'p_shl3_cast' <Predicate = (!exitcond6_i)> <Delay = 0.00>
ST_2 : Operation 39 [1/1] (1.91ns)   --->   "%tmp_125 = sub i9 %p_shl2_cast, %p_shl3_cast" [topp.c:251]   --->   Operation 39 'sub' 'tmp_125' <Predicate = (!exitcond6_i)> <Delay = 1.91> <Core = "AddSub">   --->   Core 14 'AddSub' <Latency = 0> <II = 1> <Delay = 1.82> <FuncUnit> <Opcode : 'add' 'sub'> <InPorts = 2> <OutPorts = 1>
ST_2 : Operation 40 [1/1] (0.00ns)   --->   "%tmp_92 = call i3 @_ssdm_op_PartSelect.i3.i4.i32.i32(i4 %r_i, i32 1, i32 3)" [topp.c:261]   --->   Operation 40 'partselect' 'tmp_92' <Predicate = (!exitcond6_i)> <Delay = 0.00>
ST_2 : Operation 41 [1/1] (1.13ns)   --->   "%icmp = icmp ne i3 %tmp_92, 0" [topp.c:261]   --->   Operation 41 'icmp' 'icmp' <Predicate = (!exitcond6_i)> <Delay = 1.13> <Core = "Cmp">   --->   Core 25 'Cmp' <Latency = 0> <II = 1> <Delay = 2.44> <FuncUnit> <Opcode : 'icmp'> <InPorts = 2> <OutPorts = 1>
ST_2 : Operation 42 [1/1] (1.73ns)   --->   "%tmp_57_i = add i5 %r_cast_i, -2" [topp.c:275]   --->   Operation 42 'add' 'tmp_57_i' <Predicate = (!exitcond6_i)> <Delay = 1.73> <Core = "AddSub">   --->   Core 14 'AddSub' <Latency = 0> <II = 1> <Delay = 1.82> <FuncUnit> <Opcode : 'add' 'sub'> <InPorts = 2> <OutPorts = 1>
ST_2 : Operation 43 [1/1] (0.00ns)   --->   "%tmp_126 = call i9 @_ssdm_op_BitConcatenate.i9.i5.i4(i5 %tmp_57_i, i4 0)" [topp.c:275]   --->   Operation 43 'bitconcatenate' 'tmp_126' <Predicate = (!exitcond6_i)> <Delay = 0.00>
ST_2 : Operation 44 [1/1] (0.00ns)   --->   "%tmp_127 = call i7 @_ssdm_op_BitConcatenate.i7.i5.i2(i5 %tmp_57_i, i2 0)" [topp.c:275]   --->   Operation 44 'bitconcatenate' 'tmp_127' <Predicate = (!exitcond6_i)> <Delay = 0.00>
ST_2 : Operation 45 [1/1] (0.00ns)   --->   "%p_shl1_cast = sext i7 %tmp_127 to i9" [topp.c:275]   --->   Operation 45 'sext' 'p_shl1_cast' <Predicate = (!exitcond6_i)> <Delay = 0.00>
ST_2 : Operation 46 [1/1] (1.82ns)   --->   "%tmp_128 = sub i9 %tmp_126, %p_shl1_cast" [topp.c:275]   --->   Operation 46 'sub' 'tmp_128' <Predicate = (!exitcond6_i)> <Delay = 1.82> <Core = "AddSub">   --->   Core 14 'AddSub' <Latency = 0> <II = 1> <Delay = 1.82> <FuncUnit> <Opcode : 'add' 'sub'> <InPorts = 2> <OutPorts = 1>
ST_2 : Operation 47 [1/1] (1.76ns)   --->   "br label %.preheader10.i" [topp.c:239]   --->   Operation 47 'br' <Predicate = (!exitcond6_i)> <Delay = 1.76>
ST_2 : Operation 48 [1/1] (0.00ns)   --->   "ret void"   --->   Operation 48 'ret' <Predicate = (exitcond6_i)> <Delay = 0.00>

State 3 <SV = 2> <Delay = 1.82>
ST_3 : Operation 49 [1/1] (0.00ns)   --->   "%c_i = phi i4 [ %c, %.loopexit.i ], [ 0, %.preheader10.preheader.i ]"   --->   Operation 49 'phi' 'c_i' <Predicate = true> <Delay = 0.00>
ST_3 : Operation 50 [1/1] (1.30ns)   --->   "%exitcond5_i = icmp eq i4 %c_i, -2" [topp.c:239]   --->   Operation 50 'icmp' 'exitcond5_i' <Predicate = true> <Delay = 1.30> <Core = "Cmp">   --->   Core 25 'Cmp' <Latency = 0> <II = 1> <Delay = 2.44> <FuncUnit> <Opcode : 'icmp'> <InPorts = 2> <OutPorts = 1>
ST_3 : Operation 51 [1/1] (0.00ns)   --->   "%empty_36 = call i32 (...)* @_ssdm_op_SpecLoopTripCount(i64 14, i64 14, i64 14)"   --->   Operation 51 'speclooptripcount' 'empty_36' <Predicate = true> <Delay = 0.00>
ST_3 : Operation 52 [1/1] (1.73ns)   --->   "%c = add i4 %c_i, 1" [topp.c:239]   --->   Operation 52 'add' 'c' <Predicate = true> <Delay = 1.73> <Core = "AddSub">   --->   Core 14 'AddSub' <Latency = 0> <II = 1> <Delay = 1.82> <FuncUnit> <Opcode : 'add' 'sub'> <InPorts = 2> <OutPorts = 1>
ST_3 : Operation 53 [1/1] (0.00ns)   --->   "br i1 %exitcond5_i, label %.loopexit11.loopexit, label %.preheader9.preheader.i" [topp.c:239]   --->   Operation 53 'br' <Predicate = true> <Delay = 0.00>
ST_3 : Operation 54 [1/1] (0.00ns)   --->   "%tmp_59_i_cast = zext i4 %c_i to i9" [topp.c:239]   --->   Operation 54 'zext' 'tmp_59_i_cast' <Predicate = (!exitcond5_i)> <Delay = 0.00>
ST_3 : Operation 55 [1/1] (0.00ns)   --->   "%tmp_129 = call i8 @_ssdm_op_BitConcatenate.i8.i4.i4(i4 %c_i, i4 0)" [topp.c:239]   --->   Operation 55 'bitconcatenate' 'tmp_129' <Predicate = (!exitcond5_i)> <Delay = 0.00>
ST_3 : Operation 56 [1/1] (0.00ns)   --->   "%tmp_164_cast = zext i8 %tmp_129 to i9" [topp.c:251]   --->   Operation 56 'zext' 'tmp_164_cast' <Predicate = (!exitcond5_i)> <Delay = 0.00>
ST_3 : Operation 57 [1/1] (1.82ns)   --->   "%tmp_130 = add i9 %tmp_59_i_cast, %tmp_125" [topp.c:239]   --->   Operation 57 'add' 'tmp_130' <Predicate = (!exitcond5_i)> <Delay = 1.82> <Core = "AddSub">   --->   Core 14 'AddSub' <Latency = 0> <II = 1> <Delay = 1.82> <FuncUnit> <Opcode : 'add' 'sub'> <InPorts = 2> <OutPorts = 1>
ST_3 : Operation 58 [1/1] (0.00ns)   --->   "%tmp_167_cast = call i13 @_ssdm_op_BitConcatenate.i13.i9.i4(i9 %tmp_130, i4 0)" [topp.c:240]   --->   Operation 58 'bitconcatenate' 'tmp_167_cast' <Predicate = (!exitcond5_i)> <Delay = 0.00>
ST_3 : Operation 59 [1/1] (1.76ns)   --->   "br label %.preheader9.i" [topp.c:240]   --->   Operation 59 'br' <Predicate = (!exitcond5_i)> <Delay = 1.76>
ST_3 : Operation 60 [1/1] (0.00ns)   --->   "br label %.loopexit11"   --->   Operation 60 'br' <Predicate = (exitcond5_i)> <Delay = 0.00>

State 4 <SV = 3> <Delay = 4.03>
ST_4 : Operation 61 [1/1] (0.00ns)   --->   "%ic_i = phi i5 [ %ic, %0 ], [ 0, %.preheader9.preheader.i ]"   --->   Operation 61 'phi' 'ic_i' <Predicate = true> <Delay = 0.00>
ST_4 : Operation 62 [1/1] (1.36ns)   --->   "%exitcond4_i = icmp eq i5 %ic_i, -16" [topp.c:240]   --->   Operation 62 'icmp' 'exitcond4_i' <Predicate = true> <Delay = 1.36> <Core = "Cmp">   --->   Core 25 'Cmp' <Latency = 0> <II = 1> <Delay = 2.44> <FuncUnit> <Opcode : 'icmp'> <InPorts = 2> <OutPorts = 1>
ST_4 : Operation 63 [1/1] (0.00ns)   --->   "%empty_37 = call i32 (...)* @_ssdm_op_SpecLoopTripCount(i64 16, i64 16, i64 16)"   --->   Operation 63 'speclooptripcount' 'empty_37' <Predicate = true> <Delay = 0.00>
ST_4 : Operation 64 [1/1] (1.78ns)   --->   "%ic = add i5 %ic_i, 1" [topp.c:240]   --->   Operation 64 'add' 'ic' <Predicate = true> <Delay = 1.78> <Core = "AddSub">   --->   Core 14 'AddSub' <Latency = 0> <II = 1> <Delay = 1.82> <FuncUnit> <Opcode : 'add' 'sub'> <InPorts = 2> <OutPorts = 1>
ST_4 : Operation 65 [1/1] (0.00ns)   --->   "br i1 %exitcond4_i, label %1, label %0" [topp.c:240]   --->   Operation 65 'br' <Predicate = true> <Delay = 0.00>
ST_4 : Operation 66 [1/1] (0.78ns)   --->   "%tmp_133 = xor i5 %ic_i, -16" [topp.c:242]   --->   Operation 66 'xor' 'tmp_133' <Predicate = (!exitcond4_i)> <Delay = 0.78> <Core = "LogicGate">   --->   Core 27 'LogicGate' <Latency = 0> <II = 1> <Delay = 0.97> <FuncUnit> <Opcode : 'and' 'or' 'xor'> <InPorts = 2> <OutPorts = 1>
ST_4 : Operation 67 [1/1] (0.00ns)   --->   "%tmp_170_cast = zext i5 %tmp_133 to i64" [topp.c:242]   --->   Operation 67 'zext' 'tmp_170_cast' <Predicate = (!exitcond4_i)> <Delay = 0.00>
ST_4 : Operation 68 [1/1] (0.00ns)   --->   "%win_buf_addr = getelementptr [144 x float]* %win_buf, i64 0, i64 %tmp_170_cast" [topp.c:242]   --->   Operation 68 'getelementptr' 'win_buf_addr' <Predicate = (!exitcond4_i)> <Delay = 0.00>
ST_4 : Operation 69 [1/1] (0.00ns)   --->   "%tmp_134 = call i64 @_ssdm_op_BitConcatenate.i64.i59.i5(i59 1, i5 %ic_i)" [topp.c:243]   --->   Operation 69 'bitconcatenate' 'tmp_134' <Predicate = (!exitcond4_i)> <Delay = 0.00>
ST_4 : Operation 70 [1/1] (0.00ns)   --->   "%win_buf_addr_20 = getelementptr [144 x float]* %win_buf, i64 0, i64 %tmp_134" [topp.c:243]   --->   Operation 70 'getelementptr' 'win_buf_addr_20' <Predicate = (!exitcond4_i)> <Delay = 0.00>
ST_4 : Operation 71 [2/2] (3.25ns)   --->   "%win_buf_load = load float* %win_buf_addr, align 4" [topp.c:242]   --->   Operation 71 'load' 'win_buf_load' <Predicate = (!exitcond4_i)> <Delay = 3.25> <Core = "RAM">   --->   Core 37 'RAM' <Latency = 1> <II = 1> <Delay = 3.25> <Storage> <Opcode : 'load' 'store'> <Ports = 2> <Width = 32> <Depth = 4608> <RAM>
ST_4 : Operation 72 [2/2] (3.25ns)   --->   "%win_buf_load_13 = load float* %win_buf_addr_20, align 4" [topp.c:243]   --->   Operation 72 'load' 'win_buf_load_13' <Predicate = (!exitcond4_i)> <Delay = 3.25> <Core = "RAM">   --->   Core 37 'RAM' <Latency = 1> <II = 1> <Delay = 3.25> <Storage> <Opcode : 'load' 'store'> <Ports = 2> <Width = 32> <Depth = 4608> <RAM>
ST_4 : Operation 73 [1/1] (0.00ns)   --->   "%tmp_93 = call i3 @_ssdm_op_PartSelect.i3.i4.i32.i32(i4 %c_i, i32 1, i32 3)" [topp.c:261]   --->   Operation 73 'partselect' 'tmp_93' <Predicate = (exitcond4_i)> <Delay = 0.00>
ST_4 : Operation 74 [1/1] (1.13ns)   --->   "%icmp3 = icmp ne i3 %tmp_93, 0" [topp.c:261]   --->   Operation 74 'icmp' 'icmp3' <Predicate = (exitcond4_i)> <Delay = 1.13> <Core = "Cmp">   --->   Core 25 'Cmp' <Latency = 0> <II = 1> <Delay = 2.44> <FuncUnit> <Opcode : 'icmp'> <InPorts = 2> <OutPorts = 1>
ST_4 : Operation 75 [1/1] (0.97ns)   --->   "%or_cond_i = and i1 %icmp, %icmp3" [topp.c:261]   --->   Operation 75 'and' 'or_cond_i' <Predicate = (exitcond4_i)> <Delay = 0.97> <Core = "LogicGate">   --->   Core 27 'LogicGate' <Latency = 0> <II = 1> <Delay = 0.97> <FuncUnit> <Opcode : 'and' 'or' 'xor'> <InPorts = 2> <OutPorts = 1>
ST_4 : Operation 76 [1/1] (0.00ns)   --->   "br i1 %or_cond_i, label %.preheader8.preheader.i, label %.loopexit.i" [topp.c:261]   --->   Operation 76 'br' <Predicate = (exitcond4_i)> <Delay = 0.00>
ST_4 : Operation 77 [1/1] (1.73ns)   --->   "%tmp_62_i = add i4 %c_i, -2" [topp.c:275]   --->   Operation 77 'add' 'tmp_62_i' <Predicate = (exitcond4_i & or_cond_i)> <Delay = 1.73> <Core = "AddSub">   --->   Core 14 'AddSub' <Latency = 0> <II = 1> <Delay = 1.82> <FuncUnit> <Opcode : 'add' 'sub'> <InPorts = 2> <OutPorts = 1>
ST_4 : Operation 78 [1/1] (0.00ns)   --->   "%tmp_63_i_cast = zext i4 %tmp_62_i to i9" [topp.c:275]   --->   Operation 78 'zext' 'tmp_63_i_cast' <Predicate = (exitcond4_i & or_cond_i)> <Delay = 0.00>
ST_4 : Operation 79 [1/1] (1.82ns)   --->   "%tmp_139 = add i9 %tmp_63_i_cast, %tmp_128" [topp.c:275]   --->   Operation 79 'add' 'tmp_139' <Predicate = (exitcond4_i & or_cond_i)> <Delay = 1.82> <Core = "AddSub">   --->   Core 14 'AddSub' <Latency = 0> <II = 1> <Delay = 1.82> <FuncUnit> <Opcode : 'add' 'sub'> <InPorts = 2> <OutPorts = 1>
ST_4 : Operation 80 [1/1] (0.00ns)   --->   "%tmp_180_cast = call i14 @_ssdm_op_BitConcatenate.i14.i9.i5(i9 %tmp_139, i5 0)" [topp.c:262]   --->   Operation 80 'bitconcatenate' 'tmp_180_cast' <Predicate = (exitcond4_i & or_cond_i)> <Delay = 0.00>
ST_4 : Operation 81 [1/1] (1.76ns)   --->   "br label %.preheader8.i" [topp.c:262]   --->   Operation 81 'br' <Predicate = (exitcond4_i & or_cond_i)> <Delay = 1.76>

State 5 <SV = 4> <Delay = 5.12>
ST_5 : Operation 82 [1/1] (0.00ns)   --->   "%tmp_61_i_cast8 = zext i5 %ic_i to i7" [topp.c:249]   --->   Operation 82 'zext' 'tmp_61_i_cast8' <Predicate = true> <Delay = 0.00>
ST_5 : Operation 83 [1/1] (0.00ns)   --->   "%tmp_135 = call i64 @_ssdm_op_BitConcatenate.i64.i59.i5(i59 2, i5 %ic_i)" [topp.c:244]   --->   Operation 83 'bitconcatenate' 'tmp_135' <Predicate = true> <Delay = 0.00>
ST_5 : Operation 84 [1/1] (0.00ns)   --->   "%win_buf_addr_21 = getelementptr [144 x float]* %win_buf, i64 0, i64 %tmp_135" [topp.c:244]   --->   Operation 84 'getelementptr' 'win_buf_addr_21' <Predicate = true> <Delay = 0.00>
ST_5 : Operation 85 [1/1] (1.87ns)   --->   "%tmp_136 = add i7 %tmp_61_i_cast8, -48" [topp.c:245]   --->   Operation 85 'add' 'tmp_136' <Predicate = true> <Delay = 1.87> <Core = "AddSub">   --->   Core 14 'AddSub' <Latency = 0> <II = 1> <Delay = 1.82> <FuncUnit> <Opcode : 'add' 'sub'> <InPorts = 2> <OutPorts = 1>
ST_5 : Operation 86 [1/1] (0.00ns)   --->   "%tmp_174_cast = zext i7 %tmp_136 to i64" [topp.c:245]   --->   Operation 86 'zext' 'tmp_174_cast' <Predicate = true> <Delay = 0.00>
ST_5 : Operation 87 [1/1] (0.00ns)   --->   "%win_buf_addr_23 = getelementptr [144 x float]* %win_buf, i64 0, i64 %tmp_174_cast" [topp.c:245]   --->   Operation 87 'getelementptr' 'win_buf_addr_23' <Predicate = true> <Delay = 0.00>
ST_5 : Operation 88 [1/2] (3.25ns)   --->   "%win_buf_load = load float* %win_buf_addr, align 4" [topp.c:242]   --->   Operation 88 'load' 'win_buf_load' <Predicate = true> <Delay = 3.25> <Core = "RAM">   --->   Core 37 'RAM' <Latency = 1> <II = 1> <Delay = 3.25> <Storage> <Opcode : 'load' 'store'> <Ports = 2> <Width = 32> <Depth = 4608> <RAM>
ST_5 : Operation 89 [1/2] (3.25ns)   --->   "%win_buf_load_13 = load float* %win_buf_addr_20, align 4" [topp.c:243]   --->   Operation 89 'load' 'win_buf_load_13' <Predicate = true> <Delay = 3.25> <Core = "RAM">   --->   Core 37 'RAM' <Latency = 1> <II = 1> <Delay = 3.25> <Storage> <Opcode : 'load' 'store'> <Ports = 2> <Width = 32> <Depth = 4608> <RAM>
ST_5 : Operation 90 [2/2] (3.25ns)   --->   "%win_buf_load_14 = load float* %win_buf_addr_21, align 4" [topp.c:244]   --->   Operation 90 'load' 'win_buf_load_14' <Predicate = true> <Delay = 3.25> <Core = "RAM">   --->   Core 37 'RAM' <Latency = 1> <II = 1> <Delay = 3.25> <Storage> <Opcode : 'load' 'store'> <Ports = 2> <Width = 32> <Depth = 4608> <RAM>
ST_5 : Operation 91 [2/2] (3.25ns)   --->   "%win_buf_load_15 = load float* %win_buf_addr_23, align 4" [topp.c:245]   --->   Operation 91 'load' 'win_buf_load_15' <Predicate = true> <Delay = 3.25> <Core = "RAM">   --->   Core 37 'RAM' <Latency = 1> <II = 1> <Delay = 3.25> <Storage> <Opcode : 'load' 'store'> <Ports = 2> <Width = 32> <Depth = 4608> <RAM>

State 6 <SV = 5> <Delay = 3.25>
ST_6 : Operation 92 [1/1] (0.00ns)   --->   "%tmp_175_cast9 = sext i5 %tmp_133 to i7" [topp.c:246]   --->   Operation 92 'sext' 'tmp_175_cast9' <Predicate = true> <Delay = 0.00>
ST_6 : Operation 93 [1/1] (0.00ns)   --->   "%tmp_175_cast = zext i7 %tmp_175_cast9 to i64" [topp.c:246]   --->   Operation 93 'zext' 'tmp_175_cast' <Predicate = true> <Delay = 0.00>
ST_6 : Operation 94 [1/1] (0.00ns)   --->   "%win_buf_addr_24 = getelementptr [144 x float]* %win_buf, i64 0, i64 %tmp_175_cast" [topp.c:246]   --->   Operation 94 'getelementptr' 'win_buf_addr_24' <Predicate = true> <Delay = 0.00>
ST_6 : Operation 95 [1/1] (0.00ns)   --->   "%tmp_138 = call i64 @_ssdm_op_BitConcatenate.i64.i59.i5(i59 4, i5 %ic_i)" [topp.c:247]   --->   Operation 95 'bitconcatenate' 'tmp_138' <Predicate = true> <Delay = 0.00>
ST_6 : Operation 96 [1/1] (0.00ns)   --->   "%win_buf_addr_26 = getelementptr [144 x float]* %win_buf, i64 0, i64 %tmp_138" [topp.c:247]   --->   Operation 96 'getelementptr' 'win_buf_addr_26' <Predicate = true> <Delay = 0.00>
ST_6 : Operation 97 [1/2] (3.25ns)   --->   "%win_buf_load_14 = load float* %win_buf_addr_21, align 4" [topp.c:244]   --->   Operation 97 'load' 'win_buf_load_14' <Predicate = true> <Delay = 3.25> <Core = "RAM">   --->   Core 37 'RAM' <Latency = 1> <II = 1> <Delay = 3.25> <Storage> <Opcode : 'load' 'store'> <Ports = 2> <Width = 32> <Depth = 4608> <RAM>
ST_6 : Operation 98 [1/2] (3.25ns)   --->   "%win_buf_load_15 = load float* %win_buf_addr_23, align 4" [topp.c:245]   --->   Operation 98 'load' 'win_buf_load_15' <Predicate = true> <Delay = 3.25> <Core = "RAM">   --->   Core 37 'RAM' <Latency = 1> <II = 1> <Delay = 3.25> <Storage> <Opcode : 'load' 'store'> <Ports = 2> <Width = 32> <Depth = 4608> <RAM>
ST_6 : Operation 99 [2/2] (3.25ns)   --->   "%win_buf_load_16 = load float* %win_buf_addr_24, align 4" [topp.c:246]   --->   Operation 99 'load' 'win_buf_load_16' <Predicate = true> <Delay = 3.25> <Core = "RAM">   --->   Core 37 'RAM' <Latency = 1> <II = 1> <Delay = 3.25> <Storage> <Opcode : 'load' 'store'> <Ports = 2> <Width = 32> <Depth = 4608> <RAM>
ST_6 : Operation 100 [2/2] (3.25ns)   --->   "%win_buf_load_17 = load float* %win_buf_addr_26, align 4" [topp.c:247]   --->   Operation 100 'load' 'win_buf_load_17' <Predicate = true> <Delay = 3.25> <Core = "RAM">   --->   Core 37 'RAM' <Latency = 1> <II = 1> <Delay = 3.25> <Storage> <Opcode : 'load' 'store'> <Ports = 2> <Width = 32> <Depth = 4608> <RAM>

State 7 <SV = 6> <Delay = 3.25>
ST_7 : Operation 101 [1/1] (0.00ns)   --->   "%tmp_61_i = zext i5 %ic_i to i64" [topp.c:242]   --->   Operation 101 'zext' 'tmp_61_i' <Predicate = true> <Delay = 0.00>
ST_7 : Operation 102 [1/1] (0.00ns)   --->   "%win_buf_addr_19 = getelementptr [144 x float]* %win_buf, i64 0, i64 %tmp_61_i" [topp.c:242]   --->   Operation 102 'getelementptr' 'win_buf_addr_19' <Predicate = true> <Delay = 0.00>
ST_7 : Operation 103 [1/1] (3.25ns)   --->   "store float %win_buf_load, float* %win_buf_addr_19, align 4" [topp.c:242]   --->   Operation 103 'store' <Predicate = true> <Delay = 3.25> <Core = "RAM">   --->   Core 37 'RAM' <Latency = 1> <II = 1> <Delay = 3.25> <Storage> <Opcode : 'load' 'store'> <Ports = 2> <Width = 32> <Depth = 4608> <RAM>
ST_7 : Operation 104 [1/1] (3.25ns)   --->   "store float %win_buf_load_13, float* %win_buf_addr, align 4" [topp.c:243]   --->   Operation 104 'store' <Predicate = true> <Delay = 3.25> <Core = "RAM">   --->   Core 37 'RAM' <Latency = 1> <II = 1> <Delay = 3.25> <Storage> <Opcode : 'load' 'store'> <Ports = 2> <Width = 32> <Depth = 4608> <RAM>
ST_7 : Operation 105 [1/2] (3.25ns)   --->   "%win_buf_load_16 = load float* %win_buf_addr_24, align 4" [topp.c:246]   --->   Operation 105 'load' 'win_buf_load_16' <Predicate = true> <Delay = 3.25> <Core = "RAM">   --->   Core 37 'RAM' <Latency = 1> <II = 1> <Delay = 3.25> <Storage> <Opcode : 'load' 'store'> <Ports = 2> <Width = 32> <Depth = 4608> <RAM>
ST_7 : Operation 106 [1/2] (3.25ns)   --->   "%win_buf_load_17 = load float* %win_buf_addr_26, align 4" [topp.c:247]   --->   Operation 106 'load' 'win_buf_load_17' <Predicate = true> <Delay = 3.25> <Core = "RAM">   --->   Core 37 'RAM' <Latency = 1> <II = 1> <Delay = 3.25> <Storage> <Opcode : 'load' 'store'> <Ports = 2> <Width = 32> <Depth = 4608> <RAM>

State 8 <SV = 7> <Delay = 3.25>
ST_8 : Operation 107 [1/1] (0.00ns)   --->   "%tmp_173_cast1 = sext i5 %tmp_133 to i6" [topp.c:244]   --->   Operation 107 'sext' 'tmp_173_cast1' <Predicate = true> <Delay = 0.00>
ST_8 : Operation 108 [1/1] (0.00ns)   --->   "%tmp_173_cast = zext i6 %tmp_173_cast1 to i64" [topp.c:244]   --->   Operation 108 'zext' 'tmp_173_cast' <Predicate = true> <Delay = 0.00>
ST_8 : Operation 109 [1/1] (0.00ns)   --->   "%win_buf_addr_22 = getelementptr [144 x float]* %win_buf, i64 0, i64 %tmp_173_cast" [topp.c:244]   --->   Operation 109 'getelementptr' 'win_buf_addr_22' <Predicate = true> <Delay = 0.00>
ST_8 : Operation 110 [1/1] (3.25ns)   --->   "store float %win_buf_load_14, float* %win_buf_addr_22, align 4" [topp.c:244]   --->   Operation 110 'store' <Predicate = true> <Delay = 3.25> <Core = "RAM">   --->   Core 37 'RAM' <Latency = 1> <II = 1> <Delay = 3.25> <Storage> <Opcode : 'load' 'store'> <Ports = 2> <Width = 32> <Depth = 4608> <RAM>
ST_8 : Operation 111 [1/1] (3.25ns)   --->   "store float %win_buf_load_15, float* %win_buf_addr_21, align 4" [topp.c:245]   --->   Operation 111 'store' <Predicate = true> <Delay = 3.25> <Core = "RAM">   --->   Core 37 'RAM' <Latency = 1> <II = 1> <Delay = 3.25> <Storage> <Opcode : 'load' 'store'> <Ports = 2> <Width = 32> <Depth = 4608> <RAM>

State 9 <SV = 8> <Delay = 5.16>
ST_9 : Operation 112 [1/1] (0.00ns)   --->   "%tmp_61_i_cast5 = zext i5 %ic_i to i13" [topp.c:249]   --->   Operation 112 'zext' 'tmp_61_i_cast5' <Predicate = true> <Delay = 0.00>
ST_9 : Operation 113 [1/1] (0.00ns)   --->   "%tmp_61_i_cast = zext i5 %ic_i to i9" [topp.c:249]   --->   Operation 113 'zext' 'tmp_61_i_cast' <Predicate = true> <Delay = 0.00>
ST_9 : Operation 114 [1/1] (1.91ns)   --->   "%tmp_131 = add i9 %tmp_164_cast, %tmp_61_i_cast" [topp.c:249]   --->   Operation 114 'add' 'tmp_131' <Predicate = true> <Delay = 1.91> <Core = "AddSub">   --->   Core 14 'AddSub' <Latency = 0> <II = 1> <Delay = 1.82> <FuncUnit> <Opcode : 'add' 'sub'> <InPorts = 2> <OutPorts = 1>
ST_9 : Operation 115 [1/1] (0.00ns)   --->   "%tmp_168_cast = zext i9 %tmp_131 to i64" [topp.c:249]   --->   Operation 115 'zext' 'tmp_168_cast' <Predicate = true> <Delay = 0.00>
ST_9 : Operation 116 [1/1] (0.00ns)   --->   "%linbu_6_0_addr = getelementptr [224 x float]* @linbu_6_0, i64 0, i64 %tmp_168_cast" [topp.c:249]   --->   Operation 116 'getelementptr' 'linbu_6_0_addr' <Predicate = true> <Delay = 0.00>
ST_9 : Operation 117 [1/1] (0.00ns)   --->   "%linbu_6_1_addr = getelementptr [224 x float]* @linbu_6_1, i64 0, i64 %tmp_168_cast" [topp.c:250]   --->   Operation 117 'getelementptr' 'linbu_6_1_addr' <Predicate = true> <Delay = 0.00>
ST_9 : Operation 118 [1/1] (1.67ns)   --->   "%tmp_132 = add i13 %tmp_167_cast, %tmp_61_i_cast5" [topp.c:251]   --->   Operation 118 'add' 'tmp_132' <Predicate = true> <Delay = 1.67> <Core = "AddSub">   --->   Core 14 'AddSub' <Latency = 0> <II = 1> <Delay = 1.82> <FuncUnit> <Opcode : 'add' 'sub'> <InPorts = 2> <OutPorts = 1>
ST_9 : Operation 119 [1/1] (0.00ns)   --->   "%tmp_137 = call i64 @_ssdm_op_BitConcatenate.i64.i59.i5(i59 3, i5 %ic_i)" [topp.c:246]   --->   Operation 119 'bitconcatenate' 'tmp_137' <Predicate = true> <Delay = 0.00>
ST_9 : Operation 120 [1/1] (0.00ns)   --->   "%win_buf_addr_25 = getelementptr [144 x float]* %win_buf, i64 0, i64 %tmp_137" [topp.c:246]   --->   Operation 120 'getelementptr' 'win_buf_addr_25' <Predicate = true> <Delay = 0.00>
ST_9 : Operation 121 [1/1] (3.25ns)   --->   "store float %win_buf_load_16, float* %win_buf_addr_25, align 4" [topp.c:246]   --->   Operation 121 'store' <Predicate = true> <Delay = 3.25> <Core = "RAM">   --->   Core 37 'RAM' <Latency = 1> <II = 1> <Delay = 3.25> <Storage> <Opcode : 'load' 'store'> <Ports = 2> <Width = 32> <Depth = 4608> <RAM>
ST_9 : Operation 122 [1/1] (3.25ns)   --->   "store float %win_buf_load_17, float* %win_buf_addr_24, align 4" [topp.c:247]   --->   Operation 122 'store' <Predicate = true> <Delay = 3.25> <Core = "RAM">   --->   Core 37 'RAM' <Latency = 1> <II = 1> <Delay = 3.25> <Storage> <Opcode : 'load' 'store'> <Ports = 2> <Width = 32> <Depth = 4608> <RAM>
ST_9 : Operation 123 [2/2] (3.25ns)   --->   "%val0 = load float* %linbu_6_0_addr, align 4" [topp.c:249]   --->   Operation 123 'load' 'val0' <Predicate = true> <Delay = 3.25> <Core = "RAM">   --->   Core 37 'RAM' <Latency = 1> <II = 1> <Delay = 3.25> <Storage> <Opcode : 'load' 'store'> <Ports = 2> <Width = 32> <Depth = 4608> <RAM>
ST_9 : Operation 124 [2/2] (3.25ns)   --->   "%val1 = load float* %linbu_6_1_addr, align 4" [topp.c:250]   --->   Operation 124 'load' 'val1' <Predicate = true> <Delay = 3.25> <Core = "RAM">   --->   Core 37 'RAM' <Latency = 1> <II = 1> <Delay = 3.25> <Storage> <Opcode : 'load' 'store'> <Ports = 2> <Width = 32> <Depth = 4608> <RAM>

State 10 <SV = 9> <Delay = 6.50>
ST_10 : Operation 125 [1/1] (0.00ns)   --->   "%tmp_169_cast = zext i13 %tmp_132 to i64" [topp.c:251]   --->   Operation 125 'zext' 'tmp_169_cast' <Predicate = true> <Delay = 0.00>
ST_10 : Operation 126 [1/1] (0.00ns)   --->   "%p2_addr = getelementptr [3136 x float]* %p2, i64 0, i64 %tmp_169_cast" [topp.c:251]   --->   Operation 126 'getelementptr' 'p2_addr' <Predicate = true> <Delay = 0.00>
ST_10 : Operation 127 [1/2] (3.25ns)   --->   "%val0 = load float* %linbu_6_0_addr, align 4" [topp.c:249]   --->   Operation 127 'load' 'val0' <Predicate = true> <Delay = 3.25> <Core = "RAM">   --->   Core 37 'RAM' <Latency = 1> <II = 1> <Delay = 3.25> <Storage> <Opcode : 'load' 'store'> <Ports = 2> <Width = 32> <Depth = 4608> <RAM>
ST_10 : Operation 128 [1/2] (3.25ns)   --->   "%val1 = load float* %linbu_6_1_addr, align 4" [topp.c:250]   --->   Operation 128 'load' 'val1' <Predicate = true> <Delay = 3.25> <Core = "RAM">   --->   Core 37 'RAM' <Latency = 1> <II = 1> <Delay = 3.25> <Storage> <Opcode : 'load' 'store'> <Ports = 2> <Width = 32> <Depth = 4608> <RAM>
ST_10 : Operation 129 [2/2] (3.25ns)   --->   "%val2 = load float* %p2_addr, align 4" [topp.c:251]   --->   Operation 129 'load' 'val2' <Predicate = true> <Delay = 3.25> <Core = "RAM">   --->   Core 37 'RAM' <Latency = 1> <II = 1> <Delay = 3.25> <Storage> <Opcode : 'load' 'store'> <Ports = 2> <Width = 32> <Depth = 4608> <RAM>
ST_10 : Operation 130 [1/1] (3.25ns)   --->   "store float %val1, float* %linbu_6_0_addr, align 4" [topp.c:253]   --->   Operation 130 'store' <Predicate = true> <Delay = 3.25> <Core = "RAM">   --->   Core 37 'RAM' <Latency = 1> <II = 1> <Delay = 3.25> <Storage> <Opcode : 'load' 'store'> <Ports = 2> <Width = 32> <Depth = 4608> <RAM>
ST_10 : Operation 131 [1/1] (3.25ns)   --->   "store float %val0, float* %win_buf_addr_20, align 4" [topp.c:256]   --->   Operation 131 'store' <Predicate = true> <Delay = 3.25> <Core = "RAM">   --->   Core 37 'RAM' <Latency = 1> <II = 1> <Delay = 3.25> <Storage> <Opcode : 'load' 'store'> <Ports = 2> <Width = 32> <Depth = 4608> <RAM>
ST_10 : Operation 132 [1/1] (3.25ns)   --->   "store float %val1, float* %win_buf_addr_23, align 4" [topp.c:257]   --->   Operation 132 'store' <Predicate = true> <Delay = 3.25> <Core = "RAM">   --->   Core 37 'RAM' <Latency = 1> <II = 1> <Delay = 3.25> <Storage> <Opcode : 'load' 'store'> <Ports = 2> <Width = 32> <Depth = 4608> <RAM>

State 11 <SV = 10> <Delay = 6.50>
ST_11 : Operation 133 [1/2] (3.25ns)   --->   "%val2 = load float* %p2_addr, align 4" [topp.c:251]   --->   Operation 133 'load' 'val2' <Predicate = true> <Delay = 3.25> <Core = "RAM">   --->   Core 37 'RAM' <Latency = 1> <II = 1> <Delay = 3.25> <Storage> <Opcode : 'load' 'store'> <Ports = 2> <Width = 32> <Depth = 4608> <RAM>
ST_11 : Operation 134 [1/1] (3.25ns)   --->   "store float %val2, float* %linbu_6_1_addr, align 4" [topp.c:254]   --->   Operation 134 'store' <Predicate = true> <Delay = 3.25> <Core = "RAM">   --->   Core 37 'RAM' <Latency = 1> <II = 1> <Delay = 3.25> <Storage> <Opcode : 'load' 'store'> <Ports = 2> <Width = 32> <Depth = 4608> <RAM>
ST_11 : Operation 135 [1/1] (3.25ns)   --->   "store float %val2, float* %win_buf_addr_26, align 4" [topp.c:258]   --->   Operation 135 'store' <Predicate = true> <Delay = 3.25> <Core = "RAM">   --->   Core 37 'RAM' <Latency = 1> <II = 1> <Delay = 3.25> <Storage> <Opcode : 'load' 'store'> <Ports = 2> <Width = 32> <Depth = 4608> <RAM>
ST_11 : Operation 136 [1/1] (0.00ns)   --->   "br label %.preheader9.i" [topp.c:240]   --->   Operation 136 'br' <Predicate = true> <Delay = 0.00>

State 12 <SV = 4> <Delay = 1.82>
ST_12 : Operation 137 [1/1] (0.00ns)   --->   "%oc_i = phi i6 [ %oc, %4 ], [ 0, %.preheader8.preheader.i ]"   --->   Operation 137 'phi' 'oc_i' <Predicate = (or_cond_i)> <Delay = 0.00>
ST_12 : Operation 138 [1/1] (1.42ns)   --->   "%exitcond3_i = icmp eq i6 %oc_i, -32" [topp.c:262]   --->   Operation 138 'icmp' 'exitcond3_i' <Predicate = (or_cond_i)> <Delay = 1.42> <Core = "Cmp">   --->   Core 25 'Cmp' <Latency = 0> <II = 1> <Delay = 2.44> <FuncUnit> <Opcode : 'icmp'> <InPorts = 2> <OutPorts = 1>
ST_12 : Operation 139 [1/1] (0.00ns)   --->   "%empty_38 = call i32 (...)* @_ssdm_op_SpecLoopTripCount(i64 32, i64 32, i64 32)"   --->   Operation 139 'speclooptripcount' 'empty_38' <Predicate = (or_cond_i)> <Delay = 0.00>
ST_12 : Operation 140 [1/1] (1.82ns)   --->   "%oc = add i6 %oc_i, 1" [topp.c:262]   --->   Operation 140 'add' 'oc' <Predicate = (or_cond_i)> <Delay = 1.82> <Core = "AddSub">   --->   Core 14 'AddSub' <Latency = 0> <II = 1> <Delay = 1.82> <FuncUnit> <Opcode : 'add' 'sub'> <InPorts = 2> <OutPorts = 1>
ST_12 : Operation 141 [1/1] (0.00ns)   --->   "br i1 %exitcond3_i, label %.loopexit.i.loopexit, label %2" [topp.c:262]   --->   Operation 141 'br' <Predicate = (or_cond_i)> <Delay = 0.00>
ST_12 : Operation 142 [1/1] (0.00ns)   --->   "%tmp_64_i_cast = zext i6 %oc_i to i14" [topp.c:275]   --->   Operation 142 'zext' 'tmp_64_i_cast' <Predicate = (or_cond_i & !exitcond3_i)> <Delay = 0.00>
ST_12 : Operation 143 [1/1] (1.81ns)   --->   "%tmp_140 = add i14 %tmp_180_cast, %tmp_64_i_cast" [topp.c:275]   --->   Operation 143 'add' 'tmp_140' <Predicate = (or_cond_i & !exitcond3_i)> <Delay = 1.81> <Core = "AddSub">   --->   Core 14 'AddSub' <Latency = 0> <II = 1> <Delay = 1.82> <FuncUnit> <Opcode : 'add' 'sub'> <InPorts = 2> <OutPorts = 1>
ST_12 : Operation 144 [1/1] (0.00ns)   --->   "%tmp_181_cast = zext i14 %tmp_140 to i64" [topp.c:275]   --->   Operation 144 'zext' 'tmp_181_cast' <Predicate = (or_cond_i & !exitcond3_i)> <Delay = 0.00>
ST_12 : Operation 145 [1/1] (0.00ns)   --->   "%out_addr = getelementptr [4608 x float]* %out_r, i64 0, i64 %tmp_181_cast" [topp.c:275]   --->   Operation 145 'getelementptr' 'out_addr' <Predicate = (or_cond_i & !exitcond3_i)> <Delay = 0.00>
ST_12 : Operation 146 [1/1] (1.76ns)   --->   "br label %.loopexit" [topp.c:265]   --->   Operation 146 'br' <Predicate = (or_cond_i & !exitcond3_i)> <Delay = 1.76>
ST_12 : Operation 147 [1/1] (0.00ns)   --->   "br label %.loopexit.i"   --->   Operation 147 'br' <Predicate = (or_cond_i & exitcond3_i)> <Delay = 0.00>
ST_12 : Operation 148 [1/1] (0.00ns)   --->   "br label %.preheader10.i" [topp.c:239]   --->   Operation 148 'br' <Predicate = (exitcond3_i) | (!or_cond_i)> <Delay = 0.00>

State 13 <SV = 5> <Delay = 6.78>
ST_13 : Operation 149 [1/1] (0.00ns)   --->   "%kr_i = phi i2 [ 0, %2 ], [ %kr, %.loopexit.loopexit ]"   --->   Operation 149 'phi' 'kr_i' <Predicate = true> <Delay = 0.00>
ST_13 : Operation 150 [1/1] (0.00ns)   --->   "%sum6_i = phi float [ 0.000000e+00, %2 ], [ %sum_1_i, %.loopexit.loopexit ]" [topp.c:270]   --->   Operation 150 'phi' 'sum6_i' <Predicate = true> <Delay = 0.00>
ST_13 : Operation 151 [1/1] (0.95ns)   --->   "%exitcond2_i = icmp eq i2 %kr_i, -1" [topp.c:265]   --->   Operation 151 'icmp' 'exitcond2_i' <Predicate = true> <Delay = 0.95> <Core = "Cmp">   --->   Core 25 'Cmp' <Latency = 0> <II = 1> <Delay = 2.44> <FuncUnit> <Opcode : 'icmp'> <InPorts = 2> <OutPorts = 1>
ST_13 : Operation 152 [1/1] (0.00ns)   --->   "%empty_39 = call i32 (...)* @_ssdm_op_SpecLoopTripCount(i64 3, i64 3, i64 3)"   --->   Operation 152 'speclooptripcount' 'empty_39' <Predicate = true> <Delay = 0.00>
ST_13 : Operation 153 [1/1] (1.56ns)   --->   "%kr = add i2 %kr_i, 1" [topp.c:265]   --->   Operation 153 'add' 'kr' <Predicate = true> <Delay = 1.56> <Core = "AddSub">   --->   Core 14 'AddSub' <Latency = 0> <II = 1> <Delay = 1.82> <FuncUnit> <Opcode : 'add' 'sub'> <InPorts = 2> <OutPorts = 1>
ST_13 : Operation 154 [1/1] (0.00ns)   --->   "br i1 %exitcond2_i, label %4, label %.preheader7.preheader.i" [topp.c:265]   --->   Operation 154 'br' <Predicate = true> <Delay = 0.00>
ST_13 : Operation 155 [1/1] (0.00ns)   --->   "%tmp_66_i_cast = zext i2 %kr_i to i5" [topp.c:265]   --->   Operation 155 'zext' 'tmp_66_i_cast' <Predicate = (!exitcond2_i)> <Delay = 0.00>
ST_13 : Operation 156 [1/1] (0.00ns)   --->   "%tmp_141 = call i4 @_ssdm_op_BitConcatenate.i4.i2.i2(i2 %kr_i, i2 0)" [topp.c:265]   --->   Operation 156 'bitconcatenate' 'tmp_141' <Predicate = (!exitcond2_i)> <Delay = 0.00>
ST_13 : Operation 157 [1/1] (0.00ns)   --->   "%p_shl4_cast = zext i4 %tmp_141 to i5" [topp.c:270]   --->   Operation 157 'zext' 'p_shl4_cast' <Predicate = (!exitcond2_i)> <Delay = 0.00>
ST_13 : Operation 158 [1/1] (1.73ns)   --->   "%tmp_142 = sub i5 %p_shl4_cast, %tmp_66_i_cast" [topp.c:270]   --->   Operation 158 'sub' 'tmp_142' <Predicate = (!exitcond2_i)> <Delay = 1.73> <Core = "AddSub">   --->   Core 14 'AddSub' <Latency = 0> <II = 1> <Delay = 1.82> <FuncUnit> <Opcode : 'add' 'sub'> <InPorts = 2> <OutPorts = 1>
ST_13 : Operation 159 [1/1] (1.76ns)   --->   "br label %.preheader7.i" [topp.c:267]   --->   Operation 159 'br' <Predicate = (!exitcond2_i)> <Delay = 1.76>
ST_13 : Operation 160 [1/1] (6.78ns)   --->   "%tmp_55 = fcmp olt float %sum6_i, 0.000000e+00" [topp.c:274]   --->   Operation 160 'fcmp' 'tmp_55' <Predicate = (exitcond2_i)> <Delay = 6.78> <Core = "FCmp">   --->   Core 110 'FCmp' <Latency = 0> <II = 1> <Delay = 6.78> <FuncUnit> <Opcode : 'fcmp'> <InPorts = 2> <OutPorts = 1>

State 14 <SV = 6> <Delay = 1.78>
ST_14 : Operation 161 [1/1] (0.00ns)   --->   "%kc_i = phi i2 [ 0, %.preheader7.preheader.i ], [ %kc, %.preheader7.i.loopexit ]"   --->   Operation 161 'phi' 'kc_i' <Predicate = true> <Delay = 0.00>
ST_14 : Operation 162 [1/1] (0.00ns)   --->   "%sum_1_i = phi float [ %sum6_i, %.preheader7.preheader.i ], [ %sum_2_i, %.preheader7.i.loopexit ]" [topp.c:270]   --->   Operation 162 'phi' 'sum_1_i' <Predicate = true> <Delay = 0.00>
ST_14 : Operation 163 [1/1] (0.95ns)   --->   "%exitcond1_i = icmp eq i2 %kc_i, -1" [topp.c:267]   --->   Operation 163 'icmp' 'exitcond1_i' <Predicate = true> <Delay = 0.95> <Core = "Cmp">   --->   Core 25 'Cmp' <Latency = 0> <II = 1> <Delay = 2.44> <FuncUnit> <Opcode : 'icmp'> <InPorts = 2> <OutPorts = 1>
ST_14 : Operation 164 [1/1] (0.00ns)   --->   "%empty_40 = call i32 (...)* @_ssdm_op_SpecLoopTripCount(i64 3, i64 3, i64 3)"   --->   Operation 164 'speclooptripcount' 'empty_40' <Predicate = true> <Delay = 0.00>
ST_14 : Operation 165 [1/1] (1.56ns)   --->   "%kc = add i2 %kc_i, 1" [topp.c:267]   --->   Operation 165 'add' 'kc' <Predicate = true> <Delay = 1.56> <Core = "AddSub">   --->   Core 14 'AddSub' <Latency = 0> <II = 1> <Delay = 1.82> <FuncUnit> <Opcode : 'add' 'sub'> <InPorts = 2> <OutPorts = 1>
ST_14 : Operation 166 [1/1] (0.00ns)   --->   "br i1 %exitcond1_i, label %.loopexit.loopexit, label %.preheader.preheader.i" [topp.c:267]   --->   Operation 166 'br' <Predicate = true> <Delay = 0.00>
ST_14 : Operation 167 [1/1] (0.00ns)   --->   "%tmp_67_i_cast = zext i2 %kc_i to i5" [topp.c:267]   --->   Operation 167 'zext' 'tmp_67_i_cast' <Predicate = (!exitcond1_i)> <Delay = 0.00>
ST_14 : Operation 168 [1/1] (1.78ns)   --->   "%tmp_143 = add i5 %tmp_67_i_cast, %tmp_142" [topp.c:267]   --->   Operation 168 'add' 'tmp_143' <Predicate = (!exitcond1_i)> <Delay = 1.78> <Core = "AddSub">   --->   Core 14 'AddSub' <Latency = 0> <II = 1> <Delay = 1.82> <FuncUnit> <Opcode : 'add' 'sub'> <InPorts = 2> <OutPorts = 1>
ST_14 : Operation 169 [1/1] (0.00ns)   --->   "%tmp_186_cast = call i9 @_ssdm_op_BitConcatenate.i9.i5.i4(i5 %tmp_143, i4 0)" [topp.c:269]   --->   Operation 169 'bitconcatenate' 'tmp_186_cast' <Predicate = (!exitcond1_i)> <Delay = 0.00>
ST_14 : Operation 170 [1/1] (1.76ns)   --->   "br label %.preheader.i" [topp.c:269]   --->   Operation 170 'br' <Predicate = (!exitcond1_i)> <Delay = 1.76>
ST_14 : Operation 171 [1/1] (0.00ns)   --->   "br label %.loopexit"   --->   Operation 171 'br' <Predicate = (exitcond1_i)> <Delay = 0.00>

State 15 <SV = 7> <Delay = 5.07>
ST_15 : Operation 172 [1/1] (0.00ns)   --->   "%ic_1_i = phi i5 [ %ic_3, %3 ], [ 0, %.preheader.preheader.i ]"   --->   Operation 172 'phi' 'ic_1_i' <Predicate = true> <Delay = 0.00>
ST_15 : Operation 173 [1/1] (0.00ns)   --->   "%sum_2_i = phi float [ %sum, %3 ], [ %sum_1_i, %.preheader.preheader.i ]"   --->   Operation 173 'phi' 'sum_2_i' <Predicate = true> <Delay = 0.00>
ST_15 : Operation 174 [1/1] (1.36ns)   --->   "%exitcond_i = icmp eq i5 %ic_1_i, -16" [topp.c:269]   --->   Operation 174 'icmp' 'exitcond_i' <Predicate = true> <Delay = 1.36> <Core = "Cmp">   --->   Core 25 'Cmp' <Latency = 0> <II = 1> <Delay = 2.44> <FuncUnit> <Opcode : 'icmp'> <InPorts = 2> <OutPorts = 1>
ST_15 : Operation 175 [1/1] (0.00ns)   --->   "%empty_41 = call i32 (...)* @_ssdm_op_SpecLoopTripCount(i64 16, i64 16, i64 16)"   --->   Operation 175 'speclooptripcount' 'empty_41' <Predicate = true> <Delay = 0.00>
ST_15 : Operation 176 [1/1] (1.78ns)   --->   "%ic_3 = add i5 %ic_1_i, 1" [topp.c:269]   --->   Operation 176 'add' 'ic_3' <Predicate = true> <Delay = 1.78> <Core = "AddSub">   --->   Core 14 'AddSub' <Latency = 0> <II = 1> <Delay = 1.82> <FuncUnit> <Opcode : 'add' 'sub'> <InPorts = 2> <OutPorts = 1>
ST_15 : Operation 177 [1/1] (0.00ns)   --->   "br i1 %exitcond_i, label %.preheader7.i.loopexit, label %3" [topp.c:269]   --->   Operation 177 'br' <Predicate = true> <Delay = 0.00>
ST_15 : Operation 178 [1/1] (0.00ns)   --->   "%tmp_68_i_cast = zext i5 %ic_1_i to i9" [topp.c:270]   --->   Operation 178 'zext' 'tmp_68_i_cast' <Predicate = (!exitcond_i)> <Delay = 0.00>
ST_15 : Operation 179 [1/1] (1.82ns)   --->   "%tmp_144 = add i9 %tmp_186_cast, %tmp_68_i_cast" [topp.c:270]   --->   Operation 179 'add' 'tmp_144' <Predicate = (!exitcond_i)> <Delay = 1.82> <Core = "AddSub">   --->   Core 14 'AddSub' <Latency = 0> <II = 1> <Delay = 1.82> <FuncUnit> <Opcode : 'add' 'sub'> <InPorts = 2> <OutPorts = 1>
ST_15 : Operation 180 [1/1] (0.00ns)   --->   "%tmp_187_cast = zext i9 %tmp_144 to i64" [topp.c:270]   --->   Operation 180 'zext' 'tmp_187_cast' <Predicate = (!exitcond_i)> <Delay = 0.00>
ST_15 : Operation 181 [1/1] (0.00ns)   --->   "%win_buf_addr_27 = getelementptr [144 x float]* %win_buf, i64 0, i64 %tmp_187_cast" [topp.c:270]   --->   Operation 181 'getelementptr' 'win_buf_addr_27' <Predicate = (!exitcond_i)> <Delay = 0.00>
ST_15 : Operation 182 [2/2] (3.25ns)   --->   "%win_buf_load_18 = load float* %win_buf_addr_27, align 4" [topp.c:270]   --->   Operation 182 'load' 'win_buf_load_18' <Predicate = (!exitcond_i)> <Delay = 3.25> <Core = "RAM">   --->   Core 37 'RAM' <Latency = 1> <II = 1> <Delay = 3.25> <Storage> <Opcode : 'load' 'store'> <Ports = 2> <Width = 32> <Depth = 4608> <RAM>
ST_15 : Operation 183 [1/1] (0.00ns)   --->   "br label %.preheader7.i"   --->   Operation 183 'br' <Predicate = (exitcond_i)> <Delay = 0.00>

State 16 <SV = 8> <Delay = 3.25>
ST_16 : Operation 184 [1/2] (3.25ns)   --->   "%win_buf_load_18 = load float* %win_buf_addr_27, align 4" [topp.c:270]   --->   Operation 184 'load' 'win_buf_load_18' <Predicate = true> <Delay = 3.25> <Core = "RAM">   --->   Core 37 'RAM' <Latency = 1> <II = 1> <Delay = 3.25> <Storage> <Opcode : 'load' 'store'> <Ports = 2> <Width = 32> <Depth = 4608> <RAM>

State 17 <SV = 9> <Delay = 5.70>
ST_17 : Operation 185 [4/4] (5.70ns)   --->   "%tmp_69_i = fmul float %win_buf_load_18, 0.000000e+00" [topp.c:270]   --->   Operation 185 'fmul' 'tmp_69_i' <Predicate = true> <Delay = 5.70> <Core = "FMul">   --->   Core 105 'FMul' <Latency = 3> <II = 1> <Delay = 5.70> <FuncUnit> <Opcode : 'fmul'> <InPorts = 2> <OutPorts = 1>

State 18 <SV = 10> <Delay = 5.70>
ST_18 : Operation 186 [3/4] (5.70ns)   --->   "%tmp_69_i = fmul float %win_buf_load_18, 0.000000e+00" [topp.c:270]   --->   Operation 186 'fmul' 'tmp_69_i' <Predicate = true> <Delay = 5.70> <Core = "FMul">   --->   Core 105 'FMul' <Latency = 3> <II = 1> <Delay = 5.70> <FuncUnit> <Opcode : 'fmul'> <InPorts = 2> <OutPorts = 1>

State 19 <SV = 11> <Delay = 5.70>
ST_19 : Operation 187 [2/4] (5.70ns)   --->   "%tmp_69_i = fmul float %win_buf_load_18, 0.000000e+00" [topp.c:270]   --->   Operation 187 'fmul' 'tmp_69_i' <Predicate = true> <Delay = 5.70> <Core = "FMul">   --->   Core 105 'FMul' <Latency = 3> <II = 1> <Delay = 5.70> <FuncUnit> <Opcode : 'fmul'> <InPorts = 2> <OutPorts = 1>

State 20 <SV = 12> <Delay = 5.70>
ST_20 : Operation 188 [1/4] (5.70ns)   --->   "%tmp_69_i = fmul float %win_buf_load_18, 0.000000e+00" [topp.c:270]   --->   Operation 188 'fmul' 'tmp_69_i' <Predicate = true> <Delay = 5.70> <Core = "FMul">   --->   Core 105 'FMul' <Latency = 3> <II = 1> <Delay = 5.70> <FuncUnit> <Opcode : 'fmul'> <InPorts = 2> <OutPorts = 1>

State 21 <SV = 13> <Delay = 7.25>
ST_21 : Operation 189 [5/5] (7.25ns)   --->   "%sum = fadd float %sum_2_i, %tmp_69_i" [topp.c:270]   --->   Operation 189 'fadd' 'sum' <Predicate = true> <Delay = 7.25> <Core = "FAddSub">   --->   Core 104 'FAddSub' <Latency = 4> <II = 1> <Delay = 7.25> <FuncUnit> <Opcode : 'fadd' 'fsub'> <InPorts = 2> <OutPorts = 1>

State 22 <SV = 14> <Delay = 7.25>
ST_22 : Operation 190 [4/5] (7.25ns)   --->   "%sum = fadd float %sum_2_i, %tmp_69_i" [topp.c:270]   --->   Operation 190 'fadd' 'sum' <Predicate = true> <Delay = 7.25> <Core = "FAddSub">   --->   Core 104 'FAddSub' <Latency = 4> <II = 1> <Delay = 7.25> <FuncUnit> <Opcode : 'fadd' 'fsub'> <InPorts = 2> <OutPorts = 1>

State 23 <SV = 15> <Delay = 7.25>
ST_23 : Operation 191 [3/5] (7.25ns)   --->   "%sum = fadd float %sum_2_i, %tmp_69_i" [topp.c:270]   --->   Operation 191 'fadd' 'sum' <Predicate = true> <Delay = 7.25> <Core = "FAddSub">   --->   Core 104 'FAddSub' <Latency = 4> <II = 1> <Delay = 7.25> <FuncUnit> <Opcode : 'fadd' 'fsub'> <InPorts = 2> <OutPorts = 1>

State 24 <SV = 16> <Delay = 7.25>
ST_24 : Operation 192 [2/5] (7.25ns)   --->   "%sum = fadd float %sum_2_i, %tmp_69_i" [topp.c:270]   --->   Operation 192 'fadd' 'sum' <Predicate = true> <Delay = 7.25> <Core = "FAddSub">   --->   Core 104 'FAddSub' <Latency = 4> <II = 1> <Delay = 7.25> <FuncUnit> <Opcode : 'fadd' 'fsub'> <InPorts = 2> <OutPorts = 1>

State 25 <SV = 17> <Delay = 7.25>
ST_25 : Operation 193 [1/5] (7.25ns)   --->   "%sum = fadd float %sum_2_i, %tmp_69_i" [topp.c:270]   --->   Operation 193 'fadd' 'sum' <Predicate = true> <Delay = 7.25> <Core = "FAddSub">   --->   Core 104 'FAddSub' <Latency = 4> <II = 1> <Delay = 7.25> <FuncUnit> <Opcode : 'fadd' 'fsub'> <InPorts = 2> <OutPorts = 1>
ST_25 : Operation 194 [1/1] (0.00ns)   --->   "br label %.preheader.i" [topp.c:269]   --->   Operation 194 'br' <Predicate = true> <Delay = 0.00>

State 26 <SV = 6> <Delay = 6.68>
ST_26 : Operation 195 [1/1] (0.00ns)   --->   "%sum6_i_to_int = bitcast float %sum6_i to i32" [topp.c:274]   --->   Operation 195 'bitcast' 'sum6_i_to_int' <Predicate = true> <Delay = 0.00>
ST_26 : Operation 196 [1/1] (0.00ns)   --->   "%tmp = call i8 @_ssdm_op_PartSelect.i8.i32.i32.i32(i32 %sum6_i_to_int, i32 23, i32 30)" [topp.c:274]   --->   Operation 196 'partselect' 'tmp' <Predicate = true> <Delay = 0.00>
ST_26 : Operation 197 [1/1] (0.00ns)   --->   "%tmp_94 = trunc i32 %sum6_i_to_int to i23" [topp.c:274]   --->   Operation 197 'trunc' 'tmp_94' <Predicate = true> <Delay = 0.00>
ST_26 : Operation 198 [1/1] (1.55ns)   --->   "%notlhs = icmp ne i8 %tmp, -1" [topp.c:274]   --->   Operation 198 'icmp' 'notlhs' <Predicate = true> <Delay = 1.55> <Core = "Cmp">   --->   Core 25 'Cmp' <Latency = 0> <II = 1> <Delay = 2.44> <FuncUnit> <Opcode : 'icmp'> <InPorts = 2> <OutPorts = 1>
ST_26 : Operation 199 [1/1] (2.44ns)   --->   "%notrhs = icmp eq i23 %tmp_94, 0" [topp.c:274]   --->   Operation 199 'icmp' 'notrhs' <Predicate = true> <Delay = 2.44> <Core = "Cmp">   --->   Core 25 'Cmp' <Latency = 0> <II = 1> <Delay = 2.44> <FuncUnit> <Opcode : 'icmp'> <InPorts = 2> <OutPorts = 1>
ST_26 : Operation 200 [1/1] (0.00ns) (grouped into LUT with out node sum_3_i)   --->   "%tmp_54 = or i1 %notrhs, %notlhs" [topp.c:274]   --->   Operation 200 'or' 'tmp_54' <Predicate = true> <Delay = 0.00> <Core = "LogicGate">   --->   Core 27 'LogicGate' <Latency = 0> <II = 1> <Delay = 0.97> <FuncUnit> <Opcode : 'and' 'or' 'xor'> <InPorts = 2> <OutPorts = 1>
ST_26 : Operation 201 [1/1] (0.00ns) (grouped into LUT with out node sum_3_i)   --->   "%tmp_56 = and i1 %tmp_54, %tmp_55" [topp.c:274]   --->   Operation 201 'and' 'tmp_56' <Predicate = true> <Delay = 0.00> <Core = "LogicGate">   --->   Core 27 'LogicGate' <Latency = 0> <II = 1> <Delay = 0.97> <FuncUnit> <Opcode : 'and' 'or' 'xor'> <InPorts = 2> <OutPorts = 1>
ST_26 : Operation 202 [1/1] (0.97ns) (out node of the LUT)   --->   "%sum_3_i = select i1 %tmp_56, float 0.000000e+00, float %sum6_i" [topp.c:274]   --->   Operation 202 'select' 'sum_3_i' <Predicate = true> <Delay = 0.97> <Core = "Sel">   --->   Core 26 'Sel' <Latency = 0> <II = 1> <Delay = 0.69> <FuncUnit> <Opcode : 'select'> <InPorts = 3> <OutPorts = 1>
ST_26 : Operation 203 [1/1] (3.25ns)   --->   "store float %sum_3_i, float* %out_addr, align 4" [topp.c:275]   --->   Operation 203 'store' <Predicate = true> <Delay = 3.25> <Core = "RAM">   --->   Core 37 'RAM' <Latency = 1> <II = 1> <Delay = 3.25> <Storage> <Opcode : 'load' 'store'> <Ports = 2> <Width = 32> <Depth = 4608> <RAM>
ST_26 : Operation 204 [1/1] (0.00ns)   --->   "br label %.preheader8.i" [topp.c:262]   --->   Operation 204 'br' <Predicate = true> <Delay = 0.00>


============================================================
+ Verbose Summary: Timing violations
============================================================
Target clock period: 10ns, clock uncertainty: 1.25ns.

 <State 1>: 1.77ns
The critical path consists of the following:
	multiplexor before 'phi' operation ('r') with incoming values : ('r', topp.c:238) [8]  (1.77 ns)

 <State 2>: 3.56ns
The critical path consists of the following:
	'phi' operation ('r') with incoming values : ('r', topp.c:238) [8]  (0 ns)
	'add' operation ('tmp_57_i', topp.c:275) [22]  (1.74 ns)
	'sub' operation ('tmp_128', topp.c:275) [26]  (1.82 ns)

 <State 3>: 1.82ns
The critical path consists of the following:
	'phi' operation ('c') with incoming values : ('c', topp.c:239) [29]  (0 ns)
	'add' operation ('tmp_130', topp.c:239) [38]  (1.82 ns)

 <State 4>: 4.04ns
The critical path consists of the following:
	'phi' operation ('ic') with incoming values : ('ic', topp.c:240) [42]  (0 ns)
	'xor' operation ('tmp_133', topp.c:242) [59]  (0.782 ns)
	'getelementptr' operation ('win_buf_addr', topp.c:242) [61]  (0 ns)
	'load' operation ('win_buf_load', topp.c:242) on array 'win_buf', topp.c:228 [80]  (3.25 ns)

 <State 5>: 5.12ns
The critical path consists of the following:
	'add' operation ('tmp_136', topp.c:245) [70]  (1.87 ns)
	'getelementptr' operation ('win_buf_addr_23', topp.c:245) [72]  (0 ns)
	'load' operation ('win_buf_load_15', topp.c:245) on array 'win_buf', topp.c:228 [86]  (3.25 ns)

 <State 6>: 3.25ns
The critical path consists of the following:
	'getelementptr' operation ('win_buf_addr_24', topp.c:246) [75]  (0 ns)
	'load' operation ('win_buf_load_16', topp.c:246) on array 'win_buf', topp.c:228 [88]  (3.25 ns)

 <State 7>: 3.25ns
The critical path consists of the following:
	'getelementptr' operation ('win_buf_addr_19', topp.c:242) [62]  (0 ns)
	'store' operation (topp.c:242) of variable 'win_buf_load', topp.c:242 on array 'win_buf', topp.c:228 [81]  (3.25 ns)

 <State 8>: 3.25ns
The critical path consists of the following:
	'getelementptr' operation ('win_buf_addr_22', topp.c:244) [69]  (0 ns)
	'store' operation (topp.c:244) of variable 'win_buf_load_14', topp.c:244 on array 'win_buf', topp.c:228 [85]  (3.25 ns)

 <State 9>: 5.17ns
The critical path consists of the following:
	'add' operation ('tmp_131', topp.c:249) [52]  (1.92 ns)
	'getelementptr' operation ('linbu_6_0_addr', topp.c:249) [54]  (0 ns)
	'load' operation ('val0', topp.c:249) on array 'linbu_6_0' [92]  (3.25 ns)

 <State 10>: 6.51ns
The critical path consists of the following:
	'load' operation ('val0', topp.c:249) on array 'linbu_6_0' [92]  (3.25 ns)
	'store' operation (topp.c:256) of variable 'val0', topp.c:249 on array 'win_buf', topp.c:228 [97]  (3.25 ns)

 <State 11>: 6.51ns
The critical path consists of the following:
	'load' operation ('val2', topp.c:251) on array 'p2' [94]  (3.25 ns)
	'store' operation (topp.c:254) of variable 'val2', topp.c:251 on array 'linbu_6_1' [96]  (3.25 ns)

 <State 12>: 1.83ns
The critical path consists of the following:
	'phi' operation ('oc') with incoming values : ('oc', topp.c:262) [113]  (0 ns)
	'add' operation ('oc', topp.c:262) [116]  (1.83 ns)

 <State 13>: 6.79ns
The critical path consists of the following:
	'phi' operation ('sum6_i', topp.c:270) with incoming values : ('sum', topp.c:270) [126]  (0 ns)
	'fcmp' operation ('tmp_55', topp.c:274) [176]  (6.79 ns)

 <State 14>: 1.78ns
The critical path consists of the following:
	'phi' operation ('kc') with incoming values : ('kc', topp.c:267) [138]  (0 ns)
	'add' operation ('tmp_143', topp.c:267) [146]  (1.78 ns)

 <State 15>: 5.08ns
The critical path consists of the following:
	'phi' operation ('ic') with incoming values : ('ic', topp.c:269) [150]  (0 ns)
	'add' operation ('tmp_144', topp.c:270) [158]  (1.82 ns)
	'getelementptr' operation ('win_buf_addr_27', topp.c:270) [160]  (0 ns)
	'load' operation ('win_buf_load_18', topp.c:270) on array 'win_buf', topp.c:228 [161]  (3.25 ns)

 <State 16>: 3.25ns
The critical path consists of the following:
	'load' operation ('win_buf_load_18', topp.c:270) on array 'win_buf', topp.c:228 [161]  (3.25 ns)

 <State 17>: 5.7ns
The critical path consists of the following:
	'fmul' operation ('tmp_69_i', topp.c:270) [162]  (5.7 ns)

 <State 18>: 5.7ns
The critical path consists of the following:
	'fmul' operation ('tmp_69_i', topp.c:270) [162]  (5.7 ns)

 <State 19>: 5.7ns
The critical path consists of the following:
	'fmul' operation ('tmp_69_i', topp.c:270) [162]  (5.7 ns)

 <State 20>: 5.7ns
The critical path consists of the following:
	'fmul' operation ('tmp_69_i', topp.c:270) [162]  (5.7 ns)

 <State 21>: 7.26ns
The critical path consists of the following:
	'fadd' operation ('sum', topp.c:270) [163]  (7.26 ns)

 <State 22>: 7.26ns
The critical path consists of the following:
	'fadd' operation ('sum', topp.c:270) [163]  (7.26 ns)

 <State 23>: 7.26ns
The critical path consists of the following:
	'fadd' operation ('sum', topp.c:270) [163]  (7.26 ns)

 <State 24>: 7.26ns
The critical path consists of the following:
	'fadd' operation ('sum', topp.c:270) [163]  (7.26 ns)

 <State 25>: 7.26ns
The critical path consists of the following:
	'fadd' operation ('sum', topp.c:270) [163]  (7.26 ns)

 <State 26>: 6.68ns
The critical path consists of the following:
	'icmp' operation ('notrhs', topp.c:274) [174]  (2.45 ns)
	'or' operation ('tmp_54', topp.c:274) [175]  (0 ns)
	'and' operation ('tmp_56', topp.c:274) [177]  (0 ns)
	'select' operation ('sum_3_i', topp.c:274) [178]  (0.978 ns)
	'store' operation (topp.c:275) of variable 'sum_3_i', topp.c:274 on array 'out_r' [179]  (3.25 ns)


============================================================
+ Verbose Summary: Binding
============================================================
N/A
* FSMD analyzer results:
  - Output states:
 - Input state : 
  - Chain level:
	State 1
	State 2
	State 3
	State 4
	State 5
	State 6
	State 7
	State 8
	State 9
	State 10
	State 11
	State 12
	State 13
	State 14
	State 15
	State 16
	State 17
	State 18
	State 19
	State 20
	State 21
	State 22
	State 23
	State 24
	State 25
	State 26


============================================================
+ Verbose Summary: Datapath Resource usage 
============================================================
N/A
