

================================================================
== Vivado HLS Report for 'detection_head'
================================================================
* Date:           Tue Jun  9 11:14:18 2026

* Version:        2018.3 (Build 2405991 on Thu Dec 06 23:56:15 MST 2018)
* Project:        topp
* Solution:       solution3
* Product family: zynq
* Target device:  xc7z020clg484-1


================================================================
== Performance Estimates
================================================================
+ Timing (ns): 
    * Summary: 
    +--------+-------+----------+------------+
    |  Clock | Target| Estimated| Uncertainty|
    +--------+-------+----------+------------+
    |ap_clk  |  10.00|     4.801|        1.25|
    +--------+-------+----------+------------+

+ Latency (clock cycles): 
    * Summary: 
    +------+------+------+------+---------+
    |   Latency   |   Interval  | Pipeline|
    |  min |  max |  min |  max |   Type  |
    +------+------+------+------+---------+
    |  6417|  6417|  6417|  6417|   none  |
    +------+------+------+------+---------+

    + Detail: 
        * Instance: 
        N/A

        * Loop: 
        +-----------------+------+------+----------+-----------+-----------+------+----------+
        |                 |   Latency   | Iteration|  Initiation Interval  | Trip |          |
        |    Loop Name    |  min |  max |  Latency |  achieved |   target  | Count| Pipelined|
        +-----------------+------+------+----------+-----------+-----------+------+----------+
        |- Loop 1         |  6416|  6416|       802|          -|          -|     8|    no    |
        | + Loop 1.1      |   800|   800|       100|          -|          -|     8|    no    |
        |  ++ Loop 1.1.1  |    16|    16|         1|          -|          -|    17|    no    |
        |  ++ Loop 1.1.2  |    64|    64|         2|          -|          -|    32|    no    |
        |  ++ Loop 1.1.3  |    16|    16|         1|          -|          -|    16|    no    |
        +-----------------+------+------+----------+-----------+-----------+------+----------+

============================================================
+ Verbose Summary: Synthesis Manager
============================================================
InlineROM: 1
ExposeGlobal: 0
============================================================
+ Verbose Summary: CDFG Model
============================================================
IsTopModel: 0
ResetActiveHigh: 1
IsCombinational: 2
IsDatapathOnly: 0
HasWiredReturn: 1
HasMFsm: 0
HasVarLatency: 1
IsPipeline: 0
IsRtlPipelined: 0
IsInstanceOverlapped: 0
IsDontTouch: 0
HasImplIP: 0
IsGatedGlobalClock: 0


============================================================
+ Verbose Summary: Schedule
============================================================
* Number of FSM states : 7
* Pipeline : 0
* Dataflow Pipeline: 0

* FSM state transitions: 
1 --> 
	2  / true
2 --> 
	3  / (!exitcond5_i)
3 --> 
	4  / (!exitcond4_i)
	2  / (exitcond4_i)
4 --> 
	4  / (!exitcond3_i)
	5  / (exitcond3_i)
5 --> 
	6  / (!exitcond2_i)
	7  / (exitcond2_i)
6 --> 
	5  / true
7 --> 
	7  / (!exitcond_i)
	3  / (exitcond_i)

* FSM state operations: 

State 1 <SV = 0> <Delay = 1.76>
ST_1 : Operation 8 [1/1] (0.00ns)   --->   "%empty = call i32 (...)* @_ssdm_op_SpecInterface(float* %f5_7, [8 x i8]* @ap_fifo_str, i32 0, i32 0, [1 x i8]* @p_str, i32 0, i32 0, [1 x i8]* @p_str, [1 x i8]* @p_str, [1 x i8]* @p_str, i32 2, i32 2, i32 16, i32 16, [1 x i8]* @p_str, [1 x i8]* @p_str)"   --->   Operation 8 'specinterface' 'empty' <Predicate = true> <Delay = 0.00>
ST_1 : Operation 9 [1/1] (0.00ns)   --->   "%empty_287 = call i32 (...)* @_ssdm_op_SpecInterface(float* %f5_6, [8 x i8]* @ap_fifo_str, i32 0, i32 0, [1 x i8]* @p_str, i32 0, i32 0, [1 x i8]* @p_str, [1 x i8]* @p_str, [1 x i8]* @p_str, i32 2, i32 2, i32 16, i32 16, [1 x i8]* @p_str, [1 x i8]* @p_str)"   --->   Operation 9 'specinterface' 'empty_287' <Predicate = true> <Delay = 0.00>
ST_1 : Operation 10 [1/1] (0.00ns)   --->   "%empty_288 = call i32 (...)* @_ssdm_op_SpecInterface(float* %f5_5, [8 x i8]* @ap_fifo_str, i32 0, i32 0, [1 x i8]* @p_str, i32 0, i32 0, [1 x i8]* @p_str, [1 x i8]* @p_str, [1 x i8]* @p_str, i32 2, i32 2, i32 16, i32 16, [1 x i8]* @p_str, [1 x i8]* @p_str)"   --->   Operation 10 'specinterface' 'empty_288' <Predicate = true> <Delay = 0.00>
ST_1 : Operation 11 [1/1] (0.00ns)   --->   "%empty_289 = call i32 (...)* @_ssdm_op_SpecInterface(float* %f5_4, [8 x i8]* @ap_fifo_str, i32 0, i32 0, [1 x i8]* @p_str, i32 0, i32 0, [1 x i8]* @p_str, [1 x i8]* @p_str, [1 x i8]* @p_str, i32 2, i32 2, i32 16, i32 16, [1 x i8]* @p_str, [1 x i8]* @p_str)"   --->   Operation 11 'specinterface' 'empty_289' <Predicate = true> <Delay = 0.00>
ST_1 : Operation 12 [1/1] (0.00ns)   --->   "%empty_290 = call i32 (...)* @_ssdm_op_SpecInterface(float* %f5_3, [8 x i8]* @ap_fifo_str, i32 0, i32 0, [1 x i8]* @p_str, i32 0, i32 0, [1 x i8]* @p_str, [1 x i8]* @p_str, [1 x i8]* @p_str, i32 2, i32 2, i32 16, i32 16, [1 x i8]* @p_str, [1 x i8]* @p_str)"   --->   Operation 12 'specinterface' 'empty_290' <Predicate = true> <Delay = 0.00>
ST_1 : Operation 13 [1/1] (0.00ns)   --->   "%empty_291 = call i32 (...)* @_ssdm_op_SpecInterface(float* %f5_2, [8 x i8]* @ap_fifo_str, i32 0, i32 0, [1 x i8]* @p_str, i32 0, i32 0, [1 x i8]* @p_str, [1 x i8]* @p_str, [1 x i8]* @p_str, i32 2, i32 2, i32 16, i32 16, [1 x i8]* @p_str, [1 x i8]* @p_str)"   --->   Operation 13 'specinterface' 'empty_291' <Predicate = true> <Delay = 0.00>
ST_1 : Operation 14 [1/1] (0.00ns)   --->   "%empty_292 = call i32 (...)* @_ssdm_op_SpecInterface(float* %f5_1, [8 x i8]* @ap_fifo_str, i32 0, i32 0, [1 x i8]* @p_str, i32 0, i32 0, [1 x i8]* @p_str, [1 x i8]* @p_str, [1 x i8]* @p_str, i32 2, i32 2, i32 16, i32 16, [1 x i8]* @p_str, [1 x i8]* @p_str)"   --->   Operation 14 'specinterface' 'empty_292' <Predicate = true> <Delay = 0.00>
ST_1 : Operation 15 [1/1] (0.00ns)   --->   "%empty_293 = call i32 (...)* @_ssdm_op_SpecInterface(float* %f5_0, [8 x i8]* @ap_fifo_str, i32 0, i32 0, [1 x i8]* @p_str, i32 0, i32 0, [1 x i8]* @p_str, [1 x i8]* @p_str, [1 x i8]* @p_str, i32 2, i32 2, i32 16, i32 16, [1 x i8]* @p_str, [1 x i8]* @p_str)"   --->   Operation 15 'specinterface' 'empty_293' <Predicate = true> <Delay = 0.00>
ST_1 : Operation 16 [1/1] (1.76ns)   --->   "br label %.loopexit" [topp.c:439]   --->   Operation 16 'br' <Predicate = true> <Delay = 1.76>

State 2 <SV = 1> <Delay = 1.76>
ST_2 : Operation 17 [1/1] (0.00ns)   --->   "%r_i = phi i4 [ 0, %entry ], [ %r, %.loopexit.loopexit ]"   --->   Operation 17 'phi' 'r_i' <Predicate = true> <Delay = 0.00>
ST_2 : Operation 18 [1/1] (1.30ns)   --->   "%exitcond5_i = icmp eq i4 %r_i, -8" [topp.c:439]   --->   Operation 18 'icmp' 'exitcond5_i' <Predicate = true> <Delay = 1.30> <Core = "Cmp">   --->   Core 25 'Cmp' <Latency = 0> <II = 1> <Delay = 1.36> <FuncUnit> <Opcode : 'icmp'> <InPorts = 2> <OutPorts = 1>
ST_2 : Operation 19 [1/1] (0.00ns)   --->   "%empty_294 = call i32 (...)* @_ssdm_op_SpecLoopTripCount(i64 8, i64 8, i64 8)"   --->   Operation 19 'speclooptripcount' 'empty_294' <Predicate = true> <Delay = 0.00>
ST_2 : Operation 20 [1/1] (1.73ns)   --->   "%r = add i4 %r_i, 1" [topp.c:439]   --->   Operation 20 'add' 'r' <Predicate = true> <Delay = 1.73> <Core = "AddSub">   --->   Core 14 'AddSub' <Latency = 0> <II = 1> <Delay = 1.54> <FuncUnit> <Opcode : 'add' 'sub'> <InPorts = 2> <OutPorts = 1>
ST_2 : Operation 21 [1/1] (0.00ns)   --->   "br i1 %exitcond5_i, label %detection_head.exit, label %.preheader8.preheader.i" [topp.c:439]   --->   Operation 21 'br' <Predicate = true> <Delay = 0.00>
ST_2 : Operation 22 [1/1] (0.00ns)   --->   "%tmp = call i7 @_ssdm_op_BitConcatenate.i7.i4.i3(i4 %r_i, i3 0)" [topp.c:439]   --->   Operation 22 'bitconcatenate' 'tmp' <Predicate = (!exitcond5_i)> <Delay = 0.00>
ST_2 : Operation 23 [1/1] (0.00ns)   --->   "%tmp_1_cast = zext i7 %tmp to i8" [topp.c:440]   --->   Operation 23 'zext' 'tmp_1_cast' <Predicate = (!exitcond5_i)> <Delay = 0.00>
ST_2 : Operation 24 [1/1] (1.76ns)   --->   "br label %.preheader8.i" [topp.c:440]   --->   Operation 24 'br' <Predicate = (!exitcond5_i)> <Delay = 1.76>
ST_2 : Operation 25 [1/1] (0.00ns)   --->   "ret void"   --->   Operation 25 'ret' <Predicate = (exitcond5_i)> <Delay = 0.00>

State 3 <SV = 2> <Delay = 1.76>
ST_3 : Operation 26 [1/1] (0.00ns)   --->   "%c_i = phi i4 [ 0, %.preheader8.preheader.i ], [ %c, %.preheader8.i.loopexit ]"   --->   Operation 26 'phi' 'c_i' <Predicate = true> <Delay = 0.00>
ST_3 : Operation 27 [1/1] (1.30ns)   --->   "%exitcond4_i = icmp eq i4 %c_i, -8" [topp.c:440]   --->   Operation 27 'icmp' 'exitcond4_i' <Predicate = true> <Delay = 1.30> <Core = "Cmp">   --->   Core 25 'Cmp' <Latency = 0> <II = 1> <Delay = 1.36> <FuncUnit> <Opcode : 'icmp'> <InPorts = 2> <OutPorts = 1>
ST_3 : Operation 28 [1/1] (0.00ns)   --->   "%empty_295 = call i32 (...)* @_ssdm_op_SpecLoopTripCount(i64 8, i64 8, i64 8)"   --->   Operation 28 'speclooptripcount' 'empty_295' <Predicate = true> <Delay = 0.00>
ST_3 : Operation 29 [1/1] (1.73ns)   --->   "%c = add i4 %c_i, 1" [topp.c:440]   --->   Operation 29 'add' 'c' <Predicate = true> <Delay = 1.73> <Core = "AddSub">   --->   Core 14 'AddSub' <Latency = 0> <II = 1> <Delay = 1.54> <FuncUnit> <Opcode : 'add' 'sub'> <InPorts = 2> <OutPorts = 1>
ST_3 : Operation 30 [1/1] (0.00ns)   --->   "br i1 %exitcond4_i, label %.loopexit.loopexit, label %.preheader7.i.preheader" [topp.c:440]   --->   Operation 30 'br' <Predicate = true> <Delay = 0.00>
ST_3 : Operation 31 [1/1] (1.76ns)   --->   "br label %.preheader7.i" [topp.c:443]   --->   Operation 31 'br' <Predicate = (!exitcond4_i)> <Delay = 1.76>
ST_3 : Operation 32 [1/1] (0.00ns)   --->   "br label %.loopexit"   --->   Operation 32 'br' <Predicate = (exitcond4_i)> <Delay = 0.00>

State 4 <SV = 3> <Delay = 1.87>
ST_4 : Operation 33 [1/1] (0.00ns)   --->   "%oc_i = phi i5 [ %oc, %.preheader7.i ], [ 0, %.preheader7.i.preheader ]"   --->   Operation 33 'phi' 'oc_i' <Predicate = true> <Delay = 0.00>
ST_4 : Operation 34 [1/1] (1.36ns)   --->   "%exitcond3_i = icmp eq i5 %oc_i, -16" [topp.c:443]   --->   Operation 34 'icmp' 'exitcond3_i' <Predicate = true> <Delay = 1.36> <Core = "Cmp">   --->   Core 25 'Cmp' <Latency = 0> <II = 1> <Delay = 1.36> <FuncUnit> <Opcode : 'icmp'> <InPorts = 2> <OutPorts = 1>
ST_4 : Operation 35 [1/1] (1.78ns)   --->   "%oc = add i5 %oc_i, 1" [topp.c:443]   --->   Operation 35 'add' 'oc' <Predicate = true> <Delay = 1.78> <Core = "AddSub">   --->   Core 14 'AddSub' <Latency = 0> <II = 1> <Delay = 1.54> <FuncUnit> <Opcode : 'add' 'sub'> <InPorts = 2> <OutPorts = 1>
ST_4 : Operation 36 [1/1] (0.00ns)   --->   "%empty_296 = call i32 (...)* @_ssdm_op_SpecLoopTripCount(i64 17, i64 17, i64 17)"   --->   Operation 36 'speclooptripcount' 'empty_296' <Predicate = true> <Delay = 0.00>
ST_4 : Operation 37 [1/1] (0.00ns)   --->   "br i1 %exitcond3_i, label %.preheader6.preheader.i, label %.preheader7.i" [topp.c:443]   --->   Operation 37 'br' <Predicate = true> <Delay = 0.00>
ST_4 : Operation 38 [1/1] (0.00ns)   --->   "%tmp_i_cast = zext i4 %c_i to i8" [topp.c:459]   --->   Operation 38 'zext' 'tmp_i_cast' <Predicate = (exitcond3_i)> <Delay = 0.00>
ST_4 : Operation 39 [1/1] (1.87ns)   --->   "%tmp_2 = add i8 %tmp_i_cast, %tmp_1_cast" [topp.c:459]   --->   Operation 39 'add' 'tmp_2' <Predicate = (exitcond3_i)> <Delay = 1.87> <Core = "AddSub">   --->   Core 14 'AddSub' <Latency = 0> <II = 1> <Delay = 1.54> <FuncUnit> <Opcode : 'add' 'sub'> <InPorts = 2> <OutPorts = 1>
ST_4 : Operation 40 [1/1] (0.00ns)   --->   "%tmp_4_cast = call i12 @_ssdm_op_BitConcatenate.i12.i8.i4(i8 %tmp_2, i4 0)" [topp.c:448]   --->   Operation 40 'bitconcatenate' 'tmp_4_cast' <Predicate = (exitcond3_i)> <Delay = 0.00>
ST_4 : Operation 41 [1/1] (1.76ns)   --->   "br label %.preheader6.i" [topp.c:448]   --->   Operation 41 'br' <Predicate = (exitcond3_i)> <Delay = 1.76>

State 5 <SV = 4> <Delay = 3.63>
ST_5 : Operation 42 [1/1] (0.00ns)   --->   "%ic_i = phi i6 [ %ic, %"aesl_mux_load.8[8 x [8 x [4 x float]]]P.i32.i64.i64.i64.exit" ], [ 0, %.preheader6.preheader.i ]"   --->   Operation 42 'phi' 'ic_i' <Predicate = true> <Delay = 0.00>
ST_5 : Operation 43 [1/1] (1.42ns)   --->   "%exitcond2_i = icmp eq i6 %ic_i, -32" [topp.c:448]   --->   Operation 43 'icmp' 'exitcond2_i' <Predicate = true> <Delay = 1.42> <Core = "Cmp">   --->   Core 25 'Cmp' <Latency = 0> <II = 1> <Delay = 1.36> <FuncUnit> <Opcode : 'icmp'> <InPorts = 2> <OutPorts = 1>
ST_5 : Operation 44 [1/1] (0.00ns)   --->   "%empty_297 = call i32 (...)* @_ssdm_op_SpecLoopTripCount(i64 32, i64 32, i64 32)"   --->   Operation 44 'speclooptripcount' 'empty_297' <Predicate = true> <Delay = 0.00>
ST_5 : Operation 45 [1/1] (1.82ns)   --->   "%ic = add i6 %ic_i, 1" [topp.c:448]   --->   Operation 45 'add' 'ic' <Predicate = true> <Delay = 1.82> <Core = "AddSub">   --->   Core 14 'AddSub' <Latency = 0> <II = 1> <Delay = 1.54> <FuncUnit> <Opcode : 'add' 'sub'> <InPorts = 2> <OutPorts = 1>
ST_5 : Operation 46 [1/1] (0.00ns)   --->   "br i1 %exitcond2_i, label %.preheader.i.preheader, label %0" [topp.c:448]   --->   Operation 46 'br' <Predicate = true> <Delay = 0.00>
ST_5 : Operation 47 [1/1] (0.00ns)   --->   "%tmp_1 = trunc i6 %ic_i to i3" [topp.c:450]   --->   Operation 47 'trunc' 'tmp_1' <Predicate = (!exitcond2_i)> <Delay = 0.00>
ST_5 : Operation 48 [1/1] (0.00ns)   --->   "%empty_298 = call i32 (...)* @_ssdm_op_SpecInterface(float* %f5_0, [8 x i8]* @ap_fifo_str, i32 0, i32 0, [1 x i8]* @p_str, i32 0, i32 0, [1 x i8]* @p_str, [1 x i8]* @p_str, [1 x i8]* @p_str, i32 2, i32 2, i32 16, i32 16, [1 x i8]* @p_str, [1 x i8]* @p_str)"   --->   Operation 48 'specinterface' 'empty_298' <Predicate = (!exitcond2_i)> <Delay = 0.00>
ST_5 : Operation 49 [1/1] (0.00ns)   --->   "%empty_299 = call i32 (...)* @_ssdm_op_SpecInterface(float* %f5_1, [8 x i8]* @ap_fifo_str, i32 0, i32 0, [1 x i8]* @p_str, i32 0, i32 0, [1 x i8]* @p_str, [1 x i8]* @p_str, [1 x i8]* @p_str, i32 2, i32 2, i32 16, i32 16, [1 x i8]* @p_str, [1 x i8]* @p_str)"   --->   Operation 49 'specinterface' 'empty_299' <Predicate = (!exitcond2_i)> <Delay = 0.00>
ST_5 : Operation 50 [1/1] (0.00ns)   --->   "%empty_300 = call i32 (...)* @_ssdm_op_SpecInterface(float* %f5_2, [8 x i8]* @ap_fifo_str, i32 0, i32 0, [1 x i8]* @p_str, i32 0, i32 0, [1 x i8]* @p_str, [1 x i8]* @p_str, [1 x i8]* @p_str, i32 2, i32 2, i32 16, i32 16, [1 x i8]* @p_str, [1 x i8]* @p_str)"   --->   Operation 50 'specinterface' 'empty_300' <Predicate = (!exitcond2_i)> <Delay = 0.00>
ST_5 : Operation 51 [1/1] (0.00ns)   --->   "%empty_301 = call i32 (...)* @_ssdm_op_SpecInterface(float* %f5_3, [8 x i8]* @ap_fifo_str, i32 0, i32 0, [1 x i8]* @p_str, i32 0, i32 0, [1 x i8]* @p_str, [1 x i8]* @p_str, [1 x i8]* @p_str, i32 2, i32 2, i32 16, i32 16, [1 x i8]* @p_str, [1 x i8]* @p_str)"   --->   Operation 51 'specinterface' 'empty_301' <Predicate = (!exitcond2_i)> <Delay = 0.00>
ST_5 : Operation 52 [1/1] (0.00ns)   --->   "%empty_302 = call i32 (...)* @_ssdm_op_SpecInterface(float* %f5_4, [8 x i8]* @ap_fifo_str, i32 0, i32 0, [1 x i8]* @p_str, i32 0, i32 0, [1 x i8]* @p_str, [1 x i8]* @p_str, [1 x i8]* @p_str, i32 2, i32 2, i32 16, i32 16, [1 x i8]* @p_str, [1 x i8]* @p_str)"   --->   Operation 52 'specinterface' 'empty_302' <Predicate = (!exitcond2_i)> <Delay = 0.00>
ST_5 : Operation 53 [1/1] (0.00ns)   --->   "%empty_303 = call i32 (...)* @_ssdm_op_SpecInterface(float* %f5_5, [8 x i8]* @ap_fifo_str, i32 0, i32 0, [1 x i8]* @p_str, i32 0, i32 0, [1 x i8]* @p_str, [1 x i8]* @p_str, [1 x i8]* @p_str, i32 2, i32 2, i32 16, i32 16, [1 x i8]* @p_str, [1 x i8]* @p_str)"   --->   Operation 53 'specinterface' 'empty_303' <Predicate = (!exitcond2_i)> <Delay = 0.00>
ST_5 : Operation 54 [1/1] (0.00ns)   --->   "%empty_304 = call i32 (...)* @_ssdm_op_SpecInterface(float* %f5_6, [8 x i8]* @ap_fifo_str, i32 0, i32 0, [1 x i8]* @p_str, i32 0, i32 0, [1 x i8]* @p_str, [1 x i8]* @p_str, [1 x i8]* @p_str, i32 2, i32 2, i32 16, i32 16, [1 x i8]* @p_str, [1 x i8]* @p_str)"   --->   Operation 54 'specinterface' 'empty_304' <Predicate = (!exitcond2_i)> <Delay = 0.00>
ST_5 : Operation 55 [1/1] (0.00ns)   --->   "%empty_305 = call i32 (...)* @_ssdm_op_SpecInterface(float* %f5_7, [8 x i8]* @ap_fifo_str, i32 0, i32 0, [1 x i8]* @p_str, i32 0, i32 0, [1 x i8]* @p_str, [1 x i8]* @p_str, [1 x i8]* @p_str, i32 2, i32 2, i32 16, i32 16, [1 x i8]* @p_str, [1 x i8]* @p_str)"   --->   Operation 55 'specinterface' 'empty_305' <Predicate = (!exitcond2_i)> <Delay = 0.00>
ST_5 : Operation 56 [1/1] (1.36ns)   --->   "switch i3 %tmp_1, label %case7.i.i [
    i3 0, label %case0.i.i
    i3 1, label %case1.i.i
    i3 2, label %case2.i.i
    i3 3, label %case3.i.i
    i3 -4, label %case4.i.i
    i3 -3, label %case5.i.i
    i3 -2, label %case6.i.i
  ]" [aesl_mux_load.8[8 x [8 x [4 x float]]]P.i32.i64.i64.i64:995->topp.c:450]   --->   Operation 56 'switch' <Predicate = (!exitcond2_i)> <Delay = 1.36>
ST_5 : Operation 57 [1/1] (3.63ns)   --->   "%f5_6_load_i = call float @_ssdm_op_Read.ap_fifo.volatile.floatP(float* %f5_6)" [aesl_mux_load.8[8 x [8 x [4 x float]]]P.i32.i64.i64.i64:990->topp.c:450]   --->   Operation 57 'read' 'f5_6_load_i' <Predicate = (!exitcond2_i & tmp_1 == 6)> <Delay = 3.63> <Core = "FIFO_SRL">   --->   Core 36 'FIFO_SRL' <Latency = 0> <II = 1> <Delay = 3.63> <Storage> <Opcode : 'read' 'write' 'nbread' 'nbwrite'> <Ports = 0> <Width = 32> <Depth = 0> <FIFO>
ST_5 : Operation 58 [1/1] (0.00ns)   --->   "br label %"aesl_mux_load.8[8 x [8 x [4 x float]]]P.i32.i64.i64.i64.exit"" [aesl_mux_load.8[8 x [8 x [4 x float]]]P.i32.i64.i64.i64:994->topp.c:450]   --->   Operation 58 'br' <Predicate = (!exitcond2_i & tmp_1 == 6)> <Delay = 0.00>
ST_5 : Operation 59 [1/1] (3.63ns)   --->   "%f5_5_load_i = call float @_ssdm_op_Read.ap_fifo.volatile.floatP(float* %f5_5)" [aesl_mux_load.8[8 x [8 x [4 x float]]]P.i32.i64.i64.i64:987->topp.c:450]   --->   Operation 59 'read' 'f5_5_load_i' <Predicate = (!exitcond2_i & tmp_1 == 5)> <Delay = 3.63> <Core = "FIFO_SRL">   --->   Core 36 'FIFO_SRL' <Latency = 0> <II = 1> <Delay = 3.63> <Storage> <Opcode : 'read' 'write' 'nbread' 'nbwrite'> <Ports = 0> <Width = 32> <Depth = 0> <FIFO>
ST_5 : Operation 60 [1/1] (0.00ns)   --->   "br label %"aesl_mux_load.8[8 x [8 x [4 x float]]]P.i32.i64.i64.i64.exit"" [aesl_mux_load.8[8 x [8 x [4 x float]]]P.i32.i64.i64.i64:994->topp.c:450]   --->   Operation 60 'br' <Predicate = (!exitcond2_i & tmp_1 == 5)> <Delay = 0.00>
ST_5 : Operation 61 [1/1] (3.63ns)   --->   "%f5_4_load_i = call float @_ssdm_op_Read.ap_fifo.volatile.floatP(float* %f5_4)" [aesl_mux_load.8[8 x [8 x [4 x float]]]P.i32.i64.i64.i64:984->topp.c:450]   --->   Operation 61 'read' 'f5_4_load_i' <Predicate = (!exitcond2_i & tmp_1 == 4)> <Delay = 3.63> <Core = "FIFO_SRL">   --->   Core 36 'FIFO_SRL' <Latency = 0> <II = 1> <Delay = 3.63> <Storage> <Opcode : 'read' 'write' 'nbread' 'nbwrite'> <Ports = 0> <Width = 32> <Depth = 0> <FIFO>
ST_5 : Operation 62 [1/1] (0.00ns)   --->   "br label %"aesl_mux_load.8[8 x [8 x [4 x float]]]P.i32.i64.i64.i64.exit"" [aesl_mux_load.8[8 x [8 x [4 x float]]]P.i32.i64.i64.i64:994->topp.c:450]   --->   Operation 62 'br' <Predicate = (!exitcond2_i & tmp_1 == 4)> <Delay = 0.00>
ST_5 : Operation 63 [1/1] (3.63ns)   --->   "%f5_3_load_i = call float @_ssdm_op_Read.ap_fifo.volatile.floatP(float* %f5_3)" [aesl_mux_load.8[8 x [8 x [4 x float]]]P.i32.i64.i64.i64:981->topp.c:450]   --->   Operation 63 'read' 'f5_3_load_i' <Predicate = (!exitcond2_i & tmp_1 == 3)> <Delay = 3.63> <Core = "FIFO_SRL">   --->   Core 36 'FIFO_SRL' <Latency = 0> <II = 1> <Delay = 3.63> <Storage> <Opcode : 'read' 'write' 'nbread' 'nbwrite'> <Ports = 0> <Width = 32> <Depth = 0> <FIFO>
ST_5 : Operation 64 [1/1] (0.00ns)   --->   "br label %"aesl_mux_load.8[8 x [8 x [4 x float]]]P.i32.i64.i64.i64.exit"" [aesl_mux_load.8[8 x [8 x [4 x float]]]P.i32.i64.i64.i64:994->topp.c:450]   --->   Operation 64 'br' <Predicate = (!exitcond2_i & tmp_1 == 3)> <Delay = 0.00>
ST_5 : Operation 65 [1/1] (3.63ns)   --->   "%f5_2_load_i = call float @_ssdm_op_Read.ap_fifo.volatile.floatP(float* %f5_2)" [aesl_mux_load.8[8 x [8 x [4 x float]]]P.i32.i64.i64.i64:978->topp.c:450]   --->   Operation 65 'read' 'f5_2_load_i' <Predicate = (!exitcond2_i & tmp_1 == 2)> <Delay = 3.63> <Core = "FIFO_SRL">   --->   Core 36 'FIFO_SRL' <Latency = 0> <II = 1> <Delay = 3.63> <Storage> <Opcode : 'read' 'write' 'nbread' 'nbwrite'> <Ports = 0> <Width = 32> <Depth = 0> <FIFO>
ST_5 : Operation 66 [1/1] (0.00ns)   --->   "br label %"aesl_mux_load.8[8 x [8 x [4 x float]]]P.i32.i64.i64.i64.exit"" [aesl_mux_load.8[8 x [8 x [4 x float]]]P.i32.i64.i64.i64:994->topp.c:450]   --->   Operation 66 'br' <Predicate = (!exitcond2_i & tmp_1 == 2)> <Delay = 0.00>
ST_5 : Operation 67 [1/1] (3.63ns)   --->   "%f5_1_load_i = call float @_ssdm_op_Read.ap_fifo.volatile.floatP(float* %f5_1)" [aesl_mux_load.8[8 x [8 x [4 x float]]]P.i32.i64.i64.i64:975->topp.c:450]   --->   Operation 67 'read' 'f5_1_load_i' <Predicate = (!exitcond2_i & tmp_1 == 1)> <Delay = 3.63> <Core = "FIFO_SRL">   --->   Core 36 'FIFO_SRL' <Latency = 0> <II = 1> <Delay = 3.63> <Storage> <Opcode : 'read' 'write' 'nbread' 'nbwrite'> <Ports = 0> <Width = 32> <Depth = 0> <FIFO>
ST_5 : Operation 68 [1/1] (0.00ns)   --->   "br label %"aesl_mux_load.8[8 x [8 x [4 x float]]]P.i32.i64.i64.i64.exit"" [aesl_mux_load.8[8 x [8 x [4 x float]]]P.i32.i64.i64.i64:994->topp.c:450]   --->   Operation 68 'br' <Predicate = (!exitcond2_i & tmp_1 == 1)> <Delay = 0.00>
ST_5 : Operation 69 [1/1] (3.63ns)   --->   "%f5_0_load_i = call float @_ssdm_op_Read.ap_fifo.volatile.floatP(float* %f5_0)" [aesl_mux_load.8[8 x [8 x [4 x float]]]P.i32.i64.i64.i64:972->topp.c:450]   --->   Operation 69 'read' 'f5_0_load_i' <Predicate = (!exitcond2_i & tmp_1 == 0)> <Delay = 3.63> <Core = "FIFO_SRL">   --->   Core 36 'FIFO_SRL' <Latency = 0> <II = 1> <Delay = 3.63> <Storage> <Opcode : 'read' 'write' 'nbread' 'nbwrite'> <Ports = 0> <Width = 32> <Depth = 0> <FIFO>
ST_5 : Operation 70 [1/1] (0.00ns)   --->   "br label %"aesl_mux_load.8[8 x [8 x [4 x float]]]P.i32.i64.i64.i64.exit"" [aesl_mux_load.8[8 x [8 x [4 x float]]]P.i32.i64.i64.i64:994->topp.c:450]   --->   Operation 70 'br' <Predicate = (!exitcond2_i & tmp_1 == 0)> <Delay = 0.00>
ST_5 : Operation 71 [1/1] (3.63ns)   --->   "%f5_7_load_i = call float @_ssdm_op_Read.ap_fifo.volatile.floatP(float* %f5_7)" [aesl_mux_load.8[8 x [8 x [4 x float]]]P.i32.i64.i64.i64:993->topp.c:450]   --->   Operation 71 'read' 'f5_7_load_i' <Predicate = (!exitcond2_i & tmp_1 == 7)> <Delay = 3.63> <Core = "FIFO_SRL">   --->   Core 36 'FIFO_SRL' <Latency = 0> <II = 1> <Delay = 3.63> <Storage> <Opcode : 'read' 'write' 'nbread' 'nbwrite'> <Ports = 0> <Width = 32> <Depth = 0> <FIFO>
ST_5 : Operation 72 [1/1] (0.00ns)   --->   "br label %"aesl_mux_load.8[8 x [8 x [4 x float]]]P.i32.i64.i64.i64.exit"" [aesl_mux_load.8[8 x [8 x [4 x float]]]P.i32.i64.i64.i64:994->topp.c:450]   --->   Operation 72 'br' <Predicate = (!exitcond2_i & tmp_1 == 7)> <Delay = 0.00>
ST_5 : Operation 73 [1/1] (1.76ns)   --->   "br label %.preheader.i" [topp.c:458]   --->   Operation 73 'br' <Predicate = (exitcond2_i)> <Delay = 1.76>

State 6 <SV = 5> <Delay = 0.00>
ST_6 : Operation 74 [1/1] (0.00ns)   --->   "br label %.preheader6.i" [topp.c:448]   --->   Operation 74 'br' <Predicate = true> <Delay = 0.00>

State 7 <SV = 5> <Delay = 4.80>
ST_7 : Operation 75 [1/1] (0.00ns)   --->   "%oc_2_i = phi i5 [ %oc_1, %1 ], [ 0, %.preheader.i.preheader ]"   --->   Operation 75 'phi' 'oc_2_i' <Predicate = true> <Delay = 0.00>
ST_7 : Operation 76 [1/1] (1.36ns)   --->   "%exitcond_i = icmp eq i5 %oc_2_i, -16" [topp.c:458]   --->   Operation 76 'icmp' 'exitcond_i' <Predicate = true> <Delay = 1.36> <Core = "Cmp">   --->   Core 25 'Cmp' <Latency = 0> <II = 1> <Delay = 1.36> <FuncUnit> <Opcode : 'icmp'> <InPorts = 2> <OutPorts = 1>
ST_7 : Operation 77 [1/1] (0.00ns)   --->   "%empty_306 = call i32 (...)* @_ssdm_op_SpecLoopTripCount(i64 16, i64 16, i64 16)"   --->   Operation 77 'speclooptripcount' 'empty_306' <Predicate = true> <Delay = 0.00>
ST_7 : Operation 78 [1/1] (1.78ns)   --->   "%oc_1 = add i5 %oc_2_i, 1" [topp.c:458]   --->   Operation 78 'add' 'oc_1' <Predicate = true> <Delay = 1.78> <Core = "AddSub">   --->   Core 14 'AddSub' <Latency = 0> <II = 1> <Delay = 1.54> <FuncUnit> <Opcode : 'add' 'sub'> <InPorts = 2> <OutPorts = 1>
ST_7 : Operation 79 [1/1] (0.00ns)   --->   "br i1 %exitcond_i, label %.preheader8.i.loopexit, label %1" [topp.c:458]   --->   Operation 79 'br' <Predicate = true> <Delay = 0.00>
ST_7 : Operation 80 [1/1] (0.00ns)   --->   "%tmp_25_i_cast = zext i5 %oc_2_i to i12" [topp.c:459]   --->   Operation 80 'zext' 'tmp_25_i_cast' <Predicate = (!exitcond_i)> <Delay = 0.00>
ST_7 : Operation 81 [1/1] (1.54ns)   --->   "%tmp_5 = add i12 %tmp_4_cast, %tmp_25_i_cast" [topp.c:459]   --->   Operation 81 'add' 'tmp_5' <Predicate = (!exitcond_i)> <Delay = 1.54> <Core = "AddSub">   --->   Core 14 'AddSub' <Latency = 0> <II = 1> <Delay = 1.54> <FuncUnit> <Opcode : 'add' 'sub'> <InPorts = 2> <OutPorts = 1>
ST_7 : Operation 82 [1/1] (0.00ns)   --->   "%tmp_5_cast = zext i12 %tmp_5 to i64" [topp.c:459]   --->   Operation 82 'zext' 'tmp_5_cast' <Predicate = (!exitcond_i)> <Delay = 0.00>
ST_7 : Operation 83 [1/1] (0.00ns)   --->   "%out_addr = getelementptr [1024 x float]* %out_r, i64 0, i64 %tmp_5_cast" [topp.c:459]   --->   Operation 83 'getelementptr' 'out_addr' <Predicate = (!exitcond_i)> <Delay = 0.00>
ST_7 : Operation 84 [1/1] (3.25ns)   --->   "store float 5.000000e-01, float* %out_addr, align 4" [topp.c:459]   --->   Operation 84 'store' <Predicate = (!exitcond_i)> <Delay = 3.25> <Core = "RAM">   --->   Core 37 'RAM' <Latency = 1> <II = 1> <Delay = 3.25> <Storage> <Opcode : 'load' 'store'> <Ports = 2> <Width = 32> <Depth = 1024> <RAM>
ST_7 : Operation 85 [1/1] (0.00ns)   --->   "br label %.preheader.i" [topp.c:458]   --->   Operation 85 'br' <Predicate = (!exitcond_i)> <Delay = 0.00>
ST_7 : Operation 86 [1/1] (0.00ns)   --->   "br label %.preheader8.i"   --->   Operation 86 'br' <Predicate = (exitcond_i)> <Delay = 0.00>


============================================================
+ Verbose Summary: Binding
============================================================
STG Binding: 
---------------- STG Properties BEGIN ----------------
- Is combinational: 0
- Is one-state seq: 0
- Is datapath-only: 0
- Is pipelined: 0
- Is top level: 0
Port [ Return ] is wired: 1; IO mode=ap_ctrl_hs:ce=0
Port [ out_r]:  wired=1; compound=1; hidden=0; nouse=0; global=0; static=0; extern=0; dir=1; type=1; pingpong=0; private_global=0; MemPort=[03]; IO mode=ap_memory:ce=0
Port [ f5_0]:  wired=1; compound=1; hidden=0; nouse=0; global=0; static=0; extern=0; dir=0; type=3; pingpong=0; private_global=0; IO mode=ap_fifo:ce=0
Port [ f5_1]:  wired=1; compound=1; hidden=0; nouse=0; global=0; static=0; extern=0; dir=0; type=3; pingpong=0; private_global=0; IO mode=ap_fifo:ce=0
Port [ f5_2]:  wired=1; compound=1; hidden=0; nouse=0; global=0; static=0; extern=0; dir=0; type=3; pingpong=0; private_global=0; IO mode=ap_fifo:ce=0
Port [ f5_3]:  wired=1; compound=1; hidden=0; nouse=0; global=0; static=0; extern=0; dir=0; type=3; pingpong=0; private_global=0; IO mode=ap_fifo:ce=0
Port [ f5_4]:  wired=1; compound=1; hidden=0; nouse=0; global=0; static=0; extern=0; dir=0; type=3; pingpong=0; private_global=0; IO mode=ap_fifo:ce=0
Port [ f5_5]:  wired=1; compound=1; hidden=0; nouse=0; global=0; static=0; extern=0; dir=0; type=3; pingpong=0; private_global=0; IO mode=ap_fifo:ce=0
Port [ f5_6]:  wired=1; compound=1; hidden=0; nouse=0; global=0; static=0; extern=0; dir=0; type=3; pingpong=0; private_global=0; IO mode=ap_fifo:ce=0
Port [ f5_7]:  wired=1; compound=1; hidden=0; nouse=0; global=0; static=0; extern=0; dir=0; type=3; pingpong=0; private_global=0; IO mode=ap_fifo:ce=0
---------------- STG Properties END ------------------

---------------- Datapath Model BEGIN ----------------

<LifeTime>
<method=bitvector/>
empty         (specinterface    ) [ 00000000]
empty_287     (specinterface    ) [ 00000000]
empty_288     (specinterface    ) [ 00000000]
empty_289     (specinterface    ) [ 00000000]
empty_290     (specinterface    ) [ 00000000]
empty_291     (specinterface    ) [ 00000000]
empty_292     (specinterface    ) [ 00000000]
empty_293     (specinterface    ) [ 00000000]
StgValue_16   (br               ) [ 01111111]
r_i           (phi              ) [ 00100000]
exitcond5_i   (icmp             ) [ 00111111]
empty_294     (speclooptripcount) [ 00000000]
r             (add              ) [ 01111111]
StgValue_21   (br               ) [ 00000000]
tmp           (bitconcatenate   ) [ 00000000]
tmp_1_cast    (zext             ) [ 00011111]
StgValue_24   (br               ) [ 00111111]
StgValue_25   (ret              ) [ 00000000]
c_i           (phi              ) [ 00011000]
exitcond4_i   (icmp             ) [ 00111111]
empty_295     (speclooptripcount) [ 00000000]
c             (add              ) [ 00111111]
StgValue_30   (br               ) [ 00000000]
StgValue_31   (br               ) [ 00111111]
StgValue_32   (br               ) [ 01111111]
oc_i          (phi              ) [ 00001000]
exitcond3_i   (icmp             ) [ 00111111]
oc            (add              ) [ 00111111]
empty_296     (speclooptripcount) [ 00000000]
StgValue_37   (br               ) [ 00111111]
tmp_i_cast    (zext             ) [ 00000000]
tmp_2         (add              ) [ 00000000]
tmp_4_cast    (bitconcatenate   ) [ 00000111]
StgValue_41   (br               ) [ 00111111]
ic_i          (phi              ) [ 00000100]
exitcond2_i   (icmp             ) [ 00111111]
empty_297     (speclooptripcount) [ 00000000]
ic            (add              ) [ 00111111]
StgValue_46   (br               ) [ 00000000]
tmp_1         (trunc            ) [ 00111111]
empty_298     (specinterface    ) [ 00000000]
empty_299     (specinterface    ) [ 00000000]
empty_300     (specinterface    ) [ 00000000]
empty_301     (specinterface    ) [ 00000000]
empty_302     (specinterface    ) [ 00000000]
empty_303     (specinterface    ) [ 00000000]
empty_304     (specinterface    ) [ 00000000]
empty_305     (specinterface    ) [ 00000000]
StgValue_56   (switch           ) [ 00000000]
f5_6_load_i   (read             ) [ 00000000]
StgValue_58   (br               ) [ 00000000]
f5_5_load_i   (read             ) [ 00000000]
StgValue_60   (br               ) [ 00000000]
f5_4_load_i   (read             ) [ 00000000]
StgValue_62   (br               ) [ 00000000]
f5_3_load_i   (read             ) [ 00000000]
StgValue_64   (br               ) [ 00000000]
f5_2_load_i   (read             ) [ 00000000]
StgValue_66   (br               ) [ 00000000]
f5_1_load_i   (read             ) [ 00000000]
StgValue_68   (br               ) [ 00000000]
f5_0_load_i   (read             ) [ 00000000]
StgValue_70   (br               ) [ 00000000]
f5_7_load_i   (read             ) [ 00000000]
StgValue_72   (br               ) [ 00000000]
StgValue_73   (br               ) [ 00111111]
StgValue_74   (br               ) [ 00111111]
oc_2_i        (phi              ) [ 00000001]
exitcond_i    (icmp             ) [ 00111111]
empty_306     (speclooptripcount) [ 00000000]
oc_1          (add              ) [ 00111111]
StgValue_79   (br               ) [ 00000000]
tmp_25_i_cast (zext             ) [ 00000000]
tmp_5         (add              ) [ 00000000]
tmp_5_cast    (zext             ) [ 00000000]
out_addr      (getelementptr    ) [ 00000000]
StgValue_84   (store            ) [ 00000000]
StgValue_85   (br               ) [ 00111111]
StgValue_86   (br               ) [ 00111111]
</LifeTime>

<model>

<comp_list>
<comp id="0" class="1000" name="out_r">
<pin_list>
<pin id="1" dir="1" index="0" bw="1" slack="0"/>
</pin_list>
<bind>
<StgValue><ssdm name="out_r"/><MemPortTyVec>0 3 </MemPortTyVec>
</StgValue>
</bind>
</comp>

<comp id="2" class="1000" name="f5_0">
<pin_list>
<pin id="3" dir="1" index="0" bw="1" slack="0"/>
</pin_list>
<bind>
<StgValue><ssdm name="f5_0"/></StgValue>
</bind>
</comp>

<comp id="4" class="1000" name="f5_1">
<pin_list>
<pin id="5" dir="1" index="0" bw="1" slack="0"/>
</pin_list>
<bind>
<StgValue><ssdm name="f5_1"/></StgValue>
</bind>
</comp>

<comp id="6" class="1000" name="f5_2">
<pin_list>
<pin id="7" dir="1" index="0" bw="1" slack="0"/>
</pin_list>
<bind>
<StgValue><ssdm name="f5_2"/></StgValue>
</bind>
</comp>

<comp id="8" class="1000" name="f5_3">
<pin_list>
<pin id="9" dir="1" index="0" bw="1" slack="0"/>
</pin_list>
<bind>
<StgValue><ssdm name="f5_3"/></StgValue>
</bind>
</comp>

<comp id="10" class="1000" name="f5_4">
<pin_list>
<pin id="11" dir="1" index="0" bw="1" slack="0"/>
</pin_list>
<bind>
<StgValue><ssdm name="f5_4"/></StgValue>
</bind>
</comp>

<comp id="12" class="1000" name="f5_5">
<pin_list>
<pin id="13" dir="1" index="0" bw="1" slack="0"/>
</pin_list>
<bind>
<StgValue><ssdm name="f5_5"/></StgValue>
</bind>
</comp>

<comp id="14" class="1000" name="f5_6">
<pin_list>
<pin id="15" dir="1" index="0" bw="1" slack="0"/>
</pin_list>
<bind>
<StgValue><ssdm name="f5_6"/></StgValue>
</bind>
</comp>

<comp id="16" class="1000" name="f5_7">
<pin_list>
<pin id="17" dir="1" index="0" bw="1" slack="0"/>
</pin_list>
<bind>
<StgValue><ssdm name="f5_7"/></StgValue>
</bind>
</comp>

<comp id="18" class="1001" name="const_18">
<pin_list>
<pin id="19" dir="1" index="0" bw="1" slack="2147483647"/>
</pin_list>
<bind>
<StgValue><ssdm name="_ssdm_op_SpecInterface"/></StgValue>
</bind>
</comp>

<comp id="20" class="1001" name="const_20">
<pin_list>
<pin id="21" dir="1" index="0" bw="1" slack="2147483647"/>
</pin_list>
<bind>
<StgValue><ssdm name="ap_fifo_str"/></StgValue>
</bind>
</comp>

<comp id="22" class="1001" name="const_22">
<pin_list>
<pin id="23" dir="1" index="0" bw="1" slack="2147483647"/>
</pin_list>
<bind>
<StgValue><ssdm name=""/></StgValue>
</bind>
</comp>

<comp id="24" class="1001" name="const_24">
<pin_list>
<pin id="25" dir="1" index="0" bw="1" slack="2147483647"/>
</pin_list>
<bind>
<StgValue><ssdm name="p_str"/></StgValue>
</bind>
</comp>

<comp id="26" class="1001" name="const_26">
<pin_list>
<pin id="27" dir="1" index="0" bw="1" slack="2147483647"/>
</pin_list>
<bind>
<StgValue><ssdm name=""/></StgValue>
</bind>
</comp>

<comp id="28" class="1001" name="const_28">
<pin_list>
<pin id="29" dir="1" index="0" bw="1" slack="2147483647"/>
</pin_list>
<bind>
<StgValue><ssdm name=""/></StgValue>
</bind>
</comp>

<comp id="30" class="1001" name="const_30">
<pin_list>
<pin id="31" dir="1" index="0" bw="1" slack="0"/>
</pin_list>
<bind>
<StgValue><ssdm name=""/></StgValue>
</bind>
</comp>

<comp id="32" class="1001" name="const_32">
<pin_list>
<pin id="33" dir="1" index="0" bw="1" slack="0"/>
</pin_list>
<bind>
<StgValue><ssdm name=""/></StgValue>
</bind>
</comp>

<comp id="34" class="1001" name="const_34">
<pin_list>
<pin id="35" dir="1" index="0" bw="1" slack="2147483647"/>
</pin_list>
<bind>
<StgValue><ssdm name="_ssdm_op_SpecLoopTripCount"/></StgValue>
</bind>
</comp>

<comp id="36" class="1001" name="const_36">
<pin_list>
<pin id="37" dir="1" index="0" bw="1" slack="2147483647"/>
</pin_list>
<bind>
<StgValue><ssdm name=""/></StgValue>
</bind>
</comp>

<comp id="38" class="1001" name="const_38">
<pin_list>
<pin id="39" dir="1" index="0" bw="1" slack="0"/>
</pin_list>
<bind>
<StgValue><ssdm name=""/></StgValue>
</bind>
</comp>

<comp id="40" class="1001" name="const_40">
<pin_list>
<pin id="41" dir="1" index="0" bw="1" slack="0"/>
</pin_list>
<bind>
<StgValue><ssdm name="_ssdm_op_BitConcatenate.i7.i4.i3"/></StgValue>
</bind>
</comp>

<comp id="42" class="1001" name="const_42">
<pin_list>
<pin id="43" dir="1" index="0" bw="1" slack="0"/>
</pin_list>
<bind>
<StgValue><ssdm name=""/></StgValue>
</bind>
</comp>

<comp id="44" class="1001" name="const_44">
<pin_list>
<pin id="45" dir="1" index="0" bw="1" slack="1"/>
</pin_list>
<bind>
<StgValue><ssdm name=""/></StgValue>
</bind>
</comp>

<comp id="46" class="1001" name="const_46">
<pin_list>
<pin id="47" dir="1" index="0" bw="1" slack="0"/>
</pin_list>
<bind>
<StgValue><ssdm name=""/></StgValue>
</bind>
</comp>

<comp id="48" class="1001" name="const_48">
<pin_list>
<pin id="49" dir="1" index="0" bw="1" slack="0"/>
</pin_list>
<bind>
<StgValue><ssdm name=""/></StgValue>
</bind>
</comp>

<comp id="50" class="1001" name="const_50">
<pin_list>
<pin id="51" dir="1" index="0" bw="1" slack="2147483647"/>
</pin_list>
<bind>
<StgValue><ssdm name=""/></StgValue>
</bind>
</comp>

<comp id="52" class="1001" name="const_52">
<pin_list>
<pin id="53" dir="1" index="0" bw="1" slack="0"/>
</pin_list>
<bind>
<StgValue><ssdm name="_ssdm_op_BitConcatenate.i12.i8.i4"/></StgValue>
</bind>
</comp>

<comp id="54" class="1001" name="const_54">
<pin_list>
<pin id="55" dir="1" index="0" bw="1" slack="1"/>
</pin_list>
<bind>
<StgValue><ssdm name=""/></StgValue>
</bind>
</comp>

<comp id="56" class="1001" name="const_56">
<pin_list>
<pin id="57" dir="1" index="0" bw="1" slack="0"/>
</pin_list>
<bind>
<StgValue><ssdm name=""/></StgValue>
</bind>
</comp>

<comp id="58" class="1001" name="const_58">
<pin_list>
<pin id="59" dir="1" index="0" bw="1" slack="2147483647"/>
</pin_list>
<bind>
<StgValue><ssdm name=""/></StgValue>
</bind>
</comp>

<comp id="60" class="1001" name="const_60">
<pin_list>
<pin id="61" dir="1" index="0" bw="1" slack="0"/>
</pin_list>
<bind>
<StgValue><ssdm name=""/></StgValue>
</bind>
</comp>

<comp id="62" class="1001" name="const_62">
<pin_list>
<pin id="63" dir="1" index="0" bw="1" slack="2147483647"/>
</pin_list>
<bind>
<StgValue><ssdm name=""/></StgValue>
</bind>
</comp>

<comp id="64" class="1001" name="const_64">
<pin_list>
<pin id="65" dir="1" index="0" bw="1" slack="2147483647"/>
</pin_list>
<bind>
<StgValue><ssdm name=""/></StgValue>
</bind>
</comp>

<comp id="66" class="1001" name="const_66">
<pin_list>
<pin id="67" dir="1" index="0" bw="1" slack="2147483647"/>
</pin_list>
<bind>
<StgValue><ssdm name=""/></StgValue>
</bind>
</comp>

<comp id="68" class="1001" name="const_68">
<pin_list>
<pin id="69" dir="1" index="0" bw="1" slack="2147483647"/>
</pin_list>
<bind>
<StgValue><ssdm name=""/></StgValue>
</bind>
</comp>

<comp id="70" class="1001" name="const_70">
<pin_list>
<pin id="71" dir="1" index="0" bw="1" slack="2147483647"/>
</pin_list>
<bind>
<StgValue><ssdm name=""/></StgValue>
</bind>
</comp>

<comp id="72" class="1001" name="const_72">
<pin_list>
<pin id="73" dir="1" index="0" bw="1" slack="2147483647"/>
</pin_list>
<bind>
<StgValue><ssdm name=""/></StgValue>
</bind>
</comp>

<comp id="74" class="1001" name="const_74">
<pin_list>
<pin id="75" dir="1" index="0" bw="1" slack="0"/>
</pin_list>
<bind>
<StgValue><ssdm name="_ssdm_op_Read.ap_fifo.volatile.floatP"/></StgValue>
</bind>
</comp>

<comp id="76" class="1001" name="const_76">
<pin_list>
<pin id="77" dir="1" index="0" bw="1" slack="2147483647"/>
</pin_list>
<bind>
<StgValue><ssdm name=""/></StgValue>
</bind>
</comp>

<comp id="78" class="1001" name="const_78">
<pin_list>
<pin id="79" dir="1" index="0" bw="1" slack="0"/>
</pin_list>
<bind>
<StgValue><ssdm name=""/></StgValue>
</bind>
</comp>

<comp id="80" class="1001" name="const_80">
<pin_list>
<pin id="81" dir="1" index="0" bw="1" slack="0"/>
</pin_list>
<bind>
<StgValue><ssdm name=""/></StgValue>
</bind>
</comp>

<comp id="82" class="1004" name="f5_6_load_i_read_fu_82">
<pin_list>
<pin id="83" dir="0" index="0" bw="32" slack="0"/>
<pin id="84" dir="0" index="1" bw="32" slack="0"/>
<pin id="85" dir="1" index="2" bw="32" slack="2147483647"/>
</pin_list>
<bind>
<opcode="read(1150) " fcode="read"/>
<opset="f5_6_load_i/5 "/>
</bind>
</comp>

<comp id="88" class="1004" name="f5_5_load_i_read_fu_88">
<pin_list>
<pin id="89" dir="0" index="0" bw="32" slack="0"/>
<pin id="90" dir="0" index="1" bw="32" slack="0"/>
<pin id="91" dir="1" index="2" bw="32" slack="2147483647"/>
</pin_list>
<bind>
<opcode="read(1150) " fcode="read"/>
<opset="f5_5_load_i/5 "/>
</bind>
</comp>

<comp id="94" class="1004" name="f5_4_load_i_read_fu_94">
<pin_list>
<pin id="95" dir="0" index="0" bw="32" slack="0"/>
<pin id="96" dir="0" index="1" bw="32" slack="0"/>
<pin id="97" dir="1" index="2" bw="32" slack="2147483647"/>
</pin_list>
<bind>
<opcode="read(1150) " fcode="read"/>
<opset="f5_4_load_i/5 "/>
</bind>
</comp>

<comp id="100" class="1004" name="f5_3_load_i_read_fu_100">
<pin_list>
<pin id="101" dir="0" index="0" bw="32" slack="0"/>
<pin id="102" dir="0" index="1" bw="32" slack="0"/>
<pin id="103" dir="1" index="2" bw="32" slack="2147483647"/>
</pin_list>
<bind>
<opcode="read(1150) " fcode="read"/>
<opset="f5_3_load_i/5 "/>
</bind>
</comp>

<comp id="106" class="1004" name="f5_2_load_i_read_fu_106">
<pin_list>
<pin id="107" dir="0" index="0" bw="32" slack="0"/>
<pin id="108" dir="0" index="1" bw="32" slack="0"/>
<pin id="109" dir="1" index="2" bw="32" slack="2147483647"/>
</pin_list>
<bind>
<opcode="read(1150) " fcode="read"/>
<opset="f5_2_load_i/5 "/>
</bind>
</comp>

<comp id="112" class="1004" name="f5_1_load_i_read_fu_112">
<pin_list>
<pin id="113" dir="0" index="0" bw="32" slack="0"/>
<pin id="114" dir="0" index="1" bw="32" slack="0"/>
<pin id="115" dir="1" index="2" bw="32" slack="2147483647"/>
</pin_list>
<bind>
<opcode="read(1150) " fcode="read"/>
<opset="f5_1_load_i/5 "/>
</bind>
</comp>

<comp id="118" class="1004" name="f5_0_load_i_read_fu_118">
<pin_list>
<pin id="119" dir="0" index="0" bw="32" slack="0"/>
<pin id="120" dir="0" index="1" bw="32" slack="0"/>
<pin id="121" dir="1" index="2" bw="32" slack="2147483647"/>
</pin_list>
<bind>
<opcode="read(1150) " fcode="read"/>
<opset="f5_0_load_i/5 "/>
</bind>
</comp>

<comp id="124" class="1004" name="f5_7_load_i_read_fu_124">
<pin_list>
<pin id="125" dir="0" index="0" bw="32" slack="0"/>
<pin id="126" dir="0" index="1" bw="32" slack="0"/>
<pin id="127" dir="1" index="2" bw="32" slack="2147483647"/>
</pin_list>
<bind>
<opcode="read(1150) " fcode="read"/>
<opset="f5_7_load_i/5 "/>
</bind>
</comp>

<comp id="130" class="1004" name="out_addr_gep_fu_130">
<pin_list>
<pin id="131" dir="0" index="0" bw="32" slack="0"/>
<pin id="132" dir="0" index="1" bw="1" slack="0"/>
<pin id="133" dir="0" index="2" bw="12" slack="0"/>
<pin id="134" dir="1" index="3" bw="10" slack="0"/>
</pin_list>
<bind>
<opcode="getelementptr(29) " fcode="getelementptr"/>
<opset="out_addr/7 "/>
</bind>
</comp>

<comp id="137" class="1004" name="StgValue_84_access_fu_137">
<pin_list>
<pin id="138" dir="0" index="0" bw="10" slack="0"/>
<pin id="139" dir="0" index="1" bw="32" slack="0"/>
<pin id="140" dir="0" index="2" bw="0" slack="2147483647"/>
<pin id="141" dir="1" index="3" bw="32" slack="2147483647"/>
</pin_list>
<bind>
<opcode="store(28) " fcode="store"/>
<opset="StgValue_84/7 "/>
</bind>
</comp>

<comp id="144" class="1005" name="r_i_reg_144">
<pin_list>
<pin id="145" dir="0" index="0" bw="4" slack="1"/>
<pin id="146" dir="1" index="1" bw="4" slack="1"/>
</pin_list>
<bind>
<opset="r_i (phireg) "/>
</bind>
</comp>

<comp id="148" class="1004" name="r_i_phi_fu_148">
<pin_list>
<pin id="149" dir="0" index="0" bw="1" slack="1"/>
<pin id="150" dir="0" index="1" bw="0" slack="2147483647"/>
<pin id="151" dir="0" index="2" bw="4" slack="0"/>
<pin id="152" dir="0" index="3" bw="0" slack="2147483647"/>
<pin id="153" dir="1" index="4" bw="4" slack="0"/>
</pin_list>
<bind>
<opcode="phi(47) " fcode="phi"/>
<opset="r_i/2 "/>
</bind>
</comp>

<comp id="155" class="1005" name="c_i_reg_155">
<pin_list>
<pin id="156" dir="0" index="0" bw="4" slack="1"/>
<pin id="157" dir="1" index="1" bw="4" slack="1"/>
</pin_list>
<bind>
<opset="c_i (phireg) "/>
</bind>
</comp>

<comp id="159" class="1004" name="c_i_phi_fu_159">
<pin_list>
<pin id="160" dir="0" index="0" bw="1" slack="1"/>
<pin id="161" dir="0" index="1" bw="0" slack="2147483647"/>
<pin id="162" dir="0" index="2" bw="4" slack="0"/>
<pin id="163" dir="0" index="3" bw="0" slack="2147483647"/>
<pin id="164" dir="1" index="4" bw="4" slack="0"/>
</pin_list>
<bind>
<opcode="phi(47) " fcode="phi"/>
<opset="c_i/3 "/>
</bind>
</comp>

<comp id="167" class="1005" name="oc_i_reg_167">
<pin_list>
<pin id="168" dir="0" index="0" bw="5" slack="1"/>
<pin id="169" dir="1" index="1" bw="5" slack="1"/>
</pin_list>
<bind>
<opset="oc_i (phireg) "/>
</bind>
</comp>

<comp id="171" class="1004" name="oc_i_phi_fu_171">
<pin_list>
<pin id="172" dir="0" index="0" bw="5" slack="0"/>
<pin id="173" dir="0" index="1" bw="0" slack="2147483647"/>
<pin id="174" dir="0" index="2" bw="1" slack="1"/>
<pin id="175" dir="0" index="3" bw="0" slack="2147483647"/>
<pin id="176" dir="1" index="4" bw="5" slack="0"/>
</pin_list>
<bind>
<opcode="phi(47) " fcode="phi"/>
<opset="oc_i/4 "/>
</bind>
</comp>

<comp id="178" class="1005" name="ic_i_reg_178">
<pin_list>
<pin id="179" dir="0" index="0" bw="6" slack="1"/>
<pin id="180" dir="1" index="1" bw="6" slack="1"/>
</pin_list>
<bind>
<opset="ic_i (phireg) "/>
</bind>
</comp>

<comp id="182" class="1004" name="ic_i_phi_fu_182">
<pin_list>
<pin id="183" dir="0" index="0" bw="6" slack="0"/>
<pin id="184" dir="0" index="1" bw="0" slack="2147483647"/>
<pin id="185" dir="0" index="2" bw="1" slack="1"/>
<pin id="186" dir="0" index="3" bw="0" slack="2147483647"/>
<pin id="187" dir="1" index="4" bw="6" slack="0"/>
</pin_list>
<bind>
<opcode="phi(47) " fcode="phi"/>
<opset="ic_i/5 "/>
</bind>
</comp>

<comp id="189" class="1005" name="oc_2_i_reg_189">
<pin_list>
<pin id="190" dir="0" index="0" bw="5" slack="1"/>
<pin id="191" dir="1" index="1" bw="5" slack="1"/>
</pin_list>
<bind>
<opset="oc_2_i (phireg) "/>
</bind>
</comp>

<comp id="193" class="1004" name="oc_2_i_phi_fu_193">
<pin_list>
<pin id="194" dir="0" index="0" bw="5" slack="0"/>
<pin id="195" dir="0" index="1" bw="0" slack="2147483647"/>
<pin id="196" dir="0" index="2" bw="1" slack="1"/>
<pin id="197" dir="0" index="3" bw="0" slack="2147483647"/>
<pin id="198" dir="1" index="4" bw="5" slack="0"/>
</pin_list>
<bind>
<opcode="phi(47) " fcode="phi"/>
<opset="oc_2_i/7 "/>
</bind>
</comp>

<comp id="200" class="1004" name="exitcond5_i_fu_200">
<pin_list>
<pin id="201" dir="0" index="0" bw="4" slack="0"/>
<pin id="202" dir="0" index="1" bw="4" slack="0"/>
<pin id="203" dir="1" index="2" bw="1" slack="2147483647"/>
</pin_list>
<bind>
<opcode="icmp(45) " fcode="icmp"/>
<opset="exitcond5_i/2 "/>
</bind>
</comp>

<comp id="206" class="1004" name="r_fu_206">
<pin_list>
<pin id="207" dir="0" index="0" bw="4" slack="0"/>
<pin id="208" dir="0" index="1" bw="1" slack="0"/>
<pin id="209" dir="1" index="2" bw="4" slack="0"/>
</pin_list>
<bind>
<opcode="add(8) " fcode="add"/>
<opset="r/2 "/>
</bind>
</comp>

<comp id="212" class="1004" name="tmp_fu_212">
<pin_list>
<pin id="213" dir="0" index="0" bw="7" slack="0"/>
<pin id="214" dir="0" index="1" bw="4" slack="0"/>
<pin id="215" dir="0" index="2" bw="1" slack="0"/>
<pin id="216" dir="1" index="3" bw="7" slack="0"/>
</pin_list>
<bind>
<opcode="bitconcatenate(1004) " fcode="bitconcatenate"/>
<opset="tmp/2 "/>
</bind>
</comp>

<comp id="220" class="1004" name="tmp_1_cast_fu_220">
<pin_list>
<pin id="221" dir="0" index="0" bw="7" slack="0"/>
<pin id="222" dir="1" index="1" bw="8" slack="2"/>
</pin_list>
<bind>
<opcode="zext(34) " fcode="zext"/>
<opset="tmp_1_cast/2 "/>
</bind>
</comp>

<comp id="224" class="1004" name="exitcond4_i_fu_224">
<pin_list>
<pin id="225" dir="0" index="0" bw="4" slack="0"/>
<pin id="226" dir="0" index="1" bw="4" slack="0"/>
<pin id="227" dir="1" index="2" bw="1" slack="2147483647"/>
</pin_list>
<bind>
<opcode="icmp(45) " fcode="icmp"/>
<opset="exitcond4_i/3 "/>
</bind>
</comp>

<comp id="230" class="1004" name="c_fu_230">
<pin_list>
<pin id="231" dir="0" index="0" bw="4" slack="0"/>
<pin id="232" dir="0" index="1" bw="1" slack="0"/>
<pin id="233" dir="1" index="2" bw="4" slack="0"/>
</pin_list>
<bind>
<opcode="add(8) " fcode="add"/>
<opset="c/3 "/>
</bind>
</comp>

<comp id="236" class="1004" name="exitcond3_i_fu_236">
<pin_list>
<pin id="237" dir="0" index="0" bw="5" slack="0"/>
<pin id="238" dir="0" index="1" bw="5" slack="0"/>
<pin id="239" dir="1" index="2" bw="1" slack="2147483647"/>
</pin_list>
<bind>
<opcode="icmp(45) " fcode="icmp"/>
<opset="exitcond3_i/4 "/>
</bind>
</comp>

<comp id="242" class="1004" name="oc_fu_242">
<pin_list>
<pin id="243" dir="0" index="0" bw="5" slack="0"/>
<pin id="244" dir="0" index="1" bw="1" slack="0"/>
<pin id="245" dir="1" index="2" bw="5" slack="0"/>
</pin_list>
<bind>
<opcode="add(8) " fcode="add"/>
<opset="oc/4 "/>
</bind>
</comp>

<comp id="248" class="1004" name="tmp_i_cast_fu_248">
<pin_list>
<pin id="249" dir="0" index="0" bw="4" slack="1"/>
<pin id="250" dir="1" index="1" bw="8" slack="0"/>
</pin_list>
<bind>
<opcode="zext(34) " fcode="zext"/>
<opset="tmp_i_cast/4 "/>
</bind>
</comp>

<comp id="252" class="1004" name="tmp_2_fu_252">
<pin_list>
<pin id="253" dir="0" index="0" bw="4" slack="0"/>
<pin id="254" dir="0" index="1" bw="7" slack="2"/>
<pin id="255" dir="1" index="2" bw="8" slack="0"/>
</pin_list>
<bind>
<opcode="add(8) " fcode="add"/>
<opset="tmp_2/4 "/>
</bind>
</comp>

<comp id="257" class="1004" name="tmp_4_cast_fu_257">
<pin_list>
<pin id="258" dir="0" index="0" bw="12" slack="0"/>
<pin id="259" dir="0" index="1" bw="8" slack="0"/>
<pin id="260" dir="0" index="2" bw="1" slack="0"/>
<pin id="261" dir="1" index="3" bw="12" slack="2"/>
</pin_list>
<bind>
<opcode="bitconcatenate(1004) " fcode="bitconcatenate"/>
<opset="tmp_4_cast/4 "/>
</bind>
</comp>

<comp id="265" class="1004" name="exitcond2_i_fu_265">
<pin_list>
<pin id="266" dir="0" index="0" bw="6" slack="0"/>
<pin id="267" dir="0" index="1" bw="6" slack="0"/>
<pin id="268" dir="1" index="2" bw="1" slack="2147483647"/>
</pin_list>
<bind>
<opcode="icmp(45) " fcode="icmp"/>
<opset="exitcond2_i/5 "/>
</bind>
</comp>

<comp id="271" class="1004" name="ic_fu_271">
<pin_list>
<pin id="272" dir="0" index="0" bw="6" slack="0"/>
<pin id="273" dir="0" index="1" bw="1" slack="0"/>
<pin id="274" dir="1" index="2" bw="6" slack="0"/>
</pin_list>
<bind>
<opcode="add(8) " fcode="add"/>
<opset="ic/5 "/>
</bind>
</comp>

<comp id="277" class="1004" name="tmp_1_fu_277">
<pin_list>
<pin id="278" dir="0" index="0" bw="6" slack="0"/>
<pin id="279" dir="1" index="1" bw="3" slack="2147483647"/>
</pin_list>
<bind>
<opcode="trunc(33) " fcode="trunc"/>
<opset="tmp_1/5 "/>
</bind>
</comp>

<comp id="281" class="1004" name="exitcond_i_fu_281">
<pin_list>
<pin id="282" dir="0" index="0" bw="5" slack="0"/>
<pin id="283" dir="0" index="1" bw="5" slack="0"/>
<pin id="284" dir="1" index="2" bw="1" slack="2147483647"/>
</pin_list>
<bind>
<opcode="icmp(45) " fcode="icmp"/>
<opset="exitcond_i/7 "/>
</bind>
</comp>

<comp id="287" class="1004" name="oc_1_fu_287">
<pin_list>
<pin id="288" dir="0" index="0" bw="5" slack="0"/>
<pin id="289" dir="0" index="1" bw="1" slack="0"/>
<pin id="290" dir="1" index="2" bw="5" slack="0"/>
</pin_list>
<bind>
<opcode="add(8) " fcode="add"/>
<opset="oc_1/7 "/>
</bind>
</comp>

<comp id="293" class="1004" name="tmp_25_i_cast_fu_293">
<pin_list>
<pin id="294" dir="0" index="0" bw="5" slack="0"/>
<pin id="295" dir="1" index="1" bw="12" slack="0"/>
</pin_list>
<bind>
<opcode="zext(34) " fcode="zext"/>
<opset="tmp_25_i_cast/7 "/>
</bind>
</comp>

<comp id="297" class="1004" name="tmp_5_fu_297">
<pin_list>
<pin id="298" dir="0" index="0" bw="12" slack="2"/>
<pin id="299" dir="0" index="1" bw="5" slack="0"/>
<pin id="300" dir="1" index="2" bw="12" slack="0"/>
</pin_list>
<bind>
<opcode="add(8) " fcode="add"/>
<opset="tmp_5/7 "/>
</bind>
</comp>

<comp id="302" class="1004" name="tmp_5_cast_fu_302">
<pin_list>
<pin id="303" dir="0" index="0" bw="12" slack="0"/>
<pin id="304" dir="1" index="1" bw="64" slack="0"/>
</pin_list>
<bind>
<opcode="zext(34) " fcode="zext"/>
<opset="tmp_5_cast/7 "/>
</bind>
</comp>

<comp id="310" class="1005" name="r_reg_310">
<pin_list>
<pin id="311" dir="0" index="0" bw="4" slack="0"/>
<pin id="312" dir="1" index="1" bw="4" slack="0"/>
</pin_list>
<bind>
<opset="r "/>
</bind>
</comp>

<comp id="315" class="1005" name="tmp_1_cast_reg_315">
<pin_list>
<pin id="316" dir="0" index="0" bw="8" slack="2"/>
<pin id="317" dir="1" index="1" bw="8" slack="2"/>
</pin_list>
<bind>
<opset="tmp_1_cast "/>
</bind>
</comp>

<comp id="323" class="1005" name="c_reg_323">
<pin_list>
<pin id="324" dir="0" index="0" bw="4" slack="0"/>
<pin id="325" dir="1" index="1" bw="4" slack="0"/>
</pin_list>
<bind>
<opset="c "/>
</bind>
</comp>

<comp id="331" class="1005" name="oc_reg_331">
<pin_list>
<pin id="332" dir="0" index="0" bw="5" slack="0"/>
<pin id="333" dir="1" index="1" bw="5" slack="0"/>
</pin_list>
<bind>
<opset="oc "/>
</bind>
</comp>

<comp id="336" class="1005" name="tmp_4_cast_reg_336">
<pin_list>
<pin id="337" dir="0" index="0" bw="12" slack="2"/>
<pin id="338" dir="1" index="1" bw="12" slack="2"/>
</pin_list>
<bind>
<opset="tmp_4_cast "/>
</bind>
</comp>

<comp id="344" class="1005" name="ic_reg_344">
<pin_list>
<pin id="345" dir="0" index="0" bw="6" slack="0"/>
<pin id="346" dir="1" index="1" bw="6" slack="0"/>
</pin_list>
<bind>
<opset="ic "/>
</bind>
</comp>

<comp id="355" class="1005" name="oc_1_reg_355">
<pin_list>
<pin id="356" dir="0" index="0" bw="5" slack="0"/>
<pin id="357" dir="1" index="1" bw="5" slack="0"/>
</pin_list>
<bind>
<opset="oc_1 "/>
</bind>
</comp>

</comp_list>

<net_list>
<net id="86"><net_src comp="74" pin="0"/><net_sink comp="82" pin=0"/></net>

<net id="87"><net_src comp="14" pin="0"/><net_sink comp="82" pin=1"/></net>

<net id="92"><net_src comp="74" pin="0"/><net_sink comp="88" pin=0"/></net>

<net id="93"><net_src comp="12" pin="0"/><net_sink comp="88" pin=1"/></net>

<net id="98"><net_src comp="74" pin="0"/><net_sink comp="94" pin=0"/></net>

<net id="99"><net_src comp="10" pin="0"/><net_sink comp="94" pin=1"/></net>

<net id="104"><net_src comp="74" pin="0"/><net_sink comp="100" pin=0"/></net>

<net id="105"><net_src comp="8" pin="0"/><net_sink comp="100" pin=1"/></net>

<net id="110"><net_src comp="74" pin="0"/><net_sink comp="106" pin=0"/></net>

<net id="111"><net_src comp="6" pin="0"/><net_sink comp="106" pin=1"/></net>

<net id="116"><net_src comp="74" pin="0"/><net_sink comp="112" pin=0"/></net>

<net id="117"><net_src comp="4" pin="0"/><net_sink comp="112" pin=1"/></net>

<net id="122"><net_src comp="74" pin="0"/><net_sink comp="118" pin=0"/></net>

<net id="123"><net_src comp="2" pin="0"/><net_sink comp="118" pin=1"/></net>

<net id="128"><net_src comp="74" pin="0"/><net_sink comp="124" pin=0"/></net>

<net id="129"><net_src comp="16" pin="0"/><net_sink comp="124" pin=1"/></net>

<net id="135"><net_src comp="0" pin="0"/><net_sink comp="130" pin=0"/></net>

<net id="136"><net_src comp="78" pin="0"/><net_sink comp="130" pin=1"/></net>

<net id="142"><net_src comp="80" pin="0"/><net_sink comp="137" pin=1"/></net>

<net id="143"><net_src comp="130" pin="3"/><net_sink comp="137" pin=0"/></net>

<net id="147"><net_src comp="30" pin="0"/><net_sink comp="144" pin=0"/></net>

<net id="154"><net_src comp="144" pin="1"/><net_sink comp="148" pin=0"/></net>

<net id="158"><net_src comp="30" pin="0"/><net_sink comp="155" pin=0"/></net>

<net id="165"><net_src comp="155" pin="1"/><net_sink comp="159" pin=0"/></net>

<net id="166"><net_src comp="159" pin="4"/><net_sink comp="155" pin=0"/></net>

<net id="170"><net_src comp="44" pin="0"/><net_sink comp="167" pin=0"/></net>

<net id="177"><net_src comp="167" pin="1"/><net_sink comp="171" pin=2"/></net>

<net id="181"><net_src comp="54" pin="0"/><net_sink comp="178" pin=0"/></net>

<net id="188"><net_src comp="178" pin="1"/><net_sink comp="182" pin=2"/></net>

<net id="192"><net_src comp="44" pin="0"/><net_sink comp="189" pin=0"/></net>

<net id="199"><net_src comp="189" pin="1"/><net_sink comp="193" pin=2"/></net>

<net id="204"><net_src comp="148" pin="4"/><net_sink comp="200" pin=0"/></net>

<net id="205"><net_src comp="32" pin="0"/><net_sink comp="200" pin=1"/></net>

<net id="210"><net_src comp="148" pin="4"/><net_sink comp="206" pin=0"/></net>

<net id="211"><net_src comp="38" pin="0"/><net_sink comp="206" pin=1"/></net>

<net id="217"><net_src comp="40" pin="0"/><net_sink comp="212" pin=0"/></net>

<net id="218"><net_src comp="148" pin="4"/><net_sink comp="212" pin=1"/></net>

<net id="219"><net_src comp="42" pin="0"/><net_sink comp="212" pin=2"/></net>

<net id="223"><net_src comp="212" pin="3"/><net_sink comp="220" pin=0"/></net>

<net id="228"><net_src comp="159" pin="4"/><net_sink comp="224" pin=0"/></net>

<net id="229"><net_src comp="32" pin="0"/><net_sink comp="224" pin=1"/></net>

<net id="234"><net_src comp="159" pin="4"/><net_sink comp="230" pin=0"/></net>

<net id="235"><net_src comp="38" pin="0"/><net_sink comp="230" pin=1"/></net>

<net id="240"><net_src comp="171" pin="4"/><net_sink comp="236" pin=0"/></net>

<net id="241"><net_src comp="46" pin="0"/><net_sink comp="236" pin=1"/></net>

<net id="246"><net_src comp="171" pin="4"/><net_sink comp="242" pin=0"/></net>

<net id="247"><net_src comp="48" pin="0"/><net_sink comp="242" pin=1"/></net>

<net id="251"><net_src comp="155" pin="1"/><net_sink comp="248" pin=0"/></net>

<net id="256"><net_src comp="248" pin="1"/><net_sink comp="252" pin=0"/></net>

<net id="262"><net_src comp="52" pin="0"/><net_sink comp="257" pin=0"/></net>

<net id="263"><net_src comp="252" pin="2"/><net_sink comp="257" pin=1"/></net>

<net id="264"><net_src comp="30" pin="0"/><net_sink comp="257" pin=2"/></net>

<net id="269"><net_src comp="182" pin="4"/><net_sink comp="265" pin=0"/></net>

<net id="270"><net_src comp="56" pin="0"/><net_sink comp="265" pin=1"/></net>

<net id="275"><net_src comp="182" pin="4"/><net_sink comp="271" pin=0"/></net>

<net id="276"><net_src comp="60" pin="0"/><net_sink comp="271" pin=1"/></net>

<net id="280"><net_src comp="182" pin="4"/><net_sink comp="277" pin=0"/></net>

<net id="285"><net_src comp="193" pin="4"/><net_sink comp="281" pin=0"/></net>

<net id="286"><net_src comp="46" pin="0"/><net_sink comp="281" pin=1"/></net>

<net id="291"><net_src comp="193" pin="4"/><net_sink comp="287" pin=0"/></net>

<net id="292"><net_src comp="48" pin="0"/><net_sink comp="287" pin=1"/></net>

<net id="296"><net_src comp="193" pin="4"/><net_sink comp="293" pin=0"/></net>

<net id="301"><net_src comp="293" pin="1"/><net_sink comp="297" pin=1"/></net>

<net id="305"><net_src comp="297" pin="2"/><net_sink comp="302" pin=0"/></net>

<net id="306"><net_src comp="302" pin="1"/><net_sink comp="130" pin=2"/></net>

<net id="313"><net_src comp="206" pin="2"/><net_sink comp="310" pin=0"/></net>

<net id="314"><net_src comp="310" pin="1"/><net_sink comp="148" pin=2"/></net>

<net id="318"><net_src comp="220" pin="1"/><net_sink comp="315" pin=0"/></net>

<net id="319"><net_src comp="315" pin="1"/><net_sink comp="252" pin=1"/></net>

<net id="326"><net_src comp="230" pin="2"/><net_sink comp="323" pin=0"/></net>

<net id="327"><net_src comp="323" pin="1"/><net_sink comp="159" pin=2"/></net>

<net id="334"><net_src comp="242" pin="2"/><net_sink comp="331" pin=0"/></net>

<net id="335"><net_src comp="331" pin="1"/><net_sink comp="171" pin=0"/></net>

<net id="339"><net_src comp="257" pin="3"/><net_sink comp="336" pin=0"/></net>

<net id="340"><net_src comp="336" pin="1"/><net_sink comp="297" pin=0"/></net>

<net id="347"><net_src comp="271" pin="2"/><net_sink comp="344" pin=0"/></net>

<net id="348"><net_src comp="344" pin="1"/><net_sink comp="182" pin=0"/></net>

<net id="358"><net_src comp="287" pin="2"/><net_sink comp="355" pin=0"/></net>

<net id="359"><net_src comp="355" pin="1"/><net_sink comp="193" pin=0"/></net>

</net_list>

</model> 
---------------- Datapath Model END ------------------

* FSMD analyzer results:
  - Output states:
	Port: out_r | {7 }
 - Input state : 
	Port: detection_head : f5_0 | {5 }
	Port: detection_head : f5_1 | {5 }
	Port: detection_head : f5_2 | {5 }
	Port: detection_head : f5_3 | {5 }
	Port: detection_head : f5_4 | {5 }
	Port: detection_head : f5_5 | {5 }
	Port: detection_head : f5_6 | {5 }
	Port: detection_head : f5_7 | {5 }
  - Chain level:
	State 1
	State 2
		exitcond5_i : 1
		r : 1
		StgValue_21 : 2
		tmp : 1
		tmp_1_cast : 2
	State 3
		exitcond4_i : 1
		c : 1
		StgValue_30 : 2
	State 4
		exitcond3_i : 1
		oc : 1
		StgValue_37 : 2
		tmp_2 : 1
		tmp_4_cast : 2
	State 5
		exitcond2_i : 1
		ic : 1
		StgValue_46 : 2
		tmp_1 : 1
		StgValue_56 : 2
	State 6
	State 7
		exitcond_i : 1
		oc_1 : 1
		StgValue_79 : 2
		tmp_25_i_cast : 1
		tmp_5 : 2
		tmp_5_cast : 3
		out_addr : 4
		StgValue_84 : 5


============================================================
+ Verbose Summary: Datapath Resource usage 
============================================================

* Functional unit list:
|----------|-------------------------|---------|---------|
| Operation|     Functional Unit     |    FF   |   LUT   |
|----------|-------------------------|---------|---------|
|          |         r_fu_206        |    0    |    13   |
|          |         c_fu_230        |    0    |    13   |
|          |        oc_fu_242        |    0    |    15   |
|    add   |       tmp_2_fu_252      |    0    |    15   |
|          |        ic_fu_271        |    0    |    15   |
|          |       oc_1_fu_287       |    0    |    15   |
|          |       tmp_5_fu_297      |    0    |    12   |
|----------|-------------------------|---------|---------|
|          |    exitcond5_i_fu_200   |    0    |    9    |
|          |    exitcond4_i_fu_224   |    0    |    9    |
|   icmp   |    exitcond3_i_fu_236   |    0    |    11   |
|          |    exitcond2_i_fu_265   |    0    |    11   |
|          |    exitcond_i_fu_281    |    0    |    11   |
|----------|-------------------------|---------|---------|
|          |  f5_6_load_i_read_fu_82 |    0    |    0    |
|          |  f5_5_load_i_read_fu_88 |    0    |    0    |
|          |  f5_4_load_i_read_fu_94 |    0    |    0    |
|   read   | f5_3_load_i_read_fu_100 |    0    |    0    |
|          | f5_2_load_i_read_fu_106 |    0    |    0    |
|          | f5_1_load_i_read_fu_112 |    0    |    0    |
|          | f5_0_load_i_read_fu_118 |    0    |    0    |
|          | f5_7_load_i_read_fu_124 |    0    |    0    |
|----------|-------------------------|---------|---------|
|bitconcatenate|        tmp_fu_212       |    0    |    0    |
|          |    tmp_4_cast_fu_257    |    0    |    0    |
|----------|-------------------------|---------|---------|
|          |    tmp_1_cast_fu_220    |    0    |    0    |
|   zext   |    tmp_i_cast_fu_248    |    0    |    0    |
|          |   tmp_25_i_cast_fu_293  |    0    |    0    |
|          |    tmp_5_cast_fu_302    |    0    |    0    |
|----------|-------------------------|---------|---------|
|   trunc  |       tmp_1_fu_277      |    0    |    0    |
|----------|-------------------------|---------|---------|
|   Total  |                         |    0    |   149   |
|----------|-------------------------|---------|---------|

Memories:
N/A

* Register list:
+------------------+--------+
|                  |   FF   |
+------------------+--------+
|    c_i_reg_155   |    4   |
|     c_reg_323    |    4   |
|   ic_i_reg_178   |    6   |
|    ic_reg_344    |    6   |
|   oc_1_reg_355   |    5   |
|  oc_2_i_reg_189  |    5   |
|   oc_i_reg_167   |    5   |
|    oc_reg_331    |    5   |
|    r_i_reg_144   |    4   |
|     r_reg_310    |    4   |
|tmp_1_cast_reg_315|    8   |
|tmp_4_cast_reg_336|   12   |
+------------------+--------+
|       Total      |   68   |
+------------------+--------+

* Multiplexer (MUX) list: 
|-------------|------|------|------|--------||---------||---------|
|     Comp    |  Pin | Size |  BW  | S x BW ||  Delay  ||   LUT   |
|-------------|------|------|------|--------||---------||---------|
| c_i_reg_155 |  p0  |   2  |   4  |    8   ||    9    |
|-------------|------|------|------|--------||---------||---------|
|    Total    |      |      |      |    8   ||  1.769  ||    9    |
|-------------|------|------|------|--------||---------||---------|



* Summary:
+-----------+--------+--------+--------+
|           |  Delay |   FF   |   LUT  |
+-----------+--------+--------+--------+
|  Function |    -   |    0   |   149  |
|   Memory  |    -   |    -   |    -   |
|Multiplexer|    1   |    -   |    9   |
|  Register |    -   |   68   |    -   |
+-----------+--------+--------+--------+
|   Total   |    1   |   68   |   158  |
+-----------+--------+--------+--------+
