

================================================================
== Vivado HLS Report for 'maxpool1'
================================================================
* Date:           Tue Jun  9 11:14:21 2026

* Version:        2018.3 (Build 2405991 on Thu Dec 06 23:56:15 MST 2018)
* Project:        topp
* Solution:       solution3
* Product family: zynq
* Target device:  xc7z020clg484-1


================================================================
== Performance Estimates
================================================================
+ Timing (ns): 
    * Summary: 
    +--------+-------+----------+------------+
    |  Clock | Target| Estimated| Uncertainty|
    +--------+-------+----------+------------+
    |ap_clk  |  10.00|     3.634|        1.25|
    +--------+-------+----------+------------+

+ Latency (clock cycles): 
    * Summary: 
    +-------+-------+-------+-------+---------+
    |    Latency    |    Interval   | Pipeline|
    |  min  |  max  |  min  |  max  |   Type  |
    +-------+-------+-------+-------+---------+
    |  17361|  17361|  17361|  17361|   none  |
    +-------+-------+-------+-------+---------+

    + Detail: 
        * Instance: 
        N/A

        * Loop: 
        +-----------------+-------+-------+----------+-----------+-----------+------+----------+
        |                 |    Latency    | Iteration|  Initiation Interval  | Trip |          |
        |    Loop Name    |  min  |  max  |  Latency |  achieved |   target  | Count| Pipelined|
        +-----------------+-------+-------+----------+-----------+-----------+------+----------+
        |- Loop 1         |  17360|  17360|       560|          -|          -|    31|    no    |
        | + Loop 1.1      |    558|    558|        18|          -|          -|    31|    no    |
        |  ++ Loop 1.1.1  |     16|     16|         2|          -|          -|     8|    no    |
        +-----------------+-------+-------+----------+-----------+-----------+------+----------+



================================================================
== Utilization Estimates
================================================================
* Summary: 
+-----------------+---------+-------+--------+-------+
|       Name      | BRAM_18K| DSP48E|   FF   |  LUT  |
+-----------------+---------+-------+--------+-------+
|DSP              |        -|      -|       -|      -|
|Expression       |        -|      -|       0|    100|
|FIFO             |        -|      -|       -|      -|
|Instance         |        -|      -|       -|      -|
|Memory           |        -|      -|       -|      -|
|Multiplexer      |        -|      -|       -|    263|
|Register         |        -|      -|      70|      -|
+-----------------+---------+-------+--------+-------+
|Total            |        0|      0|      70|    363|
+-----------------+---------+-------+--------+-------+
|Available        |      280|    220|  106400|  53200|
+-----------------+---------+-------+--------+-------+
|Utilization (%)  |        0|      0|   ~0   |   ~0  |
+-----------------+---------+-------+--------+-------+

+ Detail: 
    * Instance: 
    N/A

    * DSP48: 
    N/A

    * Memory: 
    N/A

    * FIFO: 
    N/A

    * Expression: 
    +-------------------------------+----------+-------+---+----+------------+------------+
    |         Variable Name         | Operation| DSP48E| FF| LUT| Bitwidth P0| Bitwidth P1|
    +-------------------------------+----------+-------+---+----+------------+------------+
    |c_fu_264_p2                    |     +    |      0|  0|  15|           5|           1|
    |ch_fu_276_p2                   |     +    |      0|  0|  13|           4|           1|
    |r_fu_252_p2                    |     +    |      0|  0|  15|           5|           1|
    |ap_condition_242               |    and   |      0|  0|   2|           1|           1|
    |ap_predicate_op52_read_state4  |    and   |      0|  0|   2|           1|           1|
    |ap_predicate_op54_read_state4  |    and   |      0|  0|   2|           1|           1|
    |ap_predicate_op56_read_state4  |    and   |      0|  0|   2|           1|           1|
    |ap_predicate_op58_read_state4  |    and   |      0|  0|   2|           1|           1|
    |ap_predicate_op60_read_state4  |    and   |      0|  0|   2|           1|           1|
    |ap_predicate_op62_read_state4  |    and   |      0|  0|   2|           1|           1|
    |ap_predicate_op64_read_state4  |    and   |      0|  0|   2|           1|           1|
    |ap_predicate_op66_read_state4  |    and   |      0|  0|   2|           1|           1|
    |exitcond1_i_fu_258_p2          |   icmp   |      0|  0|  11|           5|           2|
    |exitcond2_i_fu_246_p2          |   icmp   |      0|  0|  11|           5|           2|
    |exitcond_i_fu_270_p2           |   icmp   |      0|  0|  11|           4|           5|
    |ap_block_state1                |    or    |      0|  0|   2|           1|           1|
    |ap_block_state4                |    or    |      0|  0|   2|           1|           1|
    |ap_block_state5                |    or    |      0|  0|   2|           1|           1|
    +-------------------------------+----------+-------+---+----+------------+------------+
    |Total                          |          |      0|  0| 100|          40|          24|
    +-------------------------------+----------+-------+---+----+------------+------------+

    * Multiplexer: 
    +--------------+----+-----------+-----+-----------+
    |     Name     | LUT| Input Size| Bits| Total Bits|
    +--------------+----+-----------+-----+-----------+
    |ap_NS_fsm     |  33|          6|    1|          6|
    |ap_done       |   9|          2|    1|          2|
    |c_i_reg_195   |   9|          2|    5|         10|
    |ch_i_reg_206  |   9|          2|    4|          8|
    |f1_0_blk_n    |   9|          2|    1|          2|
    |f1_1_blk_n    |   9|          2|    1|          2|
    |f1_2_blk_n    |   9|          2|    1|          2|
    |f1_3_blk_n    |   9|          2|    1|          2|
    |f1_4_blk_n    |   9|          2|    1|          2|
    |f1_5_blk_n    |   9|          2|    1|          2|
    |f1_6_blk_n    |   9|          2|    1|          2|
    |f1_7_blk_n    |   9|          2|    1|          2|
    |out_0_blk_n   |   9|          2|    1|          2|
    |out_1_blk_n   |   9|          2|    1|          2|
    |out_2_blk_n   |   9|          2|    1|          2|
    |out_3_blk_n   |   9|          2|    1|          2|
    |out_4_blk_n   |   9|          2|    1|          2|
    |out_5_blk_n   |   9|          2|    1|          2|
    |out_6_blk_n   |   9|          2|    1|          2|
    |out_7_blk_n   |   9|          2|    1|          2|
    |r_i_reg_184   |   9|          2|    5|         10|
    |real_start    |   9|          2|    1|          2|
    |v0_reg_217    |  41|          8|   32|        256|
    +--------------+----+-----------+-----+-----------+
    |Total         | 263|         56|   65|        326|
    +--------------+----+-----------+-----+-----------+

    * Register: 
    +----------------+----+----+-----+-----------+
    |      Name      | FF | LUT| Bits| Const Bits|
    +----------------+----+----+-----+-----------+
    |ap_CS_fsm       |   5|   0|    5|          0|
    |ap_done_reg     |   1|   0|    1|          0|
    |c_i_reg_195     |   5|   0|    5|          0|
    |c_reg_297       |   5|   0|    5|          0|
    |ch_i_reg_206    |   4|   0|    4|          0|
    |ch_reg_305      |   4|   0|    4|          0|
    |r_i_reg_184     |   5|   0|    5|          0|
    |r_reg_289       |   5|   0|    5|          0|
    |start_once_reg  |   1|   0|    1|          0|
    |tmp_reg_310     |   3|   0|    3|          0|
    |v0_reg_217      |  32|   0|   32|          0|
    +----------------+----+----+-----+-----------+
    |Total           |  70|   0|   70|          0|
    +----------------+----+----+-----+-----------+



================================================================
== Interface
================================================================
* Summary: 
+--------------+-----+-----+------------+--------------+--------------+
|   RTL Ports  | Dir | Bits|  Protocol  | Source Object|    C Type    |
+--------------+-----+-----+------------+--------------+--------------+
|ap_clk        |  in |    1| ap_ctrl_hs |   maxpool1   | return value |
|ap_rst        |  in |    1| ap_ctrl_hs |   maxpool1   | return value |
|ap_start      |  in |    1| ap_ctrl_hs |   maxpool1   | return value |
|start_full_n  |  in |    1| ap_ctrl_hs |   maxpool1   | return value |
|ap_done       | out |    1| ap_ctrl_hs |   maxpool1   | return value |
|ap_continue   |  in |    1| ap_ctrl_hs |   maxpool1   | return value |
|ap_idle       | out |    1| ap_ctrl_hs |   maxpool1   | return value |
|ap_ready      | out |    1| ap_ctrl_hs |   maxpool1   | return value |
|start_out     | out |    1| ap_ctrl_hs |   maxpool1   | return value |
|start_write   | out |    1| ap_ctrl_hs |   maxpool1   | return value |
|out_0_din     | out |   32|   ap_fifo  |     out_0    |    pointer   |
|out_0_full_n  |  in |    1|   ap_fifo  |     out_0    |    pointer   |
|out_0_write   | out |    1|   ap_fifo  |     out_0    |    pointer   |
|out_1_din     | out |   32|   ap_fifo  |     out_1    |    pointer   |
|out_1_full_n  |  in |    1|   ap_fifo  |     out_1    |    pointer   |
|out_1_write   | out |    1|   ap_fifo  |     out_1    |    pointer   |
|out_2_din     | out |   32|   ap_fifo  |     out_2    |    pointer   |
|out_2_full_n  |  in |    1|   ap_fifo  |     out_2    |    pointer   |
|out_2_write   | out |    1|   ap_fifo  |     out_2    |    pointer   |
|out_3_din     | out |   32|   ap_fifo  |     out_3    |    pointer   |
|out_3_full_n  |  in |    1|   ap_fifo  |     out_3    |    pointer   |
|out_3_write   | out |    1|   ap_fifo  |     out_3    |    pointer   |
|out_4_din     | out |   32|   ap_fifo  |     out_4    |    pointer   |
|out_4_full_n  |  in |    1|   ap_fifo  |     out_4    |    pointer   |
|out_4_write   | out |    1|   ap_fifo  |     out_4    |    pointer   |
|out_5_din     | out |   32|   ap_fifo  |     out_5    |    pointer   |
|out_5_full_n  |  in |    1|   ap_fifo  |     out_5    |    pointer   |
|out_5_write   | out |    1|   ap_fifo  |     out_5    |    pointer   |
|out_6_din     | out |   32|   ap_fifo  |     out_6    |    pointer   |
|out_6_full_n  |  in |    1|   ap_fifo  |     out_6    |    pointer   |
|out_6_write   | out |    1|   ap_fifo  |     out_6    |    pointer   |
|out_7_din     | out |   32|   ap_fifo  |     out_7    |    pointer   |
|out_7_full_n  |  in |    1|   ap_fifo  |     out_7    |    pointer   |
|out_7_write   | out |    1|   ap_fifo  |     out_7    |    pointer   |
|f1_0_dout     |  in |   32|   ap_fifo  |     f1_0     |    pointer   |
|f1_0_empty_n  |  in |    1|   ap_fifo  |     f1_0     |    pointer   |
|f1_0_read     | out |    1|   ap_fifo  |     f1_0     |    pointer   |
|f1_1_dout     |  in |   32|   ap_fifo  |     f1_1     |    pointer   |
|f1_1_empty_n  |  in |    1|   ap_fifo  |     f1_1     |    pointer   |
|f1_1_read     | out |    1|   ap_fifo  |     f1_1     |    pointer   |
|f1_2_dout     |  in |   32|   ap_fifo  |     f1_2     |    pointer   |
|f1_2_empty_n  |  in |    1|   ap_fifo  |     f1_2     |    pointer   |
|f1_2_read     | out |    1|   ap_fifo  |     f1_2     |    pointer   |
|f1_3_dout     |  in |   32|   ap_fifo  |     f1_3     |    pointer   |
|f1_3_empty_n  |  in |    1|   ap_fifo  |     f1_3     |    pointer   |
|f1_3_read     | out |    1|   ap_fifo  |     f1_3     |    pointer   |
|f1_4_dout     |  in |   32|   ap_fifo  |     f1_4     |    pointer   |
|f1_4_empty_n  |  in |    1|   ap_fifo  |     f1_4     |    pointer   |
|f1_4_read     | out |    1|   ap_fifo  |     f1_4     |    pointer   |
|f1_5_dout     |  in |   32|   ap_fifo  |     f1_5     |    pointer   |
|f1_5_empty_n  |  in |    1|   ap_fifo  |     f1_5     |    pointer   |
|f1_5_read     | out |    1|   ap_fifo  |     f1_5     |    pointer   |
|f1_6_dout     |  in |   32|   ap_fifo  |     f1_6     |    pointer   |
|f1_6_empty_n  |  in |    1|   ap_fifo  |     f1_6     |    pointer   |
|f1_6_read     | out |    1|   ap_fifo  |     f1_6     |    pointer   |
|f1_7_dout     |  in |   32|   ap_fifo  |     f1_7     |    pointer   |
|f1_7_empty_n  |  in |    1|   ap_fifo  |     f1_7     |    pointer   |
|f1_7_read     | out |    1|   ap_fifo  |     f1_7     |    pointer   |
+--------------+-----+-----+------------+--------------+--------------+

============================================================
+ Verbose Summary: Synthesis Manager
============================================================
InlineROM: 1
ExposeGlobal: 0
============================================================
+ Verbose Summary: CDFG Model
============================================================
IsTopModel: 0
ResetActiveHigh: 1
IsCombinational: 2
IsDatapathOnly: 0
HasWiredReturn: 1
HasMFsm: 0
HasVarLatency: 1
IsPipeline: 0
IsRtlPipelined: 0
IsInstanceOverlapped: 0
IsDontTouch: 0
HasImplIP: 0
IsGatedGlobalClock: 0


============================================================
+ Verbose Summary: Schedule
============================================================
* Number of FSM states : 5
* Pipeline : 0
* Dataflow Pipeline: 0

* FSM state transitions: 
1 --> 
	2  / true
2 --> 
	3  / (!exitcond2_i)
3 --> 
	4  / (!exitcond1_i)
	2  / (exitcond1_i)
4 --> 
	5  / (!exitcond_i)
	3  / (exitcond_i)
5 --> 
	4  / true

* FSM state operations: 

State 1 <SV = 0> <Delay = 1.76>
ST_1 : Operation 6 [1/1] (0.00ns)   --->   "%empty = call i32 (...)* @_ssdm_op_SpecInterface(float* %f1_7, [8 x i8]* @ap_fifo_str, i32 0, i32 0, [1 x i8]* @p_str, i32 0, i32 0, [1 x i8]* @p_str, [1 x i8]* @p_str, [1 x i8]* @p_str, i32 2, i32 2, i32 16, i32 16, [1 x i8]* @p_str, [1 x i8]* @p_str)"   --->   Operation 6 'specinterface' 'empty' <Predicate = true> <Delay = 0.00>
ST_1 : Operation 7 [1/1] (0.00ns)   --->   "%empty_261 = call i32 (...)* @_ssdm_op_SpecInterface(float* %f1_6, [8 x i8]* @ap_fifo_str, i32 0, i32 0, [1 x i8]* @p_str, i32 0, i32 0, [1 x i8]* @p_str, [1 x i8]* @p_str, [1 x i8]* @p_str, i32 2, i32 2, i32 16, i32 16, [1 x i8]* @p_str, [1 x i8]* @p_str)"   --->   Operation 7 'specinterface' 'empty_261' <Predicate = true> <Delay = 0.00>
ST_1 : Operation 8 [1/1] (0.00ns)   --->   "%empty_262 = call i32 (...)* @_ssdm_op_SpecInterface(float* %f1_5, [8 x i8]* @ap_fifo_str, i32 0, i32 0, [1 x i8]* @p_str, i32 0, i32 0, [1 x i8]* @p_str, [1 x i8]* @p_str, [1 x i8]* @p_str, i32 2, i32 2, i32 16, i32 16, [1 x i8]* @p_str, [1 x i8]* @p_str)"   --->   Operation 8 'specinterface' 'empty_262' <Predicate = true> <Delay = 0.00>
ST_1 : Operation 9 [1/1] (0.00ns)   --->   "%empty_263 = call i32 (...)* @_ssdm_op_SpecInterface(float* %f1_4, [8 x i8]* @ap_fifo_str, i32 0, i32 0, [1 x i8]* @p_str, i32 0, i32 0, [1 x i8]* @p_str, [1 x i8]* @p_str, [1 x i8]* @p_str, i32 2, i32 2, i32 16, i32 16, [1 x i8]* @p_str, [1 x i8]* @p_str)"   --->   Operation 9 'specinterface' 'empty_263' <Predicate = true> <Delay = 0.00>
ST_1 : Operation 10 [1/1] (0.00ns)   --->   "%empty_264 = call i32 (...)* @_ssdm_op_SpecInterface(float* %f1_3, [8 x i8]* @ap_fifo_str, i32 0, i32 0, [1 x i8]* @p_str, i32 0, i32 0, [1 x i8]* @p_str, [1 x i8]* @p_str, [1 x i8]* @p_str, i32 2, i32 2, i32 16, i32 16, [1 x i8]* @p_str, [1 x i8]* @p_str)"   --->   Operation 10 'specinterface' 'empty_264' <Predicate = true> <Delay = 0.00>
ST_1 : Operation 11 [1/1] (0.00ns)   --->   "%empty_265 = call i32 (...)* @_ssdm_op_SpecInterface(float* %f1_2, [8 x i8]* @ap_fifo_str, i32 0, i32 0, [1 x i8]* @p_str, i32 0, i32 0, [1 x i8]* @p_str, [1 x i8]* @p_str, [1 x i8]* @p_str, i32 2, i32 2, i32 16, i32 16, [1 x i8]* @p_str, [1 x i8]* @p_str)"   --->   Operation 11 'specinterface' 'empty_265' <Predicate = true> <Delay = 0.00>
ST_1 : Operation 12 [1/1] (0.00ns)   --->   "%empty_266 = call i32 (...)* @_ssdm_op_SpecInterface(float* %f1_1, [8 x i8]* @ap_fifo_str, i32 0, i32 0, [1 x i8]* @p_str, i32 0, i32 0, [1 x i8]* @p_str, [1 x i8]* @p_str, [1 x i8]* @p_str, i32 2, i32 2, i32 16, i32 16, [1 x i8]* @p_str, [1 x i8]* @p_str)"   --->   Operation 12 'specinterface' 'empty_266' <Predicate = true> <Delay = 0.00>
ST_1 : Operation 13 [1/1] (0.00ns)   --->   "%empty_267 = call i32 (...)* @_ssdm_op_SpecInterface(float* %f1_0, [8 x i8]* @ap_fifo_str, i32 0, i32 0, [1 x i8]* @p_str, i32 0, i32 0, [1 x i8]* @p_str, [1 x i8]* @p_str, [1 x i8]* @p_str, i32 2, i32 2, i32 16, i32 16, [1 x i8]* @p_str, [1 x i8]* @p_str)"   --->   Operation 13 'specinterface' 'empty_267' <Predicate = true> <Delay = 0.00>
ST_1 : Operation 14 [1/1] (0.00ns)   --->   "%empty_268 = call i32 (...)* @_ssdm_op_SpecInterface(float* %out_7, [8 x i8]* @ap_fifo_str, i32 0, i32 0, [1 x i8]* @p_str, i32 0, i32 0, [1 x i8]* @p_str, [1 x i8]* @p_str, [1 x i8]* @p_str, i32 2, i32 2, i32 16, i32 16, [1 x i8]* @p_str, [1 x i8]* @p_str)"   --->   Operation 14 'specinterface' 'empty_268' <Predicate = true> <Delay = 0.00>
ST_1 : Operation 15 [1/1] (0.00ns)   --->   "%empty_269 = call i32 (...)* @_ssdm_op_SpecInterface(float* %out_6, [8 x i8]* @ap_fifo_str, i32 0, i32 0, [1 x i8]* @p_str, i32 0, i32 0, [1 x i8]* @p_str, [1 x i8]* @p_str, [1 x i8]* @p_str, i32 2, i32 2, i32 16, i32 16, [1 x i8]* @p_str, [1 x i8]* @p_str)"   --->   Operation 15 'specinterface' 'empty_269' <Predicate = true> <Delay = 0.00>
ST_1 : Operation 16 [1/1] (0.00ns)   --->   "%empty_270 = call i32 (...)* @_ssdm_op_SpecInterface(float* %out_5, [8 x i8]* @ap_fifo_str, i32 0, i32 0, [1 x i8]* @p_str, i32 0, i32 0, [1 x i8]* @p_str, [1 x i8]* @p_str, [1 x i8]* @p_str, i32 2, i32 2, i32 16, i32 16, [1 x i8]* @p_str, [1 x i8]* @p_str)"   --->   Operation 16 'specinterface' 'empty_270' <Predicate = true> <Delay = 0.00>
ST_1 : Operation 17 [1/1] (0.00ns)   --->   "%empty_271 = call i32 (...)* @_ssdm_op_SpecInterface(float* %out_4, [8 x i8]* @ap_fifo_str, i32 0, i32 0, [1 x i8]* @p_str, i32 0, i32 0, [1 x i8]* @p_str, [1 x i8]* @p_str, [1 x i8]* @p_str, i32 2, i32 2, i32 16, i32 16, [1 x i8]* @p_str, [1 x i8]* @p_str)"   --->   Operation 17 'specinterface' 'empty_271' <Predicate = true> <Delay = 0.00>
ST_1 : Operation 18 [1/1] (0.00ns)   --->   "%empty_272 = call i32 (...)* @_ssdm_op_SpecInterface(float* %out_3, [8 x i8]* @ap_fifo_str, i32 0, i32 0, [1 x i8]* @p_str, i32 0, i32 0, [1 x i8]* @p_str, [1 x i8]* @p_str, [1 x i8]* @p_str, i32 2, i32 2, i32 16, i32 16, [1 x i8]* @p_str, [1 x i8]* @p_str)"   --->   Operation 18 'specinterface' 'empty_272' <Predicate = true> <Delay = 0.00>
ST_1 : Operation 19 [1/1] (0.00ns)   --->   "%empty_273 = call i32 (...)* @_ssdm_op_SpecInterface(float* %out_2, [8 x i8]* @ap_fifo_str, i32 0, i32 0, [1 x i8]* @p_str, i32 0, i32 0, [1 x i8]* @p_str, [1 x i8]* @p_str, [1 x i8]* @p_str, i32 2, i32 2, i32 16, i32 16, [1 x i8]* @p_str, [1 x i8]* @p_str)"   --->   Operation 19 'specinterface' 'empty_273' <Predicate = true> <Delay = 0.00>
ST_1 : Operation 20 [1/1] (0.00ns)   --->   "%empty_274 = call i32 (...)* @_ssdm_op_SpecInterface(float* %out_1, [8 x i8]* @ap_fifo_str, i32 0, i32 0, [1 x i8]* @p_str, i32 0, i32 0, [1 x i8]* @p_str, [1 x i8]* @p_str, [1 x i8]* @p_str, i32 2, i32 2, i32 16, i32 16, [1 x i8]* @p_str, [1 x i8]* @p_str)"   --->   Operation 20 'specinterface' 'empty_274' <Predicate = true> <Delay = 0.00>
ST_1 : Operation 21 [1/1] (0.00ns)   --->   "%empty_275 = call i32 (...)* @_ssdm_op_SpecInterface(float* %out_0, [8 x i8]* @ap_fifo_str, i32 0, i32 0, [1 x i8]* @p_str, i32 0, i32 0, [1 x i8]* @p_str, [1 x i8]* @p_str, [1 x i8]* @p_str, i32 2, i32 2, i32 16, i32 16, [1 x i8]* @p_str, [1 x i8]* @p_str)"   --->   Operation 21 'specinterface' 'empty_275' <Predicate = true> <Delay = 0.00>
ST_1 : Operation 22 [1/1] (1.76ns)   --->   "br label %.loopexit" [topp.c:102]   --->   Operation 22 'br' <Predicate = true> <Delay = 1.76>

State 2 <SV = 1> <Delay = 1.78>
ST_2 : Operation 23 [1/1] (0.00ns)   --->   "%r_i = phi i5 [ 0, %entry ], [ %r, %.loopexit.loopexit ]"   --->   Operation 23 'phi' 'r_i' <Predicate = true> <Delay = 0.00>
ST_2 : Operation 24 [1/1] (1.36ns)   --->   "%exitcond2_i = icmp eq i5 %r_i, -1" [topp.c:102]   --->   Operation 24 'icmp' 'exitcond2_i' <Predicate = true> <Delay = 1.36> <Core = "Cmp">   --->   Core 25 'Cmp' <Latency = 0> <II = 1> <Delay = 1.36> <FuncUnit> <Opcode : 'icmp'> <InPorts = 2> <OutPorts = 1>
ST_2 : Operation 25 [1/1] (0.00ns)   --->   "%empty_276 = call i32 (...)* @_ssdm_op_SpecLoopTripCount(i64 31, i64 31, i64 31)"   --->   Operation 25 'speclooptripcount' 'empty_276' <Predicate = true> <Delay = 0.00>
ST_2 : Operation 26 [1/1] (1.78ns)   --->   "%r = add i5 %r_i, 1" [topp.c:102]   --->   Operation 26 'add' 'r' <Predicate = true> <Delay = 1.78> <Core = "AddSub">   --->   Core 14 'AddSub' <Latency = 0> <II = 1> <Delay = 1.78> <FuncUnit> <Opcode : 'add' 'sub'> <InPorts = 2> <OutPorts = 1>
ST_2 : Operation 27 [1/1] (0.00ns)   --->   "br i1 %exitcond2_i, label %maxpool1.exit, label %.preheader3.i.preheader" [topp.c:102]   --->   Operation 27 'br' <Predicate = true> <Delay = 0.00>
ST_2 : Operation 28 [1/1] (1.76ns)   --->   "br label %.preheader3.i" [topp.c:103]   --->   Operation 28 'br' <Predicate = (!exitcond2_i)> <Delay = 1.76>
ST_2 : Operation 29 [1/1] (0.00ns)   --->   "ret void"   --->   Operation 29 'ret' <Predicate = (exitcond2_i)> <Delay = 0.00>

State 3 <SV = 2> <Delay = 1.78>
ST_3 : Operation 30 [1/1] (0.00ns)   --->   "%c_i = phi i5 [ %c, %.preheader3.i.loopexit ], [ 0, %.preheader3.i.preheader ]"   --->   Operation 30 'phi' 'c_i' <Predicate = true> <Delay = 0.00>
ST_3 : Operation 31 [1/1] (1.36ns)   --->   "%exitcond1_i = icmp eq i5 %c_i, -1" [topp.c:103]   --->   Operation 31 'icmp' 'exitcond1_i' <Predicate = true> <Delay = 1.36> <Core = "Cmp">   --->   Core 25 'Cmp' <Latency = 0> <II = 1> <Delay = 1.36> <FuncUnit> <Opcode : 'icmp'> <InPorts = 2> <OutPorts = 1>
ST_3 : Operation 32 [1/1] (0.00ns)   --->   "%empty_277 = call i32 (...)* @_ssdm_op_SpecLoopTripCount(i64 31, i64 31, i64 31)"   --->   Operation 32 'speclooptripcount' 'empty_277' <Predicate = true> <Delay = 0.00>
ST_3 : Operation 33 [1/1] (1.78ns)   --->   "%c = add i5 %c_i, 1" [topp.c:103]   --->   Operation 33 'add' 'c' <Predicate = true> <Delay = 1.78> <Core = "AddSub">   --->   Core 14 'AddSub' <Latency = 0> <II = 1> <Delay = 1.78> <FuncUnit> <Opcode : 'add' 'sub'> <InPorts = 2> <OutPorts = 1>
ST_3 : Operation 34 [1/1] (0.00ns)   --->   "br i1 %exitcond1_i, label %.loopexit.loopexit, label %.preheader.i.preheader" [topp.c:103]   --->   Operation 34 'br' <Predicate = true> <Delay = 0.00>
ST_3 : Operation 35 [1/1] (1.76ns)   --->   "br label %.preheader.i" [topp.c:105]   --->   Operation 35 'br' <Predicate = (!exitcond1_i)> <Delay = 1.76>
ST_3 : Operation 36 [1/1] (0.00ns)   --->   "br label %.loopexit"   --->   Operation 36 'br' <Predicate = (exitcond1_i)> <Delay = 0.00>

State 4 <SV = 3> <Delay = 3.63>
ST_4 : Operation 37 [1/1] (0.00ns)   --->   "%ch_i = phi i4 [ %ch, %1 ], [ 0, %.preheader.i.preheader ]"   --->   Operation 37 'phi' 'ch_i' <Predicate = true> <Delay = 0.00>
ST_4 : Operation 38 [1/1] (1.30ns)   --->   "%exitcond_i = icmp eq i4 %ch_i, -8" [topp.c:105]   --->   Operation 38 'icmp' 'exitcond_i' <Predicate = true> <Delay = 1.30> <Core = "Cmp">   --->   Core 25 'Cmp' <Latency = 0> <II = 1> <Delay = 1.36> <FuncUnit> <Opcode : 'icmp'> <InPorts = 2> <OutPorts = 1>
ST_4 : Operation 39 [1/1] (0.00ns)   --->   "%empty_278 = call i32 (...)* @_ssdm_op_SpecLoopTripCount(i64 8, i64 8, i64 8)"   --->   Operation 39 'speclooptripcount' 'empty_278' <Predicate = true> <Delay = 0.00>
ST_4 : Operation 40 [1/1] (1.73ns)   --->   "%ch = add i4 %ch_i, 1" [topp.c:105]   --->   Operation 40 'add' 'ch' <Predicate = true> <Delay = 1.73> <Core = "AddSub">   --->   Core 14 'AddSub' <Latency = 0> <II = 1> <Delay = 1.78> <FuncUnit> <Opcode : 'add' 'sub'> <InPorts = 2> <OutPorts = 1>
ST_4 : Operation 41 [1/1] (0.00ns)   --->   "br i1 %exitcond_i, label %.preheader3.i.loopexit, label %0" [topp.c:105]   --->   Operation 41 'br' <Predicate = true> <Delay = 0.00>
ST_4 : Operation 42 [1/1] (0.00ns)   --->   "%tmp = trunc i4 %ch_i to i3" [topp.c:107]   --->   Operation 42 'trunc' 'tmp' <Predicate = (!exitcond_i)> <Delay = 0.00>
ST_4 : Operation 43 [1/1] (0.00ns)   --->   "%empty_279 = call i32 (...)* @_ssdm_op_SpecInterface(float* %f1_0, [8 x i8]* @ap_fifo_str, i32 0, i32 0, [1 x i8]* @p_str, i32 0, i32 0, [1 x i8]* @p_str, [1 x i8]* @p_str, [1 x i8]* @p_str, i32 2, i32 2, i32 16, i32 16, [1 x i8]* @p_str, [1 x i8]* @p_str)"   --->   Operation 43 'specinterface' 'empty_279' <Predicate = (!exitcond_i)> <Delay = 0.00>
ST_4 : Operation 44 [1/1] (0.00ns)   --->   "%empty_280 = call i32 (...)* @_ssdm_op_SpecInterface(float* %f1_1, [8 x i8]* @ap_fifo_str, i32 0, i32 0, [1 x i8]* @p_str, i32 0, i32 0, [1 x i8]* @p_str, [1 x i8]* @p_str, [1 x i8]* @p_str, i32 2, i32 2, i32 16, i32 16, [1 x i8]* @p_str, [1 x i8]* @p_str)"   --->   Operation 44 'specinterface' 'empty_280' <Predicate = (!exitcond_i)> <Delay = 0.00>
ST_4 : Operation 45 [1/1] (0.00ns)   --->   "%empty_281 = call i32 (...)* @_ssdm_op_SpecInterface(float* %f1_2, [8 x i8]* @ap_fifo_str, i32 0, i32 0, [1 x i8]* @p_str, i32 0, i32 0, [1 x i8]* @p_str, [1 x i8]* @p_str, [1 x i8]* @p_str, i32 2, i32 2, i32 16, i32 16, [1 x i8]* @p_str, [1 x i8]* @p_str)"   --->   Operation 45 'specinterface' 'empty_281' <Predicate = (!exitcond_i)> <Delay = 0.00>
ST_4 : Operation 46 [1/1] (0.00ns)   --->   "%empty_282 = call i32 (...)* @_ssdm_op_SpecInterface(float* %f1_3, [8 x i8]* @ap_fifo_str, i32 0, i32 0, [1 x i8]* @p_str, i32 0, i32 0, [1 x i8]* @p_str, [1 x i8]* @p_str, [1 x i8]* @p_str, i32 2, i32 2, i32 16, i32 16, [1 x i8]* @p_str, [1 x i8]* @p_str)"   --->   Operation 46 'specinterface' 'empty_282' <Predicate = (!exitcond_i)> <Delay = 0.00>
ST_4 : Operation 47 [1/1] (0.00ns)   --->   "%empty_283 = call i32 (...)* @_ssdm_op_SpecInterface(float* %f1_4, [8 x i8]* @ap_fifo_str, i32 0, i32 0, [1 x i8]* @p_str, i32 0, i32 0, [1 x i8]* @p_str, [1 x i8]* @p_str, [1 x i8]* @p_str, i32 2, i32 2, i32 16, i32 16, [1 x i8]* @p_str, [1 x i8]* @p_str)"   --->   Operation 47 'specinterface' 'empty_283' <Predicate = (!exitcond_i)> <Delay = 0.00>
ST_4 : Operation 48 [1/1] (0.00ns)   --->   "%empty_284 = call i32 (...)* @_ssdm_op_SpecInterface(float* %f1_5, [8 x i8]* @ap_fifo_str, i32 0, i32 0, [1 x i8]* @p_str, i32 0, i32 0, [1 x i8]* @p_str, [1 x i8]* @p_str, [1 x i8]* @p_str, i32 2, i32 2, i32 16, i32 16, [1 x i8]* @p_str, [1 x i8]* @p_str)"   --->   Operation 48 'specinterface' 'empty_284' <Predicate = (!exitcond_i)> <Delay = 0.00>
ST_4 : Operation 49 [1/1] (0.00ns)   --->   "%empty_285 = call i32 (...)* @_ssdm_op_SpecInterface(float* %f1_6, [8 x i8]* @ap_fifo_str, i32 0, i32 0, [1 x i8]* @p_str, i32 0, i32 0, [1 x i8]* @p_str, [1 x i8]* @p_str, [1 x i8]* @p_str, i32 2, i32 2, i32 16, i32 16, [1 x i8]* @p_str, [1 x i8]* @p_str)"   --->   Operation 49 'specinterface' 'empty_285' <Predicate = (!exitcond_i)> <Delay = 0.00>
ST_4 : Operation 50 [1/1] (0.00ns)   --->   "%empty_286 = call i32 (...)* @_ssdm_op_SpecInterface(float* %f1_7, [8 x i8]* @ap_fifo_str, i32 0, i32 0, [1 x i8]* @p_str, i32 0, i32 0, [1 x i8]* @p_str, [1 x i8]* @p_str, [1 x i8]* @p_str, i32 2, i32 2, i32 16, i32 16, [1 x i8]* @p_str, [1 x i8]* @p_str)"   --->   Operation 50 'specinterface' 'empty_286' <Predicate = (!exitcond_i)> <Delay = 0.00>
ST_4 : Operation 51 [1/1] (1.36ns)   --->   "switch i3 %tmp, label %case7.i.i [
    i3 0, label %case0.i.i
    i3 1, label %case1.i.i
    i3 2, label %case2.i.i
    i3 3, label %case3.i.i
    i3 -4, label %case4.i.i
    i3 -3, label %case5.i.i
    i3 -2, label %case6.i.i
  ]" [aesl_mux_load.8[62 x [62 x float]]P.i3.i64.i64:1145->topp.c:107]   --->   Operation 51 'switch' <Predicate = (!exitcond_i)> <Delay = 1.36>
ST_4 : Operation 52 [1/1] (3.63ns)   --->   "%f1_6_read = call float @_ssdm_op_Read.ap_fifo.volatile.floatP(float* %f1_6)" [aesl_mux_load.8[62 x [62 x float]]P.i3.i64.i64:1140->topp.c:107]   --->   Operation 52 'read' 'f1_6_read' <Predicate = (!exitcond_i & tmp == 6)> <Delay = 3.63> <Core = "FIFO_SRL">   --->   Core 36 'FIFO_SRL' <Latency = 0> <II = 1> <Delay = 3.63> <Storage> <Opcode : 'read' 'write' 'nbread' 'nbwrite'> <Ports = 0> <Width = 32> <Depth = 0> <FIFO>
ST_4 : Operation 53 [1/1] (2.00ns)   --->   "br label %"aesl_mux_load.8[62 x [62 x float]]P.i3.i64.i64.exit"" [aesl_mux_load.8[62 x [62 x float]]P.i3.i64.i64:1144->topp.c:107]   --->   Operation 53 'br' <Predicate = (!exitcond_i & tmp == 6)> <Delay = 2.00>
ST_4 : Operation 54 [1/1] (3.63ns)   --->   "%f1_5_read = call float @_ssdm_op_Read.ap_fifo.volatile.floatP(float* %f1_5)" [aesl_mux_load.8[62 x [62 x float]]P.i3.i64.i64:1137->topp.c:107]   --->   Operation 54 'read' 'f1_5_read' <Predicate = (!exitcond_i & tmp == 5)> <Delay = 3.63> <Core = "FIFO_SRL">   --->   Core 36 'FIFO_SRL' <Latency = 0> <II = 1> <Delay = 3.63> <Storage> <Opcode : 'read' 'write' 'nbread' 'nbwrite'> <Ports = 0> <Width = 32> <Depth = 0> <FIFO>
ST_4 : Operation 55 [1/1] (2.00ns)   --->   "br label %"aesl_mux_load.8[62 x [62 x float]]P.i3.i64.i64.exit"" [aesl_mux_load.8[62 x [62 x float]]P.i3.i64.i64:1144->topp.c:107]   --->   Operation 55 'br' <Predicate = (!exitcond_i & tmp == 5)> <Delay = 2.00>
ST_4 : Operation 56 [1/1] (3.63ns)   --->   "%f1_4_read = call float @_ssdm_op_Read.ap_fifo.volatile.floatP(float* %f1_4)" [aesl_mux_load.8[62 x [62 x float]]P.i3.i64.i64:1134->topp.c:107]   --->   Operation 56 'read' 'f1_4_read' <Predicate = (!exitcond_i & tmp == 4)> <Delay = 3.63> <Core = "FIFO_SRL">   --->   Core 36 'FIFO_SRL' <Latency = 0> <II = 1> <Delay = 3.63> <Storage> <Opcode : 'read' 'write' 'nbread' 'nbwrite'> <Ports = 0> <Width = 32> <Depth = 0> <FIFO>
ST_4 : Operation 57 [1/1] (2.00ns)   --->   "br label %"aesl_mux_load.8[62 x [62 x float]]P.i3.i64.i64.exit"" [aesl_mux_load.8[62 x [62 x float]]P.i3.i64.i64:1144->topp.c:107]   --->   Operation 57 'br' <Predicate = (!exitcond_i & tmp == 4)> <Delay = 2.00>
ST_4 : Operation 58 [1/1] (3.63ns)   --->   "%f1_3_read = call float @_ssdm_op_Read.ap_fifo.volatile.floatP(float* %f1_3)" [aesl_mux_load.8[62 x [62 x float]]P.i3.i64.i64:1131->topp.c:107]   --->   Operation 58 'read' 'f1_3_read' <Predicate = (!exitcond_i & tmp == 3)> <Delay = 3.63> <Core = "FIFO_SRL">   --->   Core 36 'FIFO_SRL' <Latency = 0> <II = 1> <Delay = 3.63> <Storage> <Opcode : 'read' 'write' 'nbread' 'nbwrite'> <Ports = 0> <Width = 32> <Depth = 0> <FIFO>
ST_4 : Operation 59 [1/1] (2.00ns)   --->   "br label %"aesl_mux_load.8[62 x [62 x float]]P.i3.i64.i64.exit"" [aesl_mux_load.8[62 x [62 x float]]P.i3.i64.i64:1144->topp.c:107]   --->   Operation 59 'br' <Predicate = (!exitcond_i & tmp == 3)> <Delay = 2.00>
ST_4 : Operation 60 [1/1] (3.63ns)   --->   "%f1_2_read = call float @_ssdm_op_Read.ap_fifo.volatile.floatP(float* %f1_2)" [aesl_mux_load.8[62 x [62 x float]]P.i3.i64.i64:1128->topp.c:107]   --->   Operation 60 'read' 'f1_2_read' <Predicate = (!exitcond_i & tmp == 2)> <Delay = 3.63> <Core = "FIFO_SRL">   --->   Core 36 'FIFO_SRL' <Latency = 0> <II = 1> <Delay = 3.63> <Storage> <Opcode : 'read' 'write' 'nbread' 'nbwrite'> <Ports = 0> <Width = 32> <Depth = 0> <FIFO>
ST_4 : Operation 61 [1/1] (2.00ns)   --->   "br label %"aesl_mux_load.8[62 x [62 x float]]P.i3.i64.i64.exit"" [aesl_mux_load.8[62 x [62 x float]]P.i3.i64.i64:1144->topp.c:107]   --->   Operation 61 'br' <Predicate = (!exitcond_i & tmp == 2)> <Delay = 2.00>
ST_4 : Operation 62 [1/1] (3.63ns)   --->   "%f1_1_read = call float @_ssdm_op_Read.ap_fifo.volatile.floatP(float* %f1_1)" [aesl_mux_load.8[62 x [62 x float]]P.i3.i64.i64:1125->topp.c:107]   --->   Operation 62 'read' 'f1_1_read' <Predicate = (!exitcond_i & tmp == 1)> <Delay = 3.63> <Core = "FIFO_SRL">   --->   Core 36 'FIFO_SRL' <Latency = 0> <II = 1> <Delay = 3.63> <Storage> <Opcode : 'read' 'write' 'nbread' 'nbwrite'> <Ports = 0> <Width = 32> <Depth = 0> <FIFO>
ST_4 : Operation 63 [1/1] (2.00ns)   --->   "br label %"aesl_mux_load.8[62 x [62 x float]]P.i3.i64.i64.exit"" [aesl_mux_load.8[62 x [62 x float]]P.i3.i64.i64:1144->topp.c:107]   --->   Operation 63 'br' <Predicate = (!exitcond_i & tmp == 1)> <Delay = 2.00>
ST_4 : Operation 64 [1/1] (3.63ns)   --->   "%f1_0_read = call float @_ssdm_op_Read.ap_fifo.volatile.floatP(float* %f1_0)" [aesl_mux_load.8[62 x [62 x float]]P.i3.i64.i64:1122->topp.c:107]   --->   Operation 64 'read' 'f1_0_read' <Predicate = (!exitcond_i & tmp == 0)> <Delay = 3.63> <Core = "FIFO_SRL">   --->   Core 36 'FIFO_SRL' <Latency = 0> <II = 1> <Delay = 3.63> <Storage> <Opcode : 'read' 'write' 'nbread' 'nbwrite'> <Ports = 0> <Width = 32> <Depth = 0> <FIFO>
ST_4 : Operation 65 [1/1] (2.00ns)   --->   "br label %"aesl_mux_load.8[62 x [62 x float]]P.i3.i64.i64.exit"" [aesl_mux_load.8[62 x [62 x float]]P.i3.i64.i64:1144->topp.c:107]   --->   Operation 65 'br' <Predicate = (!exitcond_i & tmp == 0)> <Delay = 2.00>
ST_4 : Operation 66 [1/1] (3.63ns)   --->   "%f1_7_read = call float @_ssdm_op_Read.ap_fifo.volatile.floatP(float* %f1_7)" [aesl_mux_load.8[62 x [62 x float]]P.i3.i64.i64:1143->topp.c:107]   --->   Operation 66 'read' 'f1_7_read' <Predicate = (!exitcond_i & tmp == 7)> <Delay = 3.63> <Core = "FIFO_SRL">   --->   Core 36 'FIFO_SRL' <Latency = 0> <II = 1> <Delay = 3.63> <Storage> <Opcode : 'read' 'write' 'nbread' 'nbwrite'> <Ports = 0> <Width = 32> <Depth = 0> <FIFO>
ST_4 : Operation 67 [1/1] (2.00ns)   --->   "br label %"aesl_mux_load.8[62 x [62 x float]]P.i3.i64.i64.exit"" [aesl_mux_load.8[62 x [62 x float]]P.i3.i64.i64:1144->topp.c:107]   --->   Operation 67 'br' <Predicate = (!exitcond_i & tmp == 7)> <Delay = 2.00>
ST_4 : Operation 68 [1/1] (0.00ns)   --->   "br label %.preheader3.i"   --->   Operation 68 'br' <Predicate = (exitcond_i)> <Delay = 0.00>

State 5 <SV = 4> <Delay = 3.63>
ST_5 : Operation 69 [1/1] (0.00ns)   --->   "%v0 = phi float [ %f1_0_read, %case0.i.i ], [ %f1_1_read, %case1.i.i ], [ %f1_2_read, %case2.i.i ], [ %f1_3_read, %case3.i.i ], [ %f1_4_read, %case4.i.i ], [ %f1_5_read, %case5.i.i ], [ %f1_6_read, %case6.i.i ], [ %f1_7_read, %case7.i.i ]" [aesl_mux_load.8[62 x [62 x float]]P.i3.i64.i64:1122->topp.c:107]   --->   Operation 69 'phi' 'v0' <Predicate = true> <Delay = 0.00>
ST_5 : Operation 70 [1/1] (1.36ns)   --->   "switch i3 %tmp, label %branch7.i [
    i3 0, label %branch0.i
    i3 1, label %branch1.i
    i3 2, label %branch2.i
    i3 3, label %branch3.i
    i3 -4, label %branch4.i
    i3 -3, label %branch5.i
    i3 -2, label %branch6.i
  ]" [topp.c:117]   --->   Operation 70 'switch' <Predicate = true> <Delay = 1.36>
ST_5 : Operation 71 [1/1] (3.63ns)   --->   "call void @_ssdm_op_Write.ap_fifo.volatile.floatP(float* %out_6, float %v0)" [topp.c:117]   --->   Operation 71 'write' <Predicate = (tmp == 6)> <Delay = 3.63> <Core = "FIFO_SRL">   --->   Core 36 'FIFO_SRL' <Latency = 0> <II = 1> <Delay = 3.63> <Storage> <Opcode : 'read' 'write' 'nbread' 'nbwrite'> <Ports = 0> <Width = 32> <Depth = 0> <FIFO>
ST_5 : Operation 72 [1/1] (0.00ns)   --->   "br label %1" [topp.c:117]   --->   Operation 72 'br' <Predicate = (tmp == 6)> <Delay = 0.00>
ST_5 : Operation 73 [1/1] (3.63ns)   --->   "call void @_ssdm_op_Write.ap_fifo.volatile.floatP(float* %out_5, float %v0)" [topp.c:117]   --->   Operation 73 'write' <Predicate = (tmp == 5)> <Delay = 3.63> <Core = "FIFO_SRL">   --->   Core 36 'FIFO_SRL' <Latency = 0> <II = 1> <Delay = 3.63> <Storage> <Opcode : 'read' 'write' 'nbread' 'nbwrite'> <Ports = 0> <Width = 32> <Depth = 0> <FIFO>
ST_5 : Operation 74 [1/1] (0.00ns)   --->   "br label %1" [topp.c:117]   --->   Operation 74 'br' <Predicate = (tmp == 5)> <Delay = 0.00>
ST_5 : Operation 75 [1/1] (3.63ns)   --->   "call void @_ssdm_op_Write.ap_fifo.volatile.floatP(float* %out_4, float %v0)" [topp.c:117]   --->   Operation 75 'write' <Predicate = (tmp == 4)> <Delay = 3.63> <Core = "FIFO_SRL">   --->   Core 36 'FIFO_SRL' <Latency = 0> <II = 1> <Delay = 3.63> <Storage> <Opcode : 'read' 'write' 'nbread' 'nbwrite'> <Ports = 0> <Width = 32> <Depth = 0> <FIFO>
ST_5 : Operation 76 [1/1] (0.00ns)   --->   "br label %1" [topp.c:117]   --->   Operation 76 'br' <Predicate = (tmp == 4)> <Delay = 0.00>
ST_5 : Operation 77 [1/1] (3.63ns)   --->   "call void @_ssdm_op_Write.ap_fifo.volatile.floatP(float* %out_3, float %v0)" [topp.c:117]   --->   Operation 77 'write' <Predicate = (tmp == 3)> <Delay = 3.63> <Core = "FIFO_SRL">   --->   Core 36 'FIFO_SRL' <Latency = 0> <II = 1> <Delay = 3.63> <Storage> <Opcode : 'read' 'write' 'nbread' 'nbwrite'> <Ports = 0> <Width = 32> <Depth = 0> <FIFO>
ST_5 : Operation 78 [1/1] (0.00ns)   --->   "br label %1" [topp.c:117]   --->   Operation 78 'br' <Predicate = (tmp == 3)> <Delay = 0.00>
ST_5 : Operation 79 [1/1] (3.63ns)   --->   "call void @_ssdm_op_Write.ap_fifo.volatile.floatP(float* %out_2, float %v0)" [topp.c:117]   --->   Operation 79 'write' <Predicate = (tmp == 2)> <Delay = 3.63> <Core = "FIFO_SRL">   --->   Core 36 'FIFO_SRL' <Latency = 0> <II = 1> <Delay = 3.63> <Storage> <Opcode : 'read' 'write' 'nbread' 'nbwrite'> <Ports = 0> <Width = 32> <Depth = 0> <FIFO>
ST_5 : Operation 80 [1/1] (0.00ns)   --->   "br label %1" [topp.c:117]   --->   Operation 80 'br' <Predicate = (tmp == 2)> <Delay = 0.00>
ST_5 : Operation 81 [1/1] (3.63ns)   --->   "call void @_ssdm_op_Write.ap_fifo.volatile.floatP(float* %out_1, float %v0)" [topp.c:117]   --->   Operation 81 'write' <Predicate = (tmp == 1)> <Delay = 3.63> <Core = "FIFO_SRL">   --->   Core 36 'FIFO_SRL' <Latency = 0> <II = 1> <Delay = 3.63> <Storage> <Opcode : 'read' 'write' 'nbread' 'nbwrite'> <Ports = 0> <Width = 32> <Depth = 0> <FIFO>
ST_5 : Operation 82 [1/1] (0.00ns)   --->   "br label %1" [topp.c:117]   --->   Operation 82 'br' <Predicate = (tmp == 1)> <Delay = 0.00>
ST_5 : Operation 83 [1/1] (3.63ns)   --->   "call void @_ssdm_op_Write.ap_fifo.volatile.floatP(float* %out_0, float %v0)" [topp.c:117]   --->   Operation 83 'write' <Predicate = (tmp == 0)> <Delay = 3.63> <Core = "FIFO_SRL">   --->   Core 36 'FIFO_SRL' <Latency = 0> <II = 1> <Delay = 3.63> <Storage> <Opcode : 'read' 'write' 'nbread' 'nbwrite'> <Ports = 0> <Width = 32> <Depth = 0> <FIFO>
ST_5 : Operation 84 [1/1] (0.00ns)   --->   "br label %1" [topp.c:117]   --->   Operation 84 'br' <Predicate = (tmp == 0)> <Delay = 0.00>
ST_5 : Operation 85 [1/1] (3.63ns)   --->   "call void @_ssdm_op_Write.ap_fifo.volatile.floatP(float* %out_7, float %v0)" [topp.c:117]   --->   Operation 85 'write' <Predicate = (tmp == 7)> <Delay = 3.63> <Core = "FIFO_SRL">   --->   Core 36 'FIFO_SRL' <Latency = 0> <II = 1> <Delay = 3.63> <Storage> <Opcode : 'read' 'write' 'nbread' 'nbwrite'> <Ports = 0> <Width = 32> <Depth = 0> <FIFO>
ST_5 : Operation 86 [1/1] (0.00ns)   --->   "br label %1" [topp.c:117]   --->   Operation 86 'br' <Predicate = (tmp == 7)> <Delay = 0.00>
ST_5 : Operation 87 [1/1] (0.00ns)   --->   "br label %.preheader.i" [topp.c:105]   --->   Operation 87 'br' <Predicate = true> <Delay = 0.00>


============================================================
+ Verbose Summary: Binding
============================================================
STG Binding: 
---------------- STG Properties BEGIN ----------------
- Is combinational: 0
- Is one-state seq: 0
- Is datapath-only: 0
- Is pipelined: 0
- Is top level: 0
Port [ Return ] is wired: 1; IO mode=ap_ctrl_hs:ce=0
Port [ out_0]:  wired=1; compound=1; hidden=0; nouse=0; global=0; static=0; extern=0; dir=1; type=3; pingpong=0; private_global=0; IO mode=ap_fifo:ce=0
Port [ out_1]:  wired=1; compound=1; hidden=0; nouse=0; global=0; static=0; extern=0; dir=1; type=3; pingpong=0; private_global=0; IO mode=ap_fifo:ce=0
Port [ out_2]:  wired=1; compound=1; hidden=0; nouse=0; global=0; static=0; extern=0; dir=1; type=3; pingpong=0; private_global=0; IO mode=ap_fifo:ce=0
Port [ out_3]:  wired=1; compound=1; hidden=0; nouse=0; global=0; static=0; extern=0; dir=1; type=3; pingpong=0; private_global=0; IO mode=ap_fifo:ce=0
Port [ out_4]:  wired=1; compound=1; hidden=0; nouse=0; global=0; static=0; extern=0; dir=1; type=3; pingpong=0; private_global=0; IO mode=ap_fifo:ce=0
Port [ out_5]:  wired=1; compound=1; hidden=0; nouse=0; global=0; static=0; extern=0; dir=1; type=3; pingpong=0; private_global=0; IO mode=ap_fifo:ce=0
Port [ out_6]:  wired=1; compound=1; hidden=0; nouse=0; global=0; static=0; extern=0; dir=1; type=3; pingpong=0; private_global=0; IO mode=ap_fifo:ce=0
Port [ out_7]:  wired=1; compound=1; hidden=0; nouse=0; global=0; static=0; extern=0; dir=1; type=3; pingpong=0; private_global=0; IO mode=ap_fifo:ce=0
Port [ f1_0]:  wired=1; compound=1; hidden=0; nouse=0; global=0; static=0; extern=0; dir=0; type=3; pingpong=0; private_global=0; IO mode=ap_fifo:ce=0
Port [ f1_1]:  wired=1; compound=1; hidden=0; nouse=0; global=0; static=0; extern=0; dir=0; type=3; pingpong=0; private_global=0; IO mode=ap_fifo:ce=0
Port [ f1_2]:  wired=1; compound=1; hidden=0; nouse=0; global=0; static=0; extern=0; dir=0; type=3; pingpong=0; private_global=0; IO mode=ap_fifo:ce=0
Port [ f1_3]:  wired=1; compound=1; hidden=0; nouse=0; global=0; static=0; extern=0; dir=0; type=3; pingpong=0; private_global=0; IO mode=ap_fifo:ce=0
Port [ f1_4]:  wired=1; compound=1; hidden=0; nouse=0; global=0; static=0; extern=0; dir=0; type=3; pingpong=0; private_global=0; IO mode=ap_fifo:ce=0
Port [ f1_5]:  wired=1; compound=1; hidden=0; nouse=0; global=0; static=0; extern=0; dir=0; type=3; pingpong=0; private_global=0; IO mode=ap_fifo:ce=0
Port [ f1_6]:  wired=1; compound=1; hidden=0; nouse=0; global=0; static=0; extern=0; dir=0; type=3; pingpong=0; private_global=0; IO mode=ap_fifo:ce=0
Port [ f1_7]:  wired=1; compound=1; hidden=0; nouse=0; global=0; static=0; extern=0; dir=0; type=3; pingpong=0; private_global=0; IO mode=ap_fifo:ce=0
---------------- STG Properties END ------------------

---------------- Datapath Model BEGIN ----------------

<LifeTime>
<method=bitvector/>
empty       (specinterface    ) [ 000000]
empty_261   (specinterface    ) [ 000000]
empty_262   (specinterface    ) [ 000000]
empty_263   (specinterface    ) [ 000000]
empty_264   (specinterface    ) [ 000000]
empty_265   (specinterface    ) [ 000000]
empty_266   (specinterface    ) [ 000000]
empty_267   (specinterface    ) [ 000000]
empty_268   (specinterface    ) [ 000000]
empty_269   (specinterface    ) [ 000000]
empty_270   (specinterface    ) [ 000000]
empty_271   (specinterface    ) [ 000000]
empty_272   (specinterface    ) [ 000000]
empty_273   (specinterface    ) [ 000000]
empty_274   (specinterface    ) [ 000000]
empty_275   (specinterface    ) [ 000000]
StgValue_22 (br               ) [ 011111]
r_i         (phi              ) [ 001000]
exitcond2_i (icmp             ) [ 001111]
empty_276   (speclooptripcount) [ 000000]
r           (add              ) [ 011111]
StgValue_27 (br               ) [ 000000]
StgValue_28 (br               ) [ 001111]
StgValue_29 (ret              ) [ 000000]
c_i         (phi              ) [ 000100]
exitcond1_i (icmp             ) [ 001111]
empty_277   (speclooptripcount) [ 000000]
c           (add              ) [ 001111]
StgValue_34 (br               ) [ 000000]
StgValue_35 (br               ) [ 001111]
StgValue_36 (br               ) [ 011111]
ch_i        (phi              ) [ 000010]
exitcond_i  (icmp             ) [ 001111]
empty_278   (speclooptripcount) [ 000000]
ch          (add              ) [ 001111]
StgValue_41 (br               ) [ 000000]
tmp         (trunc            ) [ 001111]
empty_279   (specinterface    ) [ 000000]
empty_280   (specinterface    ) [ 000000]
empty_281   (specinterface    ) [ 000000]
empty_282   (specinterface    ) [ 000000]
empty_283   (specinterface    ) [ 000000]
empty_284   (specinterface    ) [ 000000]
empty_285   (specinterface    ) [ 000000]
empty_286   (specinterface    ) [ 000000]
StgValue_51 (switch           ) [ 000000]
f1_6_read   (read             ) [ 001111]
StgValue_53 (br               ) [ 001111]
f1_5_read   (read             ) [ 001111]
StgValue_55 (br               ) [ 001111]
f1_4_read   (read             ) [ 001111]
StgValue_57 (br               ) [ 001111]
f1_3_read   (read             ) [ 001111]
StgValue_59 (br               ) [ 001111]
f1_2_read   (read             ) [ 001111]
StgValue_61 (br               ) [ 001111]
f1_1_read   (read             ) [ 001111]
StgValue_63 (br               ) [ 001111]
f1_0_read   (read             ) [ 001111]
StgValue_65 (br               ) [ 001111]
f1_7_read   (read             ) [ 001111]
StgValue_67 (br               ) [ 001111]
StgValue_68 (br               ) [ 001111]
v0          (phi              ) [ 000001]
StgValue_70 (switch           ) [ 000000]
StgValue_71 (write            ) [ 000000]
StgValue_72 (br               ) [ 000000]
StgValue_73 (write            ) [ 000000]
StgValue_74 (br               ) [ 000000]
StgValue_75 (write            ) [ 000000]
StgValue_76 (br               ) [ 000000]
StgValue_77 (write            ) [ 000000]
StgValue_78 (br               ) [ 000000]
StgValue_79 (write            ) [ 000000]
StgValue_80 (br               ) [ 000000]
StgValue_81 (write            ) [ 000000]
StgValue_82 (br               ) [ 000000]
StgValue_83 (write            ) [ 000000]
StgValue_84 (br               ) [ 000000]
StgValue_85 (write            ) [ 000000]
StgValue_86 (br               ) [ 000000]
StgValue_87 (br               ) [ 001111]
</LifeTime>

<model>

<comp_list>
<comp id="0" class="1000" name="out_0">
<pin_list>
<pin id="1" dir="1" index="0" bw="1" slack="0"/>
</pin_list>
<bind>
<StgValue><ssdm name="out_0"/></StgValue>
</bind>
</comp>

<comp id="2" class="1000" name="out_1">
<pin_list>
<pin id="3" dir="1" index="0" bw="1" slack="0"/>
</pin_list>
<bind>
<StgValue><ssdm name="out_1"/></StgValue>
</bind>
</comp>

<comp id="4" class="1000" name="out_2">
<pin_list>
<pin id="5" dir="1" index="0" bw="1" slack="0"/>
</pin_list>
<bind>
<StgValue><ssdm name="out_2"/></StgValue>
</bind>
</comp>

<comp id="6" class="1000" name="out_3">
<pin_list>
<pin id="7" dir="1" index="0" bw="1" slack="0"/>
</pin_list>
<bind>
<StgValue><ssdm name="out_3"/></StgValue>
</bind>
</comp>

<comp id="8" class="1000" name="out_4">
<pin_list>
<pin id="9" dir="1" index="0" bw="1" slack="0"/>
</pin_list>
<bind>
<StgValue><ssdm name="out_4"/></StgValue>
</bind>
</comp>

<comp id="10" class="1000" name="out_5">
<pin_list>
<pin id="11" dir="1" index="0" bw="1" slack="0"/>
</pin_list>
<bind>
<StgValue><ssdm name="out_5"/></StgValue>
</bind>
</comp>

<comp id="12" class="1000" name="out_6">
<pin_list>
<pin id="13" dir="1" index="0" bw="1" slack="0"/>
</pin_list>
<bind>
<StgValue><ssdm name="out_6"/></StgValue>
</bind>
</comp>

<comp id="14" class="1000" name="out_7">
<pin_list>
<pin id="15" dir="1" index="0" bw="1" slack="0"/>
</pin_list>
<bind>
<StgValue><ssdm name="out_7"/></StgValue>
</bind>
</comp>

<comp id="16" class="1000" name="f1_0">
<pin_list>
<pin id="17" dir="1" index="0" bw="1" slack="0"/>
</pin_list>
<bind>
<StgValue><ssdm name="f1_0"/></StgValue>
</bind>
</comp>

<comp id="18" class="1000" name="f1_1">
<pin_list>
<pin id="19" dir="1" index="0" bw="1" slack="0"/>
</pin_list>
<bind>
<StgValue><ssdm name="f1_1"/></StgValue>
</bind>
</comp>

<comp id="20" class="1000" name="f1_2">
<pin_list>
<pin id="21" dir="1" index="0" bw="1" slack="0"/>
</pin_list>
<bind>
<StgValue><ssdm name="f1_2"/></StgValue>
</bind>
</comp>

<comp id="22" class="1000" name="f1_3">
<pin_list>
<pin id="23" dir="1" index="0" bw="1" slack="0"/>
</pin_list>
<bind>
<StgValue><ssdm name="f1_3"/></StgValue>
</bind>
</comp>

<comp id="24" class="1000" name="f1_4">
<pin_list>
<pin id="25" dir="1" index="0" bw="1" slack="0"/>
</pin_list>
<bind>
<StgValue><ssdm name="f1_4"/></StgValue>
</bind>
</comp>

<comp id="26" class="1000" name="f1_5">
<pin_list>
<pin id="27" dir="1" index="0" bw="1" slack="0"/>
</pin_list>
<bind>
<StgValue><ssdm name="f1_5"/></StgValue>
</bind>
</comp>

<comp id="28" class="1000" name="f1_6">
<pin_list>
<pin id="29" dir="1" index="0" bw="1" slack="0"/>
</pin_list>
<bind>
<StgValue><ssdm name="f1_6"/></StgValue>
</bind>
</comp>

<comp id="30" class="1000" name="f1_7">
<pin_list>
<pin id="31" dir="1" index="0" bw="1" slack="0"/>
</pin_list>
<bind>
<StgValue><ssdm name="f1_7"/></StgValue>
</bind>
</comp>

<comp id="32" class="1001" name="const_32">
<pin_list>
<pin id="33" dir="1" index="0" bw="1" slack="2147483647"/>
</pin_list>
<bind>
<StgValue><ssdm name="_ssdm_op_SpecInterface"/></StgValue>
</bind>
</comp>

<comp id="34" class="1001" name="const_34">
<pin_list>
<pin id="35" dir="1" index="0" bw="1" slack="2147483647"/>
</pin_list>
<bind>
<StgValue><ssdm name="ap_fifo_str"/></StgValue>
</bind>
</comp>

<comp id="36" class="1001" name="const_36">
<pin_list>
<pin id="37" dir="1" index="0" bw="1" slack="2147483647"/>
</pin_list>
<bind>
<StgValue><ssdm name=""/></StgValue>
</bind>
</comp>

<comp id="38" class="1001" name="const_38">
<pin_list>
<pin id="39" dir="1" index="0" bw="1" slack="2147483647"/>
</pin_list>
<bind>
<StgValue><ssdm name="p_str"/></StgValue>
</bind>
</comp>

<comp id="40" class="1001" name="const_40">
<pin_list>
<pin id="41" dir="1" index="0" bw="1" slack="2147483647"/>
</pin_list>
<bind>
<StgValue><ssdm name=""/></StgValue>
</bind>
</comp>

<comp id="42" class="1001" name="const_42">
<pin_list>
<pin id="43" dir="1" index="0" bw="1" slack="2147483647"/>
</pin_list>
<bind>
<StgValue><ssdm name=""/></StgValue>
</bind>
</comp>

<comp id="44" class="1001" name="const_44">
<pin_list>
<pin id="45" dir="1" index="0" bw="1" slack="1"/>
</pin_list>
<bind>
<StgValue><ssdm name=""/></StgValue>
</bind>
</comp>

<comp id="46" class="1001" name="const_46">
<pin_list>
<pin id="47" dir="1" index="0" bw="1" slack="0"/>
</pin_list>
<bind>
<StgValue><ssdm name=""/></StgValue>
</bind>
</comp>

<comp id="48" class="1001" name="const_48">
<pin_list>
<pin id="49" dir="1" index="0" bw="1" slack="2147483647"/>
</pin_list>
<bind>
<StgValue><ssdm name="_ssdm_op_SpecLoopTripCount"/></StgValue>
</bind>
</comp>

<comp id="50" class="1001" name="const_50">
<pin_list>
<pin id="51" dir="1" index="0" bw="1" slack="2147483647"/>
</pin_list>
<bind>
<StgValue><ssdm name=""/></StgValue>
</bind>
</comp>

<comp id="52" class="1001" name="const_52">
<pin_list>
<pin id="53" dir="1" index="0" bw="1" slack="0"/>
</pin_list>
<bind>
<StgValue><ssdm name=""/></StgValue>
</bind>
</comp>

<comp id="54" class="1001" name="const_54">
<pin_list>
<pin id="55" dir="1" index="0" bw="1" slack="1"/>
</pin_list>
<bind>
<StgValue><ssdm name=""/></StgValue>
</bind>
</comp>

<comp id="56" class="1001" name="const_56">
<pin_list>
<pin id="57" dir="1" index="0" bw="1" slack="0"/>
</pin_list>
<bind>
<StgValue><ssdm name=""/></StgValue>
</bind>
</comp>

<comp id="58" class="1001" name="const_58">
<pin_list>
<pin id="59" dir="1" index="0" bw="1" slack="2147483647"/>
</pin_list>
<bind>
<StgValue><ssdm name=""/></StgValue>
</bind>
</comp>

<comp id="60" class="1001" name="const_60">
<pin_list>
<pin id="61" dir="1" index="0" bw="1" slack="0"/>
</pin_list>
<bind>
<StgValue><ssdm name=""/></StgValue>
</bind>
</comp>

<comp id="62" class="1001" name="const_62">
<pin_list>
<pin id="63" dir="1" index="0" bw="1" slack="2147483647"/>
</pin_list>
<bind>
<StgValue><ssdm name=""/></StgValue>
</bind>
</comp>

<comp id="64" class="1001" name="const_64">
<pin_list>
<pin id="65" dir="1" index="0" bw="1" slack="2147483647"/>
</pin_list>
<bind>
<StgValue><ssdm name=""/></StgValue>
</bind>
</comp>

<comp id="66" class="1001" name="const_66">
<pin_list>
<pin id="67" dir="1" index="0" bw="1" slack="2147483647"/>
</pin_list>
<bind>
<StgValue><ssdm name=""/></StgValue>
</bind>
</comp>

<comp id="68" class="1001" name="const_68">
<pin_list>
<pin id="69" dir="1" index="0" bw="1" slack="2147483647"/>
</pin_list>
<bind>
<StgValue><ssdm name=""/></StgValue>
</bind>
</comp>

<comp id="70" class="1001" name="const_70">
<pin_list>
<pin id="71" dir="1" index="0" bw="1" slack="2147483647"/>
</pin_list>
<bind>
<StgValue><ssdm name=""/></StgValue>
</bind>
</comp>

<comp id="72" class="1001" name="const_72">
<pin_list>
<pin id="73" dir="1" index="0" bw="1" slack="2147483647"/>
</pin_list>
<bind>
<StgValue><ssdm name=""/></StgValue>
</bind>
</comp>

<comp id="74" class="1001" name="const_74">
<pin_list>
<pin id="75" dir="1" index="0" bw="1" slack="2147483647"/>
</pin_list>
<bind>
<StgValue><ssdm name=""/></StgValue>
</bind>
</comp>

<comp id="76" class="1001" name="const_76">
<pin_list>
<pin id="77" dir="1" index="0" bw="1" slack="0"/>
</pin_list>
<bind>
<StgValue><ssdm name="_ssdm_op_Read.ap_fifo.volatile.floatP"/></StgValue>
</bind>
</comp>

<comp id="78" class="1001" name="const_78">
<pin_list>
<pin id="79" dir="1" index="0" bw="1" slack="0"/>
</pin_list>
<bind>
<StgValue><ssdm name="_ssdm_op_Write.ap_fifo.volatile.floatP"/></StgValue>
</bind>
</comp>

<comp id="80" class="1004" name="f1_6_read_read_fu_80">
<pin_list>
<pin id="81" dir="0" index="0" bw="32" slack="0"/>
<pin id="82" dir="0" index="1" bw="32" slack="0"/>
<pin id="83" dir="1" index="2" bw="32" slack="1"/>
</pin_list>
<bind>
<opcode="read(1150) " fcode="read"/>
<opset="f1_6_read/4 "/>
</bind>
</comp>

<comp id="86" class="1004" name="f1_5_read_read_fu_86">
<pin_list>
<pin id="87" dir="0" index="0" bw="32" slack="0"/>
<pin id="88" dir="0" index="1" bw="32" slack="0"/>
<pin id="89" dir="1" index="2" bw="32" slack="1"/>
</pin_list>
<bind>
<opcode="read(1150) " fcode="read"/>
<opset="f1_5_read/4 "/>
</bind>
</comp>

<comp id="92" class="1004" name="f1_4_read_read_fu_92">
<pin_list>
<pin id="93" dir="0" index="0" bw="32" slack="0"/>
<pin id="94" dir="0" index="1" bw="32" slack="0"/>
<pin id="95" dir="1" index="2" bw="32" slack="1"/>
</pin_list>
<bind>
<opcode="read(1150) " fcode="read"/>
<opset="f1_4_read/4 "/>
</bind>
</comp>

<comp id="98" class="1004" name="f1_3_read_read_fu_98">
<pin_list>
<pin id="99" dir="0" index="0" bw="32" slack="0"/>
<pin id="100" dir="0" index="1" bw="32" slack="0"/>
<pin id="101" dir="1" index="2" bw="32" slack="1"/>
</pin_list>
<bind>
<opcode="read(1150) " fcode="read"/>
<opset="f1_3_read/4 "/>
</bind>
</comp>

<comp id="104" class="1004" name="f1_2_read_read_fu_104">
<pin_list>
<pin id="105" dir="0" index="0" bw="32" slack="0"/>
<pin id="106" dir="0" index="1" bw="32" slack="0"/>
<pin id="107" dir="1" index="2" bw="32" slack="1"/>
</pin_list>
<bind>
<opcode="read(1150) " fcode="read"/>
<opset="f1_2_read/4 "/>
</bind>
</comp>

<comp id="110" class="1004" name="f1_1_read_read_fu_110">
<pin_list>
<pin id="111" dir="0" index="0" bw="32" slack="0"/>
<pin id="112" dir="0" index="1" bw="32" slack="0"/>
<pin id="113" dir="1" index="2" bw="32" slack="1"/>
</pin_list>
<bind>
<opcode="read(1150) " fcode="read"/>
<opset="f1_1_read/4 "/>
</bind>
</comp>

<comp id="116" class="1004" name="f1_0_read_read_fu_116">
<pin_list>
<pin id="117" dir="0" index="0" bw="32" slack="0"/>
<pin id="118" dir="0" index="1" bw="32" slack="0"/>
<pin id="119" dir="1" index="2" bw="32" slack="1"/>
</pin_list>
<bind>
<opcode="read(1150) " fcode="read"/>
<opset="f1_0_read/4 "/>
</bind>
</comp>

<comp id="122" class="1004" name="f1_7_read_read_fu_122">
<pin_list>
<pin id="123" dir="0" index="0" bw="32" slack="0"/>
<pin id="124" dir="0" index="1" bw="32" slack="0"/>
<pin id="125" dir="1" index="2" bw="32" slack="1"/>
</pin_list>
<bind>
<opcode="read(1150) " fcode="read"/>
<opset="f1_7_read/4 "/>
</bind>
</comp>

<comp id="128" class="1004" name="StgValue_71_write_fu_128">
<pin_list>
<pin id="129" dir="0" index="0" bw="0" slack="0"/>
<pin id="130" dir="0" index="1" bw="32" slack="0"/>
<pin id="131" dir="0" index="2" bw="32" slack="0"/>
<pin id="132" dir="1" index="3" bw="0" slack="2147483647"/>
</pin_list>
<bind>
<opcode="write(1151) " fcode="write"/>
<opset="StgValue_71/5 "/>
</bind>
</comp>

<comp id="135" class="1004" name="StgValue_73_write_fu_135">
<pin_list>
<pin id="136" dir="0" index="0" bw="0" slack="0"/>
<pin id="137" dir="0" index="1" bw="32" slack="0"/>
<pin id="138" dir="0" index="2" bw="32" slack="0"/>
<pin id="139" dir="1" index="3" bw="0" slack="2147483647"/>
</pin_list>
<bind>
<opcode="write(1151) " fcode="write"/>
<opset="StgValue_73/5 "/>
</bind>
</comp>

<comp id="142" class="1004" name="StgValue_75_write_fu_142">
<pin_list>
<pin id="143" dir="0" index="0" bw="0" slack="0"/>
<pin id="144" dir="0" index="1" bw="32" slack="0"/>
<pin id="145" dir="0" index="2" bw="32" slack="0"/>
<pin id="146" dir="1" index="3" bw="0" slack="2147483647"/>
</pin_list>
<bind>
<opcode="write(1151) " fcode="write"/>
<opset="StgValue_75/5 "/>
</bind>
</comp>

<comp id="149" class="1004" name="StgValue_77_write_fu_149">
<pin_list>
<pin id="150" dir="0" index="0" bw="0" slack="0"/>
<pin id="151" dir="0" index="1" bw="32" slack="0"/>
<pin id="152" dir="0" index="2" bw="32" slack="0"/>
<pin id="153" dir="1" index="3" bw="0" slack="2147483647"/>
</pin_list>
<bind>
<opcode="write(1151) " fcode="write"/>
<opset="StgValue_77/5 "/>
</bind>
</comp>

<comp id="156" class="1004" name="StgValue_79_write_fu_156">
<pin_list>
<pin id="157" dir="0" index="0" bw="0" slack="0"/>
<pin id="158" dir="0" index="1" bw="32" slack="0"/>
<pin id="159" dir="0" index="2" bw="32" slack="0"/>
<pin id="160" dir="1" index="3" bw="0" slack="2147483647"/>
</pin_list>
<bind>
<opcode="write(1151) " fcode="write"/>
<opset="StgValue_79/5 "/>
</bind>
</comp>

<comp id="163" class="1004" name="StgValue_81_write_fu_163">
<pin_list>
<pin id="164" dir="0" index="0" bw="0" slack="0"/>
<pin id="165" dir="0" index="1" bw="32" slack="0"/>
<pin id="166" dir="0" index="2" bw="32" slack="0"/>
<pin id="167" dir="1" index="3" bw="0" slack="2147483647"/>
</pin_list>
<bind>
<opcode="write(1151) " fcode="write"/>
<opset="StgValue_81/5 "/>
</bind>
</comp>

<comp id="170" class="1004" name="StgValue_83_write_fu_170">
<pin_list>
<pin id="171" dir="0" index="0" bw="0" slack="0"/>
<pin id="172" dir="0" index="1" bw="32" slack="0"/>
<pin id="173" dir="0" index="2" bw="32" slack="0"/>
<pin id="174" dir="1" index="3" bw="0" slack="2147483647"/>
</pin_list>
<bind>
<opcode="write(1151) " fcode="write"/>
<opset="StgValue_83/5 "/>
</bind>
</comp>

<comp id="177" class="1004" name="StgValue_85_write_fu_177">
<pin_list>
<pin id="178" dir="0" index="0" bw="0" slack="0"/>
<pin id="179" dir="0" index="1" bw="32" slack="0"/>
<pin id="180" dir="0" index="2" bw="32" slack="0"/>
<pin id="181" dir="1" index="3" bw="0" slack="2147483647"/>
</pin_list>
<bind>
<opcode="write(1151) " fcode="write"/>
<opset="StgValue_85/5 "/>
</bind>
</comp>

<comp id="184" class="1005" name="r_i_reg_184">
<pin_list>
<pin id="185" dir="0" index="0" bw="5" slack="1"/>
<pin id="186" dir="1" index="1" bw="5" slack="1"/>
</pin_list>
<bind>
<opset="r_i (phireg) "/>
</bind>
</comp>

<comp id="188" class="1004" name="r_i_phi_fu_188">
<pin_list>
<pin id="189" dir="0" index="0" bw="1" slack="1"/>
<pin id="190" dir="0" index="1" bw="0" slack="2147483647"/>
<pin id="191" dir="0" index="2" bw="5" slack="0"/>
<pin id="192" dir="0" index="3" bw="0" slack="2147483647"/>
<pin id="193" dir="1" index="4" bw="5" slack="0"/>
</pin_list>
<bind>
<opcode="phi(47) " fcode="phi"/>
<opset="r_i/2 "/>
</bind>
</comp>

<comp id="195" class="1005" name="c_i_reg_195">
<pin_list>
<pin id="196" dir="0" index="0" bw="5" slack="1"/>
<pin id="197" dir="1" index="1" bw="5" slack="1"/>
</pin_list>
<bind>
<opset="c_i (phireg) "/>
</bind>
</comp>

<comp id="199" class="1004" name="c_i_phi_fu_199">
<pin_list>
<pin id="200" dir="0" index="0" bw="5" slack="0"/>
<pin id="201" dir="0" index="1" bw="0" slack="2147483647"/>
<pin id="202" dir="0" index="2" bw="1" slack="1"/>
<pin id="203" dir="0" index="3" bw="0" slack="2147483647"/>
<pin id="204" dir="1" index="4" bw="5" slack="0"/>
</pin_list>
<bind>
<opcode="phi(47) " fcode="phi"/>
<opset="c_i/3 "/>
</bind>
</comp>

<comp id="206" class="1005" name="ch_i_reg_206">
<pin_list>
<pin id="207" dir="0" index="0" bw="4" slack="1"/>
<pin id="208" dir="1" index="1" bw="4" slack="1"/>
</pin_list>
<bind>
<opset="ch_i (phireg) "/>
</bind>
</comp>

<comp id="210" class="1004" name="ch_i_phi_fu_210">
<pin_list>
<pin id="211" dir="0" index="0" bw="4" slack="0"/>
<pin id="212" dir="0" index="1" bw="0" slack="2147483647"/>
<pin id="213" dir="0" index="2" bw="1" slack="1"/>
<pin id="214" dir="0" index="3" bw="0" slack="2147483647"/>
<pin id="215" dir="1" index="4" bw="4" slack="0"/>
</pin_list>
<bind>
<opcode="phi(47) " fcode="phi"/>
<opset="ch_i/4 "/>
</bind>
</comp>

<comp id="217" class="1005" name="v0_reg_217">
<pin_list>
<pin id="218" dir="0" index="0" bw="32" slack="2147483647"/>
<pin id="219" dir="1" index="1" bw="32" slack="2147483647"/>
</pin_list>
<bind>
<opset="v0 (phireg) "/>
</bind>
</comp>

<comp id="220" class="1004" name="v0_phi_fu_220">
<pin_list>
<pin id="221" dir="0" index="0" bw="32" slack="1"/>
<pin id="222" dir="0" index="1" bw="0" slack="2147483647"/>
<pin id="223" dir="0" index="2" bw="32" slack="1"/>
<pin id="224" dir="0" index="3" bw="0" slack="2147483647"/>
<pin id="225" dir="0" index="4" bw="32" slack="1"/>
<pin id="226" dir="0" index="5" bw="0" slack="2147483647"/>
<pin id="227" dir="0" index="6" bw="32" slack="1"/>
<pin id="228" dir="0" index="7" bw="0" slack="2147483647"/>
<pin id="229" dir="0" index="8" bw="32" slack="1"/>
<pin id="230" dir="0" index="9" bw="0" slack="2147483647"/>
<pin id="231" dir="0" index="10" bw="32" slack="1"/>
<pin id="232" dir="0" index="11" bw="0" slack="2147483647"/>
<pin id="233" dir="0" index="12" bw="32" slack="1"/>
<pin id="234" dir="0" index="13" bw="0" slack="2147483647"/>
<pin id="235" dir="0" index="14" bw="32" slack="1"/>
<pin id="236" dir="0" index="15" bw="0" slack="2147483647"/>
<pin id="237" dir="1" index="16" bw="32" slack="0"/>
</pin_list>
<bind>
<opcode="phi(47) " fcode="phi"/>
<opset="v0/5 "/>
</bind>
</comp>

<comp id="246" class="1004" name="exitcond2_i_fu_246">
<pin_list>
<pin id="247" dir="0" index="0" bw="5" slack="0"/>
<pin id="248" dir="0" index="1" bw="5" slack="0"/>
<pin id="249" dir="1" index="2" bw="1" slack="2147483647"/>
</pin_list>
<bind>
<opcode="icmp(45) " fcode="icmp"/>
<opset="exitcond2_i/2 "/>
</bind>
</comp>

<comp id="252" class="1004" name="r_fu_252">
<pin_list>
<pin id="253" dir="0" index="0" bw="5" slack="0"/>
<pin id="254" dir="0" index="1" bw="1" slack="0"/>
<pin id="255" dir="1" index="2" bw="5" slack="0"/>
</pin_list>
<bind>
<opcode="add(8) " fcode="add"/>
<opset="r/2 "/>
</bind>
</comp>

<comp id="258" class="1004" name="exitcond1_i_fu_258">
<pin_list>
<pin id="259" dir="0" index="0" bw="5" slack="0"/>
<pin id="260" dir="0" index="1" bw="5" slack="0"/>
<pin id="261" dir="1" index="2" bw="1" slack="2147483647"/>
</pin_list>
<bind>
<opcode="icmp(45) " fcode="icmp"/>
<opset="exitcond1_i/3 "/>
</bind>
</comp>

<comp id="264" class="1004" name="c_fu_264">
<pin_list>
<pin id="265" dir="0" index="0" bw="5" slack="0"/>
<pin id="266" dir="0" index="1" bw="1" slack="0"/>
<pin id="267" dir="1" index="2" bw="5" slack="0"/>
</pin_list>
<bind>
<opcode="add(8) " fcode="add"/>
<opset="c/3 "/>
</bind>
</comp>

<comp id="270" class="1004" name="exitcond_i_fu_270">
<pin_list>
<pin id="271" dir="0" index="0" bw="4" slack="0"/>
<pin id="272" dir="0" index="1" bw="4" slack="0"/>
<pin id="273" dir="1" index="2" bw="1" slack="2147483647"/>
</pin_list>
<bind>
<opcode="icmp(45) " fcode="icmp"/>
<opset="exitcond_i/4 "/>
</bind>
</comp>

<comp id="276" class="1004" name="ch_fu_276">
<pin_list>
<pin id="277" dir="0" index="0" bw="4" slack="0"/>
<pin id="278" dir="0" index="1" bw="1" slack="0"/>
<pin id="279" dir="1" index="2" bw="4" slack="0"/>
</pin_list>
<bind>
<opcode="add(8) " fcode="add"/>
<opset="ch/4 "/>
</bind>
</comp>

<comp id="282" class="1004" name="tmp_fu_282">
<pin_list>
<pin id="283" dir="0" index="0" bw="4" slack="0"/>
<pin id="284" dir="1" index="1" bw="3" slack="1"/>
</pin_list>
<bind>
<opcode="trunc(33) " fcode="trunc"/>
<opset="tmp/4 "/>
</bind>
</comp>

<comp id="289" class="1005" name="r_reg_289">
<pin_list>
<pin id="290" dir="0" index="0" bw="5" slack="0"/>
<pin id="291" dir="1" index="1" bw="5" slack="0"/>
</pin_list>
<bind>
<opset="r "/>
</bind>
</comp>

<comp id="297" class="1005" name="c_reg_297">
<pin_list>
<pin id="298" dir="0" index="0" bw="5" slack="0"/>
<pin id="299" dir="1" index="1" bw="5" slack="0"/>
</pin_list>
<bind>
<opset="c "/>
</bind>
</comp>

<comp id="305" class="1005" name="ch_reg_305">
<pin_list>
<pin id="306" dir="0" index="0" bw="4" slack="0"/>
<pin id="307" dir="1" index="1" bw="4" slack="0"/>
</pin_list>
<bind>
<opset="ch "/>
</bind>
</comp>

<comp id="310" class="1005" name="tmp_reg_310">
<pin_list>
<pin id="311" dir="0" index="0" bw="3" slack="1"/>
<pin id="312" dir="1" index="1" bw="3" slack="2147483647"/>
</pin_list>
<bind>
<opset="tmp "/>
</bind>
</comp>

<comp id="314" class="1005" name="f1_6_read_reg_314">
<pin_list>
<pin id="315" dir="0" index="0" bw="32" slack="1"/>
<pin id="316" dir="1" index="1" bw="32" slack="1"/>
</pin_list>
<bind>
<opset="f1_6_read "/>
</bind>
</comp>

<comp id="319" class="1005" name="f1_5_read_reg_319">
<pin_list>
<pin id="320" dir="0" index="0" bw="32" slack="1"/>
<pin id="321" dir="1" index="1" bw="32" slack="1"/>
</pin_list>
<bind>
<opset="f1_5_read "/>
</bind>
</comp>

<comp id="324" class="1005" name="f1_4_read_reg_324">
<pin_list>
<pin id="325" dir="0" index="0" bw="32" slack="1"/>
<pin id="326" dir="1" index="1" bw="32" slack="1"/>
</pin_list>
<bind>
<opset="f1_4_read "/>
</bind>
</comp>

<comp id="329" class="1005" name="f1_3_read_reg_329">
<pin_list>
<pin id="330" dir="0" index="0" bw="32" slack="1"/>
<pin id="331" dir="1" index="1" bw="32" slack="1"/>
</pin_list>
<bind>
<opset="f1_3_read "/>
</bind>
</comp>

<comp id="334" class="1005" name="f1_2_read_reg_334">
<pin_list>
<pin id="335" dir="0" index="0" bw="32" slack="1"/>
<pin id="336" dir="1" index="1" bw="32" slack="1"/>
</pin_list>
<bind>
<opset="f1_2_read "/>
</bind>
</comp>

<comp id="339" class="1005" name="f1_1_read_reg_339">
<pin_list>
<pin id="340" dir="0" index="0" bw="32" slack="1"/>
<pin id="341" dir="1" index="1" bw="32" slack="1"/>
</pin_list>
<bind>
<opset="f1_1_read "/>
</bind>
</comp>

<comp id="344" class="1005" name="f1_0_read_reg_344">
<pin_list>
<pin id="345" dir="0" index="0" bw="32" slack="1"/>
<pin id="346" dir="1" index="1" bw="32" slack="1"/>
</pin_list>
<bind>
<opset="f1_0_read "/>
</bind>
</comp>

<comp id="349" class="1005" name="f1_7_read_reg_349">
<pin_list>
<pin id="350" dir="0" index="0" bw="32" slack="1"/>
<pin id="351" dir="1" index="1" bw="32" slack="1"/>
</pin_list>
<bind>
<opset="f1_7_read "/>
</bind>
</comp>

</comp_list>

<net_list>
<net id="84"><net_src comp="76" pin="0"/><net_sink comp="80" pin=0"/></net>

<net id="85"><net_src comp="28" pin="0"/><net_sink comp="80" pin=1"/></net>

<net id="90"><net_src comp="76" pin="0"/><net_sink comp="86" pin=0"/></net>

<net id="91"><net_src comp="26" pin="0"/><net_sink comp="86" pin=1"/></net>

<net id="96"><net_src comp="76" pin="0"/><net_sink comp="92" pin=0"/></net>

<net id="97"><net_src comp="24" pin="0"/><net_sink comp="92" pin=1"/></net>

<net id="102"><net_src comp="76" pin="0"/><net_sink comp="98" pin=0"/></net>

<net id="103"><net_src comp="22" pin="0"/><net_sink comp="98" pin=1"/></net>

<net id="108"><net_src comp="76" pin="0"/><net_sink comp="104" pin=0"/></net>

<net id="109"><net_src comp="20" pin="0"/><net_sink comp="104" pin=1"/></net>

<net id="114"><net_src comp="76" pin="0"/><net_sink comp="110" pin=0"/></net>

<net id="115"><net_src comp="18" pin="0"/><net_sink comp="110" pin=1"/></net>

<net id="120"><net_src comp="76" pin="0"/><net_sink comp="116" pin=0"/></net>

<net id="121"><net_src comp="16" pin="0"/><net_sink comp="116" pin=1"/></net>

<net id="126"><net_src comp="76" pin="0"/><net_sink comp="122" pin=0"/></net>

<net id="127"><net_src comp="30" pin="0"/><net_sink comp="122" pin=1"/></net>

<net id="133"><net_src comp="78" pin="0"/><net_sink comp="128" pin=0"/></net>

<net id="134"><net_src comp="12" pin="0"/><net_sink comp="128" pin=1"/></net>

<net id="140"><net_src comp="78" pin="0"/><net_sink comp="135" pin=0"/></net>

<net id="141"><net_src comp="10" pin="0"/><net_sink comp="135" pin=1"/></net>

<net id="147"><net_src comp="78" pin="0"/><net_sink comp="142" pin=0"/></net>

<net id="148"><net_src comp="8" pin="0"/><net_sink comp="142" pin=1"/></net>

<net id="154"><net_src comp="78" pin="0"/><net_sink comp="149" pin=0"/></net>

<net id="155"><net_src comp="6" pin="0"/><net_sink comp="149" pin=1"/></net>

<net id="161"><net_src comp="78" pin="0"/><net_sink comp="156" pin=0"/></net>

<net id="162"><net_src comp="4" pin="0"/><net_sink comp="156" pin=1"/></net>

<net id="168"><net_src comp="78" pin="0"/><net_sink comp="163" pin=0"/></net>

<net id="169"><net_src comp="2" pin="0"/><net_sink comp="163" pin=1"/></net>

<net id="175"><net_src comp="78" pin="0"/><net_sink comp="170" pin=0"/></net>

<net id="176"><net_src comp="0" pin="0"/><net_sink comp="170" pin=1"/></net>

<net id="182"><net_src comp="78" pin="0"/><net_sink comp="177" pin=0"/></net>

<net id="183"><net_src comp="14" pin="0"/><net_sink comp="177" pin=1"/></net>

<net id="187"><net_src comp="44" pin="0"/><net_sink comp="184" pin=0"/></net>

<net id="194"><net_src comp="184" pin="1"/><net_sink comp="188" pin=0"/></net>

<net id="198"><net_src comp="44" pin="0"/><net_sink comp="195" pin=0"/></net>

<net id="205"><net_src comp="195" pin="1"/><net_sink comp="199" pin=2"/></net>

<net id="209"><net_src comp="54" pin="0"/><net_sink comp="206" pin=0"/></net>

<net id="216"><net_src comp="206" pin="1"/><net_sink comp="210" pin=2"/></net>

<net id="238"><net_src comp="220" pin="16"/><net_sink comp="128" pin=2"/></net>

<net id="239"><net_src comp="220" pin="16"/><net_sink comp="135" pin=2"/></net>

<net id="240"><net_src comp="220" pin="16"/><net_sink comp="142" pin=2"/></net>

<net id="241"><net_src comp="220" pin="16"/><net_sink comp="149" pin=2"/></net>

<net id="242"><net_src comp="220" pin="16"/><net_sink comp="156" pin=2"/></net>

<net id="243"><net_src comp="220" pin="16"/><net_sink comp="163" pin=2"/></net>

<net id="244"><net_src comp="220" pin="16"/><net_sink comp="170" pin=2"/></net>

<net id="245"><net_src comp="220" pin="16"/><net_sink comp="177" pin=2"/></net>

<net id="250"><net_src comp="188" pin="4"/><net_sink comp="246" pin=0"/></net>

<net id="251"><net_src comp="46" pin="0"/><net_sink comp="246" pin=1"/></net>

<net id="256"><net_src comp="188" pin="4"/><net_sink comp="252" pin=0"/></net>

<net id="257"><net_src comp="52" pin="0"/><net_sink comp="252" pin=1"/></net>

<net id="262"><net_src comp="199" pin="4"/><net_sink comp="258" pin=0"/></net>

<net id="263"><net_src comp="46" pin="0"/><net_sink comp="258" pin=1"/></net>

<net id="268"><net_src comp="199" pin="4"/><net_sink comp="264" pin=0"/></net>

<net id="269"><net_src comp="52" pin="0"/><net_sink comp="264" pin=1"/></net>

<net id="274"><net_src comp="210" pin="4"/><net_sink comp="270" pin=0"/></net>

<net id="275"><net_src comp="56" pin="0"/><net_sink comp="270" pin=1"/></net>

<net id="280"><net_src comp="210" pin="4"/><net_sink comp="276" pin=0"/></net>

<net id="281"><net_src comp="60" pin="0"/><net_sink comp="276" pin=1"/></net>

<net id="285"><net_src comp="210" pin="4"/><net_sink comp="282" pin=0"/></net>

<net id="292"><net_src comp="252" pin="2"/><net_sink comp="289" pin=0"/></net>

<net id="293"><net_src comp="289" pin="1"/><net_sink comp="188" pin=2"/></net>

<net id="300"><net_src comp="264" pin="2"/><net_sink comp="297" pin=0"/></net>

<net id="301"><net_src comp="297" pin="1"/><net_sink comp="199" pin=0"/></net>

<net id="308"><net_src comp="276" pin="2"/><net_sink comp="305" pin=0"/></net>

<net id="309"><net_src comp="305" pin="1"/><net_sink comp="210" pin=0"/></net>

<net id="313"><net_src comp="282" pin="1"/><net_sink comp="310" pin=0"/></net>

<net id="317"><net_src comp="80" pin="2"/><net_sink comp="314" pin=0"/></net>

<net id="318"><net_src comp="314" pin="1"/><net_sink comp="220" pin=12"/></net>

<net id="322"><net_src comp="86" pin="2"/><net_sink comp="319" pin=0"/></net>

<net id="323"><net_src comp="319" pin="1"/><net_sink comp="220" pin=10"/></net>

<net id="327"><net_src comp="92" pin="2"/><net_sink comp="324" pin=0"/></net>

<net id="328"><net_src comp="324" pin="1"/><net_sink comp="220" pin=8"/></net>

<net id="332"><net_src comp="98" pin="2"/><net_sink comp="329" pin=0"/></net>

<net id="333"><net_src comp="329" pin="1"/><net_sink comp="220" pin=6"/></net>

<net id="337"><net_src comp="104" pin="2"/><net_sink comp="334" pin=0"/></net>

<net id="338"><net_src comp="334" pin="1"/><net_sink comp="220" pin=4"/></net>

<net id="342"><net_src comp="110" pin="2"/><net_sink comp="339" pin=0"/></net>

<net id="343"><net_src comp="339" pin="1"/><net_sink comp="220" pin=2"/></net>

<net id="347"><net_src comp="116" pin="2"/><net_sink comp="344" pin=0"/></net>

<net id="348"><net_src comp="344" pin="1"/><net_sink comp="220" pin=0"/></net>

<net id="352"><net_src comp="122" pin="2"/><net_sink comp="349" pin=0"/></net>

<net id="353"><net_src comp="349" pin="1"/><net_sink comp="220" pin=14"/></net>

</net_list>

</model> 
---------------- Datapath Model END ------------------

* FSMD analyzer results:
  - Output states:
	Port: out_0 | {5 }
	Port: out_1 | {5 }
	Port: out_2 | {5 }
	Port: out_3 | {5 }
	Port: out_4 | {5 }
	Port: out_5 | {5 }
	Port: out_6 | {5 }
	Port: out_7 | {5 }
 - Input state : 
	Port: maxpool1 : f1_0 | {4 }
	Port: maxpool1 : f1_1 | {4 }
	Port: maxpool1 : f1_2 | {4 }
	Port: maxpool1 : f1_3 | {4 }
	Port: maxpool1 : f1_4 | {4 }
	Port: maxpool1 : f1_5 | {4 }
	Port: maxpool1 : f1_6 | {4 }
	Port: maxpool1 : f1_7 | {4 }
  - Chain level:
	State 1
	State 2
		exitcond2_i : 1
		r : 1
		StgValue_27 : 2
	State 3
		exitcond1_i : 1
		c : 1
		StgValue_34 : 2
	State 4
		exitcond_i : 1
		ch : 1
		StgValue_41 : 2
		tmp : 1
		StgValue_51 : 2
	State 5
		StgValue_71 : 1
		StgValue_73 : 1
		StgValue_75 : 1
		StgValue_77 : 1
		StgValue_79 : 1
		StgValue_81 : 1
		StgValue_83 : 1
		StgValue_85 : 1


============================================================
+ Verbose Summary: Datapath Resource usage 
============================================================

* Functional unit list:
|----------|--------------------------|---------|---------|
| Operation|      Functional Unit     |    FF   |   LUT   |
|----------|--------------------------|---------|---------|
|          |         r_fu_252         |    0    |    15   |
|    add   |         c_fu_264         |    0    |    15   |
|          |         ch_fu_276        |    0    |    13   |
|----------|--------------------------|---------|---------|
|          |    exitcond2_i_fu_246    |    0    |    11   |
|   icmp   |    exitcond1_i_fu_258    |    0    |    11   |
|          |     exitcond_i_fu_270    |    0    |    9    |
|----------|--------------------------|---------|---------|
|          |   f1_6_read_read_fu_80   |    0    |    0    |
|          |   f1_5_read_read_fu_86   |    0    |    0    |
|          |   f1_4_read_read_fu_92   |    0    |    0    |
|   read   |   f1_3_read_read_fu_98   |    0    |    0    |
|          |   f1_2_read_read_fu_104  |    0    |    0    |
|          |   f1_1_read_read_fu_110  |    0    |    0    |
|          |   f1_0_read_read_fu_116  |    0    |    0    |
|          |   f1_7_read_read_fu_122  |    0    |    0    |
|----------|--------------------------|---------|---------|
|          | StgValue_71_write_fu_128 |    0    |    0    |
|          | StgValue_73_write_fu_135 |    0    |    0    |
|          | StgValue_75_write_fu_142 |    0    |    0    |
|   write  | StgValue_77_write_fu_149 |    0    |    0    |
|          | StgValue_79_write_fu_156 |    0    |    0    |
|          | StgValue_81_write_fu_163 |    0    |    0    |
|          | StgValue_83_write_fu_170 |    0    |    0    |
|          | StgValue_85_write_fu_177 |    0    |    0    |
|----------|--------------------------|---------|---------|
|   trunc  |        tmp_fu_282        |    0    |    0    |
|----------|--------------------------|---------|---------|
|   Total  |                          |    0    |    74   |
|----------|--------------------------|---------|---------|

Memories:
N/A

* Register list:
+-----------------+--------+
|                 |   FF   |
+-----------------+--------+
|   c_i_reg_195   |    5   |
|    c_reg_297    |    5   |
|   ch_i_reg_206  |    4   |
|    ch_reg_305   |    4   |
|f1_0_read_reg_344|   32   |
|f1_1_read_reg_339|   32   |
|f1_2_read_reg_334|   32   |
|f1_3_read_reg_329|   32   |
|f1_4_read_reg_324|   32   |
|f1_5_read_reg_319|   32   |
|f1_6_read_reg_314|   32   |
|f1_7_read_reg_349|   32   |
|   r_i_reg_184   |    5   |
|    r_reg_289    |    5   |
|   tmp_reg_310   |    3   |
|    v0_reg_217   |   32   |
+-----------------+--------+
|      Total      |   319  |
+-----------------+--------+

* Multiplexer (MUX) list: 
|--------|------|------|------|--------|
|  Comp  |  Pin | Size |  BW  | S x BW |
|--------|------|------|------|--------|
|  Total |      |      |      |    0   |
|--------|------|------|------|--------|



* Summary:
+-----------+--------+--------+
|           |   FF   |   LUT  |
+-----------+--------+--------+
|  Function |    0   |   74   |
|   Memory  |    -   |    -   |
|Multiplexer|    -   |    -   |
|  Register |   319  |    -   |
+-----------+--------+--------+
|   Total   |   319  |   74   |
+-----------+--------+--------+
