

================================================================
== Vivado HLS Report for 'detection_head'
================================================================
* Date:           Tue Jun  9 11:21:14 2026

* Version:        2018.3 (Build 2405991 on Thu Dec 06 23:56:15 MST 2018)
* Project:        topp
* Solution:       solution4
* Product family: zynq
* Target device:  xc7z020clg484-1


================================================================
== Performance Estimates
================================================================
+ Timing (ns): 
    * Summary: 
    +--------+-------+----------+------------+
    |  Clock | Target| Estimated| Uncertainty|
    +--------+-------+----------+------------+
    |ap_clk  |  10.00|     8.677|        1.25|
    +--------+-------+----------+------------+

+ Latency (clock cycles): 
    * Summary: 
    +-------+-------+-------+-------+---------+
    |    Latency    |    Interval   | Pipeline|
    |  min  |  max  |  min  |  max  |   Type  |
    +-------+-------+-------+-------+---------+
    |  45953|  45953|  45953|  45953|   none  |
    +-------+-------+-------+-------+---------+

    + Detail: 
        * Instance: 
        N/A

        * Loop: 
        +-------------+-------+-------+----------+-----------+-----------+------+----------+
        |             |    Latency    | Iteration|  Initiation Interval  | Trip |          |
        |  Loop Name  |  min  |  max  |  Latency |  achieved |   target  | Count| Pipelined|
        +-------------+-------+-------+----------+-----------+-----------+------+----------+
        |- Loop 1     |  45952|  45952|       718|          -|          -|    64|    no    |
        | + Loop 1.1  |     32|     32|         2|          -|          -|    16|    no    |
        | + Loop 1.2  |    169|    169|        14|          5|          1|    32|    yes   |
        | + Loop 1.3  |    512|    512|        32|          -|          -|    16|    no    |
        +-------------+-------+-------+----------+-----------+-----------+------+----------+



================================================================
== Utilization Estimates
================================================================
* Summary: 
+-----------------+---------+-------+--------+-------+
|       Name      | BRAM_18K| DSP48E|   FF   |  LUT  |
+-----------------+---------+-------+--------+-------+
|DSP              |        -|      -|       -|      -|
|Expression       |        -|      -|       0|    235|
|FIFO             |        -|      -|       -|      -|
|Instance         |        -|     18|    2001|   3864|
|Memory           |        -|      -|       -|      -|
|Multiplexer      |        -|      -|       -|   1499|
|Register         |        0|      -|    4872|     32|
+-----------------+---------+-------+--------+-------+
|Total            |        0|     18|    6873|   5630|
+-----------------+---------+-------+--------+-------+
|Available        |      280|    220|  106400|  53200|
+-----------------+---------+-------+--------+-------+
|Utilization (%)  |        0|      8|       6|     10|
+-----------------+---------+-------+--------+-------+

+ Detail: 
    * Instance: 
    +---------------------------+----------------------+---------+-------+-----+-----+
    |          Instance         |        Module        | BRAM_18K| DSP48E|  FF | LUT |
    +---------------------------+----------------------+---------+-------+-----+-----+
    |topp_fadd_32ns_32bkb_U180  |topp_fadd_32ns_32bkb  |        0|      2|  205|  390|
    |topp_fadd_32ns_32bkb_U181  |topp_fadd_32ns_32bkb  |        0|      2|  205|  390|
    |topp_fadd_32ns_32bkb_U182  |topp_fadd_32ns_32bkb  |        0|      2|  205|  390|
    |topp_fadd_32ns_32bkb_U183  |topp_fadd_32ns_32bkb  |        0|      2|  205|  390|
    |topp_fdiv_32ns_32eOg_U185  |topp_fdiv_32ns_32eOg  |        0|      0|  761|  994|
    |topp_fexp_32ns_32fYi_U186  |topp_fexp_32ns_32fYi  |        0|      7|  277|  924|
    |topp_fmul_32ns_32cud_U184  |topp_fmul_32ns_32cud  |        0|      3|  143|  321|
    |topp_mux_164_32_1_1_U187   |topp_mux_164_32_1_1   |        0|      0|    0|   65|
    +---------------------------+----------------------+---------+-------+-----+-----+
    |Total                      |                      |        0|     18| 2001| 3864|
    +---------------------------+----------------------+---------+-------+-----+-----+

    * DSP48: 
    N/A

    * Memory: 
    N/A

    * FIFO: 
    N/A

    * Expression: 
    +----------------------------------+----------+-------+---+----+------------+------------+
    |           Variable Name          | Operation| DSP48E| FF| LUT| Bitwidth P0| Bitwidth P1|
    +----------------------------------+----------+-------+---+----+------------+------------+
    |c_fu_3406_p2                      |     +    |      0|  0|  13|           4|           1|
    |ic_fu_3337_p2                     |     +    |      0|  0|  15|           6|           1|
    |indvar_flatten_next_fu_3249_p2    |     +    |      0|  0|  15|           7|           1|
    |oc_1_fu_3349_p2                   |     +    |      0|  0|  15|           5|           1|
    |oc_fu_3301_p2                     |     +    |      0|  0|  15|           5|           1|
    |r_fu_3255_p2                      |     +    |      0|  0|  13|           4|           1|
    |tmp_2_fu_3314_p2                  |     +    |      0|  0|  15|           8|           8|
    |tmp_5_fu_3359_p2                  |     +    |      0|  0|  12|          12|          12|
    |ap_block_pp0_stage1_11001         |    and   |      0|  0|   2|           1|           1|
    |ap_condition_1373                 |    and   |      0|  0|   2|           1|           1|
    |ap_predicate_op203_read_state6    |    and   |      0|  0|   2|           1|           1|
    |ap_predicate_op205_read_state6    |    and   |      0|  0|   2|           1|           1|
    |ap_predicate_op207_read_state6    |    and   |      0|  0|   2|           1|           1|
    |ap_predicate_op209_read_state6    |    and   |      0|  0|   2|           1|           1|
    |ap_predicate_op211_read_state6    |    and   |      0|  0|   2|           1|           1|
    |ap_predicate_op213_read_state6    |    and   |      0|  0|   2|           1|           1|
    |ap_predicate_op215_read_state6    |    and   |      0|  0|   2|           1|           1|
    |ap_predicate_op217_read_state6    |    and   |      0|  0|   2|           1|           1|
    |exitcond2_i_fu_3327_p2            |   icmp   |      0|  0|  11|           6|           7|
    |exitcond3_i_fu_3295_p2            |   icmp   |      0|  0|  11|           5|           6|
    |exitcond4_i4_fu_3261_p2           |   icmp   |      0|  0|  11|           4|           5|
    |exitcond_flatten_fu_3243_p2       |   icmp   |      0|  0|  11|           7|           8|
    |exitcond_i_fu_3343_p2             |   icmp   |      0|  0|  11|           5|           6|
    |ap_block_state1                   |    or    |      0|  0|   2|           1|           1|
    |ap_block_state6_pp0_stage1_iter0  |    or    |      0|  0|   2|           1|           1|
    |c_i_mid2_fu_3267_p3               |  select  |      0|  0|   4|           1|           1|
    |tmp_i_mid2_v_fu_3275_p3           |  select  |      0|  0|   4|           1|           4|
    |ap_enable_pp0                     |    xor   |      0|  0|   2|           1|           2|
    |tmp_28_neg_i_fu_3414_p2           |    xor   |      0|  0|  33|          32|          33|
    +----------------------------------+----------+-------+---+----+------------+------------+
    |Total                             |          |      0|  0| 235|         125|         110|
    +----------------------------------+----------+-------+---+----+------------+------------+

    * Multiplexer: 
    +-----------------------------------------+-----+-----------+-----+-----------+
    |                   Name                  | LUT | Input Size| Bits| Total Bits|
    +-----------------------------------------+-----+-----------+-----+-----------+
    |ap_NS_fsm                                |  189|         43|    1|         43|
    |ap_done                                  |    9|          2|    1|          2|
    |ap_enable_reg_pp0_iter1                  |    9|          2|    1|          2|
    |ap_enable_reg_pp0_iter2                  |   15|          3|    1|          3|
    |ap_phi_mux_ic_i_phi_fu_2769_p4           |    9|          2|    6|         12|
    |ap_phi_mux_sum_load_10_i_phi_fu_3055_p4  |    9|          2|   32|         64|
    |ap_phi_mux_sum_load_11_i_phi_fu_3043_p4  |    9|          2|   32|         64|
    |ap_phi_mux_sum_load_1_i_phi_fu_2875_p4   |    9|          2|   32|         64|
    |ap_phi_mux_sum_load_2_i_phi_fu_2863_p4   |    9|          2|   32|         64|
    |ap_phi_mux_sum_load_3_i_phi_fu_2851_p4   |    9|          2|   32|         64|
    |ap_phi_mux_sum_load_4_i_phi_fu_2983_p4   |    9|          2|   32|         64|
    |ap_phi_mux_sum_load_5_i_phi_fu_2971_p4   |    9|          2|   32|         64|
    |ap_phi_mux_sum_load_6_i_phi_fu_2959_p4   |    9|          2|   32|         64|
    |ap_phi_mux_sum_load_7_i_phi_fu_2947_p4   |    9|          2|   32|         64|
    |ap_phi_mux_sum_load_8_i_phi_fu_3079_p4   |    9|          2|   32|         64|
    |ap_phi_mux_sum_load_9_i_phi_fu_3067_p4   |    9|          2|   32|         64|
    |ap_phi_mux_sum_load_i_phi_fu_2887_p4     |    9|          2|   32|         64|
    |ap_phi_reg_pp0_iter0_val_reg_2777        |   41|          8|   32|        256|
    |c_i_reg_599                              |    9|          2|    4|          8|
    |f5_0_blk_n                               |    9|          2|    1|          2|
    |f5_1_blk_n                               |    9|          2|    1|          2|
    |f5_2_blk_n                               |    9|          2|    1|          2|
    |f5_3_blk_n                               |    9|          2|    1|          2|
    |f5_4_blk_n                               |    9|          2|    1|          2|
    |f5_5_blk_n                               |    9|          2|    1|          2|
    |f5_6_blk_n                               |    9|          2|    1|          2|
    |f5_7_blk_n                               |    9|          2|    1|          2|
    |grp_fu_3194_p0                           |   33|          6|   32|        192|
    |grp_fu_3194_p1                           |   15|          3|   32|         96|
    |grp_fu_3199_p0                           |   27|          5|   32|        160|
    |grp_fu_3204_p0                           |   27|          5|   32|        160|
    |grp_fu_3209_p0                           |   27|          5|   32|        160|
    |ic_i_reg_2765                            |    9|          2|    6|         12|
    |indvar_flatten_reg_193                   |    9|          2|    7|         14|
    |oc_2_i_reg_3183                          |    9|          2|    5|         10|
    |oc_i_reg_962                             |    9|          2|    5|         10|
    |r_i_reg_204                              |    9|          2|    4|          8|
    |sum_0_2_be_reg_1813                      |    9|          2|   32|         64|
    |sum_0_2_reg_775                          |    9|          2|   32|         64|
    |sum_0_4_reg_2835                         |    9|          2|   32|         64|
    |sum_10_2_be_reg_1253                     |    9|          2|   32|         64|
    |sum_10_2_reg_665                         |    9|          2|   32|         64|
    |sum_10_4_reg_3003                        |    9|          2|   32|         64|
    |sum_11_2_be_reg_1197                     |    9|          2|   32|         64|
    |sum_11_2_reg_654                         |    9|          2|   32|         64|
    |sum_11_4_reg_2991                        |    9|          2|   32|         64|
    |sum_12_2_be_reg_1141                     |    9|          2|   32|         64|
    |sum_12_2_reg_643                         |    9|          2|   32|         64|
    |sum_12_4_reg_3123                        |    9|          2|   32|         64|
    |sum_13_2_be_reg_1085                     |    9|          2|   32|         64|
    |sum_13_2_reg_632                         |    9|          2|   32|         64|
    |sum_13_4_reg_3111                        |    9|          2|   32|         64|
    |sum_14_2_be_reg_1029                     |    9|          2|   32|         64|
    |sum_14_2_reg_621                         |    9|          2|   32|         64|
    |sum_14_4_reg_3099                        |    9|          2|   32|         64|
    |sum_15_2_be_reg_973                      |    9|          2|   32|         64|
    |sum_15_2_reg_610                         |    9|          2|   32|         64|
    |sum_15_4_reg_3087                        |    9|          2|   32|         64|
    |sum_1_2_be_reg_1757                      |    9|          2|   32|         64|
    |sum_1_2_reg_764                          |    9|          2|   32|         64|
    |sum_1_4_reg_2823                         |    9|          2|   32|         64|
    |sum_2_2_be_reg_1701                      |    9|          2|   32|         64|
    |sum_2_2_reg_753                          |    9|          2|   32|         64|
    |sum_2_4_reg_2811                         |    9|          2|   32|         64|
    |sum_3_2_be_reg_1645                      |    9|          2|   32|         64|
    |sum_3_2_reg_742                          |    9|          2|   32|         64|
    |sum_3_4_reg_2799                         |    9|          2|   32|         64|
    |sum_4_2_be_reg_1589                      |    9|          2|   32|         64|
    |sum_4_2_reg_731                          |    9|          2|   32|         64|
    |sum_4_4_reg_2931                         |    9|          2|   32|         64|
    |sum_5_2_be_reg_1533                      |    9|          2|   32|         64|
    |sum_5_2_reg_720                          |    9|          2|   32|         64|
    |sum_5_4_reg_2919                         |    9|          2|   32|         64|
    |sum_6_2_be_reg_1477                      |    9|          2|   32|         64|
    |sum_6_2_reg_709                          |    9|          2|   32|         64|
    |sum_6_4_reg_2907                         |    9|          2|   32|         64|
    |sum_7_2_be_reg_1421                      |    9|          2|   32|         64|
    |sum_7_2_reg_698                          |    9|          2|   32|         64|
    |sum_7_4_reg_2895                         |    9|          2|   32|         64|
    |sum_8_2_be_reg_1365                      |    9|          2|   32|         64|
    |sum_8_2_reg_687                          |    9|          2|   32|         64|
    |sum_8_4_reg_3027                         |    9|          2|   32|         64|
    |sum_9_2_be_reg_1309                      |    9|          2|   32|         64|
    |sum_9_2_reg_676                          |    9|          2|   32|         64|
    |sum_9_4_reg_3015                         |    9|          2|   32|         64|
    |sum_load_02_i_be_reg_2709                |    9|          2|   32|         64|
    |sum_load_02_i_reg_951                    |    9|          2|   32|         64|
    |sum_load_10_i_reg_3051                   |    9|          2|   32|         64|
    |sum_load_11_i_reg_3039                   |    9|          2|   32|         64|
    |sum_load_12_i_reg_3171                   |    9|          2|   32|         64|
    |sum_load_13_i_reg_3159                   |    9|          2|   32|         64|
    |sum_load_14_i_reg_3147                   |    9|          2|   32|         64|
    |sum_load_15_i_reg_3135                   |    9|          2|   32|         64|
    |sum_load_17_i_be_reg_2653                |    9|          2|   32|         64|
    |sum_load_17_i_reg_940                    |    9|          2|   32|         64|
    |sum_load_1_i_reg_2871                    |    9|          2|   32|         64|
    |sum_load_2_i_reg_2859                    |    9|          2|   32|         64|
    |sum_load_3_i_reg_2847                    |    9|          2|   32|         64|
    |sum_load_47_i_be_reg_1869                |    9|          2|   32|         64|
    |sum_load_47_i_reg_786                    |    9|          2|   32|         64|
    |sum_load_48_i_be_reg_1925                |    9|          2|   32|         64|
    |sum_load_48_i_reg_797                    |    9|          2|   32|         64|
    |sum_load_49_i_be_reg_1981                |    9|          2|   32|         64|
    |sum_load_49_i_reg_808                    |    9|          2|   32|         64|
    |sum_load_4_i_reg_2979                    |    9|          2|   32|         64|
    |sum_load_50_i_be_reg_2037                |    9|          2|   32|         64|
    |sum_load_50_i_reg_819                    |    9|          2|   32|         64|
    |sum_load_51_i_be_reg_2093                |    9|          2|   32|         64|
    |sum_load_51_i_reg_830                    |    9|          2|   32|         64|
    |sum_load_52_i_be_reg_2149                |    9|          2|   32|         64|
    |sum_load_52_i_reg_841                    |    9|          2|   32|         64|
    |sum_load_53_i_be_reg_2205                |    9|          2|   32|         64|
    |sum_load_53_i_reg_852                    |    9|          2|   32|         64|
    |sum_load_54_i_be_reg_2261                |    9|          2|   32|         64|
    |sum_load_54_i_reg_863                    |    9|          2|   32|         64|
    |sum_load_55_i_be_reg_2317                |    9|          2|   32|         64|
    |sum_load_55_i_reg_874                    |    9|          2|   32|         64|
    |sum_load_56_i_be_reg_2373                |    9|          2|   32|         64|
    |sum_load_56_i_reg_885                    |    9|          2|   32|         64|
    |sum_load_57_i_be_reg_2429                |    9|          2|   32|         64|
    |sum_load_57_i_reg_896                    |    9|          2|   32|         64|
    |sum_load_58_i_be_reg_2485                |    9|          2|   32|         64|
    |sum_load_58_i_reg_907                    |    9|          2|   32|         64|
    |sum_load_59_i_be_reg_2541                |    9|          2|   32|         64|
    |sum_load_59_i_reg_918                    |    9|          2|   32|         64|
    |sum_load_5_i_reg_2967                    |    9|          2|   32|         64|
    |sum_load_60_i_be_reg_2597                |    9|          2|   32|         64|
    |sum_load_60_i_reg_929                    |    9|          2|   32|         64|
    |sum_load_6_i_reg_2955                    |    9|          2|   32|         64|
    |sum_load_7_i_reg_2943                    |    9|          2|   32|         64|
    |sum_load_8_i_reg_3075                    |    9|          2|   32|         64|
    |sum_load_9_i_reg_3063                    |    9|          2|   32|         64|
    |sum_load_i_reg_2883                      |    9|          2|   32|         64|
    +-----------------------------------------+-----+-----------+-----+-----------+
    |Total                                    | 1499|        328| 3697|       8076|
    +-----------------------------------------+-----+-----------+-----+-----------+

    * Register: 
    +-----------------------------------+----+----+-----+-----------+
    |                Name               | FF | LUT| Bits| Const Bits|
    +-----------------------------------+----+----+-----+-----------+
    |ap_CS_fsm                          |  42|   0|   42|          0|
    |ap_done_reg                        |   1|   0|    1|          0|
    |ap_enable_reg_pp0_iter0            |   1|   0|    1|          0|
    |ap_enable_reg_pp0_iter1            |   1|   0|    1|          0|
    |ap_enable_reg_pp0_iter2            |   1|   0|    1|          0|
    |ap_phi_reg_pp0_iter0_val_reg_2777  |  32|   0|   32|          0|
    |c_i_mid2_reg_3437                  |   4|   0|    4|          0|
    |c_i_reg_599                        |   4|   0|    4|          0|
    |exitcond2_i_reg_3470               |   1|   0|    1|          0|
    |ic_i_reg_2765                      |   6|   0|    6|          0|
    |ic_reg_3518                        |   6|   0|    6|          0|
    |indvar_flatten_next_reg_3432       |   7|   0|    7|          0|
    |indvar_flatten_reg_193             |   7|   0|    7|          0|
    |oc_1_reg_3630                      |   5|   0|    5|          0|
    |oc_2_i_reg_3183                    |   5|   0|    5|          0|
    |oc_i_reg_962                       |   5|   0|    5|          0|
    |oc_reg_3457                        |   5|   0|    5|          0|
    |r_i_reg_204                        |   4|   0|    4|          0|
    |sum_0_2_be_reg_1813                |  32|   0|   32|          0|
    |sum_0_2_reg_775                    |  32|   0|   32|          0|
    |sum_0_4_reg_2835                   |  32|   0|   32|          0|
    |sum_0_reg_3531                     |  32|   0|   32|          0|
    |sum_0_s_reg_395                    |  32|   0|   32|          0|
    |sum_10_2_be_reg_1253               |  32|   0|   32|          0|
    |sum_10_2_reg_665                   |  32|   0|   32|          0|
    |sum_10_4_reg_3003                  |  32|   0|   32|          0|
    |sum_10_reg_3591                    |  32|   0|   32|          0|
    |sum_10_s_reg_275                   |  32|   0|   32|          0|
    |sum_11_2_be_reg_1197               |  32|   0|   32|          0|
    |sum_11_2_reg_654                   |  32|   0|   32|          0|
    |sum_11_4_reg_2991                  |  32|   0|   32|          0|
    |sum_11_reg_3597                    |  32|   0|   32|          0|
    |sum_11_s_reg_263                   |  32|   0|   32|          0|
    |sum_12_2_be_reg_1141               |  32|   0|   32|          0|
    |sum_12_2_reg_643                   |  32|   0|   32|          0|
    |sum_12_4_reg_3123                  |  32|   0|   32|          0|
    |sum_12_s_reg_251                   |  32|   0|   32|          0|
    |sum_13_2_be_reg_1085               |  32|   0|   32|          0|
    |sum_13_2_reg_632                   |  32|   0|   32|          0|
    |sum_13_4_reg_3111                  |  32|   0|   32|          0|
    |sum_13_s_reg_239                   |  32|   0|   32|          0|
    |sum_14_2_be_reg_1029               |  32|   0|   32|          0|
    |sum_14_2_reg_621                   |  32|   0|   32|          0|
    |sum_14_4_reg_3099                  |  32|   0|   32|          0|
    |sum_14_s_reg_227                   |  32|   0|   32|          0|
    |sum_15_2_be_reg_973                |  32|   0|   32|          0|
    |sum_15_2_reg_610                   |  32|   0|   32|          0|
    |sum_15_4_reg_3087                  |  32|   0|   32|          0|
    |sum_15_s_reg_215                   |  32|   0|   32|          0|
    |sum_1_2_be_reg_1757                |  32|   0|   32|          0|
    |sum_1_2_reg_764                    |  32|   0|   32|          0|
    |sum_1_4_reg_2823                   |  32|   0|   32|          0|
    |sum_1_reg_3537                     |  32|   0|   32|          0|
    |sum_1_s_reg_383                    |  32|   0|   32|          0|
    |sum_2_2_be_reg_1701                |  32|   0|   32|          0|
    |sum_2_2_reg_753                    |  32|   0|   32|          0|
    |sum_2_4_reg_2811                   |  32|   0|   32|          0|
    |sum_2_reg_3543                     |  32|   0|   32|          0|
    |sum_2_s_reg_371                    |  32|   0|   32|          0|
    |sum_3_2_be_reg_1645                |  32|   0|   32|          0|
    |sum_3_2_reg_742                    |  32|   0|   32|          0|
    |sum_3_4_reg_2799                   |  32|   0|   32|          0|
    |sum_3_reg_3549                     |  32|   0|   32|          0|
    |sum_3_s_reg_359                    |  32|   0|   32|          0|
    |sum_4_2_be_reg_1589                |  32|   0|   32|          0|
    |sum_4_2_reg_731                    |  32|   0|   32|          0|
    |sum_4_4_reg_2931                   |  32|   0|   32|          0|
    |sum_4_reg_3555                     |  32|   0|   32|          0|
    |sum_4_s_reg_347                    |  32|   0|   32|          0|
    |sum_5_2_be_reg_1533                |  32|   0|   32|          0|
    |sum_5_2_reg_720                    |  32|   0|   32|          0|
    |sum_5_4_reg_2919                   |  32|   0|   32|          0|
    |sum_5_reg_3561                     |  32|   0|   32|          0|
    |sum_5_s_reg_335                    |  32|   0|   32|          0|
    |sum_6_2_be_reg_1477                |  32|   0|   32|          0|
    |sum_6_2_reg_709                    |  32|   0|   32|          0|
    |sum_6_4_reg_2907                   |  32|   0|   32|          0|
    |sum_6_reg_3567                     |  32|   0|   32|          0|
    |sum_6_s_reg_323                    |  32|   0|   32|          0|
    |sum_7_2_be_reg_1421                |  32|   0|   32|          0|
    |sum_7_2_reg_698                    |  32|   0|   32|          0|
    |sum_7_4_reg_2895                   |  32|   0|   32|          0|
    |sum_7_reg_3573                     |  32|   0|   32|          0|
    |sum_7_s_reg_311                    |  32|   0|   32|          0|
    |sum_8_2_be_reg_1365                |  32|   0|   32|          0|
    |sum_8_2_reg_687                    |  32|   0|   32|          0|
    |sum_8_4_reg_3027                   |  32|   0|   32|          0|
    |sum_8_reg_3579                     |  32|   0|   32|          0|
    |sum_8_s_reg_299                    |  32|   0|   32|          0|
    |sum_9_2_be_reg_1309                |  32|   0|   32|          0|
    |sum_9_2_reg_676                    |  32|   0|   32|          0|
    |sum_9_4_reg_3015                   |  32|   0|   32|          0|
    |sum_9_reg_3585                     |  32|   0|   32|          0|
    |sum_9_s_reg_287                    |  32|   0|   32|          0|
    |sum_load_02_i_be_reg_2709          |  32|   0|   32|          0|
    |sum_load_02_i_reg_951              |  32|   0|   32|          0|
    |sum_load_04_i_reg_587              |  32|   0|   32|          0|
    |sum_load_10_i_reg_3051             |  32|   0|   32|          0|
    |sum_load_11_i_reg_3039             |  32|   0|   32|          0|
    |sum_load_12_i_reg_3171             |  32|   0|   32|          0|
    |sum_load_13_i_reg_3159             |  32|   0|   32|          0|
    |sum_load_14_i_reg_3147             |  32|   0|   32|          0|
    |sum_load_15_i_reg_3135             |  32|   0|   32|          0|
    |sum_load_17_i_be_reg_2653          |  32|   0|   32|          0|
    |sum_load_17_i_reg_940              |  32|   0|   32|          0|
    |sum_load_19_i_reg_575              |  32|   0|   32|          0|
    |sum_load_1_i_reg_2871              |  32|   0|   32|          0|
    |sum_load_2_i_reg_2859              |  32|   0|   32|          0|
    |sum_load_33_i_reg_407              |  32|   0|   32|          0|
    |sum_load_34_i_reg_419              |  32|   0|   32|          0|
    |sum_load_35_i_reg_431              |  32|   0|   32|          0|
    |sum_load_36_i_reg_443              |  32|   0|   32|          0|
    |sum_load_37_i_reg_455              |  32|   0|   32|          0|
    |sum_load_38_i_reg_467              |  32|   0|   32|          0|
    |sum_load_39_i_reg_479              |  32|   0|   32|          0|
    |sum_load_3_i_reg_2847              |  32|   0|   32|          0|
    |sum_load_40_i_reg_491              |  32|   0|   32|          0|
    |sum_load_41_i_reg_503              |  32|   0|   32|          0|
    |sum_load_42_i_reg_515              |  32|   0|   32|          0|
    |sum_load_43_i_reg_527              |  32|   0|   32|          0|
    |sum_load_44_i_reg_539              |  32|   0|   32|          0|
    |sum_load_45_i_reg_551              |  32|   0|   32|          0|
    |sum_load_46_i_reg_563              |  32|   0|   32|          0|
    |sum_load_47_i_be_reg_1869          |  32|   0|   32|          0|
    |sum_load_47_i_reg_786              |  32|   0|   32|          0|
    |sum_load_48_i_be_reg_1925          |  32|   0|   32|          0|
    |sum_load_48_i_reg_797              |  32|   0|   32|          0|
    |sum_load_49_i_be_reg_1981          |  32|   0|   32|          0|
    |sum_load_49_i_reg_808              |  32|   0|   32|          0|
    |sum_load_4_i_reg_2979              |  32|   0|   32|          0|
    |sum_load_50_i_be_reg_2037          |  32|   0|   32|          0|
    |sum_load_50_i_reg_819              |  32|   0|   32|          0|
    |sum_load_51_i_be_reg_2093          |  32|   0|   32|          0|
    |sum_load_51_i_reg_830              |  32|   0|   32|          0|
    |sum_load_52_i_be_reg_2149          |  32|   0|   32|          0|
    |sum_load_52_i_reg_841              |  32|   0|   32|          0|
    |sum_load_53_i_be_reg_2205          |  32|   0|   32|          0|
    |sum_load_53_i_reg_852              |  32|   0|   32|          0|
    |sum_load_54_i_be_reg_2261          |  32|   0|   32|          0|
    |sum_load_54_i_reg_863              |  32|   0|   32|          0|
    |sum_load_55_i_be_reg_2317          |  32|   0|   32|          0|
    |sum_load_55_i_reg_874              |  32|   0|   32|          0|
    |sum_load_56_i_be_reg_2373          |  32|   0|   32|          0|
    |sum_load_56_i_reg_885              |  32|   0|   32|          0|
    |sum_load_57_i_be_reg_2429          |  32|   0|   32|          0|
    |sum_load_57_i_reg_896              |  32|   0|   32|          0|
    |sum_load_58_i_be_reg_2485          |  32|   0|   32|          0|
    |sum_load_58_i_reg_907              |  32|   0|   32|          0|
    |sum_load_59_i_be_reg_2541          |  32|   0|   32|          0|
    |sum_load_59_i_reg_918              |  32|   0|   32|          0|
    |sum_load_5_i_reg_2967              |  32|   0|   32|          0|
    |sum_load_60_i_be_reg_2597          |  32|   0|   32|          0|
    |sum_load_60_i_reg_929              |  32|   0|   32|          0|
    |sum_load_6_i_reg_2955              |  32|   0|   32|          0|
    |sum_load_7_i_reg_2943              |  32|   0|   32|          0|
    |sum_load_8_i_reg_3075              |  32|   0|   32|          0|
    |sum_load_9_i_reg_3063              |  32|   0|   32|          0|
    |sum_load_i_reg_2883                |  32|   0|   32|          0|
    |tmp_10_i_reg_3665                  |  32|   0|   32|          0|
    |tmp_1_cast_reg_3448                |   4|   0|    8|          4|
    |tmp_33_i_reg_3523                  |  32|   0|   32|          0|
    |tmp_45_reg_3474                    |   3|   0|    3|          0|
    |tmp_4_cast_reg_3465                |   8|   0|   12|          4|
    |tmp_5_reg_3635                     |  12|   0|   12|          0|
    |tmp_8_i_reg_3655                   |  32|   0|   32|          0|
    |tmp_9_i_reg_3660                   |  32|   0|   32|          0|
    |tmp_i_mid2_v_reg_3443              |   4|   0|    4|          0|
    |x_assign_reg_3640                  |  32|   0|   32|          0|
    |exitcond2_i_reg_3470               |  64|  32|    1|          0|
    +-----------------------------------+----+----+-----+-----------+
    |Total                              |4872|  32| 4817|          8|
    +-----------------------------------+----+----+-----+-----------+



================================================================
== Interface
================================================================
* Summary: 
+----------------+-----+-----+------------+----------------+--------------+
|    RTL Ports   | Dir | Bits|  Protocol  |  Source Object |    C Type    |
+----------------+-----+-----+------------+----------------+--------------+
|ap_clk          |  in |    1| ap_ctrl_hs | detection_head | return value |
|ap_rst          |  in |    1| ap_ctrl_hs | detection_head | return value |
|ap_start        |  in |    1| ap_ctrl_hs | detection_head | return value |
|ap_done         | out |    1| ap_ctrl_hs | detection_head | return value |
|ap_continue     |  in |    1| ap_ctrl_hs | detection_head | return value |
|ap_idle         | out |    1| ap_ctrl_hs | detection_head | return value |
|ap_ready        | out |    1| ap_ctrl_hs | detection_head | return value |
|out_r_address0  | out |   10|  ap_memory |      out_r     |     array    |
|out_r_ce0       | out |    1|  ap_memory |      out_r     |     array    |
|out_r_we0       | out |    1|  ap_memory |      out_r     |     array    |
|out_r_d0        | out |   32|  ap_memory |      out_r     |     array    |
|f5_0_dout       |  in |   32|   ap_fifo  |      f5_0      |    pointer   |
|f5_0_empty_n    |  in |    1|   ap_fifo  |      f5_0      |    pointer   |
|f5_0_read       | out |    1|   ap_fifo  |      f5_0      |    pointer   |
|f5_1_dout       |  in |   32|   ap_fifo  |      f5_1      |    pointer   |
|f5_1_empty_n    |  in |    1|   ap_fifo  |      f5_1      |    pointer   |
|f5_1_read       | out |    1|   ap_fifo  |      f5_1      |    pointer   |
|f5_2_dout       |  in |   32|   ap_fifo  |      f5_2      |    pointer   |
|f5_2_empty_n    |  in |    1|   ap_fifo  |      f5_2      |    pointer   |
|f5_2_read       | out |    1|   ap_fifo  |      f5_2      |    pointer   |
|f5_3_dout       |  in |   32|   ap_fifo  |      f5_3      |    pointer   |
|f5_3_empty_n    |  in |    1|   ap_fifo  |      f5_3      |    pointer   |
|f5_3_read       | out |    1|   ap_fifo  |      f5_3      |    pointer   |
|f5_4_dout       |  in |   32|   ap_fifo  |      f5_4      |    pointer   |
|f5_4_empty_n    |  in |    1|   ap_fifo  |      f5_4      |    pointer   |
|f5_4_read       | out |    1|   ap_fifo  |      f5_4      |    pointer   |
|f5_5_dout       |  in |   32|   ap_fifo  |      f5_5      |    pointer   |
|f5_5_empty_n    |  in |    1|   ap_fifo  |      f5_5      |    pointer   |
|f5_5_read       | out |    1|   ap_fifo  |      f5_5      |    pointer   |
|f5_6_dout       |  in |   32|   ap_fifo  |      f5_6      |    pointer   |
|f5_6_empty_n    |  in |    1|   ap_fifo  |      f5_6      |    pointer   |
|f5_6_read       | out |    1|   ap_fifo  |      f5_6      |    pointer   |
|f5_7_dout       |  in |   32|   ap_fifo  |      f5_7      |    pointer   |
|f5_7_empty_n    |  in |    1|   ap_fifo  |      f5_7      |    pointer   |
|f5_7_read       | out |    1|   ap_fifo  |      f5_7      |    pointer   |
+----------------+-----+-----+------------+----------------+--------------+

