

================================================================
== Vivado HLS Report for 'maxpool2'
================================================================
* Date:           Tue Jun  9 11:21:08 2026

* Version:        2018.3 (Build 2405991 on Thu Dec 06 23:56:15 MST 2018)
* Project:        topp
* Solution:       solution4
* Product family: zynq
* Target device:  xc7z020clg484-1


================================================================
== Performance Estimates
================================================================
+ Timing (ns): 
    * Summary: 
    +--------+-------+----------+------------+
    |  Clock | Target| Estimated| Uncertainty|
    +--------+-------+----------+------------+
    |ap_clk  |  10.00|     3.634|        1.25|
    +--------+-------+----------+------------+

+ Latency (clock cycles): 
    * Summary: 
    +------+------+------+------+---------+
    |   Latency   |   Interval  | Pipeline|
    |  min |  max |  min |  max |   Type  |
    +------+------+------+------+---------+
    |  9395|  9395|  9395|  9395|   none  |
    +------+------+------+------+---------+

    + Detail: 
        * Instance: 
        N/A

        * Loop: 
        +--------------+------+------+----------+-----------+-----------+------+----------+
        |              |   Latency   | Iteration|  Initiation Interval  | Trip |          |
        |   Loop Name  |  min |  max |  Latency |  achieved |   target  | Count| Pipelined|
        +--------------+------+------+----------+-----------+-----------+------+----------+
        |- Loop 1      |  9394|  9394|       671|          -|          -|    14|    no    |
        | + Loop 1.1   |    48|    48|         3|          -|          -|    16|    no    |
        | + Loop 1.2   |    48|    48|         3|          -|          -|    16|    no    |
        | + Loop 1.3   |    48|    48|         3|          -|          -|    16|    no    |
        | + Loop 1.4   |    48|    48|         3|          -|          -|    16|    no    |
        | + Loop 1.5   |    48|    48|         3|          -|          -|    16|    no    |
        | + Loop 1.6   |    48|    48|         3|          -|          -|    16|    no    |
        | + Loop 1.7   |    48|    48|         3|          -|          -|    16|    no    |
        | + Loop 1.8   |    48|    48|         3|          -|          -|    16|    no    |
        | + Loop 1.9   |    48|    48|         3|          -|          -|    16|    no    |
        | + Loop 1.10  |    48|    48|         3|          -|          -|    16|    no    |
        | + Loop 1.11  |    48|    48|         3|          -|          -|    16|    no    |
        | + Loop 1.12  |    48|    48|         3|          -|          -|    16|    no    |
        | + Loop 1.13  |    48|    48|         3|          -|          -|    16|    no    |
        | + Loop 1.14  |    32|    32|         2|          -|          -|    16|    no    |
        +--------------+------+------+----------+-----------+-----------+------+----------+



================================================================
== Utilization Estimates
================================================================
* Summary: 
+-----------------+---------+-------+--------+-------+
|       Name      | BRAM_18K| DSP48E|   FF   |  LUT  |
+-----------------+---------+-------+--------+-------+
|DSP              |        -|      -|       -|      -|
|Expression       |        -|      -|       0|    696|
|FIFO             |        -|      -|       -|      -|
|Instance         |        -|      -|       -|      -|
|Memory           |        -|      -|       -|      -|
|Multiplexer      |        -|      -|       -|   1560|
|Register         |        -|      -|     683|      -|
+-----------------+---------+-------+--------+-------+
|Total            |        0|      0|     683|   2256|
+-----------------+---------+-------+--------+-------+
|Available        |      280|    220|  106400|  53200|
+-----------------+---------+-------+--------+-------+
|Utilization (%)  |        0|      0|   ~0   |      4|
+-----------------+---------+-------+--------+-------+

+ Detail: 
    * Instance: 
    N/A

    * DSP48: 
    N/A

    * Memory: 
    N/A

    * FIFO: 
    N/A

    * Expression: 
    +---------------------------------+----------+-------+---+----+------------+------------+
    |          Variable Name          | Operation| DSP48E| FF| LUT| Bitwidth P0| Bitwidth P1|
    +---------------------------------+----------+-------+---+----+------------+------------+
    |ch_1_10_i_fu_955_p2              |     +    |      0|  0|  15|           5|           1|
    |ch_1_11_i_fu_971_p2              |     +    |      0|  0|  15|           5|           1|
    |ch_1_12_i_fu_987_p2              |     +    |      0|  0|  15|           5|           1|
    |ch_1_1_i_fu_795_p2               |     +    |      0|  0|  15|           5|           1|
    |ch_1_2_i_fu_811_p2               |     +    |      0|  0|  15|           5|           1|
    |ch_1_3_i_fu_827_p2               |     +    |      0|  0|  15|           5|           1|
    |ch_1_4_i_fu_843_p2               |     +    |      0|  0|  15|           5|           1|
    |ch_1_5_i_fu_859_p2               |     +    |      0|  0|  15|           5|           1|
    |ch_1_6_i_fu_875_p2               |     +    |      0|  0|  15|           5|           1|
    |ch_1_7_i_fu_891_p2               |     +    |      0|  0|  15|           5|           1|
    |ch_1_8_i_fu_907_p2               |     +    |      0|  0|  15|           5|           1|
    |ch_1_9_i_fu_923_p2               |     +    |      0|  0|  15|           5|           1|
    |ch_1_i_357_fu_939_p2             |     +    |      0|  0|  15|           5|           1|
    |ch_1_i_fu_779_p2                 |     +    |      0|  0|  15|           5|           1|
    |r_fu_767_p2                      |     +    |      0|  0|  13|           4|           1|
    |ap_condition_1183                |    and   |      0|  0|   2|           1|           1|
    |ap_condition_1244                |    and   |      0|  0|   2|           1|           1|
    |ap_condition_1297                |    and   |      0|  0|   2|           1|           1|
    |ap_condition_1350                |    and   |      0|  0|   2|           1|           1|
    |ap_condition_1403                |    and   |      0|  0|   2|           1|           1|
    |ap_condition_1456                |    and   |      0|  0|   2|           1|           1|
    |ap_condition_1509                |    and   |      0|  0|   2|           1|           1|
    |ap_condition_1562                |    and   |      0|  0|   2|           1|           1|
    |ap_condition_1615                |    and   |      0|  0|   2|           1|           1|
    |ap_condition_1668                |    and   |      0|  0|   2|           1|           1|
    |ap_condition_1721                |    and   |      0|  0|   2|           1|           1|
    |ap_condition_1774                |    and   |      0|  0|   2|           1|           1|
    |ap_condition_1827                |    and   |      0|  0|   2|           1|           1|
    |ap_condition_1880                |    and   |      0|  0|   2|           1|           1|
    |ap_predicate_op137_read_state6   |    and   |      0|  0|   2|           1|           1|
    |ap_predicate_op139_read_state6   |    and   |      0|  0|   2|           1|           1|
    |ap_predicate_op141_read_state6   |    and   |      0|  0|   2|           1|           1|
    |ap_predicate_op143_read_state6   |    and   |      0|  0|   2|           1|           1|
    |ap_predicate_op145_read_state6   |    and   |      0|  0|   2|           1|           1|
    |ap_predicate_op147_read_state6   |    and   |      0|  0|   2|           1|           1|
    |ap_predicate_op149_read_state6   |    and   |      0|  0|   2|           1|           1|
    |ap_predicate_op151_read_state6   |    and   |      0|  0|   2|           1|           1|
    |ap_predicate_op190_read_state9   |    and   |      0|  0|   2|           1|           1|
    |ap_predicate_op192_read_state9   |    and   |      0|  0|   2|           1|           1|
    |ap_predicate_op194_read_state9   |    and   |      0|  0|   2|           1|           1|
    |ap_predicate_op196_read_state9   |    and   |      0|  0|   2|           1|           1|
    |ap_predicate_op198_read_state9   |    and   |      0|  0|   2|           1|           1|
    |ap_predicate_op200_read_state9   |    and   |      0|  0|   2|           1|           1|
    |ap_predicate_op202_read_state9   |    and   |      0|  0|   2|           1|           1|
    |ap_predicate_op204_read_state9   |    and   |      0|  0|   2|           1|           1|
    |ap_predicate_op243_read_state12  |    and   |      0|  0|   2|           1|           1|
    |ap_predicate_op245_read_state12  |    and   |      0|  0|   2|           1|           1|
    |ap_predicate_op247_read_state12  |    and   |      0|  0|   2|           1|           1|
    |ap_predicate_op249_read_state12  |    and   |      0|  0|   2|           1|           1|
    |ap_predicate_op251_read_state12  |    and   |      0|  0|   2|           1|           1|
    |ap_predicate_op253_read_state12  |    and   |      0|  0|   2|           1|           1|
    |ap_predicate_op255_read_state12  |    and   |      0|  0|   2|           1|           1|
    |ap_predicate_op257_read_state12  |    and   |      0|  0|   2|           1|           1|
    |ap_predicate_op296_read_state15  |    and   |      0|  0|   2|           1|           1|
    |ap_predicate_op298_read_state15  |    and   |      0|  0|   2|           1|           1|
    |ap_predicate_op300_read_state15  |    and   |      0|  0|   2|           1|           1|
    |ap_predicate_op302_read_state15  |    and   |      0|  0|   2|           1|           1|
    |ap_predicate_op304_read_state15  |    and   |      0|  0|   2|           1|           1|
    |ap_predicate_op306_read_state15  |    and   |      0|  0|   2|           1|           1|
    |ap_predicate_op308_read_state15  |    and   |      0|  0|   2|           1|           1|
    |ap_predicate_op310_read_state15  |    and   |      0|  0|   2|           1|           1|
    |ap_predicate_op349_read_state18  |    and   |      0|  0|   2|           1|           1|
    |ap_predicate_op351_read_state18  |    and   |      0|  0|   2|           1|           1|
    |ap_predicate_op353_read_state18  |    and   |      0|  0|   2|           1|           1|
    |ap_predicate_op355_read_state18  |    and   |      0|  0|   2|           1|           1|
    |ap_predicate_op357_read_state18  |    and   |      0|  0|   2|           1|           1|
    |ap_predicate_op359_read_state18  |    and   |      0|  0|   2|           1|           1|
    |ap_predicate_op361_read_state18  |    and   |      0|  0|   2|           1|           1|
    |ap_predicate_op363_read_state18  |    and   |      0|  0|   2|           1|           1|
    |ap_predicate_op402_read_state21  |    and   |      0|  0|   2|           1|           1|
    |ap_predicate_op404_read_state21  |    and   |      0|  0|   2|           1|           1|
    |ap_predicate_op406_read_state21  |    and   |      0|  0|   2|           1|           1|
    |ap_predicate_op408_read_state21  |    and   |      0|  0|   2|           1|           1|
    |ap_predicate_op410_read_state21  |    and   |      0|  0|   2|           1|           1|
    |ap_predicate_op412_read_state21  |    and   |      0|  0|   2|           1|           1|
    |ap_predicate_op414_read_state21  |    and   |      0|  0|   2|           1|           1|
    |ap_predicate_op416_read_state21  |    and   |      0|  0|   2|           1|           1|
    |ap_predicate_op455_read_state24  |    and   |      0|  0|   2|           1|           1|
    |ap_predicate_op457_read_state24  |    and   |      0|  0|   2|           1|           1|
    |ap_predicate_op459_read_state24  |    and   |      0|  0|   2|           1|           1|
    |ap_predicate_op461_read_state24  |    and   |      0|  0|   2|           1|           1|
    |ap_predicate_op463_read_state24  |    and   |      0|  0|   2|           1|           1|
    |ap_predicate_op465_read_state24  |    and   |      0|  0|   2|           1|           1|
    |ap_predicate_op467_read_state24  |    and   |      0|  0|   2|           1|           1|
    |ap_predicate_op469_read_state24  |    and   |      0|  0|   2|           1|           1|
    |ap_predicate_op508_read_state27  |    and   |      0|  0|   2|           1|           1|
    |ap_predicate_op510_read_state27  |    and   |      0|  0|   2|           1|           1|
    |ap_predicate_op512_read_state27  |    and   |      0|  0|   2|           1|           1|
    |ap_predicate_op514_read_state27  |    and   |      0|  0|   2|           1|           1|
    |ap_predicate_op516_read_state27  |    and   |      0|  0|   2|           1|           1|
    |ap_predicate_op518_read_state27  |    and   |      0|  0|   2|           1|           1|
    |ap_predicate_op520_read_state27  |    and   |      0|  0|   2|           1|           1|
    |ap_predicate_op522_read_state27  |    and   |      0|  0|   2|           1|           1|
    |ap_predicate_op561_read_state30  |    and   |      0|  0|   2|           1|           1|
    |ap_predicate_op563_read_state30  |    and   |      0|  0|   2|           1|           1|
    |ap_predicate_op565_read_state30  |    and   |      0|  0|   2|           1|           1|
    |ap_predicate_op567_read_state30  |    and   |      0|  0|   2|           1|           1|
    |ap_predicate_op569_read_state30  |    and   |      0|  0|   2|           1|           1|
    |ap_predicate_op571_read_state30  |    and   |      0|  0|   2|           1|           1|
    |ap_predicate_op573_read_state30  |    and   |      0|  0|   2|           1|           1|
    |ap_predicate_op575_read_state30  |    and   |      0|  0|   2|           1|           1|
    |ap_predicate_op614_read_state33  |    and   |      0|  0|   2|           1|           1|
    |ap_predicate_op616_read_state33  |    and   |      0|  0|   2|           1|           1|
    |ap_predicate_op618_read_state33  |    and   |      0|  0|   2|           1|           1|
    |ap_predicate_op620_read_state33  |    and   |      0|  0|   2|           1|           1|
    |ap_predicate_op622_read_state33  |    and   |      0|  0|   2|           1|           1|
    |ap_predicate_op624_read_state33  |    and   |      0|  0|   2|           1|           1|
    |ap_predicate_op626_read_state33  |    and   |      0|  0|   2|           1|           1|
    |ap_predicate_op628_read_state33  |    and   |      0|  0|   2|           1|           1|
    |ap_predicate_op667_read_state36  |    and   |      0|  0|   2|           1|           1|
    |ap_predicate_op669_read_state36  |    and   |      0|  0|   2|           1|           1|
    |ap_predicate_op671_read_state36  |    and   |      0|  0|   2|           1|           1|
    |ap_predicate_op673_read_state36  |    and   |      0|  0|   2|           1|           1|
    |ap_predicate_op675_read_state36  |    and   |      0|  0|   2|           1|           1|
    |ap_predicate_op677_read_state36  |    and   |      0|  0|   2|           1|           1|
    |ap_predicate_op679_read_state36  |    and   |      0|  0|   2|           1|           1|
    |ap_predicate_op681_read_state36  |    and   |      0|  0|   2|           1|           1|
    |ap_predicate_op720_read_state39  |    and   |      0|  0|   2|           1|           1|
    |ap_predicate_op722_read_state39  |    and   |      0|  0|   2|           1|           1|
    |ap_predicate_op724_read_state39  |    and   |      0|  0|   2|           1|           1|
    |ap_predicate_op726_read_state39  |    and   |      0|  0|   2|           1|           1|
    |ap_predicate_op728_read_state39  |    and   |      0|  0|   2|           1|           1|
    |ap_predicate_op730_read_state39  |    and   |      0|  0|   2|           1|           1|
    |ap_predicate_op732_read_state39  |    and   |      0|  0|   2|           1|           1|
    |ap_predicate_op734_read_state39  |    and   |      0|  0|   2|           1|           1|
    |ap_predicate_op773_read_state42  |    and   |      0|  0|   2|           1|           1|
    |ap_predicate_op775_read_state42  |    and   |      0|  0|   2|           1|           1|
    |ap_predicate_op777_read_state42  |    and   |      0|  0|   2|           1|           1|
    |ap_predicate_op779_read_state42  |    and   |      0|  0|   2|           1|           1|
    |ap_predicate_op781_read_state42  |    and   |      0|  0|   2|           1|           1|
    |ap_predicate_op783_read_state42  |    and   |      0|  0|   2|           1|           1|
    |ap_predicate_op785_read_state42  |    and   |      0|  0|   2|           1|           1|
    |ap_predicate_op787_read_state42  |    and   |      0|  0|   2|           1|           1|
    |ap_predicate_op84_read_state3    |    and   |      0|  0|   2|           1|           1|
    |ap_predicate_op86_read_state3    |    and   |      0|  0|   2|           1|           1|
    |ap_predicate_op88_read_state3    |    and   |      0|  0|   2|           1|           1|
    |ap_predicate_op90_read_state3    |    and   |      0|  0|   2|           1|           1|
    |ap_predicate_op92_read_state3    |    and   |      0|  0|   2|           1|           1|
    |ap_predicate_op94_read_state3    |    and   |      0|  0|   2|           1|           1|
    |ap_predicate_op96_read_state3    |    and   |      0|  0|   2|           1|           1|
    |ap_predicate_op98_read_state3    |    and   |      0|  0|   2|           1|           1|
    |exitcond2_i_fu_761_p2            |   icmp   |      0|  0|   9|           4|           3|
    |exitcond_10_i_fu_949_p2          |   icmp   |      0|  0|  11|           5|           6|
    |exitcond_11_i_fu_965_p2          |   icmp   |      0|  0|  11|           5|           6|
    |exitcond_12_i_fu_981_p2          |   icmp   |      0|  0|  11|           5|           6|
    |exitcond_1_i_fu_789_p2           |   icmp   |      0|  0|  11|           5|           6|
    |exitcond_2_i_fu_805_p2           |   icmp   |      0|  0|  11|           5|           6|
    |exitcond_3_i_fu_821_p2           |   icmp   |      0|  0|  11|           5|           6|
    |exitcond_4_i_fu_837_p2           |   icmp   |      0|  0|  11|           5|           6|
    |exitcond_5_i_fu_853_p2           |   icmp   |      0|  0|  11|           5|           6|
    |exitcond_6_i_fu_869_p2           |   icmp   |      0|  0|  11|           5|           6|
    |exitcond_7_i_fu_885_p2           |   icmp   |      0|  0|  11|           5|           6|
    |exitcond_8_i_fu_901_p2           |   icmp   |      0|  0|  11|           5|           6|
    |exitcond_9_i_fu_917_p2           |   icmp   |      0|  0|  11|           5|           6|
    |exitcond_i_355_fu_933_p2         |   icmp   |      0|  0|  11|           5|           6|
    |exitcond_i_fu_773_p2             |   icmp   |      0|  0|  11|           5|           6|
    |ap_block_state1                  |    or    |      0|  0|   2|           1|           1|
    |ap_block_state10                 |    or    |      0|  0|   2|           1|           1|
    |ap_block_state12                 |    or    |      0|  0|   2|           1|           1|
    |ap_block_state13                 |    or    |      0|  0|   2|           1|           1|
    |ap_block_state15                 |    or    |      0|  0|   2|           1|           1|
    |ap_block_state16                 |    or    |      0|  0|   2|           1|           1|
    |ap_block_state18                 |    or    |      0|  0|   2|           1|           1|
    |ap_block_state19                 |    or    |      0|  0|   2|           1|           1|
    |ap_block_state21                 |    or    |      0|  0|   2|           1|           1|
    |ap_block_state22                 |    or    |      0|  0|   2|           1|           1|
    |ap_block_state24                 |    or    |      0|  0|   2|           1|           1|
    |ap_block_state25                 |    or    |      0|  0|   2|           1|           1|
    |ap_block_state27                 |    or    |      0|  0|   2|           1|           1|
    |ap_block_state28                 |    or    |      0|  0|   2|           1|           1|
    |ap_block_state3                  |    or    |      0|  0|   2|           1|           1|
    |ap_block_state30                 |    or    |      0|  0|   2|           1|           1|
    |ap_block_state31                 |    or    |      0|  0|   2|           1|           1|
    |ap_block_state33                 |    or    |      0|  0|   2|           1|           1|
    |ap_block_state34                 |    or    |      0|  0|   2|           1|           1|
    |ap_block_state36                 |    or    |      0|  0|   2|           1|           1|
    |ap_block_state37                 |    or    |      0|  0|   2|           1|           1|
    |ap_block_state39                 |    or    |      0|  0|   2|           1|           1|
    |ap_block_state4                  |    or    |      0|  0|   2|           1|           1|
    |ap_block_state40                 |    or    |      0|  0|   2|           1|           1|
    |ap_block_state42                 |    or    |      0|  0|   2|           1|           1|
    |ap_block_state43                 |    or    |      0|  0|   2|           1|           1|
    |ap_block_state6                  |    or    |      0|  0|   2|           1|           1|
    |ap_block_state7                  |    or    |      0|  0|   2|           1|           1|
    |ap_block_state9                  |    or    |      0|  0|   2|           1|           1|
    +---------------------------------+----------+-------+---+----+------------+------------+
    |Total                            |          |      0|  0| 696|         303|         257|
    +---------------------------------+----------+-------+---+----+------------+------------+

    * Multiplexer: 
    +-----------------------------+-----+-----------+-----+-----------+
    |             Name            | LUT | Input Size| Bits| Total Bits|
    +-----------------------------+-----+-----------+-----+-----------+
    |UnifiedRetVal_i_i10_reg_572  |   41|          8|   32|        256|
    |UnifiedRetVal_i_i11_reg_612  |   41|          8|   32|        256|
    |UnifiedRetVal_i_i12_reg_652  |   41|          8|   32|        256|
    |UnifiedRetVal_i_i13_reg_692  |   41|          8|   32|        256|
    |UnifiedRetVal_i_i1_reg_212   |   41|          8|   32|        256|
    |UnifiedRetVal_i_i2_reg_252   |   41|          8|   32|        256|
    |UnifiedRetVal_i_i3_reg_292   |   41|          8|   32|        256|
    |UnifiedRetVal_i_i4_reg_332   |   41|          8|   32|        256|
    |UnifiedRetVal_i_i5_reg_372   |   41|          8|   32|        256|
    |UnifiedRetVal_i_i6_reg_412   |   41|          8|   32|        256|
    |UnifiedRetVal_i_i7_reg_452   |   41|          8|   32|        256|
    |UnifiedRetVal_i_i8_reg_492   |   41|          8|   32|        256|
    |UnifiedRetVal_i_i9_reg_532   |   41|          8|   32|        256|
    |UnifiedRetVal_i_i_reg_732    |   41|          8|   32|        256|
    |ap_NS_fsm                    |  193|         44|    1|         44|
    |ap_done                      |    9|          2|    1|          2|
    |ch_10_i_reg_601              |    9|          2|    5|         10|
    |ch_11_i_reg_641              |    9|          2|    5|         10|
    |ch_12_i_reg_681              |    9|          2|    5|         10|
    |ch_13_i_reg_721              |    9|          2|    5|         10|
    |ch_2_i_reg_281               |    9|          2|    5|         10|
    |ch_3_i_reg_321               |    9|          2|    5|         10|
    |ch_4_i_reg_361               |    9|          2|    5|         10|
    |ch_5_i_reg_401               |    9|          2|    5|         10|
    |ch_6_i_reg_441               |    9|          2|    5|         10|
    |ch_7_i_reg_481               |    9|          2|    5|         10|
    |ch_8_i_reg_521               |    9|          2|    5|         10|
    |ch_9_i_reg_561               |    9|          2|    5|         10|
    |ch_i_264_reg_241             |    9|          2|    5|         10|
    |ch_i_reg_201                 |    9|          2|    5|         10|
    |f2_0_blk_n                   |    9|          2|    1|          2|
    |f2_1_blk_n                   |    9|          2|    1|          2|
    |f2_2_blk_n                   |    9|          2|    1|          2|
    |f2_3_blk_n                   |    9|          2|    1|          2|
    |f2_4_blk_n                   |    9|          2|    1|          2|
    |f2_5_blk_n                   |    9|          2|    1|          2|
    |f2_6_blk_n                   |    9|          2|    1|          2|
    |f2_7_blk_n                   |    9|          2|    1|          2|
    |out_0_blk_n                  |    9|          2|    1|          2|
    |out_0_din                    |   62|         15|   32|        480|
    |out_1_blk_n                  |    9|          2|    1|          2|
    |out_1_din                    |   62|         15|   32|        480|
    |out_2_blk_n                  |    9|          2|    1|          2|
    |out_2_din                    |   62|         15|   32|        480|
    |out_3_blk_n                  |    9|          2|    1|          2|
    |out_3_din                    |   62|         15|   32|        480|
    |out_4_blk_n                  |    9|          2|    1|          2|
    |out_4_din                    |   62|         15|   32|        480|
    |out_5_blk_n                  |    9|          2|    1|          2|
    |out_5_din                    |   62|         15|   32|        480|
    |out_6_blk_n                  |    9|          2|    1|          2|
    |out_6_din                    |   62|         15|   32|        480|
    |out_7_blk_n                  |    9|          2|    1|          2|
    |out_7_din                    |   62|         15|   32|        480|
    |r_i_reg_190                  |    9|          2|    4|          8|
    |real_start                   |    9|          2|    1|          2|
    +-----------------------------+-----+-----------+-----+-----------+
    |Total                        | 1560|        342|  797|       7652|
    +-----------------------------+-----+-----------+-----+-----------+

    * Register: 
    +-----------------------------+----+----+-----+-----------+
    |             Name            | FF | LUT| Bits| Const Bits|
    +-----------------------------+----+----+-----+-----------+
    |UnifiedRetVal_i_i10_reg_572  |  32|   0|   32|          0|
    |UnifiedRetVal_i_i11_reg_612  |  32|   0|   32|          0|
    |UnifiedRetVal_i_i12_reg_652  |  32|   0|   32|          0|
    |UnifiedRetVal_i_i13_reg_692  |  32|   0|   32|          0|
    |UnifiedRetVal_i_i1_reg_212   |  32|   0|   32|          0|
    |UnifiedRetVal_i_i2_reg_252   |  32|   0|   32|          0|
    |UnifiedRetVal_i_i3_reg_292   |  32|   0|   32|          0|
    |UnifiedRetVal_i_i4_reg_332   |  32|   0|   32|          0|
    |UnifiedRetVal_i_i5_reg_372   |  32|   0|   32|          0|
    |UnifiedRetVal_i_i6_reg_412   |  32|   0|   32|          0|
    |UnifiedRetVal_i_i7_reg_452   |  32|   0|   32|          0|
    |UnifiedRetVal_i_i8_reg_492   |  32|   0|   32|          0|
    |UnifiedRetVal_i_i9_reg_532   |  32|   0|   32|          0|
    |UnifiedRetVal_i_i_reg_732    |  32|   0|   32|          0|
    |ap_CS_fsm                    |  43|   0|   43|          0|
    |ap_done_reg                  |   1|   0|    1|          0|
    |ch_10_i_reg_601              |   5|   0|    5|          0|
    |ch_11_i_reg_641              |   5|   0|    5|          0|
    |ch_12_i_reg_681              |   5|   0|    5|          0|
    |ch_13_i_reg_721              |   5|   0|    5|          0|
    |ch_1_10_i_reg_1580           |   5|   0|    5|          0|
    |ch_1_11_i_reg_1632           |   5|   0|    5|          0|
    |ch_1_12_i_reg_1684           |   5|   0|    5|          0|
    |ch_1_1_i_reg_1060            |   5|   0|    5|          0|
    |ch_1_2_i_reg_1112            |   5|   0|    5|          0|
    |ch_1_3_i_reg_1164            |   5|   0|    5|          0|
    |ch_1_4_i_reg_1216            |   5|   0|    5|          0|
    |ch_1_5_i_reg_1268            |   5|   0|    5|          0|
    |ch_1_6_i_reg_1320            |   5|   0|    5|          0|
    |ch_1_7_i_reg_1372            |   5|   0|    5|          0|
    |ch_1_8_i_reg_1424            |   5|   0|    5|          0|
    |ch_1_9_i_reg_1476            |   5|   0|    5|          0|
    |ch_1_i_357_reg_1528          |   5|   0|    5|          0|
    |ch_1_i_reg_1008              |   5|   0|    5|          0|
    |ch_2_i_reg_281               |   5|   0|    5|          0|
    |ch_3_i_reg_321               |   5|   0|    5|          0|
    |ch_4_i_reg_361               |   5|   0|    5|          0|
    |ch_5_i_reg_401               |   5|   0|    5|          0|
    |ch_6_i_reg_441               |   5|   0|    5|          0|
    |ch_7_i_reg_481               |   5|   0|    5|          0|
    |ch_8_i_reg_521               |   5|   0|    5|          0|
    |ch_9_i_reg_561               |   5|   0|    5|          0|
    |ch_i_264_reg_241             |   5|   0|    5|          0|
    |ch_i_reg_201                 |   5|   0|    5|          0|
    |r_i_reg_190                  |   4|   0|    4|          0|
    |r_reg_1000                   |   4|   0|    4|          0|
    |start_once_reg               |   1|   0|    1|          0|
    |tmp_10_reg_1533              |   3|   0|    3|          0|
    |tmp_11_reg_1585              |   3|   0|    3|          0|
    |tmp_12_reg_1637              |   3|   0|    3|          0|
    |tmp_13_reg_1689              |   3|   0|    3|          0|
    |tmp_1_reg_1065               |   3|   0|    3|          0|
    |tmp_2_reg_1117               |   3|   0|    3|          0|
    |tmp_3_reg_1169               |   3|   0|    3|          0|
    |tmp_4_reg_1221               |   3|   0|    3|          0|
    |tmp_5_reg_1273               |   3|   0|    3|          0|
    |tmp_6_reg_1325               |   3|   0|    3|          0|
    |tmp_7_reg_1377               |   3|   0|    3|          0|
    |tmp_8_reg_1429               |   3|   0|    3|          0|
    |tmp_9_reg_1481               |   3|   0|    3|          0|
    |tmp_reg_1013                 |   3|   0|    3|          0|
    +-----------------------------+----+----+-----+-----------+
    |Total                        | 683|   0|  683|          0|
    +-----------------------------+----+----+-----+-----------+



================================================================
== Interface
================================================================
* Summary: 
+--------------+-----+-----+------------+--------------+--------------+
|   RTL Ports  | Dir | Bits|  Protocol  | Source Object|    C Type    |
+--------------+-----+-----+------------+--------------+--------------+
|ap_clk        |  in |    1| ap_ctrl_hs |   maxpool2   | return value |
|ap_rst        |  in |    1| ap_ctrl_hs |   maxpool2   | return value |
|ap_start      |  in |    1| ap_ctrl_hs |   maxpool2   | return value |
|start_full_n  |  in |    1| ap_ctrl_hs |   maxpool2   | return value |
|ap_done       | out |    1| ap_ctrl_hs |   maxpool2   | return value |
|ap_continue   |  in |    1| ap_ctrl_hs |   maxpool2   | return value |
|ap_idle       | out |    1| ap_ctrl_hs |   maxpool2   | return value |
|ap_ready      | out |    1| ap_ctrl_hs |   maxpool2   | return value |
|start_out     | out |    1| ap_ctrl_hs |   maxpool2   | return value |
|start_write   | out |    1| ap_ctrl_hs |   maxpool2   | return value |
|out_0_din     | out |   32|   ap_fifo  |     out_0    |    pointer   |
|out_0_full_n  |  in |    1|   ap_fifo  |     out_0    |    pointer   |
|out_0_write   | out |    1|   ap_fifo  |     out_0    |    pointer   |
|out_1_din     | out |   32|   ap_fifo  |     out_1    |    pointer   |
|out_1_full_n  |  in |    1|   ap_fifo  |     out_1    |    pointer   |
|out_1_write   | out |    1|   ap_fifo  |     out_1    |    pointer   |
|out_2_din     | out |   32|   ap_fifo  |     out_2    |    pointer   |
|out_2_full_n  |  in |    1|   ap_fifo  |     out_2    |    pointer   |
|out_2_write   | out |    1|   ap_fifo  |     out_2    |    pointer   |
|out_3_din     | out |   32|   ap_fifo  |     out_3    |    pointer   |
|out_3_full_n  |  in |    1|   ap_fifo  |     out_3    |    pointer   |
|out_3_write   | out |    1|   ap_fifo  |     out_3    |    pointer   |
|out_4_din     | out |   32|   ap_fifo  |     out_4    |    pointer   |
|out_4_full_n  |  in |    1|   ap_fifo  |     out_4    |    pointer   |
|out_4_write   | out |    1|   ap_fifo  |     out_4    |    pointer   |
|out_5_din     | out |   32|   ap_fifo  |     out_5    |    pointer   |
|out_5_full_n  |  in |    1|   ap_fifo  |     out_5    |    pointer   |
|out_5_write   | out |    1|   ap_fifo  |     out_5    |    pointer   |
|out_6_din     | out |   32|   ap_fifo  |     out_6    |    pointer   |
|out_6_full_n  |  in |    1|   ap_fifo  |     out_6    |    pointer   |
|out_6_write   | out |    1|   ap_fifo  |     out_6    |    pointer   |
|out_7_din     | out |   32|   ap_fifo  |     out_7    |    pointer   |
|out_7_full_n  |  in |    1|   ap_fifo  |     out_7    |    pointer   |
|out_7_write   | out |    1|   ap_fifo  |     out_7    |    pointer   |
|f2_0_dout     |  in |   32|   ap_fifo  |     f2_0     |    pointer   |
|f2_0_empty_n  |  in |    1|   ap_fifo  |     f2_0     |    pointer   |
|f2_0_read     | out |    1|   ap_fifo  |     f2_0     |    pointer   |
|f2_1_dout     |  in |   32|   ap_fifo  |     f2_1     |    pointer   |
|f2_1_empty_n  |  in |    1|   ap_fifo  |     f2_1     |    pointer   |
|f2_1_read     | out |    1|   ap_fifo  |     f2_1     |    pointer   |
|f2_2_dout     |  in |   32|   ap_fifo  |     f2_2     |    pointer   |
|f2_2_empty_n  |  in |    1|   ap_fifo  |     f2_2     |    pointer   |
|f2_2_read     | out |    1|   ap_fifo  |     f2_2     |    pointer   |
|f2_3_dout     |  in |   32|   ap_fifo  |     f2_3     |    pointer   |
|f2_3_empty_n  |  in |    1|   ap_fifo  |     f2_3     |    pointer   |
|f2_3_read     | out |    1|   ap_fifo  |     f2_3     |    pointer   |
|f2_4_dout     |  in |   32|   ap_fifo  |     f2_4     |    pointer   |
|f2_4_empty_n  |  in |    1|   ap_fifo  |     f2_4     |    pointer   |
|f2_4_read     | out |    1|   ap_fifo  |     f2_4     |    pointer   |
|f2_5_dout     |  in |   32|   ap_fifo  |     f2_5     |    pointer   |
|f2_5_empty_n  |  in |    1|   ap_fifo  |     f2_5     |    pointer   |
|f2_5_read     | out |    1|   ap_fifo  |     f2_5     |    pointer   |
|f2_6_dout     |  in |   32|   ap_fifo  |     f2_6     |    pointer   |
|f2_6_empty_n  |  in |    1|   ap_fifo  |     f2_6     |    pointer   |
|f2_6_read     | out |    1|   ap_fifo  |     f2_6     |    pointer   |
|f2_7_dout     |  in |   32|   ap_fifo  |     f2_7     |    pointer   |
|f2_7_empty_n  |  in |    1|   ap_fifo  |     f2_7     |    pointer   |
|f2_7_read     | out |    1|   ap_fifo  |     f2_7     |    pointer   |
+--------------+-----+-----+------------+--------------+--------------+

