

================================================================
== Vivado HLS Report for 'topp'
================================================================
* Date:           Tue Jun  9 11:21:16 2026

* Version:        2018.3 (Build 2405991 on Thu Dec 06 23:56:15 MST 2018)
* Project:        topp
* Solution:       solution4
* Product family: zynq
* Target device:  xc7z020clg484-1


================================================================
== Performance Estimates
================================================================
+ Timing (ns): 
    * Summary: 
    +--------+-------+----------+------------+
    |  Clock | Target| Estimated| Uncertainty|
    +--------+-------+----------+------------+
    |ap_clk  |  10.00|     8.677|        1.25|
    +--------+-------+----------+------------+

+ Latency (clock cycles): 
    * Summary: 
    +--------+----------+--------+----------+----------+
    |      Latency      |      Interval     | Pipeline |
    |   min  |    max   |   min  |    max   |   Type   |
    +--------+----------+--------+----------+----------+
    |  292951|  14846249|  102891|  14796746| dataflow |
    +--------+----------+--------+----------+----------+

    + Detail: 
        * Instance: 
        +-------------------+----------------+--------+----------+--------+----------+---------+
        |                   |                |      Latency      |      Interval     | Pipeline|
        |      Instance     |     Module     |   min  |    max   |   min  |    max   |   Type  |
        +-------------------+----------------+--------+----------+--------+----------+---------+
        |detection_head_U0  |detection_head  |   45953|     45953|   45953|     45953|   none  |
        |maxpool1_U0        |maxpool1        |   23809|     23809|   23809|     23809|   none  |
        |conv2_U0           |conv2           |  102890|  11604138|  102890|  11604138|   none  |
        |maxpool2_U0        |maxpool2        |    9395|      9395|    9395|      9395|   none  |
        |conv4_U0           |conv4           |   69577|  14796745|   69577|  14796745|   none  |
        |conv3_U0           |conv3           |   47657|  10158121|   47657|  10158121|   none  |
        |conv5_U0           |conv5           |   48321|  10272321|   48321|  10272321|   none  |
        |conv1_U0           |conv1           |   36993|   9801857|   36993|   9801857|   none  |
        +-------------------+----------------+--------+----------+--------+----------+---------+

        * Loop: 
        N/A



================================================================
== Utilization Estimates
================================================================
* Summary: 
+-----------------+---------+-------+--------+-------+
|       Name      | BRAM_18K| DSP48E|   FF   |  LUT  |
+-----------------+---------+-------+--------+-------+
|DSP              |        -|      -|       -|      -|
|Expression       |        -|      -|       0|      2|
|FIFO             |        0|      -|     392|   2744|
|Instance         |       38|     43|   32578|  28545|
|Memory           |        -|      -|       -|      -|
|Multiplexer      |        -|      -|       -|      -|
|Register         |        -|      -|       -|      -|
+-----------------+---------+-------+--------+-------+
|Total            |       38|     43|   32970|  31291|
+-----------------+---------+-------+--------+-------+
|Available        |      280|    220|  106400|  53200|
+-----------------+---------+-------+--------+-------+
|Utilization (%)  |       13|     19|      30|     58|
+-----------------+---------+-------+--------+-------+

+ Detail: 
    * Instance: 
    +-------------------+----------------+---------+-------+------+------+
    |      Instance     |     Module     | BRAM_18K| DSP48E|  FF  |  LUT |
    +-------------------+----------------+---------+-------+------+------+
    |conv1_U0           |conv1           |        6|      5|  1616|  2174|
    |conv2_U0           |conv2           |        0|      5|  4213|  2510|
    |conv3_U0           |conv3           |        0|      5|  6588|  3941|
    |conv4_U0           |conv4           |       16|      5|  5634|  3789|
    |conv5_U0           |conv5           |       16|      5|  5532|  3497|
    |detection_head_U0  |detection_head  |        0|     18|  6873|  5630|
    |maxpool1_U0        |maxpool1        |        0|      0|  1439|  4748|
    |maxpool2_U0        |maxpool2        |        0|      0|   683|  2256|
    +-------------------+----------------+---------+-------+------+------+
    |Total              |                |       38|     43| 32578| 28545|
    +-------------------+----------------+---------+-------+------+------+

    * DSP48: 
    N/A

    * Memory: 
    N/A

    * FIFO: 
    +----------------------+---------+---+----+------+-----+---------+
    |         Name         | BRAM_18K| FF| LUT| Depth| Bits| Size:D*B|
    +----------------------+---------+---+----+------+-----+---------+
    |f1_0_local_channel_U  |        0|  7|  49|    16|   32|      512|
    |f1_1_local_channel_U  |        0|  7|  49|    16|   32|      512|
    |f1_2_local_channel_U  |        0|  7|  49|    16|   32|      512|
    |f1_3_local_channel_U  |        0|  7|  49|    16|   32|      512|
    |f1_4_local_channel_U  |        0|  7|  49|    16|   32|      512|
    |f1_5_local_channel_U  |        0|  7|  49|    16|   32|      512|
    |f1_6_local_channel_U  |        0|  7|  49|    16|   32|      512|
    |f1_7_local_channel_U  |        0|  7|  49|    16|   32|      512|
    |f2_0_local_channel_U  |        0|  7|  49|    16|   32|      512|
    |f2_1_local_channel_U  |        0|  7|  49|    16|   32|      512|
    |f2_2_local_channel_U  |        0|  7|  49|    16|   32|      512|
    |f2_3_local_channel_U  |        0|  7|  49|    16|   32|      512|
    |f2_4_local_channel_U  |        0|  7|  49|    16|   32|      512|
    |f2_5_local_channel_U  |        0|  7|  49|    16|   32|      512|
    |f2_6_local_channel_U  |        0|  7|  49|    16|   32|      512|
    |f2_7_local_channel_U  |        0|  7|  49|    16|   32|      512|
    |f3_0_local_channel_U  |        0|  7|  49|    16|   32|      512|
    |f3_1_local_channel_U  |        0|  7|  49|    16|   32|      512|
    |f3_2_local_channel_U  |        0|  7|  49|    16|   32|      512|
    |f3_3_local_channel_U  |        0|  7|  49|    16|   32|      512|
    |f3_4_local_channel_U  |        0|  7|  49|    16|   32|      512|
    |f3_5_local_channel_U  |        0|  7|  49|    16|   32|      512|
    |f3_6_local_channel_U  |        0|  7|  49|    16|   32|      512|
    |f3_7_local_channel_U  |        0|  7|  49|    16|   32|      512|
    |f4_0_local_channel_U  |        0|  7|  49|    16|   32|      512|
    |f4_1_local_channel_U  |        0|  7|  49|    16|   32|      512|
    |f4_2_local_channel_U  |        0|  7|  49|    16|   32|      512|
    |f4_3_local_channel_U  |        0|  7|  49|    16|   32|      512|
    |f4_4_local_channel_U  |        0|  7|  49|    16|   32|      512|
    |f4_5_local_channel_U  |        0|  7|  49|    16|   32|      512|
    |f4_6_local_channel_U  |        0|  7|  49|    16|   32|      512|
    |f4_7_local_channel_U  |        0|  7|  49|    16|   32|      512|
    |f5_0_local_channel_U  |        0|  7|  49|    16|   32|      512|
    |f5_1_local_channel_U  |        0|  7|  49|    16|   32|      512|
    |f5_2_local_channel_U  |        0|  7|  49|    16|   32|      512|
    |f5_3_local_channel_U  |        0|  7|  49|    16|   32|      512|
    |f5_4_local_channel_U  |        0|  7|  49|    16|   32|      512|
    |f5_5_local_channel_U  |        0|  7|  49|    16|   32|      512|
    |f5_6_local_channel_U  |        0|  7|  49|    16|   32|      512|
    |f5_7_local_channel_U  |        0|  7|  49|    16|   32|      512|
    |p1_0_local_channel_U  |        0|  7|  49|    16|   32|      512|
    |p1_1_local_channel_U  |        0|  7|  49|    16|   32|      512|
    |p1_2_local_channel_U  |        0|  7|  49|    16|   32|      512|
    |p1_3_local_channel_U  |        0|  7|  49|    16|   32|      512|
    |p1_4_local_channel_U  |        0|  7|  49|    16|   32|      512|
    |p1_5_local_channel_U  |        0|  7|  49|    16|   32|      512|
    |p1_6_local_channel_U  |        0|  7|  49|    16|   32|      512|
    |p1_7_local_channel_U  |        0|  7|  49|    16|   32|      512|
    |p2_0_local_channel_U  |        0|  7|  49|    16|   32|      512|
    |p2_1_local_channel_U  |        0|  7|  49|    16|   32|      512|
    |p2_2_local_channel_U  |        0|  7|  49|    16|   32|      512|
    |p2_3_local_channel_U  |        0|  7|  49|    16|   32|      512|
    |p2_4_local_channel_U  |        0|  7|  49|    16|   32|      512|
    |p2_5_local_channel_U  |        0|  7|  49|    16|   32|      512|
    |p2_6_local_channel_U  |        0|  7|  49|    16|   32|      512|
    |p2_7_local_channel_U  |        0|  7|  49|    16|   32|      512|
    +----------------------+---------+---+----+------+-----+---------+
    |Total                 |        0|392|2744|   896| 1792|    28672|
    +----------------------+---------+---+----+------+-----+---------+

    * Expression: 
    +--------------+----------+-------+---+----+------------+------------+
    | Variable Name| Operation| DSP48E| FF| LUT| Bitwidth P0| Bitwidth P1|
    +--------------+----------+-------+---+----+------------+------------+
    |ap_idle       |    and   |      0|  0|   2|           1|           1|
    +--------------+----------+-------+---+----+------------+------------+
    |Total         |          |      0|  0|   2|           1|           1|
    +--------------+----------+-------+---+----+------------+------------+

    * Multiplexer: 
    N/A

    * Register: 
    N/A



================================================================
== Interface
================================================================
* Summary: 
+-------------------+-----+-----+------------+--------------+--------------+
|     RTL Ports     | Dir | Bits|  Protocol  | Source Object|    C Type    |
+-------------------+-----+-----+------------+--------------+--------------+
|image_r_address0   | out |   14|  ap_memory |    image_r   |     array    |
|image_r_ce0        | out |    1|  ap_memory |    image_r   |     array    |
|image_r_d0         | out |   32|  ap_memory |    image_r   |     array    |
|image_r_q0         |  in |   32|  ap_memory |    image_r   |     array    |
|image_r_we0        | out |    1|  ap_memory |    image_r   |     array    |
|image_r_address1   | out |   14|  ap_memory |    image_r   |     array    |
|image_r_ce1        | out |    1|  ap_memory |    image_r   |     array    |
|image_r_d1         | out |   32|  ap_memory |    image_r   |     array    |
|image_r_q1         |  in |   32|  ap_memory |    image_r   |     array    |
|image_r_we1        | out |    1|  ap_memory |    image_r   |     array    |
|output_r_address0  | out |   10|  ap_memory |   output_r   |     array    |
|output_r_ce0       | out |    1|  ap_memory |   output_r   |     array    |
|output_r_d0        | out |   32|  ap_memory |   output_r   |     array    |
|output_r_q0        |  in |   32|  ap_memory |   output_r   |     array    |
|output_r_we0       | out |    1|  ap_memory |   output_r   |     array    |
|output_r_address1  | out |   10|  ap_memory |   output_r   |     array    |
|output_r_ce1       | out |    1|  ap_memory |   output_r   |     array    |
|output_r_d1        | out |   32|  ap_memory |   output_r   |     array    |
|output_r_q1        |  in |   32|  ap_memory |   output_r   |     array    |
|output_r_we1       | out |    1|  ap_memory |   output_r   |     array    |
|ap_clk             |  in |    1| ap_ctrl_hs |     topp     | return value |
|ap_rst             |  in |    1| ap_ctrl_hs |     topp     | return value |
|ap_start           |  in |    1| ap_ctrl_hs |     topp     | return value |
|ap_done            | out |    1| ap_ctrl_hs |     topp     | return value |
|ap_ready           | out |    1| ap_ctrl_hs |     topp     | return value |
|ap_idle            | out |    1| ap_ctrl_hs |     topp     | return value |
+-------------------+-----+-----+------------+--------------+--------------+

