

================================================================
== Vivado HLS Report for 'conv3'
================================================================
* Date:           Tue Jun  9 11:01:43 2026

* Version:        2018.3 (Build 2405991 on Thu Dec 06 23:56:15 MST 2018)
* Project:        topp
* Solution:       solution1
* Product family: zynq
* Target device:  xc7z020clg484-1


================================================================
== Performance Estimates
================================================================
+ Timing (ns): 
    * Summary: 
    +--------+-------+----------+------------+
    |  Clock | Target| Estimated| Uncertainty|
    +--------+-------+----------+------------+
    |ap_clk  |  10.00|     7.256|        1.25|
    +--------+-------+----------+------------+

+ Latency (clock cycles): 
    * Summary: 
    +-------+----------+-------+----------+---------+
    |      Latency     |     Interval     | Pipeline|
    |  min  |    max   |  min  |    max   |   Type  |
    +-------+----------+-------+----------+---------+
    |  25705|  10129897|  25705|  10129897|   none  |
    +-------+----------+-------+----------+---------+

    + Detail: 
        * Instance: 
        N/A

        * Loop: 
        +-----------------------------+-------+----------+---------------+-----------+-----------+------+----------+
        |                             |      Latency     |   Iteration   |  Initiation Interval  | Trip |          |
        |          Loop Name          |  min  |    max   |    Latency    |  achieved |   target  | Count| Pipelined|
        +-----------------------------+-------+----------+---------------+-----------+-----------+------+----------+
        |- Loop 1                     |  25704|  10129896| 1836 ~ 723564 |          -|          -|    14|    no    |
        | + Loop 1.1                  |   1834|    723562|  131 ~ 51683  |          -|          -|    14|    no    |
        |  ++ Loop 1.1.1              |    128|       128|              8|          -|          -|    16|    no    |
        |  ++ Loop 1.1.2              |  51552|     51552|           1611|          -|          -|    32|    no    |
        |   +++ Loop 1.1.2.1          |   1608|      1608|            536|          -|          -|     3|    no    |
        |    ++++ Loop 1.1.2.1.1      |    534|       534|            178|          -|          -|     3|    no    |
        |     +++++ Loop 1.1.2.1.1.1  |    176|       176|             11|          -|          -|    16|    no    |
        +-----------------------------+-------+----------+---------------+-----------+-----------+------+----------+



================================================================
== Utilization Estimates
================================================================
* Summary: 
+-----------------+---------+-------+--------+-------+
|       Name      | BRAM_18K| DSP48E|   FF   |  LUT  |
+-----------------+---------+-------+--------+-------+
|DSP              |        -|      -|       -|      -|
|Expression       |        -|      -|       0|    450|
|FIFO             |        -|      -|       -|      -|
|Instance         |        -|      5|     414|    950|
|Memory           |        4|      -|       0|      0|
|Multiplexer      |        -|      -|       -|    399|
|Register         |        -|      -|     470|      -|
+-----------------+---------+-------+--------+-------+
|Total            |        4|      5|     884|   1799|
+-----------------+---------+-------+--------+-------+
|Available        |      280|    220|  106400|  53200|
+-----------------+---------+-------+--------+-------+
|Utilization (%)  |        1|      2|   ~0   |      3|
+-----------------+---------+-------+--------+-------+

+ Detail: 
    * Instance: 
    +--------------------------+----------------------+---------+-------+-----+-----+
    |         Instance         |        Module        | BRAM_18K| DSP48E|  FF | LUT |
    +--------------------------+----------------------+---------+-------+-----+-----+
    |topp_fadd_32ns_32bkb_U26  |topp_fadd_32ns_32bkb  |        0|      2|  205|  390|
    |topp_fcmp_32ns_32dEe_U28  |topp_fcmp_32ns_32dEe  |        0|      0|   66|  239|
    |topp_fmul_32ns_32cud_U27  |topp_fmul_32ns_32cud  |        0|      3|  143|  321|
    +--------------------------+----------------------+---------+-------+-----+-----+
    |Total                     |                      |        0|      5|  414|  950|
    +--------------------------+----------------------+---------+-------+-----+-----+

    * DSP48: 
    N/A

    * Memory: 
    +-------------+-----------------+---------+---+----+------+-----+------+-------------+
    |    Memory   |      Module     | BRAM_18K| FF| LUT| Words| Bits| Banks| W*Bits*Banks|
    +-------------+-----------------+---------+---+----+------+-----+------+-------------+
    |linbu_6_0_U  |conv3_linbu_6_0  |        1|  0|   0|   224|   32|     1|         7168|
    |linbu_6_1_U  |conv3_linbu_6_0  |        1|  0|   0|   224|   32|     1|         7168|
    |win_buf_U    |conv3_win_buf    |        2|  0|   0|   144|   32|     1|         4608|
    +-------------+-----------------+---------+---+----+------+-----+------+-------------+
    |Total        |                 |        4|  0|   0|   592|   96|     3|        18944|
    +-------------+-----------------+---------+---+----+------+-----+------+-------------+

    * FIFO: 
    N/A

    * Expression: 
    +-----------------------+----------+-------+---+----+------------+------------+
    |     Variable Name     | Operation| DSP48E| FF| LUT| Bitwidth P0| Bitwidth P1|
    +-----------------------+----------+-------+---+----+------------+------------+
    |c_fu_478_p2            |     +    |      0|  0|  13|           4|           1|
    |ic_3_fu_775_p2         |     +    |      0|  0|  15|           5|           1|
    |ic_fu_519_p2           |     +    |      0|  0|  15|           5|           1|
    |kc_fu_746_p2           |     +    |      0|  0|  10|           2|           1|
    |kr_fu_712_p2           |     +    |      0|  0|  10|           2|           1|
    |oc_fu_686_p2           |     +    |      0|  0|  15|           6|           1|
    |r_fu_388_p2            |     +    |      0|  0|  13|           4|           1|
    |tmp_130_fu_500_p2      |     +    |      0|  0|  15|           9|           9|
    |tmp_131_fu_651_p2      |     +    |      0|  0|  15|           9|           9|
    |tmp_132_fu_662_p2      |     +    |      0|  0|  17|          13|          13|
    |tmp_136_fu_602_p2      |     +    |      0|  0|  15|           7|           7|
    |tmp_139_fu_576_p2      |     +    |      0|  0|  15|           9|           9|
    |tmp_140_fu_696_p2      |     +    |      0|  0|  19|          14|          14|
    |tmp_143_fu_756_p2      |     +    |      0|  0|  15|           5|           5|
    |tmp_144_fu_785_p2      |     +    |      0|  0|  15|           9|           9|
    |tmp_57_i_fu_440_p2     |     +    |      0|  0|  15|           5|           3|
    |tmp_62_i_fu_566_p2     |     +    |      0|  0|  13|           4|           3|
    |tmp_125_fu_418_p2      |     -    |      0|  0|  15|           9|           9|
    |tmp_128_fu_466_p2      |     -    |      0|  0|  15|           9|           9|
    |tmp_142_fu_734_p2      |     -    |      0|  0|  15|           5|           5|
    |or_cond_i_fu_561_p2    |    and   |      0|  0|   2|           1|           1|
    |tmp_56_fu_831_p2       |    and   |      0|  0|   2|           1|           1|
    |exitcond1_i_fu_740_p2  |   icmp   |      0|  0|   8|           2|           2|
    |exitcond2_i_fu_706_p2  |   icmp   |      0|  0|   8|           2|           2|
    |exitcond3_i_fu_680_p2  |   icmp   |      0|  0|  11|           6|           7|
    |exitcond4_i_fu_513_p2  |   icmp   |      0|  0|  11|           5|           6|
    |exitcond5_i_fu_472_p2  |   icmp   |      0|  0|   9|           4|           3|
    |exitcond6_i_fu_382_p2  |   icmp   |      0|  0|   9|           4|           3|
    |exitcond_i_fu_769_p2   |   icmp   |      0|  0|  11|           5|           6|
    |icmp3_fu_555_p2        |   icmp   |      0|  0|   9|           3|           1|
    |icmp_fu_434_p2         |   icmp   |      0|  0|   9|           3|           1|
    |notlhs_fu_813_p2       |   icmp   |      0|  0|  11|           8|           2|
    |notrhs_fu_819_p2       |   icmp   |      0|  0|  18|          23|           1|
    |ap_block_state1        |    or    |      0|  0|   2|           1|           1|
    |tmp_54_fu_825_p2       |    or    |      0|  0|   2|           1|           1|
    |out_r_d0               |  select  |      0|  0|  32|           1|           1|
    |tmp_133_fu_525_p2      |    xor   |      0|  0|   6|           5|           6|
    +-----------------------+----------+-------+---+----+------------+------------+
    |Total                  |          |      0|  0| 450|         210|         156|
    +-----------------------+----------+-------+---+----+------------+------------+

    * Multiplexer: 
    +--------------------+-----+-----------+-----+-----------+
    |        Name        | LUT | Input Size| Bits| Total Bits|
    +--------------------+-----+-----------+-----+-----------+
    |ap_NS_fsm           |  125|         27|    1|         27|
    |ap_done             |    9|          2|    1|          2|
    |c_i_reg_246         |    9|          2|    4|          8|
    |ic_1_i_reg_327      |    9|          2|    5|         10|
    |ic_i_reg_258        |    9|          2|    5|         10|
    |kc_i_reg_304        |    9|          2|    2|          4|
    |kr_i_reg_281        |    9|          2|    2|          4|
    |linbu_6_0_address0  |   15|          3|    8|         24|
    |linbu_6_1_address0  |   15|          3|    8|         24|
    |oc_i_reg_270        |    9|          2|    6|         12|
    |r_i_reg_235         |    9|          2|    4|          8|
    |reg_366             |    9|          2|   32|         64|
    |sum6_i_reg_292      |    9|          2|   32|         64|
    |sum_1_i_reg_315     |    9|          2|   32|         64|
    |sum_2_i_reg_338     |    9|          2|   32|         64|
    |win_buf_address0    |   44|          9|    8|         72|
    |win_buf_address1    |   44|          9|    8|         72|
    |win_buf_d0          |   27|          5|   32|        160|
    |win_buf_d1          |   21|          4|   32|        128|
    +--------------------+-----+-----------+-----+-----------+
    |Total               |  399|         84|  254|        821|
    +--------------------+-----+-----------+-----+-----------+

    * Register: 
    +-------------------------+----+----+-----+-----------+
    |           Name          | FF | LUT| Bits| Const Bits|
    +-------------------------+----+----+-----+-----------+
    |ap_CS_fsm                |  26|   0|   26|          0|
    |ap_done_reg              |   1|   0|    1|          0|
    |c_i_reg_246              |   4|   0|    4|          0|
    |c_reg_871                |   4|   0|    4|          0|
    |ic_1_i_reg_327           |   5|   0|    5|          0|
    |ic_3_reg_1021            |   5|   0|    5|          0|
    |ic_i_reg_258             |   5|   0|    5|          0|
    |ic_reg_889               |   5|   0|    5|          0|
    |icmp_reg_858             |   1|   0|    1|          0|
    |kc_i_reg_304             |   2|   0|    2|          0|
    |kc_reg_1008              |   2|   0|    2|          0|
    |kr_i_reg_281             |   2|   0|    2|          0|
    |kr_reg_990               |   2|   0|    2|          0|
    |linbu_6_0_addr_reg_954   |   8|   0|    8|          0|
    |linbu_6_1_addr_reg_959   |   8|   0|    8|          0|
    |oc_i_reg_270             |   6|   0|    6|          0|
    |oc_reg_977               |   6|   0|    6|          0|
    |or_cond_i_reg_912        |   1|   0|    1|          0|
    |out_addr_reg_982         |  13|   0|   13|          0|
    |r_i_reg_235              |   4|   0|    4|          0|
    |r_reg_848                |   4|   0|    4|          0|
    |reg_366                  |  32|   0|   32|          0|
    |reg_373                  |  32|   0|   32|          0|
    |sum6_i_reg_292           |  32|   0|   32|          0|
    |sum_1_i_reg_315          |  32|   0|   32|          0|
    |sum_2_i_reg_338          |  32|   0|   32|          0|
    |tmp_125_reg_853          |   8|   0|    9|          1|
    |tmp_128_reg_863          |   7|   0|    9|          2|
    |tmp_132_reg_964          |  13|   0|   13|          0|
    |tmp_133_reg_894          |   5|   0|    5|          0|
    |tmp_142_reg_995          |   5|   0|    5|          0|
    |tmp_164_cast_reg_876     |   4|   0|    9|          5|
    |tmp_167_cast_reg_881     |   9|   0|   13|          4|
    |tmp_180_cast_reg_916     |   9|   0|   14|          5|
    |tmp_186_cast_reg_1013    |   5|   0|    9|          4|
    |tmp_55_reg_1000          |   1|   0|    1|          0|
    |tmp_69_i_reg_1031        |  32|   0|   32|          0|
    |win_buf_addr_20_reg_906  |   5|   0|    8|          3|
    |win_buf_addr_21_reg_921  |   5|   0|    8|          3|
    |win_buf_addr_23_reg_927  |   7|   0|    8|          1|
    |win_buf_addr_24_reg_932  |   7|   0|    8|          1|
    |win_buf_addr_26_reg_938  |   5|   0|    8|          3|
    |win_buf_addr_reg_900     |   5|   0|    8|          3|
    |win_buf_load_14_reg_944  |  32|   0|   32|          0|
    |win_buf_load_15_reg_949  |  32|   0|   32|          0|
    +-------------------------+----+----+-----+-----------+
    |Total                    | 470|   0|  505|         35|
    +-------------------------+----+----+-----+-----------+



================================================================
== Interface
================================================================
* Summary: 
+----------------+-----+-----+------------+--------------+--------------+
|    RTL Ports   | Dir | Bits|  Protocol  | Source Object|    C Type    |
+----------------+-----+-----+------------+--------------+--------------+
|ap_clk          |  in |    1| ap_ctrl_hs |     conv3    | return value |
|ap_rst          |  in |    1| ap_ctrl_hs |     conv3    | return value |
|ap_start        |  in |    1| ap_ctrl_hs |     conv3    | return value |
|ap_done         | out |    1| ap_ctrl_hs |     conv3    | return value |
|ap_continue     |  in |    1| ap_ctrl_hs |     conv3    | return value |
|ap_idle         | out |    1| ap_ctrl_hs |     conv3    | return value |
|ap_ready        | out |    1| ap_ctrl_hs |     conv3    | return value |
|out_r_address0  | out |   13|  ap_memory |     out_r    |     array    |
|out_r_ce0       | out |    1|  ap_memory |     out_r    |     array    |
|out_r_we0       | out |    1|  ap_memory |     out_r    |     array    |
|out_r_d0        | out |   32|  ap_memory |     out_r    |     array    |
|p2_address0     | out |   12|  ap_memory |      p2      |     array    |
|p2_ce0          | out |    1|  ap_memory |      p2      |     array    |
|p2_q0           |  in |   32|  ap_memory |      p2      |     array    |
+----------------+-----+-----+------------+--------------+--------------+

