

================================================================
== Vivado HLS Report for 'conv2'
================================================================
* Date:           Tue Jun  9 11:01:42 2026

* Version:        2018.3 (Build 2405991 on Thu Dec 06 23:56:15 MST 2018)
* Project:        topp
* Solution:       solution1
* Product family: zynq
* Target device:  xc7z020clg484-1


================================================================
== Performance Estimates
================================================================
+ Timing (ns): 
    * Summary: 
    +--------+-------+----------+------------+
    |  Clock | Target| Estimated| Uncertainty|
    +--------+-------+----------+------------+
    |ap_clk  |  10.00|     7.256|        1.25|
    +--------+-------+----------+------------+

+ Latency (clock cycles): 
    * Summary: 
    +-------+----------+-------+----------+---------+
    |      Latency     |     Interval     | Pipeline|
    |  min  |    max   |  min  |    max   |   Type  |
    +-------+----------+-------+----------+---------+
    |  64450|  12657394|  64450|  12657394|   none  |
    +-------+----------+-------+----------+---------+

    + Detail: 
        * Instance: 
        N/A

        * Loop: 
        +-----------------------------+-------+----------+---------------+-----------+-----------+------+----------+
        |                             |      Latency     |   Iteration   |  Initiation Interval  | Trip |          |
        |          Loop Name          |  min  |    max   |    Latency    |  achieved |   target  | Count| Pipelined|
        +-----------------------------+-------+----------+---------------+-----------+-----------+------+----------+
        |- Loop 1                     |  64449|  12657393| 2079 ~ 408303 |          -|          -|    31|    no    |
        | + Loop 1.1                  |   2077|    408301|   67 ~ 13171  |          -|          -|    31|    no    |
        |  ++ Loop 1.1.1              |     64|        64|              8|          -|          -|     8|    no    |
        |  ++ Loop 1.1.2              |  13104|     13104|            819|          -|          -|    16|    no    |
        |   +++ Loop 1.1.2.1          |    816|       816|            272|          -|          -|     3|    no    |
        |    ++++ Loop 1.1.2.1.1      |    270|       270|             90|          -|          -|     3|    no    |
        |     +++++ Loop 1.1.2.1.1.1  |     88|        88|             11|          -|          -|     8|    no    |
        +-----------------------------+-------+----------+---------------+-----------+-----------+------+----------+



================================================================
== Utilization Estimates
================================================================
* Summary: 
+-----------------+---------+-------+--------+-------+
|       Name      | BRAM_18K| DSP48E|   FF   |  LUT  |
+-----------------+---------+-------+--------+-------+
|DSP              |        -|      1|       -|      -|
|Expression       |        -|      -|       0|    423|
|FIFO             |        -|      -|       -|      -|
|Instance         |        -|      5|     414|    950|
|Memory           |        4|      -|       0|      0|
|Multiplexer      |        -|      -|       -|    399|
|Register         |        -|      -|     475|      -|
+-----------------+---------+-------+--------+-------+
|Total            |        4|      6|     889|   1772|
+-----------------+---------+-------+--------+-------+
|Available        |      280|    220|  106400|  53200|
+-----------------+---------+-------+--------+-------+
|Utilization (%)  |        1|      2|   ~0   |      3|
+-----------------+---------+-------+--------+-------+

+ Detail: 
    * Instance: 
    +--------------------------+----------------------+---------+-------+-----+-----+
    |         Instance         |        Module        | BRAM_18K| DSP48E|  FF | LUT |
    +--------------------------+----------------------+---------+-------+-----+-----+
    |topp_fadd_32ns_32bkb_U14  |topp_fadd_32ns_32bkb  |        0|      2|  205|  390|
    |topp_fcmp_32ns_32dEe_U16  |topp_fcmp_32ns_32dEe  |        0|      0|   66|  239|
    |topp_fmul_32ns_32cud_U15  |topp_fmul_32ns_32cud  |        0|      3|  143|  321|
    +--------------------------+----------------------+---------+-------+-----+-----+
    |Total                     |                      |        0|      5|  414|  950|
    +--------------------------+----------------------+---------+-------+-----+-----+

    * DSP48: 
    +--------------------------+----------------------+----------------+
    |         Instance         |        Module        |   Expression   |
    +--------------------------+----------------------+----------------+
    |topp_am_addmul_5neOg_U17  |topp_am_addmul_5neOg  | (i0 + i1) * i2 |
    +--------------------------+----------------------+----------------+

    * Memory: 
    +-------------+-----------------+---------+---+----+------+-----+------+-------------+
    |    Memory   |      Module     | BRAM_18K| FF| LUT| Words| Bits| Banks| W*Bits*Banks|
    +-------------+-----------------+---------+---+----+------+-----+------+-------------+
    |linbu_5_0_U  |conv2_linbu_5_0  |        1|  0|   0|   248|   32|     1|         7936|
    |linbu_5_1_U  |conv2_linbu_5_0  |        1|  0|   0|   248|   32|     1|         7936|
    |win_buf_U    |conv2_win_buf    |        2|  0|   0|    72|   32|     1|         2304|
    +-------------+-----------------+---------+---+----+------+-----+------+-------------+
    |Total        |                 |        4|  0|   0|   568|   96|     3|        18176|
    +-------------+-----------------+---------+---+----+------+-----+------+-------------+

    * FIFO: 
    N/A

    * Expression: 
    +-----------------------+----------+-------+---+----+------------+------------+
    |     Variable Name     | Operation| DSP48E| FF| LUT| Bitwidth P0| Bitwidth P1|
    +-----------------------+----------+-------+---+----+------------+------------+
    |c_fu_432_p2            |     +    |      0|  0|  15|           5|           1|
    |ic_4_fu_729_p2         |     +    |      0|  0|  13|           4|           1|
    |ic_fu_473_p2           |     +    |      0|  0|  13|           4|           1|
    |kc_fu_700_p2           |     +    |      0|  0|  10|           2|           1|
    |kr_fu_666_p2           |     +    |      0|  0|  10|           2|           1|
    |oc_fu_640_p2           |     +    |      0|  0|  15|           5|           1|
    |r_fu_382_p2            |     +    |      0|  0|  15|           5|           1|
    |tmp_148_fu_454_p2      |     +    |      0|  0|  13|          11|          11|
    |tmp_149_fu_605_p2      |     +    |      0|  0|  15|           9|           9|
    |tmp_150_fu_616_p2      |     +    |      0|  0|  19|          14|          14|
    |tmp_154_fu_556_p2      |     +    |      0|  0|  15|           6|           6|
    |tmp_157_fu_530_p2      |     +    |      0|  0|  13|          11|          11|
    |tmp_158_fu_650_p2      |     +    |      0|  0|  21|          15|          15|
    |tmp_161_fu_710_p2      |     +    |      0|  0|  15|           5|           5|
    |tmp_162_fu_739_p2      |     +    |      0|  0|  15|           8|           8|
    |tmp_75_i_fu_520_p2     |     +    |      0|  0|  15|           5|           3|
    |tmp_145_fu_404_p2      |     -    |      0|  0|  13|          11|          11|
    |tmp_160_fu_688_p2      |     -    |      0|  0|  15|           5|           5|
    |or_cond_i_fu_515_p2    |    and   |      0|  0|   2|           1|           1|
    |tmp_59_fu_785_p2       |    and   |      0|  0|   2|           1|           1|
    |exitcond1_i_fu_694_p2  |   icmp   |      0|  0|   8|           2|           2|
    |exitcond2_i_fu_660_p2  |   icmp   |      0|  0|   8|           2|           2|
    |exitcond3_i_fu_634_p2  |   icmp   |      0|  0|  11|           5|           6|
    |exitcond4_i_fu_467_p2  |   icmp   |      0|  0|  11|           4|           5|
    |exitcond5_i_fu_426_p2  |   icmp   |      0|  0|  11|           5|           2|
    |exitcond6_i_fu_376_p2  |   icmp   |      0|  0|  11|           5|           2|
    |exitcond_i_fu_723_p2   |   icmp   |      0|  0|  11|           4|           5|
    |icmp4_fu_509_p2        |   icmp   |      0|  0|   9|           4|           1|
    |icmp_fu_420_p2         |   icmp   |      0|  0|   9|           4|           1|
    |notlhs_fu_767_p2       |   icmp   |      0|  0|  11|           8|           2|
    |notrhs_fu_773_p2       |   icmp   |      0|  0|  18|          23|           1|
    |ap_block_state1        |    or    |      0|  0|   2|           1|           1|
    |tmp_57_fu_779_p2       |    or    |      0|  0|   2|           1|           1|
    |out_r_d0               |  select  |      0|  0|  32|           1|           1|
    |tmp_151_fu_479_p2      |    xor   |      0|  0|   5|           4|           5|
    +-----------------------+----------+-------+---+----+------------+------------+
    |Total                  |          |      0|  0| 423|         202|         144|
    +-----------------------+----------+-------+---+----+------------+------------+

    * Multiplexer: 
    +--------------------+-----+-----------+-----+-----------+
    |        Name        | LUT | Input Size| Bits| Total Bits|
    +--------------------+-----+-----------+-----+-----------+
    |ap_NS_fsm           |  125|         27|    1|         27|
    |ap_done             |    9|          2|    1|          2|
    |c_i_reg_240         |    9|          2|    5|         10|
    |ic_1_i_reg_321      |    9|          2|    4|          8|
    |ic_i_reg_252        |    9|          2|    4|          8|
    |kc_i_reg_298        |    9|          2|    2|          4|
    |kr_i_reg_275        |    9|          2|    2|          4|
    |linbu_5_0_address0  |   15|          3|    8|         24|
    |linbu_5_1_address0  |   15|          3|    8|         24|
    |oc_i_reg_264        |    9|          2|    5|         10|
    |r_i_reg_229         |    9|          2|    5|         10|
    |reg_360             |    9|          2|   32|         64|
    |sum8_i_reg_286      |    9|          2|   32|         64|
    |sum_1_i_reg_309     |    9|          2|   32|         64|
    |sum_2_i_reg_332     |    9|          2|   32|         64|
    |win_buf_address0    |   44|          9|    7|         63|
    |win_buf_address1    |   44|          9|    7|         63|
    |win_buf_d0          |   27|          5|   32|        160|
    |win_buf_d1          |   21|          4|   32|        128|
    +--------------------+-----+-----------+-----+-----------+
    |Total               |  399|         84|  251|        801|
    +--------------------+-----+-----------+-----+-----------+

    * Register: 
    +-------------------------+----+----+-----+-----------+
    |           Name          | FF | LUT| Bits| Const Bits|
    +-------------------------+----+----+-----+-----------+
    |ap_CS_fsm                |  26|   0|   26|          0|
    |ap_done_reg              |   1|   0|    1|          0|
    |c_i_reg_240              |   5|   0|    5|          0|
    |c_reg_833                |   5|   0|    5|          0|
    |ic_1_i_reg_321           |   4|   0|    4|          0|
    |ic_4_reg_983             |   4|   0|    4|          0|
    |ic_i_reg_252             |   4|   0|    4|          0|
    |ic_reg_851               |   4|   0|    4|          0|
    |icmp_reg_820             |   1|   0|    1|          0|
    |kc_i_reg_298             |   2|   0|    2|          0|
    |kc_reg_970               |   2|   0|    2|          0|
    |kr_i_reg_275             |   2|   0|    2|          0|
    |kr_reg_952               |   2|   0|    2|          0|
    |linbu_5_0_addr_reg_916   |   8|   0|    8|          0|
    |linbu_5_1_addr_reg_921   |   8|   0|    8|          0|
    |oc_i_reg_264             |   5|   0|    5|          0|
    |oc_reg_939               |   5|   0|    5|          0|
    |or_cond_i_reg_874        |   1|   0|    1|          0|
    |out_addr_reg_944         |  14|   0|   14|          0|
    |r_i_reg_229              |   5|   0|    5|          0|
    |r_reg_810                |   5|   0|    5|          0|
    |reg_360                  |  32|   0|   32|          0|
    |reg_367                  |  32|   0|   32|          0|
    |sum8_i_reg_286           |  32|   0|   32|          0|
    |sum_1_i_reg_309          |  32|   0|   32|          0|
    |sum_2_i_reg_332          |  32|   0|   32|          0|
    |tmp_145_reg_815          |  11|   0|   11|          0|
    |tmp_146_reg_825          |  11|   0|   11|          0|
    |tmp_150_reg_926          |  14|   0|   14|          0|
    |tmp_151_reg_856          |   4|   0|    4|          0|
    |tmp_160_reg_957          |   5|   0|    5|          0|
    |tmp_192_cast_reg_838     |   5|   0|    9|          4|
    |tmp_195_cast_reg_843     |  11|   0|   14|          3|
    |tmp_208_cast_reg_878     |  11|   0|   15|          4|
    |tmp_214_cast_reg_975     |   5|   0|    8|          3|
    |tmp_58_reg_962           |   1|   0|    1|          0|
    |tmp_82_i_reg_993         |  32|   0|   32|          0|
    |win_buf_addr_29_reg_868  |   4|   0|    7|          3|
    |win_buf_addr_30_reg_883  |   4|   0|    7|          3|
    |win_buf_addr_32_reg_889  |   6|   0|    7|          1|
    |win_buf_addr_33_reg_894  |   6|   0|    7|          1|
    |win_buf_addr_35_reg_900  |   4|   0|    7|          3|
    |win_buf_addr_reg_862     |   4|   0|    7|          3|
    |win_buf_load_20_reg_906  |  32|   0|   32|          0|
    |win_buf_load_21_reg_911  |  32|   0|   32|          0|
    +-------------------------+----+----+-----+-----------+
    |Total                    | 475|   0|  503|         28|
    +-------------------------+----+----+-----+-----------+



================================================================
== Interface
================================================================
* Summary: 
+----------------+-----+-----+------------+--------------+--------------+
|    RTL Ports   | Dir | Bits|  Protocol  | Source Object|    C Type    |
+----------------+-----+-----+------------+--------------+--------------+
|ap_clk          |  in |    1| ap_ctrl_hs |     conv2    | return value |
|ap_rst          |  in |    1| ap_ctrl_hs |     conv2    | return value |
|ap_start        |  in |    1| ap_ctrl_hs |     conv2    | return value |
|ap_done         | out |    1| ap_ctrl_hs |     conv2    | return value |
|ap_continue     |  in |    1| ap_ctrl_hs |     conv2    | return value |
|ap_idle         | out |    1| ap_ctrl_hs |     conv2    | return value |
|ap_ready        | out |    1| ap_ctrl_hs |     conv2    | return value |
|out_r_address0  | out |   14|  ap_memory |     out_r    |     array    |
|out_r_ce0       | out |    1|  ap_memory |     out_r    |     array    |
|out_r_we0       | out |    1|  ap_memory |     out_r    |     array    |
|out_r_d0        | out |   32|  ap_memory |     out_r    |     array    |
|p1_address0     | out |   13|  ap_memory |      p1      |     array    |
|p1_ce0          | out |    1|  ap_memory |      p1      |     array    |
|p1_q0           |  in |   32|  ap_memory |      p1      |     array    |
+----------------+-----+-----+------------+--------------+--------------+

