

================================================================
== Vivado HLS Report for 'maxpool2'
================================================================
* Date:           Tue Jun  9 11:01:43 2026

* Version:        2018.3 (Build 2405991 on Thu Dec 06 23:56:15 MST 2018)
* Project:        topp
* Solution:       solution1
* Product family: zynq
* Target device:  xc7z020clg484-1


================================================================
== Performance Estimates
================================================================
+ Timing (ns): 
    * Summary: 
    +--------+-------+----------+------------+
    |  Clock | Target| Estimated| Uncertainty|
    +--------+-------+----------+------------+
    |ap_clk  |  10.00|     8.521|        1.25|
    +--------+-------+----------+------------+

+ Latency (clock cycles): 
    * Summary: 
    +-------+-------+-------+-------+---------+
    |    Latency    |    Interval   | Pipeline|
    |  min  |  max  |  min  |  max  |   Type  |
    +-------+-------+-------+-------+---------+
    |  34917|  34917|  34917|  34917|   none  |
    +-------+-------+-------+-------+---------+

    + Detail: 
        * Instance: 
        N/A

        * Loop: 
        +-----------------+-------+-------+----------+-----------+-----------+------+----------+
        |                 |    Latency    | Iteration|  Initiation Interval  | Trip |          |
        |    Loop Name    |  min  |  max  |  Latency |  achieved |   target  | Count| Pipelined|
        +-----------------+-------+-------+----------+-----------+-----------+------+----------+
        |- Loop 1         |  34916|  34916|      2494|          -|          -|    14|    no    |
        | + Loop 1.1      |   2492|   2492|       178|          -|          -|    14|    no    |
        |  ++ Loop 1.1.1  |    176|    176|        11|          -|          -|    16|    no    |
        +-----------------+-------+-------+----------+-----------+-----------+------+----------+



================================================================
== Utilization Estimates
================================================================
* Summary: 
+-----------------+---------+-------+--------+-------+
|       Name      | BRAM_18K| DSP48E|   FF   |  LUT  |
+-----------------+---------+-------+--------+-------+
|DSP              |        -|      -|       -|      -|
|Expression       |        -|      0|       0|    827|
|FIFO             |        -|      -|       -|      -|
|Instance         |        -|      0|      66|    239|
|Memory           |        -|      -|       -|      -|
|Multiplexer      |        -|      -|       -|    176|
|Register         |        -|      -|     587|      -|
+-----------------+---------+-------+--------+-------+
|Total            |        0|      0|     653|   1242|
+-----------------+---------+-------+--------+-------+
|Available        |      280|    220|  106400|  53200|
+-----------------+---------+-------+--------+-------+
|Utilization (%)  |        0|      0|   ~0   |      2|
+-----------------+---------+-------+--------+-------+

+ Detail: 
    * Instance: 
    +--------------------------+----------------------+---------+-------+----+-----+
    |         Instance         |        Module        | BRAM_18K| DSP48E| FF | LUT |
    +--------------------------+----------------------+---------+-------+----+-----+
    |topp_fcmp_32ns_32dEe_U23  |topp_fcmp_32ns_32dEe  |        0|      0|  66|  239|
    +--------------------------+----------------------+---------+-------+----+-----+
    |Total                     |                      |        0|      0|  66|  239|
    +--------------------------+----------------------+---------+-------+----+-----+

    * DSP48: 
    N/A

    * Memory: 
    N/A

    * FIFO: 
    N/A

    * Expression: 
    +-----------------------+----------+-------+---+----+------------+------------+
    |     Variable Name     | Operation| DSP48E| FF| LUT| Bitwidth P0| Bitwidth P1|
    +-----------------------+----------+-------+---+----+------------+------------+
    |tmp_1_fu_228_p2        |     *    |      0|  0|  17|           5|           5|
    |tmp_s_fu_212_p2        |     *    |      0|  0|  17|           5|           5|
    |c_fu_258_p2            |     +    |      0|  0|  13|           4|           1|
    |ch_fu_369_p2           |     +    |      0|  0|  15|           5|           1|
    |r_fu_190_p2            |     +    |      0|  0|  13|           4|           1|
    |tmp_18_fu_276_p2       |     +    |      0|  0|  14|          10|          10|
    |tmp_26_fu_285_p2       |     +    |      0|  0|  14|          10|          10|
    |tmp_29_fu_312_p2       |     +    |      0|  0|  14|          10|          10|
    |tmp_32_fu_329_p2       |     +    |      0|  0|  14|          10|          10|
    |tmp_35_fu_350_p2       |     +    |      0|  0|  15|           9|           9|
    |tmp_41_fu_418_p2       |     +    |      0|  0|  71|          64|          64|
    |tmp_42_fu_424_p2       |     +    |      0|  0|  71|          64|          64|
    |tmp_43_fu_429_p2       |     +    |      0|  0|  71|          64|          64|
    |tmp_44_fu_434_p2       |     +    |      0|  0|  17|          13|          13|
    |tmp_11_fu_246_p2       |     -    |      0|  0|  15|           9|           9|
    |tmp_14_fu_601_p2       |    and   |      0|  0|   2|           1|           1|
    |tmp_16_fu_607_p2       |    and   |      0|  0|   2|           1|           1|
    |tmp_23_fu_691_p2       |    and   |      0|  0|   2|           1|           1|
    |tmp_25_fu_697_p2       |    and   |      0|  0|   2|           1|           1|
    |tmp_6_fu_511_p2        |    and   |      0|  0|   2|           1|           1|
    |tmp_8_fu_517_p2        |    and   |      0|  0|   2|           1|           1|
    |exitcond1_i_fu_252_p2  |   icmp   |      0|  0|   9|           4|           3|
    |exitcond2_i_fu_184_p2  |   icmp   |      0|  0|   9|           4|           3|
    |exitcond_i_fu_363_p2   |   icmp   |      0|  0|  11|           5|           6|
    |notlhs1_fu_493_p2      |   icmp   |      0|  0|  11|           8|           2|
    |notlhs3_fu_565_p2      |   icmp   |      0|  0|  11|           8|           2|
    |notlhs5_fu_583_p2      |   icmp   |      0|  0|  11|           8|           2|
    |notlhs7_fu_655_p2      |   icmp   |      0|  0|  11|           8|           2|
    |notlhs9_fu_673_p2      |   icmp   |      0|  0|  11|           8|           2|
    |notlhs_fu_475_p2       |   icmp   |      0|  0|  11|           8|           2|
    |notrhs1_fu_679_p2      |   icmp   |      0|  0|  18|          23|           1|
    |notrhs2_fu_499_p2      |   icmp   |      0|  0|  18|          23|           1|
    |notrhs4_fu_571_p2      |   icmp   |      0|  0|  18|          23|           1|
    |notrhs6_fu_589_p2      |   icmp   |      0|  0|  18|          23|           1|
    |notrhs8_fu_661_p2      |   icmp   |      0|  0|  18|          23|           1|
    |notrhs_fu_481_p2       |   icmp   |      0|  0|  18|          23|           1|
    |ap_block_state1        |    or    |      0|  0|   2|           1|           1|
    |tmp_12_fu_577_p2       |    or    |      0|  0|   2|           1|           1|
    |tmp_13_fu_595_p2       |    or    |      0|  0|   2|           1|           1|
    |tmp_1_i_fu_302_p2      |    or    |      0|  0|   5|           5|           1|
    |tmp_21_fu_667_p2       |    or    |      0|  0|   2|           1|           1|
    |tmp_22_fu_685_p2       |    or    |      0|  0|   2|           1|           1|
    |tmp_37_fu_390_p2       |    or    |      0|  0|   5|           1|           5|
    |tmp_4_fu_487_p2        |    or    |      0|  0|   2|           1|           1|
    |tmp_5_fu_505_p2        |    or    |      0|  0|   2|           1|           1|
    |tmp_5_i_fu_218_p2      |    or    |      0|  0|   5|           5|           1|
    |maxv_2_fu_523_p3       |  select  |      0|  0|  64|           1|          64|
    |maxv_4_fu_613_p3       |  select  |      0|  0|  64|           1|          64|
    |maxv_6_fu_703_p3       |  select  |      0|  0|  64|           1|          64|
    +-----------------------+----------+-------+---+----+------------+------------+
    |Total                  |          |      0|  0| 827|         512|         518|
    +-----------------------+----------+-------+---+----+------------+------------+

    * Multiplexer: 
    +---------------+----+-----------+-----+-----------+
    |      Name     | LUT| Input Size| Bits| Total Bits|
    +---------------+----+-----------+-----+-----------+
    |ap_NS_fsm      |  62|         15|    1|         15|
    |ap_done        |   9|          2|    1|          2|
    |c_i_reg_146    |   9|          2|    4|          8|
    |ch_i_reg_157   |   9|          2|    5|         10|
    |f2_address0    |  27|          5|   14|         70|
    |f2_address1    |  21|          4|   14|         56|
    |grp_fu_168_p0  |  15|          3|   32|         96|
    |grp_fu_168_p1  |  15|          3|   32|         96|
    |r_i_reg_135    |   9|          2|    4|          8|
    +---------------+----+-----------+-----+-----------+
    |Total          | 176|         38|  107|        361|
    +---------------+----+-----------+-----+-----------+

    * Register: 
    +---------------------+----+----+-----+-----------+
    |         Name        | FF | LUT| Bits| Const Bits|
    +---------------------+----+----+-----+-----------+
    |ap_CS_fsm            |  14|   0|   14|          0|
    |ap_done_reg          |   1|   0|    1|          0|
    |c_i_reg_146          |   4|   0|    4|          0|
    |c_reg_741            |   4|   0|    4|          0|
    |ch_i_reg_157         |   5|   0|    5|          0|
    |ch_reg_779           |   5|   0|    5|          0|
    |maxv_2_reg_821       |  64|   0|   64|          0|
    |maxv_4_reg_837       |  64|   0|   64|          0|
    |maxv_6_reg_853       |  64|   0|   64|          0|
    |r_i_reg_135          |   4|   0|    4|          0|
    |r_reg_716            |   4|   0|    4|          0|
    |reg_172              |  32|   0|   32|          0|
    |reg_178              |  32|   0|   32|          0|
    |tmp_11_reg_733       |   8|   0|    9|          1|
    |tmp_18_reg_746       |   9|   0|   10|          1|
    |tmp_1_reg_727        |   9|   0|   10|          1|
    |tmp_20_reg_751       |   0|   0|    1|          1|
    |tmp_28_reg_756       |   9|   0|   64|         55|
    |tmp_31_reg_761       |   9|   0|   64|         55|
    |tmp_34_reg_766       |   9|   0|   64|         55|
    |tmp_40_reg_784       |  14|   0|   64|         50|
    |tmp_41_reg_794       |  64|   0|   64|          0|
    |tmp_42_reg_804       |  64|   0|   64|          0|
    |tmp_43_reg_810       |  64|   0|   64|          0|
    |tmp_44_reg_816       |  13|   0|   13|          0|
    |tmp_46_cast_reg_771  |   9|   0|   13|          4|
    |tmp_s_reg_721        |   9|   0|   10|          1|
    +---------------------+----+----+-----+-----------+
    |Total                | 587|   0|  811|        224|
    +---------------------+----+----+-----+-----------+



================================================================
== Interface
================================================================
* Summary: 
+-------------+-----+-----+------------+--------------+--------------+
|  RTL Ports  | Dir | Bits|  Protocol  | Source Object|    C Type    |
+-------------+-----+-----+------------+--------------+--------------+
|ap_clk       |  in |    1| ap_ctrl_hs |   maxpool2   | return value |
|ap_rst       |  in |    1| ap_ctrl_hs |   maxpool2   | return value |
|ap_start     |  in |    1| ap_ctrl_hs |   maxpool2   | return value |
|ap_done      | out |    1| ap_ctrl_hs |   maxpool2   | return value |
|ap_continue  |  in |    1| ap_ctrl_hs |   maxpool2   | return value |
|ap_idle      | out |    1| ap_ctrl_hs |   maxpool2   | return value |
|ap_ready     | out |    1| ap_ctrl_hs |   maxpool2   | return value |
|f2_address0  | out |   14|  ap_memory |      f2      |     array    |
|f2_ce0       | out |    1|  ap_memory |      f2      |     array    |
|f2_q0        |  in |   32|  ap_memory |      f2      |     array    |
|f2_address1  | out |   14|  ap_memory |      f2      |     array    |
|f2_ce1       | out |    1|  ap_memory |      f2      |     array    |
|f2_q1        |  in |   32|  ap_memory |      f2      |     array    |
|p2_address0  | out |   12|  ap_memory |      p2      |     array    |
|p2_ce0       | out |    1|  ap_memory |      p2      |     array    |
|p2_we0       | out |    1|  ap_memory |      p2      |     array    |
|p2_d0        | out |   32|  ap_memory |      p2      |     array    |
+-------------+-----+-----+------------+--------------+--------------+

