

================================================================
== Vivado HLS Report for 'topp'
================================================================
* Date:           Tue Jun  9 11:01:45 2026

* Version:        2018.3 (Build 2405991 on Thu Dec 06 23:56:15 MST 2018)
* Project:        topp
* Solution:       solution1
* Product family: zynq
* Target device:  xc7z020clg484-1


================================================================
== Performance Estimates
================================================================
+ Timing (ns): 
    * Summary: 
    +--------+-------+----------+------------+
    |  Clock | Target| Estimated| Uncertainty|
    +--------+-------+----------+------------+
    |ap_clk  |  10.00|     8.677|        1.25|
    +--------+-------+----------+------------+

+ Latency (clock cycles): 
    * Summary: 
    +--------+----------+--------+----------+----------+
    |      Latency      |      Interval     | Pipeline |
    |   min  |    max   |   min  |    max   |   Type   |
    +--------+----------+--------+----------+----------+
    |  400519|  35448071|  311570|  14759882| dataflow |
    +--------+----------+--------+----------+----------+

    + Detail: 
        * Instance: 
        +-------------------+----------------+--------+----------+--------+----------+---------+
        |                   |                |      Latency      |      Interval     | Pipeline|
        |      Instance     |     Module     |   min  |    max   |   min  |    max   |   Type  |
        +-------------------+----------------+--------+----------+--------+----------+---------+
        |detection_head_U0  |detection_head  |  311569|    311569|  311569|    311569|   none  |
        |conv1_U0           |conv1           |  110721|   9842817|  110721|   9842817|   none  |
        |conv4_U0           |conv4           |   37321|  14759881|   37321|  14759881|   none  |
        |conv3_U0           |conv3           |   25705|  10129897|   25705|  10129897|   none  |
        |conv2_U0           |conv2           |   64450|  12657394|   64450|  12657394|   none  |
        |conv5_U0           |conv5           |   25921|  10246721|   25921|  10246721|   none  |
        |maxpool2_U0        |maxpool2        |   34917|     34917|   34917|     34917|   none  |
        |maxpool1_U0        |maxpool1        |   86553|     86553|   86553|     86553|   none  |
        +-------------------+----------------+--------+----------+--------+----------+---------+

        * Loop: 
        N/A



================================================================
== Utilization Estimates
================================================================
* Summary: 
+-----------------+---------+-------+--------+-------+
|       Name      | BRAM_18K| DSP48E|   FF   |  LUT  |
+-----------------+---------+-------+--------+-------+
|DSP              |        -|      -|       -|      -|
|Expression       |        -|      -|       0|      2|
|FIFO             |        -|      -|       -|      -|
|Instance         |       20|     38|    7669|  14415|
|Memory           |      148|      -|       0|      0|
|Multiplexer      |        -|      -|       -|      -|
|Register         |        -|      -|       -|      -|
+-----------------+---------+-------+--------+-------+
|Total            |      168|     38|    7669|  14417|
+-----------------+---------+-------+--------+-------+
|Available        |      280|    220|  106400|  53200|
+-----------------+---------+-------+--------+-------+
|Utilization (%)  |       60|     17|       7|     27|
+-----------------+---------+-------+--------+-------+

+ Detail: 
    * Instance: 
    +-------------------+----------------+---------+-------+------+------+
    |      Instance     |     Module     | BRAM_18K| DSP48E|  FF  |  LUT |
    +-------------------+----------------+---------+-------+------+------+
    |conv1_U0           |conv1           |        4|      5|   899|  1905|
    |conv2_U0           |conv2           |        4|      6|   889|  1772|
    |conv3_U0           |conv3           |        4|      5|   884|  1799|
    |conv4_U0           |conv4           |        4|      5|   895|  1798|
    |conv5_U0           |conv5           |        4|      5|   822|  1471|
    |detection_head_U0  |detection_head  |        0|     12|  1783|  3228|
    |maxpool1_U0        |maxpool1        |        0|      0|   844|  1200|
    |maxpool2_U0        |maxpool2        |        0|      0|   653|  1242|
    +-------------------+----------------+---------+-------+------+------+
    |Total              |                |       20|     38|  7669| 14415|
    +-------------------+----------------+---------+-------+------+------+

    * DSP48: 
    N/A

    * Memory: 
    +-------+---------+---------+---+----+-------+-----+------+-------------+
    | Memory|  Module | BRAM_18K| FF| LUT| Words | Bits| Banks| W*Bits*Banks|
    +-------+---------+---------+---+----+-------+-----+------+-------------+
    |f1_U   |topp_f1  |       64|  0|   0|  30752|   32|     2|      1968128|
    |f2_U   |topp_f2  |       32|  0|   0|  13456|   32|     2|       861184|
    |f3_U   |topp_f3  |       16|  0|   0|   4608|   32|     2|       294912|
    |f4_U   |topp_f4  |        8|  0|   0|   3200|   32|     2|       204800|
    |f5_U   |topp_f5  |        4|  0|   0|   2048|   32|     2|       131072|
    |p1_U   |topp_p1  |       16|  0|   0|   7688|   32|     2|       492032|
    |p2_U   |topp_p2  |        8|  0|   0|   3136|   32|     2|       200704|
    +-------+---------+---------+---+----+-------+-----+------+-------------+
    |Total  |         |      148|  0|   0|  64888|  224|    14|      4152832|
    +-------+---------+---------+---+----+-------+-----+------+-------------+

    * FIFO: 
    N/A

    * Expression: 
    +--------------+----------+-------+---+----+------------+------------+
    | Variable Name| Operation| DSP48E| FF| LUT| Bitwidth P0| Bitwidth P1|
    +--------------+----------+-------+---+----+------------+------------+
    |ap_idle       |    and   |      0|  0|   2|           1|           1|
    +--------------+----------+-------+---+----+------------+------------+
    |Total         |          |      0|  0|   2|           1|           1|
    +--------------+----------+-------+---+----+------------+------------+

    * Multiplexer: 
    N/A

    * Register: 
    N/A



================================================================
== Interface
================================================================
* Summary: 
+-------------------+-----+-----+------------+--------------+--------------+
|     RTL Ports     | Dir | Bits|  Protocol  | Source Object|    C Type    |
+-------------------+-----+-----+------------+--------------+--------------+
|image_r_address0   | out |   14|  ap_memory |    image_r   |     array    |
|image_r_ce0        | out |    1|  ap_memory |    image_r   |     array    |
|image_r_d0         | out |   32|  ap_memory |    image_r   |     array    |
|image_r_q0         |  in |   32|  ap_memory |    image_r   |     array    |
|image_r_we0        | out |    1|  ap_memory |    image_r   |     array    |
|image_r_address1   | out |   14|  ap_memory |    image_r   |     array    |
|image_r_ce1        | out |    1|  ap_memory |    image_r   |     array    |
|image_r_d1         | out |   32|  ap_memory |    image_r   |     array    |
|image_r_q1         |  in |   32|  ap_memory |    image_r   |     array    |
|image_r_we1        | out |    1|  ap_memory |    image_r   |     array    |
|output_r_address0  | out |   10|  ap_memory |   output_r   |     array    |
|output_r_ce0       | out |    1|  ap_memory |   output_r   |     array    |
|output_r_d0        | out |   32|  ap_memory |   output_r   |     array    |
|output_r_q0        |  in |   32|  ap_memory |   output_r   |     array    |
|output_r_we0       | out |    1|  ap_memory |   output_r   |     array    |
|output_r_address1  | out |   10|  ap_memory |   output_r   |     array    |
|output_r_ce1       | out |    1|  ap_memory |   output_r   |     array    |
|output_r_d1        | out |   32|  ap_memory |   output_r   |     array    |
|output_r_q1        |  in |   32|  ap_memory |   output_r   |     array    |
|output_r_we1       | out |    1|  ap_memory |   output_r   |     array    |
|ap_clk             |  in |    1| ap_ctrl_hs |     topp     | return value |
|ap_rst             |  in |    1| ap_ctrl_hs |     topp     | return value |
|ap_start           |  in |    1| ap_ctrl_hs |     topp     | return value |
|ap_done            | out |    1| ap_ctrl_hs |     topp     | return value |
|ap_ready           | out |    1| ap_ctrl_hs |     topp     | return value |
|ap_idle            | out |    1| ap_ctrl_hs |     topp     | return value |
+-------------------+-----+-----+------------+--------------+--------------+

