

================================================================
== Vivado HLS Report for 'maxpool2'
================================================================
* Date:           Tue Jun  9 11:14:22 2026

* Version:        2018.3 (Build 2405991 on Thu Dec 06 23:56:15 MST 2018)
* Project:        topp
* Solution:       solution3
* Product family: zynq
* Target device:  xc7z020clg484-1


================================================================
== Performance Estimates
================================================================
+ Timing (ns): 
    * Summary: 
    +--------+-------+----------+------------+
    |  Clock | Target| Estimated| Uncertainty|
    +--------+-------+----------+------------+
    |ap_clk  |  10.00|     3.634|        1.25|
    +--------+-------+----------+------------+

+ Latency (clock cycles): 
    * Summary: 
    +------+------+------+------+---------+
    |   Latency   |   Interval  | Pipeline|
    |  min |  max |  min |  max |   Type  |
    +------+------+------+------+---------+
    |  6693|  6693|  6693|  6693|   none  |
    +------+------+------+------+---------+

    + Detail: 
        * Instance: 
        N/A

        * Loop: 
        +-----------------+------+------+----------+-----------+-----------+------+----------+
        |                 |   Latency   | Iteration|  Initiation Interval  | Trip |          |
        |    Loop Name    |  min |  max |  Latency |  achieved |   target  | Count| Pipelined|
        +-----------------+------+------+----------+-----------+-----------+------+----------+
        |- Loop 1         |  6692|  6692|       478|          -|          -|    14|    no    |
        | + Loop 1.1      |   476|   476|        34|          -|          -|    14|    no    |
        |  ++ Loop 1.1.1  |    32|    32|         2|          -|          -|    16|    no    |
        +-----------------+------+------+----------+-----------+-----------+------+----------+



================================================================
== Utilization Estimates
================================================================
* Summary: 
+-----------------+---------+-------+--------+-------+
|       Name      | BRAM_18K| DSP48E|   FF   |  LUT  |
+-----------------+---------+-------+--------+-------+
|DSP              |        -|      -|       -|      -|
|Expression       |        -|      -|       0|     94|
|FIFO             |        -|      -|       -|      -|
|Instance         |        -|      -|       -|      -|
|Memory           |        -|      -|       -|      -|
|Multiplexer      |        -|      -|       -|    263|
|Register         |        -|      -|      68|      -|
+-----------------+---------+-------+--------+-------+
|Total            |        0|      0|      68|    357|
+-----------------+---------+-------+--------+-------+
|Available        |      280|    220|  106400|  53200|
+-----------------+---------+-------+--------+-------+
|Utilization (%)  |        0|      0|   ~0   |   ~0  |
+-----------------+---------+-------+--------+-------+

+ Detail: 
    * Instance: 
    N/A

    * DSP48: 
    N/A

    * Memory: 
    N/A

    * FIFO: 
    N/A

    * Expression: 
    +-------------------------------+----------+-------+---+----+------------+------------+
    |         Variable Name         | Operation| DSP48E| FF| LUT| Bitwidth P0| Bitwidth P1|
    +-------------------------------+----------+-------+---+----+------------+------------+
    |c_fu_264_p2                    |     +    |      0|  0|  13|           4|           1|
    |ch_fu_276_p2                   |     +    |      0|  0|  15|           5|           1|
    |r_fu_252_p2                    |     +    |      0|  0|  13|           4|           1|
    |ap_condition_242               |    and   |      0|  0|   2|           1|           1|
    |ap_predicate_op52_read_state4  |    and   |      0|  0|   2|           1|           1|
    |ap_predicate_op54_read_state4  |    and   |      0|  0|   2|           1|           1|
    |ap_predicate_op56_read_state4  |    and   |      0|  0|   2|           1|           1|
    |ap_predicate_op58_read_state4  |    and   |      0|  0|   2|           1|           1|
    |ap_predicate_op60_read_state4  |    and   |      0|  0|   2|           1|           1|
    |ap_predicate_op62_read_state4  |    and   |      0|  0|   2|           1|           1|
    |ap_predicate_op64_read_state4  |    and   |      0|  0|   2|           1|           1|
    |ap_predicate_op66_read_state4  |    and   |      0|  0|   2|           1|           1|
    |exitcond1_i_fu_258_p2          |   icmp   |      0|  0|   9|           4|           3|
    |exitcond2_i_fu_246_p2          |   icmp   |      0|  0|   9|           4|           3|
    |exitcond_i_fu_270_p2           |   icmp   |      0|  0|  11|           5|           6|
    |ap_block_state1                |    or    |      0|  0|   2|           1|           1|
    |ap_block_state4                |    or    |      0|  0|   2|           1|           1|
    |ap_block_state5                |    or    |      0|  0|   2|           1|           1|
    +-------------------------------+----------+-------+---+----+------------+------------+
    |Total                          |          |      0|  0|  94|          38|          27|
    +-------------------------------+----------+-------+---+----+------------+------------+

    * Multiplexer: 
    +--------------+----+-----------+-----+-----------+
    |     Name     | LUT| Input Size| Bits| Total Bits|
    +--------------+----+-----------+-----+-----------+
    |ap_NS_fsm     |  33|          6|    1|          6|
    |ap_done       |   9|          2|    1|          2|
    |c_i_reg_195   |   9|          2|    4|          8|
    |ch_i_reg_206  |   9|          2|    5|         10|
    |f2_0_blk_n    |   9|          2|    1|          2|
    |f2_1_blk_n    |   9|          2|    1|          2|
    |f2_2_blk_n    |   9|          2|    1|          2|
    |f2_3_blk_n    |   9|          2|    1|          2|
    |f2_4_blk_n    |   9|          2|    1|          2|
    |f2_5_blk_n    |   9|          2|    1|          2|
    |f2_6_blk_n    |   9|          2|    1|          2|
    |f2_7_blk_n    |   9|          2|    1|          2|
    |out_0_blk_n   |   9|          2|    1|          2|
    |out_1_blk_n   |   9|          2|    1|          2|
    |out_2_blk_n   |   9|          2|    1|          2|
    |out_3_blk_n   |   9|          2|    1|          2|
    |out_4_blk_n   |   9|          2|    1|          2|
    |out_5_blk_n   |   9|          2|    1|          2|
    |out_6_blk_n   |   9|          2|    1|          2|
    |out_7_blk_n   |   9|          2|    1|          2|
    |r_i_reg_184   |   9|          2|    4|          8|
    |real_start    |   9|          2|    1|          2|
    |v0_reg_217    |  41|          8|   32|        256|
    +--------------+----+-----------+-----+-----------+
    |Total         | 263|         56|   64|        324|
    +--------------+----+-----------+-----+-----------+

    * Register: 
    +----------------+----+----+-----+-----------+
    |      Name      | FF | LUT| Bits| Const Bits|
    +----------------+----+----+-----+-----------+
    |ap_CS_fsm       |   5|   0|    5|          0|
    |ap_done_reg     |   1|   0|    1|          0|
    |c_i_reg_195     |   4|   0|    4|          0|
    |c_reg_297       |   4|   0|    4|          0|
    |ch_i_reg_206    |   5|   0|    5|          0|
    |ch_reg_305      |   5|   0|    5|          0|
    |r_i_reg_184     |   4|   0|    4|          0|
    |r_reg_289       |   4|   0|    4|          0|
    |start_once_reg  |   1|   0|    1|          0|
    |tmp_reg_310     |   3|   0|    3|          0|
    |v0_reg_217      |  32|   0|   32|          0|
    +----------------+----+----+-----+-----------+
    |Total           |  68|   0|   68|          0|
    +----------------+----+----+-----+-----------+



================================================================
== Interface
================================================================
* Summary: 
+--------------+-----+-----+------------+--------------+--------------+
|   RTL Ports  | Dir | Bits|  Protocol  | Source Object|    C Type    |
+--------------+-----+-----+------------+--------------+--------------+
|ap_clk        |  in |    1| ap_ctrl_hs |   maxpool2   | return value |
|ap_rst        |  in |    1| ap_ctrl_hs |   maxpool2   | return value |
|ap_start      |  in |    1| ap_ctrl_hs |   maxpool2   | return value |
|start_full_n  |  in |    1| ap_ctrl_hs |   maxpool2   | return value |
|ap_done       | out |    1| ap_ctrl_hs |   maxpool2   | return value |
|ap_continue   |  in |    1| ap_ctrl_hs |   maxpool2   | return value |
|ap_idle       | out |    1| ap_ctrl_hs |   maxpool2   | return value |
|ap_ready      | out |    1| ap_ctrl_hs |   maxpool2   | return value |
|start_out     | out |    1| ap_ctrl_hs |   maxpool2   | return value |
|start_write   | out |    1| ap_ctrl_hs |   maxpool2   | return value |
|out_0_din     | out |   32|   ap_fifo  |     out_0    |    pointer   |
|out_0_full_n  |  in |    1|   ap_fifo  |     out_0    |    pointer   |
|out_0_write   | out |    1|   ap_fifo  |     out_0    |    pointer   |
|out_1_din     | out |   32|   ap_fifo  |     out_1    |    pointer   |
|out_1_full_n  |  in |    1|   ap_fifo  |     out_1    |    pointer   |
|out_1_write   | out |    1|   ap_fifo  |     out_1    |    pointer   |
|out_2_din     | out |   32|   ap_fifo  |     out_2    |    pointer   |
|out_2_full_n  |  in |    1|   ap_fifo  |     out_2    |    pointer   |
|out_2_write   | out |    1|   ap_fifo  |     out_2    |    pointer   |
|out_3_din     | out |   32|   ap_fifo  |     out_3    |    pointer   |
|out_3_full_n  |  in |    1|   ap_fifo  |     out_3    |    pointer   |
|out_3_write   | out |    1|   ap_fifo  |     out_3    |    pointer   |
|out_4_din     | out |   32|   ap_fifo  |     out_4    |    pointer   |
|out_4_full_n  |  in |    1|   ap_fifo  |     out_4    |    pointer   |
|out_4_write   | out |    1|   ap_fifo  |     out_4    |    pointer   |
|out_5_din     | out |   32|   ap_fifo  |     out_5    |    pointer   |
|out_5_full_n  |  in |    1|   ap_fifo  |     out_5    |    pointer   |
|out_5_write   | out |    1|   ap_fifo  |     out_5    |    pointer   |
|out_6_din     | out |   32|   ap_fifo  |     out_6    |    pointer   |
|out_6_full_n  |  in |    1|   ap_fifo  |     out_6    |    pointer   |
|out_6_write   | out |    1|   ap_fifo  |     out_6    |    pointer   |
|out_7_din     | out |   32|   ap_fifo  |     out_7    |    pointer   |
|out_7_full_n  |  in |    1|   ap_fifo  |     out_7    |    pointer   |
|out_7_write   | out |    1|   ap_fifo  |     out_7    |    pointer   |
|f2_0_dout     |  in |   32|   ap_fifo  |     f2_0     |    pointer   |
|f2_0_empty_n  |  in |    1|   ap_fifo  |     f2_0     |    pointer   |
|f2_0_read     | out |    1|   ap_fifo  |     f2_0     |    pointer   |
|f2_1_dout     |  in |   32|   ap_fifo  |     f2_1     |    pointer   |
|f2_1_empty_n  |  in |    1|   ap_fifo  |     f2_1     |    pointer   |
|f2_1_read     | out |    1|   ap_fifo  |     f2_1     |    pointer   |
|f2_2_dout     |  in |   32|   ap_fifo  |     f2_2     |    pointer   |
|f2_2_empty_n  |  in |    1|   ap_fifo  |     f2_2     |    pointer   |
|f2_2_read     | out |    1|   ap_fifo  |     f2_2     |    pointer   |
|f2_3_dout     |  in |   32|   ap_fifo  |     f2_3     |    pointer   |
|f2_3_empty_n  |  in |    1|   ap_fifo  |     f2_3     |    pointer   |
|f2_3_read     | out |    1|   ap_fifo  |     f2_3     |    pointer   |
|f2_4_dout     |  in |   32|   ap_fifo  |     f2_4     |    pointer   |
|f2_4_empty_n  |  in |    1|   ap_fifo  |     f2_4     |    pointer   |
|f2_4_read     | out |    1|   ap_fifo  |     f2_4     |    pointer   |
|f2_5_dout     |  in |   32|   ap_fifo  |     f2_5     |    pointer   |
|f2_5_empty_n  |  in |    1|   ap_fifo  |     f2_5     |    pointer   |
|f2_5_read     | out |    1|   ap_fifo  |     f2_5     |    pointer   |
|f2_6_dout     |  in |   32|   ap_fifo  |     f2_6     |    pointer   |
|f2_6_empty_n  |  in |    1|   ap_fifo  |     f2_6     |    pointer   |
|f2_6_read     | out |    1|   ap_fifo  |     f2_6     |    pointer   |
|f2_7_dout     |  in |   32|   ap_fifo  |     f2_7     |    pointer   |
|f2_7_empty_n  |  in |    1|   ap_fifo  |     f2_7     |    pointer   |
|f2_7_read     | out |    1|   ap_fifo  |     f2_7     |    pointer   |
+--------------+-----+-----+------------+--------------+--------------+

