

================================================================
== Vivado HLS Report for 'detection_head'
================================================================
* Date:           Tue Jun  9 11:04:38 2026

* Version:        2018.3 (Build 2405991 on Thu Dec 06 23:56:15 MST 2018)
* Project:        topp
* Solution:       solution2
* Product family: zynq
* Target device:  xc7z020clg484-1


================================================================
== Performance Estimates
================================================================
+ Timing (ns): 
    * Summary: 
    +--------+-------+----------+------------+
    |  Clock | Target| Estimated| Uncertainty|
    +--------+-------+----------+------------+
    |ap_clk  |  10.00|     8.677|        1.25|
    +--------+-------+----------+------------+

+ Latency (clock cycles): 
    * Summary: 
    +--------+--------+--------+--------+---------+
    |     Latency     |     Interval    | Pipeline|
    |   min  |   max  |   min  |   max  |   Type  |
    +--------+--------+--------+--------+---------+
    |  309521|  309521|  309521|  309521|   none  |
    +--------+--------+--------+--------+---------+

    + Detail: 
        * Instance: 
        N/A

        * Loop: 
        +---------------------+--------+--------+----------+-----------+-----------+------+----------+
        |                     |     Latency     | Iteration|  Initiation Interval  | Trip |          |
        |      Loop Name      |   min  |   max  |  Latency |  achieved |   target  | Count| Pipelined|
        +---------------------+--------+--------+----------+-----------+-----------+------+----------+
        |- Loop 1             |  309520|  309520|     38690|          -|          -|     8|    no    |
        | + Loop 1.1          |   38688|   38688|      4836|          -|          -|     8|    no    |
        |  ++ Loop 1.1.1      |      16|      16|         1|          -|          -|    16|    no    |
        |  ++ Loop 1.1.2      |    4288|    4288|       134|          -|          -|    32|    no    |
        |   +++ Loop 1.1.2.1  |     128|     128|         8|          -|          -|    16|    no    |
        |  ++ Loop 1.1.3      |     528|     528|        33|          -|          -|    16|    no    |
        +---------------------+--------+--------+----------+-----------+-----------+------+----------+

============================================================
+ Verbose Summary: Synthesis Manager
============================================================
InlineROM: 1
ExposeGlobal: 0
============================================================
+ Verbose Summary: CDFG Model
============================================================
IsTopModel: 0
ResetActiveHigh: 1
IsCombinational: 2
IsDatapathOnly: 0
HasWiredReturn: 1
HasMFsm: 0
HasVarLatency: 1
IsPipeline: 0
IsRtlPipelined: 0
IsInstanceOverlapped: 0
IsDontTouch: 0
HasImplIP: 0
IsGatedGlobalClock: 0


============================================================
+ Verbose Summary: Schedule
============================================================
* Number of FSM states : 50
* Pipeline : 0
* Dataflow Pipeline: 0

* FSM state transitions: 
1 --> 
	2  / true
2 --> 
	3  / (!exitcond5_i)
3 --> 
	4  / (!exitcond4_i)
	2  / (exitcond4_i)
4 --> 
	4  / (!exitcond3_i)
	5  / (exitcond3_i)
5 --> 
	6  / (!exitcond2_i)
	18  / (exitcond2_i)
6 --> 
	7  / true
7 --> 
	8  / true
8 --> 
	9  / true
9 --> 
	10  / true
10 --> 
	11  / (!exitcond1_i)
	5  / (exitcond1_i)
11 --> 
	12  / true
12 --> 
	13  / true
13 --> 
	14  / true
14 --> 
	15  / true
15 --> 
	16  / true
16 --> 
	17  / true
17 --> 
	10  / true
18 --> 
	19  / (!exitcond_i)
	3  / (exitcond_i)
19 --> 
	20  / true
20 --> 
	21  / true
21 --> 
	22  / true
22 --> 
	23  / true
23 --> 
	24  / true
24 --> 
	25  / true
25 --> 
	26  / true
26 --> 
	27  / true
27 --> 
	28  / true
28 --> 
	29  / true
29 --> 
	30  / true
30 --> 
	31  / true
31 --> 
	32  / true
32 --> 
	33  / true
33 --> 
	34  / true
34 --> 
	35  / true
35 --> 
	36  / true
36 --> 
	37  / true
37 --> 
	38  / true
38 --> 
	39  / true
39 --> 
	40  / true
40 --> 
	41  / true
41 --> 
	42  / true
42 --> 
	43  / true
43 --> 
	44  / true
44 --> 
	45  / true
45 --> 
	46  / true
46 --> 
	47  / true
47 --> 
	48  / true
48 --> 
	49  / true
49 --> 
	50  / true
50 --> 
	18  / true

* FSM state operations: 

State 1 <SV = 0> <Delay = 1.76>
ST_1 : Operation 51 [1/1] (0.00ns)   --->   "%empty = call i32 (...)* @_ssdm_op_SpecInterface(float* %f5, [8 x i8]* @ap_fifo_str, i32 0, i32 0, [1 x i8]* @p_str, i32 0, i32 0, [1 x i8]* @p_str, [1 x i8]* @p_str, [1 x i8]* @p_str, i32 2, i32 2, i32 16, i32 16, [1 x i8]* @p_str, [1 x i8]* @p_str)"   --->   Operation 51 'specinterface' 'empty' <Predicate = true> <Delay = 0.00>
ST_1 : Operation 52 [1/1] (0.00ns)   --->   "%sum = alloca [16 x float], align 16" [topp.c:430]   --->   Operation 52 'alloca' 'sum' <Predicate = true> <Delay = 0.00> <Core = "RAM">   --->   Core 37 'RAM' <Latency = 1> <II = 1> <Delay = 3.25> <Storage> <Opcode : 'load' 'store'> <Ports = 2> <Width = 32> <Depth = 1024> <RAM>
ST_1 : Operation 53 [1/1] (1.76ns)   --->   "br label %.loopexit" [topp.c:434]   --->   Operation 53 'br' <Predicate = true> <Delay = 1.76>

State 2 <SV = 1> <Delay = 1.76>
ST_2 : Operation 54 [1/1] (0.00ns)   --->   "%r_i = phi i4 [ 0, %entry ], [ %r, %.loopexit.loopexit ]"   --->   Operation 54 'phi' 'r_i' <Predicate = true> <Delay = 0.00>
ST_2 : Operation 55 [1/1] (1.30ns)   --->   "%exitcond5_i = icmp eq i4 %r_i, -8" [topp.c:434]   --->   Operation 55 'icmp' 'exitcond5_i' <Predicate = true> <Delay = 1.30> <Core = "Cmp">   --->   Core 25 'Cmp' <Latency = 0> <II = 1> <Delay = 1.36> <FuncUnit> <Opcode : 'icmp'> <InPorts = 2> <OutPorts = 1>
ST_2 : Operation 56 [1/1] (0.00ns)   --->   "%empty_47 = call i32 (...)* @_ssdm_op_SpecLoopTripCount(i64 8, i64 8, i64 8)"   --->   Operation 56 'speclooptripcount' 'empty_47' <Predicate = true> <Delay = 0.00>
ST_2 : Operation 57 [1/1] (1.73ns)   --->   "%r = add i4 %r_i, 1" [topp.c:434]   --->   Operation 57 'add' 'r' <Predicate = true> <Delay = 1.73> <Core = "AddSub">   --->   Core 14 'AddSub' <Latency = 0> <II = 1> <Delay = 1.54> <FuncUnit> <Opcode : 'add' 'sub'> <InPorts = 2> <OutPorts = 1>
ST_2 : Operation 58 [1/1] (0.00ns)   --->   "br i1 %exitcond5_i, label %detection_head.exit, label %.preheader8.preheader.i" [topp.c:434]   --->   Operation 58 'br' <Predicate = true> <Delay = 0.00>
ST_2 : Operation 59 [1/1] (0.00ns)   --->   "%tmp = call i7 @_ssdm_op_BitConcatenate.i7.i4.i3(i4 %r_i, i3 0)" [topp.c:434]   --->   Operation 59 'bitconcatenate' 'tmp' <Predicate = (!exitcond5_i)> <Delay = 0.00>
ST_2 : Operation 60 [1/1] (0.00ns)   --->   "%tmp_1_cast = zext i7 %tmp to i8" [topp.c:435]   --->   Operation 60 'zext' 'tmp_1_cast' <Predicate = (!exitcond5_i)> <Delay = 0.00>
ST_2 : Operation 61 [1/1] (1.76ns)   --->   "br label %.preheader8.i" [topp.c:435]   --->   Operation 61 'br' <Predicate = (!exitcond5_i)> <Delay = 1.76>
ST_2 : Operation 62 [1/1] (0.00ns)   --->   "ret void"   --->   Operation 62 'ret' <Predicate = (exitcond5_i)> <Delay = 0.00>

State 3 <SV = 2> <Delay = 1.76>
ST_3 : Operation 63 [1/1] (0.00ns)   --->   "%c_i = phi i4 [ 0, %.preheader8.preheader.i ], [ %c, %.preheader8.i.loopexit ]"   --->   Operation 63 'phi' 'c_i' <Predicate = true> <Delay = 0.00>
ST_3 : Operation 64 [1/1] (1.30ns)   --->   "%exitcond4_i = icmp eq i4 %c_i, -8" [topp.c:435]   --->   Operation 64 'icmp' 'exitcond4_i' <Predicate = true> <Delay = 1.30> <Core = "Cmp">   --->   Core 25 'Cmp' <Latency = 0> <II = 1> <Delay = 1.36> <FuncUnit> <Opcode : 'icmp'> <InPorts = 2> <OutPorts = 1>
ST_3 : Operation 65 [1/1] (0.00ns)   --->   "%empty_48 = call i32 (...)* @_ssdm_op_SpecLoopTripCount(i64 8, i64 8, i64 8)"   --->   Operation 65 'speclooptripcount' 'empty_48' <Predicate = true> <Delay = 0.00>
ST_3 : Operation 66 [1/1] (1.73ns)   --->   "%c = add i4 %c_i, 1" [topp.c:435]   --->   Operation 66 'add' 'c' <Predicate = true> <Delay = 1.73> <Core = "AddSub">   --->   Core 14 'AddSub' <Latency = 0> <II = 1> <Delay = 1.54> <FuncUnit> <Opcode : 'add' 'sub'> <InPorts = 2> <OutPorts = 1>
ST_3 : Operation 67 [1/1] (0.00ns)   --->   "br i1 %exitcond4_i, label %.loopexit.loopexit, label %.preheader7.i.preheader" [topp.c:435]   --->   Operation 67 'br' <Predicate = true> <Delay = 0.00>
ST_3 : Operation 68 [1/1] (1.76ns)   --->   "br label %.preheader7.i" [topp.c:438]   --->   Operation 68 'br' <Predicate = (!exitcond4_i)> <Delay = 1.76>
ST_3 : Operation 69 [1/1] (0.00ns)   --->   "br label %.loopexit"   --->   Operation 69 'br' <Predicate = (exitcond4_i)> <Delay = 0.00>

State 4 <SV = 3> <Delay = 2.32>
ST_4 : Operation 70 [1/1] (0.00ns)   --->   "%oc_i = phi i5 [ %oc, %0 ], [ 0, %.preheader7.i.preheader ]"   --->   Operation 70 'phi' 'oc_i' <Predicate = true> <Delay = 0.00>
ST_4 : Operation 71 [1/1] (1.36ns)   --->   "%exitcond3_i = icmp eq i5 %oc_i, -16" [topp.c:438]   --->   Operation 71 'icmp' 'exitcond3_i' <Predicate = true> <Delay = 1.36> <Core = "Cmp">   --->   Core 25 'Cmp' <Latency = 0> <II = 1> <Delay = 1.36> <FuncUnit> <Opcode : 'icmp'> <InPorts = 2> <OutPorts = 1>
ST_4 : Operation 72 [1/1] (0.00ns)   --->   "%empty_49 = call i32 (...)* @_ssdm_op_SpecLoopTripCount(i64 16, i64 16, i64 16)"   --->   Operation 72 'speclooptripcount' 'empty_49' <Predicate = true> <Delay = 0.00>
ST_4 : Operation 73 [1/1] (1.78ns)   --->   "%oc = add i5 %oc_i, 1" [topp.c:438]   --->   Operation 73 'add' 'oc' <Predicate = true> <Delay = 1.78> <Core = "AddSub">   --->   Core 14 'AddSub' <Latency = 0> <II = 1> <Delay = 1.54> <FuncUnit> <Opcode : 'add' 'sub'> <InPorts = 2> <OutPorts = 1>
ST_4 : Operation 74 [1/1] (0.00ns)   --->   "br i1 %exitcond3_i, label %.preheader6.preheader.i, label %0" [topp.c:438]   --->   Operation 74 'br' <Predicate = true> <Delay = 0.00>
ST_4 : Operation 75 [1/1] (0.00ns)   --->   "%tmp_25_i = zext i5 %oc_i to i64" [topp.c:440]   --->   Operation 75 'zext' 'tmp_25_i' <Predicate = (!exitcond3_i)> <Delay = 0.00>
ST_4 : Operation 76 [1/1] (0.00ns)   --->   "%sum_addr = getelementptr inbounds [16 x float]* %sum, i64 0, i64 %tmp_25_i" [topp.c:440]   --->   Operation 76 'getelementptr' 'sum_addr' <Predicate = (!exitcond3_i)> <Delay = 0.00>
ST_4 : Operation 77 [1/1] (2.32ns)   --->   "store float 0.000000e+00, float* %sum_addr, align 4" [topp.c:440]   --->   Operation 77 'store' <Predicate = (!exitcond3_i)> <Delay = 2.32> <Core = "RAM">   --->   Core 37 'RAM' <Latency = 1> <II = 1> <Delay = 3.25> <Storage> <Opcode : 'load' 'store'> <Ports = 2> <Width = 32> <Depth = 1024> <RAM>
ST_4 : Operation 78 [1/1] (0.00ns)   --->   "br label %.preheader7.i" [topp.c:438]   --->   Operation 78 'br' <Predicate = (!exitcond3_i)> <Delay = 0.00>
ST_4 : Operation 79 [1/1] (0.00ns)   --->   "%tmp_i_cast = zext i4 %c_i to i8" [topp.c:454]   --->   Operation 79 'zext' 'tmp_i_cast' <Predicate = (exitcond3_i)> <Delay = 0.00>
ST_4 : Operation 80 [1/1] (1.87ns)   --->   "%tmp_2 = add i8 %tmp_i_cast, %tmp_1_cast" [topp.c:454]   --->   Operation 80 'add' 'tmp_2' <Predicate = (exitcond3_i)> <Delay = 1.87> <Core = "AddSub">   --->   Core 14 'AddSub' <Latency = 0> <II = 1> <Delay = 1.54> <FuncUnit> <Opcode : 'add' 'sub'> <InPorts = 2> <OutPorts = 1>
ST_4 : Operation 81 [1/1] (0.00ns)   --->   "%tmp_4_cast = call i12 @_ssdm_op_BitConcatenate.i12.i8.i4(i8 %tmp_2, i4 0)" [topp.c:443]   --->   Operation 81 'bitconcatenate' 'tmp_4_cast' <Predicate = (exitcond3_i)> <Delay = 0.00>
ST_4 : Operation 82 [1/1] (1.76ns)   --->   "br label %.preheader6.i" [topp.c:443]   --->   Operation 82 'br' <Predicate = (exitcond3_i)> <Delay = 1.76>

State 5 <SV = 4> <Delay = 3.63>
ST_5 : Operation 83 [1/1] (0.00ns)   --->   "%ic_i = phi i6 [ 0, %.preheader6.preheader.i ], [ %ic, %.preheader6.i.loopexit ]"   --->   Operation 83 'phi' 'ic_i' <Predicate = true> <Delay = 0.00>
ST_5 : Operation 84 [1/1] (1.42ns)   --->   "%exitcond2_i = icmp eq i6 %ic_i, -32" [topp.c:443]   --->   Operation 84 'icmp' 'exitcond2_i' <Predicate = true> <Delay = 1.42> <Core = "Cmp">   --->   Core 25 'Cmp' <Latency = 0> <II = 1> <Delay = 1.36> <FuncUnit> <Opcode : 'icmp'> <InPorts = 2> <OutPorts = 1>
ST_5 : Operation 85 [1/1] (0.00ns)   --->   "%empty_50 = call i32 (...)* @_ssdm_op_SpecLoopTripCount(i64 32, i64 32, i64 32)"   --->   Operation 85 'speclooptripcount' 'empty_50' <Predicate = true> <Delay = 0.00>
ST_5 : Operation 86 [1/1] (1.82ns)   --->   "%ic = add i6 %ic_i, 1" [topp.c:443]   --->   Operation 86 'add' 'ic' <Predicate = true> <Delay = 1.82> <Core = "AddSub">   --->   Core 14 'AddSub' <Latency = 0> <II = 1> <Delay = 1.54> <FuncUnit> <Opcode : 'add' 'sub'> <InPorts = 2> <OutPorts = 1>
ST_5 : Operation 87 [1/1] (0.00ns)   --->   "br i1 %exitcond2_i, label %.preheader.i.preheader, label %1" [topp.c:443]   --->   Operation 87 'br' <Predicate = true> <Delay = 0.00>
ST_5 : Operation 88 [1/1] (3.63ns)   --->   "%val = call float @_ssdm_op_Read.ap_fifo.volatile.floatP(float* %f5)" [topp.c:445]   --->   Operation 88 'read' 'val' <Predicate = (!exitcond2_i)> <Delay = 3.63> <Core = "FIFO_SRL">   --->   Core 36 'FIFO_SRL' <Latency = 0> <II = 1> <Delay = 3.63> <Storage> <Opcode : 'read' 'write' 'nbread' 'nbwrite'> <Ports = 0> <Width = 32> <Depth = 0> <FIFO>
ST_5 : Operation 89 [1/1] (1.76ns)   --->   "br label %.preheader.i" [topp.c:453]   --->   Operation 89 'br' <Predicate = (exitcond2_i)> <Delay = 1.76>

State 6 <SV = 5> <Delay = 5.70>
ST_6 : Operation 90 [4/4] (5.70ns)   --->   "%tmp_30_i = fmul float %val, 0.000000e+00" [topp.c:449]   --->   Operation 90 'fmul' 'tmp_30_i' <Predicate = true> <Delay = 5.70> <Core = "FMul">   --->   Core 105 'FMul' <Latency = 3> <II = 1> <Delay = 5.70> <FuncUnit> <Opcode : 'fmul'> <InPorts = 2> <OutPorts = 1>

State 7 <SV = 6> <Delay = 5.70>
ST_7 : Operation 91 [3/4] (5.70ns)   --->   "%tmp_30_i = fmul float %val, 0.000000e+00" [topp.c:449]   --->   Operation 91 'fmul' 'tmp_30_i' <Predicate = true> <Delay = 5.70> <Core = "FMul">   --->   Core 105 'FMul' <Latency = 3> <II = 1> <Delay = 5.70> <FuncUnit> <Opcode : 'fmul'> <InPorts = 2> <OutPorts = 1>

State 8 <SV = 7> <Delay = 5.70>
ST_8 : Operation 92 [2/4] (5.70ns)   --->   "%tmp_30_i = fmul float %val, 0.000000e+00" [topp.c:449]   --->   Operation 92 'fmul' 'tmp_30_i' <Predicate = true> <Delay = 5.70> <Core = "FMul">   --->   Core 105 'FMul' <Latency = 3> <II = 1> <Delay = 5.70> <FuncUnit> <Opcode : 'fmul'> <InPorts = 2> <OutPorts = 1>

State 9 <SV = 8> <Delay = 5.70>
ST_9 : Operation 93 [1/4] (5.70ns)   --->   "%tmp_30_i = fmul float %val, 0.000000e+00" [topp.c:449]   --->   Operation 93 'fmul' 'tmp_30_i' <Predicate = true> <Delay = 5.70> <Core = "FMul">   --->   Core 105 'FMul' <Latency = 3> <II = 1> <Delay = 5.70> <FuncUnit> <Opcode : 'fmul'> <InPorts = 2> <OutPorts = 1>
ST_9 : Operation 94 [1/1] (1.76ns)   --->   "br label %2" [topp.c:447]   --->   Operation 94 'br' <Predicate = true> <Delay = 1.76>

State 10 <SV = 9> <Delay = 2.32>
ST_10 : Operation 95 [1/1] (0.00ns)   --->   "%oc_1_i = phi i5 [ 0, %1 ], [ %oc_2, %3 ]"   --->   Operation 95 'phi' 'oc_1_i' <Predicate = true> <Delay = 0.00>
ST_10 : Operation 96 [1/1] (1.36ns)   --->   "%exitcond1_i = icmp eq i5 %oc_1_i, -16" [topp.c:447]   --->   Operation 96 'icmp' 'exitcond1_i' <Predicate = true> <Delay = 1.36> <Core = "Cmp">   --->   Core 25 'Cmp' <Latency = 0> <II = 1> <Delay = 1.36> <FuncUnit> <Opcode : 'icmp'> <InPorts = 2> <OutPorts = 1>
ST_10 : Operation 97 [1/1] (0.00ns)   --->   "%empty_51 = call i32 (...)* @_ssdm_op_SpecLoopTripCount(i64 16, i64 16, i64 16)"   --->   Operation 97 'speclooptripcount' 'empty_51' <Predicate = true> <Delay = 0.00>
ST_10 : Operation 98 [1/1] (1.78ns)   --->   "%oc_2 = add i5 %oc_1_i, 1" [topp.c:447]   --->   Operation 98 'add' 'oc_2' <Predicate = true> <Delay = 1.78> <Core = "AddSub">   --->   Core 14 'AddSub' <Latency = 0> <II = 1> <Delay = 1.54> <FuncUnit> <Opcode : 'add' 'sub'> <InPorts = 2> <OutPorts = 1>
ST_10 : Operation 99 [1/1] (0.00ns)   --->   "br i1 %exitcond1_i, label %.preheader6.i.loopexit, label %3" [topp.c:447]   --->   Operation 99 'br' <Predicate = true> <Delay = 0.00>
ST_10 : Operation 100 [1/1] (0.00ns)   --->   "%tmp_29_i = zext i5 %oc_1_i to i64" [topp.c:449]   --->   Operation 100 'zext' 'tmp_29_i' <Predicate = (!exitcond1_i)> <Delay = 0.00>
ST_10 : Operation 101 [1/1] (0.00ns)   --->   "%sum_addr_2 = getelementptr inbounds [16 x float]* %sum, i64 0, i64 %tmp_29_i" [topp.c:449]   --->   Operation 101 'getelementptr' 'sum_addr_2' <Predicate = (!exitcond1_i)> <Delay = 0.00>
ST_10 : Operation 102 [2/2] (2.32ns)   --->   "%sum_load = load float* %sum_addr_2, align 4" [topp.c:449]   --->   Operation 102 'load' 'sum_load' <Predicate = (!exitcond1_i)> <Delay = 2.32> <Core = "RAM">   --->   Core 37 'RAM' <Latency = 1> <II = 1> <Delay = 3.25> <Storage> <Opcode : 'load' 'store'> <Ports = 2> <Width = 32> <Depth = 1024> <RAM>
ST_10 : Operation 103 [1/1] (0.00ns)   --->   "br label %.preheader6.i"   --->   Operation 103 'br' <Predicate = (exitcond1_i)> <Delay = 0.00>

State 11 <SV = 10> <Delay = 2.32>
ST_11 : Operation 104 [1/2] (2.32ns)   --->   "%sum_load = load float* %sum_addr_2, align 4" [topp.c:449]   --->   Operation 104 'load' 'sum_load' <Predicate = true> <Delay = 2.32> <Core = "RAM">   --->   Core 37 'RAM' <Latency = 1> <II = 1> <Delay = 3.25> <Storage> <Opcode : 'load' 'store'> <Ports = 2> <Width = 32> <Depth = 1024> <RAM>

State 12 <SV = 11> <Delay = 7.25>
ST_12 : Operation 105 [5/5] (7.25ns)   --->   "%tmp_31_i = fadd float %sum_load, %tmp_30_i" [topp.c:449]   --->   Operation 105 'fadd' 'tmp_31_i' <Predicate = true> <Delay = 7.25> <Core = "FAddSub">   --->   Core 104 'FAddSub' <Latency = 4> <II = 1> <Delay = 7.25> <FuncUnit> <Opcode : 'fadd' 'fsub'> <InPorts = 2> <OutPorts = 1>

State 13 <SV = 12> <Delay = 7.25>
ST_13 : Operation 106 [4/5] (7.25ns)   --->   "%tmp_31_i = fadd float %sum_load, %tmp_30_i" [topp.c:449]   --->   Operation 106 'fadd' 'tmp_31_i' <Predicate = true> <Delay = 7.25> <Core = "FAddSub">   --->   Core 104 'FAddSub' <Latency = 4> <II = 1> <Delay = 7.25> <FuncUnit> <Opcode : 'fadd' 'fsub'> <InPorts = 2> <OutPorts = 1>

State 14 <SV = 13> <Delay = 7.25>
ST_14 : Operation 107 [3/5] (7.25ns)   --->   "%tmp_31_i = fadd float %sum_load, %tmp_30_i" [topp.c:449]   --->   Operation 107 'fadd' 'tmp_31_i' <Predicate = true> <Delay = 7.25> <Core = "FAddSub">   --->   Core 104 'FAddSub' <Latency = 4> <II = 1> <Delay = 7.25> <FuncUnit> <Opcode : 'fadd' 'fsub'> <InPorts = 2> <OutPorts = 1>

State 15 <SV = 14> <Delay = 7.25>
ST_15 : Operation 108 [2/5] (7.25ns)   --->   "%tmp_31_i = fadd float %sum_load, %tmp_30_i" [topp.c:449]   --->   Operation 108 'fadd' 'tmp_31_i' <Predicate = true> <Delay = 7.25> <Core = "FAddSub">   --->   Core 104 'FAddSub' <Latency = 4> <II = 1> <Delay = 7.25> <FuncUnit> <Opcode : 'fadd' 'fsub'> <InPorts = 2> <OutPorts = 1>

State 16 <SV = 15> <Delay = 7.25>
ST_16 : Operation 109 [1/5] (7.25ns)   --->   "%tmp_31_i = fadd float %sum_load, %tmp_30_i" [topp.c:449]   --->   Operation 109 'fadd' 'tmp_31_i' <Predicate = true> <Delay = 7.25> <Core = "FAddSub">   --->   Core 104 'FAddSub' <Latency = 4> <II = 1> <Delay = 7.25> <FuncUnit> <Opcode : 'fadd' 'fsub'> <InPorts = 2> <OutPorts = 1>

State 17 <SV = 16> <Delay = 2.32>
ST_17 : Operation 110 [1/1] (2.32ns)   --->   "store float %tmp_31_i, float* %sum_addr_2, align 4" [topp.c:449]   --->   Operation 110 'store' <Predicate = true> <Delay = 2.32> <Core = "RAM">   --->   Core 37 'RAM' <Latency = 1> <II = 1> <Delay = 3.25> <Storage> <Opcode : 'load' 'store'> <Ports = 2> <Width = 32> <Depth = 1024> <RAM>
ST_17 : Operation 111 [1/1] (0.00ns)   --->   "br label %2" [topp.c:447]   --->   Operation 111 'br' <Predicate = true> <Delay = 0.00>

State 18 <SV = 5> <Delay = 2.32>
ST_18 : Operation 112 [1/1] (0.00ns)   --->   "%oc_2_i = phi i5 [ %oc_1, %4 ], [ 0, %.preheader.i.preheader ]"   --->   Operation 112 'phi' 'oc_2_i' <Predicate = true> <Delay = 0.00>
ST_18 : Operation 113 [1/1] (1.36ns)   --->   "%exitcond_i = icmp eq i5 %oc_2_i, -16" [topp.c:453]   --->   Operation 113 'icmp' 'exitcond_i' <Predicate = true> <Delay = 1.36> <Core = "Cmp">   --->   Core 25 'Cmp' <Latency = 0> <II = 1> <Delay = 1.36> <FuncUnit> <Opcode : 'icmp'> <InPorts = 2> <OutPorts = 1>
ST_18 : Operation 114 [1/1] (0.00ns)   --->   "%empty_52 = call i32 (...)* @_ssdm_op_SpecLoopTripCount(i64 16, i64 16, i64 16)"   --->   Operation 114 'speclooptripcount' 'empty_52' <Predicate = true> <Delay = 0.00>
ST_18 : Operation 115 [1/1] (1.78ns)   --->   "%oc_1 = add i5 %oc_2_i, 1" [topp.c:453]   --->   Operation 115 'add' 'oc_1' <Predicate = true> <Delay = 1.78> <Core = "AddSub">   --->   Core 14 'AddSub' <Latency = 0> <II = 1> <Delay = 1.54> <FuncUnit> <Opcode : 'add' 'sub'> <InPorts = 2> <OutPorts = 1>
ST_18 : Operation 116 [1/1] (0.00ns)   --->   "br i1 %exitcond_i, label %.preheader8.i.loopexit, label %4" [topp.c:453]   --->   Operation 116 'br' <Predicate = true> <Delay = 0.00>
ST_18 : Operation 117 [1/1] (0.00ns)   --->   "%tmp_27_i = zext i5 %oc_2_i to i64" [topp.c:454]   --->   Operation 117 'zext' 'tmp_27_i' <Predicate = (!exitcond_i)> <Delay = 0.00>
ST_18 : Operation 118 [1/1] (0.00ns)   --->   "%tmp_27_i_cast = zext i5 %oc_2_i to i12" [topp.c:454]   --->   Operation 118 'zext' 'tmp_27_i_cast' <Predicate = (!exitcond_i)> <Delay = 0.00>
ST_18 : Operation 119 [1/1] (1.54ns)   --->   "%tmp_5 = add i12 %tmp_4_cast, %tmp_27_i_cast" [topp.c:454]   --->   Operation 119 'add' 'tmp_5' <Predicate = (!exitcond_i)> <Delay = 1.54> <Core = "AddSub">   --->   Core 14 'AddSub' <Latency = 0> <II = 1> <Delay = 1.54> <FuncUnit> <Opcode : 'add' 'sub'> <InPorts = 2> <OutPorts = 1>
ST_18 : Operation 120 [1/1] (0.00ns)   --->   "%sum_addr_1 = getelementptr inbounds [16 x float]* %sum, i64 0, i64 %tmp_27_i" [topp.c:454]   --->   Operation 120 'getelementptr' 'sum_addr_1' <Predicate = (!exitcond_i)> <Delay = 0.00>
ST_18 : Operation 121 [2/2] (2.32ns)   --->   "%sum_load_1 = load float* %sum_addr_1, align 4" [topp.c:454]   --->   Operation 121 'load' 'sum_load_1' <Predicate = (!exitcond_i)> <Delay = 2.32> <Core = "RAM">   --->   Core 37 'RAM' <Latency = 1> <II = 1> <Delay = 3.25> <Storage> <Opcode : 'load' 'store'> <Ports = 2> <Width = 32> <Depth = 1024> <RAM>
ST_18 : Operation 122 [1/1] (0.00ns)   --->   "br label %.preheader8.i"   --->   Operation 122 'br' <Predicate = (exitcond_i)> <Delay = 0.00>

State 19 <SV = 6> <Delay = 2.32>
ST_19 : Operation 123 [1/2] (2.32ns)   --->   "%sum_load_1 = load float* %sum_addr_1, align 4" [topp.c:454]   --->   Operation 123 'load' 'sum_load_1' <Predicate = true> <Delay = 2.32> <Core = "RAM">   --->   Core 37 'RAM' <Latency = 1> <II = 1> <Delay = 3.25> <Storage> <Opcode : 'load' 'store'> <Ports = 2> <Width = 32> <Depth = 1024> <RAM>

State 20 <SV = 7> <Delay = 8.67>
ST_20 : Operation 124 [1/1] (0.00ns)   --->   "%tmp_to_int_i_i = bitcast float %sum_load_1 to i32" [topp.c:416->topp.c:454]   --->   Operation 124 'bitcast' 'tmp_to_int_i_i' <Predicate = true> <Delay = 0.00>
ST_20 : Operation 125 [1/1] (0.99ns)   --->   "%tmp_neg_i_i = xor i32 %tmp_to_int_i_i, -2147483648" [topp.c:416->topp.c:454]   --->   Operation 125 'xor' 'tmp_neg_i_i' <Predicate = true> <Delay = 0.99> <Core = "LogicGate">   --->   Core 27 'LogicGate' <Latency = 0> <II = 1> <Delay = 0.99> <FuncUnit> <Opcode : 'and' 'or' 'xor'> <InPorts = 2> <OutPorts = 1>
ST_20 : Operation 126 [1/1] (0.00ns)   --->   "%tmp_i_i = bitcast i32 %tmp_neg_i_i to float" [topp.c:416->topp.c:454]   --->   Operation 126 'bitcast' 'tmp_i_i' <Predicate = true> <Delay = 0.00>
ST_20 : Operation 127 [9/9] (7.68ns)   --->   "%tmp_1_i_i = call float @llvm.exp.f32(float %tmp_i_i) nounwind" [topp.c:416->topp.c:454]   --->   Operation 127 'fexp' 'tmp_1_i_i' <Predicate = true> <Delay = 7.68> <Core = "FExp">   --->   Core 126 'FExp' <Latency = 8> <II = 1> <Delay = 7.68> <FuncUnit> <Opcode : 'fexp'> <InPorts = 1> <OutPorts = 1>

State 21 <SV = 8> <Delay = 7.68>
ST_21 : Operation 128 [8/9] (7.68ns)   --->   "%tmp_1_i_i = call float @llvm.exp.f32(float %tmp_i_i) nounwind" [topp.c:416->topp.c:454]   --->   Operation 128 'fexp' 'tmp_1_i_i' <Predicate = true> <Delay = 7.68> <Core = "FExp">   --->   Core 126 'FExp' <Latency = 8> <II = 1> <Delay = 7.68> <FuncUnit> <Opcode : 'fexp'> <InPorts = 1> <OutPorts = 1>

State 22 <SV = 9> <Delay = 7.68>
ST_22 : Operation 129 [7/9] (7.68ns)   --->   "%tmp_1_i_i = call float @llvm.exp.f32(float %tmp_i_i) nounwind" [topp.c:416->topp.c:454]   --->   Operation 129 'fexp' 'tmp_1_i_i' <Predicate = true> <Delay = 7.68> <Core = "FExp">   --->   Core 126 'FExp' <Latency = 8> <II = 1> <Delay = 7.68> <FuncUnit> <Opcode : 'fexp'> <InPorts = 1> <OutPorts = 1>

State 23 <SV = 10> <Delay = 7.68>
ST_23 : Operation 130 [6/9] (7.68ns)   --->   "%tmp_1_i_i = call float @llvm.exp.f32(float %tmp_i_i) nounwind" [topp.c:416->topp.c:454]   --->   Operation 130 'fexp' 'tmp_1_i_i' <Predicate = true> <Delay = 7.68> <Core = "FExp">   --->   Core 126 'FExp' <Latency = 8> <II = 1> <Delay = 7.68> <FuncUnit> <Opcode : 'fexp'> <InPorts = 1> <OutPorts = 1>

State 24 <SV = 11> <Delay = 7.68>
ST_24 : Operation 131 [5/9] (7.68ns)   --->   "%tmp_1_i_i = call float @llvm.exp.f32(float %tmp_i_i) nounwind" [topp.c:416->topp.c:454]   --->   Operation 131 'fexp' 'tmp_1_i_i' <Predicate = true> <Delay = 7.68> <Core = "FExp">   --->   Core 126 'FExp' <Latency = 8> <II = 1> <Delay = 7.68> <FuncUnit> <Opcode : 'fexp'> <InPorts = 1> <OutPorts = 1>

State 25 <SV = 12> <Delay = 7.68>
ST_25 : Operation 132 [4/9] (7.68ns)   --->   "%tmp_1_i_i = call float @llvm.exp.f32(float %tmp_i_i) nounwind" [topp.c:416->topp.c:454]   --->   Operation 132 'fexp' 'tmp_1_i_i' <Predicate = true> <Delay = 7.68> <Core = "FExp">   --->   Core 126 'FExp' <Latency = 8> <II = 1> <Delay = 7.68> <FuncUnit> <Opcode : 'fexp'> <InPorts = 1> <OutPorts = 1>

State 26 <SV = 13> <Delay = 7.68>
ST_26 : Operation 133 [3/9] (7.68ns)   --->   "%tmp_1_i_i = call float @llvm.exp.f32(float %tmp_i_i) nounwind" [topp.c:416->topp.c:454]   --->   Operation 133 'fexp' 'tmp_1_i_i' <Predicate = true> <Delay = 7.68> <Core = "FExp">   --->   Core 126 'FExp' <Latency = 8> <II = 1> <Delay = 7.68> <FuncUnit> <Opcode : 'fexp'> <InPorts = 1> <OutPorts = 1>

State 27 <SV = 14> <Delay = 7.68>
ST_27 : Operation 134 [2/9] (7.68ns)   --->   "%tmp_1_i_i = call float @llvm.exp.f32(float %tmp_i_i) nounwind" [topp.c:416->topp.c:454]   --->   Operation 134 'fexp' 'tmp_1_i_i' <Predicate = true> <Delay = 7.68> <Core = "FExp">   --->   Core 126 'FExp' <Latency = 8> <II = 1> <Delay = 7.68> <FuncUnit> <Opcode : 'fexp'> <InPorts = 1> <OutPorts = 1>

State 28 <SV = 15> <Delay = 7.68>
ST_28 : Operation 135 [1/9] (7.68ns)   --->   "%tmp_1_i_i = call float @llvm.exp.f32(float %tmp_i_i) nounwind" [topp.c:416->topp.c:454]   --->   Operation 135 'fexp' 'tmp_1_i_i' <Predicate = true> <Delay = 7.68> <Core = "FExp">   --->   Core 126 'FExp' <Latency = 8> <II = 1> <Delay = 7.68> <FuncUnit> <Opcode : 'fexp'> <InPorts = 1> <OutPorts = 1>

State 29 <SV = 16> <Delay = 7.25>
ST_29 : Operation 136 [5/5] (7.25ns)   --->   "%tmp_2_i_i = fadd float %tmp_1_i_i, 1.000000e+00" [topp.c:416->topp.c:454]   --->   Operation 136 'fadd' 'tmp_2_i_i' <Predicate = true> <Delay = 7.25> <Core = "FAddSub">   --->   Core 104 'FAddSub' <Latency = 4> <II = 1> <Delay = 7.25> <FuncUnit> <Opcode : 'fadd' 'fsub'> <InPorts = 2> <OutPorts = 1>

State 30 <SV = 17> <Delay = 7.25>
ST_30 : Operation 137 [4/5] (7.25ns)   --->   "%tmp_2_i_i = fadd float %tmp_1_i_i, 1.000000e+00" [topp.c:416->topp.c:454]   --->   Operation 137 'fadd' 'tmp_2_i_i' <Predicate = true> <Delay = 7.25> <Core = "FAddSub">   --->   Core 104 'FAddSub' <Latency = 4> <II = 1> <Delay = 7.25> <FuncUnit> <Opcode : 'fadd' 'fsub'> <InPorts = 2> <OutPorts = 1>

State 31 <SV = 18> <Delay = 7.25>
ST_31 : Operation 138 [3/5] (7.25ns)   --->   "%tmp_2_i_i = fadd float %tmp_1_i_i, 1.000000e+00" [topp.c:416->topp.c:454]   --->   Operation 138 'fadd' 'tmp_2_i_i' <Predicate = true> <Delay = 7.25> <Core = "FAddSub">   --->   Core 104 'FAddSub' <Latency = 4> <II = 1> <Delay = 7.25> <FuncUnit> <Opcode : 'fadd' 'fsub'> <InPorts = 2> <OutPorts = 1>

State 32 <SV = 19> <Delay = 7.25>
ST_32 : Operation 139 [2/5] (7.25ns)   --->   "%tmp_2_i_i = fadd float %tmp_1_i_i, 1.000000e+00" [topp.c:416->topp.c:454]   --->   Operation 139 'fadd' 'tmp_2_i_i' <Predicate = true> <Delay = 7.25> <Core = "FAddSub">   --->   Core 104 'FAddSub' <Latency = 4> <II = 1> <Delay = 7.25> <FuncUnit> <Opcode : 'fadd' 'fsub'> <InPorts = 2> <OutPorts = 1>

State 33 <SV = 20> <Delay = 7.25>
ST_33 : Operation 140 [1/5] (7.25ns)   --->   "%tmp_2_i_i = fadd float %tmp_1_i_i, 1.000000e+00" [topp.c:416->topp.c:454]   --->   Operation 140 'fadd' 'tmp_2_i_i' <Predicate = true> <Delay = 7.25> <Core = "FAddSub">   --->   Core 104 'FAddSub' <Latency = 4> <II = 1> <Delay = 7.25> <FuncUnit> <Opcode : 'fadd' 'fsub'> <InPorts = 2> <OutPorts = 1>

State 34 <SV = 21> <Delay = 6.07>
ST_34 : Operation 141 [16/16] (6.07ns)   --->   "%tmp_3_i_i = fdiv float 1.000000e+00, %tmp_2_i_i" [topp.c:416->topp.c:454]   --->   Operation 141 'fdiv' 'tmp_3_i_i' <Predicate = true> <Delay = 6.07> <Core = "FDiv">   --->   Core 106 'FDiv' <Latency = 15> <II = 1> <Delay = 6.07> <FuncUnit> <Opcode : 'fdiv' 'frem'> <InPorts = 2> <OutPorts = 1>

State 35 <SV = 22> <Delay = 6.07>
ST_35 : Operation 142 [15/16] (6.07ns)   --->   "%tmp_3_i_i = fdiv float 1.000000e+00, %tmp_2_i_i" [topp.c:416->topp.c:454]   --->   Operation 142 'fdiv' 'tmp_3_i_i' <Predicate = true> <Delay = 6.07> <Core = "FDiv">   --->   Core 106 'FDiv' <Latency = 15> <II = 1> <Delay = 6.07> <FuncUnit> <Opcode : 'fdiv' 'frem'> <InPorts = 2> <OutPorts = 1>

State 36 <SV = 23> <Delay = 6.07>
ST_36 : Operation 143 [14/16] (6.07ns)   --->   "%tmp_3_i_i = fdiv float 1.000000e+00, %tmp_2_i_i" [topp.c:416->topp.c:454]   --->   Operation 143 'fdiv' 'tmp_3_i_i' <Predicate = true> <Delay = 6.07> <Core = "FDiv">   --->   Core 106 'FDiv' <Latency = 15> <II = 1> <Delay = 6.07> <FuncUnit> <Opcode : 'fdiv' 'frem'> <InPorts = 2> <OutPorts = 1>

State 37 <SV = 24> <Delay = 6.07>
ST_37 : Operation 144 [13/16] (6.07ns)   --->   "%tmp_3_i_i = fdiv float 1.000000e+00, %tmp_2_i_i" [topp.c:416->topp.c:454]   --->   Operation 144 'fdiv' 'tmp_3_i_i' <Predicate = true> <Delay = 6.07> <Core = "FDiv">   --->   Core 106 'FDiv' <Latency = 15> <II = 1> <Delay = 6.07> <FuncUnit> <Opcode : 'fdiv' 'frem'> <InPorts = 2> <OutPorts = 1>

State 38 <SV = 25> <Delay = 6.07>
ST_38 : Operation 145 [12/16] (6.07ns)   --->   "%tmp_3_i_i = fdiv float 1.000000e+00, %tmp_2_i_i" [topp.c:416->topp.c:454]   --->   Operation 145 'fdiv' 'tmp_3_i_i' <Predicate = true> <Delay = 6.07> <Core = "FDiv">   --->   Core 106 'FDiv' <Latency = 15> <II = 1> <Delay = 6.07> <FuncUnit> <Opcode : 'fdiv' 'frem'> <InPorts = 2> <OutPorts = 1>

State 39 <SV = 26> <Delay = 6.07>
ST_39 : Operation 146 [11/16] (6.07ns)   --->   "%tmp_3_i_i = fdiv float 1.000000e+00, %tmp_2_i_i" [topp.c:416->topp.c:454]   --->   Operation 146 'fdiv' 'tmp_3_i_i' <Predicate = true> <Delay = 6.07> <Core = "FDiv">   --->   Core 106 'FDiv' <Latency = 15> <II = 1> <Delay = 6.07> <FuncUnit> <Opcode : 'fdiv' 'frem'> <InPorts = 2> <OutPorts = 1>

State 40 <SV = 27> <Delay = 6.07>
ST_40 : Operation 147 [10/16] (6.07ns)   --->   "%tmp_3_i_i = fdiv float 1.000000e+00, %tmp_2_i_i" [topp.c:416->topp.c:454]   --->   Operation 147 'fdiv' 'tmp_3_i_i' <Predicate = true> <Delay = 6.07> <Core = "FDiv">   --->   Core 106 'FDiv' <Latency = 15> <II = 1> <Delay = 6.07> <FuncUnit> <Opcode : 'fdiv' 'frem'> <InPorts = 2> <OutPorts = 1>

State 41 <SV = 28> <Delay = 6.07>
ST_41 : Operation 148 [9/16] (6.07ns)   --->   "%tmp_3_i_i = fdiv float 1.000000e+00, %tmp_2_i_i" [topp.c:416->topp.c:454]   --->   Operation 148 'fdiv' 'tmp_3_i_i' <Predicate = true> <Delay = 6.07> <Core = "FDiv">   --->   Core 106 'FDiv' <Latency = 15> <II = 1> <Delay = 6.07> <FuncUnit> <Opcode : 'fdiv' 'frem'> <InPorts = 2> <OutPorts = 1>

State 42 <SV = 29> <Delay = 6.07>
ST_42 : Operation 149 [8/16] (6.07ns)   --->   "%tmp_3_i_i = fdiv float 1.000000e+00, %tmp_2_i_i" [topp.c:416->topp.c:454]   --->   Operation 149 'fdiv' 'tmp_3_i_i' <Predicate = true> <Delay = 6.07> <Core = "FDiv">   --->   Core 106 'FDiv' <Latency = 15> <II = 1> <Delay = 6.07> <FuncUnit> <Opcode : 'fdiv' 'frem'> <InPorts = 2> <OutPorts = 1>

State 43 <SV = 30> <Delay = 6.07>
ST_43 : Operation 150 [7/16] (6.07ns)   --->   "%tmp_3_i_i = fdiv float 1.000000e+00, %tmp_2_i_i" [topp.c:416->topp.c:454]   --->   Operation 150 'fdiv' 'tmp_3_i_i' <Predicate = true> <Delay = 6.07> <Core = "FDiv">   --->   Core 106 'FDiv' <Latency = 15> <II = 1> <Delay = 6.07> <FuncUnit> <Opcode : 'fdiv' 'frem'> <InPorts = 2> <OutPorts = 1>

State 44 <SV = 31> <Delay = 6.07>
ST_44 : Operation 151 [6/16] (6.07ns)   --->   "%tmp_3_i_i = fdiv float 1.000000e+00, %tmp_2_i_i" [topp.c:416->topp.c:454]   --->   Operation 151 'fdiv' 'tmp_3_i_i' <Predicate = true> <Delay = 6.07> <Core = "FDiv">   --->   Core 106 'FDiv' <Latency = 15> <II = 1> <Delay = 6.07> <FuncUnit> <Opcode : 'fdiv' 'frem'> <InPorts = 2> <OutPorts = 1>

State 45 <SV = 32> <Delay = 6.07>
ST_45 : Operation 152 [5/16] (6.07ns)   --->   "%tmp_3_i_i = fdiv float 1.000000e+00, %tmp_2_i_i" [topp.c:416->topp.c:454]   --->   Operation 152 'fdiv' 'tmp_3_i_i' <Predicate = true> <Delay = 6.07> <Core = "FDiv">   --->   Core 106 'FDiv' <Latency = 15> <II = 1> <Delay = 6.07> <FuncUnit> <Opcode : 'fdiv' 'frem'> <InPorts = 2> <OutPorts = 1>

State 46 <SV = 33> <Delay = 6.07>
ST_46 : Operation 153 [4/16] (6.07ns)   --->   "%tmp_3_i_i = fdiv float 1.000000e+00, %tmp_2_i_i" [topp.c:416->topp.c:454]   --->   Operation 153 'fdiv' 'tmp_3_i_i' <Predicate = true> <Delay = 6.07> <Core = "FDiv">   --->   Core 106 'FDiv' <Latency = 15> <II = 1> <Delay = 6.07> <FuncUnit> <Opcode : 'fdiv' 'frem'> <InPorts = 2> <OutPorts = 1>

State 47 <SV = 34> <Delay = 6.07>
ST_47 : Operation 154 [3/16] (6.07ns)   --->   "%tmp_3_i_i = fdiv float 1.000000e+00, %tmp_2_i_i" [topp.c:416->topp.c:454]   --->   Operation 154 'fdiv' 'tmp_3_i_i' <Predicate = true> <Delay = 6.07> <Core = "FDiv">   --->   Core 106 'FDiv' <Latency = 15> <II = 1> <Delay = 6.07> <FuncUnit> <Opcode : 'fdiv' 'frem'> <InPorts = 2> <OutPorts = 1>

State 48 <SV = 35> <Delay = 6.07>
ST_48 : Operation 155 [2/16] (6.07ns)   --->   "%tmp_3_i_i = fdiv float 1.000000e+00, %tmp_2_i_i" [topp.c:416->topp.c:454]   --->   Operation 155 'fdiv' 'tmp_3_i_i' <Predicate = true> <Delay = 6.07> <Core = "FDiv">   --->   Core 106 'FDiv' <Latency = 15> <II = 1> <Delay = 6.07> <FuncUnit> <Opcode : 'fdiv' 'frem'> <InPorts = 2> <OutPorts = 1>

State 49 <SV = 36> <Delay = 6.07>
ST_49 : Operation 156 [1/16] (6.07ns)   --->   "%tmp_3_i_i = fdiv float 1.000000e+00, %tmp_2_i_i" [topp.c:416->topp.c:454]   --->   Operation 156 'fdiv' 'tmp_3_i_i' <Predicate = true> <Delay = 6.07> <Core = "FDiv">   --->   Core 106 'FDiv' <Latency = 15> <II = 1> <Delay = 6.07> <FuncUnit> <Opcode : 'fdiv' 'frem'> <InPorts = 2> <OutPorts = 1>

State 50 <SV = 37> <Delay = 3.25>
ST_50 : Operation 157 [1/1] (0.00ns)   --->   "%tmp_5_cast = zext i12 %tmp_5 to i64" [topp.c:454]   --->   Operation 157 'zext' 'tmp_5_cast' <Predicate = true> <Delay = 0.00>
ST_50 : Operation 158 [1/1] (0.00ns)   --->   "%out_addr = getelementptr [1024 x float]* %out_r, i64 0, i64 %tmp_5_cast" [topp.c:454]   --->   Operation 158 'getelementptr' 'out_addr' <Predicate = true> <Delay = 0.00>
ST_50 : Operation 159 [1/1] (3.25ns)   --->   "store float %tmp_3_i_i, float* %out_addr, align 4" [topp.c:454]   --->   Operation 159 'store' <Predicate = true> <Delay = 3.25> <Core = "RAM">   --->   Core 37 'RAM' <Latency = 1> <II = 1> <Delay = 3.25> <Storage> <Opcode : 'load' 'store'> <Ports = 2> <Width = 32> <Depth = 1024> <RAM>
ST_50 : Operation 160 [1/1] (0.00ns)   --->   "br label %.preheader.i" [topp.c:453]   --->   Operation 160 'br' <Predicate = true> <Delay = 0.00>


============================================================
+ Verbose Summary: Timing violations
============================================================
Target clock period: 10ns, clock uncertainty: 1.25ns.

 <State 1>: 1.77ns
The critical path consists of the following:
	multiplexor before 'phi' operation ('r') with incoming values : ('r', topp.c:434) [7]  (1.77 ns)

 <State 2>: 1.77ns
The critical path consists of the following:
	multiplexor before 'phi' operation ('c') with incoming values : ('c', topp.c:435) [17]  (1.77 ns)

 <State 3>: 1.77ns
The critical path consists of the following:
	multiplexor before 'phi' operation ('oc') with incoming values : ('oc', topp.c:438) [25]  (1.77 ns)

 <State 4>: 2.32ns
The critical path consists of the following:
	'phi' operation ('oc') with incoming values : ('oc', topp.c:438) [25]  (0 ns)
	'getelementptr' operation ('sum_addr', topp.c:440) [32]  (0 ns)
	'store' operation (topp.c:440) of constant 0 on array 'sum', topp.c:430 [33]  (2.32 ns)

 <State 5>: 3.63ns
The critical path consists of the following:
	fifo read on port 'f5' (topp.c:445) [47]  (3.63 ns)

 <State 6>: 5.7ns
The critical path consists of the following:
	'fmul' operation ('tmp_30_i', topp.c:449) [48]  (5.7 ns)

 <State 7>: 5.7ns
The critical path consists of the following:
	'fmul' operation ('tmp_30_i', topp.c:449) [48]  (5.7 ns)

 <State 8>: 5.7ns
The critical path consists of the following:
	'fmul' operation ('tmp_30_i', topp.c:449) [48]  (5.7 ns)

 <State 9>: 5.7ns
The critical path consists of the following:
	'fmul' operation ('tmp_30_i', topp.c:449) [48]  (5.7 ns)

 <State 10>: 2.32ns
The critical path consists of the following:
	'phi' operation ('oc') with incoming values : ('oc', topp.c:447) [51]  (0 ns)
	'getelementptr' operation ('sum_addr_2', topp.c:449) [58]  (0 ns)
	'load' operation ('sum_load', topp.c:449) on array 'sum', topp.c:430 [59]  (2.32 ns)

 <State 11>: 2.32ns
The critical path consists of the following:
	'load' operation ('sum_load', topp.c:449) on array 'sum', topp.c:430 [59]  (2.32 ns)

 <State 12>: 7.26ns
The critical path consists of the following:
	'fadd' operation ('tmp_31_i', topp.c:449) [60]  (7.26 ns)

 <State 13>: 7.26ns
The critical path consists of the following:
	'fadd' operation ('tmp_31_i', topp.c:449) [60]  (7.26 ns)

 <State 14>: 7.26ns
The critical path consists of the following:
	'fadd' operation ('tmp_31_i', topp.c:449) [60]  (7.26 ns)

 <State 15>: 7.26ns
The critical path consists of the following:
	'fadd' operation ('tmp_31_i', topp.c:449) [60]  (7.26 ns)

 <State 16>: 7.26ns
The critical path consists of the following:
	'fadd' operation ('tmp_31_i', topp.c:449) [60]  (7.26 ns)

 <State 17>: 2.32ns
The critical path consists of the following:
	'store' operation (topp.c:449) of variable 'tmp_31_i', topp.c:449 on array 'sum', topp.c:430 [61]  (2.32 ns)

 <State 18>: 2.32ns
The critical path consists of the following:
	'phi' operation ('oc') with incoming values : ('oc', topp.c:453) [68]  (0 ns)
	'getelementptr' operation ('sum_addr_1', topp.c:454) [79]  (0 ns)
	'load' operation ('x', topp.c:454) on array 'sum', topp.c:430 [80]  (2.32 ns)

 <State 19>: 2.32ns
The critical path consists of the following:
	'load' operation ('x', topp.c:454) on array 'sum', topp.c:430 [80]  (2.32 ns)

 <State 20>: 8.68ns
The critical path consists of the following:
	'xor' operation ('tmp_neg_i_i', topp.c:416->topp.c:454) [82]  (0.993 ns)
	'fexp' operation ('tmp_1_i_i', topp.c:416->topp.c:454) [84]  (7.68 ns)

 <State 21>: 7.68ns
The critical path consists of the following:
	'fexp' operation ('tmp_1_i_i', topp.c:416->topp.c:454) [84]  (7.68 ns)

 <State 22>: 7.68ns
The critical path consists of the following:
	'fexp' operation ('tmp_1_i_i', topp.c:416->topp.c:454) [84]  (7.68 ns)

 <State 23>: 7.68ns
The critical path consists of the following:
	'fexp' operation ('tmp_1_i_i', topp.c:416->topp.c:454) [84]  (7.68 ns)

 <State 24>: 7.68ns
The critical path consists of the following:
	'fexp' operation ('tmp_1_i_i', topp.c:416->topp.c:454) [84]  (7.68 ns)

 <State 25>: 7.68ns
The critical path consists of the following:
	'fexp' operation ('tmp_1_i_i', topp.c:416->topp.c:454) [84]  (7.68 ns)

 <State 26>: 7.68ns
The critical path consists of the following:
	'fexp' operation ('tmp_1_i_i', topp.c:416->topp.c:454) [84]  (7.68 ns)

 <State 27>: 7.68ns
The critical path consists of the following:
	'fexp' operation ('tmp_1_i_i', topp.c:416->topp.c:454) [84]  (7.68 ns)

 <State 28>: 7.68ns
The critical path consists of the following:
	'fexp' operation ('tmp_1_i_i', topp.c:416->topp.c:454) [84]  (7.68 ns)

 <State 29>: 7.26ns
The critical path consists of the following:
	'fadd' operation ('tmp_2_i_i', topp.c:416->topp.c:454) [85]  (7.26 ns)

 <State 30>: 7.26ns
The critical path consists of the following:
	'fadd' operation ('tmp_2_i_i', topp.c:416->topp.c:454) [85]  (7.26 ns)

 <State 31>: 7.26ns
The critical path consists of the following:
	'fadd' operation ('tmp_2_i_i', topp.c:416->topp.c:454) [85]  (7.26 ns)

 <State 32>: 7.26ns
The critical path consists of the following:
	'fadd' operation ('tmp_2_i_i', topp.c:416->topp.c:454) [85]  (7.26 ns)

 <State 33>: 7.26ns
The critical path consists of the following:
	'fadd' operation ('tmp_2_i_i', topp.c:416->topp.c:454) [85]  (7.26 ns)

 <State 34>: 6.08ns
The critical path consists of the following:
	'fdiv' operation ('tmp_3_i_i', topp.c:416->topp.c:454) [86]  (6.08 ns)

 <State 35>: 6.08ns
The critical path consists of the following:
	'fdiv' operation ('tmp_3_i_i', topp.c:416->topp.c:454) [86]  (6.08 ns)

 <State 36>: 6.08ns
The critical path consists of the following:
	'fdiv' operation ('tmp_3_i_i', topp.c:416->topp.c:454) [86]  (6.08 ns)

 <State 37>: 6.08ns
The critical path consists of the following:
	'fdiv' operation ('tmp_3_i_i', topp.c:416->topp.c:454) [86]  (6.08 ns)

 <State 38>: 6.08ns
The critical path consists of the following:
	'fdiv' operation ('tmp_3_i_i', topp.c:416->topp.c:454) [86]  (6.08 ns)

 <State 39>: 6.08ns
The critical path consists of the following:
	'fdiv' operation ('tmp_3_i_i', topp.c:416->topp.c:454) [86]  (6.08 ns)

 <State 40>: 6.08ns
The critical path consists of the following:
	'fdiv' operation ('tmp_3_i_i', topp.c:416->topp.c:454) [86]  (6.08 ns)

 <State 41>: 6.08ns
The critical path consists of the following:
	'fdiv' operation ('tmp_3_i_i', topp.c:416->topp.c:454) [86]  (6.08 ns)

 <State 42>: 6.08ns
The critical path consists of the following:
	'fdiv' operation ('tmp_3_i_i', topp.c:416->topp.c:454) [86]  (6.08 ns)

 <State 43>: 6.08ns
The critical path consists of the following:
	'fdiv' operation ('tmp_3_i_i', topp.c:416->topp.c:454) [86]  (6.08 ns)

 <State 44>: 6.08ns
The critical path consists of the following:
	'fdiv' operation ('tmp_3_i_i', topp.c:416->topp.c:454) [86]  (6.08 ns)

 <State 45>: 6.08ns
The critical path consists of the following:
	'fdiv' operation ('tmp_3_i_i', topp.c:416->topp.c:454) [86]  (6.08 ns)

 <State 46>: 6.08ns
The critical path consists of the following:
	'fdiv' operation ('tmp_3_i_i', topp.c:416->topp.c:454) [86]  (6.08 ns)

 <State 47>: 6.08ns
The critical path consists of the following:
	'fdiv' operation ('tmp_3_i_i', topp.c:416->topp.c:454) [86]  (6.08 ns)

 <State 48>: 6.08ns
The critical path consists of the following:
	'fdiv' operation ('tmp_3_i_i', topp.c:416->topp.c:454) [86]  (6.08 ns)

 <State 49>: 6.08ns
The critical path consists of the following:
	'fdiv' operation ('tmp_3_i_i', topp.c:416->topp.c:454) [86]  (6.08 ns)

 <State 50>: 3.25ns
The critical path consists of the following:
	'getelementptr' operation ('out_addr', topp.c:454) [78]  (0 ns)
	'store' operation (topp.c:454) of variable 'tmp_3_i_i', topp.c:416->topp.c:454 on array 'out_r' [87]  (3.25 ns)


============================================================
+ Verbose Summary: Binding
============================================================
N/A
* FSMD analyzer results:
  - Output states:
 - Input state : 
  - Chain level:
	State 1
	State 2
	State 3
	State 4
	State 5
	State 6
	State 7
	State 8
	State 9
	State 10
	State 11
	State 12
	State 13
	State 14
	State 15
	State 16
	State 17
	State 18
	State 19
	State 20
	State 21
	State 22
	State 23
	State 24
	State 25
	State 26
	State 27
	State 28
	State 29
	State 30
	State 31
	State 32
	State 33
	State 34
	State 35
	State 36
	State 37
	State 38
	State 39
	State 40
	State 41
	State 42
	State 43
	State 44
	State 45
	State 46
	State 47
	State 48
	State 49
	State 50


============================================================
+ Verbose Summary: Datapath Resource usage 
============================================================
N/A
