

================================================================
== Vivado HLS Report for 'topp'
================================================================
* Date:           Tue Jun  9 11:04:43 2026

* Version:        2018.3 (Build 2405991 on Thu Dec 06 23:56:15 MST 2018)
* Project:        topp
* Solution:       solution2
* Product family: zynq
* Target device:  xc7z020clg484-1


================================================================
== Performance Estimates
================================================================
+ Timing (ns): 
    * Summary: 
    +--------+-------+----------+------------+
    |  Clock | Target| Estimated| Uncertainty|
    +--------+-------+----------+------------+
    |ap_clk  |  10.00|     8.677|        1.25|
    +--------+-------+----------+------------+

+ Latency (clock cycles): 
    * Summary: 
    +--------+----------+--------+----------+----------+
    |      Latency      |      Interval     | Pipeline |
    |   min  |    max   |   min  |    max   |   Type   |
    +--------+----------+--------+----------+----------+
    |  567061|  14823765|  309522|  14759882| dataflow |
    +--------+----------+--------+----------+----------+

    + Detail: 
        * Instance: 
        +-------------------+----------------+--------+----------+--------+----------+---------+
        |                   |                |      Latency      |      Interval     | Pipeline|
        |      Instance     |     Module     |   min  |    max   |   min  |    max   |   Type  |
        +-------------------+----------------+--------+----------+--------+----------+---------+
        |detection_head_U0  |detection_head  |  309521|    309521|  309521|    309521|   none  |
        |conv1_U0           |conv1           |  110721|   9842817|  110721|   9842817|   none  |
        |conv4_U0           |conv4           |   37321|  14759881|   37321|  14759881|   none  |
        |conv3_U0           |conv3           |   25705|  10129897|   25705|  10129897|   none  |
        |conv2_U0           |conv2           |   64450|  12657394|   64450|  12657394|   none  |
        |conv5_U0           |conv5           |   25921|  10246721|   25921|  10246721|   none  |
        |maxpool1_U0        |maxpool1        |   48113|     48113|   48113|     48113|   none  |
        |maxpool2_U0        |maxpool2        |   19237|     19237|   19237|     19237|   none  |
        +-------------------+----------------+--------+----------+--------+----------+---------+

        * Loop: 
        N/A



================================================================
== Utilization Estimates
================================================================
* Summary: 
+-----------------+---------+-------+--------+-------+
|       Name      | BRAM_18K| DSP48E|   FF   |  LUT  |
+-----------------+---------+-------+--------+-------+
|DSP              |        -|      -|       -|      -|
|Expression       |        -|      -|       0|      2|
|FIFO             |        0|      -|      49|    343|
|Instance         |       20|     37|    6416|  13069|
|Memory           |        -|      -|       -|      -|
|Multiplexer      |        -|      -|       -|      -|
|Register         |        -|      -|       -|      -|
+-----------------+---------+-------+--------+-------+
|Total            |       20|     37|    6465|  13414|
+-----------------+---------+-------+--------+-------+
|Available        |      280|    220|  106400|  53200|
+-----------------+---------+-------+--------+-------+
|Utilization (%)  |        7|     16|       6|     25|
+-----------------+---------+-------+--------+-------+

+ Detail: 
    * Instance: 
    +-------------------+----------------+---------+-------+------+------+
    |      Instance     |     Module     | BRAM_18K| DSP48E|  FF  |  LUT |
    +-------------------+----------------+---------+-------+------+------+
    |conv1_U0           |conv1           |        4|      5|   860|  1836|
    |conv2_U0           |conv2           |        4|      5|   818|  1705|
    |conv3_U0           |conv3           |        4|      5|   826|  1702|
    |conv4_U0           |conv4           |        4|      5|   839|  1701|
    |conv5_U0           |conv5           |        4|      5|   771|  1395|
    |detection_head_U0  |detection_head  |        0|     12|  1774|  3218|
    |maxpool1_U0        |maxpool1        |        0|      0|   265|   759|
    |maxpool2_U0        |maxpool2        |        0|      0|   263|   753|
    +-------------------+----------------+---------+-------+------+------+
    |Total              |                |       20|     37|  6416| 13069|
    +-------------------+----------------+---------+-------+------+------+

    * DSP48: 
    N/A

    * Memory: 
    N/A

    * FIFO: 
    +--------------------+---------+---+----+------+-----+---------+
    |        Name        | BRAM_18K| FF| LUT| Depth| Bits| Size:D*B|
    +--------------------+---------+---+----+------+-----+---------+
    |f1_local_channel_U  |        0|  7|  49|    16|   32|      512|
    |f2_local_channel_U  |        0|  7|  49|    16|   32|      512|
    |f3_local_channel_U  |        0|  7|  49|    16|   32|      512|
    |f4_local_channel_U  |        0|  7|  49|    16|   32|      512|
    |f5_local_channel_U  |        0|  7|  49|    16|   32|      512|
    |p1_local_channel_U  |        0|  7|  49|    16|   32|      512|
    |p2_local_channel_U  |        0|  7|  49|    16|   32|      512|
    +--------------------+---------+---+----+------+-----+---------+
    |Total               |        0| 49| 343|   112|  224|     3584|
    +--------------------+---------+---+----+------+-----+---------+

    * Expression: 
    +--------------+----------+-------+---+----+------------+------------+
    | Variable Name| Operation| DSP48E| FF| LUT| Bitwidth P0| Bitwidth P1|
    +--------------+----------+-------+---+----+------------+------------+
    |ap_idle       |    and   |      0|  0|   2|           1|           1|
    +--------------+----------+-------+---+----+------------+------------+
    |Total         |          |      0|  0|   2|           1|           1|
    +--------------+----------+-------+---+----+------------+------------+

    * Multiplexer: 
    N/A

    * Register: 
    N/A



================================================================
== Interface
================================================================
* Summary: 
+-------------------+-----+-----+------------+--------------+--------------+
|     RTL Ports     | Dir | Bits|  Protocol  | Source Object|    C Type    |
+-------------------+-----+-----+------------+--------------+--------------+
|image_r_address0   | out |   14|  ap_memory |    image_r   |     array    |
|image_r_ce0        | out |    1|  ap_memory |    image_r   |     array    |
|image_r_d0         | out |   32|  ap_memory |    image_r   |     array    |
|image_r_q0         |  in |   32|  ap_memory |    image_r   |     array    |
|image_r_we0        | out |    1|  ap_memory |    image_r   |     array    |
|image_r_address1   | out |   14|  ap_memory |    image_r   |     array    |
|image_r_ce1        | out |    1|  ap_memory |    image_r   |     array    |
|image_r_d1         | out |   32|  ap_memory |    image_r   |     array    |
|image_r_q1         |  in |   32|  ap_memory |    image_r   |     array    |
|image_r_we1        | out |    1|  ap_memory |    image_r   |     array    |
|output_r_address0  | out |   10|  ap_memory |   output_r   |     array    |
|output_r_ce0       | out |    1|  ap_memory |   output_r   |     array    |
|output_r_d0        | out |   32|  ap_memory |   output_r   |     array    |
|output_r_q0        |  in |   32|  ap_memory |   output_r   |     array    |
|output_r_we0       | out |    1|  ap_memory |   output_r   |     array    |
|output_r_address1  | out |   10|  ap_memory |   output_r   |     array    |
|output_r_ce1       | out |    1|  ap_memory |   output_r   |     array    |
|output_r_d1        | out |   32|  ap_memory |   output_r   |     array    |
|output_r_q1        |  in |   32|  ap_memory |   output_r   |     array    |
|output_r_we1       | out |    1|  ap_memory |   output_r   |     array    |
|ap_clk             |  in |    1| ap_ctrl_hs |     topp     | return value |
|ap_rst             |  in |    1| ap_ctrl_hs |     topp     | return value |
|ap_start           |  in |    1| ap_ctrl_hs |     topp     | return value |
|ap_done            | out |    1| ap_ctrl_hs |     topp     | return value |
|ap_ready           | out |    1| ap_ctrl_hs |     topp     | return value |
|ap_idle            | out |    1| ap_ctrl_hs |     topp     | return value |
+-------------------+-----+-----+------------+--------------+--------------+

============================================================
+ Verbose Summary: Synthesis Manager
============================================================
InlineROM: 1
ExposeGlobal: 0
============================================================
+ Verbose Summary: CDFG Model
============================================================
IsTopModel: 1
ResetActiveHigh: 1
IsCombinational: 2
IsDatapathOnly: 2
HasWiredReturn: 1
HasMFsm: 0
HasVarLatency: 1
IsPipeline: 0
IsRtlPipelined: 0
IsInstanceOverlapped: 0
IsDontTouch: 0
HasImplIP: 0
IsGatedGlobalClock: 0


============================================================
+ Verbose Summary: Schedule
============================================================
* Number of FSM states : 16
* Pipeline : 0
* Dataflow Pipeline: 1
  DF-Pipeline-0: Size = 16, States = { 1 2 3 4 5 6 7 8 9 10 11 12 13 14 15 16 }

* FSM state transitions: 
1 --> 
	2  / true
2 --> 
	3  / true
3 --> 
	4  / true
4 --> 
	5  / true
5 --> 
	6  / true
6 --> 
	7  / true
7 --> 
	8  / true
8 --> 
	9  / true
9 --> 
	10  / true
10 --> 
	11  / true
11 --> 
	12  / true
12 --> 
	13  / true
13 --> 
	14  / true
14 --> 
	15  / true
15 --> 
	16  / true
16 --> 

* FSM state operations: 

State 1 <SV = 0> <Delay = 0.00>
ST_1 : Operation 17 [1/1] (0.00ns)   --->   "%f5_local_channel = alloca float, align 4"   --->   Operation 17 'alloca' 'f5_local_channel' <Predicate = true> <Delay = 0.00> <Core = "FIFO">   --->   Core 32 'FIFO' <Latency = 0> <II = 1> <Delay = 3.80> <Storage> <Opcode : 'read' 'write' 'nbread' 'nbwrite'> <Ports = 0> <Width = 32> <Depth = 16> <FIFO>
ST_1 : Operation 18 [1/1] (0.00ns)   --->   "%f4_local_channel = alloca float, align 4"   --->   Operation 18 'alloca' 'f4_local_channel' <Predicate = true> <Delay = 0.00> <Core = "FIFO">   --->   Core 32 'FIFO' <Latency = 0> <II = 1> <Delay = 3.80> <Storage> <Opcode : 'read' 'write' 'nbread' 'nbwrite'> <Ports = 0> <Width = 32> <Depth = 16> <FIFO>
ST_1 : Operation 19 [1/1] (0.00ns)   --->   "%f3_local_channel = alloca float, align 4"   --->   Operation 19 'alloca' 'f3_local_channel' <Predicate = true> <Delay = 0.00> <Core = "FIFO">   --->   Core 32 'FIFO' <Latency = 0> <II = 1> <Delay = 3.80> <Storage> <Opcode : 'read' 'write' 'nbread' 'nbwrite'> <Ports = 0> <Width = 32> <Depth = 16> <FIFO>
ST_1 : Operation 20 [1/1] (0.00ns)   --->   "%p2_local_channel = alloca float, align 4"   --->   Operation 20 'alloca' 'p2_local_channel' <Predicate = true> <Delay = 0.00> <Core = "FIFO">   --->   Core 32 'FIFO' <Latency = 0> <II = 1> <Delay = 3.80> <Storage> <Opcode : 'read' 'write' 'nbread' 'nbwrite'> <Ports = 0> <Width = 32> <Depth = 16> <FIFO>
ST_1 : Operation 21 [1/1] (0.00ns)   --->   "%f2_local_channel = alloca float, align 4"   --->   Operation 21 'alloca' 'f2_local_channel' <Predicate = true> <Delay = 0.00> <Core = "FIFO">   --->   Core 32 'FIFO' <Latency = 0> <II = 1> <Delay = 3.80> <Storage> <Opcode : 'read' 'write' 'nbread' 'nbwrite'> <Ports = 0> <Width = 32> <Depth = 16> <FIFO>
ST_1 : Operation 22 [1/1] (0.00ns)   --->   "%p1_local_channel = alloca float, align 4"   --->   Operation 22 'alloca' 'p1_local_channel' <Predicate = true> <Delay = 0.00> <Core = "FIFO">   --->   Core 32 'FIFO' <Latency = 0> <II = 1> <Delay = 3.80> <Storage> <Opcode : 'read' 'write' 'nbread' 'nbwrite'> <Ports = 0> <Width = 32> <Depth = 16> <FIFO>
ST_1 : Operation 23 [1/1] (0.00ns)   --->   "%f1_local_channel = alloca float, align 4"   --->   Operation 23 'alloca' 'f1_local_channel' <Predicate = true> <Delay = 0.00> <Core = "FIFO">   --->   Core 32 'FIFO' <Latency = 0> <II = 1> <Delay = 3.80> <Storage> <Opcode : 'read' 'write' 'nbread' 'nbwrite'> <Ports = 0> <Width = 32> <Depth = 16> <FIFO>
ST_1 : Operation 24 [2/2] (0.00ns)   --->   "call fastcc void @conv1([12288 x float]* %image_r, float* %f1_local_channel) nounwind" [topp.c:485]   --->   Operation 24 'call' <Predicate = true> <Delay = 0.00> <CoreType = "Generic">   --->   Core 0 '' <Latency = 0> <II = 1> <Delay = 1.00> <Generic> <Opcode : >

State 2 <SV = 1> <Delay = 0.00>
ST_2 : Operation 25 [1/2] (0.00ns)   --->   "call fastcc void @conv1([12288 x float]* %image_r, float* %f1_local_channel) nounwind" [topp.c:485]   --->   Operation 25 'call' <Predicate = true> <Delay = 0.00> <CoreType = "Generic">   --->   Core 0 '' <Latency = 0> <II = 1> <Delay = 1.00> <Generic> <Opcode : >

State 3 <SV = 2> <Delay = 0.00>
ST_3 : Operation 26 [2/2] (0.00ns)   --->   "call fastcc void @maxpool1(float* %p1_local_channel, float* %f1_local_channel) nounwind" [topp.c:486]   --->   Operation 26 'call' <Predicate = true> <Delay = 0.00> <CoreType = "Generic">   --->   Core 0 '' <Latency = 0> <II = 1> <Delay = 1.00> <Generic> <Opcode : >

State 4 <SV = 3> <Delay = 0.00>
ST_4 : Operation 27 [1/2] (0.00ns)   --->   "call fastcc void @maxpool1(float* %p1_local_channel, float* %f1_local_channel) nounwind" [topp.c:486]   --->   Operation 27 'call' <Predicate = true> <Delay = 0.00> <CoreType = "Generic">   --->   Core 0 '' <Latency = 0> <II = 1> <Delay = 1.00> <Generic> <Opcode : >

State 5 <SV = 4> <Delay = 0.00>
ST_5 : Operation 28 [2/2] (0.00ns)   --->   "call fastcc void @conv2(float* %f2_local_channel, float* %p1_local_channel) nounwind" [topp.c:487]   --->   Operation 28 'call' <Predicate = true> <Delay = 0.00> <CoreType = "Generic">   --->   Core 0 '' <Latency = 0> <II = 1> <Delay = 1.00> <Generic> <Opcode : >

State 6 <SV = 5> <Delay = 0.00>
ST_6 : Operation 29 [1/2] (0.00ns)   --->   "call fastcc void @conv2(float* %f2_local_channel, float* %p1_local_channel) nounwind" [topp.c:487]   --->   Operation 29 'call' <Predicate = true> <Delay = 0.00> <CoreType = "Generic">   --->   Core 0 '' <Latency = 0> <II = 1> <Delay = 1.00> <Generic> <Opcode : >

State 7 <SV = 6> <Delay = 0.00>
ST_7 : Operation 30 [2/2] (0.00ns)   --->   "call fastcc void @maxpool2(float* %p2_local_channel, float* %f2_local_channel) nounwind" [topp.c:488]   --->   Operation 30 'call' <Predicate = true> <Delay = 0.00> <CoreType = "Generic">   --->   Core 0 '' <Latency = 0> <II = 1> <Delay = 1.00> <Generic> <Opcode : >

State 8 <SV = 7> <Delay = 0.00>
ST_8 : Operation 31 [1/2] (0.00ns)   --->   "call fastcc void @maxpool2(float* %p2_local_channel, float* %f2_local_channel) nounwind" [topp.c:488]   --->   Operation 31 'call' <Predicate = true> <Delay = 0.00> <CoreType = "Generic">   --->   Core 0 '' <Latency = 0> <II = 1> <Delay = 1.00> <Generic> <Opcode : >

State 9 <SV = 8> <Delay = 0.00>
ST_9 : Operation 32 [2/2] (0.00ns)   --->   "call fastcc void @conv3(float* %f3_local_channel, float* %p2_local_channel) nounwind" [topp.c:489]   --->   Operation 32 'call' <Predicate = true> <Delay = 0.00> <CoreType = "Generic">   --->   Core 0 '' <Latency = 0> <II = 1> <Delay = 1.00> <Generic> <Opcode : >

State 10 <SV = 9> <Delay = 0.00>
ST_10 : Operation 33 [1/2] (0.00ns)   --->   "call fastcc void @conv3(float* %f3_local_channel, float* %p2_local_channel) nounwind" [topp.c:489]   --->   Operation 33 'call' <Predicate = true> <Delay = 0.00> <CoreType = "Generic">   --->   Core 0 '' <Latency = 0> <II = 1> <Delay = 1.00> <Generic> <Opcode : >

State 11 <SV = 10> <Delay = 0.00>
ST_11 : Operation 34 [2/2] (0.00ns)   --->   "call fastcc void @conv4(float* %f4_local_channel, float* %f3_local_channel) nounwind" [topp.c:490]   --->   Operation 34 'call' <Predicate = true> <Delay = 0.00> <CoreType = "Generic">   --->   Core 0 '' <Latency = 0> <II = 1> <Delay = 1.00> <Generic> <Opcode : >

State 12 <SV = 11> <Delay = 0.00>
ST_12 : Operation 35 [1/2] (0.00ns)   --->   "call fastcc void @conv4(float* %f4_local_channel, float* %f3_local_channel) nounwind" [topp.c:490]   --->   Operation 35 'call' <Predicate = true> <Delay = 0.00> <CoreType = "Generic">   --->   Core 0 '' <Latency = 0> <II = 1> <Delay = 1.00> <Generic> <Opcode : >

State 13 <SV = 12> <Delay = 0.00>
ST_13 : Operation 36 [2/2] (0.00ns)   --->   "call fastcc void @conv5(float* %f5_local_channel, float* %f4_local_channel) nounwind" [topp.c:491]   --->   Operation 36 'call' <Predicate = true> <Delay = 0.00> <CoreType = "Generic">   --->   Core 0 '' <Latency = 0> <II = 1> <Delay = 1.00> <Generic> <Opcode : >

State 14 <SV = 13> <Delay = 0.00>
ST_14 : Operation 37 [1/2] (0.00ns)   --->   "call fastcc void @conv5(float* %f5_local_channel, float* %f4_local_channel) nounwind" [topp.c:491]   --->   Operation 37 'call' <Predicate = true> <Delay = 0.00> <CoreType = "Generic">   --->   Core 0 '' <Latency = 0> <II = 1> <Delay = 1.00> <Generic> <Opcode : >

State 15 <SV = 14> <Delay = 0.00>
ST_15 : Operation 38 [2/2] (0.00ns)   --->   "call fastcc void @detection_head([1024 x float]* %output_r, float* %f5_local_channel) nounwind" [topp.c:492]   --->   Operation 38 'call' <Predicate = true> <Delay = 0.00> <CoreType = "Generic">   --->   Core 0 '' <Latency = 0> <II = 1> <Delay = 1.00> <Generic> <Opcode : >

State 16 <SV = 15> <Delay = 0.00>
ST_16 : Operation 39 [1/1] (0.00ns)   --->   "%empty = call i32 (...)* @_ssdm_op_SpecChannel([17 x i8]* @f5_OC_local_OC_chann, i32 1, [1 x i8]* @p_str, [1 x i8]* @p_str, i32 16, i32 2048, float* %f5_local_channel, float* %f5_local_channel) nounwind"   --->   Operation 39 'specchannel' 'empty' <Predicate = true> <Delay = 0.00>
ST_16 : Operation 40 [1/1] (0.00ns)   --->   "%empty_12 = call i32 (...)* @_ssdm_op_SpecInterface(float* %f5_local_channel, [8 x i8]* @ap_fifo_str, i32 0, i32 0, [1 x i8]* @p_str, i32 0, i32 0, [1 x i8]* @p_str, [1 x i8]* @p_str, [1 x i8]* @p_str, i32 2, i32 2, i32 16, i32 16, [1 x i8]* @p_str, [1 x i8]* @p_str) nounwind"   --->   Operation 40 'specinterface' 'empty_12' <Predicate = true> <Delay = 0.00>
ST_16 : Operation 41 [1/1] (0.00ns)   --->   "%empty_13 = call i32 (...)* @_ssdm_op_SpecChannel([17 x i8]* @f4_OC_local_OC_chann, i32 1, [1 x i8]* @p_str, [1 x i8]* @p_str, i32 16, i32 3200, float* %f4_local_channel, float* %f4_local_channel) nounwind"   --->   Operation 41 'specchannel' 'empty_13' <Predicate = true> <Delay = 0.00>
ST_16 : Operation 42 [1/1] (0.00ns)   --->   "%empty_14 = call i32 (...)* @_ssdm_op_SpecInterface(float* %f4_local_channel, [8 x i8]* @ap_fifo_str, i32 0, i32 0, [1 x i8]* @p_str, i32 0, i32 0, [1 x i8]* @p_str, [1 x i8]* @p_str, [1 x i8]* @p_str, i32 2, i32 2, i32 16, i32 16, [1 x i8]* @p_str, [1 x i8]* @p_str) nounwind"   --->   Operation 42 'specinterface' 'empty_14' <Predicate = true> <Delay = 0.00>
ST_16 : Operation 43 [1/1] (0.00ns)   --->   "%empty_15 = call i32 (...)* @_ssdm_op_SpecChannel([17 x i8]* @f3_OC_local_OC_chann, i32 1, [1 x i8]* @p_str, [1 x i8]* @p_str, i32 16, i32 4608, float* %f3_local_channel, float* %f3_local_channel) nounwind"   --->   Operation 43 'specchannel' 'empty_15' <Predicate = true> <Delay = 0.00>
ST_16 : Operation 44 [1/1] (0.00ns)   --->   "%empty_16 = call i32 (...)* @_ssdm_op_SpecInterface(float* %f3_local_channel, [8 x i8]* @ap_fifo_str, i32 0, i32 0, [1 x i8]* @p_str, i32 0, i32 0, [1 x i8]* @p_str, [1 x i8]* @p_str, [1 x i8]* @p_str, i32 2, i32 2, i32 16, i32 16, [1 x i8]* @p_str, [1 x i8]* @p_str) nounwind"   --->   Operation 44 'specinterface' 'empty_16' <Predicate = true> <Delay = 0.00>
ST_16 : Operation 45 [1/1] (0.00ns)   --->   "%empty_17 = call i32 (...)* @_ssdm_op_SpecChannel([17 x i8]* @p2_OC_local_OC_chann, i32 1, [1 x i8]* @p_str, [1 x i8]* @p_str, i32 16, i32 3136, float* %p2_local_channel, float* %p2_local_channel) nounwind"   --->   Operation 45 'specchannel' 'empty_17' <Predicate = true> <Delay = 0.00>
ST_16 : Operation 46 [1/1] (0.00ns)   --->   "%empty_18 = call i32 (...)* @_ssdm_op_SpecInterface(float* %p2_local_channel, [8 x i8]* @ap_fifo_str, i32 0, i32 0, [1 x i8]* @p_str, i32 0, i32 0, [1 x i8]* @p_str, [1 x i8]* @p_str, [1 x i8]* @p_str, i32 2, i32 2, i32 16, i32 16, [1 x i8]* @p_str, [1 x i8]* @p_str) nounwind"   --->   Operation 46 'specinterface' 'empty_18' <Predicate = true> <Delay = 0.00>
ST_16 : Operation 47 [1/1] (0.00ns)   --->   "%empty_19 = call i32 (...)* @_ssdm_op_SpecChannel([17 x i8]* @f2_OC_local_OC_chann, i32 1, [1 x i8]* @p_str, [1 x i8]* @p_str, i32 16, i32 13456, float* %f2_local_channel, float* %f2_local_channel) nounwind"   --->   Operation 47 'specchannel' 'empty_19' <Predicate = true> <Delay = 0.00>
ST_16 : Operation 48 [1/1] (0.00ns)   --->   "%empty_20 = call i32 (...)* @_ssdm_op_SpecInterface(float* %f2_local_channel, [8 x i8]* @ap_fifo_str, i32 0, i32 0, [1 x i8]* @p_str, i32 0, i32 0, [1 x i8]* @p_str, [1 x i8]* @p_str, [1 x i8]* @p_str, i32 2, i32 2, i32 16, i32 16, [1 x i8]* @p_str, [1 x i8]* @p_str) nounwind"   --->   Operation 48 'specinterface' 'empty_20' <Predicate = true> <Delay = 0.00>
ST_16 : Operation 49 [1/1] (0.00ns)   --->   "%empty_21 = call i32 (...)* @_ssdm_op_SpecChannel([17 x i8]* @p1_OC_local_OC_chann, i32 1, [1 x i8]* @p_str, [1 x i8]* @p_str, i32 16, i32 7688, float* %p1_local_channel, float* %p1_local_channel) nounwind"   --->   Operation 49 'specchannel' 'empty_21' <Predicate = true> <Delay = 0.00>
ST_16 : Operation 50 [1/1] (0.00ns)   --->   "%empty_22 = call i32 (...)* @_ssdm_op_SpecInterface(float* %p1_local_channel, [8 x i8]* @ap_fifo_str, i32 0, i32 0, [1 x i8]* @p_str, i32 0, i32 0, [1 x i8]* @p_str, [1 x i8]* @p_str, [1 x i8]* @p_str, i32 2, i32 2, i32 16, i32 16, [1 x i8]* @p_str, [1 x i8]* @p_str) nounwind"   --->   Operation 50 'specinterface' 'empty_22' <Predicate = true> <Delay = 0.00>
ST_16 : Operation 51 [1/1] (0.00ns)   --->   "%empty_23 = call i32 (...)* @_ssdm_op_SpecChannel([17 x i8]* @f1_OC_local_OC_chann, i32 1, [1 x i8]* @p_str, [1 x i8]* @p_str, i32 16, i32 30752, float* %f1_local_channel, float* %f1_local_channel) nounwind"   --->   Operation 51 'specchannel' 'empty_23' <Predicate = true> <Delay = 0.00>
ST_16 : Operation 52 [1/1] (0.00ns)   --->   "%empty_24 = call i32 (...)* @_ssdm_op_SpecInterface(float* %f1_local_channel, [8 x i8]* @ap_fifo_str, i32 0, i32 0, [1 x i8]* @p_str, i32 0, i32 0, [1 x i8]* @p_str, [1 x i8]* @p_str, [1 x i8]* @p_str, i32 2, i32 2, i32 16, i32 16, [1 x i8]* @p_str, [1 x i8]* @p_str) nounwind"   --->   Operation 52 'specinterface' 'empty_24' <Predicate = true> <Delay = 0.00>
ST_16 : Operation 53 [1/1] (0.00ns)   --->   "call void (...)* @_ssdm_op_SpecDataflowPipeline(i32 -1, i32 0, [1 x i8]* @p_str) nounwind" [topp.c:468]   --->   Operation 53 'specdataflowpipeline' <Predicate = true> <Delay = 0.00>
ST_16 : Operation 54 [1/1] (0.00ns)   --->   "call void (...)* @_ssdm_op_SpecBitsMap([12288 x float]* %image_r) nounwind, !map !107"   --->   Operation 54 'specbitsmap' <Predicate = true> <Delay = 0.00>
ST_16 : Operation 55 [1/1] (0.00ns)   --->   "call void (...)* @_ssdm_op_SpecBitsMap([1024 x float]* %output_r) nounwind, !map !113"   --->   Operation 55 'specbitsmap' <Predicate = true> <Delay = 0.00>
ST_16 : Operation 56 [1/1] (0.00ns)   --->   "call void (...)* @_ssdm_op_SpecTopModule([5 x i8]* @topp_str) nounwind"   --->   Operation 56 'spectopmodule' <Predicate = true> <Delay = 0.00>
ST_16 : Operation 57 [1/1] (0.00ns)   --->   "%empty_25 = call i32 (...)* @_ssdm_op_SpecChannel([9 x i8]* @f1_OC_local_str, i32 1, [1 x i8]* @p_str, [1 x i8]* @p_str, i32 16, i32 30752, float* %f1_local_channel, float* %f1_local_channel) nounwind"   --->   Operation 57 'specchannel' 'empty_25' <Predicate = true> <Delay = 0.00>
ST_16 : Operation 58 [1/1] (0.00ns)   --->   "%empty_26 = call i32 (...)* @_ssdm_op_SpecInterface(float* %f1_local_channel, [8 x i8]* @ap_fifo_str, i32 0, i32 0, [1 x i8]* @p_str, i32 0, i32 0, [1 x i8]* @p_str, [1 x i8]* @p_str, [1 x i8]* @p_str, i32 2, i32 2, i32 16, i32 16, [1 x i8]* @p_str, [1 x i8]* @p_str) nounwind"   --->   Operation 58 'specinterface' 'empty_26' <Predicate = true> <Delay = 0.00>
ST_16 : Operation 59 [1/1] (0.00ns)   --->   "%empty_27 = call i32 (...)* @_ssdm_op_SpecChannel([9 x i8]* @p1_OC_local_str, i32 1, [1 x i8]* @p_str, [1 x i8]* @p_str, i32 16, i32 7688, float* %p1_local_channel, float* %p1_local_channel) nounwind"   --->   Operation 59 'specchannel' 'empty_27' <Predicate = true> <Delay = 0.00>
ST_16 : Operation 60 [1/1] (0.00ns)   --->   "%empty_28 = call i32 (...)* @_ssdm_op_SpecInterface(float* %p1_local_channel, [8 x i8]* @ap_fifo_str, i32 0, i32 0, [1 x i8]* @p_str, i32 0, i32 0, [1 x i8]* @p_str, [1 x i8]* @p_str, [1 x i8]* @p_str, i32 2, i32 2, i32 16, i32 16, [1 x i8]* @p_str, [1 x i8]* @p_str) nounwind"   --->   Operation 60 'specinterface' 'empty_28' <Predicate = true> <Delay = 0.00>
ST_16 : Operation 61 [1/1] (0.00ns)   --->   "%empty_29 = call i32 (...)* @_ssdm_op_SpecChannel([9 x i8]* @f2_OC_local_str, i32 1, [1 x i8]* @p_str, [1 x i8]* @p_str, i32 16, i32 13456, float* %f2_local_channel, float* %f2_local_channel) nounwind"   --->   Operation 61 'specchannel' 'empty_29' <Predicate = true> <Delay = 0.00>
ST_16 : Operation 62 [1/1] (0.00ns)   --->   "%empty_30 = call i32 (...)* @_ssdm_op_SpecInterface(float* %f2_local_channel, [8 x i8]* @ap_fifo_str, i32 0, i32 0, [1 x i8]* @p_str, i32 0, i32 0, [1 x i8]* @p_str, [1 x i8]* @p_str, [1 x i8]* @p_str, i32 2, i32 2, i32 16, i32 16, [1 x i8]* @p_str, [1 x i8]* @p_str) nounwind"   --->   Operation 62 'specinterface' 'empty_30' <Predicate = true> <Delay = 0.00>
ST_16 : Operation 63 [1/1] (0.00ns)   --->   "%empty_31 = call i32 (...)* @_ssdm_op_SpecChannel([9 x i8]* @p2_OC_local_str, i32 1, [1 x i8]* @p_str, [1 x i8]* @p_str, i32 16, i32 3136, float* %p2_local_channel, float* %p2_local_channel) nounwind"   --->   Operation 63 'specchannel' 'empty_31' <Predicate = true> <Delay = 0.00>
ST_16 : Operation 64 [1/1] (0.00ns)   --->   "%empty_32 = call i32 (...)* @_ssdm_op_SpecInterface(float* %p2_local_channel, [8 x i8]* @ap_fifo_str, i32 0, i32 0, [1 x i8]* @p_str, i32 0, i32 0, [1 x i8]* @p_str, [1 x i8]* @p_str, [1 x i8]* @p_str, i32 2, i32 2, i32 16, i32 16, [1 x i8]* @p_str, [1 x i8]* @p_str) nounwind"   --->   Operation 64 'specinterface' 'empty_32' <Predicate = true> <Delay = 0.00>
ST_16 : Operation 65 [1/1] (0.00ns)   --->   "%empty_33 = call i32 (...)* @_ssdm_op_SpecChannel([9 x i8]* @f3_OC_local_str, i32 1, [1 x i8]* @p_str, [1 x i8]* @p_str, i32 16, i32 4608, float* %f3_local_channel, float* %f3_local_channel) nounwind"   --->   Operation 65 'specchannel' 'empty_33' <Predicate = true> <Delay = 0.00>
ST_16 : Operation 66 [1/1] (0.00ns)   --->   "%empty_34 = call i32 (...)* @_ssdm_op_SpecInterface(float* %f3_local_channel, [8 x i8]* @ap_fifo_str, i32 0, i32 0, [1 x i8]* @p_str, i32 0, i32 0, [1 x i8]* @p_str, [1 x i8]* @p_str, [1 x i8]* @p_str, i32 2, i32 2, i32 16, i32 16, [1 x i8]* @p_str, [1 x i8]* @p_str) nounwind"   --->   Operation 66 'specinterface' 'empty_34' <Predicate = true> <Delay = 0.00>
ST_16 : Operation 67 [1/1] (0.00ns)   --->   "%empty_35 = call i32 (...)* @_ssdm_op_SpecChannel([9 x i8]* @f4_OC_local_str, i32 1, [1 x i8]* @p_str, [1 x i8]* @p_str, i32 16, i32 3200, float* %f4_local_channel, float* %f4_local_channel) nounwind"   --->   Operation 67 'specchannel' 'empty_35' <Predicate = true> <Delay = 0.00>
ST_16 : Operation 68 [1/1] (0.00ns)   --->   "%empty_36 = call i32 (...)* @_ssdm_op_SpecInterface(float* %f4_local_channel, [8 x i8]* @ap_fifo_str, i32 0, i32 0, [1 x i8]* @p_str, i32 0, i32 0, [1 x i8]* @p_str, [1 x i8]* @p_str, [1 x i8]* @p_str, i32 2, i32 2, i32 16, i32 16, [1 x i8]* @p_str, [1 x i8]* @p_str) nounwind"   --->   Operation 68 'specinterface' 'empty_36' <Predicate = true> <Delay = 0.00>
ST_16 : Operation 69 [1/1] (0.00ns)   --->   "%empty_37 = call i32 (...)* @_ssdm_op_SpecChannel([9 x i8]* @f5_OC_local_str, i32 1, [1 x i8]* @p_str, [1 x i8]* @p_str, i32 16, i32 2048, float* %f5_local_channel, float* %f5_local_channel) nounwind"   --->   Operation 69 'specchannel' 'empty_37' <Predicate = true> <Delay = 0.00>
ST_16 : Operation 70 [1/1] (0.00ns)   --->   "%empty_38 = call i32 (...)* @_ssdm_op_SpecInterface(float* %f5_local_channel, [8 x i8]* @ap_fifo_str, i32 0, i32 0, [1 x i8]* @p_str, i32 0, i32 0, [1 x i8]* @p_str, [1 x i8]* @p_str, [1 x i8]* @p_str, i32 2, i32 2, i32 16, i32 16, [1 x i8]* @p_str, [1 x i8]* @p_str) nounwind"   --->   Operation 70 'specinterface' 'empty_38' <Predicate = true> <Delay = 0.00>
ST_16 : Operation 71 [1/2] (0.00ns)   --->   "call fastcc void @detection_head([1024 x float]* %output_r, float* %f5_local_channel) nounwind" [topp.c:492]   --->   Operation 71 'call' <Predicate = true> <Delay = 0.00> <CoreType = "Generic">   --->   Core 0 '' <Latency = 0> <II = 1> <Delay = 1.00> <Generic> <Opcode : >
ST_16 : Operation 72 [1/1] (0.00ns)   --->   "ret void" [topp.c:493]   --->   Operation 72 'ret' <Predicate = true> <Delay = 0.00>


============================================================
+ Verbose Summary: Binding
============================================================
STG Binding: 
---------------- STG Properties BEGIN ----------------
- Is combinational: 0
- Is one-state seq: 0
- Is datapath-only: 0
- Is pipelined: 0
- Is top level: 1
Port [ Return ] is wired: 1; IO mode=ap_ctrl_hs:ce=0
Port [ image_r]:  wired=1; compound=1; hidden=0; nouse=0; global=0; static=0; extern=0; dir=0; type=1; pingpong=0; private_global=0; MemPort=[13]; IO mode=ap_memory:ce=0
Port [ output_r]:  wired=1; compound=1; hidden=0; nouse=0; global=0; static=0; extern=0; dir=1; type=1; pingpong=0; private_global=0; MemPort=[03]; IO mode=ap_memory:ce=0
Port [ linbu_4_0]:  wired=0; compound=1; hidden=1; nouse=1; global=1; static=1; extern=0; dir=2; type=1; pingpong=0; private_global=0; linkage=7; visibility=0; MemPort=[23]; IO mode=ap_memory:ce=0
Port [ linbu_4_1]:  wired=0; compound=1; hidden=1; nouse=1; global=1; static=1; extern=0; dir=2; type=1; pingpong=0; private_global=0; linkage=7; visibility=0; MemPort=[23]; IO mode=ap_memory:ce=0
Port [ linbu_5_0]:  wired=0; compound=1; hidden=1; nouse=1; global=1; static=1; extern=0; dir=2; type=1; pingpong=0; private_global=0; linkage=7; visibility=0; MemPort=[23]; IO mode=ap_memory:ce=0
Port [ linbu_5_1]:  wired=0; compound=1; hidden=1; nouse=1; global=1; static=1; extern=0; dir=2; type=1; pingpong=0; private_global=0; linkage=7; visibility=0; MemPort=[23]; IO mode=ap_memory:ce=0
Port [ linbu_6_0]:  wired=0; compound=1; hidden=1; nouse=1; global=1; static=1; extern=0; dir=2; type=1; pingpong=0; private_global=0; linkage=7; visibility=0; MemPort=[23]; IO mode=ap_memory:ce=0
Port [ linbu_6_1]:  wired=0; compound=1; hidden=1; nouse=1; global=1; static=1; extern=0; dir=2; type=1; pingpong=0; private_global=0; linkage=7; visibility=0; MemPort=[23]; IO mode=ap_memory:ce=0
Port [ linbu_7_0]:  wired=0; compound=1; hidden=1; nouse=1; global=1; static=1; extern=0; dir=2; type=1; pingpong=0; private_global=0; linkage=7; visibility=0; MemPort=[23]; IO mode=ap_memory:ce=0
Port [ linbu_7_1]:  wired=0; compound=1; hidden=1; nouse=1; global=1; static=1; extern=0; dir=2; type=1; pingpong=0; private_global=0; linkage=7; visibility=0; MemPort=[23]; IO mode=ap_memory:ce=0
Port [ linbu_0]:  wired=0; compound=1; hidden=1; nouse=1; global=1; static=1; extern=0; dir=2; type=1; pingpong=0; private_global=0; linkage=7; visibility=0; MemPort=[23]; IO mode=ap_memory:ce=0
Port [ linbu_1]:  wired=0; compound=1; hidden=1; nouse=1; global=1; static=1; extern=0; dir=2; type=1; pingpong=0; private_global=0; linkage=7; visibility=0; MemPort=[23]; IO mode=ap_memory:ce=0
---------------- STG Properties END ------------------

---------------- Datapath Model BEGIN ----------------

<LifeTime>
<method=bitvector/>
f5_local_channel (alloca              ) [ 00111111111111111]
f4_local_channel (alloca              ) [ 00111111111111111]
f3_local_channel (alloca              ) [ 00111111111111111]
p2_local_channel (alloca              ) [ 00111111111111111]
f2_local_channel (alloca              ) [ 00111111111111111]
p1_local_channel (alloca              ) [ 00111111111111111]
f1_local_channel (alloca              ) [ 01111111111111111]
StgValue_25      (call                ) [ 00000000000000000]
StgValue_27      (call                ) [ 00000000000000000]
StgValue_29      (call                ) [ 00000000000000000]
StgValue_31      (call                ) [ 00000000000000000]
StgValue_33      (call                ) [ 00000000000000000]
StgValue_35      (call                ) [ 00000000000000000]
StgValue_37      (call                ) [ 00000000000000000]
empty            (specchannel         ) [ 00000000000000000]
empty_12         (specinterface       ) [ 00000000000000000]
empty_13         (specchannel         ) [ 00000000000000000]
empty_14         (specinterface       ) [ 00000000000000000]
empty_15         (specchannel         ) [ 00000000000000000]
empty_16         (specinterface       ) [ 00000000000000000]
empty_17         (specchannel         ) [ 00000000000000000]
empty_18         (specinterface       ) [ 00000000000000000]
empty_19         (specchannel         ) [ 00000000000000000]
empty_20         (specinterface       ) [ 00000000000000000]
empty_21         (specchannel         ) [ 00000000000000000]
empty_22         (specinterface       ) [ 00000000000000000]
empty_23         (specchannel         ) [ 00000000000000000]
empty_24         (specinterface       ) [ 00000000000000000]
StgValue_53      (specdataflowpipeline) [ 00000000000000000]
StgValue_54      (specbitsmap         ) [ 00000000000000000]
StgValue_55      (specbitsmap         ) [ 00000000000000000]
StgValue_56      (spectopmodule       ) [ 00000000000000000]
empty_25         (specchannel         ) [ 00000000000000000]
empty_26         (specinterface       ) [ 00000000000000000]
empty_27         (specchannel         ) [ 00000000000000000]
empty_28         (specinterface       ) [ 00000000000000000]
empty_29         (specchannel         ) [ 00000000000000000]
empty_30         (specinterface       ) [ 00000000000000000]
empty_31         (specchannel         ) [ 00000000000000000]
empty_32         (specinterface       ) [ 00000000000000000]
empty_33         (specchannel         ) [ 00000000000000000]
empty_34         (specinterface       ) [ 00000000000000000]
empty_35         (specchannel         ) [ 00000000000000000]
empty_36         (specinterface       ) [ 00000000000000000]
empty_37         (specchannel         ) [ 00000000000000000]
empty_38         (specinterface       ) [ 00000000000000000]
StgValue_71      (call                ) [ 00000000000000000]
StgValue_72      (ret                 ) [ 00000000000000000]
</LifeTime>

<model>

<comp_list>
<comp id="0" class="1000" name="image_r">
<pin_list>
<pin id="1" dir="1" index="0" bw="1" slack="0"/>
</pin_list>
<bind>
<StgValue><ssdm name="image_r"/><MemPortTyVec>1 3 </MemPortTyVec>
</StgValue>
</bind>
</comp>

<comp id="2" class="1000" name="output_r">
<pin_list>
<pin id="3" dir="1" index="0" bw="1" slack="0"/>
</pin_list>
<bind>
<StgValue><ssdm name="output_r"/><MemPortTyVec>0 3 </MemPortTyVec>
</StgValue>
</bind>
</comp>

<comp id="4" class="1000" name="linbu_4_0">
<pin_list>
<pin id="5" dir="1" index="0" bw="1" slack="0"/>
</pin_list>
<bind>
<StgValue><ssdm name="linbu_4_0"/><MemPortTyVec>2 3 </MemPortTyVec>
</StgValue>
</bind>
</comp>

<comp id="6" class="1000" name="linbu_4_1">
<pin_list>
<pin id="7" dir="1" index="0" bw="1" slack="0"/>
</pin_list>
<bind>
<StgValue><ssdm name="linbu_4_1"/><MemPortTyVec>2 3 </MemPortTyVec>
</StgValue>
</bind>
</comp>

<comp id="8" class="1000" name="linbu_5_0">
<pin_list>
<pin id="9" dir="1" index="0" bw="1" slack="0"/>
</pin_list>
<bind>
<StgValue><ssdm name="linbu_5_0"/><MemPortTyVec>2 3 </MemPortTyVec>
</StgValue>
</bind>
</comp>

<comp id="10" class="1000" name="linbu_5_1">
<pin_list>
<pin id="11" dir="1" index="0" bw="1" slack="0"/>
</pin_list>
<bind>
<StgValue><ssdm name="linbu_5_1"/><MemPortTyVec>2 3 </MemPortTyVec>
</StgValue>
</bind>
</comp>

<comp id="12" class="1000" name="linbu_6_0">
<pin_list>
<pin id="13" dir="1" index="0" bw="1" slack="0"/>
</pin_list>
<bind>
<StgValue><ssdm name="linbu_6_0"/><MemPortTyVec>2 3 </MemPortTyVec>
</StgValue>
</bind>
</comp>

<comp id="14" class="1000" name="linbu_6_1">
<pin_list>
<pin id="15" dir="1" index="0" bw="1" slack="0"/>
</pin_list>
<bind>
<StgValue><ssdm name="linbu_6_1"/><MemPortTyVec>2 3 </MemPortTyVec>
</StgValue>
</bind>
</comp>

<comp id="16" class="1000" name="linbu_7_0">
<pin_list>
<pin id="17" dir="1" index="0" bw="1" slack="0"/>
</pin_list>
<bind>
<StgValue><ssdm name="linbu_7_0"/><MemPortTyVec>2 3 </MemPortTyVec>
</StgValue>
</bind>
</comp>

<comp id="18" class="1000" name="linbu_7_1">
<pin_list>
<pin id="19" dir="1" index="0" bw="1" slack="0"/>
</pin_list>
<bind>
<StgValue><ssdm name="linbu_7_1"/><MemPortTyVec>2 3 </MemPortTyVec>
</StgValue>
</bind>
</comp>

<comp id="20" class="1000" name="linbu_0">
<pin_list>
<pin id="21" dir="1" index="0" bw="1" slack="0"/>
</pin_list>
<bind>
<StgValue><ssdm name="linbu_0"/><MemPortTyVec>2 3 </MemPortTyVec>
</StgValue>
</bind>
</comp>

<comp id="22" class="1000" name="linbu_1">
<pin_list>
<pin id="23" dir="1" index="0" bw="1" slack="0"/>
</pin_list>
<bind>
<StgValue><ssdm name="linbu_1"/><MemPortTyVec>2 3 </MemPortTyVec>
</StgValue>
</bind>
</comp>

<comp id="24" class="1001" name="const_24">
<pin_list>
<pin id="25" dir="1" index="0" bw="1" slack="0"/>
</pin_list>
<bind>
<StgValue><ssdm name=""/></StgValue>
</bind>
</comp>

<comp id="26" class="1001" name="const_26">
<pin_list>
<pin id="27" dir="1" index="0" bw="1" slack="0"/>
</pin_list>
<bind>
<StgValue><ssdm name="conv1"/></StgValue>
</bind>
</comp>

<comp id="28" class="1001" name="const_28">
<pin_list>
<pin id="29" dir="1" index="0" bw="1" slack="0"/>
</pin_list>
<bind>
<StgValue><ssdm name="maxpool1"/></StgValue>
</bind>
</comp>

<comp id="30" class="1001" name="const_30">
<pin_list>
<pin id="31" dir="1" index="0" bw="1" slack="0"/>
</pin_list>
<bind>
<StgValue><ssdm name="conv2"/></StgValue>
</bind>
</comp>

<comp id="32" class="1001" name="const_32">
<pin_list>
<pin id="33" dir="1" index="0" bw="1" slack="0"/>
</pin_list>
<bind>
<StgValue><ssdm name="maxpool2"/></StgValue>
</bind>
</comp>

<comp id="34" class="1001" name="const_34">
<pin_list>
<pin id="35" dir="1" index="0" bw="1" slack="0"/>
</pin_list>
<bind>
<StgValue><ssdm name="conv3"/></StgValue>
</bind>
</comp>

<comp id="36" class="1001" name="const_36">
<pin_list>
<pin id="37" dir="1" index="0" bw="1" slack="0"/>
</pin_list>
<bind>
<StgValue><ssdm name="conv4"/></StgValue>
</bind>
</comp>

<comp id="38" class="1001" name="const_38">
<pin_list>
<pin id="39" dir="1" index="0" bw="1" slack="0"/>
</pin_list>
<bind>
<StgValue><ssdm name="conv5"/></StgValue>
</bind>
</comp>

<comp id="40" class="1001" name="const_40">
<pin_list>
<pin id="41" dir="1" index="0" bw="1" slack="0"/>
</pin_list>
<bind>
<StgValue><ssdm name="detection_head"/></StgValue>
</bind>
</comp>

<comp id="42" class="1001" name="const_42">
<pin_list>
<pin id="43" dir="1" index="0" bw="1" slack="2147483647"/>
</pin_list>
<bind>
<StgValue><ssdm name="_ssdm_op_SpecChannel"/></StgValue>
</bind>
</comp>

<comp id="44" class="1001" name="const_44">
<pin_list>
<pin id="45" dir="1" index="0" bw="1" slack="2147483647"/>
</pin_list>
<bind>
<StgValue><ssdm name="f5_OC_local_OC_chann"/></StgValue>
</bind>
</comp>

<comp id="46" class="1001" name="const_46">
<pin_list>
<pin id="47" dir="1" index="0" bw="1" slack="2147483647"/>
</pin_list>
<bind>
<StgValue><ssdm name=""/></StgValue>
</bind>
</comp>

<comp id="48" class="1001" name="const_48">
<pin_list>
<pin id="49" dir="1" index="0" bw="1" slack="2147483647"/>
</pin_list>
<bind>
<StgValue><ssdm name="p_str"/></StgValue>
</bind>
</comp>

<comp id="50" class="1001" name="const_50">
<pin_list>
<pin id="51" dir="1" index="0" bw="1" slack="2147483647"/>
</pin_list>
<bind>
<StgValue><ssdm name=""/></StgValue>
</bind>
</comp>

<comp id="52" class="1001" name="const_52">
<pin_list>
<pin id="53" dir="1" index="0" bw="1" slack="2147483647"/>
</pin_list>
<bind>
<StgValue><ssdm name=""/></StgValue>
</bind>
</comp>

<comp id="54" class="1001" name="const_54">
<pin_list>
<pin id="55" dir="1" index="0" bw="1" slack="2147483647"/>
</pin_list>
<bind>
<StgValue><ssdm name="_ssdm_op_SpecInterface"/></StgValue>
</bind>
</comp>

<comp id="56" class="1001" name="const_56">
<pin_list>
<pin id="57" dir="1" index="0" bw="1" slack="2147483647"/>
</pin_list>
<bind>
<StgValue><ssdm name="ap_fifo_str"/></StgValue>
</bind>
</comp>

<comp id="58" class="1001" name="const_58">
<pin_list>
<pin id="59" dir="1" index="0" bw="1" slack="2147483647"/>
</pin_list>
<bind>
<StgValue><ssdm name=""/></StgValue>
</bind>
</comp>

<comp id="60" class="1001" name="const_60">
<pin_list>
<pin id="61" dir="1" index="0" bw="1" slack="2147483647"/>
</pin_list>
<bind>
<StgValue><ssdm name=""/></StgValue>
</bind>
</comp>

<comp id="62" class="1001" name="const_62">
<pin_list>
<pin id="63" dir="1" index="0" bw="1" slack="2147483647"/>
</pin_list>
<bind>
<StgValue><ssdm name="f4_OC_local_OC_chann"/></StgValue>
</bind>
</comp>

<comp id="64" class="1001" name="const_64">
<pin_list>
<pin id="65" dir="1" index="0" bw="1" slack="2147483647"/>
</pin_list>
<bind>
<StgValue><ssdm name=""/></StgValue>
</bind>
</comp>

<comp id="66" class="1001" name="const_66">
<pin_list>
<pin id="67" dir="1" index="0" bw="1" slack="2147483647"/>
</pin_list>
<bind>
<StgValue><ssdm name="f3_OC_local_OC_chann"/></StgValue>
</bind>
</comp>

<comp id="68" class="1001" name="const_68">
<pin_list>
<pin id="69" dir="1" index="0" bw="1" slack="2147483647"/>
</pin_list>
<bind>
<StgValue><ssdm name=""/></StgValue>
</bind>
</comp>

<comp id="70" class="1001" name="const_70">
<pin_list>
<pin id="71" dir="1" index="0" bw="1" slack="2147483647"/>
</pin_list>
<bind>
<StgValue><ssdm name="p2_OC_local_OC_chann"/></StgValue>
</bind>
</comp>

<comp id="72" class="1001" name="const_72">
<pin_list>
<pin id="73" dir="1" index="0" bw="1" slack="2147483647"/>
</pin_list>
<bind>
<StgValue><ssdm name=""/></StgValue>
</bind>
</comp>

<comp id="74" class="1001" name="const_74">
<pin_list>
<pin id="75" dir="1" index="0" bw="1" slack="2147483647"/>
</pin_list>
<bind>
<StgValue><ssdm name="f2_OC_local_OC_chann"/></StgValue>
</bind>
</comp>

<comp id="76" class="1001" name="const_76">
<pin_list>
<pin id="77" dir="1" index="0" bw="1" slack="2147483647"/>
</pin_list>
<bind>
<StgValue><ssdm name=""/></StgValue>
</bind>
</comp>

<comp id="78" class="1001" name="const_78">
<pin_list>
<pin id="79" dir="1" index="0" bw="1" slack="2147483647"/>
</pin_list>
<bind>
<StgValue><ssdm name="p1_OC_local_OC_chann"/></StgValue>
</bind>
</comp>

<comp id="80" class="1001" name="const_80">
<pin_list>
<pin id="81" dir="1" index="0" bw="1" slack="2147483647"/>
</pin_list>
<bind>
<StgValue><ssdm name=""/></StgValue>
</bind>
</comp>

<comp id="82" class="1001" name="const_82">
<pin_list>
<pin id="83" dir="1" index="0" bw="1" slack="2147483647"/>
</pin_list>
<bind>
<StgValue><ssdm name="f1_OC_local_OC_chann"/></StgValue>
</bind>
</comp>

<comp id="84" class="1001" name="const_84">
<pin_list>
<pin id="85" dir="1" index="0" bw="1" slack="2147483647"/>
</pin_list>
<bind>
<StgValue><ssdm name=""/></StgValue>
</bind>
</comp>

<comp id="86" class="1001" name="const_86">
<pin_list>
<pin id="87" dir="1" index="0" bw="1" slack="2147483647"/>
</pin_list>
<bind>
<StgValue><ssdm name="_ssdm_op_SpecDataflowPipeline"/></StgValue>
</bind>
</comp>

<comp id="88" class="1001" name="const_88">
<pin_list>
<pin id="89" dir="1" index="0" bw="1" slack="2147483647"/>
</pin_list>
<bind>
<StgValue><ssdm name=""/></StgValue>
</bind>
</comp>

<comp id="90" class="1001" name="const_90">
<pin_list>
<pin id="91" dir="1" index="0" bw="1" slack="2147483647"/>
</pin_list>
<bind>
<StgValue><ssdm name="_ssdm_op_SpecBitsMap"/></StgValue>
</bind>
</comp>

<comp id="92" class="1001" name="const_92">
<pin_list>
<pin id="93" dir="1" index="0" bw="1" slack="2147483647"/>
</pin_list>
<bind>
<StgValue><ssdm name="_ssdm_op_SpecTopModule"/></StgValue>
</bind>
</comp>

<comp id="94" class="1001" name="const_94">
<pin_list>
<pin id="95" dir="1" index="0" bw="1" slack="2147483647"/>
</pin_list>
<bind>
<StgValue><ssdm name="topp_str"/></StgValue>
</bind>
</comp>

<comp id="96" class="1001" name="const_96">
<pin_list>
<pin id="97" dir="1" index="0" bw="1" slack="2147483647"/>
</pin_list>
<bind>
<StgValue><ssdm name="f1_OC_local_str"/></StgValue>
</bind>
</comp>

<comp id="98" class="1001" name="const_98">
<pin_list>
<pin id="99" dir="1" index="0" bw="1" slack="2147483647"/>
</pin_list>
<bind>
<StgValue><ssdm name="p1_OC_local_str"/></StgValue>
</bind>
</comp>

<comp id="100" class="1001" name="const_100">
<pin_list>
<pin id="101" dir="1" index="0" bw="1" slack="2147483647"/>
</pin_list>
<bind>
<StgValue><ssdm name="f2_OC_local_str"/></StgValue>
</bind>
</comp>

<comp id="102" class="1001" name="const_102">
<pin_list>
<pin id="103" dir="1" index="0" bw="1" slack="2147483647"/>
</pin_list>
<bind>
<StgValue><ssdm name="p2_OC_local_str"/></StgValue>
</bind>
</comp>

<comp id="104" class="1001" name="const_104">
<pin_list>
<pin id="105" dir="1" index="0" bw="1" slack="2147483647"/>
</pin_list>
<bind>
<StgValue><ssdm name="f3_OC_local_str"/></StgValue>
</bind>
</comp>

<comp id="106" class="1001" name="const_106">
<pin_list>
<pin id="107" dir="1" index="0" bw="1" slack="2147483647"/>
</pin_list>
<bind>
<StgValue><ssdm name="f4_OC_local_str"/></StgValue>
</bind>
</comp>

<comp id="108" class="1001" name="const_108">
<pin_list>
<pin id="109" dir="1" index="0" bw="1" slack="2147483647"/>
</pin_list>
<bind>
<StgValue><ssdm name="f5_OC_local_str"/></StgValue>
</bind>
</comp>

<comp id="110" class="1004" name="f5_local_channel_fu_110">
<pin_list>
<pin id="111" dir="0" index="0" bw="1" slack="0"/>
<pin id="112" dir="1" index="1" bw="32" slack="12"/>
</pin_list>
<bind>
<opcode="alloca(26) " fcode="alloca"/>
<opset="f5_local_channel/1 "/>
</bind>
</comp>

<comp id="114" class="1004" name="f4_local_channel_fu_114">
<pin_list>
<pin id="115" dir="0" index="0" bw="1" slack="0"/>
<pin id="116" dir="1" index="1" bw="32" slack="10"/>
</pin_list>
<bind>
<opcode="alloca(26) " fcode="alloca"/>
<opset="f4_local_channel/1 "/>
</bind>
</comp>

<comp id="118" class="1004" name="f3_local_channel_fu_118">
<pin_list>
<pin id="119" dir="0" index="0" bw="1" slack="0"/>
<pin id="120" dir="1" index="1" bw="32" slack="8"/>
</pin_list>
<bind>
<opcode="alloca(26) " fcode="alloca"/>
<opset="f3_local_channel/1 "/>
</bind>
</comp>

<comp id="122" class="1004" name="p2_local_channel_fu_122">
<pin_list>
<pin id="123" dir="0" index="0" bw="1" slack="0"/>
<pin id="124" dir="1" index="1" bw="32" slack="6"/>
</pin_list>
<bind>
<opcode="alloca(26) " fcode="alloca"/>
<opset="p2_local_channel/1 "/>
</bind>
</comp>

<comp id="126" class="1004" name="f2_local_channel_fu_126">
<pin_list>
<pin id="127" dir="0" index="0" bw="1" slack="0"/>
<pin id="128" dir="1" index="1" bw="32" slack="4"/>
</pin_list>
<bind>
<opcode="alloca(26) " fcode="alloca"/>
<opset="f2_local_channel/1 "/>
</bind>
</comp>

<comp id="130" class="1004" name="p1_local_channel_fu_130">
<pin_list>
<pin id="131" dir="0" index="0" bw="1" slack="0"/>
<pin id="132" dir="1" index="1" bw="32" slack="2"/>
</pin_list>
<bind>
<opcode="alloca(26) " fcode="alloca"/>
<opset="p1_local_channel/1 "/>
</bind>
</comp>

<comp id="134" class="1004" name="f1_local_channel_fu_134">
<pin_list>
<pin id="135" dir="0" index="0" bw="1" slack="0"/>
<pin id="136" dir="1" index="1" bw="32" slack="0"/>
</pin_list>
<bind>
<opcode="alloca(26) " fcode="alloca"/>
<opset="f1_local_channel/1 "/>
</bind>
</comp>

<comp id="138" class="1004" name="grp_detection_head_fu_138">
<pin_list>
<pin id="139" dir="0" index="0" bw="0" slack="0"/>
<pin id="140" dir="0" index="1" bw="32" slack="0"/>
<pin id="141" dir="0" index="2" bw="32" slack="14"/>
<pin id="142" dir="1" index="3" bw="0" slack="2147483647"/>
</pin_list>
<bind>
<opcode="call(48) " fcode="call"/>
<opset="StgValue_38/15 "/>
</bind>
</comp>

<comp id="145" class="1004" name="grp_conv1_fu_145">
<pin_list>
<pin id="146" dir="0" index="0" bw="0" slack="0"/>
<pin id="147" dir="0" index="1" bw="32" slack="0"/>
<pin id="148" dir="0" index="2" bw="32" slack="0"/>
<pin id="149" dir="0" index="3" bw="32" slack="0"/>
<pin id="150" dir="0" index="4" bw="32" slack="0"/>
<pin id="151" dir="1" index="5" bw="0" slack="2147483647"/>
</pin_list>
<bind>
<opcode="call(48) " fcode="call"/>
<opset="StgValue_24/1 "/>
</bind>
</comp>

<comp id="156" class="1004" name="grp_conv4_fu_156">
<pin_list>
<pin id="157" dir="0" index="0" bw="0" slack="0"/>
<pin id="158" dir="0" index="1" bw="32" slack="10"/>
<pin id="159" dir="0" index="2" bw="32" slack="10"/>
<pin id="160" dir="0" index="3" bw="32" slack="0"/>
<pin id="161" dir="0" index="4" bw="32" slack="0"/>
<pin id="162" dir="1" index="5" bw="0" slack="2147483647"/>
</pin_list>
<bind>
<opcode="call(48) " fcode="call"/>
<opset="StgValue_34/11 "/>
</bind>
</comp>

<comp id="166" class="1004" name="grp_conv3_fu_166">
<pin_list>
<pin id="167" dir="0" index="0" bw="0" slack="0"/>
<pin id="168" dir="0" index="1" bw="32" slack="8"/>
<pin id="169" dir="0" index="2" bw="32" slack="8"/>
<pin id="170" dir="0" index="3" bw="32" slack="0"/>
<pin id="171" dir="0" index="4" bw="32" slack="0"/>
<pin id="172" dir="1" index="5" bw="0" slack="2147483647"/>
</pin_list>
<bind>
<opcode="call(48) " fcode="call"/>
<opset="StgValue_32/9 "/>
</bind>
</comp>

<comp id="176" class="1004" name="grp_conv2_fu_176">
<pin_list>
<pin id="177" dir="0" index="0" bw="0" slack="0"/>
<pin id="178" dir="0" index="1" bw="32" slack="4"/>
<pin id="179" dir="0" index="2" bw="32" slack="4"/>
<pin id="180" dir="0" index="3" bw="32" slack="0"/>
<pin id="181" dir="0" index="4" bw="32" slack="0"/>
<pin id="182" dir="1" index="5" bw="0" slack="2147483647"/>
</pin_list>
<bind>
<opcode="call(48) " fcode="call"/>
<opset="StgValue_28/5 "/>
</bind>
</comp>

<comp id="186" class="1004" name="grp_conv5_fu_186">
<pin_list>
<pin id="187" dir="0" index="0" bw="0" slack="0"/>
<pin id="188" dir="0" index="1" bw="32" slack="12"/>
<pin id="189" dir="0" index="2" bw="32" slack="12"/>
<pin id="190" dir="0" index="3" bw="32" slack="0"/>
<pin id="191" dir="0" index="4" bw="32" slack="0"/>
<pin id="192" dir="1" index="5" bw="0" slack="2147483647"/>
</pin_list>
<bind>
<opcode="call(48) " fcode="call"/>
<opset="StgValue_36/13 "/>
</bind>
</comp>

<comp id="196" class="1004" name="grp_maxpool1_fu_196">
<pin_list>
<pin id="197" dir="0" index="0" bw="0" slack="0"/>
<pin id="198" dir="0" index="1" bw="32" slack="2"/>
<pin id="199" dir="0" index="2" bw="32" slack="2"/>
<pin id="200" dir="1" index="3" bw="0" slack="2147483647"/>
</pin_list>
<bind>
<opcode="call(48) " fcode="call"/>
<opset="StgValue_26/3 "/>
</bind>
</comp>

<comp id="202" class="1004" name="grp_maxpool2_fu_202">
<pin_list>
<pin id="203" dir="0" index="0" bw="0" slack="0"/>
<pin id="204" dir="0" index="1" bw="32" slack="6"/>
<pin id="205" dir="0" index="2" bw="32" slack="6"/>
<pin id="206" dir="1" index="3" bw="0" slack="2147483647"/>
</pin_list>
<bind>
<opcode="call(48) " fcode="call"/>
<opset="StgValue_30/7 "/>
</bind>
</comp>

<comp id="208" class="1005" name="f5_local_channel_reg_208">
<pin_list>
<pin id="209" dir="0" index="0" bw="32" slack="12"/>
<pin id="210" dir="1" index="1" bw="32" slack="12"/>
</pin_list>
<bind>
<opset="f5_local_channel "/>
</bind>
</comp>

<comp id="214" class="1005" name="f4_local_channel_reg_214">
<pin_list>
<pin id="215" dir="0" index="0" bw="32" slack="10"/>
<pin id="216" dir="1" index="1" bw="32" slack="10"/>
</pin_list>
<bind>
<opset="f4_local_channel "/>
</bind>
</comp>

<comp id="220" class="1005" name="f3_local_channel_reg_220">
<pin_list>
<pin id="221" dir="0" index="0" bw="32" slack="8"/>
<pin id="222" dir="1" index="1" bw="32" slack="8"/>
</pin_list>
<bind>
<opset="f3_local_channel "/>
</bind>
</comp>

<comp id="226" class="1005" name="p2_local_channel_reg_226">
<pin_list>
<pin id="227" dir="0" index="0" bw="32" slack="6"/>
<pin id="228" dir="1" index="1" bw="32" slack="6"/>
</pin_list>
<bind>
<opset="p2_local_channel "/>
</bind>
</comp>

<comp id="232" class="1005" name="f2_local_channel_reg_232">
<pin_list>
<pin id="233" dir="0" index="0" bw="32" slack="4"/>
<pin id="234" dir="1" index="1" bw="32" slack="4"/>
</pin_list>
<bind>
<opset="f2_local_channel "/>
</bind>
</comp>

<comp id="238" class="1005" name="p1_local_channel_reg_238">
<pin_list>
<pin id="239" dir="0" index="0" bw="32" slack="2"/>
<pin id="240" dir="1" index="1" bw="32" slack="2"/>
</pin_list>
<bind>
<opset="p1_local_channel "/>
</bind>
</comp>

<comp id="244" class="1005" name="f1_local_channel_reg_244">
<pin_list>
<pin id="245" dir="0" index="0" bw="32" slack="0"/>
<pin id="246" dir="1" index="1" bw="32" slack="0"/>
</pin_list>
<bind>
<opset="f1_local_channel "/>
</bind>
</comp>

</comp_list>

<net_list>
<net id="113"><net_src comp="24" pin="0"/><net_sink comp="110" pin=0"/></net>

<net id="117"><net_src comp="24" pin="0"/><net_sink comp="114" pin=0"/></net>

<net id="121"><net_src comp="24" pin="0"/><net_sink comp="118" pin=0"/></net>

<net id="125"><net_src comp="24" pin="0"/><net_sink comp="122" pin=0"/></net>

<net id="129"><net_src comp="24" pin="0"/><net_sink comp="126" pin=0"/></net>

<net id="133"><net_src comp="24" pin="0"/><net_sink comp="130" pin=0"/></net>

<net id="137"><net_src comp="24" pin="0"/><net_sink comp="134" pin=0"/></net>

<net id="143"><net_src comp="40" pin="0"/><net_sink comp="138" pin=0"/></net>

<net id="144"><net_src comp="2" pin="0"/><net_sink comp="138" pin=1"/></net>

<net id="152"><net_src comp="26" pin="0"/><net_sink comp="145" pin=0"/></net>

<net id="153"><net_src comp="0" pin="0"/><net_sink comp="145" pin=1"/></net>

<net id="154"><net_src comp="4" pin="0"/><net_sink comp="145" pin=3"/></net>

<net id="155"><net_src comp="6" pin="0"/><net_sink comp="145" pin=4"/></net>

<net id="163"><net_src comp="36" pin="0"/><net_sink comp="156" pin=0"/></net>

<net id="164"><net_src comp="16" pin="0"/><net_sink comp="156" pin=3"/></net>

<net id="165"><net_src comp="18" pin="0"/><net_sink comp="156" pin=4"/></net>

<net id="173"><net_src comp="34" pin="0"/><net_sink comp="166" pin=0"/></net>

<net id="174"><net_src comp="12" pin="0"/><net_sink comp="166" pin=3"/></net>

<net id="175"><net_src comp="14" pin="0"/><net_sink comp="166" pin=4"/></net>

<net id="183"><net_src comp="30" pin="0"/><net_sink comp="176" pin=0"/></net>

<net id="184"><net_src comp="8" pin="0"/><net_sink comp="176" pin=3"/></net>

<net id="185"><net_src comp="10" pin="0"/><net_sink comp="176" pin=4"/></net>

<net id="193"><net_src comp="38" pin="0"/><net_sink comp="186" pin=0"/></net>

<net id="194"><net_src comp="20" pin="0"/><net_sink comp="186" pin=3"/></net>

<net id="195"><net_src comp="22" pin="0"/><net_sink comp="186" pin=4"/></net>

<net id="201"><net_src comp="28" pin="0"/><net_sink comp="196" pin=0"/></net>

<net id="207"><net_src comp="32" pin="0"/><net_sink comp="202" pin=0"/></net>

<net id="211"><net_src comp="110" pin="1"/><net_sink comp="208" pin=0"/></net>

<net id="212"><net_src comp="208" pin="1"/><net_sink comp="186" pin=1"/></net>

<net id="213"><net_src comp="208" pin="1"/><net_sink comp="138" pin=2"/></net>

<net id="217"><net_src comp="114" pin="1"/><net_sink comp="214" pin=0"/></net>

<net id="218"><net_src comp="214" pin="1"/><net_sink comp="156" pin=1"/></net>

<net id="219"><net_src comp="214" pin="1"/><net_sink comp="186" pin=2"/></net>

<net id="223"><net_src comp="118" pin="1"/><net_sink comp="220" pin=0"/></net>

<net id="224"><net_src comp="220" pin="1"/><net_sink comp="166" pin=1"/></net>

<net id="225"><net_src comp="220" pin="1"/><net_sink comp="156" pin=2"/></net>

<net id="229"><net_src comp="122" pin="1"/><net_sink comp="226" pin=0"/></net>

<net id="230"><net_src comp="226" pin="1"/><net_sink comp="202" pin=1"/></net>

<net id="231"><net_src comp="226" pin="1"/><net_sink comp="166" pin=2"/></net>

<net id="235"><net_src comp="126" pin="1"/><net_sink comp="232" pin=0"/></net>

<net id="236"><net_src comp="232" pin="1"/><net_sink comp="176" pin=1"/></net>

<net id="237"><net_src comp="232" pin="1"/><net_sink comp="202" pin=2"/></net>

<net id="241"><net_src comp="130" pin="1"/><net_sink comp="238" pin=0"/></net>

<net id="242"><net_src comp="238" pin="1"/><net_sink comp="196" pin=1"/></net>

<net id="243"><net_src comp="238" pin="1"/><net_sink comp="176" pin=2"/></net>

<net id="247"><net_src comp="134" pin="1"/><net_sink comp="244" pin=0"/></net>

<net id="248"><net_src comp="244" pin="1"/><net_sink comp="145" pin=2"/></net>

<net id="249"><net_src comp="244" pin="1"/><net_sink comp="196" pin=2"/></net>

</net_list>

</model> 
---------------- Datapath Model END ------------------

* FSMD analyzer results:
  - Output states:
	Port: output_r | {15 16 }
	Port: linbu_4_0 | {1 2 }
	Port: linbu_4_1 | {1 2 }
	Port: linbu_5_0 | {5 6 }
	Port: linbu_5_1 | {5 6 }
	Port: linbu_6_0 | {9 10 }
	Port: linbu_6_1 | {9 10 }
	Port: linbu_7_0 | {11 12 }
	Port: linbu_7_1 | {11 12 }
	Port: linbu_0 | {13 14 }
	Port: linbu_1 | {13 14 }
 - Input state : 
	Port: topp : image_r | {1 2 }
	Port: topp : linbu_4_0 | {1 2 }
	Port: topp : linbu_4_1 | {1 2 }
	Port: topp : linbu_5_0 | {5 6 }
	Port: topp : linbu_5_1 | {5 6 }
	Port: topp : linbu_6_0 | {9 10 }
	Port: topp : linbu_6_1 | {9 10 }
	Port: topp : linbu_7_0 | {11 12 }
	Port: topp : linbu_7_1 | {11 12 }
	Port: topp : linbu_0 | {13 14 }
	Port: topp : linbu_1 | {13 14 }
  - Chain level:
	State 1
		StgValue_24 : 1
	State 2
	State 3
	State 4
	State 5
	State 6
	State 7
	State 8
	State 9
	State 10
	State 11
	State 12
	State 13
	State 14
	State 15
	State 16


============================================================
+ Verbose Summary: Datapath Resource usage 
============================================================

* Functional unit list:
|----------|---------------------------|---------|---------|---------|---------|---------|
| Operation|      Functional Unit      |   BRAM  |  DSP48E |  Delay  |    FF   |   LUT   |
|----------|---------------------------|---------|---------|---------|---------|---------|
|          | grp_detection_head_fu_138 |    0    |    12   | 10.7513 |   1772  |   2916  |
|          |      grp_conv1_fu_145     |    2    |    5    | 21.9782 |   905   |   1623  |
|          |      grp_conv4_fu_156     |    2    |    5    | 18.4402 |   877   |   1461  |
|   call   |      grp_conv3_fu_166     |    2    |    5    | 18.4402 |   861   |   1461  |
|          |      grp_conv2_fu_176     |    2    |    5    | 18.4402 |   850   |   1460  |
|          |      grp_conv5_fu_186     |    2    |    5    | 18.4402 |   810   |   1157  |
|          |    grp_maxpool1_fu_196    |    0    |    0    | 3.58375 |   254   |   631   |
|          |    grp_maxpool2_fu_202    |    0    |    0    | 3.58375 |   252   |   627   |
|----------|---------------------------|---------|---------|---------|---------|---------|
|   Total  |                           |    10   |    37   | 113.658 |   6581  |  11336  |
|----------|---------------------------|---------|---------|---------|---------|---------|

Memories:
+---------+--------+--------+--------+
|         |  BRAM  |   FF   |   LUT  |
+---------+--------+--------+--------+
| linbu_0 |    1   |    0   |    0   |
| linbu_1 |    1   |    0   |    0   |
|linbu_4_0|    1   |    0   |    0   |
|linbu_4_1|    1   |    0   |    0   |
|linbu_5_0|    1   |    0   |    0   |
|linbu_5_1|    1   |    0   |    0   |
|linbu_6_0|    1   |    0   |    0   |
|linbu_6_1|    1   |    0   |    0   |
|linbu_7_0|    1   |    0   |    0   |
|linbu_7_1|    1   |    0   |    0   |
+---------+--------+--------+--------+
|  Total  |   10   |    0   |    0   |
+---------+--------+--------+--------+

* Register list:
+------------------------+--------+
|                        |   FF   |
+------------------------+--------+
|f1_local_channel_reg_244|   32   |
|f2_local_channel_reg_232|   32   |
|f3_local_channel_reg_220|   32   |
|f4_local_channel_reg_214|   32   |
|f5_local_channel_reg_208|   32   |
|p1_local_channel_reg_238|   32   |
|p2_local_channel_reg_226|   32   |
+------------------------+--------+
|          Total         |   224  |
+------------------------+--------+

* Multiplexer (MUX) list: 
|--------|------|------|------|--------|
|  Comp  |  Pin | Size |  BW  | S x BW |
|--------|------|------|------|--------|
|  Total |      |      |      |    0   |
|--------|------|------|------|--------|



* Summary:
+-----------+--------+--------+--------+--------+--------+
|           |  BRAM  | DSP48E |  Delay |   FF   |   LUT  |
+-----------+--------+--------+--------+--------+--------+
|  Function |   10   |   37   |   113  |  6581  |  11336 |
|   Memory  |   10   |    -   |    -   |    0   |    0   |
|Multiplexer|    -   |    -   |    -   |    -   |    -   |
|  Register |    -   |    -   |    -   |   224  |    -   |
+-----------+--------+--------+--------+--------+--------+
|   Total   |   20   |   37   |   113  |  6805  |  11336 |
+-----------+--------+--------+--------+--------+--------+
